Warning: All of online environments libraries in D4RL have been moved ]8;;https://github.com/Farama-Foundation/Gymnasium\Gymnasium]8;;\, ]8;;https://github.com/Farama-Foundation/MiniGrid\MiniGrid]8;;\ and ]8;;https://github.com/Farama-Foundation/Gymnasium-Robotics\Gymnasium-Robotics]8;;\, and all offline datasets in D4RL have been moved to ]8;;https://github.com/Farama-Foundation/Minari\Minari]8;;\.
These new versions include large bug fixes, new versions of Python, and are where all new development will continue. Please upgrade these libraries as soon as you're able to do so.
If you'd like to read more about the story behind this switch, please check out ]8;;https://farama.org/Announcing-Minari\this blog post]8;;\.
Gym has been unmaintained since 2022 and does not support NumPy 2.0 amongst other critical functionality.
Please upgrade to Gymnasium, the maintained drop-in replacement of Gym, or contact the authors of your software and request that they upgrade.
See the migration guide at https://gymnasium.farama.org/introduction/migration_guide/ for additional information.
/opt/venv/lib/python3.10/site-packages/Cython/Distutils/old_build_ext.py:15: DeprecationWarning: dep_util is Deprecated. Use functions from setuptools instead.
  from distutils.dep_util import newer, newer_group
<frozen importlib._bootstrap>:283: DeprecationWarning: the load_module() method is deprecated and slated for removal in Python 3.12; use exec_module() instead
pybullet build time: Jan 29 2025 23:16:28
wandb: [wandb.login()] Loaded credentials for https://api.wandb.ai from /root/.netrc.
wandb: Currently logged in as: wsk208 to https://api.wandb.ai. Use `wandb login --relogin` to force relogin
/opt/venv/lib/python3.10/site-packages/wandb/analytics/sentry.py:268: DeprecationWarning: Read the `app_url` setting from the appropriate Settings object.
  app_url = wandb.util.app_url(tags["base_url"])  # type: ignore[index]
/opt/venv/lib/python3.10/site-packages/wandb/analytics/sentry.py:279: DeprecationWarning: The `Scope.user` setter is deprecated in favor of `Scope.set_user()`.
  self.scope.user = {"email": email}
wandb: setting up run vh9bmiip
/opt/venv/lib/python3.10/site-packages/wandb/analytics/sentry.py:268: DeprecationWarning: Read the `app_url` setting from the appropriate Settings object.
  app_url = wandb.util.app_url(tags["base_url"])  # type: ignore[index]
/opt/venv/lib/python3.10/site-packages/wandb/analytics/sentry.py:279: DeprecationWarning: The `Scope.user` setter is deprecated in favor of `Scope.set_user()`.
  self.scope.user = {"email": email}
wandb: Tracking run with wandb version 0.25.1
wandb: Run data is saved locally in /app/wandb/run-20260319_005922-vh9bmiip
wandb: Run `wandb offline` to turn off syncing.
wandb: Syncing run bdemodice_halfcheetah_M3_s3
wandb: ⭐️ View project at https://wandb.ai/wsk208/DemoDICE
wandb: 🚀 View run at https://wandb.ai/wsk208/DemoDICE/runs/vh9bmiip
/opt/venv/lib/python3.10/site-packages/gym/spaces/box.py:84: UserWarning: [33mWARN: Box bound precision lowered by casting to float32[0m
  logger.warn(f"Box bound precision lowered by casting to {self.dtype}")
load datafile:   0%|          | 0/21 [00:00<?, ?it/s]load datafile:   5%|▍         | 1/21 [00:00<00:03,  5.68it/s]load datafile:  14%|█▍        | 3/21 [00:00<00:03,  5.23it/s]load datafile:  19%|█▉        | 4/21 [00:00<00:04,  3.98it/s]load datafile:  81%|████████  | 17/21 [00:01<00:00, 15.22it/s]load datafile:  90%|█████████ | 19/21 [00:01<00:00, 10.49it/s]load datafile: 100%|██████████| 21/21 [00:01<00:00, 10.93it/s]
Expert  :  999000 transitions  (halfcheetah-expert-v2, 400 traj)
load datafile:   0%|          | 0/9 [00:00<?, ?it/s]load datafile:  11%|█         | 1/9 [00:00<00:01,  5.96it/s]load datafile:  33%|███▎      | 3/9 [00:00<00:01,  5.44it/s]load datafile:  44%|████▍     | 4/9 [00:00<00:01,  4.08it/s]load datafile:  56%|█████▌    | 5/9 [00:01<00:01,  3.14it/s]load datafile:  67%|██████▋   | 6/9 [00:01<00:01,  2.73it/s]load datafile: 100%|██████████| 9/9 [00:01<00:00,  4.81it/s]
Imperfect:  999000 transitions  (halfcheetah-random-v2, 1600 traj)
Union   : 1998000 transitions total
/root/.local/share/uv/python/cpython-3.10-linux-x86_64-gnu/lib/python3.10/multiprocessing/popen_fork.py:66: RuntimeWarning: os.fork() was called. os.fork() is incompatible with multithreaded code, and JAX is multithreaded, so this will likely lead to a deadlock.
  self.pid = os.fork()
/opt/venv/lib/python3.10/site-packages/tensorflow_probability/python/internal/backend/jax/ops.py:681: DeprecationWarning: jax.interpreters.xla.pytype_aval_mappings is deprecated.
  jax.interpreters.xla.pytype_aval_mappings[onp.ndarray])
/opt/venv/lib/python3.10/site-packages/gym/spaces/box.py:84: UserWarning: [33mWARN: Box bound precision lowered by casting to float32[0m
  logger.warn(f"Box bound precision lowered by casting to {self.dtype}")
Step:    10000  |  score: 2.22 ± 0.00  |  actor_loss: 2.9033  cost_loss: 0.9668  q_loss: 4.2857  reward_max: 0.9851  reward_mean: -1.8076  reward_min: -6.1663  value_loss: -7.6033
Step:    20000  |  score: 2.19 ± 0.00  |  actor_loss: 2.7944  cost_loss: 1.0085  q_loss: 3.7738  reward_max: 2.1139  reward_mean: -1.7753  reward_min: -6.3062  value_loss: 4.5911
Step:    30000  |  score: 2.07 ± 0.08  |  actor_loss: 1.0268  cost_loss: 0.9613  q_loss: 3.2576  reward_max: 1.3389  reward_mean: -2.0169  reward_min: -6.4991  value_loss: 10.6155
Step:    40000  |  score: 4.81 ± 1.02  |  actor_loss: 1.3558  cost_loss: 0.9660  q_loss: 2.1939  reward_max: 1.0621  reward_mean: -1.9734  reward_min: -6.7291  value_loss: 30.3425
Step:    50000  |  score: 4.19 ± 2.48  |  actor_loss: 1.1608  cost_loss: 0.9227  q_loss: 2.1530  reward_max: 1.4362  reward_mean: -2.1228  reward_min: -6.4784  value_loss: 46.5020
Step:    60000  |  score: 2.78 ± 1.06  |  actor_loss: 94.8095  cost_loss: 0.9601  q_loss: 15.7086  reward_max: 1.0507  reward_mean: -2.0865  reward_min: -6.5938  value_loss: 130670051328.0000
Step:    70000  |  score: 2.91 ± 0.78  |  actor_loss: 96.4592  cost_loss: 0.9580  q_loss: 17.5174  reward_max: 1.3386  reward_mean: -2.0298  reward_min: -6.6300  value_loss: 6872627352174592.0000
Step:    80000  |  score: 4.48 ± 2.13  |  actor_loss: 109.0612  cost_loss: 0.9405  q_loss: 13.3135  reward_max: 0.8651  reward_mean: -2.1017  reward_min: -6.5570  value_loss: 156625444798464.0000
Step:    90000  |  score: 3.18 ± 1.30  |  actor_loss: 97.8973  cost_loss: 0.9982  q_loss: 10.7692  reward_max: 2.1311  reward_mean: -1.8683  reward_min: -6.6375  value_loss: 557072479655297024.0000
Step:   100000  |  score: 4.36 ± 2.95  |  actor_loss: 106.4112  cost_loss: 0.9611  q_loss: 12.2352  reward_max: 0.9702  reward_mean: -1.9814  reward_min: -6.7426  value_loss: 757977036357632.0000
Step:   110000  |  score: 4.23 ± 2.00  |  actor_loss: 100.8492  cost_loss: 0.9958  q_loss: 10.0072  reward_max: 0.9246  reward_mean: -1.9116  reward_min: -6.4245  value_loss: 142177255882227712.0000
Step:   120000  |  score: 5.80 ± 1.67  |  actor_loss: 94.2055  cost_loss: 0.9628  q_loss: 11.0928  reward_max: 0.8620  reward_mean: -2.0227  reward_min: -6.6953  value_loss: 5765742876164096.0000
Step:   130000  |  score: 4.32 ± 2.16  |  actor_loss: 100.1514  cost_loss: 0.9926  q_loss: 10.4881  reward_max: 0.9203  reward_mean: -1.8963  reward_min: -6.5037  value_loss: 1160479272658272256.0000
Step:   140000  |  score: 5.13 ± 1.67  |  actor_loss: 92.5200  cost_loss: 0.9442  q_loss: 9.9402  reward_max: 0.8728  reward_mean: -2.1754  reward_min: -6.5769  value_loss: 46502592380928.0000
Step:   150000  |  score: 4.92 ± 1.78  |  actor_loss: 81.8361  cost_loss: 0.9916  q_loss: 9.7169  reward_max: 0.8947  reward_mean: -1.9209  reward_min: -6.8031  value_loss: 8572777808265216.0000
Step:   160000  |  score: 5.08 ± 1.64  |  actor_loss: 93.5322  cost_loss: 0.9608  q_loss: 9.8226  reward_max: 1.0679  reward_mean: -2.1322  reward_min: -6.6807  value_loss: 762299988049920.0000
Step:   170000  |  score: 7.46 ± 4.60  |  actor_loss: 97.2308  cost_loss: 0.9596  q_loss: 9.8240  reward_max: 0.9678  reward_mean: -2.1074  reward_min: -6.7244  value_loss: 24008834972385280.0000
Step:   180000  |  score: 6.03 ± 1.72  |  actor_loss: 83.5601  cost_loss: 0.9345  q_loss: 7.7019  reward_max: 0.8913  reward_mean: -2.2789  reward_min: -6.7416  value_loss: 1859701511815168.0000
Step:   190000  |  score: 5.73 ± 4.95  |  actor_loss: 85.3121  cost_loss: 0.9556  q_loss: 11.2004  reward_max: 0.9119  reward_mean: -2.0548  reward_min: -6.5638  value_loss: 23647297510309888.0000
Step:   200000  |  score: 5.00 ± 2.14  |  actor_loss: 92.0012  cost_loss: 0.9853  q_loss: 9.2775  reward_max: 1.0991  reward_mean: -1.9968  reward_min: -6.6391  value_loss: 1168848237625344.0000
Step:   210000  |  score: 5.14 ± 2.41  |  actor_loss: 101.1252  cost_loss: 0.9330  q_loss: 11.2874  reward_max: 0.9053  reward_mean: -2.2394  reward_min: -6.5915  value_loss: 738975580275343360.0000
Step:   220000  |  score: 5.97 ± 2.67  |  actor_loss: 101.1314  cost_loss: 0.9738  q_loss: 8.5151  reward_max: 1.8561  reward_mean: -1.9544  reward_min: -6.5931  value_loss: 3024599721705472.0000
Step:   230000  |  score: 4.04 ± 1.61  |  actor_loss: 86.5349  cost_loss: 0.9642  q_loss: 6.8024  reward_max: 0.9364  reward_mean: -2.1244  reward_min: -6.5740  value_loss: 18328684888850432.0000
Step:   240000  |  score: 5.93 ± 3.42  |  actor_loss: 84.1706  cost_loss: 0.9466  q_loss: 8.2645  reward_max: 0.8602  reward_mean: -2.1458  reward_min: -6.5017  value_loss: 113485499955412992.0000
Step:   250000  |  score: 4.97 ± 1.86  |  actor_loss: 99.5112  cost_loss: 0.9579  q_loss: 8.2574  reward_max: 0.8162  reward_mean: -2.1860  reward_min: -6.7131  value_loss: 8436676737105920.0000
Step:   260000  |  score: 6.07 ± 3.20  |  actor_loss: 88.5817  cost_loss: 0.9809  q_loss: 7.0883  reward_max: 0.8456  reward_mean: -1.9914  reward_min: -6.4258  value_loss: 539048191983616.0000
Step:   270000  |  score: 4.06 ± 1.58  |  actor_loss: 94.6410  cost_loss: 0.9343  q_loss: 7.4146  reward_max: 1.0269  reward_mean: -2.1972  reward_min: -6.3953  value_loss: 1043230778982400.0000
Step:   280000  |  score: 7.34 ± 5.50  |  actor_loss: 85.7859  cost_loss: 1.0012  q_loss: 8.0463  reward_max: 1.1696  reward_mean: -1.9005  reward_min: -6.7538  value_loss: 6862331778695168.0000
Step:   290000  |  score: 4.23 ± 1.55  |  actor_loss: 91.9892  cost_loss: 0.9435  q_loss: 6.2279  reward_max: 0.7924  reward_mean: -2.2127  reward_min: -6.4702  value_loss: 309340896325795840.0000
Step:   300000  |  score: 2.49 ± 1.29  |  actor_loss: 89.8393  cost_loss: 0.9727  q_loss: 8.5608  reward_max: 0.9926  reward_mean: -2.0509  reward_min: -6.7097  value_loss: 72309416560427008.0000
Step:   310000  |  score: 4.46 ± 2.85  |  actor_loss: 94.5238  cost_loss: 0.9879  q_loss: 7.8444  reward_max: 0.9242  reward_mean: -1.9918  reward_min: -6.7217  value_loss: 5118531569975296.0000
Step:   320000  |  score: 3.28 ± 2.78  |  actor_loss: 104.3712  cost_loss: 0.9381  q_loss: 8.4798  reward_max: 0.9331  reward_mean: -2.2843  reward_min: -6.5002  value_loss: 97229615675736064.0000
Step:   330000  |  score: 4.66 ± 1.41  |  actor_loss: 80.7731  cost_loss: 0.9774  q_loss: 6.2120  reward_max: 0.8774  reward_mean: -2.0321  reward_min: -6.6116  value_loss: 2287148468273152.0000
Step:   340000  |  score: 5.75 ± 7.32  |  actor_loss: 99.2151  cost_loss: 0.9791  q_loss: 7.3782  reward_max: 0.8664  reward_mean: -2.0033  reward_min: -6.5936  value_loss: 1328828655861760.0000
Step:   350000  |  score: 6.49 ± 6.19  |  actor_loss: 83.1557  cost_loss: 0.9729  q_loss: 8.2864  reward_max: 0.8955  reward_mean: -1.9785  reward_min: -6.8322  value_loss: 93278194223808512.0000
Step:   360000  |  score: 6.55 ± 5.06  |  actor_loss: 80.7605  cost_loss: 0.9860  q_loss: 7.0330  reward_max: 1.0120  reward_mean: -1.9253  reward_min: -6.5644  value_loss: 2724007577124864.0000
Step:   370000  |  score: 3.18 ± 2.36  |  actor_loss: 97.8217  cost_loss: 0.9558  q_loss: 7.6468  reward_max: 0.8232  reward_mean: -2.1949  reward_min: -6.4918  value_loss: 638847729795072.0000
Step:   380000  |  score: 4.03 ± 3.27  |  actor_loss: 104.8899  cost_loss: 0.9794  q_loss: 8.0106  reward_max: 1.4022  reward_mean: -2.0527  reward_min: -6.7465  value_loss: 155760235984715776.0000
Step:   390000  |  score: 3.50 ± 3.91  |  actor_loss: 105.0456  cost_loss: 0.9862  q_loss: 7.0844  reward_max: 1.1969  reward_mean: -1.9584  reward_min: -6.4358  value_loss: 4732005451300864.0000
Step:   400000  |  score: 2.62 ± 1.02  |  actor_loss: 87.6612  cost_loss: 0.9354  q_loss: 6.2963  reward_max: 1.0138  reward_mean: -2.1890  reward_min: -6.4978  value_loss: 17322075551170560.0000
Step:   410000  |  score: 5.04 ± 3.34  |  actor_loss: 92.2277  cost_loss: 0.9874  q_loss: 6.5616  reward_max: 0.8540  reward_mean: -2.0281  reward_min: -6.4573  value_loss: 1886647599759360.0000
Step:   420000  |  score: 3.80 ± 1.59  |  actor_loss: 77.5811  cost_loss: 0.9493  q_loss: 5.3985  reward_max: 0.8409  reward_mean: -2.1766  reward_min: -6.5611  value_loss: 14357486186266624.0000
Step:   430000  |  score: 4.71 ± 4.47  |  actor_loss: 99.6489  cost_loss: 1.0262  q_loss: 6.2132  reward_max: 1.1519  reward_mean: -1.8405  reward_min: -6.4765  value_loss: 3226907713732608.0000
Step:   440000  |  score: 3.08 ± 1.88  |  actor_loss: 93.4874  cost_loss: 0.9611  q_loss: 6.9100  reward_max: 1.0238  reward_mean: -2.1864  reward_min: -6.6542  value_loss: 297089210056179712.0000
Step:   450000  |  score: 3.98 ± 3.06  |  actor_loss: 81.3131  cost_loss: 0.9675  q_loss: 7.1523  reward_max: 1.0210  reward_mean: -2.0869  reward_min: -6.5980  value_loss: 326530042639155200.0000
Step:   460000  |  score: 4.77 ± 2.86  |  actor_loss: 99.1564  cost_loss: 0.9327  q_loss: 7.2275  reward_max: 0.9237  reward_mean: -2.3119  reward_min: -6.5987  value_loss: 78572157482827776.0000
Step:   470000  |  score: 4.27 ± 2.42  |  actor_loss: 88.2884  cost_loss: 0.9902  q_loss: 5.6763  reward_max: 0.7933  reward_mean: -2.0445  reward_min: -6.6124  value_loss: 2983340655247360.0000
Step:   480000  |  score: 3.78 ± 3.87  |  actor_loss: 96.0087  cost_loss: 0.9817  q_loss: 5.8409  reward_max: 0.8845  reward_mean: -2.0593  reward_min: -6.7404  value_loss: 68442464230309888.0000
Step:   490000  |  score: 4.38 ± 1.88  |  actor_loss: 96.9440  cost_loss: 0.9635  q_loss: 7.5590  reward_max: 0.8235  reward_mean: -2.1478  reward_min: -6.6202  value_loss: 83676339567067136.0000
Step:   500000  |  score: 4.44 ± 2.70  |  actor_loss: 86.8953  cost_loss: 0.9474  q_loss: 5.4640  reward_max: 0.9892  reward_mean: -2.1439  reward_min: -6.6322  value_loss: 589570093613056.0000
Step:   510000  |  score: 1.95 ± 1.17  |  actor_loss: 93.0911  cost_loss: 0.9652  q_loss: 6.4782  reward_max: 1.0039  reward_mean: -2.1296  reward_min: -6.4384  value_loss: 162839664938450944.0000
Step:   520000  |  score: 3.60 ± 2.42  |  actor_loss: 89.3384  cost_loss: 1.0086  q_loss: 5.6573  reward_max: 0.7756  reward_mean: -1.9480  reward_min: -6.5777  value_loss: 861812769685504.0000
Step:   530000  |  score: 3.29 ± 2.02  |  actor_loss: 97.3177  cost_loss: 0.9491  q_loss: 7.2530  reward_max: 1.1670  reward_mean: -2.2146  reward_min: -6.6204  value_loss: 752327654758380732416.0000
Step:   540000  |  score: 1.95 ± 1.75  |  actor_loss: 99.6334  cost_loss: 0.9647  q_loss: 6.0859  reward_max: 0.8216  reward_mean: -2.1542  reward_min: -6.5922  value_loss: 74480556888293376.0000
Step:   550000  |  score: 4.13 ± 1.91  |  actor_loss: 100.5338  cost_loss: 0.9738  q_loss: 6.5339  reward_max: 1.1113  reward_mean: -2.0631  reward_min: -6.7169  value_loss: 2362471981212762112.0000
Step:   560000  |  score: 4.18 ± 1.86  |  actor_loss: 102.4900  cost_loss: 0.9569  q_loss: 6.1178  reward_max: 0.9403  reward_mean: -2.2457  reward_min: -6.6318  value_loss: 9950980737073152.0000
Step:   570000  |  score: 2.34 ± 1.53  |  actor_loss: 77.2063  cost_loss: 0.9559  q_loss: 5.2742  reward_max: 1.0244  reward_mean: -2.1695  reward_min: -6.4168  value_loss: 3232407956226048.0000
Step:   580000  |  score: 4.50 ± 2.35  |  actor_loss: 75.9467  cost_loss: 0.9694  q_loss: 5.6971  reward_max: 0.7910  reward_mean: -2.1993  reward_min: -6.4864  value_loss: 46941438214144.0000
Step:   590000  |  score: 3.99 ± 3.75  |  actor_loss: 109.5608  cost_loss: 0.9288  q_loss: 6.1914  reward_max: 0.9991  reward_mean: -2.3022  reward_min: -6.4765  value_loss: 4099282948849664.0000
Step:   600000  |  score: 3.37 ± 2.89  |  actor_loss: 95.1849  cost_loss: 0.9787  q_loss: 5.3129  reward_max: 0.8519  reward_mean: -2.1035  reward_min: -6.5119  value_loss: 972029213802496.0000
Step:   610000  |  score: 3.38 ± 3.54  |  actor_loss: 94.8415  cost_loss: 0.9954  q_loss: 6.6242  reward_max: 0.9536  reward_mean: -2.0518  reward_min: -6.5465  value_loss: 5076225605238784.0000
Step:   620000  |  score: 8.38 ± 3.72  |  actor_loss: 91.7662  cost_loss: 0.9675  q_loss: 6.5139  reward_max: 0.9712  reward_mean: -2.1545  reward_min: -6.5643  value_loss: 601045709357056.0000
Step:   630000  |  score: 3.80 ± 1.74  |  actor_loss: 100.2004  cost_loss: 0.9785  q_loss: 4.3967  reward_max: 0.8014  reward_mean: -2.0907  reward_min: -6.6905  value_loss: 78733665433026560.0000
Step:   640000  |  score: 5.04 ± 4.29  |  actor_loss: 82.5550  cost_loss: 0.9409  q_loss: 6.0183  reward_max: 0.8964  reward_mean: -2.2616  reward_min: -6.5203  value_loss: 3086882116206592.0000
Step:   650000  |  score: 4.68 ± 1.88  |  actor_loss: 102.8356  cost_loss: 0.9152  q_loss: 4.6800  reward_max: 1.1607  reward_mean: -2.4007  reward_min: -6.5659  value_loss: 1080999700254949376.0000
Step:   660000  |  score: 5.18 ± 3.76  |  actor_loss: 88.6334  cost_loss: 0.9404  q_loss: 5.9071  reward_max: 0.9973  reward_mean: -2.2810  reward_min: -6.6357  value_loss: 50936778827235328.0000
Step:   670000  |  score: 5.95 ± 2.52  |  actor_loss: 104.1939  cost_loss: 0.9470  q_loss: 5.7425  reward_max: 0.9223  reward_mean: -2.1877  reward_min: -6.5067  value_loss: 31213775755411456.0000
Step:   680000  |  score: 6.47 ± 3.34  |  actor_loss: 87.9486  cost_loss: 0.9833  q_loss: 5.5514  reward_max: 0.8135  reward_mean: -2.0722  reward_min: -6.6800  value_loss: 8649946022543360.0000
Step:   690000  |  score: 4.45 ± 2.39  |  actor_loss: 95.5336  cost_loss: 0.9812  q_loss: 5.0398  reward_max: 0.9723  reward_mean: -2.0700  reward_min: -6.5467  value_loss: 6145115189936128.0000
Step:   700000  |  score: 5.04 ± 2.62  |  actor_loss: 95.3322  cost_loss: 0.9416  q_loss: 5.1648  reward_max: 0.8864  reward_mean: -2.2617  reward_min: -6.4628  value_loss: 3900810631053312.0000
Step:   710000  |  score: 4.47 ± 2.15  |  actor_loss: 92.9564  cost_loss: 0.9749  q_loss: 5.7359  reward_max: 0.9961  reward_mean: -2.0992  reward_min: -6.6647  value_loss: 434693846186590208.0000
Step:   720000  |  score: 5.12 ± 2.23  |  actor_loss: 83.3770  cost_loss: 0.9339  q_loss: 6.6025  reward_max: 0.7751  reward_mean: -2.2565  reward_min: -6.6612  value_loss: 14980586082926592.0000
Step:   730000  |  score: 7.66 ± 1.84  |  actor_loss: 91.5824  cost_loss: 0.9593  q_loss: 6.8365  reward_max: 1.3756  reward_mean: -2.1553  reward_min: -6.7388  value_loss: 50791149371129856.0000
Step:   740000  |  score: 4.53 ± 1.98  |  actor_loss: 95.6440  cost_loss: 0.9912  q_loss: 6.1199  reward_max: 0.9601  reward_mean: -1.9661  reward_min: -6.6379  value_loss: 4360937188360192.0000
Step:   750000  |  score: 5.63 ± 2.96  |  actor_loss: 89.5375  cost_loss: 1.0336  q_loss: 5.4141  reward_max: 0.8867  reward_mean: -1.8796  reward_min: -6.5063  value_loss: 420937161768960.0000
Step:   760000  |  score: 4.86 ± 2.75  |  actor_loss: 87.2303  cost_loss: 0.9652  q_loss: 6.2309  reward_max: 0.8727  reward_mean: -2.0908  reward_min: -6.4019  value_loss: 16658415057108992.0000
Step:   770000  |  score: 6.29 ± 6.32  |  actor_loss: 106.0149  cost_loss: 0.9562  q_loss: 5.4242  reward_max: 0.8349  reward_mean: -2.1148  reward_min: -6.7193  value_loss: 3019345366089728.0000
Step:   780000  |  score: 7.00 ± 4.86  |  actor_loss: 93.1319  cost_loss: 0.9669  q_loss: 4.9749  reward_max: 0.8453  reward_mean: -2.1663  reward_min: -6.6834  value_loss: 2656014218297344.0000
Step:   790000  |  score: 7.54 ± 3.48  |  actor_loss: 83.7963  cost_loss: 0.9420  q_loss: 5.9002  reward_max: 0.8293  reward_mean: -2.2647  reward_min: -6.5816  value_loss: 48534126877212672.0000
Step:   800000  |  score: 6.13 ± 3.58  |  actor_loss: 105.3566  cost_loss: 0.9412  q_loss: 5.0693  reward_max: 0.8863  reward_mean: -2.2678  reward_min: -6.5846  value_loss: 17123812344594432.0000
Step:   810000  |  score: 6.57 ± 4.79  |  actor_loss: 81.5558  cost_loss: 0.9598  q_loss: 5.3407  reward_max: 0.8981  reward_mean: -2.2024  reward_min: -6.7023  value_loss: 2892680618008532484096.0000
Step:   820000  |  score: 8.36 ± 3.67  |  actor_loss: 94.2364  cost_loss: 0.9978  q_loss: 6.0845  reward_max: 0.8715  reward_mean: -1.9452  reward_min: -6.5673  value_loss: 7915802967670784.0000
Step:   830000  |  score: 6.22 ± 2.60  |  actor_loss: 89.1990  cost_loss: 0.9491  q_loss: 5.6889  reward_max: 0.8568  reward_mean: -2.2253  reward_min: -6.5387  value_loss: 2824276809875456.0000
Step:   840000  |  score: 3.91 ± 1.63  |  actor_loss: 87.0925  cost_loss: 0.9790  q_loss: 4.8813  reward_max: 0.7823  reward_mean: -2.0910  reward_min: -6.6417  value_loss: 4691651549200384.0000
Step:   850000  |  score: 4.09 ± 2.05  |  actor_loss: 73.4759  cost_loss: 1.0011  q_loss: 5.1431  reward_max: 0.8574  reward_mean: -1.9630  reward_min: -6.6551  value_loss: 30939363852419072.0000
Step:   860000  |  score: 7.14 ± 4.35  |  actor_loss: 92.2813  cost_loss: 0.9666  q_loss: 5.2545  reward_max: 0.9221  reward_mean: -2.1134  reward_min: -6.5842  value_loss: 527873425276928.0000
Step:   870000  |  score: 5.41 ± 1.90  |  actor_loss: 83.6104  cost_loss: 0.9648  q_loss: 5.1904  reward_max: 0.8227  reward_mean: -2.1564  reward_min: -6.6692  value_loss: 67581267452887040.0000
Step:   880000  |  score: 6.02 ± 2.17  |  actor_loss: 86.1762  cost_loss: 0.9592  q_loss: 5.5322  reward_max: 1.0188  reward_mean: -2.1425  reward_min: -6.4875  value_loss: 18948676302929920.0000
Step:   890000  |  score: 7.83 ± 5.19  |  actor_loss: 84.8688  cost_loss: 1.0002  q_loss: 6.5937  reward_max: 1.7337  reward_mean: -1.9877  reward_min: -6.6911  value_loss: 14330567478738944.0000
Step:   900000  |  score: 6.36 ± 2.75  |  actor_loss: 103.7451  cost_loss: 0.9463  q_loss: 5.0873  reward_max: 0.8192  reward_mean: -2.2141  reward_min: -6.5726  value_loss: 1023976373485568.0000
Step:   910000  |  score: 5.98 ± 3.83  |  actor_loss: 86.7397  cost_loss: 0.9845  q_loss: 4.4456  reward_max: 0.8029  reward_mean: -2.0067  reward_min: -6.6017  value_loss: 8758553934299136.0000
Step:   920000  |  score: 5.02 ± 2.56  |  actor_loss: 97.4653  cost_loss: 0.9351  q_loss: 6.1248  reward_max: 0.9121  reward_mean: -2.2502  reward_min: -6.6833  value_loss: 46907433783656448.0000
Step:   930000  |  score: 7.48 ± 3.89  |  actor_loss: 87.1857  cost_loss: 0.9452  q_loss: 4.8559  reward_max: 1.0817  reward_mean: -2.2662  reward_min: -6.6891  value_loss: 42287917283934208.0000
Step:   940000  |  score: 5.51 ± 3.40  |  actor_loss: 101.5796  cost_loss: 0.9980  q_loss: 4.1276  reward_max: 0.8238  reward_mean: -2.0068  reward_min: -6.5978  value_loss: 40284392349761536.0000
Step:   950000  |  score: 8.62 ± 5.06  |  actor_loss: 77.2511  cost_loss: 1.0046  q_loss: 5.2028  reward_max: 0.9102  reward_mean: -1.9447  reward_min: -6.4538  value_loss: 43992800257114112.0000
Step:   960000  |  score: 6.17 ± 4.05  |  actor_loss: 92.1570  cost_loss: 0.9825  q_loss: 5.8115  reward_max: 0.8294  reward_mean: -2.0298  reward_min: -6.6105  value_loss: 84586949943230464.0000
Step:   970000  |  score: 5.01 ± 5.24  |  actor_loss: 84.2426  cost_loss: 0.9724  q_loss: 4.9470  reward_max: 0.8561  reward_mean: -2.1938  reward_min: -6.6537  value_loss: 1695933469294592.0000
Step:   980000  |  score: 9.51 ± 7.45  |  actor_loss: 86.3936  cost_loss: 0.9822  q_loss: 4.8178  reward_max: 0.8750  reward_mean: -2.0443  reward_min: -6.7028  value_loss: 122059285470380032.0000
Step:   990000  |  score: 6.04 ± 1.63  |  actor_loss: 65.0562  cost_loss: 0.9964  q_loss: 4.2361  reward_max: 0.8156  reward_mean: -1.9499  reward_min: -6.5974  value_loss: 1248874484203520.0000
Step:  1000000  |  score: 5.92 ± 3.19  |  actor_loss: 86.8383  cost_loss: 0.9782  q_loss: 5.4053  reward_max: 0.9393  reward_mean: -2.0560  reward_min: -6.5786  value_loss: 3644856618450944.0000
Step:  1010000  |  score: 8.33 ± 5.55  |  actor_loss: 95.7910  cost_loss: 0.9889  q_loss: 5.0679  reward_max: 0.8621  reward_mean: -2.0309  reward_min: -6.6061  value_loss: 1181894735510372352.0000
Step:  1020000  |  score: 6.16 ± 1.32  |  actor_loss: 106.1240  cost_loss: 0.9259  q_loss: 5.0736  reward_max: 0.8769  reward_mean: -2.3476  reward_min: -6.4944  value_loss: 18039380186759168.0000
Step:  1030000  |  score: 7.22 ± 3.65  |  actor_loss: 88.4953  cost_loss: 0.9836  q_loss: 5.7541  reward_max: 0.8953  reward_mean: -2.0188  reward_min: -6.6740  value_loss: 1639556252172288.0000
Step:  1040000  |  score: 5.04 ± 1.96  |  actor_loss: 75.6814  cost_loss: 0.9307  q_loss: 4.9837  reward_max: 0.8456  reward_mean: -2.4147  reward_min: -6.6413  value_loss: 6251009219231744.0000
Step:  1050000  |  score: 5.94 ± 3.33  |  actor_loss: 79.3618  cost_loss: 0.9592  q_loss: 4.3870  reward_max: 0.9999  reward_mean: -2.2376  reward_min: -6.6654  value_loss: 175221832314519552.0000
Step:  1060000  |  score: 6.49 ± 3.12  |  actor_loss: 92.7975  cost_loss: 0.9821  q_loss: 5.4368  reward_max: 1.0074  reward_mean: -2.0750  reward_min: -6.6639  value_loss: 252435019195219968.0000
Step:  1070000  |  score: 4.84 ± 1.99  |  actor_loss: 87.1558  cost_loss: 0.9559  q_loss: 4.9874  reward_max: 1.0163  reward_mean: -2.1742  reward_min: -6.6990  value_loss: 166845436919808.0000
Step:  1080000  |  score: 4.98 ± 2.01  |  actor_loss: 79.7281  cost_loss: 0.9676  q_loss: 4.9467  reward_max: 1.0040  reward_mean: -2.1917  reward_min: -6.3950  value_loss: 614252532465664.0000
Step:  1090000  |  score: 7.92 ± 7.05  |  actor_loss: 91.8774  cost_loss: 0.9189  q_loss: 6.5984  reward_max: 0.8627  reward_mean: -2.3396  reward_min: -6.5714  value_loss: 1166626263138304.0000
Step:  1100000  |  score: 6.45 ± 2.98  |  actor_loss: 84.8502  cost_loss: 0.9567  q_loss: 4.6016  reward_max: 1.0331  reward_mean: -2.2025  reward_min: -6.6060  value_loss: 73420181002518528.0000
Step:  1110000  |  score: 6.82 ± 4.49  |  actor_loss: 82.3539  cost_loss: 1.0040  q_loss: 5.2762  reward_max: 0.9564  reward_mean: -2.0435  reward_min: -6.6599  value_loss: 973810081726464.0000
Step:  1120000  |  score: 9.14 ± 3.70  |  actor_loss: 90.6516  cost_loss: 0.9628  q_loss: 5.6411  reward_max: 0.8908  reward_mean: -2.1129  reward_min: -6.8127  value_loss: 87073993705652224.0000
Step:  1130000  |  score: 5.78 ± 4.35  |  actor_loss: 105.2107  cost_loss: 0.9906  q_loss: 4.4814  reward_max: 1.0201  reward_mean: -2.0398  reward_min: -6.6866  value_loss: 1161566827097096192.0000
Step:  1140000  |  score: 5.84 ± 2.51  |  actor_loss: 94.9060  cost_loss: 0.9762  q_loss: 5.0131  reward_max: 0.8026  reward_mean: -2.0720  reward_min: -6.5406  value_loss: 830291065176064.0000
Step:  1150000  |  score: 8.11 ± 5.55  |  actor_loss: 70.5469  cost_loss: 1.0070  q_loss: 5.0694  reward_max: 0.7969  reward_mean: -1.9532  reward_min: -6.6966  value_loss: 3525821868277760.0000
Step:  1160000  |  score: 6.03 ± 2.72  |  actor_loss: 82.7929  cost_loss: 0.9795  q_loss: 5.4316  reward_max: 0.9419  reward_mean: -2.0429  reward_min: -6.6342  value_loss: 77495701239496704.0000
Step:  1170000  |  score: 4.53 ± 1.71  |  actor_loss: 96.6334  cost_loss: 0.9892  q_loss: 4.9391  reward_max: 1.0477  reward_mean: -2.0941  reward_min: -6.5888  value_loss: 225213516473171968.0000
Step:  1180000  |  score: 7.88 ± 4.23  |  actor_loss: 94.5869  cost_loss: 0.9631  q_loss: 5.0865  reward_max: 0.9400  reward_mean: -2.2212  reward_min: -6.7751  value_loss: 692120579452436480.0000
Step:  1190000  |  score: 8.19 ± 2.09  |  actor_loss: 82.3455  cost_loss: 0.9870  q_loss: 4.7621  reward_max: 1.0732  reward_mean: -2.0942  reward_min: -6.5187  value_loss: 1377459508623704064.0000
Step:  1200000  |  score: 6.51 ± 3.61  |  actor_loss: 85.3949  cost_loss: 0.9886  q_loss: 4.3526  reward_max: 0.8318  reward_mean: -2.0890  reward_min: -6.6754  value_loss: 529487760138960896.0000
Step:  1210000  |  score: 10.92 ± 5.60  |  actor_loss: 78.4799  cost_loss: 0.9541  q_loss: 5.0591  reward_max: 0.9252  reward_mean: -2.2466  reward_min: -6.7038  value_loss: 3426651610284032.0000
Step:  1220000  |  score: 7.67 ± 5.87  |  actor_loss: 82.2380  cost_loss: 0.9780  q_loss: 3.8710  reward_max: 0.9369  reward_mean: -2.1375  reward_min: -6.6227  value_loss: 76685799256489984.0000
Step:  1230000  |  score: 4.75 ± 2.67  |  actor_loss: 98.5696  cost_loss: 0.9761  q_loss: 5.6965  reward_max: 0.9893  reward_mean: -2.0742  reward_min: -6.5724  value_loss: 324472581505679360.0000
Step:  1240000  |  score: 5.09 ± 4.01  |  actor_loss: 83.7595  cost_loss: 0.9242  q_loss: 5.4107  reward_max: 0.8317  reward_mean: -2.3332  reward_min: -6.6755  value_loss: 147465966941372416.0000
Step:  1250000  |  score: 6.44 ± 5.23  |  actor_loss: 88.7485  cost_loss: 0.9966  q_loss: 4.2048  reward_max: 0.8741  reward_mean: -2.0219  reward_min: -6.6244  value_loss: 49808323414851584.0000
Step:  1260000  |  score: 7.24 ± 2.59  |  actor_loss: 85.1843  cost_loss: 0.9627  q_loss: 4.9561  reward_max: 1.0561  reward_mean: -2.1904  reward_min: -6.6342  value_loss: 266518944284672.0000
Step:  1270000  |  score: 8.45 ± 5.31  |  actor_loss: 92.0780  cost_loss: 0.9477  q_loss: 5.2080  reward_max: 0.8103  reward_mean: -2.2486  reward_min: -6.5598  value_loss: 318467048994766848.0000
Step:  1280000  |  score: 5.98 ± 3.76  |  actor_loss: 95.2841  cost_loss: 0.9269  q_loss: 4.7380  reward_max: 0.8544  reward_mean: -2.3408  reward_min: -6.6738  value_loss: 18284637851746304.0000
Step:  1290000  |  score: 8.64 ± 4.06  |  actor_loss: 88.9483  cost_loss: 0.9575  q_loss: 5.2392  reward_max: 0.8718  reward_mean: -2.0382  reward_min: -6.4694  value_loss: 24738816203948032.0000
Step:  1300000  |  score: 7.10 ± 2.76  |  actor_loss: 115.9339  cost_loss: 0.9447  q_loss: 5.2492  reward_max: 1.2669  reward_mean: -2.2323  reward_min: -6.5857  value_loss: 5963153531731968.0000
Step:  1310000  |  score: 8.84 ± 2.97  |  actor_loss: 91.8536  cost_loss: 1.0205  q_loss: 4.3758  reward_max: 0.9022  reward_mean: -1.9192  reward_min: -6.6708  value_loss: 2473717015773184.0000
Step:  1320000  |  score: 7.44 ± 5.77  |  actor_loss: 85.0678  cost_loss: 0.9683  q_loss: 4.9346  reward_max: 0.8678  reward_mean: -2.1483  reward_min: -6.6372  value_loss: 22638497739309056.0000
Step:  1330000  |  score: 5.96 ± 2.41  |  actor_loss: 99.2202  cost_loss: 0.9561  q_loss: 5.5154  reward_max: 0.7622  reward_mean: -2.2025  reward_min: -6.5190  value_loss: 1462446672209510400.0000
Step:  1340000  |  score: 6.07 ± 1.56  |  actor_loss: 84.2329  cost_loss: 0.9383  q_loss: 4.4263  reward_max: 0.9191  reward_mean: -2.3322  reward_min: -6.6951  value_loss: 11034806070542336.0000
Step:  1350000  |  score: 5.95 ± 1.97  |  actor_loss: 91.1239  cost_loss: 0.9964  q_loss: 4.8228  reward_max: 0.8768  reward_mean: -1.9658  reward_min: -6.6603  value_loss: 10236004430512128.0000
Step:  1360000  |  score: 6.41 ± 4.89  |  actor_loss: 76.0495  cost_loss: 0.9834  q_loss: 4.4407  reward_max: 1.0088  reward_mean: -2.0320  reward_min: -6.5926  value_loss: 95322856354742272.0000
Step:  1370000  |  score: 5.77 ± 1.70  |  actor_loss: 97.8160  cost_loss: 1.0269  q_loss: 4.6059  reward_max: 1.0832  reward_mean: -1.8191  reward_min: -6.4973  value_loss: 218389998850801664.0000
Step:  1380000  |  score: 7.02 ± 4.90  |  actor_loss: 91.9994  cost_loss: 0.9426  q_loss: 4.8465  reward_max: 0.8531  reward_mean: -2.2656  reward_min: -6.7014  value_loss: 36247402264395776.0000
Step:  1390000  |  score: 6.74 ± 3.75  |  actor_loss: 96.8934  cost_loss: 0.9554  q_loss: 5.5435  reward_max: 0.7837  reward_mean: -2.1818  reward_min: -6.6650  value_loss: 548367935471616.0000
Step:  1400000  |  score: 7.46 ± 4.26  |  actor_loss: 86.0231  cost_loss: 0.9647  q_loss: 4.8833  reward_max: 0.9482  reward_mean: -2.0520  reward_min: -6.5062  value_loss: 6016082024333312.0000
Step:  1410000  |  score: 7.27 ± 4.25  |  actor_loss: 86.9662  cost_loss: 0.9280  q_loss: 4.8830  reward_max: 0.9595  reward_mean: -2.3240  reward_min: -6.6664  value_loss: 56033517733150720.0000
Step:  1420000  |  score: 6.68 ± 3.38  |  actor_loss: 82.0314  cost_loss: 0.9807  q_loss: 3.8943  reward_max: 0.8312  reward_mean: -2.0608  reward_min: -6.5850  value_loss: 42469263688073216.0000
Step:  1430000  |  score: 7.45 ± 4.65  |  actor_loss: 103.2414  cost_loss: 0.9487  q_loss: 4.2574  reward_max: 1.0859  reward_mean: -2.2161  reward_min: -6.7042  value_loss: 71917341880877056.0000
Step:  1440000  |  score: 7.57 ± 5.31  |  actor_loss: 90.9355  cost_loss: 0.9501  q_loss: 4.2502  reward_max: 0.9413  reward_mean: -2.2095  reward_min: -6.6951  value_loss: 13964519611034466558935040.0000
Step:  1450000  |  score: 7.01 ± 3.95  |  actor_loss: 86.4283  cost_loss: 0.9704  q_loss: 5.0517  reward_max: 0.9789  reward_mean: -2.2158  reward_min: -6.6685  value_loss: 327593373462429696.0000
Step:  1460000  |  score: 5.87 ± 4.02  |  actor_loss: 103.1436  cost_loss: 0.9575  q_loss: 5.1846  reward_max: 1.0583  reward_mean: -2.1899  reward_min: -6.5615  value_loss: 9491828795892563968.0000
Step:  1470000  |  score: 5.53 ± 3.64  |  actor_loss: 89.3481  cost_loss: 0.9951  q_loss: 5.1528  reward_max: 0.9052  reward_mean: -2.0512  reward_min: -6.5697  value_loss: 39901891152314368.0000
Step:  1480000  |  score: 6.14 ± 2.18  |  actor_loss: 94.7424  cost_loss: 0.9508  q_loss: 4.5552  reward_max: 1.0270  reward_mean: -2.2464  reward_min: -6.7355  value_loss: 2366310084247552.0000
Step:  1490000  |  score: 4.77 ± 2.25  |  actor_loss: 85.1936  cost_loss: 1.0053  q_loss: 3.9970  reward_max: 1.0601  reward_mean: -2.0098  reward_min: -6.4701  value_loss: 5454552094474240.0000
Step:  1500000  |  score: 6.79 ± 2.28  |  actor_loss: 97.6040  cost_loss: 0.9712  q_loss: 4.4776  reward_max: 1.1782  reward_mean: -2.1178  reward_min: -6.6766  value_loss: 170916677356093440.0000
Step:  1510000  |  score: 8.17 ± 4.42  |  actor_loss: 95.1774  cost_loss: 0.9336  q_loss: 5.6043  reward_max: 1.3921  reward_mean: -2.3514  reward_min: -6.5145  value_loss: 3238461981065216.0000
Step:  1520000  |  score: 6.06 ± 3.42  |  actor_loss: 83.2396  cost_loss: 0.9644  q_loss: 4.2951  reward_max: 1.1964  reward_mean: -2.2593  reward_min: -6.5945  value_loss: 18091729395646464.0000
Step:  1530000  |  score: 10.64 ± 7.77  |  actor_loss: 80.4997  cost_loss: 0.9550  q_loss: 5.1085  reward_max: 0.9897  reward_mean: -2.2545  reward_min: -6.5179  value_loss: 12178899458850816.0000
Step:  1540000  |  score: 8.97 ± 5.56  |  actor_loss: 89.6874  cost_loss: 0.9459  q_loss: 4.1606  reward_max: 0.9998  reward_mean: -2.2337  reward_min: -6.5584  value_loss: 125874913411072.0000
Step:  1550000  |  score: 6.33 ± 3.91  |  actor_loss: 83.6781  cost_loss: 0.9339  q_loss: 4.0192  reward_max: 0.8368  reward_mean: -2.3172  reward_min: -6.5707  value_loss: 7634045571090612224.0000
Step:  1560000  |  score: 8.03 ± 4.31  |  actor_loss: 101.4106  cost_loss: 0.9566  q_loss: 4.1707  reward_max: 0.9485  reward_mean: -2.2818  reward_min: -6.6233  value_loss: 280602875011268608.0000
Step:  1570000  |  score: 4.51 ± 2.16  |  actor_loss: 78.5117  cost_loss: 1.0086  q_loss: 3.7837  reward_max: 0.8839  reward_mean: -1.9730  reward_min: -6.5741  value_loss: 5309767673184256.0000
Step:  1580000  |  score: 4.93 ± 1.72  |  actor_loss: 88.5285  cost_loss: 0.9734  q_loss: 4.2224  reward_max: 1.1931  reward_mean: -2.1521  reward_min: -6.5294  value_loss: 436051420119040.0000
Step:  1590000  |  score: 8.56 ± 4.95  |  actor_loss: 91.7731  cost_loss: 0.9663  q_loss: 4.1562  reward_max: 1.0857  reward_mean: -2.1466  reward_min: -6.6346  value_loss: 9227314181177344.0000
Step:  1600000  |  score: 8.07 ± 3.26  |  actor_loss: 77.2974  cost_loss: 0.9397  q_loss: 4.3265  reward_max: 0.9412  reward_mean: -2.3106  reward_min: -6.4753  value_loss: 12335195466235904.0000
Step:  1610000  |  score: 5.83 ± 4.09  |  actor_loss: 83.7047  cost_loss: 0.9789  q_loss: 4.0443  reward_max: 0.9442  reward_mean: -2.0316  reward_min: -6.6012  value_loss: 637857206720528384.0000
Step:  1620000  |  score: 4.17 ± 3.01  |  actor_loss: 105.6020  cost_loss: 0.9601  q_loss: 4.7281  reward_max: 0.9809  reward_mean: -2.1130  reward_min: -6.5427  value_loss: 20541913748733952.0000
Step:  1630000  |  score: 8.81 ± 3.97  |  actor_loss: 83.8750  cost_loss: 0.9399  q_loss: 4.8151  reward_max: 1.3366  reward_mean: -2.3067  reward_min: -6.5851  value_loss: 1734525092626432.0000
Step:  1640000  |  score: 7.24 ± 3.86  |  actor_loss: 81.2647  cost_loss: 0.9675  q_loss: 3.7493  reward_max: 0.8045  reward_mean: -2.1158  reward_min: -6.5730  value_loss: 612009612496863232.0000
Step:  1650000  |  score: 6.03 ± 2.81  |  actor_loss: 93.2910  cost_loss: 1.0191  q_loss: 4.7539  reward_max: 0.9593  reward_mean: -1.9317  reward_min: -6.5342  value_loss: 2949719114383360.0000
Step:  1660000  |  score: 6.49 ± 2.92  |  actor_loss: 83.2053  cost_loss: 0.9540  q_loss: 4.5303  reward_max: 1.0545  reward_mean: -2.1883  reward_min: -6.5455  value_loss: 4898258803490816.0000
Step:  1670000  |  score: 8.23 ± 5.56  |  actor_loss: 82.0311  cost_loss: 0.9963  q_loss: 3.9645  reward_max: 0.8600  reward_mean: -2.0140  reward_min: -6.6023  value_loss: 3646223760228352.0000
Step:  1680000  |  score: 7.55 ± 3.40  |  actor_loss: 81.0683  cost_loss: 0.9593  q_loss: 3.7054  reward_max: 0.8416  reward_mean: -2.2212  reward_min: -6.6271  value_loss: 7201841964122112.0000
Step:  1690000  |  score: 5.67 ± 4.35  |  actor_loss: 76.9466  cost_loss: 1.0045  q_loss: 5.2747  reward_max: 0.9619  reward_mean: -2.0259  reward_min: -6.6365  value_loss: 38210271038144512.0000
Step:  1700000  |  score: 7.24 ± 4.73  |  actor_loss: 65.6551  cost_loss: 0.9807  q_loss: 4.1754  reward_max: 1.0022  reward_mean: -2.1147  reward_min: -6.4777  value_loss: 114978791364755456.0000
Step:  1710000  |  score: 9.03 ± 5.76  |  actor_loss: 82.6147  cost_loss: 0.9910  q_loss: 4.0056  reward_max: 0.8471  reward_mean: -2.0782  reward_min: -6.6480  value_loss: 17613695240634368.0000
Step:  1720000  |  score: 10.10 ± 9.11  |  actor_loss: 85.0355  cost_loss: 0.9969  q_loss: 4.2744  reward_max: 0.8112  reward_mean: -2.0480  reward_min: -6.5423  value_loss: 638727538893389824.0000
Step:  1730000  |  score: 6.64 ± 3.66  |  actor_loss: 95.6855  cost_loss: 0.9539  q_loss: 4.5979  reward_max: 1.0498  reward_mean: -2.1906  reward_min: -6.5645  value_loss: 181649525750890496.0000
Step:  1740000  |  score: 6.04 ± 3.93  |  actor_loss: 81.3085  cost_loss: 0.9409  q_loss: 5.3257  reward_max: 0.8682  reward_mean: -2.2405  reward_min: -6.6361  value_loss: 2759087796256768.0000
Step:  1750000  |  score: 9.52 ± 5.30  |  actor_loss: 83.7001  cost_loss: 1.0027  q_loss: 4.2269  reward_max: 0.7723  reward_mean: -1.9669  reward_min: -6.4715  value_loss: 506335170920448.0000
Step:  1760000  |  score: 10.13 ± 6.08  |  actor_loss: 90.2251  cost_loss: 0.9653  q_loss: 3.6156  reward_max: 0.9016  reward_mean: -2.1703  reward_min: -6.5086  value_loss: 1378868380303360.0000
Step:  1770000  |  score: 7.95 ± 5.25  |  actor_loss: 81.7885  cost_loss: 0.9820  q_loss: 4.5330  reward_max: 1.3880  reward_mean: -2.0887  reward_min: -6.5581  value_loss: 1292988630171648.0000
Step:  1780000  |  score: 9.22 ± 3.06  |  actor_loss: 92.5274  cost_loss: 0.9716  q_loss: 4.0062  reward_max: 0.7955  reward_mean: -2.1110  reward_min: -6.6368  value_loss: 3767301841092608.0000
Step:  1790000  |  score: 7.87 ± 6.09  |  actor_loss: 78.8992  cost_loss: 0.9401  q_loss: 4.9467  reward_max: 0.8220  reward_mean: -2.2229  reward_min: -6.6289  value_loss: 3385975048765440.0000
Step:  1800000  |  score: 7.98 ± 3.80  |  actor_loss: 95.6980  cost_loss: 0.9475  q_loss: 3.9423  reward_max: 0.8186  reward_mean: -2.2879  reward_min: -6.5454  value_loss: 9189753228586408476672.0000
Step:  1810000  |  score: 7.52 ± 3.07  |  actor_loss: 89.0433  cost_loss: 0.9581  q_loss: 4.8140  reward_max: 1.0600  reward_mean: -2.1561  reward_min: -6.5182  value_loss: 14575461145247744.0000
Step:  1820000  |  score: 6.67 ± 5.70  |  actor_loss: 66.1949  cost_loss: 0.9673  q_loss: 3.4142  reward_max: 0.7778  reward_mean: -2.1349  reward_min: -6.6397  value_loss: 178635747199287296.0000
Step:  1830000  |  score: 10.34 ± 7.97  |  actor_loss: 84.6093  cost_loss: 0.9436  q_loss: 4.8241  reward_max: 0.8408  reward_mean: -2.3149  reward_min: -6.5326  value_loss: 1426625463844864.0000
Step:  1840000  |  score: 7.90 ± 5.25  |  actor_loss: 80.0096  cost_loss: 0.9721  q_loss: 4.8314  reward_max: 0.8918  reward_mean: -2.1095  reward_min: -6.5608  value_loss: 95011247887482880.0000
Step:  1850000  |  score: 7.74 ± 4.75  |  actor_loss: 82.3687  cost_loss: 0.9432  q_loss: 4.5005  reward_max: 0.9392  reward_mean: -2.2309  reward_min: -6.6275  value_loss: 107439085060096.0000
Step:  1860000  |  score: 8.20 ± 3.89  |  actor_loss: 89.4522  cost_loss: 0.9517  q_loss: 4.7826  reward_max: 0.9459  reward_mean: -2.2794  reward_min: -6.5634  value_loss: 10461490213552128.0000
Step:  1870000  |  score: 5.64 ± 3.95  |  actor_loss: 74.0304  cost_loss: 0.9656  q_loss: 4.7995  reward_max: 0.9036  reward_mean: -2.1308  reward_min: -6.6272  value_loss: 1526466944696320.0000
Step:  1880000  |  score: 9.84 ± 4.53  |  actor_loss: 93.6036  cost_loss: 0.9446  q_loss: 4.3124  reward_max: 0.7805  reward_mean: -2.2463  reward_min: -6.6289  value_loss: 3088834178842624.0000
Step:  1890000  |  score: 10.38 ± 6.33  |  actor_loss: 100.1686  cost_loss: 0.8953  q_loss: 6.5355  reward_max: 0.8615  reward_mean: -2.4579  reward_min: -6.6000  value_loss: 8555167905480704.0000
Step:  1900000  |  score: 10.21 ± 7.84  |  actor_loss: 78.7551  cost_loss: 0.9579  q_loss: 3.4763  reward_max: 1.0220  reward_mean: -2.2265  reward_min: -6.5180  value_loss: 3160715556814848.0000
Step:  1910000  |  score: 6.60 ± 2.65  |  actor_loss: 77.1664  cost_loss: 0.9673  q_loss: 4.7608  reward_max: 0.9069  reward_mean: -2.1482  reward_min: -6.5140  value_loss: 5453381715886080.0000
Step:  1920000  |  score: 8.45 ± 4.71  |  actor_loss: 95.1410  cost_loss: 0.9561  q_loss: 4.5546  reward_max: 0.9703  reward_mean: -2.2608  reward_min: -6.5815  value_loss: 112042279274807296.0000
Step:  1930000  |  score: 7.35 ± 8.37  |  actor_loss: 84.1221  cost_loss: 0.9363  q_loss: 5.2160  reward_max: 1.3754  reward_mean: -2.2944  reward_min: -6.6137  value_loss: 1503864276647936.0000
Step:  1940000  |  score: 4.68 ± 2.49  |  actor_loss: 78.3287  cost_loss: 0.9840  q_loss: 5.0024  reward_max: 0.8920  reward_mean: -2.0255  reward_min: -6.5920  value_loss: 3310033047650304.0000
Step:  1950000  |  score: 6.03 ± 3.76  |  actor_loss: 91.9936  cost_loss: 0.9252  q_loss: 5.2529  reward_max: 0.7878  reward_mean: -2.3921  reward_min: -6.6104  value_loss: 26727929375358976.0000
Step:  1960000  |  score: 5.24 ± 3.76  |  actor_loss: 78.4498  cost_loss: 0.9888  q_loss: 4.6147  reward_max: 1.0787  reward_mean: -2.0441  reward_min: -6.7143  value_loss: 400814663119405056.0000
Step:  1970000  |  score: 8.52 ± 3.67  |  actor_loss: 87.9809  cost_loss: 0.9304  q_loss: 5.2559  reward_max: 0.8845  reward_mean: -2.3285  reward_min: -6.5589  value_loss: 128341972220903424.0000
Step:  1980000  |  score: 6.61 ± 5.39  |  actor_loss: 100.9434  cost_loss: 0.9720  q_loss: 4.5702  reward_max: 0.8979  reward_mean: -2.1992  reward_min: -6.4841  value_loss: 9108169640902656.0000
Step:  1990000  |  score: 10.59 ± 6.89  |  actor_loss: 92.4818  cost_loss: 0.9529  q_loss: 3.9589  reward_max: 1.1896  reward_mean: -2.2051  reward_min: -6.6835  value_loss: 622345296675864576.0000
Step:  2000000  |  score: 8.92 ± 8.16  |  actor_loss: 96.3656  cost_loss: 0.9891  q_loss: 5.2748  reward_max: 0.9454  reward_mean: -1.9535  reward_min: -6.7042  value_loss: 27441203184140288.0000
Final evaluation (13 iterations)...
Final score: 7.20 ± 5.33
wandb: WARNING Symlinked 1 file into the W&B run directory; call wandb.save again to sync new files.
wandb: updating run metadata
wandb: uploading wandb-summary.json; uploading config.yaml; uploading final_returns/bdemodice_halfcheetah-expert-v2_2026-03-19_01-24-05.npz; uploading output.log
wandb: uploading summary, console lines 214-215
wandb: 
wandb: Run history:
wandb:  actor_loss ▁▇██▇▇▇▇▇▆▆▇▆▇▇▇▇█▇▆▇▇█▇▇▆▆▇▇▆▇▆▆▇▇█▆▆▇▇
wandb:   cost_loss ▄▃▄▆▂▆▅▅▆▄▆▃▂▃▄▅▃▁▅▅▄▆▄▇▅▁▄▆▂▆▂▄█▄▄▄▄▆▇▃
wandb: num_updates ▁▁▁▁▂▂▂▂▂▂▂▂▃▃▃▃▃▃▃▄▄▄▄▄▅▅▅▅▅▅▆▆▆▆▇▇▇▇██
wandb:      q_loss ▂▁▇█▇▄▅▄▅▄▄▄▄▂▃▃▃▃▂▂▂▄▂▂▂▂▃▂▂▂▂▂▂▁▂▂▂▂▄▃
wandb:      return ▃▁▃▃▄▁▂▂▁▃▆▆▄▃▅▅▄▄▄▆▄▄▆▅▇▆▆▃▄▇▄▅▄▅▅▆▅██▆
wandb:  reward_max █▃▂▂▂▃▄▅▃▄▂▂▂▃▂▂▂▂▂▄▂▂▄▂▁▄▃▄▃▅▃▃▂▂▇▂▂▂▄▅
wandb: reward_mean ▆▇▄▂▃█▆█▃▁▅▆▂▅▅▄▄▃▄▄▆▄▃▆▅▂▁▇▂▃▆▁▂▆▆▄▃▁▂▆
wandb:  reward_min █▂▂▄▁▂▆▄▄▅▆▂▇▃▅▆▄▃▃▄▃▃▅▄▃▄▆▄▅▃▄▄▅▆▅▆▅▅▅▃
wandb:       score ▁▃▄▄▅▂▄▃▃▃▃▁▂▂▅▇▄▅▅▅▄▇▅▅▅▆▅▆▅▅▅▅▅▇▇▆▆█▆█
wandb:   score_std ▂▁▁▃▂▁▅▂▁▄▁▂▂▁▄▂▂▃▂▄▂▅▄▃▅▃▇▄▄▂▃▄▃▅▃▆█▂▄█
wandb:          +1 ...
wandb: 
wandb: Run summary:
wandb:  actor_loss 96.36557
wandb:   cost_loss 0.98914
wandb: num_updates 2000000
wandb:      q_loss 5.27481
wandb:      return 827.68878
wandb:  reward_max 0.94541
wandb: reward_mean -1.95348
wandb:  reward_min -6.70415
wandb:       score 8.92349
wandb:   score_std 8.15802
wandb:          +1 ...
wandb: 
wandb: 🚀 View run bdemodice_halfcheetah_M3_s3 at: https://wandb.ai/wsk208/DemoDICE/runs/vh9bmiip
wandb: ⭐️ View project at: https://wandb.ai/wsk208/DemoDICE
wandb: Synced 5 W&B file(s), 0 media file(s), 0 artifact file(s) and 1 other file(s)
wandb: Find logs at: ./wandb/run-20260319_005922-vh9bmiip/logs
