Warning: All of online environments libraries in D4RL have been moved ]8;;https://github.com/Farama-Foundation/Gymnasium\Gymnasium]8;;\, ]8;;https://github.com/Farama-Foundation/MiniGrid\MiniGrid]8;;\ and ]8;;https://github.com/Farama-Foundation/Gymnasium-Robotics\Gymnasium-Robotics]8;;\, and all offline datasets in D4RL have been moved to ]8;;https://github.com/Farama-Foundation/Minari\Minari]8;;\.
These new versions include large bug fixes, new versions of Python, and are where all new development will continue. Please upgrade these libraries as soon as you're able to do so.
If you'd like to read more about the story behind this switch, please check out ]8;;https://farama.org/Announcing-Minari\this blog post]8;;\.
Gym has been unmaintained since 2022 and does not support NumPy 2.0 amongst other critical functionality.
Please upgrade to Gymnasium, the maintained drop-in replacement of Gym, or contact the authors of your software and request that they upgrade.
See the migration guide at https://gymnasium.farama.org/introduction/migration_guide/ for additional information.
/opt/venv/lib/python3.10/site-packages/Cython/Distutils/old_build_ext.py:15: DeprecationWarning: dep_util is Deprecated. Use functions from setuptools instead.
  from distutils.dep_util import newer, newer_group
<frozen importlib._bootstrap>:283: DeprecationWarning: the load_module() method is deprecated and slated for removal in Python 3.12; use exec_module() instead
pybullet build time: Jan 29 2025 23:16:28
wandb: [wandb.login()] Loaded credentials for https://api.wandb.ai from /root/.netrc.
wandb: Currently logged in as: wsk208 (roidice) to https://api.wandb.ai. Use `wandb login --relogin` to force relogin
/opt/venv/lib/python3.10/site-packages/wandb/analytics/sentry.py:268: DeprecationWarning: Read the `app_url` setting from the appropriate Settings object.
  app_url = wandb.util.app_url(tags["base_url"])  # type: ignore[index]
/opt/venv/lib/python3.10/site-packages/wandb/analytics/sentry.py:279: DeprecationWarning: The `Scope.user` setter is deprecated in favor of `Scope.set_user()`.
  self.scope.user = {"email": email}
wandb: setting up run 41lrna40
/opt/venv/lib/python3.10/site-packages/wandb/analytics/sentry.py:268: DeprecationWarning: Read the `app_url` setting from the appropriate Settings object.
  app_url = wandb.util.app_url(tags["base_url"])  # type: ignore[index]
/opt/venv/lib/python3.10/site-packages/wandb/analytics/sentry.py:279: DeprecationWarning: The `Scope.user` setter is deprecated in favor of `Scope.set_user()`.
  self.scope.user = {"email": email}
wandb: Tracking run with wandb version 0.25.1
wandb: Run data is saved locally in /app/wandb/run-20260318_111134-41lrna40
wandb: Run `wandb offline` to turn off syncing.
wandb: Syncing run bdemodice_hopper_M4_s1
wandb: ⭐️ View project at https://wandb.ai/wsk208/DemoDICE
wandb: 🚀 View run at https://wandb.ai/wsk208/DemoDICE/runs/41lrna40
/opt/venv/lib/python3.10/site-packages/gym/spaces/box.py:84: UserWarning: [33mWARN: Box bound precision lowered by casting to float32[0m
  logger.warn(f"Box bound precision lowered by casting to {self.dtype}")
load datafile:   0%|          | 0/21 [00:00<?, ?it/s]load datafile:  10%|▉         | 2/21 [00:00<00:01, 18.06it/s]load datafile:  19%|█▉        | 4/21 [00:00<00:02,  6.02it/s]load datafile:  81%|████████  | 17/21 [00:00<00:00, 21.97it/s]load datafile:  95%|█████████▌| 20/21 [00:01<00:00, 17.04it/s]load datafile: 100%|██████████| 21/21 [00:01<00:00, 17.16it/s]
Expert  :  999061 transitions  (hopper-expert-v2, 100 traj)
load datafile:   0%|          | 0/9 [00:00<?, ?it/s]load datafile:  33%|███▎      | 3/9 [00:00<00:00,  8.86it/s]load datafile:  44%|████▍     | 4/9 [00:00<00:00,  6.41it/s]load datafile:  56%|█████▌    | 5/9 [00:00<00:00,  4.96it/s]load datafile:  67%|██████▋   | 6/9 [00:01<00:00,  4.31it/s]load datafile: 100%|██████████| 9/9 [00:01<00:00,  7.39it/s]
Imperfect:   35054 transitions  (hopper-random-v2, 1600 traj)
Union   : 1034115 transitions total
/root/.local/share/uv/python/cpython-3.10-linux-x86_64-gnu/lib/python3.10/multiprocessing/popen_fork.py:66: RuntimeWarning: os.fork() was called. os.fork() is incompatible with multithreaded code, and JAX is multithreaded, so this will likely lead to a deadlock.
  self.pid = os.fork()
/opt/venv/lib/python3.10/site-packages/tensorflow_probability/python/internal/backend/jax/ops.py:681: DeprecationWarning: jax.interpreters.xla.pytype_aval_mappings is deprecated.
  jax.interpreters.xla.pytype_aval_mappings[onp.ndarray])
/opt/venv/lib/python3.10/site-packages/gym/spaces/box.py:84: UserWarning: [33mWARN: Box bound precision lowered by casting to float32[0m
  logger.warn(f"Box bound precision lowered by casting to {self.dtype}")
Step:    10000  |  score: 19.35 ± 0.30  |  actor_loss: 2.0800  cost_loss: 1.3761  q_loss: 0.0294  reward_max: 0.2083  reward_mean: -0.0014  reward_min: -2.6326  value_loss: 2.1439
Step:    20000  |  score: 34.58 ± 10.29  |  actor_loss: 1.3749  cost_loss: 1.3654  q_loss: 0.0477  reward_max: 0.2068  reward_mean: -0.0499  reward_min: -3.2570  value_loss: 1.8194
Step:    30000  |  score: 63.21 ± 19.41  |  actor_loss: 0.8077  cost_loss: 1.3635  q_loss: 0.0968  reward_max: 0.2553  reward_mean: -0.0666  reward_min: -4.0747  value_loss: 1.4672
Step:    40000  |  score: 70.68 ± 27.91  |  actor_loss: 0.3012  cost_loss: 1.3684  q_loss: 0.0380  reward_max: 0.2107  reward_mean: -0.0465  reward_min: -4.8082  value_loss: 1.9351
Step:    50000  |  score: 61.73 ± 19.92  |  actor_loss: 0.1248  cost_loss: 1.3618  q_loss: 0.2385  reward_max: 0.3088  reward_mean: -0.0493  reward_min: -5.5730  value_loss: 1.8052
Step:    60000  |  score: 60.85 ± 22.88  |  actor_loss: 0.2427  cost_loss: 1.3702  q_loss: 0.0268  reward_max: 0.2079  reward_mean: -0.0277  reward_min: -4.2013  value_loss: 1.9845
Step:    70000  |  score: 28.49 ± 8.64  |  actor_loss: 0.1181  cost_loss: 1.3706  q_loss: 0.0610  reward_max: 0.1907  reward_mean: -0.0355  reward_min: -5.0320  value_loss: 2.1138
Step:    80000  |  score: 89.86 ± 18.73  |  actor_loss: 0.2557  cost_loss: 1.3712  q_loss: 0.0249  reward_max: 0.1361  reward_mean: -0.0357  reward_min: -4.2627  value_loss: 2.2022
Step:    90000  |  score: 81.70 ± 27.19  |  actor_loss: 0.1044  cost_loss: 1.3640  q_loss: 0.0238  reward_max: 0.1851  reward_mean: -0.0504  reward_min: -5.3496  value_loss: 2.0042
Step:   100000  |  score: 97.16 ± 13.35  |  actor_loss: 0.1198  cost_loss: 1.3695  q_loss: 0.0213  reward_max: 0.1631  reward_mean: -0.0398  reward_min: -3.9877  value_loss: 2.1732
Step:   110000  |  score: 87.51 ± 19.80  |  actor_loss: 0.2155  cost_loss: 1.3566  q_loss: 0.0200  reward_max: 0.2435  reward_mean: -0.0757  reward_min: -4.5041  value_loss: 2.0205
Step:   120000  |  score: 76.32 ± 14.42  |  actor_loss: 0.0499  cost_loss: 1.3639  q_loss: 0.0125  reward_max: 0.1448  reward_mean: -0.0519  reward_min: -2.9518  value_loss: 2.2656
Step:   130000  |  score: 74.81 ± 19.84  |  actor_loss: 0.0625  cost_loss: 1.3561  q_loss: 0.0222  reward_max: 0.1622  reward_mean: -0.0999  reward_min: -4.1314  value_loss: 2.0884
Step:   140000  |  score: 95.10 ± 21.89  |  actor_loss: 0.1096  cost_loss: 1.3664  q_loss: 0.0131  reward_max: 0.1666  reward_mean: -0.0395  reward_min: -3.7527  value_loss: 2.4266
Step:   150000  |  score: 102.16 ± 16.09  |  actor_loss: -0.0112  cost_loss: 1.3678  q_loss: 0.0096  reward_max: 0.1790  reward_mean: -0.0416  reward_min: -3.7425  value_loss: 2.4572
Step:   160000  |  score: 60.46 ± 32.75  |  actor_loss: -0.0584  cost_loss: 1.3716  q_loss: 0.0097  reward_max: 0.2222  reward_mean: -0.0191  reward_min: -3.2869  value_loss: 2.6347
Step:   170000  |  score: 69.00 ± 25.54  |  actor_loss: 0.0520  cost_loss: 1.3769  q_loss: 0.0087  reward_max: 0.1471  reward_mean: -0.0220  reward_min: -4.8888  value_loss: 2.6833
Step:   180000  |  score: 94.59 ± 18.41  |  actor_loss: -0.0012  cost_loss: 1.3672  q_loss: 0.0305  reward_max: 0.1630  reward_mean: -0.0542  reward_min: -4.7093  value_loss: 2.7226
Step:   190000  |  score: 106.28 ± 12.23  |  actor_loss: -0.0718  cost_loss: 1.3740  q_loss: 0.0117  reward_max: 0.2045  reward_mean: -0.0211  reward_min: -3.9399  value_loss: 2.7966
Step:   200000  |  score: 100.97 ± 20.16  |  actor_loss: 0.0898  cost_loss: 1.3604  q_loss: 0.0281  reward_max: 0.2010  reward_mean: -0.0582  reward_min: -4.9976  value_loss: 2.4742
Step:   210000  |  score: 100.36 ± 15.91  |  actor_loss: 0.1308  cost_loss: 1.3660  q_loss: 0.0162  reward_max: 0.1506  reward_mean: -0.0675  reward_min: -4.7031  value_loss: 2.4456
Step:   220000  |  score: 97.95 ± 18.19  |  actor_loss: 0.0523  cost_loss: 1.3697  q_loss: 0.0084  reward_max: 0.1714  reward_mean: -0.0404  reward_min: -4.8814  value_loss: 2.5880
Step:   230000  |  score: 111.16 ± 0.19  |  actor_loss: 0.0390  cost_loss: 1.3646  q_loss: 0.0105  reward_max: 0.1507  reward_mean: -0.0404  reward_min: -5.2451  value_loss: 2.6319
Step:   240000  |  score: 90.82 ± 19.33  |  actor_loss: 0.0972  cost_loss: 1.3684  q_loss: 0.0107  reward_max: 0.1633  reward_mean: -0.0416  reward_min: -4.7454  value_loss: 2.7626
Step:   250000  |  score: 86.21 ± 18.50  |  actor_loss: -0.0020  cost_loss: 1.3625  q_loss: 0.0120  reward_max: 0.1833  reward_mean: -0.0614  reward_min: -5.1414  value_loss: 2.6166
Step:   260000  |  score: 101.06 ± 19.36  |  actor_loss: 0.0918  cost_loss: 1.3692  q_loss: 0.0097  reward_max: 0.1981  reward_mean: -0.0298  reward_min: -4.5802  value_loss: 2.7337
Step:   270000  |  score: 105.78 ± 9.48  |  actor_loss: 0.0504  cost_loss: 1.3617  q_loss: 0.0173  reward_max: 0.1785  reward_mean: -0.0766  reward_min: -4.3528  value_loss: 2.5624
Step:   280000  |  score: 105.62 ± 16.17  |  actor_loss: 0.1078  cost_loss: 1.3596  q_loss: 0.0133  reward_max: 0.2232  reward_mean: -0.0915  reward_min: -4.7530  value_loss: 2.4182
Step:   290000  |  score: 92.24 ± 18.74  |  actor_loss: 0.1795  cost_loss: 1.3646  q_loss: 0.0109  reward_max: 0.1226  reward_mean: -0.0525  reward_min: -3.7482  value_loss: 2.4992
Step:   300000  |  score: 111.60 ± 0.89  |  actor_loss: 0.1597  cost_loss: 1.3580  q_loss: 0.0213  reward_max: 0.1144  reward_mean: -0.0851  reward_min: -5.2341  value_loss: 2.5512
Step:   310000  |  score: 111.60 ± 3.81  |  actor_loss: -0.0067  cost_loss: 1.3606  q_loss: 0.0152  reward_max: 0.1627  reward_mean: -0.0792  reward_min: -5.3808  value_loss: 2.5023
Step:   320000  |  score: 104.32 ± 12.35  |  actor_loss: 0.0243  cost_loss: 1.3675  q_loss: 0.2934  reward_max: 0.1361  reward_mean: -0.0392  reward_min: -5.3710  value_loss: 2.7453
Step:   330000  |  score: 79.59 ± 22.58  |  actor_loss: -0.0944  cost_loss: 1.3654  q_loss: 0.0127  reward_max: 0.1858  reward_mean: -0.0493  reward_min: -4.1707  value_loss: 2.6698
Step:   340000  |  score: 99.61 ± 17.13  |  actor_loss: 0.0063  cost_loss: 1.3527  q_loss: 0.0255  reward_max: 0.1301  reward_mean: -0.1050  reward_min: -5.4361  value_loss: 2.4219
Step:   350000  |  score: 99.47 ± 20.27  |  actor_loss: 0.0183  cost_loss: 1.3646  q_loss: 0.0159  reward_max: 0.2386  reward_mean: -0.0509  reward_min: -4.6522  value_loss: 2.7450
Step:   360000  |  score: 96.52 ± 13.17  |  actor_loss: 0.0838  cost_loss: 1.3578  q_loss: 0.0118  reward_max: 0.1268  reward_mean: -0.0738  reward_min: -4.8620  value_loss: 2.5566
Step:   370000  |  score: 106.69 ± 10.08  |  actor_loss: -0.1481  cost_loss: 1.3651  q_loss: 0.0082  reward_max: 0.1483  reward_mean: -0.0472  reward_min: -5.0990  value_loss: 2.7936
Step:   380000  |  score: 109.47 ± 4.07  |  actor_loss: -0.0253  cost_loss: 1.3621  q_loss: 0.0127  reward_max: 0.1954  reward_mean: -0.0750  reward_min: -5.4311  value_loss: 2.6436
Step:   390000  |  score: 100.41 ± 14.81  |  actor_loss: 0.1483  cost_loss: 1.3673  q_loss: 0.0157  reward_max: 0.1627  reward_mean: -0.0499  reward_min: -5.5672  value_loss: 2.6480
Step:   400000  |  score: 76.46 ± 26.12  |  actor_loss: 0.0198  cost_loss: 1.3574  q_loss: 0.0271  reward_max: 0.1576  reward_mean: -0.0969  reward_min: -4.7259  value_loss: 2.5872
Step:   410000  |  score: 111.52 ± 0.93  |  actor_loss: -0.1123  cost_loss: 1.3631  q_loss: 0.0127  reward_max: 0.1698  reward_mean: -0.0526  reward_min: -4.1330  value_loss: 2.6916
Step:   420000  |  score: 101.94 ± 17.04  |  actor_loss: -0.0135  cost_loss: 1.3679  q_loss: 0.0183  reward_max: 0.2833  reward_mean: -0.0394  reward_min: -4.7702  value_loss: 2.9321
Step:   430000  |  score: 107.19 ± 13.24  |  actor_loss: -0.0717  cost_loss: 1.3644  q_loss: 0.0090  reward_max: 0.1538  reward_mean: -0.0479  reward_min: -3.7823  value_loss: 2.7366
Step:   440000  |  score: 111.24 ± 2.79  |  actor_loss: -0.0006  cost_loss: 1.3579  q_loss: 0.0287  reward_max: 0.1790  reward_mean: -0.0850  reward_min: -4.2520  value_loss: 2.5364
Step:   450000  |  score: 95.80 ± 20.31  |  actor_loss: -0.1526  cost_loss: 1.3666  q_loss: 0.0121  reward_max: 0.2173  reward_mean: -0.0460  reward_min: -4.2110  value_loss: 2.7337
Step:   460000  |  score: 97.77 ± 13.49  |  actor_loss: -0.0144  cost_loss: 1.3612  q_loss: 0.0121  reward_max: 0.1981  reward_mean: -0.0722  reward_min: -4.3243  value_loss: 2.4812
Step:   470000  |  score: 104.00 ± 13.35  |  actor_loss: -0.0520  cost_loss: 1.3748  q_loss: 0.0176  reward_max: 0.1503  reward_mean: -0.0278  reward_min: -5.2636  value_loss: 2.9148
Step:   480000  |  score: 92.25 ± 16.64  |  actor_loss: -0.0294  cost_loss: 1.3654  q_loss: 0.0149  reward_max: 0.1103  reward_mean: -0.0483  reward_min: -4.7337  value_loss: 2.7107
Step:   490000  |  score: 98.95 ± 16.06  |  actor_loss: -0.0195  cost_loss: 1.3597  q_loss: 0.0227  reward_max: 0.0984  reward_mean: -0.0666  reward_min: -5.0153  value_loss: 2.6099
Step:   500000  |  score: 110.08 ± 3.44  |  actor_loss: -0.0565  cost_loss: 1.3614  q_loss: 0.0092  reward_max: 0.1676  reward_mean: -0.0822  reward_min: -5.4832  value_loss: 2.6689
Step:   510000  |  score: 100.96 ± 15.09  |  actor_loss: -0.0976  cost_loss: 1.3668  q_loss: 0.0095  reward_max: 0.1200  reward_mean: -0.0398  reward_min: -4.8441  value_loss: 2.9502
Step:   520000  |  score: 107.28 ± 12.92  |  actor_loss: -0.0265  cost_loss: 1.3614  q_loss: 0.0085  reward_max: 0.1210  reward_mean: -0.0795  reward_min: -5.3638  value_loss: 2.6291
Step:   530000  |  score: 97.18 ± 17.51  |  actor_loss: 0.1125  cost_loss: 1.3589  q_loss: 0.0177  reward_max: 0.2898  reward_mean: -0.0729  reward_min: -4.4668  value_loss: 2.6012
Step:   540000  |  score: 105.69 ± 15.54  |  actor_loss: -0.0548  cost_loss: 1.3607  q_loss: 0.0164  reward_max: 0.1222  reward_mean: -0.0796  reward_min: -3.8326  value_loss: 2.4772
Step:   550000  |  score: 105.36 ± 11.54  |  actor_loss: -0.0343  cost_loss: 1.3733  q_loss: 0.0093  reward_max: 0.1113  reward_mean: -0.0183  reward_min: -5.1766  value_loss: 2.8740
Step:   560000  |  score: 94.64 ± 18.31  |  actor_loss: -0.0503  cost_loss: 1.3645  q_loss: 0.0139  reward_max: 0.1430  reward_mean: -0.0539  reward_min: -4.9812  value_loss: 2.8307
Step:   570000  |  score: 112.44 ± 1.31  |  actor_loss: -0.1190  cost_loss: 1.3715  q_loss: 0.0167  reward_max: 0.1880  reward_mean: -0.0147  reward_min: -4.2496  value_loss: 2.8844
Step:   580000  |  score: 92.34 ± 30.46  |  actor_loss: -0.1505  cost_loss: 1.3669  q_loss: 0.0709  reward_max: 0.1406  reward_mean: -0.0407  reward_min: -3.9837  value_loss: 2.8904
Step:   590000  |  score: 103.98 ± 18.56  |  actor_loss: -0.0832  cost_loss: 1.3667  q_loss: 0.0130  reward_max: 0.1680  reward_mean: -0.0515  reward_min: -4.7251  value_loss: 2.8587
Step:   600000  |  score: 102.13 ± 16.82  |  actor_loss: 0.0754  cost_loss: 1.3634  q_loss: 0.0289  reward_max: 0.2313  reward_mean: -0.0547  reward_min: -5.0261  value_loss: 2.6645
Step:   610000  |  score: 100.83 ± 22.35  |  actor_loss: -0.0431  cost_loss: 1.3663  q_loss: 0.0104  reward_max: 0.1702  reward_mean: -0.0641  reward_min: -5.6733  value_loss: 2.7460
Step:   620000  |  score: 88.50 ± 28.29  |  actor_loss: 0.0482  cost_loss: 1.3632  q_loss: 0.0125  reward_max: 0.1373  reward_mean: -0.0537  reward_min: -4.1979  value_loss: 2.7677
Step:   630000  |  score: 96.65 ± 20.78  |  actor_loss: -0.1069  cost_loss: 1.3657  q_loss: 0.0086  reward_max: 0.1242  reward_mean: -0.0515  reward_min: -3.6901  value_loss: 2.7395
Step:   640000  |  score: 105.25 ± 10.80  |  actor_loss: -0.0748  cost_loss: 1.3617  q_loss: 0.0120  reward_max: 0.1219  reward_mean: -0.0685  reward_min: -4.7685  value_loss: 2.6575
Step:   650000  |  score: 101.92 ± 12.46  |  actor_loss: 0.0284  cost_loss: 1.3653  q_loss: 0.0132  reward_max: 0.1671  reward_mean: -0.0457  reward_min: -5.1000  value_loss: 2.7306
Step:   660000  |  score: 105.14 ± 17.61  |  actor_loss: -0.0613  cost_loss: 1.3581  q_loss: 0.0218  reward_max: 0.1446  reward_mean: -0.0842  reward_min: -5.1829  value_loss: 2.5217
Step:   670000  |  score: 89.61 ± 23.42  |  actor_loss: 0.0679  cost_loss: 1.3576  q_loss: 0.0232  reward_max: 0.1746  reward_mean: -0.1034  reward_min: -6.0884  value_loss: 2.6311
Step:   680000  |  score: 106.56 ± 13.68  |  actor_loss: -0.0014  cost_loss: 1.3683  q_loss: 0.0099  reward_max: 0.2008  reward_mean: -0.0395  reward_min: -5.9742  value_loss: 2.7831
Step:   690000  |  score: 110.97 ± 0.90  |  actor_loss: 0.0660  cost_loss: 1.3497  q_loss: 0.0171  reward_max: 0.2078  reward_mean: -0.1283  reward_min: -5.3376  value_loss: 2.2863
Step:   700000  |  score: 112.19 ± 2.72  |  actor_loss: -0.1220  cost_loss: 1.3690  q_loss: 0.0121  reward_max: 0.1430  reward_mean: -0.0464  reward_min: -5.6804  value_loss: 2.7753
Step:   710000  |  score: 97.73 ± 19.13  |  actor_loss: -0.1824  cost_loss: 1.3648  q_loss: 0.0153  reward_max: 0.2269  reward_mean: -0.0397  reward_min: -4.6429  value_loss: 2.8268
Step:   720000  |  score: 96.22 ± 20.68  |  actor_loss: -0.2530  cost_loss: 1.3599  q_loss: 0.0152  reward_max: 0.1465  reward_mean: -0.0721  reward_min: -5.4107  value_loss: 2.6482
Step:   730000  |  score: 110.72 ± 0.52  |  actor_loss: -0.0341  cost_loss: 1.3555  q_loss: 0.0118  reward_max: 0.1084  reward_mean: -0.0818  reward_min: -3.4592  value_loss: 2.5098
Step:   740000  |  score: 98.53 ± 26.85  |  actor_loss: -0.1972  cost_loss: 1.3663  q_loss: 0.0186  reward_max: 0.2143  reward_mean: -0.0477  reward_min: -5.3903  value_loss: 2.8053
Step:   750000  |  score: 98.80 ± 18.93  |  actor_loss: -0.1301  cost_loss: 1.3644  q_loss: 0.0355  reward_max: 0.1797  reward_mean: -0.0570  reward_min: -5.3994  value_loss: 2.7766
Step:   760000  |  score: 105.09 ± 11.87  |  actor_loss: -0.0637  cost_loss: 1.3623  q_loss: 0.0201  reward_max: 0.1520  reward_mean: -0.0707  reward_min: -4.6954  value_loss: 2.5991
Step:   770000  |  score: 105.31 ± 13.11  |  actor_loss: 0.0854  cost_loss: 1.3677  q_loss: 0.0100  reward_max: 0.1192  reward_mean: -0.0486  reward_min: -5.0702  value_loss: 2.7448
Step:   780000  |  score: 100.87 ± 18.98  |  actor_loss: 0.0703  cost_loss: 1.3621  q_loss: 0.0176  reward_max: 0.1362  reward_mean: -0.0690  reward_min: -4.5712  value_loss: 2.8258
Step:   790000  |  score: 110.76 ± 1.09  |  actor_loss: -0.0987  cost_loss: 1.3708  q_loss: 0.0116  reward_max: 0.1837  reward_mean: -0.0201  reward_min: -5.6791  value_loss: 3.0531
Step:   800000  |  score: 89.64 ± 19.97  |  actor_loss: -0.0135  cost_loss: 1.3529  q_loss: 0.0195  reward_max: 0.1222  reward_mean: -0.1075  reward_min: -4.5964  value_loss: 2.4786
Step:   810000  |  score: 98.63 ± 22.91  |  actor_loss: -0.0477  cost_loss: 1.3541  q_loss: 0.0121  reward_max: 0.1674  reward_mean: -0.0933  reward_min: -3.6600  value_loss: 2.4340
Step:   820000  |  score: 83.87 ± 33.15  |  actor_loss: -0.2139  cost_loss: 1.3677  q_loss: 0.0175  reward_max: 0.1540  reward_mean: -0.0442  reward_min: -5.1477  value_loss: 2.7583
Step:   830000  |  score: 109.78 ± 4.67  |  actor_loss: 0.0692  cost_loss: 1.3700  q_loss: 0.0116  reward_max: 0.1387  reward_mean: -0.0417  reward_min: -5.2193  value_loss: 2.8912
Step:   840000  |  score: 99.64 ± 20.82  |  actor_loss: 0.0336  cost_loss: 1.3553  q_loss: 0.0264  reward_max: 0.1941  reward_mean: -0.0985  reward_min: -5.8203  value_loss: 2.4115
Step:   850000  |  score: 108.08 ± 9.46  |  actor_loss: -0.0462  cost_loss: 1.3596  q_loss: 0.0188  reward_max: 0.1766  reward_mean: -0.0745  reward_min: -5.4683  value_loss: 2.5567
Step:   860000  |  score: 107.16 ± 10.79  |  actor_loss: -0.2168  cost_loss: 1.3654  q_loss: 0.0202  reward_max: 0.1658  reward_mean: -0.0548  reward_min: -4.0862  value_loss: 2.7080
Step:   870000  |  score: 71.12 ± 31.55  |  actor_loss: -0.2489  cost_loss: 1.3606  q_loss: 0.0217  reward_max: 0.1559  reward_mean: -0.0796  reward_min: -4.9077  value_loss: 2.5423
Step:   880000  |  score: 81.01 ± 25.43  |  actor_loss: -0.1374  cost_loss: 1.3634  q_loss: 0.0162  reward_max: 0.1563  reward_mean: -0.0690  reward_min: -5.9550  value_loss: 2.7160
Step:   890000  |  score: 94.06 ± 33.42  |  actor_loss: -0.1019  cost_loss: 1.3697  q_loss: 0.0099  reward_max: 0.1605  reward_mean: -0.0214  reward_min: -3.6140  value_loss: 2.8898
Step:   900000  |  score: 107.23 ± 12.41  |  actor_loss: -0.0181  cost_loss: 1.3653  q_loss: 0.0133  reward_max: 0.1111  reward_mean: -0.0416  reward_min: -3.9027  value_loss: 2.7563
Step:   910000  |  score: 50.29 ± 42.41  |  actor_loss: -0.0126  cost_loss: 1.3686  q_loss: 0.0109  reward_max: 0.1480  reward_mean: -0.0641  reward_min: -5.7174  value_loss: 2.8166
Step:   920000  |  score: 96.00 ± 19.00  |  actor_loss: -0.0908  cost_loss: 1.3669  q_loss: 0.0138  reward_max: 0.1068  reward_mean: -0.0408  reward_min: -4.4616  value_loss: 2.7908
Step:   930000  |  score: 111.38 ± 0.82  |  actor_loss: -0.0451  cost_loss: 1.3604  q_loss: 0.0197  reward_max: 0.1951  reward_mean: -0.0583  reward_min: -3.9670  value_loss: 2.6742
Step:   940000  |  score: 112.01 ± 0.70  |  actor_loss: -0.1355  cost_loss: 1.3631  q_loss: 0.0223  reward_max: 0.1380  reward_mean: -0.0579  reward_min: -4.9239  value_loss: 2.6503
Step:   950000  |  score: 91.53 ± 26.22  |  actor_loss: -0.0961  cost_loss: 1.3546  q_loss: 0.0189  reward_max: 0.1441  reward_mean: -0.1001  reward_min: -4.4178  value_loss: 2.4733
Step:   960000  |  score: 102.66 ± 19.92  |  actor_loss: 0.0412  cost_loss: 1.3567  q_loss: 0.0248  reward_max: 0.1606  reward_mean: -0.1026  reward_min: -4.3687  value_loss: 2.3005
Step:   970000  |  score: 90.86 ± 23.32  |  actor_loss: -0.1606  cost_loss: 1.3640  q_loss: 0.0206  reward_max: 0.1858  reward_mean: -0.0654  reward_min: -5.3532  value_loss: 2.6887
Step:   980000  |  score: 98.04 ± 17.97  |  actor_loss: 0.0565  cost_loss: 1.3520  q_loss: 0.0221  reward_max: 0.0919  reward_mean: -0.1210  reward_min: -5.4328  value_loss: 2.4364
Step:   990000  |  score: 102.78 ± 20.41  |  actor_loss: -0.1328  cost_loss: 1.3600  q_loss: 0.0167  reward_max: 0.1811  reward_mean: -0.0718  reward_min: -5.0879  value_loss: 2.6357
Step:  1000000  |  score: 112.01 ± 0.57  |  actor_loss: -0.3120  cost_loss: 1.3716  q_loss: 0.0093  reward_max: 0.1359  reward_mean: -0.0216  reward_min: -4.0193  value_loss: 2.9094
Step:  1010000  |  score: 111.41 ± 1.72  |  actor_loss: -0.1129  cost_loss: 1.3598  q_loss: 0.0183  reward_max: 0.1238  reward_mean: -0.0811  reward_min: -4.4382  value_loss: 2.6115
Step:  1020000  |  score: 101.20 ± 17.60  |  actor_loss: -0.1522  cost_loss: 1.3670  q_loss: 0.0106  reward_max: 0.1298  reward_mean: -0.0603  reward_min: -5.3754  value_loss: 2.8121
Step:  1030000  |  score: 78.67 ± 24.03  |  actor_loss: -0.1427  cost_loss: 1.3715  q_loss: 0.0095  reward_max: 0.1603  reward_mean: -0.0355  reward_min: -5.3071  value_loss: 2.8726
Step:  1040000  |  score: 98.09 ± 27.54  |  actor_loss: -0.0533  cost_loss: 1.3595  q_loss: 0.0176  reward_max: 0.1547  reward_mean: -0.0792  reward_min: -4.9705  value_loss: 2.6054
Step:  1050000  |  score: 102.37 ± 23.88  |  actor_loss: -0.0725  cost_loss: 1.3671  q_loss: 0.0167  reward_max: 0.1246  reward_mean: -0.0478  reward_min: -3.9467  value_loss: 2.8469
Step:  1060000  |  score: 110.48 ± 4.12  |  actor_loss: -0.2116  cost_loss: 1.3579  q_loss: 0.0191  reward_max: 0.1873  reward_mean: -0.0891  reward_min: -6.1358  value_loss: 2.4516
Step:  1070000  |  score: 111.40 ± 3.92  |  actor_loss: -0.1231  cost_loss: 1.3661  q_loss: 0.0126  reward_max: 0.1297  reward_mean: -0.0437  reward_min: -4.2959  value_loss: 2.7913
Step:  1080000  |  score: 95.42 ± 27.20  |  actor_loss: -0.0962  cost_loss: 1.3695  q_loss: 0.0105  reward_max: 0.1514  reward_mean: -0.0177  reward_min: -4.3331  value_loss: 2.9009
Step:  1090000  |  score: 91.03 ± 23.27  |  actor_loss: -0.3075  cost_loss: 1.3608  q_loss: 0.0161  reward_max: 0.1349  reward_mean: -0.0699  reward_min: -5.8030  value_loss: 2.6640
Step:  1100000  |  score: 102.67 ± 23.91  |  actor_loss: -0.0074  cost_loss: 1.3640  q_loss: 0.0152  reward_max: 0.1153  reward_mean: -0.0635  reward_min: -5.6573  value_loss: 2.6785
Step:  1110000  |  score: 105.53 ± 9.73  |  actor_loss: -0.0746  cost_loss: 1.3653  q_loss: 0.0119  reward_max: 0.1625  reward_mean: -0.0376  reward_min: -3.8405  value_loss: 2.8488
Step:  1120000  |  score: 100.79 ± 15.09  |  actor_loss: -0.1081  cost_loss: 1.3577  q_loss: 0.0298  reward_max: 0.1767  reward_mean: -0.0976  reward_min: -5.2556  value_loss: 2.6076
Step:  1130000  |  score: 112.14 ± 1.24  |  actor_loss: -0.1339  cost_loss: 1.3598  q_loss: 0.0170  reward_max: 0.1565  reward_mean: -0.0740  reward_min: -5.0384  value_loss: 2.5743
Step:  1140000  |  score: 103.11 ± 13.18  |  actor_loss: -0.1967  cost_loss: 1.3623  q_loss: 0.0188  reward_max: 0.1980  reward_mean: -0.0753  reward_min: -5.6950  value_loss: 2.6489
Step:  1150000  |  score: 104.54 ± 15.96  |  actor_loss: -0.0658  cost_loss: 1.3645  q_loss: 0.0183  reward_max: 0.1292  reward_mean: -0.0667  reward_min: -5.1705  value_loss: 2.6692
Step:  1160000  |  score: 100.54 ± 19.98  |  actor_loss: -0.0924  cost_loss: 1.3662  q_loss: 0.0214  reward_max: 0.1136  reward_mean: -0.0419  reward_min: -3.6219  value_loss: 2.7735
Step:  1170000  |  score: 111.58 ± 0.80  |  actor_loss: 0.0055  cost_loss: 1.3560  q_loss: 0.0236  reward_max: 0.1214  reward_mean: -0.0932  reward_min: -5.1390  value_loss: 2.4123
Step:  1180000  |  score: 97.75 ± 23.45  |  actor_loss: -0.1752  cost_loss: 1.3641  q_loss: 0.0191  reward_max: 0.1257  reward_mean: -0.0639  reward_min: -4.5826  value_loss: 2.5159
Step:  1190000  |  score: 73.04 ± 47.30  |  actor_loss: -0.0962  cost_loss: 1.3620  q_loss: 0.0171  reward_max: 0.1672  reward_mean: -0.0717  reward_min: -5.6972  value_loss: 2.5513
Step:  1200000  |  score: 92.28 ± 29.00  |  actor_loss: -0.1464  cost_loss: 1.3753  q_loss: 0.0059  reward_max: 0.1459  reward_mean: -0.0091  reward_min: -4.2542  value_loss: 3.0497
Step:  1210000  |  score: 104.04 ± 14.63  |  actor_loss: -0.1472  cost_loss: 1.3653  q_loss: 0.0153  reward_max: 0.1143  reward_mean: -0.0815  reward_min: -6.4998  value_loss: 2.7175
Step:  1220000  |  score: 109.04 ± 7.99  |  actor_loss: -0.2089  cost_loss: 1.3731  q_loss: 0.0111  reward_max: 0.1576  reward_mean: -0.0226  reward_min: -5.2057  value_loss: 2.9578
Step:  1230000  |  score: 101.09 ± 18.97  |  actor_loss: -0.1692  cost_loss: 1.3659  q_loss: 0.0235  reward_max: 0.1455  reward_mean: -0.0396  reward_min: -4.4025  value_loss: 2.7437
Step:  1240000  |  score: 108.32 ± 8.56  |  actor_loss: -0.1732  cost_loss: 1.3611  q_loss: 0.0174  reward_max: 0.1547  reward_mean: -0.0678  reward_min: -4.7604  value_loss: 2.4806
Step:  1250000  |  score: 106.73 ± 14.86  |  actor_loss: -0.1074  cost_loss: 1.3691  q_loss: 0.0133  reward_max: 0.0980  reward_mean: -0.0307  reward_min: -4.5012  value_loss: 2.8588
Step:  1260000  |  score: 88.68 ± 22.65  |  actor_loss: -0.2499  cost_loss: 1.3670  q_loss: 0.0223  reward_max: 0.1310  reward_mean: -0.0558  reward_min: -4.6049  value_loss: 2.7156
Step:  1270000  |  score: 109.34 ± 6.33  |  actor_loss: -0.1835  cost_loss: 1.3671  q_loss: 0.0125  reward_max: 0.1383  reward_mean: -0.0366  reward_min: -3.5755  value_loss: 2.7687
Step:  1280000  |  score: 109.03 ± 7.82  |  actor_loss: -0.3891  cost_loss: 1.3654  q_loss: 0.0195  reward_max: 0.0898  reward_mean: -0.0442  reward_min: -4.1981  value_loss: 2.7676
Step:  1290000  |  score: 91.65 ± 23.18  |  actor_loss: -0.1858  cost_loss: 1.3590  q_loss: 0.0223  reward_max: 0.1147  reward_mean: -0.0847  reward_min: -5.8644  value_loss: 2.4248
Step:  1300000  |  score: 102.79 ± 24.00  |  actor_loss: -0.2171  cost_loss: 1.3722  q_loss: 0.0144  reward_max: 0.1405  reward_mean: -0.0359  reward_min: -5.9552  value_loss: 2.8407
Step:  1310000  |  score: 110.88 ± 1.54  |  actor_loss: -0.0844  cost_loss: 1.3639  q_loss: 0.0162  reward_max: 0.1812  reward_mean: -0.0617  reward_min: -3.9671  value_loss: 2.6376
Step:  1320000  |  score: 106.51 ± 15.92  |  actor_loss: -0.1628  cost_loss: 1.3660  q_loss: 0.0137  reward_max: 0.1509  reward_mean: -0.0623  reward_min: -5.4340  value_loss: 2.6517
Step:  1330000  |  score: 79.72 ± 26.94  |  actor_loss: 0.0508  cost_loss: 1.3617  q_loss: 0.0161  reward_max: 0.1715  reward_mean: -0.0722  reward_min: -5.4556  value_loss: 2.4758
Step:  1340000  |  score: 112.15 ± 1.92  |  actor_loss: -0.0490  cost_loss: 1.3572  q_loss: 0.0229  reward_max: 0.2642  reward_mean: -0.0991  reward_min: -5.1076  value_loss: 2.3937
Step:  1350000  |  score: 102.41 ± 15.54  |  actor_loss: -0.1342  cost_loss: 1.3655  q_loss: 0.0139  reward_max: 0.1105  reward_mean: -0.0368  reward_min: -3.9994  value_loss: 2.8152
Step:  1360000  |  score: 112.15 ± 0.98  |  actor_loss: -0.2101  cost_loss: 1.3640  q_loss: 0.0156  reward_max: 0.1114  reward_mean: -0.0567  reward_min: -5.2242  value_loss: 2.6625
Step:  1370000  |  score: 99.11 ± 24.36  |  actor_loss: -0.0846  cost_loss: 1.3681  q_loss: 0.0117  reward_max: 0.1339  reward_mean: -0.0468  reward_min: -5.0760  value_loss: 2.7383
Step:  1380000  |  score: 111.40 ± 1.13  |  actor_loss: -0.1331  cost_loss: 1.3633  q_loss: 0.0199  reward_max: 0.2278  reward_mean: -0.0573  reward_min: -5.6818  value_loss: 2.7802
Step:  1390000  |  score: 100.94 ± 26.65  |  actor_loss: -0.1427  cost_loss: 1.3628  q_loss: 0.0194  reward_max: 0.1154  reward_mean: -0.0521  reward_min: -4.5485  value_loss: 2.6320
Step:  1400000  |  score: 103.27 ± 12.82  |  actor_loss: -0.1313  cost_loss: 1.3669  q_loss: 0.0140  reward_max: 0.2531  reward_mean: -0.0598  reward_min: -5.1721  value_loss: 2.7582
Step:  1410000  |  score: 83.89 ± 32.96  |  actor_loss: -0.1904  cost_loss: 1.3580  q_loss: 0.0169  reward_max: 0.0900  reward_mean: -0.0881  reward_min: -5.8090  value_loss: 2.5998
Step:  1420000  |  score: 96.94 ± 32.48  |  actor_loss: -0.1904  cost_loss: 1.3644  q_loss: 0.0282  reward_max: 0.1448  reward_mean: -0.0731  reward_min: -6.2297  value_loss: 2.6827
Step:  1430000  |  score: 110.92 ± 2.09  |  actor_loss: -0.0333  cost_loss: 1.3636  q_loss: 0.0271  reward_max: 0.1229  reward_mean: -0.0752  reward_min: -5.8902  value_loss: 2.6847
Step:  1440000  |  score: 111.38 ± 0.42  |  actor_loss: -0.1078  cost_loss: 1.3675  q_loss: 0.0232  reward_max: 0.1489  reward_mean: -0.0364  reward_min: -4.4210  value_loss: 2.8602
Step:  1450000  |  score: 109.94 ± 6.98  |  actor_loss: -0.0454  cost_loss: 1.3552  q_loss: 0.0180  reward_max: 0.2223  reward_mean: -0.1023  reward_min: -5.7271  value_loss: 2.5234
Step:  1460000  |  score: 89.72 ± 23.93  |  actor_loss: -0.1931  cost_loss: 1.3670  q_loss: 0.0171  reward_max: 0.1386  reward_mean: -0.0481  reward_min: -4.9623  value_loss: 2.7809
Step:  1470000  |  score: 99.12 ± 25.12  |  actor_loss: -0.1872  cost_loss: 1.3729  q_loss: 0.0128  reward_max: 0.1404  reward_mean: -0.0211  reward_min: -4.4994  value_loss: 2.9795
Step:  1480000  |  score: 103.28 ± 21.71  |  actor_loss: -0.1859  cost_loss: 1.3650  q_loss: 0.0178  reward_max: 0.1724  reward_mean: -0.0543  reward_min: -4.8317  value_loss: 2.8524
Step:  1490000  |  score: 104.88 ± 13.84  |  actor_loss: -0.2132  cost_loss: 1.3677  q_loss: 0.0121  reward_max: 0.1707  reward_mean: -0.0422  reward_min: -4.0300  value_loss: 2.8262
Step:  1500000  |  score: 105.47 ± 14.92  |  actor_loss: -0.0921  cost_loss: 1.3637  q_loss: 0.0181  reward_max: 0.1561  reward_mean: -0.0564  reward_min: -3.8047  value_loss: 2.6519
Step:  1510000  |  score: 105.81 ± 12.92  |  actor_loss: -0.3261  cost_loss: 1.3666  q_loss: 0.0197  reward_max: 0.1270  reward_mean: -0.0420  reward_min: -4.6271  value_loss: 2.7559
Step:  1520000  |  score: 109.56 ± 3.94  |  actor_loss: -0.1868  cost_loss: 1.3635  q_loss: 0.0168  reward_max: 0.1266  reward_mean: -0.0561  reward_min: -3.6290  value_loss: 2.6265
Step:  1530000  |  score: 108.66 ± 8.02  |  actor_loss: -0.1650  cost_loss: 1.3577  q_loss: 0.0161  reward_max: 0.1520  reward_mean: -0.0872  reward_min: -5.2791  value_loss: 2.5092
Step:  1540000  |  score: 112.26 ± 1.12  |  actor_loss: -0.1996  cost_loss: 1.3647  q_loss: 0.0141  reward_max: 0.1941  reward_mean: -0.0605  reward_min: -5.1981  value_loss: 2.7853
Step:  1550000  |  score: 104.37 ± 16.21  |  actor_loss: -0.2167  cost_loss: 1.3574  q_loss: 0.0157  reward_max: 0.1788  reward_mean: -0.0799  reward_min: -6.3180  value_loss: 2.4575
Step:  1560000  |  score: 71.96 ± 32.98  |  actor_loss: -0.1011  cost_loss: 1.3639  q_loss: 0.0146  reward_max: 0.1787  reward_mean: -0.0537  reward_min: -4.6265  value_loss: 2.7198
Step:  1570000  |  score: 105.54 ± 14.93  |  actor_loss: -0.1963  cost_loss: 1.3578  q_loss: 0.0206  reward_max: 0.1757  reward_mean: -0.0997  reward_min: -5.1214  value_loss: 2.5226
Step:  1580000  |  score: 111.85 ± 0.94  |  actor_loss: -0.0397  cost_loss: 1.3692  q_loss: 0.0136  reward_max: 0.1033  reward_mean: -0.0275  reward_min: -4.6639  value_loss: 2.8777
Step:  1590000  |  score: 108.46 ± 6.46  |  actor_loss: -0.1566  cost_loss: 1.3584  q_loss: 0.0257  reward_max: 0.1375  reward_mean: -0.0971  reward_min: -5.0067  value_loss: 2.5170
Step:  1600000  |  score: 94.70 ± 34.21  |  actor_loss: 0.0469  cost_loss: 1.3576  q_loss: 0.0251  reward_max: 0.1416  reward_mean: -0.0807  reward_min: -4.4823  value_loss: 2.5724
Step:  1610000  |  score: 102.40 ± 20.41  |  actor_loss: -0.2957  cost_loss: 1.3667  q_loss: 0.0214  reward_max: 0.1835  reward_mean: -0.0544  reward_min: -5.3114  value_loss: 2.7871
Step:  1620000  |  score: 106.21 ± 10.00  |  actor_loss: -0.2515  cost_loss: 1.3721  q_loss: 0.0099  reward_max: 0.1176  reward_mean: -0.0223  reward_min: -4.7358  value_loss: 2.9830
Step:  1630000  |  score: 81.14 ± 28.84  |  actor_loss: -0.0529  cost_loss: 1.3566  q_loss: 0.0259  reward_max: 0.1475  reward_mean: -0.0904  reward_min: -5.6817  value_loss: 2.5683
Step:  1640000  |  score: 97.02 ± 24.72  |  actor_loss: -0.0225  cost_loss: 1.3681  q_loss: 0.0142  reward_max: 0.1149  reward_mean: -0.0299  reward_min: -4.0141  value_loss: 2.9272
Step:  1650000  |  score: 105.76 ± 15.71  |  actor_loss: -0.2722  cost_loss: 1.3637  q_loss: 0.0153  reward_max: 0.1659  reward_mean: -0.0629  reward_min: -5.2078  value_loss: 2.6641
Step:  1660000  |  score: 98.16 ± 17.87  |  actor_loss: -0.1901  cost_loss: 1.3673  q_loss: 0.0153  reward_max: 0.1774  reward_mean: -0.0486  reward_min: -5.9388  value_loss: 2.8026
Step:  1670000  |  score: 107.10 ± 8.90  |  actor_loss: 0.0899  cost_loss: 1.3522  q_loss: 0.0347  reward_max: 0.1174  reward_mean: -0.1091  reward_min: -5.0928  value_loss: 2.4763
Step:  1680000  |  score: 112.03 ± 3.95  |  actor_loss: 0.0235  cost_loss: 1.3568  q_loss: 0.0249  reward_max: 0.1270  reward_mean: -0.0926  reward_min: -4.3736  value_loss: 2.5457
Step:  1690000  |  score: 108.32 ± 7.65  |  actor_loss: -0.1596  cost_loss: 1.3498  q_loss: 0.0981  reward_max: 0.1381  reward_mean: -0.1242  reward_min: -4.9305  value_loss: 2.3748
Step:  1700000  |  score: 111.98 ± 0.77  |  actor_loss: -0.1791  cost_loss: 1.3606  q_loss: 0.0191  reward_max: 0.1252  reward_mean: -0.0751  reward_min: -5.2311  value_loss: 2.7008
Step:  1710000  |  score: 78.94 ± 36.52  |  actor_loss: -0.2601  cost_loss: 1.3618  q_loss: 0.0209  reward_max: 0.1475  reward_mean: -0.0765  reward_min: -5.1914  value_loss: 2.6813
Step:  1720000  |  score: 96.72 ± 26.38  |  actor_loss: -0.0388  cost_loss: 1.3632  q_loss: 0.0115  reward_max: 0.1109  reward_mean: -0.0703  reward_min: -5.2772  value_loss: 2.6160
Step:  1730000  |  score: 107.69 ± 10.46  |  actor_loss: -0.2131  cost_loss: 1.3656  q_loss: 0.0166  reward_max: 0.1348  reward_mean: -0.0418  reward_min: -5.0193  value_loss: 2.8117
Step:  1740000  |  score: 107.51 ± 9.19  |  actor_loss: -0.2362  cost_loss: 1.3563  q_loss: 0.0146  reward_max: 0.1490  reward_mean: -0.0938  reward_min: -5.2213  value_loss: 2.5117
Step:  1750000  |  score: 112.46 ± 0.95  |  actor_loss: -0.3001  cost_loss: 1.3624  q_loss: 0.0268  reward_max: 0.1792  reward_mean: -0.0660  reward_min: -4.1765  value_loss: 2.6340
Step:  1760000  |  score: 103.88 ± 12.31  |  actor_loss: -0.0714  cost_loss: 1.3594  q_loss: 0.0246  reward_max: 0.1487  reward_mean: -0.0745  reward_min: -4.9992  value_loss: 2.5728
Step:  1770000  |  score: 101.24 ± 18.73  |  actor_loss: -0.0229  cost_loss: 1.3701  q_loss: 0.0108  reward_max: 0.1201  reward_mean: -0.0480  reward_min: -5.1261  value_loss: 2.7765
Step:  1780000  |  score: 111.85 ± 1.32  |  actor_loss: -0.1657  cost_loss: 1.3717  q_loss: 0.0121  reward_max: 0.1584  reward_mean: -0.0320  reward_min: -5.1168  value_loss: 2.7821
Step:  1790000  |  score: 100.04 ± 15.38  |  actor_loss: -0.1494  cost_loss: 1.3683  q_loss: 0.0143  reward_max: 0.1559  reward_mean: -0.0467  reward_min: -4.6918  value_loss: 2.8173
Step:  1800000  |  score: 111.29 ± 0.51  |  actor_loss: -0.1609  cost_loss: 1.3613  q_loss: 0.0200  reward_max: 0.1075  reward_mean: -0.0738  reward_min: -5.6270  value_loss: 2.6409
Step:  1810000  |  score: 106.81 ± 13.70  |  actor_loss: -0.3556  cost_loss: 1.3682  q_loss: 0.0132  reward_max: 0.1342  reward_mean: -0.0422  reward_min: -4.7038  value_loss: 2.8910
Step:  1820000  |  score: 112.33 ± 1.35  |  actor_loss: -0.0829  cost_loss: 1.3609  q_loss: 0.0133  reward_max: 0.1324  reward_mean: -0.0733  reward_min: -5.7782  value_loss: 2.6677
Step:  1830000  |  score: 108.31 ± 7.98  |  actor_loss: -0.0767  cost_loss: 1.3549  q_loss: 0.0448  reward_max: 0.1356  reward_mean: -0.1201  reward_min: -5.5095  value_loss: 2.6153
Step:  1840000  |  score: 104.54 ± 17.32  |  actor_loss: -0.2160  cost_loss: 1.3668  q_loss: 0.0113  reward_max: 0.0920  reward_mean: -0.0412  reward_min: -4.1282  value_loss: 2.8429
Step:  1850000  |  score: 74.14 ± 39.99  |  actor_loss: -0.2720  cost_loss: 1.3633  q_loss: 0.0177  reward_max: 0.1813  reward_mean: -0.0504  reward_min: -4.7717  value_loss: 2.7471
Step:  1860000  |  score: 98.76 ± 24.59  |  actor_loss: -0.2036  cost_loss: 1.3558  q_loss: 0.0240  reward_max: 0.0910  reward_mean: -0.1011  reward_min: -5.4652  value_loss: 2.4053
Step:  1870000  |  score: 90.99 ± 21.31  |  actor_loss: -0.2276  cost_loss: 1.3673  q_loss: 0.0233  reward_max: 0.1651  reward_mean: -0.0358  reward_min: -4.8958  value_loss: 2.8723
Step:  1880000  |  score: 109.53 ± 4.80  |  actor_loss: -0.1249  cost_loss: 1.3633  q_loss: 0.0210  reward_max: 0.1248  reward_mean: -0.0638  reward_min: -4.1392  value_loss: 2.6266
Step:  1890000  |  score: 100.03 ± 23.16  |  actor_loss: -0.2466  cost_loss: 1.3615  q_loss: 0.0164  reward_max: 0.1276  reward_mean: -0.0545  reward_min: -3.5517  value_loss: 2.7317
Step:  1900000  |  score: 104.03 ± 12.97  |  actor_loss: -0.1777  cost_loss: 1.3695  q_loss: 0.0129  reward_max: 0.1322  reward_mean: -0.0366  reward_min: -4.4030  value_loss: 2.8964
Step:  1910000  |  score: 108.88 ± 9.47  |  actor_loss: -0.2248  cost_loss: 1.3709  q_loss: 0.0133  reward_max: 0.1518  reward_mean: -0.0132  reward_min: -3.3940  value_loss: 2.9902
Step:  1920000  |  score: 105.47 ± 11.94  |  actor_loss: -0.0602  cost_loss: 1.3622  q_loss: 0.0143  reward_max: 0.1224  reward_mean: -0.0640  reward_min: -4.9122  value_loss: 2.6581
Step:  1930000  |  score: 110.46 ± 5.08  |  actor_loss: -0.1749  cost_loss: 1.3674  q_loss: 0.0128  reward_max: 0.1440  reward_mean: -0.0336  reward_min: -4.6915  value_loss: 2.7614
Step:  1940000  |  score: 93.90 ± 28.94  |  actor_loss: -0.3361  cost_loss: 1.3669  q_loss: 0.0101  reward_max: 0.1150  reward_mean: -0.0354  reward_min: -4.3136  value_loss: 2.8869
Step:  1950000  |  score: 97.41 ± 25.91  |  actor_loss: -0.3142  cost_loss: 1.3667  q_loss: 0.0202  reward_max: 0.1469  reward_mean: -0.0605  reward_min: -5.5777  value_loss: 2.5843
Step:  1960000  |  score: 107.91 ± 10.22  |  actor_loss: -0.1571  cost_loss: 1.3589  q_loss: 0.0200  reward_max: 0.2356  reward_mean: -0.0708  reward_min: -5.2444  value_loss: 2.6401
Step:  1970000  |  score: 102.45 ± 11.60  |  actor_loss: -0.1544  cost_loss: 1.3653  q_loss: 0.0199  reward_max: 0.1619  reward_mean: -0.0586  reward_min: -4.3617  value_loss: 2.6062
Step:  1980000  |  score: 100.61 ± 23.53  |  actor_loss: -0.3135  cost_loss: 1.3705  q_loss: 0.0219  reward_max: 0.1022  reward_mean: -0.0340  reward_min: -4.1787  value_loss: 2.9753
Step:  1990000  |  score: 101.10 ± 23.28  |  actor_loss: -0.3129  cost_loss: 1.3640  q_loss: 0.0289  reward_max: 0.1090  reward_mean: -0.0525  reward_min: -5.2931  value_loss: 2.6455
Step:  2000000  |  score: 101.02 ± 14.47  |  actor_loss: -0.2423  cost_loss: 1.3636  q_loss: 0.0215  reward_max: 0.1588  reward_mean: -0.0560  reward_min: -4.6217  value_loss: 2.7628
Final evaluation (13 iterations)...
Final score: 103.02 ± 20.19
wandb: WARNING Symlinked 1 file into the W&B run directory; call wandb.save again to sync new files.
wandb: updating run metadata
wandb: uploading wandb-summary.json; uploading config.yaml; uploading final_returns/bdemodice_hopper-expert-v2_2026-03-18_11-36-57.npz; uploading output.log
wandb: uploading wandb-summary.json; uploading final_returns/bdemodice_hopper-expert-v2_2026-03-18_11-36-57.npz; uploading output.log
wandb: uploading summary, console lines 214-215
wandb: 
wandb: Run history:
wandb:  actor_loss █▄▂▂▂▂▂▂▂▂▂▂▂▂▂▁▂▂▂▂▁▂▁▂▂▁▂▂▂▂▂▁▁▁▁▂▁▁▁▁
wandb:   cost_loss █▅▅▇▇▄▆▅▆▃▃▄▇▆▅▁▇▆▄▅▄▄▇▅▆▄▅▅▇▄▅▅▃▅▃▃▆▆▄▆
wandb: num_updates ▁▁▁▁▂▂▂▂▃▃▃▄▄▄▄▄▄▅▅▅▅▅▅▆▆▆▆▆▆▆▇▇▇▇▇▇▇███
wandb:      q_loss ▂▃▂▇▂▁▁▁█▁▁▁▁▁▁▁▁▁▁▁▁▁▁▁▁▁▁▁▁▁▁▁▁▁▁▂▁▁▁▁
wandb:      return ▁▅▅▄▆▇▅▅▇▅▅▇▄▅▆▃▅▅▄█▆▇█▅▆▅▃█▆██▃█▇▇▇▆▇▇▆
wandb:  reward_max █▄▄▃▄▆▆▄▂▂▄▃▃▆▂▅▄▂▃▃▄▅▂▄▂▃▁▃▅▂▇▁▃▄▄▂▂▃▁▄
wandb: reward_mean ▆▇▆▆▅▂▄▇▄▄▆▁▅▃▅▄▇▇█▅▇▆▇▅▅▄█▆▆▅▆▃▅▅▅▄▁▆█▅
wandb:  reward_min ▃▄▅▄▅▆▃▅▆▆▄▅▃▆▄▆█▅▅▄▃▄▂▄█▂▃▄▇▁▁▄▇▄▄▄▄▂▅▄
wandb:       score ▁▄▆▆▇▇▇▇▇█▇▆▇▇█▆▇██▅█▆█▇▄█▇█▇██▇██▇▇▇█▇▇
wandb:   score_std ▃▆▅▁▆▂▃▅▄▁▂▆▄▇▄▁▇▇▁▇▃▅▁█▆▇▁▄▅▁▃█▇▅▅▃▄▄▇▇
wandb:          +1 ...
wandb: 
wandb: Run summary:
wandb:  actor_loss -0.24235
wandb:   cost_loss 1.36364
wandb: num_updates 2000000
wandb:      q_loss 0.02146
wandb:      return 3267.37157
wandb:  reward_max 0.15882
wandb: reward_mean -0.05601
wandb:  reward_min -4.62174
wandb:       score 101.01616
wandb:   score_std 14.47263
wandb:          +1 ...
wandb: 
wandb: 🚀 View run bdemodice_hopper_M4_s1 at: https://wandb.ai/wsk208/DemoDICE/runs/41lrna40
wandb: ⭐️ View project at: https://wandb.ai/wsk208/DemoDICE
wandb: Synced 5 W&B file(s), 0 media file(s), 0 artifact file(s) and 1 other file(s)
wandb: Find logs at: ./wandb/run-20260318_111134-41lrna40/logs
