Warning: All of online environments libraries in D4RL have been moved ]8;;https://github.com/Farama-Foundation/Gymnasium\Gymnasium]8;;\, ]8;;https://github.com/Farama-Foundation/MiniGrid\MiniGrid]8;;\ and ]8;;https://github.com/Farama-Foundation/Gymnasium-Robotics\Gymnasium-Robotics]8;;\, and all offline datasets in D4RL have been moved to ]8;;https://github.com/Farama-Foundation/Minari\Minari]8;;\.
These new versions include large bug fixes, new versions of Python, and are where all new development will continue. Please upgrade these libraries as soon as you're able to do so.
If you'd like to read more about the story behind this switch, please check out ]8;;https://farama.org/Announcing-Minari\this blog post]8;;\.
Gym has been unmaintained since 2022 and does not support NumPy 2.0 amongst other critical functionality.
Please upgrade to Gymnasium, the maintained drop-in replacement of Gym, or contact the authors of your software and request that they upgrade.
See the migration guide at https://gymnasium.farama.org/introduction/migration_guide/ for additional information.
/opt/venv/lib/python3.10/site-packages/Cython/Distutils/old_build_ext.py:15: DeprecationWarning: dep_util is Deprecated. Use functions from setuptools instead.
  from distutils.dep_util import newer, newer_group
<frozen importlib._bootstrap>:283: DeprecationWarning: the load_module() method is deprecated and slated for removal in Python 3.12; use exec_module() instead
pybullet build time: Jan 29 2025 23:16:28
wandb: [wandb.login()] Loaded credentials for https://api.wandb.ai from /root/.netrc.
wandb: Currently logged in as: wsk208 to https://api.wandb.ai. Use `wandb login --relogin` to force relogin
/opt/venv/lib/python3.10/site-packages/wandb/analytics/sentry.py:268: DeprecationWarning: Read the `app_url` setting from the appropriate Settings object.
  app_url = wandb.util.app_url(tags["base_url"])  # type: ignore[index]
/opt/venv/lib/python3.10/site-packages/wandb/analytics/sentry.py:279: DeprecationWarning: The `Scope.user` setter is deprecated in favor of `Scope.set_user()`.
  self.scope.user = {"email": email}
wandb: setting up run v77d49mf
/opt/venv/lib/python3.10/site-packages/wandb/analytics/sentry.py:268: DeprecationWarning: Read the `app_url` setting from the appropriate Settings object.
  app_url = wandb.util.app_url(tags["base_url"])  # type: ignore[index]
/opt/venv/lib/python3.10/site-packages/wandb/analytics/sentry.py:279: DeprecationWarning: The `Scope.user` setter is deprecated in favor of `Scope.set_user()`.
  self.scope.user = {"email": email}
wandb: Tracking run with wandb version 0.25.1
wandb: Run data is saved locally in /app/wandb/run-20260318_180358-v77d49mf
wandb: Run `wandb offline` to turn off syncing.
wandb: Syncing run bdemodice_walker2d_M3_s4
wandb: ⭐️ View project at https://wandb.ai/wsk208/DemoDICE
wandb: 🚀 View run at https://wandb.ai/wsk208/DemoDICE/runs/v77d49mf
/opt/venv/lib/python3.10/site-packages/gym/spaces/box.py:84: UserWarning: [33mWARN: Box bound precision lowered by casting to float32[0m
  logger.warn(f"Box bound precision lowered by casting to {self.dtype}")
load datafile:   0%|          | 0/21 [00:00<?, ?it/s]load datafile:   5%|▍         | 1/21 [00:00<00:03,  5.66it/s]load datafile:  14%|█▍        | 3/21 [00:00<00:03,  5.19it/s]load datafile:  19%|█▉        | 4/21 [00:00<00:04,  3.97it/s]load datafile:  81%|████████  | 17/21 [00:01<00:00, 15.23it/s]load datafile:  90%|█████████ | 19/21 [00:01<00:00, 10.57it/s]load datafile: 100%|██████████| 21/21 [00:01<00:00, 10.97it/s]
Expert  :  999000 transitions  (walker2d-expert-v2, 400 traj)
load datafile:   0%|          | 0/9 [00:00<?, ?it/s]load datafile:  11%|█         | 1/9 [00:00<00:01,  6.40it/s]load datafile:  33%|███▎      | 3/9 [00:00<00:01,  5.44it/s]load datafile:  44%|████▍     | 4/9 [00:00<00:01,  4.02it/s]load datafile:  56%|█████▌    | 5/9 [00:01<00:01,  3.15it/s]load datafile:  67%|██████▋   | 6/9 [00:01<00:01,  2.76it/s]load datafile: 100%|██████████| 9/9 [00:01<00:00,  4.85it/s]
Imperfect:   31801 transitions  (walker2d-random-v2, 1600 traj)
Union   : 1030801 transitions total
/root/.local/share/uv/python/cpython-3.10-linux-x86_64-gnu/lib/python3.10/multiprocessing/popen_fork.py:66: RuntimeWarning: os.fork() was called. os.fork() is incompatible with multithreaded code, and JAX is multithreaded, so this will likely lead to a deadlock.
  self.pid = os.fork()
/opt/venv/lib/python3.10/site-packages/tensorflow_probability/python/internal/backend/jax/ops.py:681: DeprecationWarning: jax.interpreters.xla.pytype_aval_mappings is deprecated.
  jax.interpreters.xla.pytype_aval_mappings[onp.ndarray])
/opt/venv/lib/python3.10/site-packages/gym/spaces/box.py:84: UserWarning: [33mWARN: Box bound precision lowered by casting to float32[0m
  logger.warn(f"Box bound precision lowered by casting to {self.dtype}")
Step:    10000  |  score: 9.65 ± 0.17  |  actor_loss: 3.8289  cost_loss: 1.3610  q_loss: 0.2499  reward_max: 0.1686  reward_mean: -0.0985  reward_min: -5.3052  value_loss: 0.4321
Step:    20000  |  score: 10.68 ± 0.72  |  actor_loss: 2.3479  cost_loss: 1.3622  q_loss: 0.2388  reward_max: 0.3789  reward_mean: -0.0799  reward_min: -5.3250  value_loss: 1.0150
Step:    30000  |  score: 51.39 ± 37.63  |  actor_loss: 0.8249  cost_loss: 1.3649  q_loss: 0.1562  reward_max: 0.2608  reward_mean: -0.0587  reward_min: -5.4637  value_loss: 1.4189
Step:    40000  |  score: 108.36 ± 0.47  |  actor_loss: -0.3332  cost_loss: 1.3530  q_loss: 0.3122  reward_max: 0.1804  reward_mean: -0.1464  reward_min: -6.4240  value_loss: 1.2669
Step:    50000  |  score: 108.12 ± 0.42  |  actor_loss: -1.1119  cost_loss: 1.3614  q_loss: 0.1610  reward_max: 0.1839  reward_mean: -0.0870  reward_min: -6.0822  value_loss: 1.6718
Step:    60000  |  score: 11.84 ± 0.39  |  actor_loss: -1.3646  cost_loss: 1.3584  q_loss: 0.2708  reward_max: 0.3403  reward_mean: -0.0967  reward_min: -5.8542  value_loss: 1.5916
Step:    70000  |  score: 60.99 ± 47.32  |  actor_loss: -1.5804  cost_loss: 1.3600  q_loss: 0.1794  reward_max: 0.1569  reward_mean: -0.1297  reward_min: -6.3154  value_loss: 1.7837
Step:    80000  |  score: 108.04 ± 0.17  |  actor_loss: -1.9044  cost_loss: 1.3640  q_loss: 0.1531  reward_max: 0.1682  reward_mean: -0.0940  reward_min: -6.2948  value_loss: 1.8379
Step:    90000  |  score: 108.71 ± 0.63  |  actor_loss: -1.3415  cost_loss: 1.3635  q_loss: 0.1904  reward_max: 0.1889  reward_mean: -0.1204  reward_min: -6.4042  value_loss: 1.8714
Step:   100000  |  score: 109.46 ± 0.14  |  actor_loss: -1.8154  cost_loss: 1.3656  q_loss: 0.1884  reward_max: 0.1036  reward_mean: -0.0864  reward_min: -6.5844  value_loss: 1.9030
Step:   110000  |  score: 108.56 ± 0.41  |  actor_loss: -1.1679  cost_loss: 1.3543  q_loss: 0.1842  reward_max: 0.1685  reward_mean: -0.1430  reward_min: -6.6482  value_loss: 1.7079
Step:   120000  |  score: 109.53 ± 0.20  |  actor_loss: -2.0546  cost_loss: 1.3525  q_loss: 0.2110  reward_max: 0.2547  reward_mean: -0.1256  reward_min: -6.5487  value_loss: 1.6806
Step:   130000  |  score: 108.67 ± 0.18  |  actor_loss: -1.8429  cost_loss: 1.3535  q_loss: 0.2749  reward_max: 0.2564  reward_mean: -0.1751  reward_min: -6.7083  value_loss: 1.5985
Step:   140000  |  score: 108.83 ± 0.22  |  actor_loss: -2.0171  cost_loss: 1.3585  q_loss: 0.1018  reward_max: 0.1782  reward_mean: -0.1266  reward_min: -6.6671  value_loss: 1.7421
Step:   150000  |  score: 108.74 ± 0.40  |  actor_loss: -2.0957  cost_loss: 1.3597  q_loss: 0.1455  reward_max: 0.1963  reward_mean: -0.1333  reward_min: -6.5131  value_loss: 1.7901
Step:   160000  |  score: 109.17 ± 0.30  |  actor_loss: -1.4819  cost_loss: 1.3597  q_loss: 0.2102  reward_max: 0.1598  reward_mean: -0.1341  reward_min: -6.3085  value_loss: 1.9256
Step:   170000  |  score: 109.02 ± 0.13  |  actor_loss: -1.6921  cost_loss: 1.3654  q_loss: 0.1454  reward_max: 0.1459  reward_mean: -0.0755  reward_min: -6.2676  value_loss: 2.0194
Step:   180000  |  score: 108.66 ± 0.41  |  actor_loss: -1.8185  cost_loss: 1.3628  q_loss: 0.1796  reward_max: 0.2498  reward_mean: -0.1027  reward_min: -5.6873  value_loss: 1.8740
Step:   190000  |  score: 109.05 ± 0.28  |  actor_loss: -2.1739  cost_loss: 1.3709  q_loss: 0.0742  reward_max: 0.1527  reward_mean: -0.0283  reward_min: -6.3353  value_loss: 2.2462
Step:   200000  |  score: 108.18 ± 0.82  |  actor_loss: -2.2692  cost_loss: 1.3675  q_loss: 0.1299  reward_max: 0.2248  reward_mean: -0.0577  reward_min: -6.3620  value_loss: 2.2326
Step:   210000  |  score: 109.14 ± 0.26  |  actor_loss: -1.9365  cost_loss: 1.3635  q_loss: 0.0746  reward_max: 0.1166  reward_mean: -0.1020  reward_min: -6.6011  value_loss: 1.9626
Step:   220000  |  score: 108.93 ± 0.30  |  actor_loss: -1.5888  cost_loss: 1.3536  q_loss: 0.3435  reward_max: 0.2237  reward_mean: -0.1572  reward_min: -6.5713  value_loss: 1.6309
Step:   230000  |  score: 109.24 ± 0.19  |  actor_loss: -1.6070  cost_loss: 1.3627  q_loss: 0.1511  reward_max: 0.1884  reward_mean: -0.0803  reward_min: -6.3693  value_loss: 2.0086
Step:   240000  |  score: 107.86 ± 0.97  |  actor_loss: -1.8431  cost_loss: 1.3621  q_loss: 0.1360  reward_max: 0.1561  reward_mean: -0.1158  reward_min: -6.3165  value_loss: 1.8274
Step:   250000  |  score: 109.03 ± 0.32  |  actor_loss: -2.4189  cost_loss: 1.3687  q_loss: 0.1410  reward_max: 0.1367  reward_mean: -0.0674  reward_min: -6.4979  value_loss: 2.2086
Step:   260000  |  score: 108.85 ± 0.50  |  actor_loss: -1.7870  cost_loss: 1.3601  q_loss: 0.1179  reward_max: 0.1039  reward_mean: -0.1101  reward_min: -6.6268  value_loss: 1.9512
Step:   270000  |  score: 107.93 ± 0.55  |  actor_loss: -2.0223  cost_loss: 1.3701  q_loss: 0.0340  reward_max: 0.1710  reward_mean: -0.0761  reward_min: -6.5464  value_loss: 2.2831
Step:   280000  |  score: 108.99 ± 0.41  |  actor_loss: -1.9563  cost_loss: 1.3720  q_loss: 0.0601  reward_max: 0.1037  reward_mean: -0.0578  reward_min: -6.1234  value_loss: 2.2384
Step:   290000  |  score: 107.96 ± 0.33  |  actor_loss: -2.2766  cost_loss: 1.3619  q_loss: 0.2266  reward_max: 0.1541  reward_mean: -0.1210  reward_min: -6.3917  value_loss: 1.9346
Step:   300000  |  score: 108.75 ± 0.42  |  actor_loss: -1.8136  cost_loss: 1.3503  q_loss: 0.1408  reward_max: 0.1330  reward_mean: -0.1879  reward_min: -6.5482  value_loss: 1.6002
Step:   310000  |  score: 108.66 ± 0.60  |  actor_loss: -1.3100  cost_loss: 1.3582  q_loss: 0.1814  reward_max: 0.1345  reward_mean: -0.1173  reward_min: -6.5038  value_loss: 1.8922
Step:   320000  |  score: 108.15 ± 0.14  |  actor_loss: -2.2130  cost_loss: 1.3689  q_loss: 0.0659  reward_max: 0.1441  reward_mean: -0.0751  reward_min: -6.5630  value_loss: 2.2293
Step:   330000  |  score: 109.12 ± 0.41  |  actor_loss: -2.2713  cost_loss: 1.3667  q_loss: 0.0914  reward_max: 0.1625  reward_mean: -0.0867  reward_min: -6.4154  value_loss: 2.2223
Step:   340000  |  score: 108.52 ± 0.34  |  actor_loss: -2.2026  cost_loss: 1.3670  q_loss: 0.0312  reward_max: 0.1029  reward_mean: -0.0877  reward_min: -6.1826  value_loss: 2.1897
Step:   350000  |  score: 108.99 ± 0.33  |  actor_loss: -1.8291  cost_loss: 1.3611  q_loss: 0.1598  reward_max: 0.2836  reward_mean: -0.1000  reward_min: -6.2360  value_loss: 1.8308
Step:   360000  |  score: 108.70 ± 0.31  |  actor_loss: -1.8208  cost_loss: 1.3665  q_loss: 0.1577  reward_max: 0.1575  reward_mean: -0.0801  reward_min: -6.1151  value_loss: 2.1955
Step:   370000  |  score: 108.87 ± 0.33  |  actor_loss: -1.9822  cost_loss: 1.3632  q_loss: 0.0662  reward_max: 0.1216  reward_mean: -0.1054  reward_min: -6.5006  value_loss: 2.0350
Step:   380000  |  score: 109.27 ± 0.20  |  actor_loss: -1.9779  cost_loss: 1.3617  q_loss: 0.0980  reward_max: 0.1896  reward_mean: -0.1221  reward_min: -6.5886  value_loss: 2.0034
Step:   390000  |  score: 108.32 ± 0.60  |  actor_loss: -2.0358  cost_loss: 1.3678  q_loss: 0.0720  reward_max: 0.1639  reward_mean: -0.0650  reward_min: -6.5881  value_loss: 2.2418
Step:   400000  |  score: 109.21 ± 0.28  |  actor_loss: -2.0628  cost_loss: 1.3644  q_loss: 0.0519  reward_max: 0.1255  reward_mean: -0.1133  reward_min: -6.3104  value_loss: 2.0103
Step:   410000  |  score: 108.63 ± 0.19  |  actor_loss: -2.4058  cost_loss: 1.3773  q_loss: 0.0407  reward_max: 0.2535  reward_mean: -0.0218  reward_min: -6.3982  value_loss: 2.5840
Step:   420000  |  score: 109.12 ± 0.20  |  actor_loss: -1.6176  cost_loss: 1.3451  q_loss: 0.1566  reward_max: 0.1575  reward_mean: -0.2071  reward_min: -6.4771  value_loss: 1.4478
Step:   430000  |  score: 108.56 ± 0.27  |  actor_loss: -1.6476  cost_loss: 1.3576  q_loss: 0.1026  reward_max: 0.1253  reward_mean: -0.1556  reward_min: -6.5688  value_loss: 1.7194
Step:   440000  |  score: 108.67 ± 0.43  |  actor_loss: -1.7018  cost_loss: 1.3680  q_loss: 0.0520  reward_max: 0.1188  reward_mean: -0.0622  reward_min: -6.5252  value_loss: 2.2067
Step:   450000  |  score: 108.24 ± 0.57  |  actor_loss: -1.8600  cost_loss: 1.3615  q_loss: 0.0413  reward_max: 0.0958  reward_mean: -0.1306  reward_min: -6.5216  value_loss: 2.0339
Step:   460000  |  score: 109.47 ± 0.22  |  actor_loss: -1.6923  cost_loss: 1.3596  q_loss: 0.0756  reward_max: 0.1256  reward_mean: -0.1214  reward_min: -6.6823  value_loss: 2.0055
Step:   470000  |  score: 108.99 ± 0.14  |  actor_loss: -1.8234  cost_loss: 1.3469  q_loss: 0.1287  reward_max: 0.1805  reward_mean: -0.2406  reward_min: -6.6781  value_loss: 1.5906
Step:   480000  |  score: 108.65 ± 0.49  |  actor_loss: -2.2009  cost_loss: 1.3620  q_loss: 0.1952  reward_max: 0.1375  reward_mean: -0.1242  reward_min: -6.5416  value_loss: 2.1052
Step:   490000  |  score: 109.35 ± 0.50  |  actor_loss: -1.9401  cost_loss: 1.3602  q_loss: 0.1917  reward_max: 0.1941  reward_mean: -0.1199  reward_min: -6.4198  value_loss: 2.1605
Step:   500000  |  score: 108.03 ± 0.39  |  actor_loss: -2.2273  cost_loss: 1.3630  q_loss: 0.0656  reward_max: 0.1552  reward_mean: -0.0955  reward_min: -6.4552  value_loss: 2.1773
Step:   510000  |  score: 108.80 ± 0.24  |  actor_loss: -0.7661  cost_loss: 1.3600  q_loss: 0.1229  reward_max: 0.1243  reward_mean: -0.1263  reward_min: -6.5876  value_loss: 2.0490
Step:   520000  |  score: 108.76 ± 0.48  |  actor_loss: -1.5182  cost_loss: 1.3644  q_loss: 0.1057  reward_max: 0.1342  reward_mean: -0.1113  reward_min: -6.5592  value_loss: 2.1355
Step:   530000  |  score: 108.94 ± 0.30  |  actor_loss: -2.1209  cost_loss: 1.3667  q_loss: 0.0398  reward_max: 0.3929  reward_mean: -0.0810  reward_min: -6.4726  value_loss: 2.3069
Step:   540000  |  score: 108.29 ± 0.27  |  actor_loss: -2.2004  cost_loss: 1.3603  q_loss: 0.0943  reward_max: 0.1214  reward_mean: -0.1196  reward_min: -6.4032  value_loss: 2.1074
Step:   550000  |  score: 109.21 ± 0.16  |  actor_loss: -1.8765  cost_loss: 1.3609  q_loss: 0.1013  reward_max: 0.1087  reward_mean: -0.1208  reward_min: -6.4378  value_loss: 2.0268
Step:   560000  |  score: 108.96 ± 0.47  |  actor_loss: -2.1411  cost_loss: 1.3641  q_loss: 0.1284  reward_max: 0.2437  reward_mean: -0.0827  reward_min: -6.4047  value_loss: 2.0652
Step:   570000  |  score: 109.13 ± 0.54  |  actor_loss: -1.9968  cost_loss: 1.3670  q_loss: 0.0661  reward_max: 0.2694  reward_mean: -0.0802  reward_min: -6.2519  value_loss: 2.3993
Step:   580000  |  score: 108.87 ± 0.27  |  actor_loss: -2.2777  cost_loss: 1.3663  q_loss: 0.0929  reward_max: 0.1692  reward_mean: -0.0843  reward_min: -6.4818  value_loss: 2.1863
Step:   590000  |  score: 108.89 ± 0.85  |  actor_loss: -1.9273  cost_loss: 1.3564  q_loss: 0.0606  reward_max: 0.2239  reward_mean: -0.1478  reward_min: -6.6664  value_loss: 1.8792
Step:   600000  |  score: 108.20 ± 0.60  |  actor_loss: -2.3313  cost_loss: 1.3651  q_loss: 0.0876  reward_max: 0.1869  reward_mean: -0.0857  reward_min: -6.3995  value_loss: 2.2201
Step:   610000  |  score: 108.95 ± 0.20  |  actor_loss: -1.7443  cost_loss: 1.3563  q_loss: 0.1982  reward_max: 0.2687  reward_mean: -0.1415  reward_min: -6.4726  value_loss: 1.7936
Step:   620000  |  score: 109.25 ± 0.22  |  actor_loss: -1.8726  cost_loss: 1.3567  q_loss: 0.1633  reward_max: 0.1634  reward_mean: -0.1744  reward_min: -6.5445  value_loss: 1.8461
Step:   630000  |  score: 108.89 ± 0.48  |  actor_loss: -1.7582  cost_loss: 1.3558  q_loss: 0.0299  reward_max: 0.1448  reward_mean: -0.1649  reward_min: -6.5410  value_loss: 1.8357
Step:   640000  |  score: 109.03 ± 0.24  |  actor_loss: -1.4957  cost_loss: 1.3559  q_loss: 0.0586  reward_max: 0.2153  reward_mean: -0.1464  reward_min: -6.3958  value_loss: 1.7167
Step:   650000  |  score: 109.27 ± 0.37  |  actor_loss: -2.2677  cost_loss: 1.3618  q_loss: 0.1068  reward_max: 0.2244  reward_mean: -0.0872  reward_min: -6.2943  value_loss: 2.0814
Step:   660000  |  score: 109.28 ± 0.21  |  actor_loss: -2.0893  cost_loss: 1.3585  q_loss: 0.0682  reward_max: 0.1992  reward_mean: -0.1416  reward_min: -6.4524  value_loss: 1.9583
Step:   670000  |  score: 109.34 ± 0.21  |  actor_loss: -2.1036  cost_loss: 1.3612  q_loss: 0.0418  reward_max: 0.1096  reward_mean: -0.1191  reward_min: -6.4163  value_loss: 1.9390
Step:   680000  |  score: 108.76 ± 0.30  |  actor_loss: -2.2705  cost_loss: 1.3622  q_loss: 0.0421  reward_max: 0.0790  reward_mean: -0.1281  reward_min: -6.4232  value_loss: 2.1686
Step:   690000  |  score: 108.50 ± 0.40  |  actor_loss: -2.1321  cost_loss: 1.3586  q_loss: 0.0955  reward_max: 0.1267  reward_mean: -0.1492  reward_min: -6.5070  value_loss: 1.8888
Step:   700000  |  score: 108.86 ± 0.18  |  actor_loss: -2.0479  cost_loss: 1.3591  q_loss: 0.1068  reward_max: 0.1124  reward_mean: -0.1366  reward_min: -6.3707  value_loss: 1.9451
Step:   710000  |  score: 109.03 ± 0.22  |  actor_loss: -2.2154  cost_loss: 1.3564  q_loss: 0.0710  reward_max: 0.2028  reward_mean: -0.1629  reward_min: -6.5784  value_loss: 1.8393
Step:   720000  |  score: 108.58 ± 0.31  |  actor_loss: -2.2404  cost_loss: 1.3642  q_loss: 0.0639  reward_max: 0.2700  reward_mean: -0.1011  reward_min: -6.3337  value_loss: 2.2753
Step:   730000  |  score: 108.89 ± 0.40  |  actor_loss: -1.8071  cost_loss: 1.3648  q_loss: 0.0809  reward_max: 0.1442  reward_mean: -0.0957  reward_min: -6.5547  value_loss: 2.1992
Step:   740000  |  score: 108.92 ± 0.23  |  actor_loss: -1.9875  cost_loss: 1.3650  q_loss: 0.0630  reward_max: 0.1547  reward_mean: -0.0980  reward_min: -6.5332  value_loss: 2.3151
Step:   750000  |  score: 108.79 ± 0.46  |  actor_loss: -1.9478  cost_loss: 1.3639  q_loss: 0.0606  reward_max: 0.2295  reward_mean: -0.0968  reward_min: -6.5638  value_loss: 2.3478
Step:   760000  |  score: 108.75 ± 0.26  |  actor_loss: -2.0738  cost_loss: 1.3542  q_loss: 0.1283  reward_max: 0.1281  reward_mean: -0.1630  reward_min: -6.4734  value_loss: 1.9306
Step:   770000  |  score: 108.84 ± 0.32  |  actor_loss: -2.4973  cost_loss: 1.3655  q_loss: 0.0902  reward_max: 0.1265  reward_mean: -0.0741  reward_min: -5.8907  value_loss: 2.1536
Step:   780000  |  score: 108.99 ± 0.30  |  actor_loss: -2.1967  cost_loss: 1.3696  q_loss: 0.0256  reward_max: 0.2206  reward_mean: -0.0751  reward_min: -6.4037  value_loss: 2.3770
Step:   790000  |  score: 108.77 ± 0.29  |  actor_loss: -2.1219  cost_loss: 1.3659  q_loss: 0.0670  reward_max: 0.1942  reward_mean: -0.0810  reward_min: -6.4147  value_loss: 2.2102
Step:   800000  |  score: 109.24 ± 0.24  |  actor_loss: -1.7031  cost_loss: 1.3732  q_loss: 0.0250  reward_max: 0.1706  reward_mean: -0.0391  reward_min: -6.4387  value_loss: 2.5962
Step:   810000  |  score: 109.18 ± 0.48  |  actor_loss: -1.5041  cost_loss: 1.3558  q_loss: 0.0797  reward_max: 0.2666  reward_mean: -0.1846  reward_min: -6.5198  value_loss: 1.6904
Step:   820000  |  score: 109.21 ± 0.43  |  actor_loss: -1.9553  cost_loss: 1.3536  q_loss: 0.0964  reward_max: 0.1400  reward_mean: -0.1864  reward_min: -6.4883  value_loss: 1.7995
Step:   830000  |  score: 108.61 ± 0.38  |  actor_loss: -1.9699  cost_loss: 1.3574  q_loss: 0.0628  reward_max: 0.1347  reward_mean: -0.1525  reward_min: -6.5641  value_loss: 1.7666
Step:   840000  |  score: 108.64 ± 0.17  |  actor_loss: -1.8419  cost_loss: 1.3626  q_loss: 0.1165  reward_max: 0.1882  reward_mean: -0.0968  reward_min: -6.4707  value_loss: 2.3341
Step:   850000  |  score: 109.20 ± 0.23  |  actor_loss: -2.4271  cost_loss: 1.3700  q_loss: 0.0720  reward_max: 0.1111  reward_mean: -0.0335  reward_min: -6.4409  value_loss: 2.6271
Step:   860000  |  score: 109.28 ± 0.16  |  actor_loss: -2.0006  cost_loss: 1.3613  q_loss: 0.0987  reward_max: 0.2424  reward_mean: -0.1282  reward_min: -6.3326  value_loss: 1.8690
Step:   870000  |  score: 108.67 ± 0.25  |  actor_loss: -1.7024  cost_loss: 1.3618  q_loss: 0.0526  reward_max: 0.1187  reward_mean: -0.1169  reward_min: -6.4522  value_loss: 1.8974
Step:   880000  |  score: 109.60 ± 0.26  |  actor_loss: -1.2366  cost_loss: 1.3672  q_loss: 0.0656  reward_max: 0.0997  reward_mean: -0.0855  reward_min: -6.5095  value_loss: 2.3606
Step:   890000  |  score: 108.80 ± 0.35  |  actor_loss: -2.2285  cost_loss: 1.3595  q_loss: 0.0885  reward_max: 0.1256  reward_mean: -0.1547  reward_min: -6.5000  value_loss: 2.1839
Step:   900000  |  score: 108.94 ± 0.22  |  actor_loss: -2.1577  cost_loss: 1.3586  q_loss: 0.0763  reward_max: 0.1427  reward_mean: -0.1338  reward_min: -6.5002  value_loss: 1.8144
Step:   910000  |  score: 109.08 ± 0.20  |  actor_loss: -2.1860  cost_loss: 1.3587  q_loss: 0.0548  reward_max: 0.3376  reward_mean: -0.1265  reward_min: -6.4959  value_loss: 1.9009
Step:   920000  |  score: 108.91 ± 0.30  |  actor_loss: -2.4560  cost_loss: 1.3655  q_loss: 0.0721  reward_max: 0.1301  reward_mean: -0.0978  reward_min: -6.5030  value_loss: 2.2736
Step:   930000  |  score: 109.37 ± 0.29  |  actor_loss: -1.9213  cost_loss: 1.3563  q_loss: 0.1036  reward_max: 0.1001  reward_mean: -0.1560  reward_min: -6.5578  value_loss: 2.0123
Step:   940000  |  score: 108.60 ± 0.42  |  actor_loss: -2.1553  cost_loss: 1.3624  q_loss: 0.1432  reward_max: 0.2150  reward_mean: -0.1108  reward_min: -6.3942  value_loss: 2.1011
Step:   950000  |  score: 109.05 ± 0.16  |  actor_loss: -2.3447  cost_loss: 1.3581  q_loss: 0.0677  reward_max: 0.1662  reward_mean: -0.1488  reward_min: -6.5990  value_loss: 2.0088
Step:   960000  |  score: 108.25 ± 0.36  |  actor_loss: -2.3694  cost_loss: 1.3722  q_loss: 0.0261  reward_max: 0.1179  reward_mean: -0.0502  reward_min: -6.1213  value_loss: 2.4421
Step:   970000  |  score: 108.86 ± 0.21  |  actor_loss: -1.6002  cost_loss: 1.3528  q_loss: 0.0879  reward_max: 0.1543  reward_mean: -0.1862  reward_min: -6.4479  value_loss: 1.7104
Step:   980000  |  score: 108.76 ± 0.26  |  actor_loss: -2.1178  cost_loss: 1.3563  q_loss: 0.0767  reward_max: 0.1350  reward_mean: -0.1501  reward_min: -6.4728  value_loss: 1.6325
Step:   990000  |  score: 108.97 ± 0.08  |  actor_loss: -1.9118  cost_loss: 1.3592  q_loss: 0.0421  reward_max: 0.1348  reward_mean: -0.1187  reward_min: -6.4099  value_loss: 1.8135
Step:  1000000  |  score: 108.78 ± 0.47  |  actor_loss: -1.7426  cost_loss: 1.3566  q_loss: 0.0923  reward_max: 0.1209  reward_mean: -0.1708  reward_min: -6.5403  value_loss: 1.9361
Step:  1010000  |  score: 108.45 ± 0.39  |  actor_loss: -2.2306  cost_loss: 1.3564  q_loss: 0.0711  reward_max: 0.1850  reward_mean: -0.1681  reward_min: -6.7181  value_loss: 1.7164
Step:  1020000  |  score: 109.16 ± 0.23  |  actor_loss: -2.1018  cost_loss: 1.3634  q_loss: 0.0705  reward_max: 0.2134  reward_mean: -0.1180  reward_min: -6.5963  value_loss: 2.3189
Step:  1030000  |  score: 108.24 ± 0.29  |  actor_loss: -2.0469  cost_loss: 1.3580  q_loss: 0.1895  reward_max: 0.1420  reward_mean: -0.1332  reward_min: -6.4119  value_loss: 1.8415
Step:  1040000  |  score: 109.13 ± 0.20  |  actor_loss: -1.4678  cost_loss: 1.3657  q_loss: 0.0662  reward_max: 0.1582  reward_mean: -0.0915  reward_min: -6.4581  value_loss: 2.1176
Step:  1050000  |  score: 109.11 ± 0.38  |  actor_loss: -2.0043  cost_loss: 1.3580  q_loss: 0.0751  reward_max: 0.2015  reward_mean: -0.1453  reward_min: -6.4829  value_loss: 1.8395
Step:  1060000  |  score: 109.16 ± 0.24  |  actor_loss: -2.0466  cost_loss: 1.3646  q_loss: 0.0480  reward_max: 0.1523  reward_mean: -0.0945  reward_min: -6.4276  value_loss: 2.1840
Step:  1070000  |  score: 109.05 ± 0.17  |  actor_loss: -2.2515  cost_loss: 1.3693  q_loss: 0.0556  reward_max: 0.1161  reward_mean: -0.0597  reward_min: -6.5149  value_loss: 2.5051
Step:  1080000  |  score: 108.69 ± 0.47  |  actor_loss: -2.4011  cost_loss: 1.3644  q_loss: 0.1043  reward_max: 0.1239  reward_mean: -0.0805  reward_min: -6.2003  value_loss: 2.3587
Step:  1090000  |  score: 108.62 ± 0.51  |  actor_loss: -1.1599  cost_loss: 1.3573  q_loss: 0.1058  reward_max: 0.1716  reward_mean: -0.1675  reward_min: -6.6086  value_loss: 1.8303
Step:  1100000  |  score: 109.19 ± 0.41  |  actor_loss: -1.9416  cost_loss: 1.3565  q_loss: 0.0475  reward_max: 0.1617  reward_mean: -0.1482  reward_min: -6.5284  value_loss: 1.9313
Step:  1110000  |  score: 108.48 ± 0.21  |  actor_loss: -2.1205  cost_loss: 1.3609  q_loss: 0.0473  reward_max: 0.2440  reward_mean: -0.1177  reward_min: -6.4348  value_loss: 1.9415
Step:  1120000  |  score: 108.78 ± 0.41  |  actor_loss: -2.2859  cost_loss: 1.3653  q_loss: 0.0320  reward_max: 0.1885  reward_mean: -0.1134  reward_min: -6.5397  value_loss: 2.1815
Step:  1130000  |  score: 109.04 ± 0.31  |  actor_loss: -2.0456  cost_loss: 1.3628  q_loss: 0.1573  reward_max: 0.3089  reward_mean: -0.1425  reward_min: -6.6281  value_loss: 2.0571
Step:  1140000  |  score: 109.35 ± 0.12  |  actor_loss: -2.0398  cost_loss: 1.3560  q_loss: 0.0734  reward_max: 0.2717  reward_mean: -0.1634  reward_min: -6.5733  value_loss: 1.8418
Step:  1150000  |  score: 108.30 ± 0.21  |  actor_loss: -1.9208  cost_loss: 1.3554  q_loss: 0.0438  reward_max: 0.2315  reward_mean: -0.1507  reward_min: -6.5142  value_loss: 1.9043
Step:  1160000  |  score: 108.60 ± 0.24  |  actor_loss: -1.9557  cost_loss: 1.3676  q_loss: 0.0233  reward_max: 0.2261  reward_mean: -0.0825  reward_min: -6.6182  value_loss: 2.3744
Step:  1170000  |  score: 108.80 ± 0.27  |  actor_loss: -2.0700  cost_loss: 1.3655  q_loss: 0.0672  reward_max: 0.0952  reward_mean: -0.1001  reward_min: -6.4796  value_loss: 2.2971
Step:  1180000  |  score: 108.74 ± 0.21  |  actor_loss: -2.3273  cost_loss: 1.3647  q_loss: 0.0847  reward_max: 0.1006  reward_mean: -0.0935  reward_min: -6.2485  value_loss: 2.2191
Step:  1190000  |  score: 108.75 ± 0.32  |  actor_loss: -2.1295  cost_loss: 1.3595  q_loss: 0.0598  reward_max: 0.1282  reward_mean: -0.1552  reward_min: -6.3846  value_loss: 2.0467
Step:  1200000  |  score: 109.12 ± 0.37  |  actor_loss: -2.1205  cost_loss: 1.3602  q_loss: 0.1003  reward_max: 0.1444  reward_mean: -0.1411  reward_min: -6.5064  value_loss: 2.1360
Step:  1210000  |  score: 108.17 ± 0.21  |  actor_loss: -2.1893  cost_loss: 1.3610  q_loss: 0.0610  reward_max: 0.1065  reward_mean: -0.1277  reward_min: -6.4716  value_loss: 2.1740
Step:  1220000  |  score: 109.01 ± 0.15  |  actor_loss: -1.8698  cost_loss: 1.3629  q_loss: 0.0311  reward_max: 0.1585  reward_mean: -0.1054  reward_min: -6.4812  value_loss: 2.1498
Step:  1230000  |  score: 108.43 ± 0.42  |  actor_loss: -2.1946  cost_loss: 1.3483  q_loss: 0.1050  reward_max: 0.1167  reward_mean: -0.2379  reward_min: -6.6471  value_loss: 1.7091
Step:  1240000  |  score: 108.23 ± 0.38  |  actor_loss: -1.8648  cost_loss: 1.3690  q_loss: 0.0462  reward_max: 0.1063  reward_mean: -0.0644  reward_min: -6.2564  value_loss: 2.3380
Step:  1250000  |  score: 107.74 ± 0.73  |  actor_loss: -2.1602  cost_loss: 1.3623  q_loss: 0.0540  reward_max: 0.1573  reward_mean: -0.1364  reward_min: -6.4447  value_loss: 2.0201
Step:  1260000  |  score: 109.01 ± 0.17  |  actor_loss: -2.1123  cost_loss: 1.3643  q_loss: 0.0512  reward_max: 0.1374  reward_mean: -0.1148  reward_min: -6.4706  value_loss: 2.1657
Step:  1270000  |  score: 108.84 ± 0.32  |  actor_loss: -2.2867  cost_loss: 1.3669  q_loss: 0.0515  reward_max: 0.0975  reward_mean: -0.0843  reward_min: -6.5249  value_loss: 2.3427
Step:  1280000  |  score: 108.74 ± 0.33  |  actor_loss: -2.3010  cost_loss: 1.3614  q_loss: 0.0538  reward_max: 0.1401  reward_mean: -0.1221  reward_min: -6.6458  value_loss: 2.1577
Step:  1290000  |  score: 108.67 ± 0.22  |  actor_loss: -2.2182  cost_loss: 1.3604  q_loss: 0.0592  reward_max: 0.1727  reward_mean: -0.1252  reward_min: -6.3395  value_loss: 2.2098
Step:  1300000  |  score: 109.66 ± 0.23  |  actor_loss: -2.2641  cost_loss: 1.3653  q_loss: 0.0547  reward_max: 0.1956  reward_mean: -0.0946  reward_min: -6.4981  value_loss: 2.5385
Step:  1310000  |  score: 108.83 ± 0.26  |  actor_loss: -2.0653  cost_loss: 1.3591  q_loss: 0.0637  reward_max: 0.1998  reward_mean: -0.1269  reward_min: -6.3970  value_loss: 1.9173
Step:  1320000  |  score: 108.70 ± 0.17  |  actor_loss: -2.1549  cost_loss: 1.3613  q_loss: 0.0275  reward_max: 0.1508  reward_mean: -0.1152  reward_min: -6.4227  value_loss: 2.0619
Step:  1330000  |  score: 108.98 ± 0.28  |  actor_loss: -1.9498  cost_loss: 1.3582  q_loss: 0.0838  reward_max: 0.2288  reward_mean: -0.1600  reward_min: -6.5689  value_loss: 1.9957
Step:  1340000  |  score: 109.32 ± 0.11  |  actor_loss: -2.5174  cost_loss: 1.3708  q_loss: 0.0520  reward_max: 0.3366  reward_mean: -0.0614  reward_min: -6.3126  value_loss: 2.5314
Step:  1350000  |  score: 108.88 ± 0.43  |  actor_loss: -2.0508  cost_loss: 1.3601  q_loss: 0.0529  reward_max: 0.2276  reward_mean: -0.1449  reward_min: -6.5169  value_loss: 2.1158
Step:  1360000  |  score: 109.08 ± 0.24  |  actor_loss: -2.4777  cost_loss: 1.3689  q_loss: 0.0497  reward_max: 0.1940  reward_mean: -0.0577  reward_min: -6.5967  value_loss: 2.4857
Step:  1370000  |  score: 109.16 ± 0.40  |  actor_loss: -2.2800  cost_loss: 1.3549  q_loss: 0.0630  reward_max: 0.1300  reward_mean: -0.1836  reward_min: -6.5437  value_loss: 1.8712
Step:  1380000  |  score: 109.18 ± 0.20  |  actor_loss: -2.1599  cost_loss: 1.3645  q_loss: 0.0564  reward_max: 0.2263  reward_mean: -0.1138  reward_min: -6.4545  value_loss: 2.1602
Step:  1390000  |  score: 109.03 ± 0.23  |  actor_loss: -2.4178  cost_loss: 1.3679  q_loss: 0.0648  reward_max: 0.1334  reward_mean: -0.0550  reward_min: -6.0791  value_loss: 2.3911
Step:  1400000  |  score: 109.16 ± 0.19  |  actor_loss: -2.0799  cost_loss: 1.3671  q_loss: 0.0498  reward_max: 0.2062  reward_mean: -0.1035  reward_min: -6.5889  value_loss: 2.4173
Step:  1410000  |  score: 109.20 ± 0.15  |  actor_loss: -2.1738  cost_loss: 1.3633  q_loss: 0.0374  reward_max: 0.1347  reward_mean: -0.1202  reward_min: -6.5168  value_loss: 2.1731
Step:  1420000  |  score: 109.37 ± 0.30  |  actor_loss: -2.2393  cost_loss: 1.3654  q_loss: 0.0574  reward_max: 0.3053  reward_mean: -0.0857  reward_min: -6.4353  value_loss: 2.2833
Step:  1430000  |  score: 108.64 ± 0.32  |  actor_loss: -1.9407  cost_loss: 1.3546  q_loss: 0.1093  reward_max: 0.1139  reward_mean: -0.1455  reward_min: -6.4311  value_loss: 1.8243
Step:  1440000  |  score: 108.18 ± 0.34  |  actor_loss: -1.9238  cost_loss: 1.3600  q_loss: 0.0391  reward_max: 0.1438  reward_mean: -0.1292  reward_min: -6.4761  value_loss: 2.0705
Step:  1450000  |  score: 108.71 ± 0.41  |  actor_loss: -2.2534  cost_loss: 1.3638  q_loss: 0.0599  reward_max: 0.1993  reward_mean: -0.1014  reward_min: -6.4387  value_loss: 2.4361
Step:  1460000  |  score: 108.74 ± 0.24  |  actor_loss: -2.5360  cost_loss: 1.3656  q_loss: 0.0404  reward_max: 0.0836  reward_mean: -0.0863  reward_min: -6.4058  value_loss: 2.3337
Step:  1470000  |  score: 109.22 ± 0.23  |  actor_loss: -1.8341  cost_loss: 1.3645  q_loss: 0.0588  reward_max: 0.1386  reward_mean: -0.1002  reward_min: -6.3669  value_loss: 2.2234
Step:  1480000  |  score: 109.17 ± 0.24  |  actor_loss: -1.5680  cost_loss: 1.3541  q_loss: 0.0701  reward_max: 0.1072  reward_mean: -0.1862  reward_min: -6.5506  value_loss: 1.6636
Step:  1490000  |  score: 108.33 ± 0.18  |  actor_loss: -2.3904  cost_loss: 1.3634  q_loss: 0.0851  reward_max: 0.1681  reward_mean: -0.1074  reward_min: -6.5157  value_loss: 2.1450
Step:  1500000  |  score: 108.72 ± 0.21  |  actor_loss: -1.9878  cost_loss: 1.3556  q_loss: 0.0613  reward_max: 0.0855  reward_mean: -0.1774  reward_min: -6.5919  value_loss: 1.6866
Step:  1510000  |  score: 108.88 ± 0.22  |  actor_loss: -1.8469  cost_loss: 1.3576  q_loss: 0.0901  reward_max: 0.2065  reward_mean: -0.1381  reward_min: -6.3724  value_loss: 1.9233
Step:  1520000  |  score: 108.95 ± 0.53  |  actor_loss: -2.2282  cost_loss: 1.3615  q_loss: 0.1487  reward_max: 0.1855  reward_mean: -0.1070  reward_min: -6.5253  value_loss: 2.2298
Step:  1530000  |  score: 108.69 ± 0.16  |  actor_loss: -2.4354  cost_loss: 1.3694  q_loss: 0.0425  reward_max: 0.3241  reward_mean: -0.0733  reward_min: -6.4799  value_loss: 2.4133
Step:  1540000  |  score: 108.87 ± 0.20  |  actor_loss: -2.1579  cost_loss: 1.3662  q_loss: 0.0450  reward_max: 0.1437  reward_mean: -0.0905  reward_min: -6.3814  value_loss: 2.4037
Step:  1550000  |  score: 108.98 ± 0.34  |  actor_loss: -2.0143  cost_loss: 1.3542  q_loss: 0.0912  reward_max: 0.1653  reward_mean: -0.1718  reward_min: -6.5326  value_loss: 1.9717
Step:  1560000  |  score: 108.80 ± 0.21  |  actor_loss: -2.4655  cost_loss: 1.3733  q_loss: 0.0279  reward_max: 0.1440  reward_mean: -0.0320  reward_min: -6.0088  value_loss: 2.6002
Step:  1570000  |  score: 108.92 ± 0.19  |  actor_loss: -2.5710  cost_loss: 1.3701  q_loss: 0.0224  reward_max: 0.2978  reward_mean: -0.0627  reward_min: -6.3409  value_loss: 2.5485
Step:  1580000  |  score: 108.66 ± 0.39  |  actor_loss: -1.4482  cost_loss: 1.3526  q_loss: 0.1293  reward_max: 0.0984  reward_mean: -0.1886  reward_min: -6.5173  value_loss: 1.5980
Step:  1590000  |  score: 108.37 ± 0.38  |  actor_loss: -1.7748  cost_loss: 1.3534  q_loss: 0.1148  reward_max: 0.1840  reward_mean: -0.1804  reward_min: -6.4578  value_loss: 1.8063
Step:  1600000  |  score: 108.62 ± 0.44  |  actor_loss: -1.7076  cost_loss: 1.3531  q_loss: 0.0615  reward_max: 0.3329  reward_mean: -0.1855  reward_min: -6.6475  value_loss: 1.6867
Step:  1610000  |  score: 108.62 ± 0.47  |  actor_loss: -1.8493  cost_loss: 1.3562  q_loss: 0.0681  reward_max: 0.1085  reward_mean: -0.1822  reward_min: -6.5153  value_loss: 1.9495
Step:  1620000  |  score: 108.62 ± 0.44  |  actor_loss: -2.1761  cost_loss: 1.3662  q_loss: 0.0613  reward_max: 0.2180  reward_mean: -0.0773  reward_min: -6.3729  value_loss: 2.2475
Step:  1630000  |  score: 108.87 ± 0.20  |  actor_loss: -2.4883  cost_loss: 1.3701  q_loss: 0.0554  reward_max: 0.2081  reward_mean: -0.0492  reward_min: -6.3790  value_loss: 2.6400
Step:  1640000  |  score: 108.60 ± 0.30  |  actor_loss: -2.1988  cost_loss: 1.3666  q_loss: 0.0939  reward_max: 0.1096  reward_mean: -0.0851  reward_min: -6.3800  value_loss: 2.3671
Step:  1650000  |  score: 108.71 ± 0.31  |  actor_loss: -2.3337  cost_loss: 1.3653  q_loss: 0.0632  reward_max: 0.2968  reward_mean: -0.0944  reward_min: -6.4633  value_loss: 2.1767
Step:  1660000  |  score: 108.34 ± 0.70  |  actor_loss: -2.3235  cost_loss: 1.3559  q_loss: 0.0480  reward_max: 0.1191  reward_mean: -0.1517  reward_min: -6.5815  value_loss: 1.8437
Step:  1670000  |  score: 108.64 ± 0.13  |  actor_loss: -2.0629  cost_loss: 1.3551  q_loss: 0.0594  reward_max: 0.1034  reward_mean: -0.1577  reward_min: -6.5647  value_loss: 1.9022
Step:  1680000  |  score: 107.89 ± 0.81  |  actor_loss: -2.1743  cost_loss: 1.3642  q_loss: 0.0480  reward_max: 0.1985  reward_mean: -0.0983  reward_min: -6.6122  value_loss: 2.0951
Step:  1690000  |  score: 109.03 ± 0.35  |  actor_loss: -1.8907  cost_loss: 1.3543  q_loss: 0.1293  reward_max: 0.1316  reward_mean: -0.1903  reward_min: -6.5407  value_loss: 1.7086
Step:  1700000  |  score: 109.09 ± 0.22  |  actor_loss: -1.7644  cost_loss: 1.3626  q_loss: 0.0509  reward_max: 0.1741  reward_mean: -0.1188  reward_min: -6.4903  value_loss: 2.1163
Step:  1710000  |  score: 108.23 ± 0.38  |  actor_loss: -1.7836  cost_loss: 1.3567  q_loss: 0.0855  reward_max: 0.1886  reward_mean: -0.1552  reward_min: -6.5631  value_loss: 1.8603
Step:  1720000  |  score: 108.52 ± 0.37  |  actor_loss: -2.1192  cost_loss: 1.3666  q_loss: 0.0336  reward_max: 0.1407  reward_mean: -0.0878  reward_min: -6.5933  value_loss: 2.3871
Step:  1730000  |  score: 109.21 ± 0.20  |  actor_loss: -1.6486  cost_loss: 1.3618  q_loss: 0.0780  reward_max: 0.0876  reward_mean: -0.1371  reward_min: -6.6253  value_loss: 2.1266
Step:  1740000  |  score: 109.11 ± 0.30  |  actor_loss: -2.5675  cost_loss: 1.3628  q_loss: 0.0357  reward_max: 0.1249  reward_mean: -0.0992  reward_min: -6.5626  value_loss: 2.1443
Step:  1750000  |  score: 109.14 ± 0.52  |  actor_loss: -2.2208  cost_loss: 1.3501  q_loss: 0.0737  reward_max: 0.1532  reward_mean: -0.2099  reward_min: -6.4571  value_loss: 1.4634
Step:  1760000  |  score: 108.78 ± 0.24  |  actor_loss: -2.3901  cost_loss: 1.3589  q_loss: 0.0874  reward_max: 0.3002  reward_mean: -0.1399  reward_min: -6.4420  value_loss: 1.9783
Step:  1770000  |  score: 108.51 ± 0.09  |  actor_loss: -2.1712  cost_loss: 1.3641  q_loss: 0.1256  reward_max: 0.2749  reward_mean: -0.1097  reward_min: -6.5498  value_loss: 2.2679
Step:  1780000  |  score: 108.98 ± 0.34  |  actor_loss: -2.0703  cost_loss: 1.3575  q_loss: 0.0777  reward_max: 0.0819  reward_mean: -0.1393  reward_min: -6.3931  value_loss: 1.8167
Step:  1790000  |  score: 108.16 ± 0.35  |  actor_loss: -2.5857  cost_loss: 1.3558  q_loss: 0.0781  reward_max: 0.1983  reward_mean: -0.1639  reward_min: -6.5429  value_loss: 1.8136
Step:  1800000  |  score: 108.86 ± 0.21  |  actor_loss: -2.3404  cost_loss: 1.3636  q_loss: 0.0629  reward_max: 0.1027  reward_mean: -0.1146  reward_min: -6.5503  value_loss: 2.3969
Step:  1810000  |  score: 108.62 ± 0.24  |  actor_loss: -2.3708  cost_loss: 1.3595  q_loss: 0.0703  reward_max: 0.1707  reward_mean: -0.1324  reward_min: -6.4669  value_loss: 1.9561
Step:  1820000  |  score: 108.52 ± 0.54  |  actor_loss: -2.2896  cost_loss: 1.3603  q_loss: 0.1127  reward_max: 0.1115  reward_mean: -0.1268  reward_min: -6.5042  value_loss: 2.2532
Step:  1830000  |  score: 108.88 ± 0.29  |  actor_loss: -2.6232  cost_loss: 1.3556  q_loss: 0.0650  reward_max: 0.2312  reward_mean: -0.1757  reward_min: -6.6123  value_loss: 2.0012
Step:  1840000  |  score: 108.21 ± 0.20  |  actor_loss: -2.0978  cost_loss: 1.3616  q_loss: 0.0385  reward_max: 0.1387  reward_mean: -0.1433  reward_min: -6.4442  value_loss: 2.0578
Step:  1850000  |  score: 109.10 ± 0.25  |  actor_loss: -2.2300  cost_loss: 1.3514  q_loss: 0.0959  reward_max: 0.1153  reward_mean: -0.1821  reward_min: -6.6250  value_loss: 1.5859
Step:  1860000  |  score: 108.72 ± 0.23  |  actor_loss: -2.1334  cost_loss: 1.3638  q_loss: 0.0346  reward_max: 0.1746  reward_mean: -0.0983  reward_min: -6.4805  value_loss: 2.1290
Step:  1870000  |  score: 108.91 ± 0.24  |  actor_loss: -2.2961  cost_loss: 1.3626  q_loss: 0.1025  reward_max: 0.1228  reward_mean: -0.1140  reward_min: -6.5593  value_loss: 2.3221
Step:  1880000  |  score: 108.82 ± 0.29  |  actor_loss: -1.9734  cost_loss: 1.3611  q_loss: 0.0538  reward_max: 0.1361  reward_mean: -0.1316  reward_min: -6.5048  value_loss: 2.1355
Step:  1890000  |  score: 108.73 ± 0.22  |  actor_loss: -2.2772  cost_loss: 1.3674  q_loss: 0.0373  reward_max: 0.2879  reward_mean: -0.0963  reward_min: -6.4653  value_loss: 2.3836
Step:  1900000  |  score: 108.73 ± 0.29  |  actor_loss: -2.0691  cost_loss: 1.3603  q_loss: 0.0779  reward_max: 0.2542  reward_mean: -0.1304  reward_min: -6.5220  value_loss: 2.0011
Step:  1910000  |  score: 108.84 ± 0.19  |  actor_loss: -2.1089  cost_loss: 1.3581  q_loss: 0.0850  reward_max: 0.1610  reward_mean: -0.1490  reward_min: -6.4716  value_loss: 2.3328
Step:  1920000  |  score: 108.67 ± 0.20  |  actor_loss: -2.5037  cost_loss: 1.3681  q_loss: 0.0295  reward_max: 0.1532  reward_mean: -0.0681  reward_min: -6.3288  value_loss: 2.3552
Step:  1930000  |  score: 108.99 ± 0.28  |  actor_loss: -1.9748  cost_loss: 1.3562  q_loss: 0.0696  reward_max: 0.1663  reward_mean: -0.1502  reward_min: -6.5207  value_loss: 1.6944
Step:  1940000  |  score: 108.38 ± 0.24  |  actor_loss: -2.4792  cost_loss: 1.3601  q_loss: 0.0834  reward_max: 0.0929  reward_mean: -0.1243  reward_min: -6.4788  value_loss: 1.9434
Step:  1950000  |  score: 108.46 ± 0.34  |  actor_loss: -1.6507  cost_loss: 1.3625  q_loss: 0.0543  reward_max: 0.1497  reward_mean: -0.1004  reward_min: -6.5774  value_loss: 2.2435
Step:  1960000  |  score: 108.97 ± 0.22  |  actor_loss: -2.4545  cost_loss: 1.3691  q_loss: 0.0531  reward_max: 0.1938  reward_mean: -0.0755  reward_min: -6.4234  value_loss: 2.3371
Step:  1970000  |  score: 108.91 ± 0.20  |  actor_loss: -2.1924  cost_loss: 1.3651  q_loss: 0.0487  reward_max: 0.0811  reward_mean: -0.0948  reward_min: -6.2427  value_loss: 2.1242
Step:  1980000  |  score: 108.82 ± 0.20  |  actor_loss: -2.0823  cost_loss: 1.3539  q_loss: 0.0861  reward_max: 0.1567  reward_mean: -0.1862  reward_min: -6.4493  value_loss: 1.8511
Step:  1990000  |  score: 108.53 ± 0.19  |  actor_loss: -1.7819  cost_loss: 1.3537  q_loss: 0.0933  reward_max: 0.0914  reward_mean: -0.1915  reward_min: -6.4837  value_loss: 1.8210
Step:  2000000  |  score: 108.41 ± 0.33  |  actor_loss: -1.9578  cost_loss: 1.3687  q_loss: 0.0272  reward_max: 0.1359  reward_mean: -0.0459  reward_min: -6.1318  value_loss: 2.3765
Final evaluation (13 iterations)...
Final score: 108.47 ± 0.44
wandb: WARNING Symlinked 1 file into the W&B run directory; call wandb.save again to sync new files.
wandb: updating run metadata
wandb: uploading final_returns/bdemodice_walker2d-expert-v2_2026-03-18_18-29-57.npz; uploading output.log; uploading wandb-summary.json; uploading config.yaml
wandb: uploading final_returns/bdemodice_walker2d-expert-v2_2026-03-18_18-29-57.npz; uploading output.log; uploading wandb-summary.json
wandb: uploading summary, console lines 214-215
wandb: 
wandb: Run history:
wandb:  actor_loss █▂▂▄▁▅▃▄▄▄▃▂▃▂▃▃▄▅▁▂▂▂▂▂▂▁▂▃▂▄▂▂▂▂▂▂▁▃▁▃
wandb:   cost_loss ▃▅▅▃▆▆▆▄▆▄▄▃▆▅▂▃▅█▁▃▂▂▅▅▅▅▄▃▇▂▁▁▁▅▄▄▄▅▄▅
wandb: num_updates ▁▁▁▁▁▂▂▂▃▃▃▃▄▄▄▄▄▄▄▄▄▅▅▅▅▅▅▆▆▆▆▆▇▇▇▇▇███
wandb:      q_loss ▃▆▅▁▆▂▃▅█▅▄█▂▄▃▁▄▃▂▃▂▄▂▂▃▃▃▂▄▃▂▂▁▅▃▁▃▃▅▂
wandb:      return ▁███████████████████████████████████████
wandb:  reward_max ▆▂▄▆▅▃▂▃▃▃▆▂▁▄▃▁▅▃█▃▃▃▄▅▂▄▂▃▃▃█▂▂▂▄▃▇▄▂▁
wandb: reward_mean ▇▅▇▇▅▇▇▆▆▆█▁▆▆▆▇▅▄▄▄▃▅▇▇▅▄▆▇▄▆▆█▄▃▆▅▅▄▅▃
wandb:  reward_min █▃▂▁▂▃▁▃▁▃▂▂▂▃▂▂▂▂▂▂▂▂▂▄▁▂▂▂▃▂▂▄▁▂▂▁▁▂▂▄
wandb:       score ▁███████████████████████████████████████
wandb:   score_std ▃▄▄▄▂▄▂█▂▇▄▂▂▅▃▃▃▄▃▃▆▂▄▅▃▄▅▆▃▅▂▃▃▄▇▁▅▃▃▃
wandb:          +1 ...
wandb: 
wandb: Run summary:
wandb:  actor_loss -1.95782
wandb:   cost_loss 1.36872
wandb: num_updates 2000000
wandb:      q_loss 0.02722
wandb:      return 4978.27152
wandb:  reward_max 0.13586
wandb: reward_mean -0.04594
wandb:  reward_min -6.13181
wandb:       score 108.40774
wandb:   score_std 0.33141
wandb:          +1 ...
wandb: 
wandb: 🚀 View run bdemodice_walker2d_M3_s4 at: https://wandb.ai/wsk208/DemoDICE/runs/v77d49mf
wandb: ⭐️ View project at: https://wandb.ai/wsk208/DemoDICE
wandb: Synced 5 W&B file(s), 0 media file(s), 0 artifact file(s) and 1 other file(s)
wandb: Find logs at: ./wandb/run-20260318_180358-v77d49mf/logs
