Warning: All of online environments libraries in D4RL have been moved ]8;;https://github.com/Farama-Foundation/Gymnasium\Gymnasium]8;;\, ]8;;https://github.com/Farama-Foundation/MiniGrid\MiniGrid]8;;\ and ]8;;https://github.com/Farama-Foundation/Gymnasium-Robotics\Gymnasium-Robotics]8;;\, and all offline datasets in D4RL have been moved to ]8;;https://github.com/Farama-Foundation/Minari\Minari]8;;\.
These new versions include large bug fixes, new versions of Python, and are where all new development will continue. Please upgrade these libraries as soon as you're able to do so.
If you'd like to read more about the story behind this switch, please check out ]8;;https://farama.org/Announcing-Minari\this blog post]8;;\.
Gym has been unmaintained since 2022 and does not support NumPy 2.0 amongst other critical functionality.
Please upgrade to Gymnasium, the maintained drop-in replacement of Gym, or contact the authors of your software and request that they upgrade.
See the migration guide at https://gymnasium.farama.org/introduction/migration_guide/ for additional information.
/opt/venv/lib/python3.10/site-packages/Cython/Distutils/old_build_ext.py:15: DeprecationWarning: dep_util is Deprecated. Use functions from setuptools instead.
  from distutils.dep_util import newer, newer_group
<frozen importlib._bootstrap>:283: DeprecationWarning: the load_module() method is deprecated and slated for removal in Python 3.12; use exec_module() instead
pybullet build time: Jan 29 2025 23:16:28
wandb: [wandb.login()] Loaded credentials for https://api.wandb.ai from /root/.netrc.
wandb: Currently logged in as: wsk208 to https://api.wandb.ai. Use `wandb login --relogin` to force relogin
/opt/venv/lib/python3.10/site-packages/wandb/analytics/sentry.py:268: DeprecationWarning: Read the `app_url` setting from the appropriate Settings object.
  app_url = wandb.util.app_url(tags["base_url"])  # type: ignore[index]
/opt/venv/lib/python3.10/site-packages/wandb/analytics/sentry.py:279: DeprecationWarning: The `Scope.user` setter is deprecated in favor of `Scope.set_user()`.
  self.scope.user = {"email": email}
wandb: setting up run wwv58ist
/opt/venv/lib/python3.10/site-packages/wandb/analytics/sentry.py:268: DeprecationWarning: Read the `app_url` setting from the appropriate Settings object.
  app_url = wandb.util.app_url(tags["base_url"])  # type: ignore[index]
/opt/venv/lib/python3.10/site-packages/wandb/analytics/sentry.py:279: DeprecationWarning: The `Scope.user` setter is deprecated in favor of `Scope.set_user()`.
  self.scope.user = {"email": email}
wandb: Tracking run with wandb version 0.25.1
wandb: Run data is saved locally in /app/wandb/run-20260318_183029-wwv58ist
wandb: Run `wandb offline` to turn off syncing.
wandb: Syncing run bdemodice_walker2d_M4_s3
wandb: ⭐️ View project at https://wandb.ai/wsk208/DemoDICE
wandb: 🚀 View run at https://wandb.ai/wsk208/DemoDICE/runs/wwv58ist
/opt/venv/lib/python3.10/site-packages/gym/spaces/box.py:84: UserWarning: [33mWARN: Box bound precision lowered by casting to float32[0m
  logger.warn(f"Box bound precision lowered by casting to {self.dtype}")
load datafile:   0%|          | 0/21 [00:00<?, ?it/s]load datafile:   5%|▍         | 1/21 [00:00<00:03,  5.67it/s]load datafile:  14%|█▍        | 3/21 [00:00<00:03,  5.21it/s]load datafile:  19%|█▉        | 4/21 [00:00<00:04,  4.01it/s]load datafile:  81%|████████  | 17/21 [00:01<00:00, 15.58it/s]load datafile:  90%|█████████ | 19/21 [00:01<00:00, 10.74it/s]load datafile: 100%|██████████| 21/21 [00:01<00:00, 11.13it/s]
Expert  :  999000 transitions  (walker2d-expert-v2, 100 traj)
load datafile:   0%|          | 0/9 [00:00<?, ?it/s]load datafile:  11%|█         | 1/9 [00:00<00:01,  6.28it/s]load datafile:  33%|███▎      | 3/9 [00:00<00:01,  5.49it/s]load datafile:  44%|████▍     | 4/9 [00:00<00:01,  4.11it/s]load datafile:  56%|█████▌    | 5/9 [00:01<00:01,  3.22it/s]load datafile:  67%|██████▋   | 6/9 [00:01<00:01,  2.81it/s]load datafile: 100%|██████████| 9/9 [00:01<00:00,  4.93it/s]
Imperfect:   31801 transitions  (walker2d-random-v2, 1600 traj)
Union   : 1030801 transitions total
/root/.local/share/uv/python/cpython-3.10-linux-x86_64-gnu/lib/python3.10/multiprocessing/popen_fork.py:66: RuntimeWarning: os.fork() was called. os.fork() is incompatible with multithreaded code, and JAX is multithreaded, so this will likely lead to a deadlock.
  self.pid = os.fork()
/opt/venv/lib/python3.10/site-packages/tensorflow_probability/python/internal/backend/jax/ops.py:681: DeprecationWarning: jax.interpreters.xla.pytype_aval_mappings is deprecated.
  jax.interpreters.xla.pytype_aval_mappings[onp.ndarray])
/opt/venv/lib/python3.10/site-packages/gym/spaces/box.py:84: UserWarning: [33mWARN: Box bound precision lowered by casting to float32[0m
  logger.warn(f"Box bound precision lowered by casting to {self.dtype}")
Step:    10000  |  score: 24.66 ± 2.57  |  actor_loss: 3.9669  cost_loss: 1.3637  q_loss: 0.2507  reward_max: 0.1800  reward_mean: -0.0442  reward_min: -5.0022  value_loss: 0.0591
Step:    20000  |  score: 27.65 ± 10.63  |  actor_loss: 2.3280  cost_loss: 1.3688  q_loss: 0.2061  reward_max: 0.1314  reward_mean: -0.0443  reward_min: -5.3689  value_loss: 0.9187
Step:    30000  |  score: 49.94 ± 23.75  |  actor_loss: 0.8098  cost_loss: 1.3800  q_loss: 0.0748  reward_max: 0.1590  reward_mean: 0.0033  reward_min: -5.2888  value_loss: 1.5212
Step:    40000  |  score: 82.12 ± 8.06  |  actor_loss: -0.3903  cost_loss: 1.3688  q_loss: 0.1370  reward_max: 0.2151  reward_mean: -0.0345  reward_min: -6.1462  value_loss: 1.5317
Step:    50000  |  score: 32.40 ± 29.14  |  actor_loss: -0.3946  cost_loss: 1.3617  q_loss: 0.2653  reward_max: 0.1297  reward_mean: -0.0934  reward_min: -6.1591  value_loss: 1.5569
Step:    60000  |  score: 105.75 ± 6.52  |  actor_loss: -1.6327  cost_loss: 1.3573  q_loss: 0.2294  reward_max: 0.2472  reward_mean: -0.1131  reward_min: -5.8070  value_loss: 1.7295
Step:    70000  |  score: 108.52 ± 0.55  |  actor_loss: -1.8910  cost_loss: 1.3624  q_loss: 0.1579  reward_max: 0.1049  reward_mean: -0.0987  reward_min: -5.9016  value_loss: 1.7624
Step:    80000  |  score: 108.15 ± 0.24  |  actor_loss: -1.7287  cost_loss: 1.3663  q_loss: 0.1445  reward_max: 0.3344  reward_mean: -0.0824  reward_min: -6.5194  value_loss: 2.1705
Step:    90000  |  score: 108.62 ± 0.54  |  actor_loss: -2.1435  cost_loss: 1.3610  q_loss: 0.1045  reward_max: 0.3174  reward_mean: -0.1084  reward_min: -6.3340  value_loss: 2.0056
Step:   100000  |  score: 108.47 ± 0.39  |  actor_loss: -1.4929  cost_loss: 1.3619  q_loss: 0.0698  reward_max: 0.1513  reward_mean: -0.0857  reward_min: -6.1750  value_loss: 2.0464
Step:   110000  |  score: 108.51 ± 0.65  |  actor_loss: -2.0005  cost_loss: 1.3638  q_loss: 0.1188  reward_max: 0.1604  reward_mean: -0.0863  reward_min: -6.4501  value_loss: 2.0428
Step:   120000  |  score: 108.49 ± 0.57  |  actor_loss: -1.8980  cost_loss: 1.3620  q_loss: 0.1200  reward_max: 0.3669  reward_mean: -0.0946  reward_min: -6.1858  value_loss: 1.9185
Step:   130000  |  score: 107.76 ± 0.11  |  actor_loss: -1.6502  cost_loss: 1.3489  q_loss: 0.1328  reward_max: 0.2207  reward_mean: -0.1606  reward_min: -5.8502  value_loss: 1.5362
Step:   140000  |  score: 108.54 ± 0.35  |  actor_loss: -2.1281  cost_loss: 1.3609  q_loss: 0.1688  reward_max: 0.1153  reward_mean: -0.1168  reward_min: -6.2587  value_loss: 1.8553
Step:   150000  |  score: 107.74 ± 0.29  |  actor_loss: -1.3333  cost_loss: 1.3589  q_loss: 0.1229  reward_max: 0.2447  reward_mean: -0.1439  reward_min: -6.5422  value_loss: 1.8957
Step:   160000  |  score: 108.59 ± 0.37  |  actor_loss: -1.8124  cost_loss: 1.3657  q_loss: 0.1431  reward_max: 0.1767  reward_mean: -0.0787  reward_min: -5.6017  value_loss: 2.2398
Step:   170000  |  score: 108.54 ± 0.51  |  actor_loss: -1.9005  cost_loss: 1.3532  q_loss: 0.1244  reward_max: 0.2413  reward_mean: -0.1486  reward_min: -6.4695  value_loss: 1.6556
Step:   180000  |  score: 108.60 ± 0.10  |  actor_loss: -1.7566  cost_loss: 1.3597  q_loss: 0.1439  reward_max: 0.1062  reward_mean: -0.1380  reward_min: -6.7166  value_loss: 1.7806
Step:   190000  |  score: 108.71 ± 0.15  |  actor_loss: -2.1017  cost_loss: 1.3659  q_loss: 0.1284  reward_max: 0.1975  reward_mean: -0.0896  reward_min: -6.6165  value_loss: 1.9217
Step:   200000  |  score: 108.75 ± 0.13  |  actor_loss: -1.7203  cost_loss: 1.3579  q_loss: 0.1618  reward_max: 0.1336  reward_mean: -0.1424  reward_min: -6.2623  value_loss: 1.8908
Step:   210000  |  score: 109.09 ± 0.13  |  actor_loss: -2.2329  cost_loss: 1.3685  q_loss: 0.0943  reward_max: 0.2593  reward_mean: -0.0637  reward_min: -6.6252  value_loss: 2.2245
Step:   220000  |  score: 108.86 ± 0.31  |  actor_loss: -1.7373  cost_loss: 1.3585  q_loss: 0.0950  reward_max: 0.2142  reward_mean: -0.1173  reward_min: -6.4040  value_loss: 1.8873
Step:   230000  |  score: 108.29 ± 0.29  |  actor_loss: -1.7894  cost_loss: 1.3528  q_loss: 0.2592  reward_max: 0.1964  reward_mean: -0.1542  reward_min: -6.4260  value_loss: 1.7258
Step:   240000  |  score: 108.41 ± 0.32  |  actor_loss: -2.0949  cost_loss: 1.3646  q_loss: 0.0392  reward_max: 0.1065  reward_mean: -0.0878  reward_min: -6.3447  value_loss: 2.0899
Step:   250000  |  score: 109.00 ± 0.32  |  actor_loss: -1.9572  cost_loss: 1.3608  q_loss: 0.1467  reward_max: 0.1310  reward_mean: -0.1192  reward_min: -6.4045  value_loss: 1.7684
Step:   260000  |  score: 107.98 ± 0.50  |  actor_loss: -1.8512  cost_loss: 1.3609  q_loss: 0.0665  reward_max: 0.2262  reward_mean: -0.1167  reward_min: -6.5253  value_loss: 1.9406
Step:   270000  |  score: 107.91 ± 0.26  |  actor_loss: -1.9980  cost_loss: 1.3639  q_loss: 0.1524  reward_max: 0.2654  reward_mean: -0.0923  reward_min: -6.5070  value_loss: 2.0081
Step:   280000  |  score: 108.43 ± 0.14  |  actor_loss: -2.1782  cost_loss: 1.3618  q_loss: 0.1245  reward_max: 0.1395  reward_mean: -0.1339  reward_min: -6.3493  value_loss: 1.9620
Step:   290000  |  score: 108.85 ± 0.12  |  actor_loss: -1.5425  cost_loss: 1.3554  q_loss: 0.0874  reward_max: 0.1921  reward_mean: -0.1610  reward_min: -6.5730  value_loss: 1.6321
Step:   300000  |  score: 108.88 ± 0.16  |  actor_loss: -1.4885  cost_loss: 1.3566  q_loss: 0.1477  reward_max: 0.3306  reward_mean: -0.1615  reward_min: -6.4230  value_loss: 1.8016
Step:   310000  |  score: 108.92 ± 0.13  |  actor_loss: -2.2336  cost_loss: 1.3607  q_loss: 0.1131  reward_max: 0.1489  reward_mean: -0.1095  reward_min: -6.2955  value_loss: 2.0495
Step:   320000  |  score: 109.05 ± 0.25  |  actor_loss: -1.6666  cost_loss: 1.3610  q_loss: 0.1033  reward_max: 0.1741  reward_mean: -0.1414  reward_min: -6.4687  value_loss: 1.6631
Step:   330000  |  score: 109.38 ± 0.34  |  actor_loss: -2.0299  cost_loss: 1.3534  q_loss: 0.2421  reward_max: 0.1198  reward_mean: -0.1713  reward_min: -6.5278  value_loss: 1.5344
Step:   340000  |  score: 108.50 ± 0.16  |  actor_loss: -1.9274  cost_loss: 1.3683  q_loss: 0.0506  reward_max: 0.2368  reward_mean: -0.0605  reward_min: -6.6855  value_loss: 2.1542
Step:   350000  |  score: 109.32 ± 0.27  |  actor_loss: -2.0777  cost_loss: 1.3675  q_loss: 0.0468  reward_max: 0.2588  reward_mean: -0.0898  reward_min: -6.4849  value_loss: 2.1819
Step:   360000  |  score: 108.42 ± 0.52  |  actor_loss: -1.3320  cost_loss: 1.3570  q_loss: 0.1225  reward_max: 0.2990  reward_mean: -0.1470  reward_min: -6.5463  value_loss: 1.7757
Step:   370000  |  score: 108.65 ± 0.37  |  actor_loss: -1.3888  cost_loss: 1.3665  q_loss: 0.0983  reward_max: 0.1161  reward_mean: -0.0559  reward_min: -6.4856  value_loss: 2.2023
Step:   380000  |  score: 108.57 ± 0.41  |  actor_loss: -1.9734  cost_loss: 1.3644  q_loss: 0.0511  reward_max: 0.1710  reward_mean: -0.0872  reward_min: -6.6100  value_loss: 1.9325
Step:   390000  |  score: 108.78 ± 0.25  |  actor_loss: -1.9595  cost_loss: 1.3634  q_loss: 0.1457  reward_max: 0.1149  reward_mean: -0.0902  reward_min: -6.3974  value_loss: 2.0901
Step:   400000  |  score: 108.64 ± 0.21  |  actor_loss: -1.4646  cost_loss: 1.3566  q_loss: 0.1176  reward_max: 0.2302  reward_mean: -0.1314  reward_min: -6.5897  value_loss: 1.7697
Step:   410000  |  score: 109.00 ± 0.33  |  actor_loss: -2.3291  cost_loss: 1.3693  q_loss: 0.0473  reward_max: 0.1764  reward_mean: -0.0525  reward_min: -6.3682  value_loss: 2.2399
Step:   420000  |  score: 108.41 ± 0.56  |  actor_loss: -2.2706  cost_loss: 1.3603  q_loss: 0.1050  reward_max: 0.2980  reward_mean: -0.1199  reward_min: -6.6218  value_loss: 1.9362
Step:   430000  |  score: 108.82 ± 0.37  |  actor_loss: -1.6379  cost_loss: 1.3705  q_loss: 0.0251  reward_max: 0.2819  reward_mean: -0.0594  reward_min: -6.4630  value_loss: 2.2823
Step:   440000  |  score: 109.33 ± 0.12  |  actor_loss: -0.5379  cost_loss: 1.3598  q_loss: 0.0621  reward_max: 0.2003  reward_mean: -0.1235  reward_min: -6.3662  value_loss: 1.9275
Step:   450000  |  score: 108.93 ± 0.10  |  actor_loss: -1.6196  cost_loss: 1.3455  q_loss: 0.1004  reward_max: 0.1000  reward_mean: -0.2309  reward_min: -6.2557  value_loss: 1.3709
Step:   460000  |  score: 108.10 ± 0.17  |  actor_loss: -1.6932  cost_loss: 1.3586  q_loss: 0.1007  reward_max: 0.2299  reward_mean: -0.1113  reward_min: -6.4674  value_loss: 1.8787
Step:   470000  |  score: 109.05 ± 0.22  |  actor_loss: -2.5375  cost_loss: 1.3698  q_loss: 0.0818  reward_max: 0.1789  reward_mean: -0.0501  reward_min: -6.1687  value_loss: 2.3838
Step:   480000  |  score: 101.03 ± 20.42  |  actor_loss: -1.3957  cost_loss: 1.3631  q_loss: 0.1132  reward_max: 0.1104  reward_mean: -0.1179  reward_min: -6.5741  value_loss: 2.1616
Step:   490000  |  score: 108.64 ± 0.54  |  actor_loss: -2.1262  cost_loss: 1.3622  q_loss: 0.0348  reward_max: 0.1797  reward_mean: -0.1319  reward_min: -6.3370  value_loss: 2.0449
Step:   500000  |  score: 108.88 ± 0.76  |  actor_loss: -2.0674  cost_loss: 1.3619  q_loss: 0.0427  reward_max: 0.2489  reward_mean: -0.1155  reward_min: -6.3941  value_loss: 2.0008
Step:   510000  |  score: 109.22 ± 0.15  |  actor_loss: -2.2615  cost_loss: 1.3636  q_loss: 0.0704  reward_max: 0.1490  reward_mean: -0.1009  reward_min: -6.5549  value_loss: 2.1361
Step:   520000  |  score: 97.68 ± 27.14  |  actor_loss: -1.8138  cost_loss: 1.3547  q_loss: 0.0936  reward_max: 0.1532  reward_mean: -0.1499  reward_min: -6.3306  value_loss: 1.7021
Step:   530000  |  score: 108.79 ± 0.32  |  actor_loss: -2.0490  cost_loss: 1.3672  q_loss: 0.0588  reward_max: 0.2937  reward_mean: -0.0784  reward_min: -6.6291  value_loss: 2.4103
Step:   540000  |  score: 108.65 ± 0.18  |  actor_loss: -1.2538  cost_loss: 1.3536  q_loss: 0.1578  reward_max: 0.2019  reward_mean: -0.1480  reward_min: -6.4609  value_loss: 1.7370
Step:   550000  |  score: 108.48 ± 1.17  |  actor_loss: -1.9951  cost_loss: 1.3689  q_loss: 0.0657  reward_max: 0.1538  reward_mean: -0.0630  reward_min: -6.5447  value_loss: 2.2876
Step:   560000  |  score: 108.95 ± 0.31  |  actor_loss: -1.9631  cost_loss: 1.3650  q_loss: 0.0650  reward_max: 0.1259  reward_mean: -0.0839  reward_min: -6.6180  value_loss: 2.0258
Step:   570000  |  score: 108.18 ± 0.27  |  actor_loss: -2.4601  cost_loss: 1.3688  q_loss: 0.0426  reward_max: 0.2084  reward_mean: -0.0720  reward_min: -6.4329  value_loss: 2.3725
Step:   580000  |  score: 108.31 ± 0.44  |  actor_loss: -2.2228  cost_loss: 1.3616  q_loss: 0.0665  reward_max: 0.1166  reward_mean: -0.1077  reward_min: -6.6280  value_loss: 1.9403
Step:   590000  |  score: 108.74 ± 0.35  |  actor_loss: -2.0922  cost_loss: 1.3666  q_loss: 0.0650  reward_max: 0.1088  reward_mean: -0.0630  reward_min: -6.1524  value_loss: 2.0064
Step:   600000  |  score: 108.66 ± 0.18  |  actor_loss: -2.2312  cost_loss: 1.3692  q_loss: 0.1501  reward_max: 0.1335  reward_mean: -0.0464  reward_min: -6.0881  value_loss: 2.2778
Step:   610000  |  score: 108.89 ± 0.23  |  actor_loss: -1.8647  cost_loss: 1.3544  q_loss: 0.0760  reward_max: 0.0924  reward_mean: -0.1660  reward_min: -6.5802  value_loss: 1.6396
Step:   620000  |  score: 108.69 ± 0.29  |  actor_loss: -2.0420  cost_loss: 1.3659  q_loss: 0.0790  reward_max: 0.1087  reward_mean: -0.0820  reward_min: -6.3789  value_loss: 2.1991
Step:   630000  |  score: 108.39 ± 0.44  |  actor_loss: -1.8988  cost_loss: 1.3613  q_loss: 0.0535  reward_max: 0.1402  reward_mean: -0.1462  reward_min: -6.5695  value_loss: 1.9704
Step:   640000  |  score: 108.76 ± 0.53  |  actor_loss: -1.7831  cost_loss: 1.3659  q_loss: 0.0433  reward_max: 0.1037  reward_mean: -0.0980  reward_min: -6.5975  value_loss: 2.1115
Step:   650000  |  score: 108.75 ± 0.67  |  actor_loss: -1.8857  cost_loss: 1.3651  q_loss: 0.0640  reward_max: 0.1597  reward_mean: -0.0913  reward_min: -6.2397  value_loss: 2.0483
Step:   660000  |  score: 108.75 ± 0.35  |  actor_loss: -2.5400  cost_loss: 1.3727  q_loss: 0.0384  reward_max: 0.1608  reward_mean: -0.0446  reward_min: -6.3233  value_loss: 2.4337
Step:   670000  |  score: 108.36 ± 0.84  |  actor_loss: -2.1592  cost_loss: 1.3592  q_loss: 0.0874  reward_max: 0.2034  reward_mean: -0.1215  reward_min: -6.3471  value_loss: 1.8181
Step:   680000  |  score: 109.18 ± 0.34  |  actor_loss: -1.8859  cost_loss: 1.3613  q_loss: 0.0731  reward_max: 0.1723  reward_mean: -0.1192  reward_min: -6.5304  value_loss: 1.9490
Step:   690000  |  score: 108.55 ± 0.44  |  actor_loss: -1.8691  cost_loss: 1.3630  q_loss: 0.1127  reward_max: 0.1593  reward_mean: -0.1129  reward_min: -6.6872  value_loss: 1.9696
Step:   700000  |  score: 108.26 ± 0.52  |  actor_loss: -2.2420  cost_loss: 1.3650  q_loss: 0.1041  reward_max: 0.1351  reward_mean: -0.0918  reward_min: -6.3501  value_loss: 2.1696
Step:   710000  |  score: 109.16 ± 0.12  |  actor_loss: -1.6971  cost_loss: 1.3550  q_loss: 0.0621  reward_max: 0.1764  reward_mean: -0.1722  reward_min: -6.3310  value_loss: 1.8571
Step:   720000  |  score: 109.31 ± 0.24  |  actor_loss: -2.1440  cost_loss: 1.3724  q_loss: 0.0651  reward_max: 0.4164  reward_mean: -0.0349  reward_min: -6.2359  value_loss: 2.5432
Step:   730000  |  score: 109.36 ± 0.19  |  actor_loss: -2.3821  cost_loss: 1.3674  q_loss: 0.0700  reward_max: 0.1766  reward_mean: -0.0867  reward_min: -6.5440  value_loss: 2.2016
Step:   740000  |  score: 108.85 ± 0.16  |  actor_loss: -1.8587  cost_loss: 1.3586  q_loss: 0.0482  reward_max: 0.1010  reward_mean: -0.1462  reward_min: -6.6596  value_loss: 2.0860
Step:   750000  |  score: 108.79 ± 0.57  |  actor_loss: -2.1047  cost_loss: 1.3548  q_loss: 0.0696  reward_max: 0.1166  reward_mean: -0.1786  reward_min: -6.5335  value_loss: 1.7462
Step:   760000  |  score: 98.70 ± 25.36  |  actor_loss: -2.2299  cost_loss: 1.3613  q_loss: 0.1264  reward_max: 0.0889  reward_mean: -0.1301  reward_min: -6.5183  value_loss: 1.9167
Step:   770000  |  score: 100.59 ± 19.69  |  actor_loss: -2.1463  cost_loss: 1.3592  q_loss: 0.1456  reward_max: 0.1415  reward_mean: -0.1157  reward_min: -6.6166  value_loss: 1.9041
Step:   780000  |  score: 108.03 ± 0.77  |  actor_loss: -1.9435  cost_loss: 1.3604  q_loss: 0.0466  reward_max: 0.1268  reward_mean: -0.1342  reward_min: -6.4921  value_loss: 1.8943
Step:   790000  |  score: 107.44 ± 1.82  |  actor_loss: -1.9148  cost_loss: 1.3617  q_loss: 0.1187  reward_max: 0.1532  reward_mean: -0.1216  reward_min: -6.1714  value_loss: 1.8182
Step:   800000  |  score: 88.22 ± 34.64  |  actor_loss: -2.2377  cost_loss: 1.3626  q_loss: 0.0607  reward_max: 0.3149  reward_mean: -0.1186  reward_min: -6.5894  value_loss: 2.0713
Step:   810000  |  score: 109.00 ± 0.29  |  actor_loss: -2.3584  cost_loss: 1.3625  q_loss: 0.0391  reward_max: 0.1051  reward_mean: -0.1167  reward_min: -6.4438  value_loss: 1.8874
Step:   820000  |  score: 108.61 ± 0.23  |  actor_loss: -2.1704  cost_loss: 1.3730  q_loss: 0.0608  reward_max: 0.2821  reward_mean: -0.0439  reward_min: -6.3780  value_loss: 2.4078
Step:   830000  |  score: 108.24 ± 1.22  |  actor_loss: -1.7929  cost_loss: 1.3526  q_loss: 0.1206  reward_max: 0.1045  reward_mean: -0.1725  reward_min: -6.2736  value_loss: 1.3357
Step:   840000  |  score: 68.46 ± 34.18  |  actor_loss: -2.2534  cost_loss: 1.3594  q_loss: 0.1250  reward_max: 0.1444  reward_mean: -0.1416  reward_min: -6.3551  value_loss: 1.7854
Step:   850000  |  score: 108.94 ± 0.28  |  actor_loss: -1.6839  cost_loss: 1.3578  q_loss: 0.0782  reward_max: 0.2548  reward_mean: -0.1721  reward_min: -6.5057  value_loss: 1.9417
Step:   860000  |  score: 107.69 ± 1.80  |  actor_loss: -1.6386  cost_loss: 1.3554  q_loss: 0.1409  reward_max: 0.1857  reward_mean: -0.1564  reward_min: -6.3385  value_loss: 1.6217
Step:   870000  |  score: 88.02 ± 35.11  |  actor_loss: -1.9461  cost_loss: 1.3632  q_loss: 0.1714  reward_max: 0.1201  reward_mean: -0.1088  reward_min: -6.4729  value_loss: 1.9144
Step:   880000  |  score: 108.76 ± 0.33  |  actor_loss: -1.9036  cost_loss: 1.3607  q_loss: 0.0929  reward_max: 0.1612  reward_mean: -0.1302  reward_min: -6.4956  value_loss: 1.9325
Step:   890000  |  score: 108.49 ± 0.79  |  actor_loss: -1.2484  cost_loss: 1.3680  q_loss: 0.0176  reward_max: 0.1092  reward_mean: -0.0660  reward_min: -6.3556  value_loss: 2.3142
Step:   900000  |  score: 108.76 ± 0.33  |  actor_loss: -1.8899  cost_loss: 1.3621  q_loss: 0.0735  reward_max: 0.2297  reward_mean: -0.1228  reward_min: -6.2552  value_loss: 1.8114
Step:   910000  |  score: 108.79 ± 0.11  |  actor_loss: -2.2676  cost_loss: 1.3641  q_loss: 0.0552  reward_max: 0.0780  reward_mean: -0.0991  reward_min: -6.3623  value_loss: 2.0230
Step:   920000  |  score: 108.20 ± 0.37  |  actor_loss: -2.0636  cost_loss: 1.3728  q_loss: 0.0368  reward_max: 0.2953  reward_mean: -0.0437  reward_min: -6.5234  value_loss: 2.3828
Step:   930000  |  score: 108.53 ± 0.36  |  actor_loss: -2.2209  cost_loss: 1.3669  q_loss: 0.2599  reward_max: 0.0880  reward_mean: -0.0757  reward_min: -6.4314  value_loss: 2.4057
Step:   940000  |  score: 108.78 ± 0.40  |  actor_loss: -2.3245  cost_loss: 1.3706  q_loss: 0.0396  reward_max: 0.1056  reward_mean: -0.0538  reward_min: -5.6909  value_loss: 2.2520
Step:   950000  |  score: 109.47 ± 0.19  |  actor_loss: -2.1084  cost_loss: 1.3627  q_loss: 0.0509  reward_max: 0.1924  reward_mean: -0.1236  reward_min: -6.6695  value_loss: 1.9730
Step:   960000  |  score: 108.83 ± 0.23  |  actor_loss: -2.3236  cost_loss: 1.3590  q_loss: 0.2666  reward_max: 0.1206  reward_mean: -0.1295  reward_min: -6.2899  value_loss: 2.0551
Step:   970000  |  score: 108.54 ± 0.18  |  actor_loss: -1.9887  cost_loss: 1.3546  q_loss: 0.0882  reward_max: 0.1585  reward_mean: -0.1590  reward_min: -6.4259  value_loss: 1.4892
Step:   980000  |  score: 109.15 ± 0.26  |  actor_loss: -2.2726  cost_loss: 1.3605  q_loss: 0.1276  reward_max: 0.0917  reward_mean: -0.1155  reward_min: -6.2878  value_loss: 2.0320
Step:   990000  |  score: 108.94 ± 0.24  |  actor_loss: -2.1376  cost_loss: 1.3607  q_loss: 0.1231  reward_max: 0.1521  reward_mean: -0.1244  reward_min: -6.4834  value_loss: 1.8234
Step:  1000000  |  score: 98.49 ± 27.53  |  actor_loss: -2.2557  cost_loss: 1.3612  q_loss: 0.0337  reward_max: 0.2760  reward_mean: -0.1198  reward_min: -6.4037  value_loss: 1.9528
Step:  1010000  |  score: 108.60 ± 0.34  |  actor_loss: -2.2839  cost_loss: 1.3600  q_loss: 0.0452  reward_max: 0.2519  reward_mean: -0.1325  reward_min: -6.5087  value_loss: 2.0703
Step:  1020000  |  score: 108.37 ± 0.56  |  actor_loss: -2.2617  cost_loss: 1.3627  q_loss: 0.0437  reward_max: 0.1986  reward_mean: -0.1128  reward_min: -6.4037  value_loss: 2.0897
Step:  1030000  |  score: 108.51 ± 0.22  |  actor_loss: -2.3853  cost_loss: 1.3645  q_loss: 0.0535  reward_max: 0.2252  reward_mean: -0.1143  reward_min: -6.4680  value_loss: 2.0051
Step:  1040000  |  score: 109.05 ± 0.23  |  actor_loss: -1.5553  cost_loss: 1.3525  q_loss: 0.0548  reward_max: 0.0929  reward_mean: -0.1803  reward_min: -6.5296  value_loss: 1.5874
Step:  1050000  |  score: 108.86 ± 0.26  |  actor_loss: -1.9254  cost_loss: 1.3577  q_loss: 0.0797  reward_max: 0.1767  reward_mean: -0.1484  reward_min: -6.3246  value_loss: 1.7393
Step:  1060000  |  score: 108.05 ± 0.51  |  actor_loss: -2.3923  cost_loss: 1.3698  q_loss: 0.0196  reward_max: 0.1525  reward_mean: -0.0662  reward_min: -6.5860  value_loss: 2.2637
Step:  1070000  |  score: 108.94 ± 0.31  |  actor_loss: -2.3368  cost_loss: 1.3523  q_loss: 0.1347  reward_max: 0.1863  reward_mean: -0.1739  reward_min: -6.3848  value_loss: 1.5352
Step:  1080000  |  score: 108.36 ± 0.38  |  actor_loss: -2.0037  cost_loss: 1.3588  q_loss: 0.0579  reward_max: 0.1768  reward_mean: -0.1334  reward_min: -6.5334  value_loss: 1.7623
Step:  1090000  |  score: 108.65 ± 0.33  |  actor_loss: -1.9652  cost_loss: 1.3563  q_loss: 0.0973  reward_max: 0.1288  reward_mean: -0.1544  reward_min: -6.4680  value_loss: 1.5390
Step:  1100000  |  score: 109.23 ± 0.23  |  actor_loss: -2.2511  cost_loss: 1.3616  q_loss: 0.0457  reward_max: 0.2297  reward_mean: -0.1363  reward_min: -6.3923  value_loss: 2.0642
Step:  1110000  |  score: 108.06 ± 0.36  |  actor_loss: -1.8193  cost_loss: 1.3606  q_loss: 0.0538  reward_max: 0.1019  reward_mean: -0.1331  reward_min: -6.4613  value_loss: 2.0200
Step:  1120000  |  score: 108.20 ± 0.43  |  actor_loss: -1.9927  cost_loss: 1.3701  q_loss: 0.0315  reward_max: 0.1427  reward_mean: -0.0647  reward_min: -6.4372  value_loss: 2.3616
Step:  1130000  |  score: 99.76 ± 24.15  |  actor_loss: -2.2660  cost_loss: 1.3662  q_loss: 0.0440  reward_max: 0.3087  reward_mean: -0.0888  reward_min: -6.3944  value_loss: 2.2883
Step:  1140000  |  score: 108.93 ± 0.14  |  actor_loss: -2.1056  cost_loss: 1.3560  q_loss: 0.0458  reward_max: 0.1102  reward_mean: -0.1458  reward_min: -6.3315  value_loss: 1.7447
Step:  1150000  |  score: 108.58 ± 0.30  |  actor_loss: -2.4583  cost_loss: 1.3647  q_loss: 0.2323  reward_max: 0.1767  reward_mean: -0.0954  reward_min: -6.4580  value_loss: 2.1058
Step:  1160000  |  score: 108.80 ± 0.52  |  actor_loss: -2.3091  cost_loss: 1.3502  q_loss: 0.1168  reward_max: 0.1851  reward_mean: -0.2012  reward_min: -6.5006  value_loss: 1.5232
Step:  1170000  |  score: 108.99 ± 0.13  |  actor_loss: -1.9458  cost_loss: 1.3585  q_loss: 0.0495  reward_max: 0.1817  reward_mean: -0.1355  reward_min: -6.5696  value_loss: 1.7597
Step:  1180000  |  score: 108.82 ± 0.20  |  actor_loss: -2.4006  cost_loss: 1.3729  q_loss: 0.0205  reward_max: 0.1122  reward_mean: -0.0427  reward_min: -6.5323  value_loss: 2.3933
Step:  1190000  |  score: 109.13 ± 0.19  |  actor_loss: -2.1189  cost_loss: 1.3595  q_loss: 0.0762  reward_max: 0.1328  reward_mean: -0.1432  reward_min: -6.5084  value_loss: 1.9787
Step:  1200000  |  score: 108.93 ± 0.10  |  actor_loss: -2.3083  cost_loss: 1.3616  q_loss: 0.0862  reward_max: 0.0824  reward_mean: -0.1192  reward_min: -6.6850  value_loss: 1.9980
Step:  1210000  |  score: 109.16 ± 0.21  |  actor_loss: -2.2701  cost_loss: 1.3517  q_loss: 0.0834  reward_max: 0.2018  reward_mean: -0.1762  reward_min: -6.4797  value_loss: 1.5432
Step:  1220000  |  score: 108.66 ± 0.34  |  actor_loss: -2.0176  cost_loss: 1.3564  q_loss: 0.2023  reward_max: 0.1095  reward_mean: -0.1614  reward_min: -6.6078  value_loss: 1.7729
Step:  1230000  |  score: 107.82 ± 0.45  |  actor_loss: -2.2103  cost_loss: 1.3585  q_loss: 0.0670  reward_max: 0.1408  reward_mean: -0.1512  reward_min: -6.4173  value_loss: 1.6158
Step:  1240000  |  score: 108.88 ± 0.22  |  actor_loss: -2.1204  cost_loss: 1.3578  q_loss: 0.0597  reward_max: 0.2488  reward_mean: -0.1600  reward_min: -6.4833  value_loss: 1.9206
Step:  1250000  |  score: 108.93 ± 0.24  |  actor_loss: -2.1435  cost_loss: 1.3619  q_loss: 0.0586  reward_max: 0.1582  reward_mean: -0.1262  reward_min: -6.5616  value_loss: 1.8629
Step:  1260000  |  score: 98.66 ± 25.85  |  actor_loss: -2.2016  cost_loss: 1.3593  q_loss: 0.0875  reward_max: 0.2192  reward_mean: -0.1215  reward_min: -6.5131  value_loss: 1.8397
Step:  1270000  |  score: 108.59 ± 0.44  |  actor_loss: -2.1993  cost_loss: 1.3646  q_loss: 0.0592  reward_max: 0.2301  reward_mean: -0.0927  reward_min: -6.4593  value_loss: 2.0402
Step:  1280000  |  score: 108.24 ± 0.55  |  actor_loss: -2.0887  cost_loss: 1.3602  q_loss: 0.0784  reward_max: 0.0737  reward_mean: -0.1295  reward_min: -6.4777  value_loss: 1.7870
Step:  1290000  |  score: 109.81 ± 0.25  |  actor_loss: -2.0654  cost_loss: 1.3637  q_loss: 0.0897  reward_max: 0.1805  reward_mean: -0.1057  reward_min: -6.5884  value_loss: 1.9172
Step:  1300000  |  score: 108.25 ± 0.56  |  actor_loss: -2.1019  cost_loss: 1.3595  q_loss: 0.1160  reward_max: 0.1512  reward_mean: -0.1162  reward_min: -6.4749  value_loss: 1.6725
Step:  1310000  |  score: 108.32 ± 0.35  |  actor_loss: -2.0779  cost_loss: 1.3678  q_loss: 0.0850  reward_max: 0.1162  reward_mean: -0.0599  reward_min: -6.2711  value_loss: 2.2760
Step:  1320000  |  score: 108.98 ± 0.55  |  actor_loss: -1.7730  cost_loss: 1.3560  q_loss: 0.0881  reward_max: 0.1319  reward_mean: -0.1614  reward_min: -6.5155  value_loss: 1.7311
Step:  1330000  |  score: 107.99 ± 1.17  |  actor_loss: -2.1415  cost_loss: 1.3634  q_loss: 0.0476  reward_max: 0.0997  reward_mean: -0.1119  reward_min: -6.4003  value_loss: 2.1327
Step:  1340000  |  score: 108.97 ± 0.44  |  actor_loss: -2.3528  cost_loss: 1.3552  q_loss: 0.0493  reward_max: 0.1065  reward_mean: -0.1672  reward_min: -6.3124  value_loss: 1.7106
Step:  1350000  |  score: 108.30 ± 0.55  |  actor_loss: -2.3813  cost_loss: 1.3600  q_loss: 0.0831  reward_max: 0.2485  reward_mean: -0.1377  reward_min: -6.3835  value_loss: 1.8471
Step:  1360000  |  score: 109.24 ± 0.18  |  actor_loss: -2.0602  cost_loss: 1.3591  q_loss: 0.0708  reward_max: 0.0989  reward_mean: -0.1245  reward_min: -6.4454  value_loss: 1.8812
Step:  1370000  |  score: 109.02 ± 0.27  |  actor_loss: -2.0632  cost_loss: 1.3564  q_loss: 0.0413  reward_max: 0.1115  reward_mean: -0.1529  reward_min: -6.3649  value_loss: 1.6497
Step:  1380000  |  score: 108.87 ± 0.42  |  actor_loss: -1.7572  cost_loss: 1.3664  q_loss: 0.0351  reward_max: 0.1138  reward_mean: -0.0815  reward_min: -6.5651  value_loss: 2.2374
Step:  1390000  |  score: 108.91 ± 0.25  |  actor_loss: -2.4141  cost_loss: 1.3593  q_loss: 0.2649  reward_max: 0.1197  reward_mean: -0.1407  reward_min: -6.5988  value_loss: 2.0715
Step:  1400000  |  score: 108.28 ± 0.32  |  actor_loss: -2.3138  cost_loss: 1.3648  q_loss: 0.0362  reward_max: 0.1730  reward_mean: -0.0945  reward_min: -6.4827  value_loss: 2.5078
Step:  1410000  |  score: 108.96 ± 0.33  |  actor_loss: -2.2783  cost_loss: 1.3563  q_loss: 0.0754  reward_max: 0.1978  reward_mean: -0.1608  reward_min: -6.6558  value_loss: 1.5317
Step:  1420000  |  score: 108.57 ± 0.22  |  actor_loss: -2.7817  cost_loss: 1.3558  q_loss: 0.0573  reward_max: 0.1904  reward_mean: -0.1799  reward_min: -6.5006  value_loss: 1.8044
Step:  1430000  |  score: 108.60 ± 0.21  |  actor_loss: -2.1202  cost_loss: 1.3596  q_loss: 0.0551  reward_max: 0.1950  reward_mean: -0.1315  reward_min: -6.5200  value_loss: 1.7744
Step:  1440000  |  score: 108.84 ± 0.28  |  actor_loss: -2.1963  cost_loss: 1.3670  q_loss: 0.0950  reward_max: 0.2576  reward_mean: -0.0704  reward_min: -5.9013  value_loss: 2.0057
Step:  1450000  |  score: 108.56 ± 0.16  |  actor_loss: -2.3925  cost_loss: 1.3611  q_loss: 0.0952  reward_max: 0.0950  reward_mean: -0.1246  reward_min: -6.5007  value_loss: 1.7946
Step:  1460000  |  score: 108.70 ± 0.47  |  actor_loss: -2.2753  cost_loss: 1.3691  q_loss: 0.0310  reward_max: 0.2417  reward_mean: -0.0773  reward_min: -6.3590  value_loss: 2.0615
Step:  1470000  |  score: 108.34 ± 0.36  |  actor_loss: -2.0172  cost_loss: 1.3507  q_loss: 0.1439  reward_max: 0.1949  reward_mean: -0.1927  reward_min: -6.5202  value_loss: 1.3360
Step:  1480000  |  score: 108.56 ± 0.84  |  actor_loss: -2.4671  cost_loss: 1.3663  q_loss: 0.0327  reward_max: 0.1096  reward_mean: -0.0930  reward_min: -6.4110  value_loss: 2.0612
Step:  1490000  |  score: 108.48 ± 0.72  |  actor_loss: -2.3346  cost_loss: 1.3640  q_loss: 0.0566  reward_max: 0.2227  reward_mean: -0.1035  reward_min: -6.1950  value_loss: 1.9802
Step:  1500000  |  score: 108.89 ± 0.23  |  actor_loss: -2.4108  cost_loss: 1.3634  q_loss: 0.0673  reward_max: 0.1703  reward_mean: -0.1159  reward_min: -6.6125  value_loss: 2.0367
Step:  1510000  |  score: 108.72 ± 0.76  |  actor_loss: -1.9981  cost_loss: 1.3488  q_loss: 0.1617  reward_max: 0.1304  reward_mean: -0.2284  reward_min: -6.4130  value_loss: 1.5846
Step:  1520000  |  score: 99.11 ± 25.50  |  actor_loss: -1.7965  cost_loss: 1.3675  q_loss: 0.0555  reward_max: 0.3167  reward_mean: -0.0828  reward_min: -6.3718  value_loss: 2.3000
Step:  1530000  |  score: 109.18 ± 0.16  |  actor_loss: -2.4481  cost_loss: 1.3664  q_loss: 0.0465  reward_max: 0.2525  reward_mean: -0.0848  reward_min: -5.8224  value_loss: 2.0878
Step:  1540000  |  score: 108.11 ± 1.30  |  actor_loss: -1.8272  cost_loss: 1.3552  q_loss: 0.0823  reward_max: 0.1978  reward_mean: -0.1534  reward_min: -6.3910  value_loss: 1.4296
Step:  1550000  |  score: 108.80 ± 0.43  |  actor_loss: -2.1340  cost_loss: 1.3673  q_loss: 0.0380  reward_max: 0.1957  reward_mean: -0.0729  reward_min: -6.5096  value_loss: 2.3897
Step:  1560000  |  score: 108.62 ± 0.17  |  actor_loss: -2.0889  cost_loss: 1.3552  q_loss: 0.0515  reward_max: 0.1793  reward_mean: -0.1819  reward_min: -6.5289  value_loss: 1.6590
Step:  1570000  |  score: 108.57 ± 0.30  |  actor_loss: -1.8942  cost_loss: 1.3568  q_loss: 0.1067  reward_max: 0.0846  reward_mean: -0.1307  reward_min: -6.5923  value_loss: 1.8360
Step:  1580000  |  score: 108.60 ± 0.29  |  actor_loss: -2.0197  cost_loss: 1.3685  q_loss: 0.0292  reward_max: 0.1449  reward_mean: -0.0629  reward_min: -6.5441  value_loss: 2.2460
Step:  1590000  |  score: 108.92 ± 0.20  |  actor_loss: -1.9932  cost_loss: 1.3643  q_loss: 0.0447  reward_max: 0.2076  reward_mean: -0.1046  reward_min: -6.4611  value_loss: 1.9236
Step:  1600000  |  score: 108.11 ± 0.44  |  actor_loss: -2.1162  cost_loss: 1.3568  q_loss: 0.0834  reward_max: 0.1032  reward_mean: -0.1455  reward_min: -6.4123  value_loss: 1.8223
Step:  1610000  |  score: 108.50 ± 0.18  |  actor_loss: -2.2755  cost_loss: 1.3695  q_loss: 0.0411  reward_max: 0.1305  reward_mean: -0.0619  reward_min: -6.4472  value_loss: 2.2803
Step:  1620000  |  score: 108.67 ± 0.30  |  actor_loss: -1.8415  cost_loss: 1.3461  q_loss: 0.2014  reward_max: 0.1547  reward_mean: -0.2024  reward_min: -6.5686  value_loss: 1.3639
Step:  1630000  |  score: 108.60 ± 0.25  |  actor_loss: -2.5027  cost_loss: 1.3600  q_loss: 0.1112  reward_max: 0.1641  reward_mean: -0.1235  reward_min: -6.2820  value_loss: 1.8135
Step:  1640000  |  score: 107.49 ± 0.47  |  actor_loss: -2.4374  cost_loss: 1.3595  q_loss: 0.0814  reward_max: 0.0978  reward_mean: -0.1403  reward_min: -6.3755  value_loss: 1.9349
Step:  1650000  |  score: 108.88 ± 0.15  |  actor_loss: -1.8837  cost_loss: 1.3643  q_loss: 0.0786  reward_max: 0.0821  reward_mean: -0.0887  reward_min: -6.5510  value_loss: 2.2150
Step:  1660000  |  score: 108.78 ± 0.35  |  actor_loss: -2.3479  cost_loss: 1.3626  q_loss: 0.0500  reward_max: 0.1004  reward_mean: -0.1121  reward_min: -6.4775  value_loss: 2.1393
Step:  1670000  |  score: 107.95 ± 0.28  |  actor_loss: -2.2103  cost_loss: 1.3573  q_loss: 0.0766  reward_max: 0.1066  reward_mean: -0.1532  reward_min: -6.4118  value_loss: 1.6523
Step:  1680000  |  score: 108.32 ± 0.65  |  actor_loss: -1.9058  cost_loss: 1.3522  q_loss: 0.0617  reward_max: 0.0909  reward_mean: -0.1999  reward_min: -6.5480  value_loss: 1.6446
Step:  1690000  |  score: 109.14 ± 0.24  |  actor_loss: -2.3876  cost_loss: 1.3618  q_loss: 0.0784  reward_max: 0.0887  reward_mean: -0.1251  reward_min: -6.4466  value_loss: 1.9689
Step:  1700000  |  score: 108.93 ± 0.25  |  actor_loss: -2.4892  cost_loss: 1.3638  q_loss: 0.0527  reward_max: 0.1929  reward_mean: -0.0995  reward_min: -6.4040  value_loss: 2.1678
Step:  1710000  |  score: 108.53 ± 0.32  |  actor_loss: -2.5190  cost_loss: 1.3650  q_loss: 0.0801  reward_max: 0.2060  reward_mean: -0.0852  reward_min: -6.4281  value_loss: 2.0141
Step:  1720000  |  score: 109.09 ± 0.20  |  actor_loss: -1.8817  cost_loss: 1.3511  q_loss: 0.1019  reward_max: 0.1210  reward_mean: -0.2050  reward_min: -6.5211  value_loss: 1.5934
Step:  1730000  |  score: 108.64 ± 0.19  |  actor_loss: -2.0721  cost_loss: 1.3620  q_loss: 0.0677  reward_max: 0.1180  reward_mean: -0.1071  reward_min: -6.3651  value_loss: 1.9623
Step:  1740000  |  score: 108.67 ± 0.36  |  actor_loss: -2.2390  cost_loss: 1.3573  q_loss: 0.0867  reward_max: 0.2061  reward_mean: -0.1545  reward_min: -6.4817  value_loss: 1.7276
Step:  1750000  |  score: 109.05 ± 0.40  |  actor_loss: -1.8911  cost_loss: 1.3590  q_loss: 0.0640  reward_max: 0.1444  reward_mean: -0.1388  reward_min: -6.5627  value_loss: 1.8733
Step:  1760000  |  score: 108.20 ± 0.57  |  actor_loss: -2.0185  cost_loss: 1.3617  q_loss: 0.1228  reward_max: 0.2450  reward_mean: -0.1260  reward_min: -6.4983  value_loss: 1.9299
Step:  1770000  |  score: 108.37 ± 0.47  |  actor_loss: -1.9155  cost_loss: 1.3529  q_loss: 0.1007  reward_max: 0.0740  reward_mean: -0.1836  reward_min: -6.5376  value_loss: 1.7174
Step:  1780000  |  score: 109.41 ± 0.26  |  actor_loss: -2.3390  cost_loss: 1.3678  q_loss: 0.0426  reward_max: 0.1679  reward_mean: -0.0831  reward_min: -6.5632  value_loss: 2.1821
Step:  1790000  |  score: 108.98 ± 0.19  |  actor_loss: -1.8271  cost_loss: 1.3633  q_loss: 0.0722  reward_max: 0.1307  reward_mean: -0.1211  reward_min: -6.6001  value_loss: 1.8694
Step:  1800000  |  score: 108.20 ± 0.99  |  actor_loss: -2.1327  cost_loss: 1.3604  q_loss: 0.0579  reward_max: 0.1354  reward_mean: -0.1183  reward_min: -6.5538  value_loss: 1.7617
Step:  1810000  |  score: 108.41 ± 0.49  |  actor_loss: -2.3670  cost_loss: 1.3615  q_loss: 0.0888  reward_max: 0.1777  reward_mean: -0.1198  reward_min: -6.4872  value_loss: 1.7309
Step:  1820000  |  score: 108.58 ± 0.58  |  actor_loss: -2.4109  cost_loss: 1.3624  q_loss: 0.0703  reward_max: 0.1555  reward_mean: -0.1050  reward_min: -6.4439  value_loss: 1.9251
Step:  1830000  |  score: 108.75 ± 0.31  |  actor_loss: -2.0052  cost_loss: 1.3550  q_loss: 0.0735  reward_max: 0.1673  reward_mean: -0.1639  reward_min: -6.5466  value_loss: 1.5179
Step:  1840000  |  score: 108.32 ± 0.29  |  actor_loss: -1.9896  cost_loss: 1.3612  q_loss: 0.0740  reward_max: 0.1180  reward_mean: -0.1173  reward_min: -6.4537  value_loss: 2.0322
Step:  1850000  |  score: 108.63 ± 0.27  |  actor_loss: -2.6328  cost_loss: 1.3662  q_loss: 0.0825  reward_max: 0.2589  reward_mean: -0.0781  reward_min: -6.3639  value_loss: 2.1140
Step:  1860000  |  score: 109.08 ± 0.16  |  actor_loss: -2.2092  cost_loss: 1.3633  q_loss: 0.0818  reward_max: 0.1067  reward_mean: -0.1049  reward_min: -6.5373  value_loss: 1.9039
Step:  1870000  |  score: 108.82 ± 0.24  |  actor_loss: -2.0784  cost_loss: 1.3556  q_loss: 0.0840  reward_max: 0.3098  reward_mean: -0.1616  reward_min: -6.3456  value_loss: 1.6124
Step:  1880000  |  score: 108.90 ± 0.40  |  actor_loss: -2.0203  cost_loss: 1.3430  q_loss: 0.0940  reward_max: 0.1591  reward_mean: -0.2551  reward_min: -6.4386  value_loss: 0.8358
Step:  1890000  |  score: 108.75 ± 0.11  |  actor_loss: -2.2334  cost_loss: 1.3615  q_loss: 0.2108  reward_max: 0.2038  reward_mean: -0.1013  reward_min: -6.2876  value_loss: 1.9542
Step:  1900000  |  score: 108.57 ± 0.18  |  actor_loss: -2.2497  cost_loss: 1.3633  q_loss: 0.1470  reward_max: 0.1537  reward_mean: -0.1210  reward_min: -6.3921  value_loss: 1.9066
Step:  1910000  |  score: 108.87 ± 0.48  |  actor_loss: -2.0432  cost_loss: 1.3650  q_loss: 0.0605  reward_max: 0.1283  reward_mean: -0.0942  reward_min: -6.6089  value_loss: 2.1334
Step:  1920000  |  score: 108.42 ± 0.39  |  actor_loss: -2.4821  cost_loss: 1.3538  q_loss: 0.1344  reward_max: 0.2396  reward_mean: -0.1629  reward_min: -6.4514  value_loss: 1.6352
Step:  1930000  |  score: 108.71 ± 0.40  |  actor_loss: -2.2863  cost_loss: 1.3622  q_loss: 0.0371  reward_max: 0.1059  reward_mean: -0.1220  reward_min: -6.4561  value_loss: 1.9313
Step:  1940000  |  score: 108.73 ± 0.25  |  actor_loss: -2.3761  cost_loss: 1.3612  q_loss: 0.0359  reward_max: 0.1423  reward_mean: -0.1200  reward_min: -6.5959  value_loss: 1.9250
Step:  1950000  |  score: 108.97 ± 0.22  |  actor_loss: -2.0092  cost_loss: 1.3599  q_loss: 0.0704  reward_max: 0.0939  reward_mean: -0.1260  reward_min: -6.3724  value_loss: 1.8686
Step:  1960000  |  score: 108.61 ± 0.21  |  actor_loss: -2.1512  cost_loss: 1.3583  q_loss: 0.0541  reward_max: 0.1878  reward_mean: -0.1348  reward_min: -6.6834  value_loss: 1.9079
Step:  1970000  |  score: 108.58 ± 0.21  |  actor_loss: -1.9942  cost_loss: 1.3588  q_loss: 0.0999  reward_max: 0.2213  reward_mean: -0.1537  reward_min: -6.5632  value_loss: 1.7361
Step:  1980000  |  score: 107.96 ± 0.69  |  actor_loss: -2.3806  cost_loss: 1.3665  q_loss: 0.0953  reward_max: 0.2105  reward_mean: -0.0719  reward_min: -6.4816  value_loss: 2.0508
Step:  1990000  |  score: 108.55 ± 0.37  |  actor_loss: -2.2954  cost_loss: 1.3617  q_loss: 0.0420  reward_max: 0.2054  reward_mean: -0.1294  reward_min: -6.5530  value_loss: 1.8312
Step:  2000000  |  score: 108.93 ± 0.34  |  actor_loss: -2.1615  cost_loss: 1.3652  q_loss: 0.0676  reward_max: 0.1292  reward_mean: -0.0898  reward_min: -6.5590  value_loss: 2.1008
Final evaluation (13 iterations)...
Final score: 108.95 ± 0.34
wandb: WARNING Symlinked 1 file into the W&B run directory; call wandb.save again to sync new files.
wandb: updating run metadata
wandb: uploading config.yaml; uploading final_returns/bdemodice_walker2d-expert-v2_2026-03-18_18-57-06.npz; uploading output.log; uploading wandb-summary.json
wandb: uploading final_returns/bdemodice_walker2d-expert-v2_2026-03-18_18-57-06.npz; uploading output.log
wandb: uploading summary, console lines 214-215
wandb: 
wandb: Run history:
wandb:  actor_loss █▂▂▂▂▂▂▂▂▂▂▂▂▁▁▂▁▂▁▁▁▁▂▂▁▁▁▁▁▁▂▁▂▁▂▁▁▁▁▂
wandb:   cost_loss ▅▄▅▆▅▅▄▇▁▄▆▃▆█▆▅▅▇▅▅▅▄▅▇▆▄▄▅▄▆▅▆▂▆▄▄▅▆▅▄
wandb: num_updates ▁▁▁▁▂▂▂▂▃▃▃▃▃▃▃▄▄▄▄▄▄▄▄▅▅▅▅▆▆▆▆▆▆▆▇▇▇▇██
wandb:      q_loss ▅▄▄▄▄█▅▃▇▄▃▃▃▁▂▂▁▃▂▄▂▁▂▁▄▂▁▇▃▃▃▁▂▅▃▆▃▂▂▁
wandb:      return ▁█████████████▇█▆███████▇███▇███████████
wandb:  reward_max ▃▄▄▂▂█▄▅▅▂▃▃▄▁▂▃▁▄▁▄▂▄▂▄▃▆▆▁▃▅▁▄▂▃▃▇▅▃▁▂
wandb: reward_mean █▆▇▆▄▆▆▄▄▃█▇▁▅▅▄▄▆▆▄▄▅█▄▃▅▅▄▇▆▂▇▆▅▄▆▅▃▄▅
wandb:  reward_min █▇▃▁▂▁▂▂▁▁▃▂▂▂▂▂▂▁▂▂▂▁▂▁▂▂▁▂▂▃▂▂▂▂▁▂▂▂▃▂
wandb:       score ▇▇▇█▇▇██▇██▇███▇███▁███▇█████▇█▇███▇████
wandb:   score_std ▂▃█▁▁▁▁▁▁▁▁█▁▁▁▁▁▆▁▁▁▁▁▁▁▁▁▁▁▁▁▁▁▁▁▁▁▁▁▁
wandb:          +1 ...
wandb: 
wandb: Run summary:
wandb:  actor_loss -2.1615
wandb:   cost_loss 1.36524
wandb: num_updates 2000000
wandb:      q_loss 0.06764
wandb:      return 5002.06121
wandb:  reward_max 0.12924
wandb: reward_mean -0.08985
wandb:  reward_min -6.55896
wandb:       score 108.92595
wandb:   score_std 0.33579
wandb:          +1 ...
wandb: 
wandb: 🚀 View run bdemodice_walker2d_M4_s3 at: https://wandb.ai/wsk208/DemoDICE/runs/wwv58ist
wandb: ⭐️ View project at: https://wandb.ai/wsk208/DemoDICE
wandb: Synced 5 W&B file(s), 0 media file(s), 0 artifact file(s) and 1 other file(s)
wandb: Find logs at: ./wandb/run-20260318_183029-wwv58ist/logs
