Warning: All of online environments libraries in D4RL have been moved ]8;;https://github.com/Farama-Foundation/Gymnasium\Gymnasium]8;;\, ]8;;https://github.com/Farama-Foundation/MiniGrid\MiniGrid]8;;\ and ]8;;https://github.com/Farama-Foundation/Gymnasium-Robotics\Gymnasium-Robotics]8;;\, and all offline datasets in D4RL have been moved to ]8;;https://github.com/Farama-Foundation/Minari\Minari]8;;\.
These new versions include large bug fixes, new versions of Python, and are where all new development will continue. Please upgrade these libraries as soon as you're able to do so.
If you'd like to read more about the story behind this switch, please check out ]8;;https://farama.org/Announcing-Minari\this blog post]8;;\.
Gym has been unmaintained since 2022 and does not support NumPy 2.0 amongst other critical functionality.
Please upgrade to Gymnasium, the maintained drop-in replacement of Gym, or contact the authors of your software and request that they upgrade.
See the migration guide at https://gymnasium.farama.org/introduction/migration_guide/ for additional information.
/opt/venv/lib/python3.10/site-packages/Cython/Distutils/old_build_ext.py:15: DeprecationWarning: dep_util is Deprecated. Use functions from setuptools instead.
  from distutils.dep_util import newer, newer_group
<frozen importlib._bootstrap>:283: DeprecationWarning: the load_module() method is deprecated and slated for removal in Python 3.12; use exec_module() instead
pybullet build time: Jan 29 2025 23:16:28
wandb: [wandb.login()] Loaded credentials for https://api.wandb.ai from /root/.netrc.
wandb: Currently logged in as: wsk208 (roidice) to https://api.wandb.ai. Use `wandb login --relogin` to force relogin
/opt/venv/lib/python3.10/site-packages/wandb/analytics/sentry.py:268: DeprecationWarning: Read the `app_url` setting from the appropriate Settings object.
  app_url = wandb.util.app_url(tags["base_url"])  # type: ignore[index]
/opt/venv/lib/python3.10/site-packages/wandb/analytics/sentry.py:279: DeprecationWarning: The `Scope.user` setter is deprecated in favor of `Scope.set_user()`.
  self.scope.user = {"email": email}
wandb: setting up run vg6md5to
/opt/venv/lib/python3.10/site-packages/wandb/analytics/sentry.py:268: DeprecationWarning: Read the `app_url` setting from the appropriate Settings object.
  app_url = wandb.util.app_url(tags["base_url"])  # type: ignore[index]
/opt/venv/lib/python3.10/site-packages/wandb/analytics/sentry.py:279: DeprecationWarning: The `Scope.user` setter is deprecated in favor of `Scope.set_user()`.
  self.scope.user = {"email": email}
wandb: Tracking run with wandb version 0.25.1
wandb: Run data is saved locally in /app/wandb/run-20260318_104603-vg6md5to
wandb: Run `wandb offline` to turn off syncing.
wandb: Syncing run bdemodice_hopper_M3_s2
wandb: ⭐️ View project at https://wandb.ai/wsk208/DemoDICE
wandb: 🚀 View run at https://wandb.ai/wsk208/DemoDICE/runs/vg6md5to
/opt/venv/lib/python3.10/site-packages/gym/spaces/box.py:84: UserWarning: [33mWARN: Box bound precision lowered by casting to float32[0m
  logger.warn(f"Box bound precision lowered by casting to {self.dtype}")
load datafile:   0%|          | 0/21 [00:00<?, ?it/s]load datafile:  10%|▉         | 2/21 [00:00<00:01, 18.19it/s]load datafile:  19%|█▉        | 4/21 [00:00<00:02,  6.02it/s]load datafile:  81%|████████  | 17/21 [00:00<00:00, 22.05it/s]load datafile:  95%|█████████▌| 20/21 [00:01<00:00, 17.07it/s]load datafile: 100%|██████████| 21/21 [00:01<00:00, 17.19it/s]
Expert  :  999061 transitions  (hopper-expert-v2, 400 traj)
load datafile:   0%|          | 0/9 [00:00<?, ?it/s]load datafile:  33%|███▎      | 3/9 [00:00<00:00,  9.01it/s]load datafile:  44%|████▍     | 4/9 [00:00<00:00,  6.50it/s]load datafile:  56%|█████▌    | 5/9 [00:00<00:00,  5.01it/s]load datafile:  67%|██████▋   | 6/9 [00:01<00:00,  4.35it/s]load datafile: 100%|██████████| 9/9 [00:01<00:00,  7.50it/s]
Imperfect:   35054 transitions  (hopper-random-v2, 1600 traj)
Union   : 1034115 transitions total
/root/.local/share/uv/python/cpython-3.10-linux-x86_64-gnu/lib/python3.10/multiprocessing/popen_fork.py:66: RuntimeWarning: os.fork() was called. os.fork() is incompatible with multithreaded code, and JAX is multithreaded, so this will likely lead to a deadlock.
  self.pid = os.fork()
/opt/venv/lib/python3.10/site-packages/tensorflow_probability/python/internal/backend/jax/ops.py:681: DeprecationWarning: jax.interpreters.xla.pytype_aval_mappings is deprecated.
  jax.interpreters.xla.pytype_aval_mappings[onp.ndarray])
/opt/venv/lib/python3.10/site-packages/gym/spaces/box.py:84: UserWarning: [33mWARN: Box bound precision lowered by casting to float32[0m
  logger.warn(f"Box bound precision lowered by casting to {self.dtype}")
Step:    10000  |  score: 19.31 ± 5.58  |  actor_loss: 2.0608  cost_loss: 1.3775  q_loss: 0.1874  reward_max: 0.2730  reward_mean: -0.0414  reward_min: -4.6334  value_loss: 0.7268
Step:    20000  |  score: 73.18 ± 17.18  |  actor_loss: 1.3617  cost_loss: 1.3609  q_loss: 0.3832  reward_max: 0.2372  reward_mean: -0.0849  reward_min: -3.8821  value_loss: 0.8224
Step:    30000  |  score: 40.95 ± 10.64  |  actor_loss: 0.7711  cost_loss: 1.3675  q_loss: 0.0715  reward_max: 0.3427  reward_mean: -0.0438  reward_min: -5.7039  value_loss: 1.3651
Step:    40000  |  score: 80.57 ± 30.89  |  actor_loss: 0.3584  cost_loss: 1.3738  q_loss: 0.0170  reward_max: 0.1925  reward_mean: -0.0170  reward_min: -2.7877  value_loss: 1.7491
Step:    50000  |  score: 77.32 ± 18.85  |  actor_loss: 0.2871  cost_loss: 1.3652  q_loss: 0.0365  reward_max: 0.1574  reward_mean: -0.0649  reward_min: -5.8806  value_loss: 1.6465
Step:    60000  |  score: 61.32 ± 14.55  |  actor_loss: 0.0761  cost_loss: 1.3629  q_loss: 0.0521  reward_max: 0.1771  reward_mean: -0.0649  reward_min: -5.6216  value_loss: 1.8579
Step:    70000  |  score: 57.04 ± 15.51  |  actor_loss: 0.2019  cost_loss: 1.3710  q_loss: 0.0187  reward_max: 0.1910  reward_mean: -0.0385  reward_min: -4.2403  value_loss: 2.1461
Step:    80000  |  score: 71.85 ± 27.62  |  actor_loss: 0.2674  cost_loss: 1.3597  q_loss: 0.0285  reward_max: 0.3181  reward_mean: -0.0712  reward_min: -5.0572  value_loss: 1.7913
Step:    90000  |  score: 11.37 ± 0.09  |  actor_loss: 0.1516  cost_loss: 1.3686  q_loss: 0.0148  reward_max: 0.2653  reward_mean: -0.0260  reward_min: -5.5341  value_loss: 2.1481
Step:   100000  |  score: 32.71 ± 22.65  |  actor_loss: 0.1465  cost_loss: 1.3676  q_loss: 0.0318  reward_max: 0.1837  reward_mean: -0.0349  reward_min: -3.1152  value_loss: 2.2462
Step:   110000  |  score: 80.82 ± 25.26  |  actor_loss: 0.3360  cost_loss: 1.3638  q_loss: 0.0127  reward_max: 0.1447  reward_mean: -0.0527  reward_min: -4.4448  value_loss: 2.3032
Step:   120000  |  score: 66.83 ± 41.56  |  actor_loss: 0.0164  cost_loss: 1.3707  q_loss: 0.0201  reward_max: 0.2027  reward_mean: -0.0375  reward_min: -4.3871  value_loss: 2.5014
Step:   130000  |  score: 98.01 ± 9.63  |  actor_loss: 0.1688  cost_loss: 1.3655  q_loss: 0.0175  reward_max: 0.2064  reward_mean: -0.0462  reward_min: -5.4981  value_loss: 2.3260
Step:   140000  |  score: 54.35 ± 29.90  |  actor_loss: 0.0585  cost_loss: 1.3714  q_loss: 0.0118  reward_max: 0.1684  reward_mean: -0.0680  reward_min: -5.5486  value_loss: 2.4622
Step:   150000  |  score: 57.34 ± 36.08  |  actor_loss: 0.0937  cost_loss: 1.3598  q_loss: 0.0090  reward_max: 0.1502  reward_mean: -0.0910  reward_min: -5.5552  value_loss: 2.3970
Step:   160000  |  score: 63.79 ± 34.43  |  actor_loss: 0.1651  cost_loss: 1.3603  q_loss: 0.0096  reward_max: 0.1578  reward_mean: -0.0356  reward_min: -3.5397  value_loss: 2.5270
Step:   170000  |  score: 11.69 ± 0.15  |  actor_loss: 0.1047  cost_loss: 1.3629  q_loss: 0.0171  reward_max: 0.1282  reward_mean: -0.0750  reward_min: -5.3834  value_loss: 2.5080
Step:   180000  |  score: 52.94 ± 36.34  |  actor_loss: 0.0374  cost_loss: 1.3748  q_loss: 0.0151  reward_max: 0.1548  reward_mean: -0.0283  reward_min: -5.1948  value_loss: 2.7556
Step:   190000  |  score: 80.51 ± 34.20  |  actor_loss: 0.1939  cost_loss: 1.3654  q_loss: 0.0267  reward_max: 0.1326  reward_mean: -0.0430  reward_min: -4.2665  value_loss: 2.6665
Step:   200000  |  score: 41.69 ± 39.04  |  actor_loss: 0.0811  cost_loss: 1.3582  q_loss: 0.0260  reward_max: 0.1351  reward_mean: -0.0743  reward_min: -4.2451  value_loss: 2.5323
Step:   210000  |  score: 93.11 ± 26.44  |  actor_loss: 0.0999  cost_loss: 1.3662  q_loss: 0.0108  reward_max: 0.2642  reward_mean: -0.0364  reward_min: -3.3357  value_loss: 2.7458
Step:   220000  |  score: 47.61 ± 4.01  |  actor_loss: 0.1027  cost_loss: 1.3644  q_loss: 0.0251  reward_max: 0.1588  reward_mean: -0.0526  reward_min: -6.6890  value_loss: 2.7170
Step:   230000  |  score: 58.35 ± 40.44  |  actor_loss: 0.0260  cost_loss: 1.3688  q_loss: 0.0096  reward_max: 0.2818  reward_mean: -0.0432  reward_min: -4.4744  value_loss: 2.8483
Step:   240000  |  score: 71.57 ± 32.24  |  actor_loss: -0.0033  cost_loss: 1.3727  q_loss: 0.0174  reward_max: 0.1316  reward_mean: -0.0351  reward_min: -4.9215  value_loss: 2.8001
Step:   250000  |  score: 92.39 ± 33.33  |  actor_loss: 0.1310  cost_loss: 1.3600  q_loss: 0.0343  reward_max: 0.1660  reward_mean: -0.0736  reward_min: -4.3590  value_loss: 2.4527
Step:   260000  |  score: 107.00 ± 9.31  |  actor_loss: 0.1375  cost_loss: 1.3683  q_loss: 0.0160  reward_max: 0.1668  reward_mean: -0.0556  reward_min: -5.7744  value_loss: 2.7577
Step:   270000  |  score: 50.36 ± 42.28  |  actor_loss: 0.1742  cost_loss: 1.3640  q_loss: 0.0133  reward_max: 0.1463  reward_mean: -0.0610  reward_min: -5.0004  value_loss: 2.6331
Step:   280000  |  score: 70.76 ± 46.22  |  actor_loss: 0.0162  cost_loss: 1.3625  q_loss: 0.0155  reward_max: 0.2214  reward_mean: -0.0777  reward_min: -4.2001  value_loss: 2.5398
Step:   290000  |  score: 102.34 ± 16.90  |  actor_loss: 0.1256  cost_loss: 1.3650  q_loss: 0.0158  reward_max: 0.1997  reward_mean: -0.0420  reward_min: -3.7872  value_loss: 2.7931
Step:   300000  |  score: 101.53 ± 16.87  |  actor_loss: 0.1140  cost_loss: 1.3544  q_loss: 0.0335  reward_max: 0.1904  reward_mean: -0.0904  reward_min: -4.9129  value_loss: 2.6790
Step:   310000  |  score: 92.43 ± 24.92  |  actor_loss: 0.1555  cost_loss: 1.3736  q_loss: 0.0164  reward_max: 0.2529  reward_mean: -0.0142  reward_min: -4.5564  value_loss: 2.9665
Step:   320000  |  score: 45.43 ± 3.83  |  actor_loss: 0.1655  cost_loss: 1.3582  q_loss: 0.0101  reward_max: 0.1620  reward_mean: -0.0690  reward_min: -4.1126  value_loss: 2.6156
Step:   330000  |  score: 108.76 ± 6.21  |  actor_loss: 0.0082  cost_loss: 1.3638  q_loss: 0.0176  reward_max: 0.1721  reward_mean: -0.0792  reward_min: -6.0014  value_loss: 2.7331
Step:   340000  |  score: 94.04 ± 22.03  |  actor_loss: 0.0496  cost_loss: 1.3700  q_loss: 0.0106  reward_max: 0.2151  reward_mean: -0.0377  reward_min: -3.8541  value_loss: 2.8669
Step:   350000  |  score: 91.81 ± 19.46  |  actor_loss: 0.0653  cost_loss: 1.3504  q_loss: 0.0175  reward_max: 0.1988  reward_mean: -0.1108  reward_min: -4.5693  value_loss: 2.3845
Step:   360000  |  score: 110.89 ± 2.99  |  actor_loss: -0.0004  cost_loss: 1.3513  q_loss: 0.0216  reward_max: 0.2260  reward_mean: -0.1174  reward_min: -6.0023  value_loss: 2.4347
Step:   370000  |  score: 77.53 ± 17.64  |  actor_loss: -0.0272  cost_loss: 1.3676  q_loss: 0.0109  reward_max: 0.0990  reward_mean: -0.0316  reward_min: -3.4189  value_loss: 2.7979
Step:   380000  |  score: 91.16 ± 35.13  |  actor_loss: 0.0103  cost_loss: 1.3693  q_loss: 0.0077  reward_max: 0.2077  reward_mean: -0.0379  reward_min: -3.7402  value_loss: 2.8706
Step:   390000  |  score: 100.22 ± 20.19  |  actor_loss: -0.0546  cost_loss: 1.3690  q_loss: 0.0264  reward_max: 0.1634  reward_mean: -0.0460  reward_min: -4.8938  value_loss: 2.8197
Step:   400000  |  score: 103.16 ± 15.89  |  actor_loss: 0.0324  cost_loss: 1.3748  q_loss: 0.0106  reward_max: 0.2407  reward_mean: -0.0228  reward_min: -5.4571  value_loss: 2.9626
Step:   410000  |  score: 85.89 ± 27.86  |  actor_loss: -0.1856  cost_loss: 1.3686  q_loss: 0.0120  reward_max: 0.1704  reward_mean: -0.0336  reward_min: -3.6697  value_loss: 2.9627
Step:   420000  |  score: 83.32 ± 23.35  |  actor_loss: 0.0212  cost_loss: 1.3591  q_loss: 0.0130  reward_max: 0.1640  reward_mean: -0.0873  reward_min: -5.3318  value_loss: 2.5488
Step:   430000  |  score: 100.88 ± 19.53  |  actor_loss: 0.0840  cost_loss: 1.3660  q_loss: 0.0075  reward_max: 0.1622  reward_mean: -0.0439  reward_min: -4.6555  value_loss: 2.8302
Step:   440000  |  score: 104.22 ± 9.65  |  actor_loss: -0.0618  cost_loss: 1.3624  q_loss: 0.0157  reward_max: 0.3020  reward_mean: -0.0731  reward_min: -4.9473  value_loss: 2.6446
Step:   450000  |  score: 107.50 ± 9.32  |  actor_loss: 0.1763  cost_loss: 1.3608  q_loss: 0.0270  reward_max: 0.1675  reward_mean: -0.0999  reward_min: -5.7075  value_loss: 2.6235
Step:   460000  |  score: 112.42 ± 1.02  |  actor_loss: 0.0337  cost_loss: 1.3551  q_loss: 0.0111  reward_max: 0.1919  reward_mean: -0.0965  reward_min: -4.7804  value_loss: 2.4652
Step:   470000  |  score: 109.62 ± 3.90  |  actor_loss: -0.0290  cost_loss: 1.3591  q_loss: 0.0235  reward_max: 0.1552  reward_mean: -0.0804  reward_min: -6.1976  value_loss: 2.7671
Step:   480000  |  score: 93.05 ± 20.55  |  actor_loss: 0.1040  cost_loss: 1.3631  q_loss: 0.0174  reward_max: 0.1510  reward_mean: -0.0665  reward_min: -4.3664  value_loss: 2.7213
Step:   490000  |  score: 99.52 ± 14.16  |  actor_loss: 0.0158  cost_loss: 1.3623  q_loss: 0.0271  reward_max: 0.2027  reward_mean: -0.0618  reward_min: -4.5893  value_loss: 2.7494
Step:   500000  |  score: 107.25 ± 11.32  |  actor_loss: 0.0752  cost_loss: 1.3629  q_loss: 0.0188  reward_max: 0.1357  reward_mean: -0.0633  reward_min: -5.4607  value_loss: 2.6821
Step:   510000  |  score: 101.65 ± 16.64  |  actor_loss: 0.0205  cost_loss: 1.3642  q_loss: 0.0112  reward_max: 0.1798  reward_mean: -0.0650  reward_min: -5.7105  value_loss: 2.6885
Step:   520000  |  score: 103.81 ± 17.08  |  actor_loss: 0.1475  cost_loss: 1.3649  q_loss: 0.0125  reward_max: 0.1390  reward_mean: -0.0555  reward_min: -4.0042  value_loss: 2.8346
Step:   530000  |  score: 95.85 ± 22.72  |  actor_loss: 0.0060  cost_loss: 1.3673  q_loss: 0.0187  reward_max: 0.1407  reward_mean: -0.0528  reward_min: -4.3373  value_loss: 2.8501
Step:   540000  |  score: 109.10 ± 9.12  |  actor_loss: -0.0585  cost_loss: 1.3587  q_loss: 0.0180  reward_max: 0.1139  reward_mean: -0.0794  reward_min: -4.3180  value_loss: 2.6516
Step:   550000  |  score: 111.85 ± 0.95  |  actor_loss: -0.0708  cost_loss: 1.3595  q_loss: 0.0142  reward_max: 0.1391  reward_mean: -0.0619  reward_min: -4.6511  value_loss: 2.6332
Step:   560000  |  score: 98.34 ± 16.81  |  actor_loss: -0.0495  cost_loss: 1.3633  q_loss: 0.0142  reward_max: 0.1349  reward_mean: -0.0507  reward_min: -3.7017  value_loss: 2.6470
Step:   570000  |  score: 113.07 ± 1.64  |  actor_loss: -0.0504  cost_loss: 1.3629  q_loss: 0.0116  reward_max: 0.1442  reward_mean: -0.0669  reward_min: -4.0786  value_loss: 2.6918
Step:   580000  |  score: 108.09 ± 10.25  |  actor_loss: 0.2546  cost_loss: 1.3502  q_loss: 0.0341  reward_max: 0.1694  reward_mean: -0.1507  reward_min: -5.8886  value_loss: 2.5133
Step:   590000  |  score: 97.96 ± 19.43  |  actor_loss: -0.2171  cost_loss: 1.3686  q_loss: 0.0091  reward_max: 0.1847  reward_mean: -0.0348  reward_min: -4.5005  value_loss: 2.7640
Step:   600000  |  score: 97.54 ± 19.29  |  actor_loss: -0.1591  cost_loss: 1.3625  q_loss: 0.0148  reward_max: 0.1168  reward_mean: -0.0739  reward_min: -4.8043  value_loss: 2.6646
Step:   610000  |  score: 89.76 ± 21.02  |  actor_loss: -0.1936  cost_loss: 1.3707  q_loss: 0.0082  reward_max: 0.1413  reward_mean: -0.0182  reward_min: -3.7037  value_loss: 3.0484
Step:   620000  |  score: 105.05 ± 16.15  |  actor_loss: -0.0494  cost_loss: 1.3555  q_loss: 0.0260  reward_max: 0.1470  reward_mean: -0.1071  reward_min: -5.4920  value_loss: 2.5084
Step:   630000  |  score: 111.47 ± 0.71  |  actor_loss: -0.1622  cost_loss: 1.3629  q_loss: 0.0139  reward_max: 0.1429  reward_mean: -0.0632  reward_min: -4.9795  value_loss: 2.6525
Step:   640000  |  score: 100.53 ± 18.02  |  actor_loss: -0.0397  cost_loss: 1.3583  q_loss: 0.0110  reward_max: 0.1259  reward_mean: -0.0577  reward_min: -4.3235  value_loss: 2.7443
Step:   650000  |  score: 110.83 ± 5.50  |  actor_loss: -0.0769  cost_loss: 1.3680  q_loss: 0.0157  reward_max: 0.1738  reward_mean: -0.0372  reward_min: -3.1218  value_loss: 2.8084
Step:   660000  |  score: 93.66 ± 20.51  |  actor_loss: -0.0764  cost_loss: 1.3630  q_loss: 0.0190  reward_max: 0.1863  reward_mean: -0.0559  reward_min: -3.9156  value_loss: 2.7450
Step:   670000  |  score: 111.94 ± 1.19  |  actor_loss: -0.0911  cost_loss: 1.3612  q_loss: 0.0119  reward_max: 0.1235  reward_mean: -0.0631  reward_min: -4.1097  value_loss: 2.7880
Step:   680000  |  score: 103.99 ± 19.00  |  actor_loss: -0.1457  cost_loss: 1.3566  q_loss: 0.0137  reward_max: 0.1224  reward_mean: -0.0902  reward_min: -4.0954  value_loss: 2.5175
Step:   690000  |  score: 100.08 ± 22.54  |  actor_loss: -0.0227  cost_loss: 1.3641  q_loss: 0.0143  reward_max: 0.1268  reward_mean: -0.0714  reward_min: -5.3427  value_loss: 2.7846
Step:   700000  |  score: 94.55 ± 17.82  |  actor_loss: 0.0941  cost_loss: 1.3602  q_loss: 0.0141  reward_max: 0.1376  reward_mean: -0.1005  reward_min: -5.0140  value_loss: 2.5731
Step:   710000  |  score: 104.65 ± 12.71  |  actor_loss: -0.0509  cost_loss: 1.3615  q_loss: 0.0383  reward_max: 0.1621  reward_mean: -0.0654  reward_min: -5.4554  value_loss: 2.7875
Step:   720000  |  score: 94.57 ± 25.01  |  actor_loss: -0.0940  cost_loss: 1.3664  q_loss: 0.0078  reward_max: 0.1246  reward_mean: -0.0431  reward_min: -4.7119  value_loss: 2.9429
Step:   730000  |  score: 96.12 ± 24.80  |  actor_loss: -0.1251  cost_loss: 1.3581  q_loss: 0.0160  reward_max: 0.1000  reward_mean: -0.0890  reward_min: -5.3852  value_loss: 2.7273
Step:   740000  |  score: 105.52 ± 11.67  |  actor_loss: -0.2034  cost_loss: 1.3667  q_loss: 0.0162  reward_max: 0.2499  reward_mean: -0.0357  reward_min: -3.6725  value_loss: 2.8079
Step:   750000  |  score: 80.64 ± 28.34  |  actor_loss: -0.0144  cost_loss: 1.3628  q_loss: 0.0152  reward_max: 0.1244  reward_mean: -0.0602  reward_min: -4.8701  value_loss: 2.7322
Step:   760000  |  score: 101.30 ± 26.79  |  actor_loss: -0.0149  cost_loss: 1.3635  q_loss: 0.0264  reward_max: 0.1359  reward_mean: -0.0726  reward_min: -5.3588  value_loss: 2.6699
Step:   770000  |  score: 104.05 ± 13.23  |  actor_loss: -0.0788  cost_loss: 1.3601  q_loss: 0.0123  reward_max: 0.1321  reward_mean: -0.0664  reward_min: -4.5493  value_loss: 2.5417
Step:   780000  |  score: 95.59 ± 28.52  |  actor_loss: -0.0538  cost_loss: 1.3687  q_loss: 0.0124  reward_max: 0.1484  reward_mean: -0.0454  reward_min: -5.3559  value_loss: 2.7901
Step:   790000  |  score: 93.45 ± 23.18  |  actor_loss: -0.1271  cost_loss: 1.3563  q_loss: 0.0142  reward_max: 0.1629  reward_mean: -0.0724  reward_min: -3.9382  value_loss: 2.6032
Step:   800000  |  score: 90.28 ± 23.38  |  actor_loss: -0.0327  cost_loss: 1.3625  q_loss: 0.0239  reward_max: 0.1289  reward_mean: -0.0541  reward_min: -4.8343  value_loss: 2.7168
Step:   810000  |  score: 103.66 ± 15.84  |  actor_loss: 0.1819  cost_loss: 1.3628  q_loss: 0.0192  reward_max: 0.1175  reward_mean: -0.0700  reward_min: -5.7814  value_loss: 2.7956
Step:   820000  |  score: 96.90 ± 17.90  |  actor_loss: -0.0928  cost_loss: 1.3624  q_loss: 0.0134  reward_max: 0.1621  reward_mean: -0.0574  reward_min: -4.1632  value_loss: 2.7130
Step:   830000  |  score: 111.26 ± 0.57  |  actor_loss: -0.0568  cost_loss: 1.3586  q_loss: 0.0186  reward_max: 0.1695  reward_mean: -0.0766  reward_min: -4.8279  value_loss: 2.6336
Step:   840000  |  score: 103.37 ± 19.01  |  actor_loss: 0.0206  cost_loss: 1.3599  q_loss: 0.0104  reward_max: 0.1145  reward_mean: -0.0788  reward_min: -5.4589  value_loss: 2.8149
Step:   850000  |  score: 55.62 ± 46.69  |  actor_loss: -0.0359  cost_loss: 1.3629  q_loss: 0.0182  reward_max: 0.1795  reward_mean: -0.0593  reward_min: -4.5042  value_loss: 2.6925
Step:   860000  |  score: 109.24 ± 6.87  |  actor_loss: -0.0352  cost_loss: 1.3628  q_loss: 0.0326  reward_max: 0.2229  reward_mean: -0.0702  reward_min: -4.0409  value_loss: 2.6140
Step:   870000  |  score: 108.56 ± 7.34  |  actor_loss: -0.0837  cost_loss: 1.3621  q_loss: 0.0102  reward_max: 0.1130  reward_mean: -0.0525  reward_min: -4.3752  value_loss: 2.7970
Step:   880000  |  score: 86.32 ± 28.99  |  actor_loss: -0.1739  cost_loss: 1.3745  q_loss: 0.0070  reward_max: 0.1280  reward_mean: -0.0099  reward_min: -4.4692  value_loss: 3.0153
Step:   890000  |  score: 88.52 ± 19.62  |  actor_loss: 0.1002  cost_loss: 1.3610  q_loss: 0.0179  reward_max: 0.1001  reward_mean: -0.0828  reward_min: -4.9468  value_loss: 2.6099
Step:   900000  |  score: 87.83 ± 24.67  |  actor_loss: -0.0642  cost_loss: 1.3593  q_loss: 0.0123  reward_max: 0.1628  reward_mean: -0.0851  reward_min: -5.2358  value_loss: 2.6375
Step:   910000  |  score: 75.02 ± 29.39  |  actor_loss: 0.0494  cost_loss: 1.3576  q_loss: 0.0255  reward_max: 0.1083  reward_mean: -0.0779  reward_min: -5.1991  value_loss: 2.7621
Step:   920000  |  score: 111.23 ± 0.69  |  actor_loss: -0.0183  cost_loss: 1.3559  q_loss: 0.0201  reward_max: 0.1687  reward_mean: -0.1030  reward_min: -5.2857  value_loss: 2.5600
Step:   930000  |  score: 103.75 ± 20.93  |  actor_loss: -0.0434  cost_loss: 1.3597  q_loss: 0.0201  reward_max: 0.2450  reward_mean: -0.0918  reward_min: -5.0552  value_loss: 2.5521
Step:   940000  |  score: 104.04 ± 16.32  |  actor_loss: -0.1271  cost_loss: 1.3639  q_loss: 0.0120  reward_max: 0.1402  reward_mean: -0.0570  reward_min: -5.5609  value_loss: 2.8084
Step:   950000  |  score: 107.49 ± 10.19  |  actor_loss: -0.0967  cost_loss: 1.3608  q_loss: 0.0105  reward_max: 0.1558  reward_mean: -0.0781  reward_min: -5.8676  value_loss: 2.7232
Step:   960000  |  score: 84.95 ± 31.23  |  actor_loss: 0.0075  cost_loss: 1.3643  q_loss: 0.0130  reward_max: 0.1819  reward_mean: -0.0464  reward_min: -4.6779  value_loss: 2.6861
Step:   970000  |  score: 111.63 ± 1.12  |  actor_loss: -0.1779  cost_loss: 1.3691  q_loss: 0.0098  reward_max: 0.2417  reward_mean: -0.0392  reward_min: -5.2656  value_loss: 2.9218
Step:   980000  |  score: 86.01 ± 29.93  |  actor_loss: -0.1225  cost_loss: 1.3513  q_loss: 0.0120  reward_max: 0.1244  reward_mean: -0.1121  reward_min: -5.6440  value_loss: 2.5295
Step:   990000  |  score: 105.95 ± 12.53  |  actor_loss: -0.2424  cost_loss: 1.3705  q_loss: 0.0067  reward_max: 0.1717  reward_mean: -0.0342  reward_min: -5.9738  value_loss: 2.9861
Step:  1000000  |  score: 80.19 ± 31.50  |  actor_loss: -0.2221  cost_loss: 1.3622  q_loss: 0.0145  reward_max: 0.1345  reward_mean: -0.0721  reward_min: -4.9889  value_loss: 2.7206
Step:  1010000  |  score: 106.59 ± 13.60  |  actor_loss: -0.0969  cost_loss: 1.3709  q_loss: 0.0212  reward_max: 0.1429  reward_mean: -0.0398  reward_min: -4.1479  value_loss: 2.7275
Step:  1020000  |  score: 111.63 ± 0.86  |  actor_loss: 0.1279  cost_loss: 1.3613  q_loss: 0.0212  reward_max: 0.1098  reward_mean: -0.0783  reward_min: -4.8790  value_loss: 2.7151
Step:  1030000  |  score: 86.71 ± 21.79  |  actor_loss: 0.0202  cost_loss: 1.3608  q_loss: 0.0198  reward_max: 0.1124  reward_mean: -0.0855  reward_min: -5.6876  value_loss: 2.7737
Step:  1040000  |  score: 105.13 ± 16.22  |  actor_loss: -0.1492  cost_loss: 1.3677  q_loss: 0.0090  reward_max: 0.1922  reward_mean: -0.0353  reward_min: -3.7582  value_loss: 2.8335
Step:  1050000  |  score: 111.33 ± 1.11  |  actor_loss: -0.0388  cost_loss: 1.3610  q_loss: 0.0204  reward_max: 0.2221  reward_mean: -0.0753  reward_min: -5.3885  value_loss: 2.7397
Step:  1060000  |  score: 72.78 ± 23.55  |  actor_loss: -0.0872  cost_loss: 1.3705  q_loss: 0.0100  reward_max: 0.1638  reward_mean: -0.0357  reward_min: -4.6101  value_loss: 2.9218
Step:  1070000  |  score: 86.21 ± 24.72  |  actor_loss: -0.0951  cost_loss: 1.3559  q_loss: 0.0234  reward_max: 0.1475  reward_mean: -0.0867  reward_min: -4.3771  value_loss: 2.3794
Step:  1080000  |  score: 98.84 ± 23.30  |  actor_loss: -0.1365  cost_loss: 1.3739  q_loss: 0.0092  reward_max: 0.1742  reward_mean: -0.0088  reward_min: -4.3446  value_loss: 3.0149
Step:  1090000  |  score: 108.17 ± 11.60  |  actor_loss: -0.1662  cost_loss: 1.3692  q_loss: 0.0138  reward_max: 0.1318  reward_mean: -0.0362  reward_min: -3.9746  value_loss: 2.8691
Step:  1100000  |  score: 110.09 ± 2.79  |  actor_loss: -0.1614  cost_loss: 1.3651  q_loss: 0.0177  reward_max: 0.1329  reward_mean: -0.0627  reward_min: -4.9185  value_loss: 2.7479
Step:  1110000  |  score: 104.31 ± 19.61  |  actor_loss: -0.0836  cost_loss: 1.3519  q_loss: 0.0182  reward_max: 0.1168  reward_mean: -0.1107  reward_min: -5.4327  value_loss: 2.4954
Step:  1120000  |  score: 94.42 ± 28.08  |  actor_loss: -0.1112  cost_loss: 1.3667  q_loss: 0.0146  reward_max: 0.0921  reward_mean: -0.0393  reward_min: -4.9617  value_loss: 2.8366
Step:  1130000  |  score: 83.94 ± 28.90  |  actor_loss: -0.1006  cost_loss: 1.3649  q_loss: 0.0088  reward_max: 0.1384  reward_mean: -0.0443  reward_min: -4.9674  value_loss: 2.8513
Step:  1140000  |  score: 111.93 ± 1.48  |  actor_loss: -0.2280  cost_loss: 1.3719  q_loss: 0.0156  reward_max: 0.1064  reward_mean: -0.0192  reward_min: -5.2153  value_loss: 3.0618
Step:  1150000  |  score: 97.52 ± 19.51  |  actor_loss: -0.1483  cost_loss: 1.3670  q_loss: 0.0163  reward_max: 0.1779  reward_mean: -0.0389  reward_min: -4.1958  value_loss: 2.8329
Step:  1160000  |  score: 105.84 ± 14.54  |  actor_loss: -0.0947  cost_loss: 1.3622  q_loss: 0.0270  reward_max: 0.1787  reward_mean: -0.0840  reward_min: -5.4085  value_loss: 2.6560
Step:  1170000  |  score: 106.20 ± 15.92  |  actor_loss: -0.2221  cost_loss: 1.3657  q_loss: 0.0269  reward_max: 0.1217  reward_mean: -0.0469  reward_min: -4.5078  value_loss: 2.8358
Step:  1180000  |  score: 110.56 ± 3.78  |  actor_loss: -0.1392  cost_loss: 1.3595  q_loss: 0.0179  reward_max: 0.0876  reward_mean: -0.0887  reward_min: -5.7584  value_loss: 2.5406
Step:  1190000  |  score: 106.10 ± 15.19  |  actor_loss: -0.1901  cost_loss: 1.3670  q_loss: 0.0095  reward_max: 0.1627  reward_mean: -0.0461  reward_min: -5.5548  value_loss: 2.8216
Step:  1200000  |  score: 105.98 ± 16.09  |  actor_loss: 0.0168  cost_loss: 1.3654  q_loss: 0.0169  reward_max: 0.2164  reward_mean: -0.0616  reward_min: -5.7993  value_loss: 2.8688
Step:  1210000  |  score: 105.30 ± 16.13  |  actor_loss: -0.2967  cost_loss: 1.3620  q_loss: 0.0131  reward_max: 0.2056  reward_mean: -0.0765  reward_min: -4.8060  value_loss: 2.5068
Step:  1220000  |  score: 100.16 ± 19.46  |  actor_loss: -0.1862  cost_loss: 1.3574  q_loss: 0.0180  reward_max: 0.1785  reward_mean: -0.0803  reward_min: -3.6096  value_loss: 2.4687
Step:  1230000  |  score: 99.39 ± 22.17  |  actor_loss: -0.3017  cost_loss: 1.3658  q_loss: 0.0125  reward_max: 0.2442  reward_mean: -0.0443  reward_min: -3.7162  value_loss: 2.8736
Step:  1240000  |  score: 92.35 ± 17.47  |  actor_loss: -0.2124  cost_loss: 1.3657  q_loss: 0.0231  reward_max: 0.1491  reward_mean: -0.0645  reward_min: -5.8925  value_loss: 2.7083
Step:  1250000  |  score: 111.37 ± 0.63  |  actor_loss: -0.0522  cost_loss: 1.3546  q_loss: 0.0279  reward_max: 0.1310  reward_mean: -0.1071  reward_min: -4.7036  value_loss: 2.4502
Step:  1260000  |  score: 83.09 ± 29.97  |  actor_loss: -0.0740  cost_loss: 1.3631  q_loss: 0.0132  reward_max: 0.1693  reward_mean: -0.0653  reward_min: -4.9136  value_loss: 2.7045
Step:  1270000  |  score: 109.84 ± 4.14  |  actor_loss: 0.0744  cost_loss: 1.3690  q_loss: 0.0144  reward_max: 0.2059  reward_mean: -0.0394  reward_min: -5.3213  value_loss: 2.7641
Step:  1280000  |  score: 82.42 ± 34.12  |  actor_loss: -0.1326  cost_loss: 1.3646  q_loss: 0.0105  reward_max: 0.1433  reward_mean: -0.0479  reward_min: -3.7880  value_loss: 2.7896
Step:  1290000  |  score: 88.58 ± 25.78  |  actor_loss: -0.2112  cost_loss: 1.3635  q_loss: 0.0117  reward_max: 0.1335  reward_mean: -0.0591  reward_min: -5.5671  value_loss: 2.8111
Step:  1300000  |  score: 108.12 ± 9.48  |  actor_loss: -0.1837  cost_loss: 1.3671  q_loss: 0.0139  reward_max: 0.2687  reward_mean: -0.0406  reward_min: -5.3375  value_loss: 2.8138
Step:  1310000  |  score: 92.54 ± 30.86  |  actor_loss: -0.2387  cost_loss: 1.3656  q_loss: 0.0283  reward_max: 0.1620  reward_mean: -0.0585  reward_min: -5.1204  value_loss: 2.6555
Step:  1320000  |  score: 96.91 ± 25.73  |  actor_loss: -0.1051  cost_loss: 1.3653  q_loss: 0.0140  reward_max: 0.2406  reward_mean: -0.0602  reward_min: -5.2245  value_loss: 2.7272
Step:  1330000  |  score: 82.19 ± 30.12  |  actor_loss: -0.0873  cost_loss: 1.3659  q_loss: 0.0144  reward_max: 0.0977  reward_mean: -0.0515  reward_min: -4.9397  value_loss: 2.7429
Step:  1340000  |  score: 106.68 ± 11.55  |  actor_loss: 0.0202  cost_loss: 1.3610  q_loss: 0.0201  reward_max: 0.1065  reward_mean: -0.0785  reward_min: -5.5355  value_loss: 2.5980
Step:  1350000  |  score: 98.06 ± 24.23  |  actor_loss: -0.0251  cost_loss: 1.3615  q_loss: 0.0146  reward_max: 0.1430  reward_mean: -0.0686  reward_min: -4.9572  value_loss: 2.6184
Step:  1360000  |  score: 88.27 ± 24.29  |  actor_loss: -0.2788  cost_loss: 1.3703  q_loss: 0.0100  reward_max: 0.1275  reward_mean: -0.0283  reward_min: -4.1079  value_loss: 2.9543
Step:  1370000  |  score: 86.25 ± 36.46  |  actor_loss: -0.3348  cost_loss: 1.3629  q_loss: 0.0085  reward_max: 0.1311  reward_mean: -0.0577  reward_min: -4.7552  value_loss: 2.7600
Step:  1380000  |  score: 104.79 ± 14.02  |  actor_loss: -0.1567  cost_loss: 1.3667  q_loss: 0.0169  reward_max: 0.2015  reward_mean: -0.0354  reward_min: -6.2773  value_loss: 2.9657
Step:  1390000  |  score: 108.02 ± 7.05  |  actor_loss: -0.2146  cost_loss: 1.3679  q_loss: 0.0101  reward_max: 0.1693  reward_mean: -0.0556  reward_min: -6.0460  value_loss: 2.7587
Step:  1400000  |  score: 98.32 ± 17.03  |  actor_loss: -0.0468  cost_loss: 1.3541  q_loss: 0.0297  reward_max: 0.1450  reward_mean: -0.0966  reward_min: -4.4675  value_loss: 2.4049
Step:  1410000  |  score: 111.43 ± 0.90  |  actor_loss: -0.0783  cost_loss: 1.3592  q_loss: 0.0121  reward_max: 0.1175  reward_mean: -0.0772  reward_min: -5.4870  value_loss: 2.5709
Step:  1420000  |  score: 110.55 ± 3.71  |  actor_loss: -0.1589  cost_loss: 1.3590  q_loss: 0.0129  reward_max: 0.1234  reward_mean: -0.0657  reward_min: -4.7618  value_loss: 2.5472
Step:  1430000  |  score: 111.93 ± 0.89  |  actor_loss: -0.1187  cost_loss: 1.3575  q_loss: 0.0186  reward_max: 0.2140  reward_mean: -0.0888  reward_min: -3.8694  value_loss: 2.4704
Step:  1440000  |  score: 101.74 ± 17.40  |  actor_loss: -0.2166  cost_loss: 1.3666  q_loss: 0.0150  reward_max: 0.1670  reward_mean: -0.0670  reward_min: -5.4433  value_loss: 2.8429
Step:  1450000  |  score: 107.01 ± 13.92  |  actor_loss: -0.1551  cost_loss: 1.3657  q_loss: 0.0145  reward_max: 0.1588  reward_mean: -0.0617  reward_min: -5.6460  value_loss: 2.7683
Step:  1460000  |  score: 102.76 ± 23.58  |  actor_loss: -0.0234  cost_loss: 1.3659  q_loss: 0.0143  reward_max: 0.2348  reward_mean: -0.0581  reward_min: -4.8547  value_loss: 2.6598
Step:  1470000  |  score: 76.75 ± 26.55  |  actor_loss: -0.1838  cost_loss: 1.3630  q_loss: 0.0098  reward_max: 0.1549  reward_mean: -0.0725  reward_min: -5.8554  value_loss: 2.7608
Step:  1480000  |  score: 105.15 ± 15.03  |  actor_loss: -0.1687  cost_loss: 1.3612  q_loss: 0.0092  reward_max: 0.1595  reward_mean: -0.0786  reward_min: -5.9167  value_loss: 2.7044
Step:  1490000  |  score: 105.35 ± 16.05  |  actor_loss: -0.1980  cost_loss: 1.3652  q_loss: 0.0117  reward_max: 0.1480  reward_mean: -0.0668  reward_min: -4.5030  value_loss: 2.5905
Step:  1500000  |  score: 89.91 ± 25.26  |  actor_loss: -0.1524  cost_loss: 1.3712  q_loss: 0.0118  reward_max: 0.1556  reward_mean: -0.0264  reward_min: -5.3680  value_loss: 2.9980
Step:  1510000  |  score: 105.45 ± 17.08  |  actor_loss: -0.1866  cost_loss: 1.3705  q_loss: 0.0113  reward_max: 0.0970  reward_mean: -0.0282  reward_min: -4.3938  value_loss: 2.8652
Step:  1520000  |  score: 111.53 ± 0.72  |  actor_loss: -0.1111  cost_loss: 1.3581  q_loss: 0.0174  reward_max: 0.1795  reward_mean: -0.0817  reward_min: -5.5099  value_loss: 2.5589
Step:  1530000  |  score: 99.61 ± 19.34  |  actor_loss: -0.1375  cost_loss: 1.3611  q_loss: 0.0252  reward_max: 0.2575  reward_mean: -0.0689  reward_min: -4.1052  value_loss: 2.5728
Step:  1540000  |  score: 111.07 ± 0.89  |  actor_loss: -0.0250  cost_loss: 1.3650  q_loss: 0.0127  reward_max: 0.1266  reward_mean: -0.0695  reward_min: -5.2369  value_loss: 2.6786
Step:  1550000  |  score: 106.74 ± 7.98  |  actor_loss: -0.1762  cost_loss: 1.3592  q_loss: 0.0120  reward_max: 0.1979  reward_mean: -0.0720  reward_min: -4.1431  value_loss: 2.5991
Step:  1560000  |  score: 99.42 ± 18.09  |  actor_loss: -0.2318  cost_loss: 1.3592  q_loss: 0.0201  reward_max: 0.1195  reward_mean: -0.0820  reward_min: -5.9296  value_loss: 2.6537
Step:  1570000  |  score: 107.27 ± 8.18  |  actor_loss: -0.2456  cost_loss: 1.3704  q_loss: 0.0091  reward_max: 0.2265  reward_mean: -0.0191  reward_min: -3.5228  value_loss: 2.9215
Step:  1580000  |  score: 79.32 ± 42.85  |  actor_loss: 0.1296  cost_loss: 1.3605  q_loss: 0.0150  reward_max: 0.1001  reward_mean: -0.0741  reward_min: -5.3825  value_loss: 2.7348
Step:  1590000  |  score: 111.89 ± 2.05  |  actor_loss: -0.1648  cost_loss: 1.3706  q_loss: 0.0197  reward_max: 0.1196  reward_mean: -0.0315  reward_min: -4.9223  value_loss: 2.8291
Step:  1600000  |  score: 105.63 ± 16.75  |  actor_loss: -0.0363  cost_loss: 1.3631  q_loss: 0.0227  reward_max: 0.1654  reward_mean: -0.0587  reward_min: -4.2358  value_loss: 2.6580
Step:  1610000  |  score: 106.33 ± 13.63  |  actor_loss: -0.0744  cost_loss: 1.3650  q_loss: 0.0144  reward_max: 0.1652  reward_mean: -0.0396  reward_min: -3.3352  value_loss: 2.7884
Step:  1620000  |  score: 101.53 ± 17.44  |  actor_loss: 0.0568  cost_loss: 1.3516  q_loss: 0.0329  reward_max: 0.2450  reward_mean: -0.1118  reward_min: -5.4154  value_loss: 2.3914
Step:  1630000  |  score: 93.95 ± 25.02  |  actor_loss: -0.1573  cost_loss: 1.3518  q_loss: 0.0179  reward_max: 0.1505  reward_mean: -0.1025  reward_min: -5.3176  value_loss: 2.4539
Step:  1640000  |  score: 97.25 ± 20.47  |  actor_loss: -0.1179  cost_loss: 1.3707  q_loss: 0.0095  reward_max: 0.1314  reward_mean: -0.0278  reward_min: -5.7237  value_loss: 2.9561
Step:  1650000  |  score: 92.83 ± 23.45  |  actor_loss: -0.0190  cost_loss: 1.3628  q_loss: 0.0268  reward_max: 0.1325  reward_mean: -0.0722  reward_min: -5.2431  value_loss: 2.6514
Step:  1660000  |  score: 104.92 ± 18.60  |  actor_loss: 0.0889  cost_loss: 1.3546  q_loss: 0.0153  reward_max: 0.1175  reward_mean: -0.1244  reward_min: -5.2099  value_loss: 2.3185
Step:  1670000  |  score: 98.43 ± 23.79  |  actor_loss: -0.0320  cost_loss: 1.3576  q_loss: 0.0225  reward_max: 0.1080  reward_mean: -0.0916  reward_min: -5.0550  value_loss: 2.4909
Step:  1680000  |  score: 102.53 ± 23.62  |  actor_loss: -0.2307  cost_loss: 1.3529  q_loss: 0.0227  reward_max: 0.2027  reward_mean: -0.0971  reward_min: -4.4851  value_loss: 2.4596
Step:  1690000  |  score: 111.89 ± 0.85  |  actor_loss: -0.1149  cost_loss: 1.3594  q_loss: 0.0176  reward_max: 0.1789  reward_mean: -0.0767  reward_min: -4.5155  value_loss: 2.5502
Step:  1700000  |  score: 104.20 ± 17.64  |  actor_loss: -0.1813  cost_loss: 1.3716  q_loss: 0.0198  reward_max: 0.1418  reward_mean: -0.0329  reward_min: -4.9393  value_loss: 2.9011
Step:  1710000  |  score: 111.95 ± 0.93  |  actor_loss: -0.3233  cost_loss: 1.3628  q_loss: 0.0139  reward_max: 0.1154  reward_mean: -0.0641  reward_min: -5.3070  value_loss: 2.7276
Step:  1720000  |  score: 112.28 ± 1.36  |  actor_loss: -0.2905  cost_loss: 1.3612  q_loss: 0.0203  reward_max: 0.1178  reward_mean: -0.0705  reward_min: -4.4720  value_loss: 2.6169
Step:  1730000  |  score: 93.78 ± 27.71  |  actor_loss: -0.0313  cost_loss: 1.3645  q_loss: 0.0155  reward_max: 0.1447  reward_mean: -0.0774  reward_min: -4.5586  value_loss: 2.5291
Step:  1740000  |  score: 105.44 ± 11.04  |  actor_loss: -0.0116  cost_loss: 1.3622  q_loss: 0.0192  reward_max: 0.1746  reward_mean: -0.0848  reward_min: -4.7964  value_loss: 2.6556
Step:  1750000  |  score: 111.72 ± 2.24  |  actor_loss: -0.1259  cost_loss: 1.3655  q_loss: 0.0226  reward_max: 0.1862  reward_mean: -0.0443  reward_min: -5.4915  value_loss: 2.8765
Step:  1760000  |  score: 100.33 ± 19.45  |  actor_loss: -0.0808  cost_loss: 1.3638  q_loss: 0.0141  reward_max: 0.1741  reward_mean: -0.0636  reward_min: -5.9181  value_loss: 2.7318
Step:  1770000  |  score: 111.60 ± 0.84  |  actor_loss: -0.2558  cost_loss: 1.3668  q_loss: 0.0162  reward_max: 0.1351  reward_mean: -0.0453  reward_min: -5.5951  value_loss: 2.7427
Step:  1780000  |  score: 111.15 ± 0.59  |  actor_loss: -0.1147  cost_loss: 1.3590  q_loss: 0.0163  reward_max: 0.1261  reward_mean: -0.0904  reward_min: -5.8905  value_loss: 2.5818
Step:  1790000  |  score: 94.38 ± 20.57  |  actor_loss: -0.1247  cost_loss: 1.3524  q_loss: 0.0195  reward_max: 0.1292  reward_mean: -0.1140  reward_min: -5.7421  value_loss: 2.3076
Step:  1800000  |  score: 97.95 ± 23.81  |  actor_loss: -0.1677  cost_loss: 1.3729  q_loss: 0.0122  reward_max: 0.0913  reward_mean: -0.0346  reward_min: -5.9850  value_loss: 2.8110
Step:  1810000  |  score: 111.34 ± 1.61  |  actor_loss: -0.0350  cost_loss: 1.3616  q_loss: 0.0151  reward_max: 0.1977  reward_mean: -0.0755  reward_min: -5.9596  value_loss: 2.5376
Step:  1820000  |  score: 103.88 ± 12.86  |  actor_loss: -0.1821  cost_loss: 1.3646  q_loss: 0.0172  reward_max: 0.2343  reward_mean: -0.0556  reward_min: -4.2447  value_loss: 2.6380
Step:  1830000  |  score: 78.97 ± 28.34  |  actor_loss: 0.0417  cost_loss: 1.3650  q_loss: 0.0162  reward_max: 0.1571  reward_mean: -0.0547  reward_min: -4.0816  value_loss: 2.6944
Step:  1840000  |  score: 109.29 ± 4.63  |  actor_loss: -0.3413  cost_loss: 1.3704  q_loss: 0.0128  reward_max: 0.0987  reward_mean: -0.0412  reward_min: -4.5115  value_loss: 2.8146
Step:  1850000  |  score: 111.41 ± 1.03  |  actor_loss: -0.1731  cost_loss: 1.3675  q_loss: 0.0168  reward_max: 0.1135  reward_mean: -0.0498  reward_min: -5.5624  value_loss: 2.7688
Step:  1860000  |  score: 103.19 ± 19.01  |  actor_loss: -0.1834  cost_loss: 1.3688  q_loss: 0.0125  reward_max: 0.1179  reward_mean: -0.0229  reward_min: -3.5089  value_loss: 2.9470
Step:  1870000  |  score: 99.58 ± 18.27  |  actor_loss: -0.0886  cost_loss: 1.3630  q_loss: 0.0150  reward_max: 0.1740  reward_mean: -0.0613  reward_min: -6.1391  value_loss: 2.5915
Step:  1880000  |  score: 104.68 ± 19.40  |  actor_loss: -0.1961  cost_loss: 1.3584  q_loss: 0.0220  reward_max: 0.1863  reward_mean: -0.0708  reward_min: -3.9109  value_loss: 2.5349
Step:  1890000  |  score: 87.69 ± 31.46  |  actor_loss: -0.3029  cost_loss: 1.3735  q_loss: 0.0089  reward_max: 0.2319  reward_mean: -0.0163  reward_min: -4.6075  value_loss: 2.8930
Step:  1900000  |  score: 111.46 ± 0.92  |  actor_loss: -0.1583  cost_loss: 1.3608  q_loss: 0.0151  reward_max: 0.1166  reward_mean: -0.0841  reward_min: -5.4925  value_loss: 2.5622
Step:  1910000  |  score: 111.06 ± 0.74  |  actor_loss: -0.1368  cost_loss: 1.3751  q_loss: 0.0207  reward_max: 0.1351  reward_mean: -0.0204  reward_min: -4.5206  value_loss: 2.9988
Step:  1920000  |  score: 112.12 ± 0.88  |  actor_loss: -0.1456  cost_loss: 1.3651  q_loss: 0.0182  reward_max: 0.1743  reward_mean: -0.0567  reward_min: -4.6496  value_loss: 2.6014
Step:  1930000  |  score: 106.89 ± 12.47  |  actor_loss: -0.1250  cost_loss: 1.3656  q_loss: 0.0291  reward_max: 0.1252  reward_mean: -0.0486  reward_min: -4.3813  value_loss: 2.7323
Step:  1940000  |  score: 86.19 ± 25.78  |  actor_loss: -0.1479  cost_loss: 1.3738  q_loss: 0.0112  reward_max: 0.0739  reward_mean: -0.0130  reward_min: -3.7863  value_loss: 2.9933
Step:  1950000  |  score: 103.12 ± 24.07  |  actor_loss: -0.1859  cost_loss: 1.3614  q_loss: 0.0246  reward_max: 0.1439  reward_mean: -0.0635  reward_min: -4.7331  value_loss: 2.6784
Step:  1960000  |  score: 88.34 ± 15.21  |  actor_loss: -0.1418  cost_loss: 1.3645  q_loss: 0.0174  reward_max: 0.1016  reward_mean: -0.0591  reward_min: -4.9256  value_loss: 2.7115
Step:  1970000  |  score: 102.76 ± 23.89  |  actor_loss: -0.1328  cost_loss: 1.3619  q_loss: 0.0157  reward_max: 0.1424  reward_mean: -0.0695  reward_min: -6.2484  value_loss: 2.6484
Step:  1980000  |  score: 112.25 ± 1.84  |  actor_loss: -0.1348  cost_loss: 1.3692  q_loss: 0.0155  reward_max: 0.1619  reward_mean: -0.0527  reward_min: -6.6515  value_loss: 2.8396
Step:  1990000  |  score: 102.52 ± 15.71  |  actor_loss: -0.0345  cost_loss: 1.3556  q_loss: 0.0133  reward_max: 0.1234  reward_mean: -0.1030  reward_min: -5.8059  value_loss: 2.2246
Step:  2000000  |  score: 105.34 ± 16.06  |  actor_loss: -0.2037  cost_loss: 1.3533  q_loss: 0.0187  reward_max: 0.1037  reward_mean: -0.1004  reward_min: -4.8165  value_loss: 2.3747
Final evaluation (13 iterations)...
Final score: 107.20 ± 10.65
wandb: WARNING Symlinked 1 file into the W&B run directory; call wandb.save again to sync new files.
wandb: uploading data; updating run metadata
wandb: uploading data
wandb: uploading data; uploading final_returns/bdemodice_hopper-expert-v2_2026-03-18_11-11-09.npz; uploading output.log; uploading wandb-summary.json; uploading config.yaml
wandb: uploading data
wandb: uploading summary, console lines 214-215
wandb: 
wandb: Run history:
wandb:  actor_loss █▆▃▃▃▃▂▃▂▂▂▃▂▂▂▂▃▂▂▂▂▂▂▂▁▁▁▂▁▂▂▂▂▂▁▂▂▂▁▂
wandb:   cost_loss ▄▆▄▄█▃▆▄▅▃▅▄▅▆▁▄▆▅▅▄▆▅▄▅▅▅▅▅▄▅▅▇▅▄▇▂▄▅▅▅
wandb: num_updates ▁▁▁▂▂▂▂▂▂▂▃▃▃▃▃▃▃▄▄▄▄▄▅▅▅▆▆▆▆▆▇▇▇▇▇▇████
wandb:      q_loss █▂▄▂▂▃▂▁▃▁▂▁▁▂▁▁▂▂▂▂▃▃▂▃▂▂▂▂▁▂▁▂▃▂▂▂▂▂▁▂
wandb:      return ▅▆▄▄▁▅▃▄▇▆▇▇▆██▆▇▇▇█▆▆█▇▇▇█▆▇███▆▇▇▇██▆▇
wandb:  reward_max ▅▄▅▄▃▇█▆▅▄▁▄▄▃▃▂▇▃▄▂▄▅▁▄▁▅▃▃▃█▄▆▇▃▃▂▄▁▄▃
wandb: reward_mean ▇▇▇▅▃▇▇▂▄▄▄▄▄▄▄▂▅▆▆▆▃▄▆▆▃▅▆▃▅▂▄▄▆▁▄▂▇▃█▄
wandb:  reward_min ▄▃▂▃▆▆▄▁▄▃▆▃▆▅▇█▅▇▂▃▆▅▆▃▃▅▃▆▁▄▃▆█▃▃▃▁▇▅▄
wandb:       score ▅▄▁▆▇▁▆▇█▆█▇▇▇██▆▆▅███▇█▇▆█▇▇▇▆▇█▇▆▇▇▇██
wandb:   score_std ▄▃█▁█▇▆▅▄▃▄▅▄▃▁▃▆▄▂▇▄▃▇▅▆▂▇▅▅▁█▆▇█▄▄▅▁▅▆
wandb:          +1 ...
wandb: 
wandb: Run summary:
wandb:  actor_loss -0.20369
wandb:   cost_loss 1.35334
wandb: num_updates 2000000
wandb:      q_loss 0.01875
wandb:      return 3408.06741
wandb:  reward_max 0.10375
wandb: reward_mean -0.10044
wandb:  reward_min -4.81651
wandb:       score 105.33918
wandb:   score_std 16.06345
wandb:          +1 ...
wandb: 
wandb: 🚀 View run bdemodice_hopper_M3_s2 at: https://wandb.ai/wsk208/DemoDICE/runs/vg6md5to
wandb: ⭐️ View project at: https://wandb.ai/wsk208/DemoDICE
wandb: Synced 5 W&B file(s), 0 media file(s), 0 artifact file(s) and 1 other file(s)
wandb: Find logs at: ./wandb/run-20260318_104603-vg6md5to/logs
