Warning: All of online environments libraries in D4RL have been moved ]8;;https://github.com/Farama-Foundation/Gymnasium\Gymnasium]8;;\, ]8;;https://github.com/Farama-Foundation/MiniGrid\MiniGrid]8;;\ and ]8;;https://github.com/Farama-Foundation/Gymnasium-Robotics\Gymnasium-Robotics]8;;\, and all offline datasets in D4RL have been moved to ]8;;https://github.com/Farama-Foundation/Minari\Minari]8;;\.
These new versions include large bug fixes, new versions of Python, and are where all new development will continue. Please upgrade these libraries as soon as you're able to do so.
If you'd like to read more about the story behind this switch, please check out ]8;;https://farama.org/Announcing-Minari\this blog post]8;;\.
Gym has been unmaintained since 2022 and does not support NumPy 2.0 amongst other critical functionality.
Please upgrade to Gymnasium, the maintained drop-in replacement of Gym, or contact the authors of your software and request that they upgrade.
See the migration guide at https://gymnasium.farama.org/introduction/migration_guide/ for additional information.
/opt/venv/lib/python3.10/site-packages/Cython/Distutils/old_build_ext.py:15: DeprecationWarning: dep_util is Deprecated. Use functions from setuptools instead.
  from distutils.dep_util import newer, newer_group
<frozen importlib._bootstrap>:283: DeprecationWarning: the load_module() method is deprecated and slated for removal in Python 3.12; use exec_module() instead
pybullet build time: Jan 29 2025 23:16:28
wandb: [wandb.login()] Loaded credentials for https://api.wandb.ai from /root/.netrc.
wandb: Currently logged in as: wsk208 (roidice) to https://api.wandb.ai. Use `wandb login --relogin` to force relogin
/opt/venv/lib/python3.10/site-packages/wandb/analytics/sentry.py:268: DeprecationWarning: Read the `app_url` setting from the appropriate Settings object.
  app_url = wandb.util.app_url(tags["base_url"])  # type: ignore[index]
/opt/venv/lib/python3.10/site-packages/wandb/analytics/sentry.py:279: DeprecationWarning: The `Scope.user` setter is deprecated in favor of `Scope.set_user()`.
  self.scope.user = {"email": email}
wandb: setting up run my89eohj
/opt/venv/lib/python3.10/site-packages/wandb/analytics/sentry.py:268: DeprecationWarning: Read the `app_url` setting from the appropriate Settings object.
  app_url = wandb.util.app_url(tags["base_url"])  # type: ignore[index]
/opt/venv/lib/python3.10/site-packages/wandb/analytics/sentry.py:279: DeprecationWarning: The `Scope.user` setter is deprecated in favor of `Scope.set_user()`.
  self.scope.user = {"email": email}
wandb: Tracking run with wandb version 0.25.1
wandb: Run data is saved locally in /app/wandb/run-20260318_095800-my89eohj
wandb: Run `wandb offline` to turn off syncing.
wandb: Syncing run bdemodice_hopper_M2_s1
wandb: ⭐️ View project at https://wandb.ai/wsk208/DemoDICE
wandb: 🚀 View run at https://wandb.ai/wsk208/DemoDICE/runs/my89eohj
/opt/venv/lib/python3.10/site-packages/gym/spaces/box.py:84: UserWarning: [33mWARN: Box bound precision lowered by casting to float32[0m
  logger.warn(f"Box bound precision lowered by casting to {self.dtype}")
load datafile:   0%|          | 0/21 [00:00<?, ?it/s]load datafile:  10%|▉         | 2/21 [00:00<00:01, 18.12it/s]load datafile:  19%|█▉        | 4/21 [00:00<00:02,  6.04it/s]load datafile:  81%|████████  | 17/21 [00:00<00:00, 22.19it/s]load datafile:  95%|█████████▌| 20/21 [00:01<00:00, 17.13it/s]load datafile: 100%|██████████| 21/21 [00:01<00:00, 17.26it/s]
Expert  :  999061 transitions  (hopper-expert-v2, 400 traj)
load datafile:   0%|          | 0/9 [00:00<?, ?it/s]load datafile:  33%|███▎      | 3/9 [00:00<00:00,  9.06it/s]load datafile:  44%|████▍     | 4/9 [00:00<00:00,  6.54it/s]load datafile:  56%|█████▌    | 5/9 [00:00<00:00,  5.04it/s]load datafile:  67%|██████▋   | 6/9 [00:01<00:00,  4.37it/s]load datafile: 100%|██████████| 9/9 [00:01<00:00,  7.53it/s]
Imperfect:    8684 transitions  (hopper-random-v2, 400 traj)
Union   : 1007745 transitions total
/root/.local/share/uv/python/cpython-3.10-linux-x86_64-gnu/lib/python3.10/multiprocessing/popen_fork.py:66: RuntimeWarning: os.fork() was called. os.fork() is incompatible with multithreaded code, and JAX is multithreaded, so this will likely lead to a deadlock.
  self.pid = os.fork()
/opt/venv/lib/python3.10/site-packages/tensorflow_probability/python/internal/backend/jax/ops.py:681: DeprecationWarning: jax.interpreters.xla.pytype_aval_mappings is deprecated.
  jax.interpreters.xla.pytype_aval_mappings[onp.ndarray])
/opt/venv/lib/python3.10/site-packages/gym/spaces/box.py:84: UserWarning: [33mWARN: Box bound precision lowered by casting to float32[0m
  logger.warn(f"Box bound precision lowered by casting to {self.dtype}")
Step:    10000  |  score: 60.70 ± 19.86  |  actor_loss: 2.0751  cost_loss: 1.3858  q_loss: 0.0077  reward_max: 0.2133  reward_mean: -0.0062  reward_min: -1.0472  value_loss: 1.8381
Step:    20000  |  score: 60.84 ± 17.21  |  actor_loss: 1.3609  cost_loss: 1.3789  q_loss: 0.0154  reward_max: 0.1217  reward_mean: -0.0249  reward_min: -2.7693  value_loss: 1.1094
Step:    30000  |  score: 24.70 ± 0.13  |  actor_loss: 0.7889  cost_loss: 1.3817  q_loss: 0.0081  reward_max: 0.1596  reward_mean: -0.0020  reward_min: -1.2497  value_loss: 0.7505
Step:    40000  |  score: 54.07 ± 29.02  |  actor_loss: 0.2529  cost_loss: 1.3828  q_loss: 0.0064  reward_max: 0.1357  reward_mean: -0.0005  reward_min: -1.1570  value_loss: 0.6274
Step:    50000  |  score: 45.66 ± 8.34  |  actor_loss: 0.1171  cost_loss: 1.3800  q_loss: 0.0053  reward_max: 0.1936  reward_mean: -0.0034  reward_min: -3.0180  value_loss: 0.5595
Step:    60000  |  score: 45.28 ± 22.67  |  actor_loss: 0.1210  cost_loss: 1.3807  q_loss: 0.0167  reward_max: 0.2691  reward_mean: 0.0040  reward_min: -3.1368  value_loss: 0.3445
Step:    70000  |  score: 61.16 ± 30.37  |  actor_loss: 0.2795  cost_loss: 1.3781  q_loss: 0.0250  reward_max: 0.1527  reward_mean: -0.0368  reward_min: -5.7554  value_loss: 0.3402
Step:    80000  |  score: 83.05 ± 18.56  |  actor_loss: 0.1354  cost_loss: 1.3804  q_loss: 0.0260  reward_max: 0.1202  reward_mean: -0.0081  reward_min: -4.8437  value_loss: 0.3277
Step:    90000  |  score: 65.86 ± 27.45  |  actor_loss: -0.0372  cost_loss: 1.3804  q_loss: 0.0066  reward_max: 0.1510  reward_mean: 0.0106  reward_min: -1.6026  value_loss: 0.4528
Step:   100000  |  score: 80.08 ± 21.01  |  actor_loss: 0.1052  cost_loss: 1.3777  q_loss: 0.0110  reward_max: 0.1019  reward_mean: -0.0332  reward_min: -3.6842  value_loss: 0.3647
Step:   110000  |  score: 94.01 ± 20.19  |  actor_loss: 0.0639  cost_loss: 1.3750  q_loss: 0.0077  reward_max: 0.1114  reward_mean: -0.0179  reward_min: -3.9322  value_loss: 0.3386
Step:   120000  |  score: 73.17 ± 24.24  |  actor_loss: 0.0203  cost_loss: 1.3751  q_loss: 0.0704  reward_max: 0.0645  reward_mean: -0.0296  reward_min: -4.2198  value_loss: 0.4429
Step:   130000  |  score: 105.16 ± 10.67  |  actor_loss: 0.0110  cost_loss: 1.3832  q_loss: 0.0035  reward_max: 0.0902  reward_mean: 0.0024  reward_min: -0.4332  value_loss: 0.5934
Step:   140000  |  score: 92.39 ± 22.32  |  actor_loss: -0.0176  cost_loss: 1.3792  q_loss: 0.0053  reward_max: 0.1475  reward_mean: 0.0014  reward_min: -3.8882  value_loss: 0.5947
Step:   150000  |  score: 80.49 ± 24.49  |  actor_loss: -0.1012  cost_loss: 1.3809  q_loss: 0.0051  reward_max: 0.1382  reward_mean: 0.0031  reward_min: -1.4634  value_loss: 0.5964
Step:   160000  |  score: 78.86 ± 21.66  |  actor_loss: -0.1008  cost_loss: 1.3816  q_loss: 0.0214  reward_max: 0.1381  reward_mean: -0.0001  reward_min: -4.1431  value_loss: 0.6805
Step:   170000  |  score: 97.86 ± 18.79  |  actor_loss: 0.0052  cost_loss: 1.3777  q_loss: 0.0058  reward_max: 0.1456  reward_mean: -0.0148  reward_min: -2.3072  value_loss: 0.4903
Step:   180000  |  score: 74.13 ± 27.77  |  actor_loss: -0.0752  cost_loss: 1.3734  q_loss: 0.0090  reward_max: 0.1054  reward_mean: -0.0307  reward_min: -4.3678  value_loss: 0.4772
Step:   190000  |  score: 104.08 ± 15.61  |  actor_loss: 0.1070  cost_loss: 1.3737  q_loss: 0.0144  reward_max: 0.0849  reward_mean: -0.0391  reward_min: -3.6558  value_loss: 0.5070
Step:   200000  |  score: 71.46 ± 17.08  |  actor_loss: -0.0038  cost_loss: 1.3786  q_loss: 0.0070  reward_max: 0.1563  reward_mean: -0.0004  reward_min: -1.9966  value_loss: 0.6681
Step:   210000  |  score: 98.44 ± 15.34  |  actor_loss: 0.0707  cost_loss: 1.3802  q_loss: 0.0042  reward_max: 0.1497  reward_mean: -0.0012  reward_min: -2.7952  value_loss: 0.7079
Step:   220000  |  score: 99.76 ± 16.65  |  actor_loss: -0.0704  cost_loss: 1.3789  q_loss: 0.0050  reward_max: 0.1608  reward_mean: 0.0054  reward_min: -2.2965  value_loss: 0.6816
Step:   230000  |  score: 64.92 ± 20.29  |  actor_loss: -0.1813  cost_loss: 1.3753  q_loss: 0.0056  reward_max: 0.0939  reward_mean: -0.0122  reward_min: -2.8798  value_loss: 0.6754
Step:   240000  |  score: 95.64 ± 29.02  |  actor_loss: 0.0822  cost_loss: 1.3800  q_loss: 0.0031  reward_max: 0.1026  reward_mean: -0.0087  reward_min: -3.7165  value_loss: 0.7135
Step:   250000  |  score: 98.26 ± 19.02  |  actor_loss: -0.0989  cost_loss: 1.3802  q_loss: 0.0066  reward_max: 0.0859  reward_mean: -0.0036  reward_min: -2.0737  value_loss: 0.7353
Step:   260000  |  score: 87.13 ± 16.95  |  actor_loss: -0.2014  cost_loss: 1.3751  q_loss: 0.0120  reward_max: 0.0996  reward_mean: -0.0224  reward_min: -3.8052  value_loss: 0.6784
Step:   270000  |  score: 76.46 ± 22.80  |  actor_loss: -0.0607  cost_loss: 1.3812  q_loss: 0.0059  reward_max: 0.0930  reward_mean: -0.0055  reward_min: -2.7502  value_loss: 0.7848
Step:   280000  |  score: 92.29 ± 20.64  |  actor_loss: -0.1430  cost_loss: 1.3763  q_loss: 0.0065  reward_max: 0.1135  reward_mean: -0.0172  reward_min: -3.3680  value_loss: 0.7195
Step:   290000  |  score: 103.86 ± 16.83  |  actor_loss: -0.0223  cost_loss: 1.3783  q_loss: 0.0129  reward_max: 0.1902  reward_mean: -0.0104  reward_min: -3.6047  value_loss: 0.7155
Step:   300000  |  score: 92.91 ± 22.26  |  actor_loss: -0.0518  cost_loss: 1.3751  q_loss: 0.0047  reward_max: 0.1038  reward_mean: -0.0170  reward_min: -3.1363  value_loss: 0.7288
Step:   310000  |  score: 96.22 ± 21.27  |  actor_loss: -0.2489  cost_loss: 1.3803  q_loss: 0.0066  reward_max: 0.0943  reward_mean: -0.0018  reward_min: -3.2177  value_loss: 0.8296
Step:   320000  |  score: 86.63 ± 24.08  |  actor_loss: -0.1312  cost_loss: 1.3793  q_loss: 0.0045  reward_max: 0.1676  reward_mean: 0.0017  reward_min: -1.8738  value_loss: 0.8190
Step:   330000  |  score: 91.27 ± 23.76  |  actor_loss: 0.0302  cost_loss: 1.3762  q_loss: 0.0051  reward_max: 0.1362  reward_mean: -0.0162  reward_min: -3.4316  value_loss: 0.7843
Step:   340000  |  score: 95.50 ± 19.24  |  actor_loss: -0.0345  cost_loss: 1.3759  q_loss: 0.0064  reward_max: 0.1051  reward_mean: -0.0160  reward_min: -2.6578  value_loss: 0.7041
Step:   350000  |  score: 101.81 ± 15.83  |  actor_loss: 0.0352  cost_loss: 1.3777  q_loss: 0.0069  reward_max: 0.1315  reward_mean: -0.0138  reward_min: -3.4002  value_loss: 0.7459
Step:   360000  |  score: 73.59 ± 21.45  |  actor_loss: -0.1422  cost_loss: 1.3765  q_loss: 0.0110  reward_max: 0.1932  reward_mean: -0.0155  reward_min: -3.2517  value_loss: 0.7280
Step:   370000  |  score: 109.03 ± 7.03  |  actor_loss: -0.2692  cost_loss: 1.3769  q_loss: 0.0083  reward_max: 0.0961  reward_mean: -0.0099  reward_min: -2.3577  value_loss: 0.7742
Step:   380000  |  score: 83.04 ± 22.42  |  actor_loss: -0.1515  cost_loss: 1.3790  q_loss: 0.0149  reward_max: 0.1668  reward_mean: -0.0057  reward_min: -2.7569  value_loss: 0.8117
Step:   390000  |  score: 104.55 ± 11.39  |  actor_loss: -0.1899  cost_loss: 1.3798  q_loss: 0.0040  reward_max: 0.0879  reward_mean: -0.0166  reward_min: -3.7080  value_loss: 0.8324
Step:   400000  |  score: 110.51 ± 6.64  |  actor_loss: 0.0635  cost_loss: 1.3748  q_loss: 0.0060  reward_max: 0.1085  reward_mean: -0.0250  reward_min: -3.5928  value_loss: 0.7014
Step:   410000  |  score: 93.74 ± 18.65  |  actor_loss: -0.0874  cost_loss: 1.3829  q_loss: 0.0031  reward_max: 0.1083  reward_mean: 0.0034  reward_min: -2.9802  value_loss: 0.9037
Step:   420000  |  score: 98.54 ± 15.82  |  actor_loss: -0.0274  cost_loss: 1.3722  q_loss: 0.0190  reward_max: 0.0929  reward_mean: -0.0278  reward_min: -5.3715  value_loss: 0.7835
Step:   430000  |  score: 112.08 ± 2.30  |  actor_loss: -0.2471  cost_loss: 1.3784  q_loss: 0.0044  reward_max: 0.0641  reward_mean: -0.0080  reward_min: -3.9120  value_loss: 0.8539
Step:   440000  |  score: 91.47 ± 15.79  |  actor_loss: -0.1324  cost_loss: 1.3765  q_loss: 0.0044  reward_max: 0.2363  reward_mean: -0.0144  reward_min: -3.5952  value_loss: 0.7720
Step:   450000  |  score: 98.00 ± 17.99  |  actor_loss: -0.1330  cost_loss: 1.3772  q_loss: 0.0062  reward_max: 0.1110  reward_mean: -0.0102  reward_min: -3.4410  value_loss: 0.8162
Step:   460000  |  score: 108.97 ± 6.21  |  actor_loss: -0.1290  cost_loss: 1.3774  q_loss: 0.0090  reward_max: 0.0987  reward_mean: -0.0196  reward_min: -4.9423  value_loss: 0.8360
Step:   470000  |  score: 106.94 ± 13.10  |  actor_loss: 0.0625  cost_loss: 1.3791  q_loss: 0.0234  reward_max: 0.1707  reward_mean: -0.0160  reward_min: -4.5972  value_loss: 0.8473
Step:   480000  |  score: 82.38 ± 17.22  |  actor_loss: -0.1122  cost_loss: 1.3824  q_loss: 0.0067  reward_max: 0.1083  reward_mean: 0.0077  reward_min: -1.6831  value_loss: 0.9216
Step:   490000  |  score: 77.49 ± 24.51  |  actor_loss: -0.2106  cost_loss: 1.3792  q_loss: 0.0038  reward_max: 0.0675  reward_mean: 0.0001  reward_min: -3.7522  value_loss: 0.8802
Step:   500000  |  score: 111.76 ± 1.12  |  actor_loss: -0.0166  cost_loss: 1.3804  q_loss: 0.0038  reward_max: 0.1306  reward_mean: -0.0035  reward_min: -3.5710  value_loss: 0.8705
Step:   510000  |  score: 104.60 ± 16.98  |  actor_loss: -0.1537  cost_loss: 1.3775  q_loss: 0.0040  reward_max: 0.0839  reward_mean: -0.0123  reward_min: -5.8496  value_loss: 0.8877
Step:   520000  |  score: 100.24 ± 16.05  |  actor_loss: -0.2596  cost_loss: 1.3778  q_loss: 0.0045  reward_max: 0.0999  reward_mean: -0.0153  reward_min: -3.8899  value_loss: 0.7942
Step:   530000  |  score: 98.89 ± 20.28  |  actor_loss: -0.0313  cost_loss: 1.3776  q_loss: 0.0036  reward_max: 0.1948  reward_mean: -0.0105  reward_min: -3.5490  value_loss: 0.8515
Step:   540000  |  score: 112.94 ± 2.16  |  actor_loss: -0.1176  cost_loss: 1.3802  q_loss: 0.0041  reward_max: 0.1132  reward_mean: -0.0106  reward_min: -5.5520  value_loss: 0.8938
Step:   550000  |  score: 111.75 ± 0.59  |  actor_loss: -0.1637  cost_loss: 1.3775  q_loss: 0.0052  reward_max: 0.1423  reward_mean: -0.0186  reward_min: -4.3864  value_loss: 0.8067
Step:   560000  |  score: 107.02 ± 14.16  |  actor_loss: -0.2106  cost_loss: 1.3792  q_loss: 0.0035  reward_max: 0.1629  reward_mean: -0.0014  reward_min: -3.5884  value_loss: 0.8507
Step:   570000  |  score: 107.26 ± 12.68  |  actor_loss: -0.0849  cost_loss: 1.3748  q_loss: 0.0096  reward_max: 0.0970  reward_mean: -0.0170  reward_min: -3.3501  value_loss: 0.7845
Step:   580000  |  score: 77.93 ± 29.94  |  actor_loss: -0.1233  cost_loss: 1.3786  q_loss: 0.0041  reward_max: 0.0878  reward_mean: -0.0087  reward_min: -2.8976  value_loss: 0.8583
Step:   590000  |  score: 111.56 ± 1.02  |  actor_loss: -0.2605  cost_loss: 1.3799  q_loss: 0.0041  reward_max: 0.1139  reward_mean: -0.0005  reward_min: -2.6994  value_loss: 0.9294
Step:   600000  |  score: 111.66 ± 0.88  |  actor_loss: -0.1198  cost_loss: 1.3730  q_loss: 0.0080  reward_max: 0.1755  reward_mean: -0.0320  reward_min: -3.8211  value_loss: 0.7420
Step:   610000  |  score: 78.87 ± 25.89  |  actor_loss: -0.1709  cost_loss: 1.3780  q_loss: 0.0124  reward_max: 0.0643  reward_mean: -0.0112  reward_min: -3.2976  value_loss: 0.8807
Step:   620000  |  score: 100.21 ± 17.25  |  actor_loss: -0.1522  cost_loss: 1.3772  q_loss: 0.0059  reward_max: 0.1396  reward_mean: -0.0148  reward_min: -3.6332  value_loss: 0.7839
Step:   630000  |  score: 96.18 ± 22.89  |  actor_loss: 0.0452  cost_loss: 1.3775  q_loss: 0.0062  reward_max: 0.0933  reward_mean: -0.0157  reward_min: -3.7084  value_loss: 0.7947
Step:   640000  |  score: 109.62 ± 7.06  |  actor_loss: -0.0666  cost_loss: 1.3752  q_loss: 0.0034  reward_max: 0.0692  reward_mean: -0.0210  reward_min: -4.4735  value_loss: 0.8002
Step:   650000  |  score: 96.44 ± 17.82  |  actor_loss: -0.1339  cost_loss: 1.3695  q_loss: 0.0083  reward_max: 0.0754  reward_mean: -0.0481  reward_min: -5.6991  value_loss: 0.6773
Step:   660000  |  score: 107.75 ± 11.83  |  actor_loss: -0.2000  cost_loss: 1.3744  q_loss: 0.0113  reward_max: 0.1023  reward_mean: -0.0169  reward_min: -3.0382  value_loss: 0.8339
Step:   670000  |  score: 97.31 ± 15.66  |  actor_loss: -0.2078  cost_loss: 1.3769  q_loss: 0.0046  reward_max: 0.1122  reward_mean: -0.0223  reward_min: -6.0546  value_loss: 0.8814
Step:   680000  |  score: 100.41 ± 22.73  |  actor_loss: -0.1770  cost_loss: 1.3803  q_loss: 0.0065  reward_max: 0.0852  reward_mean: -0.0088  reward_min: -5.7863  value_loss: 0.8870
Step:   690000  |  score: 103.53 ± 13.76  |  actor_loss: -0.1743  cost_loss: 1.3802  q_loss: 0.0039  reward_max: 0.1108  reward_mean: -0.0018  reward_min: -3.9696  value_loss: 0.8550
Step:   700000  |  score: 98.20 ± 14.19  |  actor_loss: -0.0511  cost_loss: 1.3822  q_loss: 0.0035  reward_max: 0.0725  reward_mean: 0.0059  reward_min: -2.3659  value_loss: 0.9530
Step:   710000  |  score: 107.93 ± 9.37  |  actor_loss: -0.1230  cost_loss: 1.3780  q_loss: 0.0037  reward_max: 0.0908  reward_mean: -0.0112  reward_min: -3.9076  value_loss: 0.8425
Step:   720000  |  score: 106.61 ± 10.46  |  actor_loss: -0.1907  cost_loss: 1.3807  q_loss: 0.0035  reward_max: 0.1349  reward_mean: 0.0006  reward_min: -3.2753  value_loss: 0.9281
Step:   730000  |  score: 98.79 ± 16.80  |  actor_loss: -0.2133  cost_loss: 1.3750  q_loss: 0.0072  reward_max: 0.0846  reward_mean: -0.0215  reward_min: -4.4780  value_loss: 0.8514
Step:   740000  |  score: 105.48 ± 11.23  |  actor_loss: -0.0900  cost_loss: 1.3756  q_loss: 0.0068  reward_max: 0.1176  reward_mean: -0.0235  reward_min: -5.4368  value_loss: 0.8132
Step:   750000  |  score: 94.24 ± 25.46  |  actor_loss: -0.0672  cost_loss: 1.3786  q_loss: 0.0046  reward_max: 0.0953  reward_mean: -0.0084  reward_min: -3.6337  value_loss: 0.8999
Step:   760000  |  score: 103.90 ± 14.46  |  actor_loss: -0.1440  cost_loss: 1.3798  q_loss: 0.0038  reward_max: 0.1264  reward_mean: -0.0026  reward_min: -2.9680  value_loss: 0.8584
Step:   770000  |  score: 100.06 ± 21.03  |  actor_loss: -0.0055  cost_loss: 1.3774  q_loss: 0.0186  reward_max: 0.0820  reward_mean: -0.0064  reward_min: -2.9526  value_loss: 0.8568
Step:   780000  |  score: 105.09 ± 16.02  |  actor_loss: -0.0195  cost_loss: 1.3775  q_loss: 0.0084  reward_max: 0.1198  reward_mean: -0.0122  reward_min: -4.2390  value_loss: 0.9394
Step:   790000  |  score: 107.89 ± 10.70  |  actor_loss: -0.2578  cost_loss: 1.3775  q_loss: 0.0048  reward_max: 0.1479  reward_mean: -0.0043  reward_min: -3.0596  value_loss: 0.8985
Step:   800000  |  score: 106.32 ± 10.29  |  actor_loss: -0.3818  cost_loss: 1.3775  q_loss: 0.0073  reward_max: 0.1349  reward_mean: -0.0166  reward_min: -4.1082  value_loss: 0.7878
Step:   810000  |  score: 107.89 ± 10.08  |  actor_loss: -0.1479  cost_loss: 1.3801  q_loss: 0.0051  reward_max: 0.1561  reward_mean: -0.0016  reward_min: -2.9031  value_loss: 0.9515
Step:   820000  |  score: 105.64 ± 16.61  |  actor_loss: -0.2326  cost_loss: 1.3764  q_loss: 0.0072  reward_max: 0.0541  reward_mean: -0.0211  reward_min: -3.7235  value_loss: 0.8907
Step:   830000  |  score: 99.07 ± 17.46  |  actor_loss: -0.2873  cost_loss: 1.3794  q_loss: 0.0051  reward_max: 0.1375  reward_mean: -0.0105  reward_min: -5.0020  value_loss: 0.9611
Step:   840000  |  score: 111.74 ± 1.64  |  actor_loss: -0.2570  cost_loss: 1.3804  q_loss: 0.0045  reward_max: 0.1206  reward_mean: 0.0024  reward_min: -2.5850  value_loss: 0.9274
Step:   850000  |  score: 99.67 ± 20.27  |  actor_loss: -0.2168  cost_loss: 1.3719  q_loss: 0.0097  reward_max: 0.1208  reward_mean: -0.0370  reward_min: -5.3406  value_loss: 0.8166
Step:   860000  |  score: 96.67 ± 26.43  |  actor_loss: -0.1759  cost_loss: 1.3768  q_loss: 0.0078  reward_max: 0.1267  reward_mean: -0.0131  reward_min: -2.9540  value_loss: 0.8638
Step:   870000  |  score: 108.52 ± 9.76  |  actor_loss: -0.0993  cost_loss: 1.3803  q_loss: 0.0046  reward_max: 0.1506  reward_mean: -0.0135  reward_min: -4.5619  value_loss: 0.9183
Step:   880000  |  score: 98.61 ± 23.45  |  actor_loss: -0.1958  cost_loss: 1.3813  q_loss: 0.0028  reward_max: 0.0737  reward_mean: 0.0055  reward_min: -0.5676  value_loss: 0.9962
Step:   890000  |  score: 91.95 ± 26.40  |  actor_loss: -0.2251  cost_loss: 1.3808  q_loss: 0.0052  reward_max: 0.0996  reward_mean: 0.0042  reward_min: -2.8367  value_loss: 0.9746
Step:   900000  |  score: 100.99 ± 15.65  |  actor_loss: -0.2019  cost_loss: 1.3805  q_loss: 0.0062  reward_max: 0.0854  reward_mean: -0.0003  reward_min: -3.7294  value_loss: 0.9331
Step:   910000  |  score: 101.59 ± 17.54  |  actor_loss: -0.0821  cost_loss: 1.3767  q_loss: 0.0169  reward_max: 0.1411  reward_mean: -0.0283  reward_min: -5.2440  value_loss: 0.8273
Step:   920000  |  score: 104.80 ± 16.02  |  actor_loss: -0.1634  cost_loss: 1.3786  q_loss: 0.0037  reward_max: 0.2022  reward_mean: -0.0064  reward_min: -2.8746  value_loss: 0.8888
Step:   930000  |  score: 99.21 ± 24.23  |  actor_loss: -0.3255  cost_loss: 1.3766  q_loss: 0.0039  reward_max: 0.0657  reward_mean: -0.0146  reward_min: -3.8685  value_loss: 0.8390
Step:   940000  |  score: 105.89 ± 8.40  |  actor_loss: -0.1419  cost_loss: 1.3808  q_loss: 0.0049  reward_max: 0.0915  reward_mean: 0.0038  reward_min: -3.0022  value_loss: 0.9355
Step:   950000  |  score: 83.22 ± 21.07  |  actor_loss: -0.1734  cost_loss: 1.3758  q_loss: 0.0090  reward_max: 0.0827  reward_mean: -0.0204  reward_min: -3.1027  value_loss: 0.8339
Step:   960000  |  score: 111.34 ± 1.38  |  actor_loss: -0.2280  cost_loss: 1.3803  q_loss: 0.0042  reward_max: 0.1344  reward_mean: -0.0061  reward_min: -3.8489  value_loss: 0.9463
Step:   970000  |  score: 96.83 ± 22.18  |  actor_loss: -0.1866  cost_loss: 1.3802  q_loss: 0.0084  reward_max: 0.1523  reward_mean: -0.0009  reward_min: -1.7156  value_loss: 0.9808
Step:   980000  |  score: 99.92 ± 17.97  |  actor_loss: -0.2008  cost_loss: 1.3776  q_loss: 0.0136  reward_max: 0.1530  reward_mean: -0.0087  reward_min: -4.2799  value_loss: 0.9246
Step:   990000  |  score: 104.64 ± 14.46  |  actor_loss: -0.1723  cost_loss: 1.3774  q_loss: 0.0055  reward_max: 0.1013  reward_mean: -0.0150  reward_min: -3.4203  value_loss: 0.8798
Step:  1000000  |  score: 85.47 ± 25.42  |  actor_loss: -0.2557  cost_loss: 1.3783  q_loss: 0.0040  reward_max: 0.1982  reward_mean: -0.0111  reward_min: -4.0809  value_loss: 0.8303
Step:  1010000  |  score: 98.72 ± 24.67  |  actor_loss: -0.2025  cost_loss: 1.3799  q_loss: 0.0037  reward_max: 0.1854  reward_mean: -0.0018  reward_min: -3.3018  value_loss: 0.9372
Step:  1020000  |  score: 87.50 ± 22.71  |  actor_loss: -0.2421  cost_loss: 1.3788  q_loss: 0.0035  reward_max: 0.0889  reward_mean: -0.0055  reward_min: -3.1922  value_loss: 0.9699
Step:  1030000  |  score: 103.68 ± 12.84  |  actor_loss: -0.1989  cost_loss: 1.3767  q_loss: 0.0028  reward_max: 0.1510  reward_mean: -0.0157  reward_min: -3.8030  value_loss: 0.9115
Step:  1040000  |  score: 84.93 ± 27.07  |  actor_loss: -0.1260  cost_loss: 1.3732  q_loss: 0.0100  reward_max: 0.1315  reward_mean: -0.0213  reward_min: -2.5011  value_loss: 0.7091
Step:  1050000  |  score: 111.38 ± 0.73  |  actor_loss: -0.2547  cost_loss: 1.3772  q_loss: 0.0086  reward_max: 0.0641  reward_mean: -0.0145  reward_min: -3.6867  value_loss: 0.8429
Step:  1060000  |  score: 86.23 ± 26.84  |  actor_loss: -0.2807  cost_loss: 1.3798  q_loss: 0.0048  reward_max: 0.1202  reward_mean: -0.0041  reward_min: -4.0435  value_loss: 0.9306
Step:  1070000  |  score: 86.11 ± 17.26  |  actor_loss: -0.1862  cost_loss: 1.3760  q_loss: 0.0055  reward_max: 0.1188  reward_mean: -0.0188  reward_min: -4.2537  value_loss: 0.8329
Step:  1080000  |  score: 111.33 ± 0.76  |  actor_loss: -0.2742  cost_loss: 1.3784  q_loss: 0.0027  reward_max: 0.0783  reward_mean: -0.0060  reward_min: -4.5095  value_loss: 0.9455
Step:  1090000  |  score: 105.16 ± 11.90  |  actor_loss: -0.1945  cost_loss: 1.3793  q_loss: 0.0037  reward_max: 0.1170  reward_mean: 0.0006  reward_min: -1.7447  value_loss: 1.0058
Step:  1100000  |  score: 94.11 ± 29.19  |  actor_loss: -0.2736  cost_loss: 1.3777  q_loss: 0.0046  reward_max: 0.1182  reward_mean: -0.0104  reward_min: -5.7843  value_loss: 0.9867
Step:  1110000  |  score: 93.96 ± 24.73  |  actor_loss: -0.1468  cost_loss: 1.3812  q_loss: 0.0029  reward_max: 0.1611  reward_mean: 0.0059  reward_min: -2.7279  value_loss: 1.0020
Step:  1120000  |  score: 97.76 ± 15.80  |  actor_loss: -0.1097  cost_loss: 1.3736  q_loss: 0.0064  reward_max: 0.1518  reward_mean: -0.0355  reward_min: -5.7388  value_loss: 0.8107
Step:  1130000  |  score: 101.21 ± 12.44  |  actor_loss: -0.1032  cost_loss: 1.3768  q_loss: 0.0107  reward_max: 0.1139  reward_mean: -0.0144  reward_min: -4.4879  value_loss: 0.8829
Step:  1140000  |  score: 103.08 ± 15.45  |  actor_loss: -0.1770  cost_loss: 1.3812  q_loss: 0.0072  reward_max: 0.1235  reward_mean: 0.0023  reward_min: -3.3305  value_loss: 0.9664
Step:  1150000  |  score: 82.86 ± 32.86  |  actor_loss: -0.0974  cost_loss: 1.3757  q_loss: 0.0065  reward_max: 0.1220  reward_mean: -0.0259  reward_min: -4.9412  value_loss: 0.7924
Step:  1160000  |  score: 105.93 ± 12.12  |  actor_loss: -0.2964  cost_loss: 1.3797  q_loss: 0.0045  reward_max: 0.1049  reward_mean: -0.0019  reward_min: -4.3894  value_loss: 1.0002
Step:  1170000  |  score: 102.05 ± 15.55  |  actor_loss: -0.1482  cost_loss: 1.3781  q_loss: 0.0077  reward_max: 0.0725  reward_mean: -0.0076  reward_min: -2.5970  value_loss: 0.9210
Step:  1180000  |  score: 95.63 ± 15.49  |  actor_loss: -0.2420  cost_loss: 1.3754  q_loss: 0.0067  reward_max: 0.0876  reward_mean: -0.0217  reward_min: -4.3740  value_loss: 0.8789
Step:  1190000  |  score: 83.68 ± 23.43  |  actor_loss: -0.3103  cost_loss: 1.3766  q_loss: 0.0092  reward_max: 0.1139  reward_mean: -0.0171  reward_min: -4.0331  value_loss: 0.9507
Step:  1200000  |  score: 92.52 ± 25.07  |  actor_loss: -0.2058  cost_loss: 1.3811  q_loss: 0.0025  reward_max: 0.1434  reward_mean: 0.0039  reward_min: -1.8649  value_loss: 1.0254
Step:  1210000  |  score: 102.93 ± 16.32  |  actor_loss: -0.2114  cost_loss: 1.3766  q_loss: 0.0073  reward_max: 0.1674  reward_mean: -0.0241  reward_min: -5.4806  value_loss: 0.8055
Step:  1220000  |  score: 97.40 ± 24.52  |  actor_loss: -0.2670  cost_loss: 1.3790  q_loss: 0.0075  reward_max: 0.1745  reward_mean: -0.0058  reward_min: -3.0455  value_loss: 0.9431
Step:  1230000  |  score: 89.59 ± 24.74  |  actor_loss: -0.2076  cost_loss: 1.3763  q_loss: 0.0068  reward_max: 0.2115  reward_mean: -0.0120  reward_min: -2.5607  value_loss: 0.9500
Step:  1240000  |  score: 96.86 ± 19.75  |  actor_loss: -0.3304  cost_loss: 1.3778  q_loss: 0.0054  reward_max: 0.0919  reward_mean: -0.0114  reward_min: -2.7699  value_loss: 0.9124
Step:  1250000  |  score: 100.51 ± 23.59  |  actor_loss: -0.1683  cost_loss: 1.3764  q_loss: 0.0061  reward_max: 0.0955  reward_mean: -0.0138  reward_min: -3.7433  value_loss: 0.8968
Step:  1260000  |  score: 101.37 ± 14.37  |  actor_loss: -0.1409  cost_loss: 1.3811  q_loss: 0.0034  reward_max: 0.0807  reward_mean: -0.0044  reward_min: -4.7942  value_loss: 0.9933
Step:  1270000  |  score: 88.36 ± 30.27  |  actor_loss: -0.2126  cost_loss: 1.3783  q_loss: 0.0050  reward_max: 0.1502  reward_mean: -0.0117  reward_min: -4.9679  value_loss: 0.9368
Step:  1280000  |  score: 112.13 ± 1.07  |  actor_loss: -0.1644  cost_loss: 1.3788  q_loss: 0.0082  reward_max: 0.1148  reward_mean: 0.0043  reward_min: -1.9861  value_loss: 1.0037
Step:  1290000  |  score: 104.55 ± 9.90  |  actor_loss: -0.0256  cost_loss: 1.3827  q_loss: 0.0021  reward_max: 0.0678  reward_mean: 0.0057  reward_min: -3.1907  value_loss: 1.0435
Step:  1300000  |  score: 101.91 ± 13.20  |  actor_loss: -0.2975  cost_loss: 1.3769  q_loss: 0.0093  reward_max: 0.0959  reward_mean: -0.0226  reward_min: -4.3045  value_loss: 0.8724
Step:  1310000  |  score: 111.42 ± 0.76  |  actor_loss: -0.3088  cost_loss: 1.3814  q_loss: 0.0052  reward_max: 0.0582  reward_mean: 0.0067  reward_min: -1.9556  value_loss: 0.9905
Step:  1320000  |  score: 105.47 ± 12.61  |  actor_loss: -0.3563  cost_loss: 1.3818  q_loss: 0.0027  reward_max: 0.1463  reward_mean: 0.0011  reward_min: -3.6975  value_loss: 1.0260
Step:  1330000  |  score: 92.90 ± 19.55  |  actor_loss: -0.2895  cost_loss: 1.3802  q_loss: 0.0034  reward_max: 0.0962  reward_mean: -0.0054  reward_min: -4.7473  value_loss: 0.9875
Step:  1340000  |  score: 108.54 ± 3.79  |  actor_loss: -0.3566  cost_loss: 1.3806  q_loss: 0.0038  reward_max: 0.0780  reward_mean: 0.0009  reward_min: -3.7846  value_loss: 1.0216
Step:  1350000  |  score: 110.49 ± 5.81  |  actor_loss: -0.3285  cost_loss: 1.3790  q_loss: 0.0069  reward_max: 0.1049  reward_mean: -0.0119  reward_min: -5.1399  value_loss: 0.9871
Step:  1360000  |  score: 97.96 ± 18.45  |  actor_loss: -0.3049  cost_loss: 1.3730  q_loss: 0.0055  reward_max: 0.1282  reward_mean: -0.0324  reward_min: -3.8652  value_loss: 0.7661
Step:  1370000  |  score: 110.56 ± 6.28  |  actor_loss: -0.3167  cost_loss: 1.3798  q_loss: 0.0032  reward_max: 0.1683  reward_mean: -0.0058  reward_min: -4.3161  value_loss: 0.8992
Step:  1380000  |  score: 100.24 ± 18.91  |  actor_loss: -0.1950  cost_loss: 1.3762  q_loss: 0.0100  reward_max: 0.1458  reward_mean: -0.0164  reward_min: -2.9982  value_loss: 0.8036
Step:  1390000  |  score: 102.89 ± 14.77  |  actor_loss: -0.2969  cost_loss: 1.3781  q_loss: 0.0043  reward_max: 0.0936  reward_mean: -0.0070  reward_min: -3.4132  value_loss: 0.9311
Step:  1400000  |  score: 105.47 ± 12.99  |  actor_loss: -0.4060  cost_loss: 1.3794  q_loss: 0.0091  reward_max: 0.1029  reward_mean: -0.0015  reward_min: -2.4657  value_loss: 0.9379
Step:  1410000  |  score: 100.61 ± 18.76  |  actor_loss: -0.3099  cost_loss: 1.3779  q_loss: 0.0043  reward_max: 0.1351  reward_mean: -0.0117  reward_min: -3.5672  value_loss: 0.8558
Step:  1420000  |  score: 97.49 ± 25.07  |  actor_loss: -0.3821  cost_loss: 1.3782  q_loss: 0.0076  reward_max: 0.1475  reward_mean: -0.0065  reward_min: -2.6631  value_loss: 0.8856
Step:  1430000  |  score: 90.51 ± 26.53  |  actor_loss: -0.1947  cost_loss: 1.3777  q_loss: 0.0074  reward_max: 0.0780  reward_mean: -0.0122  reward_min: -3.5576  value_loss: 0.8879
Step:  1440000  |  score: 104.27 ± 12.10  |  actor_loss: -0.4248  cost_loss: 1.3765  q_loss: 0.0108  reward_max: 0.1058  reward_mean: -0.0175  reward_min: -4.4343  value_loss: 0.8679
Step:  1450000  |  score: 101.16 ± 19.16  |  actor_loss: -0.2146  cost_loss: 1.3795  q_loss: 0.0097  reward_max: 0.1006  reward_mean: -0.0053  reward_min: -2.8363  value_loss: 0.9863
Step:  1460000  |  score: 86.65 ± 22.28  |  actor_loss: -0.0407  cost_loss: 1.3768  q_loss: 0.0038  reward_max: 0.0976  reward_mean: -0.0243  reward_min: -6.0985  value_loss: 0.9207
Step:  1470000  |  score: 93.27 ± 28.88  |  actor_loss: -0.2448  cost_loss: 1.3757  q_loss: 0.0086  reward_max: 0.1236  reward_mean: -0.0184  reward_min: -3.2253  value_loss: 0.8416
Step:  1480000  |  score: 95.32 ± 17.41  |  actor_loss: -0.3276  cost_loss: 1.3823  q_loss: 0.0031  reward_max: 0.0907  reward_mean: 0.0084  reward_min: -0.8165  value_loss: 1.0283
Step:  1490000  |  score: 110.08 ± 2.18  |  actor_loss: -0.3053  cost_loss: 1.3760  q_loss: 0.0051  reward_max: 0.1010  reward_mean: -0.0159  reward_min: -3.1760  value_loss: 0.8911
Step:  1500000  |  score: 89.40 ± 23.54  |  actor_loss: -0.2406  cost_loss: 1.3764  q_loss: 0.0044  reward_max: 0.0854  reward_mean: -0.0133  reward_min: -2.7322  value_loss: 0.8533
Step:  1510000  |  score: 106.68 ± 12.45  |  actor_loss: -0.3949  cost_loss: 1.3777  q_loss: 0.0048  reward_max: 0.1228  reward_mean: -0.0072  reward_min: -3.2390  value_loss: 0.9347
Step:  1520000  |  score: 112.34 ± 1.28  |  actor_loss: -0.2401  cost_loss: 1.3775  q_loss: 0.0083  reward_max: 0.0659  reward_mean: -0.0168  reward_min: -4.6404  value_loss: 0.9880
Step:  1530000  |  score: 105.69 ± 10.11  |  actor_loss: -0.0991  cost_loss: 1.3718  q_loss: 0.0109  reward_max: 0.1390  reward_mean: -0.0265  reward_min: -3.1908  value_loss: 0.7648
Step:  1540000  |  score: 95.21 ± 13.50  |  actor_loss: -0.1671  cost_loss: 1.3754  q_loss: 0.0119  reward_max: 0.1304  reward_mean: -0.0212  reward_min: -3.1368  value_loss: 0.8287
Step:  1550000  |  score: 108.15 ± 8.64  |  actor_loss: -0.1366  cost_loss: 1.3779  q_loss: 0.0037  reward_max: 0.0997  reward_mean: -0.0028  reward_min: -3.0384  value_loss: 0.9556
Step:  1560000  |  score: 105.35 ± 14.34  |  actor_loss: -0.3437  cost_loss: 1.3786  q_loss: 0.0050  reward_max: 0.0973  reward_mean: -0.0064  reward_min: -5.0172  value_loss: 1.0010
Step:  1570000  |  score: 99.03 ± 17.05  |  actor_loss: -0.3321  cost_loss: 1.3753  q_loss: 0.0132  reward_max: 0.0989  reward_mean: -0.0187  reward_min: -3.1330  value_loss: 0.8697
Step:  1580000  |  score: 106.04 ± 9.86  |  actor_loss: -0.2785  cost_loss: 1.3730  q_loss: 0.0090  reward_max: 0.1052  reward_mean: -0.0315  reward_min: -5.4324  value_loss: 0.8358
Step:  1590000  |  score: 101.70 ± 16.32  |  actor_loss: -0.2648  cost_loss: 1.3790  q_loss: 0.0058  reward_max: 0.0914  reward_mean: -0.0120  reward_min: -5.7810  value_loss: 0.9443
Step:  1600000  |  score: 101.99 ± 13.86  |  actor_loss: -0.1851  cost_loss: 1.3760  q_loss: 0.0061  reward_max: 0.0807  reward_mean: -0.0178  reward_min: -4.1794  value_loss: 0.8322
Step:  1610000  |  score: 83.25 ± 36.36  |  actor_loss: -0.2057  cost_loss: 1.3794  q_loss: 0.0061  reward_max: 0.0968  reward_mean: -0.0091  reward_min: -4.4135  value_loss: 0.9330
Step:  1620000  |  score: 109.02 ± 6.22  |  actor_loss: -0.1883  cost_loss: 1.3801  q_loss: 0.0038  reward_max: 0.0692  reward_mean: -0.0022  reward_min: -3.4913  value_loss: 0.9573
Step:  1630000  |  score: 109.74 ± 4.52  |  actor_loss: -0.2967  cost_loss: 1.3771  q_loss: 0.0140  reward_max: 0.0573  reward_mean: -0.0107  reward_min: -3.9934  value_loss: 0.9378
Step:  1640000  |  score: 107.38 ± 7.51  |  actor_loss: -0.2915  cost_loss: 1.3742  q_loss: 0.0085  reward_max: 0.1079  reward_mean: -0.0282  reward_min: -5.4217  value_loss: 0.8172
Step:  1650000  |  score: 89.28 ± 30.67  |  actor_loss: -0.3334  cost_loss: 1.3737  q_loss: 0.0215  reward_max: 0.0717  reward_mean: -0.0288  reward_min: -3.8870  value_loss: 0.7846
Step:  1660000  |  score: 104.39 ± 12.30  |  actor_loss: -0.3269  cost_loss: 1.3787  q_loss: 0.0059  reward_max: 0.2166  reward_mean: -0.0096  reward_min: -3.3008  value_loss: 0.9164
Step:  1670000  |  score: 100.34 ± 23.49  |  actor_loss: -0.2997  cost_loss: 1.3774  q_loss: 0.0062  reward_max: 0.0823  reward_mean: -0.0201  reward_min: -4.9944  value_loss: 0.9062
Step:  1680000  |  score: 93.17 ± 24.09  |  actor_loss: -0.2977  cost_loss: 1.3754  q_loss: 0.0060  reward_max: 0.1220  reward_mean: -0.0238  reward_min: -3.9685  value_loss: 0.7422
Step:  1690000  |  score: 101.12 ± 16.06  |  actor_loss: -0.2579  cost_loss: 1.3782  q_loss: 0.0039  reward_max: 0.0672  reward_mean: -0.0093  reward_min: -4.2587  value_loss: 0.9617
Step:  1700000  |  score: 88.59 ± 20.32  |  actor_loss: -0.3187  cost_loss: 1.3803  q_loss: 0.0041  reward_max: 0.0526  reward_mean: 0.0024  reward_min: -2.8163  value_loss: 0.9926
Step:  1710000  |  score: 106.24 ± 9.90  |  actor_loss: -0.3292  cost_loss: 1.3725  q_loss: 0.0080  reward_max: 0.1362  reward_mean: -0.0356  reward_min: -3.4894  value_loss: 0.6776
Step:  1720000  |  score: 112.27 ± 1.65  |  actor_loss: -0.2918  cost_loss: 1.3764  q_loss: 0.0073  reward_max: 0.1467  reward_mean: -0.0145  reward_min: -2.9197  value_loss: 0.8133
Step:  1730000  |  score: 105.12 ± 10.07  |  actor_loss: -0.3763  cost_loss: 1.3700  q_loss: 0.0094  reward_max: 0.0540  reward_mean: -0.0429  reward_min: -4.0258  value_loss: 0.6424
Step:  1740000  |  score: 111.33 ± 3.81  |  actor_loss: -0.2265  cost_loss: 1.3731  q_loss: 0.0070  reward_max: 0.0558  reward_mean: -0.0329  reward_min: -4.3528  value_loss: 0.7792
Step:  1750000  |  score: 100.25 ± 16.58  |  actor_loss: -0.0765  cost_loss: 1.3821  q_loss: 0.0022  reward_max: 0.1013  reward_mean: 0.0062  reward_min: -2.0123  value_loss: 0.9888
Step:  1760000  |  score: 81.38 ± 29.65  |  actor_loss: -0.2428  cost_loss: 1.3750  q_loss: 0.0142  reward_max: 0.1162  reward_mean: -0.0163  reward_min: -2.5787  value_loss: 0.8662
Step:  1770000  |  score: 108.71 ± 9.84  |  actor_loss: -0.3046  cost_loss: 1.3770  q_loss: 0.0140  reward_max: 0.1459  reward_mean: -0.0187  reward_min: -2.9073  value_loss: 0.7676
Step:  1780000  |  score: 93.10 ± 30.95  |  actor_loss: -0.2195  cost_loss: 1.3756  q_loss: 0.0220  reward_max: 0.0809  reward_mean: -0.0216  reward_min: -3.8575  value_loss: 0.8256
Step:  1790000  |  score: 109.37 ± 7.19  |  actor_loss: -0.2772  cost_loss: 1.3802  q_loss: 0.0117  reward_max: 0.0555  reward_mean: 0.0001  reward_min: -2.1891  value_loss: 0.9067
Step:  1800000  |  score: 109.74 ± 3.57  |  actor_loss: -0.3505  cost_loss: 1.3707  q_loss: 0.0079  reward_max: 0.0757  reward_mean: -0.0292  reward_min: -3.0707  value_loss: 0.6444
Step:  1810000  |  score: 112.48 ± 1.22  |  actor_loss: -0.2684  cost_loss: 1.3763  q_loss: 0.0070  reward_max: 0.0840  reward_mean: -0.0187  reward_min: -3.7034  value_loss: 0.7936
Step:  1820000  |  score: 110.96 ± 0.52  |  actor_loss: -0.1331  cost_loss: 1.3755  q_loss: 0.0076  reward_max: 0.0829  reward_mean: -0.0284  reward_min: -4.4205  value_loss: 0.7457
Step:  1830000  |  score: 103.11 ± 21.10  |  actor_loss: -0.3086  cost_loss: 1.3774  q_loss: 0.0071  reward_max: 0.0768  reward_mean: -0.0130  reward_min: -5.0068  value_loss: 0.8167
Step:  1840000  |  score: 112.29 ± 1.17  |  actor_loss: -0.4123  cost_loss: 1.3799  q_loss: 0.0055  reward_max: 0.0646  reward_mean: 0.0055  reward_min: -0.5381  value_loss: 1.0104
Step:  1850000  |  score: 105.70 ± 10.65  |  actor_loss: -0.2409  cost_loss: 1.3751  q_loss: 0.0141  reward_max: 0.1007  reward_mean: -0.0111  reward_min: -2.6662  value_loss: 0.8656
Step:  1860000  |  score: 99.43 ± 22.64  |  actor_loss: -0.2726  cost_loss: 1.3755  q_loss: 0.0235  reward_max: 0.1586  reward_mean: -0.0197  reward_min: -3.1204  value_loss: 0.9497
Step:  1870000  |  score: 89.84 ± 29.81  |  actor_loss: -0.3044  cost_loss: 1.3775  q_loss: 0.0074  reward_max: 0.1129  reward_mean: -0.0167  reward_min: -4.6642  value_loss: 0.9447
Step:  1880000  |  score: 101.38 ± 17.50  |  actor_loss: -0.2973  cost_loss: 1.3799  q_loss: 0.0029  reward_max: 0.1128  reward_mean: 0.0006  reward_min: -2.5567  value_loss: 1.0770
Step:  1890000  |  score: 101.93 ± 23.72  |  actor_loss: -0.1991  cost_loss: 1.3795  q_loss: 0.0050  reward_max: 0.0771  reward_mean: -0.0006  reward_min: -3.2992  value_loss: 1.0084
Step:  1900000  |  score: 104.49 ± 12.29  |  actor_loss: -0.2848  cost_loss: 1.3760  q_loss: 0.0064  reward_max: 0.0946  reward_mean: -0.0177  reward_min: -3.9797  value_loss: 0.9240
Step:  1910000  |  score: 95.07 ± 25.56  |  actor_loss: -0.3343  cost_loss: 1.3794  q_loss: 0.0027  reward_max: 0.0822  reward_mean: 0.0012  reward_min: -4.0767  value_loss: 1.0305
Step:  1920000  |  score: 109.30 ± 5.98  |  actor_loss: -0.3438  cost_loss: 1.3770  q_loss: 0.0049  reward_max: 0.1489  reward_mean: -0.0122  reward_min: -3.2648  value_loss: 0.8300
Step:  1930000  |  score: 111.54 ± 0.85  |  actor_loss: -0.3714  cost_loss: 1.3776  q_loss: 0.0183  reward_max: 0.0771  reward_mean: -0.0105  reward_min: -2.8578  value_loss: 0.9146
Step:  1940000  |  score: 109.52 ± 4.74  |  actor_loss: -0.4235  cost_loss: 1.3762  q_loss: 0.0058  reward_max: 0.1633  reward_mean: -0.0163  reward_min: -3.9846  value_loss: 0.8640
Step:  1950000  |  score: 99.92 ± 21.48  |  actor_loss: -0.2099  cost_loss: 1.3774  q_loss: 0.0094  reward_max: 0.0588  reward_mean: -0.0109  reward_min: -2.2840  value_loss: 0.9073
Step:  1960000  |  score: 109.57 ± 4.39  |  actor_loss: -0.2575  cost_loss: 1.3764  q_loss: 0.0063  reward_max: 0.1677  reward_mean: -0.0072  reward_min: -2.9137  value_loss: 0.9244
Step:  1970000  |  score: 110.47 ± 4.54  |  actor_loss: -0.2689  cost_loss: 1.3789  q_loss: 0.0126  reward_max: 0.2109  reward_mean: -0.0139  reward_min: -5.7353  value_loss: 0.9501
Step:  1980000  |  score: 105.07 ± 11.55  |  actor_loss: -0.2029  cost_loss: 1.3797  q_loss: 0.0074  reward_max: 0.0897  reward_mean: -0.0045  reward_min: -2.9528  value_loss: 0.9145
Step:  1990000  |  score: 112.26 ± 0.94  |  actor_loss: -0.2239  cost_loss: 1.3823  q_loss: 0.0044  reward_max: 0.1007  reward_mean: 0.0067  reward_min: -2.2545  value_loss: 0.9693
Step:  2000000  |  score: 108.04 ± 6.75  |  actor_loss: -0.2060  cost_loss: 1.3744  q_loss: 0.0121  reward_max: 0.1586  reward_mean: -0.0237  reward_min: -4.1372  value_loss: 0.8109
Final evaluation (13 iterations)...
Final score: 104.36 ± 15.86
wandb: WARNING Symlinked 1 file into the W&B run directory; call wandb.save again to sync new files.
wandb: uploading data; updating run metadata
wandb: uploading data
wandb: uploading data; uploading final_returns/bdemodice_hopper-expert-v2_2026-03-18_10-22-43.npz; uploading output.log; uploading wandb-summary.json; uploading config.yaml
wandb: uploading data; uploading final_returns/bdemodice_hopper-expert-v2_2026-03-18_10-22-43.npz; uploading output.log; uploading wandb-summary.json
wandb: uploading data
wandb: uploading summary, console lines 214-215
wandb: 
wandb: Run history:
wandb:  actor_loss █▃▃▂▂▂▃▂▂▂▂▂▂▃▂▂▂▂▂▂▂▂▁▂▂▂▁▁▁▁▂▂▁▁▂▂▁▁▁▂
wandb:   cost_loss ▄█▆▄▇▆▅▆█▅▆▆▃▅▇▆▅▄▇▅▅▆▄▆▅▇▄▅▅▄▅▄▃▄▁▇▁▄▅▃
wandb: num_updates ▁▁▁▂▂▂▂▂▂▂▃▃▃▃▃▄▄▄▄▄▅▅▅▅▅▅▅▅▆▆▆▆▆▇▇▇▇███
wandb:      q_loss ▃▂▃▂▄▃▂▂▂▁▁▄▅▂▂▅▄▂▅▃▃▄▂▄▅▂▄▅▂▄▅▂█▂█▃▄▁▂▄
wandb:      return ▁▅▄▇▃▅▇▄█▇▆▇▇▄█▆▇▇▇▇█▆▇▇▆▆█▆▇▇▆█▇▇▆██▆██
wandb:  reward_max ▅▃▃▅▅▅▅▂▄▄▆▃▃▂▄▅▆▂▅▄▄▃▇▆▄▃▄▃▂█▁▁▂▂▂▂▅▂▆▆
wandb: reward_mean ▂▆▇▇▇▅▆▃▄▆▇▅▄█▇▅▄▄▃▇▄▇▇▅▇▄▂▃▆▆▆▄▃▁▇▄▁▂▅▂
wandb:  reward_min ▅▅▄▅▄▁▄▅▄▄▄▅▄▂█▅▄▃▄▅▄▃▃▃▄▂▆▄▂▄▄▄▅▅▄▅▅▄▄▃
wandb:       score ▁▅▆▄▆▂▁█▆▇█▆▇▆▇▂▆▅▆▇▅▄▅▃▅█▅█▇▅▄▇▆▆▂▇▅▆▇▇
wandb:   score_std ▅▃█▅▆▇▅▄▆▁█▁▁▃▆▃▅▇▅▅▆▁▄█▇█▃▄▁▅█▁▄█▄█▃▁▃▁
wandb:          +1 ...
wandb: 
wandb: Run summary:
wandb:  actor_loss -0.20605
wandb:   cost_loss 1.37438
wandb: num_updates 2000000
wandb:      q_loss 0.0121
wandb:      return 3496.06024
wandb:  reward_max 0.15864
wandb: reward_mean -0.02375
wandb:  reward_min -4.1372
wandb:       score 108.04285
wandb:   score_std 6.7526
wandb:          +1 ...
wandb: 
wandb: 🚀 View run bdemodice_hopper_M2_s1 at: https://wandb.ai/wsk208/DemoDICE/runs/my89eohj
wandb: ⭐️ View project at: https://wandb.ai/wsk208/DemoDICE
wandb: Synced 5 W&B file(s), 0 media file(s), 0 artifact file(s) and 1 other file(s)
wandb: Find logs at: ./wandb/run-20260318_095800-my89eohj/logs
