Warning: All of online environments libraries in D4RL have been moved ]8;;https://github.com/Farama-Foundation/Gymnasium\Gymnasium]8;;\, ]8;;https://github.com/Farama-Foundation/MiniGrid\MiniGrid]8;;\ and ]8;;https://github.com/Farama-Foundation/Gymnasium-Robotics\Gymnasium-Robotics]8;;\, and all offline datasets in D4RL have been moved to ]8;;https://github.com/Farama-Foundation/Minari\Minari]8;;\.
These new versions include large bug fixes, new versions of Python, and are where all new development will continue. Please upgrade these libraries as soon as you're able to do so.
If you'd like to read more about the story behind this switch, please check out ]8;;https://farama.org/Announcing-Minari\this blog post]8;;\.
Gym has been unmaintained since 2022 and does not support NumPy 2.0 amongst other critical functionality.
Please upgrade to Gymnasium, the maintained drop-in replacement of Gym, or contact the authors of your software and request that they upgrade.
See the migration guide at https://gymnasium.farama.org/introduction/migration_guide/ for additional information.
/opt/venv/lib/python3.10/site-packages/Cython/Distutils/old_build_ext.py:15: DeprecationWarning: dep_util is Deprecated. Use functions from setuptools instead.
  from distutils.dep_util import newer, newer_group
<frozen importlib._bootstrap>:283: DeprecationWarning: the load_module() method is deprecated and slated for removal in Python 3.12; use exec_module() instead
pybullet build time: Jan 29 2025 23:16:28
wandb: [wandb.login()] Loaded credentials for https://api.wandb.ai from /root/.netrc.
wandb: Currently logged in as: wsk208 to https://api.wandb.ai. Use `wandb login --relogin` to force relogin
/opt/venv/lib/python3.10/site-packages/wandb/analytics/sentry.py:268: DeprecationWarning: Read the `app_url` setting from the appropriate Settings object.
  app_url = wandb.util.app_url(tags["base_url"])  # type: ignore[index]
/opt/venv/lib/python3.10/site-packages/wandb/analytics/sentry.py:279: DeprecationWarning: The `Scope.user` setter is deprecated in favor of `Scope.set_user()`.
  self.scope.user = {"email": email}
wandb: setting up run sworvmu1
/opt/venv/lib/python3.10/site-packages/wandb/analytics/sentry.py:268: DeprecationWarning: Read the `app_url` setting from the appropriate Settings object.
  app_url = wandb.util.app_url(tags["base_url"])  # type: ignore[index]
/opt/venv/lib/python3.10/site-packages/wandb/analytics/sentry.py:279: DeprecationWarning: The `Scope.user` setter is deprecated in favor of `Scope.set_user()`.
  self.scope.user = {"email": email}
wandb: Tracking run with wandb version 0.25.1
wandb: Run data is saved locally in /app/wandb/run-20260319_000819-sworvmu1
wandb: Run `wandb offline` to turn off syncing.
wandb: Syncing run bdemodice_halfcheetah_M1_s4
wandb: ⭐️ View project at https://wandb.ai/wsk208/DemoDICE
wandb: 🚀 View run at https://wandb.ai/wsk208/DemoDICE/runs/sworvmu1
/opt/venv/lib/python3.10/site-packages/gym/spaces/box.py:84: UserWarning: [33mWARN: Box bound precision lowered by casting to float32[0m
  logger.warn(f"Box bound precision lowered by casting to {self.dtype}")
load datafile:   0%|          | 0/21 [00:00<?, ?it/s]load datafile:   5%|▍         | 1/21 [00:00<00:03,  5.68it/s]load datafile:  14%|█▍        | 3/21 [00:00<00:03,  5.21it/s]load datafile:  19%|█▉        | 4/21 [00:00<00:04,  3.96it/s]load datafile:  81%|████████  | 17/21 [00:01<00:00, 15.16it/s]load datafile:  90%|█████████ | 19/21 [00:01<00:00, 10.49it/s]load datafile: 100%|██████████| 21/21 [00:01<00:00, 10.91it/s]
Expert  :  999000 transitions  (halfcheetah-expert-v2, 400 traj)
load datafile:   0%|          | 0/9 [00:00<?, ?it/s]load datafile:  11%|█         | 1/9 [00:00<00:01,  5.94it/s]load datafile:  33%|███▎      | 3/9 [00:00<00:01,  5.38it/s]load datafile:  44%|████▍     | 4/9 [00:00<00:01,  4.05it/s]load datafile:  56%|█████▌    | 5/9 [00:01<00:01,  3.13it/s]load datafile:  67%|██████▋   | 6/9 [00:01<00:01,  2.73it/s]load datafile: 100%|██████████| 9/9 [00:01<00:00,  4.80it/s]
Imperfect:  999000 transitions  (halfcheetah-random-v2, 100 traj)
Union   : 1998000 transitions total
/root/.local/share/uv/python/cpython-3.10-linux-x86_64-gnu/lib/python3.10/multiprocessing/popen_fork.py:66: RuntimeWarning: os.fork() was called. os.fork() is incompatible with multithreaded code, and JAX is multithreaded, so this will likely lead to a deadlock.
  self.pid = os.fork()
/opt/venv/lib/python3.10/site-packages/tensorflow_probability/python/internal/backend/jax/ops.py:681: DeprecationWarning: jax.interpreters.xla.pytype_aval_mappings is deprecated.
  jax.interpreters.xla.pytype_aval_mappings[onp.ndarray])
/opt/venv/lib/python3.10/site-packages/gym/spaces/box.py:84: UserWarning: [33mWARN: Box bound precision lowered by casting to float32[0m
  logger.warn(f"Box bound precision lowered by casting to {self.dtype}")
Step:    10000  |  score: 2.20 ± 0.00  |  actor_loss: 3.2605  cost_loss: 0.9427  q_loss: 4.6397  reward_max: 1.1799  reward_mean: -1.9141  reward_min: -6.4428  value_loss: -8.0816
Step:    20000  |  score: 2.16 ± 0.00  |  actor_loss: 3.0349  cost_loss: 1.0026  q_loss: 2.3926  reward_max: 2.9391  reward_mean: -1.7206  reward_min: -6.3415  value_loss: 6.3421
Step:    30000  |  score: 2.00 ± 0.04  |  actor_loss: 1.5017  cost_loss: 0.9881  q_loss: 2.7671  reward_max: 0.9120  reward_mean: -1.8197  reward_min: -6.5152  value_loss: 17.0028
Step:    40000  |  score: 4.12 ± 2.76  |  actor_loss: 8.8098  cost_loss: 0.9530  q_loss: 5.1828  reward_max: 1.0492  reward_mean: -1.9978  reward_min: -6.3937  value_loss: 2893.3926
Step:    50000  |  score: 2.16 ± 0.01  |  actor_loss: 93.5072  cost_loss: 0.9768  q_loss: 20.1256  reward_max: 1.1440  reward_mean: -1.9150  reward_min: -6.4709  value_loss: 12185874989056.0000
Step:    60000  |  score: 2.13 ± 0.01  |  actor_loss: 95.9655  cost_loss: 0.9207  q_loss: 18.8366  reward_max: 0.9386  reward_mean: -2.1423  reward_min: -6.6057  value_loss: 49155892112785408.0000
Step:    70000  |  score: 2.09 ± 0.02  |  actor_loss: 95.4677  cost_loss: 0.9754  q_loss: 14.4071  reward_max: 1.0581  reward_mean: -1.9899  reward_min: -6.5851  value_loss: 1311329348485120.0000
Step:    80000  |  score: 2.08 ± 0.03  |  actor_loss: 96.7878  cost_loss: 0.9759  q_loss: 15.0935  reward_max: 1.9603  reward_mean: -1.9167  reward_min: -6.6473  value_loss: 13493311897600.0000
Step:    90000  |  score: 2.10 ± 0.05  |  actor_loss: 87.9796  cost_loss: 1.0022  q_loss: 13.3055  reward_max: 1.0888  reward_mean: -1.8587  reward_min: -6.6487  value_loss: 10972681516089344.0000
Step:   100000  |  score: 2.18 ± 0.30  |  actor_loss: 104.8012  cost_loss: 0.9835  q_loss: 13.5590  reward_max: 1.8494  reward_mean: -1.9352  reward_min: -6.6145  value_loss: 35064154947584.0000
Step:   110000  |  score: 2.18 ± 0.40  |  actor_loss: 99.0996  cost_loss: 0.9548  q_loss: 13.1502  reward_max: 0.9947  reward_mean: -2.0727  reward_min: -6.5320  value_loss: 1757894009683968.0000
Step:   120000  |  score: 2.21 ± 0.38  |  actor_loss: 107.0761  cost_loss: 1.0112  q_loss: 11.5039  reward_max: 0.9208  reward_mean: -1.7933  reward_min: -6.6680  value_loss: 1387212964888576.0000
Step:   130000  |  score: 3.21 ± 1.13  |  actor_loss: 101.1950  cost_loss: 0.9548  q_loss: 10.7227  reward_max: 1.2159  reward_mean: -2.0601  reward_min: -6.5185  value_loss: 34054915227648.0000
Step:   140000  |  score: 3.54 ± 1.44  |  actor_loss: 79.7740  cost_loss: 1.0066  q_loss: 9.4089  reward_max: 0.8619  reward_mean: -1.9129  reward_min: -6.7320  value_loss: 1222932037632.0000
Step:   150000  |  score: 3.15 ± 1.39  |  actor_loss: 84.6865  cost_loss: 0.9593  q_loss: 11.4842  reward_max: 0.8057  reward_mean: -2.0762  reward_min: -6.4613  value_loss: 1368876720857284608.0000
Step:   160000  |  score: 2.57 ± 0.81  |  actor_loss: 84.1901  cost_loss: 1.0045  q_loss: 11.4745  reward_max: 1.4546  reward_mean: -1.8761  reward_min: -6.6722  value_loss: 37884165881856.0000
Step:   170000  |  score: 3.22 ± 1.11  |  actor_loss: 110.6015  cost_loss: 0.9721  q_loss: 10.7736  reward_max: 0.9526  reward_mean: -2.0606  reward_min: -6.5910  value_loss: 1788349756997632.0000
Step:   180000  |  score: 4.01 ± 1.91  |  actor_loss: 75.5982  cost_loss: 0.9603  q_loss: 9.5606  reward_max: 0.8254  reward_mean: -2.1607  reward_min: -6.7422  value_loss: 1088925667262726144.0000
Step:   190000  |  score: 3.94 ± 1.46  |  actor_loss: 90.7997  cost_loss: 1.0324  q_loss: 9.1988  reward_max: 0.8493  reward_mean: -1.8571  reward_min: -6.3532  value_loss: 10834394306576384.0000
Step:   200000  |  score: 5.69 ± 2.87  |  actor_loss: 84.1280  cost_loss: 1.0034  q_loss: 9.3627  reward_max: 0.7705  reward_mean: -1.9778  reward_min: -6.6877  value_loss: 12379408564224.0000
Step:   210000  |  score: 4.12 ± 0.95  |  actor_loss: 87.1812  cost_loss: 0.9658  q_loss: 10.7968  reward_max: 0.9938  reward_mean: -2.2229  reward_min: -6.5768  value_loss: 6005014967353344.0000
Step:   220000  |  score: 5.29 ± 1.91  |  actor_loss: 87.4016  cost_loss: 0.9758  q_loss: 9.1787  reward_max: 0.7963  reward_mean: -2.0703  reward_min: -6.4443  value_loss: 20126959140864.0000
Step:   230000  |  score: 4.44 ± 2.16  |  actor_loss: 108.9294  cost_loss: 0.9580  q_loss: 12.2646  reward_max: 0.8995  reward_mean: -2.0911  reward_min: -6.6542  value_loss: 1256423291879424.0000
Step:   240000  |  score: 4.41 ± 1.41  |  actor_loss: 91.3334  cost_loss: 0.9871  q_loss: 9.9694  reward_max: 1.0134  reward_mean: -1.8964  reward_min: -6.4407  value_loss: 27945326346240.0000
Step:   250000  |  score: 5.71 ± 3.09  |  actor_loss: 109.1482  cost_loss: 0.9638  q_loss: 8.4229  reward_max: 1.0121  reward_mean: -2.1638  reward_min: -6.5085  value_loss: 12825840718970880.0000
Step:   260000  |  score: 6.56 ± 3.94  |  actor_loss: 85.6899  cost_loss: 0.9944  q_loss: 8.8042  reward_max: 1.0014  reward_mean: -1.9287  reward_min: -6.6140  value_loss: 4132011136516096.0000
Step:   270000  |  score: 5.89 ± 3.51  |  actor_loss: 79.2985  cost_loss: 1.0041  q_loss: 6.9082  reward_max: 0.9227  reward_mean: -1.8627  reward_min: -6.5811  value_loss: 11533900597690368.0000
Step:   280000  |  score: 6.50 ± 2.25  |  actor_loss: 85.4487  cost_loss: 0.9639  q_loss: 8.1191  reward_max: 0.8305  reward_mean: -2.1339  reward_min: -6.6138  value_loss: 5720672687655747584.0000
Step:   290000  |  score: 6.13 ± 2.71  |  actor_loss: 116.9394  cost_loss: 0.9171  q_loss: 8.0606  reward_max: 1.0008  reward_mean: -2.3867  reward_min: -6.5887  value_loss: 1242654566252544.0000
Step:   300000  |  score: 6.55 ± 4.72  |  actor_loss: 94.6224  cost_loss: 0.9635  q_loss: 7.5215  reward_max: 0.9248  reward_mean: -2.0922  reward_min: -6.5562  value_loss: 30313589264875520.0000
Step:   310000  |  score: 6.08 ± 2.60  |  actor_loss: 100.1563  cost_loss: 0.9528  q_loss: 6.9795  reward_max: 0.8133  reward_mean: -2.1051  reward_min: -6.4880  value_loss: 1227233784676483072.0000
Step:   320000  |  score: 6.36 ± 4.24  |  actor_loss: 82.7551  cost_loss: 0.9615  q_loss: 9.0864  reward_max: 1.0103  reward_mean: -2.1341  reward_min: -6.6389  value_loss: 2724558798848.0000
Step:   330000  |  score: 7.06 ± 3.67  |  actor_loss: 93.3782  cost_loss: 0.9863  q_loss: 8.0752  reward_max: 0.9928  reward_mean: -2.0546  reward_min: -6.8507  value_loss: 7662938378731520.0000
Step:   340000  |  score: 9.39 ± 5.69  |  actor_loss: 98.3986  cost_loss: 0.9722  q_loss: 8.6674  reward_max: 0.9367  reward_mean: -2.1386  reward_min: -6.6673  value_loss: 133923007344148480.0000
Step:   350000  |  score: 5.82 ± 1.78  |  actor_loss: 103.7618  cost_loss: 0.9317  q_loss: 7.3232  reward_max: 0.9189  reward_mean: -2.3085  reward_min: -6.5423  value_loss: 16718776527486976.0000
Step:   360000  |  score: 5.42 ± 1.15  |  actor_loss: 104.4196  cost_loss: 0.9581  q_loss: 6.7145  reward_max: 0.9338  reward_mean: -2.1766  reward_min: -6.6918  value_loss: 159960971698241536.0000
Step:   370000  |  score: 10.18 ± 7.15  |  actor_loss: 108.0184  cost_loss: 0.9592  q_loss: 6.5986  reward_max: 0.8249  reward_mean: -2.2180  reward_min: -6.5432  value_loss: 7071974555648.0000
Step:   380000  |  score: 6.10 ± 2.42  |  actor_loss: 105.1972  cost_loss: 0.9022  q_loss: 7.1923  reward_max: 0.9976  reward_mean: -2.4454  reward_min: -6.5949  value_loss: 15578694380934922240.0000
Step:   390000  |  score: 6.51 ± 3.84  |  actor_loss: 81.6187  cost_loss: 0.9917  q_loss: 7.0817  reward_max: 0.8024  reward_mean: -2.0372  reward_min: -6.6626  value_loss: 87713852162048.0000
Step:   400000  |  score: 8.25 ± 4.73  |  actor_loss: 74.5900  cost_loss: 0.9345  q_loss: 7.5384  reward_max: 0.9465  reward_mean: -2.2734  reward_min: -6.6643  value_loss: 378577979703296.0000
Step:   410000  |  score: 6.65 ± 2.86  |  actor_loss: 96.6623  cost_loss: 0.9600  q_loss: 7.7338  reward_max: 0.7913  reward_mean: -2.1974  reward_min: -6.4534  value_loss: 504985845760.0000
Step:   420000  |  score: 5.39 ± 1.18  |  actor_loss: 94.7107  cost_loss: 0.9548  q_loss: 7.0753  reward_max: 1.1464  reward_mean: -2.1866  reward_min: -6.6504  value_loss: 3586665742336.0000
Step:   430000  |  score: 7.06 ± 2.70  |  actor_loss: 103.3097  cost_loss: 0.9440  q_loss: 7.2671  reward_max: 1.0401  reward_mean: -2.2488  reward_min: -6.7608  value_loss: 30713371951104.0000
Step:   440000  |  score: 6.38 ± 5.03  |  actor_loss: 96.3457  cost_loss: 0.9701  q_loss: 6.7145  reward_max: 0.9070  reward_mean: -2.0592  reward_min: -6.6039  value_loss: 2873309481524002816.0000
Step:   450000  |  score: 5.46 ± 1.80  |  actor_loss: 105.5968  cost_loss: 0.9570  q_loss: 6.3560  reward_max: 0.9015  reward_mean: -2.1111  reward_min: -6.6278  value_loss: 8274529222656.0000
Step:   460000  |  score: 7.26 ± 2.58  |  actor_loss: 99.3503  cost_loss: 0.9625  q_loss: 9.2232  reward_max: 1.0477  reward_mean: -2.1462  reward_min: -6.4341  value_loss: 66611952222208.0000
Step:   470000  |  score: 4.48 ± 2.80  |  actor_loss: 90.5667  cost_loss: 0.9468  q_loss: 6.8754  reward_max: 0.9314  reward_mean: -2.1918  reward_min: -6.6342  value_loss: 3357591711141616156672.0000
Step:   480000  |  score: 5.75 ± 3.93  |  actor_loss: 96.7564  cost_loss: 0.9849  q_loss: 6.9792  reward_max: 0.8257  reward_mean: -2.0453  reward_min: -6.6305  value_loss: 107915876761600.0000
Step:   490000  |  score: 5.66 ± 2.36  |  actor_loss: 83.5009  cost_loss: 0.9269  q_loss: 7.6836  reward_max: 0.9931  reward_mean: -2.2519  reward_min: -6.5313  value_loss: 2792198783620874240.0000
Step:   500000  |  score: 6.28 ± 4.60  |  actor_loss: 118.2796  cost_loss: 0.9385  q_loss: 8.3285  reward_max: 0.9249  reward_mean: -2.2689  reward_min: -6.6943  value_loss: 47705986837988950147072.0000
Step:   510000  |  score: 5.70 ± 1.69  |  actor_loss: 78.7036  cost_loss: 0.9797  q_loss: 7.0187  reward_max: 0.9152  reward_mean: -2.1080  reward_min: -6.5089  value_loss: 3707968210075648.0000
Step:   520000  |  score: 6.87 ± 3.91  |  actor_loss: 101.6565  cost_loss: 0.9630  q_loss: 6.8607  reward_max: 0.8055  reward_mean: -2.1360  reward_min: -6.4730  value_loss: 1338280748230115328.0000
Step:   530000  |  score: 8.52 ± 6.06  |  actor_loss: 87.5677  cost_loss: 0.9838  q_loss: 6.1251  reward_max: 0.8091  reward_mean: -2.0474  reward_min: -6.4810  value_loss: 6951554514944.0000
Step:   540000  |  score: 5.43 ± 2.04  |  actor_loss: 95.4615  cost_loss: 0.9782  q_loss: 5.5829  reward_max: 0.7707  reward_mean: -2.0712  reward_min: -6.5515  value_loss: 14170867598102626304.0000
Step:   550000  |  score: 4.31 ± 0.98  |  actor_loss: 92.3808  cost_loss: 0.9746  q_loss: 7.5223  reward_max: 0.9757  reward_mean: -2.1168  reward_min: -6.6411  value_loss: 299086619712837124096.0000
Step:   560000  |  score: 7.71 ± 2.20  |  actor_loss: 90.5678  cost_loss: 0.9395  q_loss: 7.7140  reward_max: 0.8002  reward_mean: -2.2774  reward_min: -6.6599  value_loss: 2077008603381760.0000
Step:   570000  |  score: 7.59 ± 3.53  |  actor_loss: 82.3481  cost_loss: 0.9913  q_loss: 7.7331  reward_max: 1.0491  reward_mean: -2.0407  reward_min: -6.6186  value_loss: 87877341568565248.0000
Step:   580000  |  score: 7.11 ± 4.39  |  actor_loss: 104.6863  cost_loss: 0.9657  q_loss: 5.3994  reward_max: 0.9092  reward_mean: -2.1110  reward_min: -6.6919  value_loss: 235659014375997440.0000
Step:   590000  |  score: 7.01 ± 2.02  |  actor_loss: 104.6394  cost_loss: 0.9792  q_loss: 6.0326  reward_max: 1.0424  reward_mean: -2.0658  reward_min: -6.7660  value_loss: 1510437053005824.0000
Step:   600000  |  score: 6.10 ± 2.30  |  actor_loss: 101.4818  cost_loss: 0.9446  q_loss: 6.2248  reward_max: 1.0653  reward_mean: -2.2266  reward_min: -6.6462  value_loss: 51172308156416.0000
Step:   610000  |  score: 5.83 ± 1.68  |  actor_loss: 95.4510  cost_loss: 0.9328  q_loss: 6.6796  reward_max: 1.0210  reward_mean: -2.2317  reward_min: -6.6063  value_loss: 233669035768676352.0000
Step:   620000  |  score: 6.73 ± 2.01  |  actor_loss: 88.8223  cost_loss: 0.9884  q_loss: 5.6834  reward_max: 0.8514  reward_mean: -2.0576  reward_min: -6.5073  value_loss: 119178438639616.0000
Step:   630000  |  score: 5.43 ± 2.10  |  actor_loss: 106.4946  cost_loss: 0.9506  q_loss: 6.2241  reward_max: 0.8625  reward_mean: -2.2145  reward_min: -6.5648  value_loss: 24663787420254208.0000
Step:   640000  |  score: 6.09 ± 2.74  |  actor_loss: 80.0875  cost_loss: 0.9307  q_loss: 6.4558  reward_max: 0.8165  reward_mean: -2.2526  reward_min: -6.5699  value_loss: 5595761943504580771840.0000
Step:   650000  |  score: 7.59 ± 2.28  |  actor_loss: 89.4110  cost_loss: 0.9920  q_loss: 6.8999  reward_max: 1.1482  reward_mean: -2.0365  reward_min: -6.4602  value_loss: 526440214822912.0000
Step:   660000  |  score: 6.67 ± 3.97  |  actor_loss: 95.3041  cost_loss: 0.9791  q_loss: 5.8955  reward_max: 0.9208  reward_mean: -2.0638  reward_min: -6.4860  value_loss: 1153303859775406080.0000
Step:   670000  |  score: 9.21 ± 2.66  |  actor_loss: 109.2612  cost_loss: 0.9826  q_loss: 5.8797  reward_max: 0.8999  reward_mean: -2.0972  reward_min: -6.5911  value_loss: 12332046181466112.0000
Step:   680000  |  score: 6.58 ± 3.26  |  actor_loss: 111.4462  cost_loss: 0.9666  q_loss: 6.1461  reward_max: 0.8269  reward_mean: -2.0623  reward_min: -6.4729  value_loss: 6281244947181993984.0000
Step:   690000  |  score: 8.19 ± 2.74  |  actor_loss: 102.5377  cost_loss: 0.9581  q_loss: 5.8925  reward_max: 0.9482  reward_mean: -2.2180  reward_min: -6.4571  value_loss: 305490085019648.0000
Step:   700000  |  score: 5.20 ± 1.52  |  actor_loss: 115.4666  cost_loss: 0.8967  q_loss: 6.6973  reward_max: 0.8980  reward_mean: -2.4435  reward_min: -6.4589  value_loss: 35188931196616704.0000
Step:   710000  |  score: 7.64 ± 4.41  |  actor_loss: 96.2652  cost_loss: 0.9396  q_loss: 6.9520  reward_max: 0.7651  reward_mean: -2.2870  reward_min: -6.4806  value_loss: 3835983468429312.0000
Step:   720000  |  score: 5.01 ± 2.04  |  actor_loss: 104.4773  cost_loss: 0.9739  q_loss: 5.5595  reward_max: 0.9318  reward_mean: -2.1491  reward_min: -6.4750  value_loss: 248633794494464.0000
Step:   730000  |  score: 5.61 ± 2.36  |  actor_loss: 96.3292  cost_loss: 0.9473  q_loss: 6.1585  reward_max: 1.1083  reward_mean: -2.2214  reward_min: -6.6282  value_loss: 9738077619072532480.0000
Step:   740000  |  score: 3.85 ± 1.14  |  actor_loss: 86.0137  cost_loss: 1.0112  q_loss: 5.2873  reward_max: 0.9938  reward_mean: -1.9392  reward_min: -6.5602  value_loss: 150157140164608.0000
Step:   750000  |  score: 8.29 ± 3.42  |  actor_loss: 89.9075  cost_loss: 1.0131  q_loss: 5.3489  reward_max: 0.9032  reward_mean: -1.9959  reward_min: -6.6829  value_loss: 968347724602671104.0000
Step:   760000  |  score: 4.92 ± 1.94  |  actor_loss: 92.4080  cost_loss: 0.9735  q_loss: 5.3456  reward_max: 1.0007  reward_mean: -2.1007  reward_min: -6.5162  value_loss: 564440750451087900672.0000
Step:   770000  |  score: 3.67 ± 1.29  |  actor_loss: 88.0144  cost_loss: 0.9922  q_loss: 5.4749  reward_max: 0.7731  reward_mean: -2.0108  reward_min: -6.4615  value_loss: 68833907549667328.0000
Step:   780000  |  score: 7.69 ± 5.93  |  actor_loss: 96.2751  cost_loss: 0.9574  q_loss: 7.6650  reward_max: 0.8903  reward_mean: -2.1836  reward_min: -6.5954  value_loss: 1563029195980800.0000
Step:   790000  |  score: 6.16 ± 2.39  |  actor_loss: 86.2128  cost_loss: 0.9400  q_loss: 5.8769  reward_max: 0.8852  reward_mean: -2.3195  reward_min: -6.5509  value_loss: 398247990663315456.0000
Step:   800000  |  score: 5.65 ± 2.36  |  actor_loss: 98.4499  cost_loss: 0.9657  q_loss: 5.4167  reward_max: 0.8067  reward_mean: -2.1361  reward_min: -6.4994  value_loss: 71586483370196992.0000
Step:   810000  |  score: 4.20 ± 0.86  |  actor_loss: 77.5947  cost_loss: 1.0035  q_loss: 4.9113  reward_max: 1.0635  reward_mean: -1.9461  reward_min: -6.5324  value_loss: 2837399470080.0000
Step:   820000  |  score: 4.95 ± 2.50  |  actor_loss: 87.2433  cost_loss: 0.9668  q_loss: 5.8381  reward_max: 0.9522  reward_mean: -2.1255  reward_min: -6.4552  value_loss: 3439168487161856.0000
Step:   830000  |  score: 6.62 ± 2.63  |  actor_loss: 95.7550  cost_loss: 0.9778  q_loss: 5.9161  reward_max: 0.8267  reward_mean: -2.1732  reward_min: -6.5927  value_loss: 908347703296.0000
Step:   840000  |  score: 5.91 ± 2.48  |  actor_loss: 83.8274  cost_loss: 0.9886  q_loss: 6.5245  reward_max: 0.8259  reward_mean: -2.1023  reward_min: -6.5506  value_loss: 3981662748672.0000
Step:   850000  |  score: 6.62 ± 2.50  |  actor_loss: 89.9945  cost_loss: 0.9651  q_loss: 7.1794  reward_max: 0.9333  reward_mean: -2.1184  reward_min: -6.6143  value_loss: 2634920493056.0000
Step:   860000  |  score: 5.34 ± 1.89  |  actor_loss: 91.6538  cost_loss: 0.9238  q_loss: 5.4734  reward_max: 0.8880  reward_mean: -2.4199  reward_min: -6.5958  value_loss: 1279255253199355904.0000
Step:   870000  |  score: 7.44 ± 5.04  |  actor_loss: 117.9488  cost_loss: 0.9307  q_loss: 5.3889  reward_max: 1.1094  reward_mean: -2.3171  reward_min: -6.6122  value_loss: 2714295361135968256.0000
Step:   880000  |  score: 7.71 ± 3.32  |  actor_loss: 118.1503  cost_loss: 0.9651  q_loss: 5.2228  reward_max: 1.0123  reward_mean: -2.1480  reward_min: -6.4991  value_loss: 4739588907551686656.0000
Step:   890000  |  score: 6.55 ± 3.32  |  actor_loss: 97.5532  cost_loss: 0.9639  q_loss: 4.8548  reward_max: 0.7939  reward_mean: -2.0879  reward_min: -6.4527  value_loss: 174949067128832.0000
Step:   900000  |  score: 8.25 ± 3.80  |  actor_loss: 92.5094  cost_loss: 0.9501  q_loss: 5.2860  reward_max: 0.8340  reward_mean: -2.2813  reward_min: -6.5851  value_loss: 38437030949002674176.0000
Step:   910000  |  score: 6.71 ± 4.34  |  actor_loss: 89.8087  cost_loss: 0.9529  q_loss: 5.6476  reward_max: 0.8271  reward_mean: -2.2600  reward_min: -6.5462  value_loss: 7483108098048000.0000
Step:   920000  |  score: 5.78 ± 1.78  |  actor_loss: 97.2748  cost_loss: 0.9634  q_loss: 5.4102  reward_max: 0.9277  reward_mean: -2.1279  reward_min: -6.4903  value_loss: 108529749329583276032.0000
Step:   930000  |  score: 7.51 ± 2.92  |  actor_loss: 101.8478  cost_loss: 0.9268  q_loss: 5.2223  reward_max: 0.9441  reward_mean: -2.3679  reward_min: -6.6406  value_loss: 34647952064512.0000
Step:   940000  |  score: 7.70 ± 3.51  |  actor_loss: 90.8828  cost_loss: 0.9924  q_loss: 4.8869  reward_max: 0.8029  reward_mean: -1.9993  reward_min: -6.6423  value_loss: 8032657216634880.0000
Step:   950000  |  score: 6.44 ± 2.80  |  actor_loss: 102.8394  cost_loss: 0.9723  q_loss: 5.3134  reward_max: 0.9097  reward_mean: -2.1295  reward_min: -6.5636  value_loss: 733975871488.0000
Step:   960000  |  score: 5.31 ± 1.61  |  actor_loss: 97.5860  cost_loss: 0.9862  q_loss: 5.3177  reward_max: 0.9829  reward_mean: -2.0377  reward_min: -6.6525  value_loss: 52674501120360448.0000
Step:   970000  |  score: 5.99 ± 3.07  |  actor_loss: 90.6057  cost_loss: 0.9620  q_loss: 4.8629  reward_max: 0.9301  reward_mean: -2.0686  reward_min: -6.4752  value_loss: 316592587827838976.0000
Step:   980000  |  score: 6.99 ± 3.33  |  actor_loss: 103.3162  cost_loss: 0.9639  q_loss: 4.3357  reward_max: 0.9104  reward_mean: -2.1464  reward_min: -6.6258  value_loss: 14309372461056.0000
Step:   990000  |  score: 6.21 ± 2.85  |  actor_loss: 99.9095  cost_loss: 1.0238  q_loss: 5.7856  reward_max: 1.2919  reward_mean: -1.8651  reward_min: -6.5190  value_loss: 106237046858711040.0000
Step:  1000000  |  score: 4.81 ± 2.20  |  actor_loss: 96.1125  cost_loss: 0.9719  q_loss: 5.3745  reward_max: 0.7954  reward_mean: -2.1102  reward_min: -6.6622  value_loss: 427636802602401792.0000
Step:  1010000  |  score: 9.29 ± 3.03  |  actor_loss: 92.5490  cost_loss: 0.9672  q_loss: 4.7633  reward_max: 0.9601  reward_mean: -2.1299  reward_min: -6.5856  value_loss: 256914876243378176.0000
Step:  1020000  |  score: 5.24 ± 1.82  |  actor_loss: 89.4691  cost_loss: 0.9147  q_loss: 5.4331  reward_max: 1.0114  reward_mean: -2.3798  reward_min: -6.5519  value_loss: 742302016339968.0000
Step:  1030000  |  score: 5.22 ± 2.65  |  actor_loss: 85.0606  cost_loss: 0.9930  q_loss: 4.7859  reward_max: 0.8364  reward_mean: -2.0378  reward_min: -6.6178  value_loss: 3135125465207930880.0000
Step:  1040000  |  score: 4.91 ± 1.98  |  actor_loss: 95.1279  cost_loss: 0.9216  q_loss: 4.8359  reward_max: 0.8697  reward_mean: -2.3758  reward_min: -6.5743  value_loss: 39826376097792.0000
Step:  1050000  |  score: 3.95 ± 1.49  |  actor_loss: 83.4678  cost_loss: 0.9828  q_loss: 4.5326  reward_max: 0.9091  reward_mean: -2.0500  reward_min: -6.4733  value_loss: 14507439030272.0000
Step:  1060000  |  score: 7.12 ± 2.70  |  actor_loss: 87.3805  cost_loss: 0.9477  q_loss: 5.6837  reward_max: 0.9107  reward_mean: -2.2342  reward_min: -6.5771  value_loss: 64017973605564416.0000
Step:  1070000  |  score: 4.27 ± 1.32  |  actor_loss: 89.3839  cost_loss: 0.9855  q_loss: 5.5832  reward_max: 0.8422  reward_mean: -2.0569  reward_min: -6.5848  value_loss: 942536277360640.0000
Step:  1080000  |  score: 3.96 ± 2.07  |  actor_loss: 101.5958  cost_loss: 1.0157  q_loss: 6.5589  reward_max: 0.8379  reward_mean: -2.0642  reward_min: -6.6326  value_loss: 4481059907436544.0000
Step:  1090000  |  score: 5.05 ± 3.60  |  actor_loss: 84.6730  cost_loss: 0.9311  q_loss: 5.8937  reward_max: 0.9530  reward_mean: -2.2877  reward_min: -6.5380  value_loss: 446213681840128.0000
Step:  1100000  |  score: 7.16 ± 2.82  |  actor_loss: 90.6342  cost_loss: 0.9616  q_loss: 4.7032  reward_max: 1.0557  reward_mean: -2.1642  reward_min: -6.6244  value_loss: 9490331535933440.0000
Step:  1110000  |  score: 5.83 ± 3.02  |  actor_loss: 97.3929  cost_loss: 0.9471  q_loss: 4.3986  reward_max: 0.7871  reward_mean: -2.2453  reward_min: -6.6055  value_loss: 754123079680.0000
Step:  1120000  |  score: 7.21 ± 3.15  |  actor_loss: 101.8129  cost_loss: 0.9900  q_loss: 4.5259  reward_max: 0.8014  reward_mean: -1.9375  reward_min: -6.4989  value_loss: 91489296187392.0000
Step:  1130000  |  score: 6.17 ± 2.88  |  actor_loss: 83.5906  cost_loss: 0.9629  q_loss: 4.7408  reward_max: 0.9604  reward_mean: -2.0972  reward_min: -6.4804  value_loss: 122634620633088.0000
Step:  1140000  |  score: 7.97 ± 4.59  |  actor_loss: 85.4922  cost_loss: 0.9935  q_loss: 4.2778  reward_max: 1.1034  reward_mean: -1.9495  reward_min: -6.5301  value_loss: 206827878170492928.0000
Step:  1150000  |  score: 4.59 ± 1.16  |  actor_loss: 105.6444  cost_loss: 0.9230  q_loss: 5.3727  reward_max: 0.8786  reward_mean: -2.3309  reward_min: -6.5667  value_loss: 274937986154496.0000
Step:  1160000  |  score: 5.21 ± 1.54  |  actor_loss: 103.7714  cost_loss: 0.9549  q_loss: 5.5178  reward_max: 0.8327  reward_mean: -2.2108  reward_min: -6.6193  value_loss: 38216966892158976.0000
Step:  1170000  |  score: 5.44 ± 3.37  |  actor_loss: 94.9184  cost_loss: 0.9316  q_loss: 4.9788  reward_max: 0.9245  reward_mean: -2.4017  reward_min: -6.7377  value_loss: 632307078181945344.0000
Step:  1180000  |  score: 6.29 ± 4.77  |  actor_loss: 82.1287  cost_loss: 0.9655  q_loss: 4.7317  reward_max: 0.9445  reward_mean: -2.1466  reward_min: -6.6003  value_loss: 15607678151688192.0000
Step:  1190000  |  score: 7.01 ± 5.30  |  actor_loss: 95.2754  cost_loss: 0.9422  q_loss: 5.2092  reward_max: 0.8721  reward_mean: -2.2435  reward_min: -6.6349  value_loss: 12832541245440.0000
Step:  1200000  |  score: 6.95 ± 2.64  |  actor_loss: 98.8881  cost_loss: 0.9004  q_loss: 7.1411  reward_max: 1.0065  reward_mean: -2.5006  reward_min: -6.4818  value_loss: 15321305838518272.0000
Step:  1210000  |  score: 7.33 ± 2.79  |  actor_loss: 87.1939  cost_loss: 0.9546  q_loss: 4.4214  reward_max: 0.8692  reward_mean: -2.1595  reward_min: -6.6591  value_loss: 524444497870848.0000
Step:  1220000  |  score: 4.50 ± 2.36  |  actor_loss: 85.8734  cost_loss: 0.9845  q_loss: 5.0792  reward_max: 1.1941  reward_mean: -2.0709  reward_min: -6.5861  value_loss: 79325007720619431690240.0000
Step:  1230000  |  score: 4.59 ± 2.21  |  actor_loss: 73.3996  cost_loss: 0.9335  q_loss: 6.4042  reward_max: 0.7539  reward_mean: -2.3243  reward_min: -6.6812  value_loss: 6622410073702400.0000
Step:  1240000  |  score: 6.90 ± 3.40  |  actor_loss: 104.5924  cost_loss: 0.9779  q_loss: 5.7258  reward_max: 0.9586  reward_mean: -2.0631  reward_min: -6.5686  value_loss: 27368416373374976.0000
Step:  1250000  |  score: 5.65 ± 2.43  |  actor_loss: 97.7676  cost_loss: 0.9481  q_loss: 5.4616  reward_max: 0.8382  reward_mean: -2.2452  reward_min: -6.5357  value_loss: 6373312707952640.0000
Step:  1260000  |  score: 5.04 ± 1.64  |  actor_loss: 108.3081  cost_loss: 0.9428  q_loss: 5.6229  reward_max: 0.9960  reward_mean: -2.2490  reward_min: -6.5162  value_loss: 6433434733903872.0000
Step:  1270000  |  score: 5.08 ± 2.09  |  actor_loss: 95.2037  cost_loss: 0.9980  q_loss: 4.1451  reward_max: 0.8508  reward_mean: -1.9691  reward_min: -6.5103  value_loss: 3461161135636480.0000
Step:  1280000  |  score: 8.12 ± 3.38  |  actor_loss: 98.6955  cost_loss: 0.9707  q_loss: 4.9811  reward_max: 0.8859  reward_mean: -2.1159  reward_min: -6.4456  value_loss: 26504943632384.0000
Step:  1290000  |  score: 2.25 ± 0.00  |  actor_loss: nan  cost_loss: 0.9678  q_loss: nan  reward_max: 0.8572  reward_mean: -2.1492  reward_min: -6.5674  value_loss: nan
Step:  1300000  |  score: 2.25 ± 0.01  |  actor_loss: nan  cost_loss: 0.9397  q_loss: nan  reward_max: 0.8012  reward_mean: -2.3211  reward_min: -6.6212  value_loss: nan
Step:  1310000  |  score: 2.25 ± 0.00  |  actor_loss: nan  cost_loss: 0.9530  q_loss: nan  reward_max: 0.9069  reward_mean: -2.2474  reward_min: -6.6013  value_loss: nan
Step:  1320000  |  score: 2.25 ± 0.01  |  actor_loss: nan  cost_loss: 0.9796  q_loss: nan  reward_max: 0.9175  reward_mean: -2.1787  reward_min: -6.5460  value_loss: nan
Step:  1330000  |  score: 2.25 ± 0.01  |  actor_loss: nan  cost_loss: 0.9891  q_loss: nan  reward_max: 0.7864  reward_mean: -2.0269  reward_min: -6.4934  value_loss: nan
Step:  1340000  |  score: 2.26 ± 0.00  |  actor_loss: nan  cost_loss: 0.9714  q_loss: nan  reward_max: 0.8431  reward_mean: -2.0865  reward_min: -6.5816  value_loss: nan
Step:  1350000  |  score: 2.26 ± 0.01  |  actor_loss: nan  cost_loss: 0.9819  q_loss: nan  reward_max: 1.0472  reward_mean: -2.0575  reward_min: -6.4722  value_loss: nan
Step:  1360000  |  score: 2.26 ± 0.00  |  actor_loss: nan  cost_loss: 0.9595  q_loss: nan  reward_max: 0.9654  reward_mean: -2.1659  reward_min: -6.6082  value_loss: nan
Step:  1370000  |  score: 2.25 ± 0.01  |  actor_loss: nan  cost_loss: 0.9477  q_loss: nan  reward_max: 0.8358  reward_mean: -2.2383  reward_min: -6.4921  value_loss: nan
Step:  1380000  |  score: 2.26 ± 0.01  |  actor_loss: nan  cost_loss: 0.9624  q_loss: nan  reward_max: 0.9483  reward_mean: -2.1522  reward_min: -6.5707  value_loss: nan
Step:  1390000  |  score: 2.26 ± 0.00  |  actor_loss: nan  cost_loss: 1.0041  q_loss: nan  reward_max: 0.8074  reward_mean: -2.1372  reward_min: -6.6535  value_loss: nan
Step:  1400000  |  score: 2.26 ± 0.01  |  actor_loss: nan  cost_loss: 0.9107  q_loss: nan  reward_max: 1.1353  reward_mean: -2.3954  reward_min: -6.6367  value_loss: nan
Step:  1410000  |  score: 2.25 ± 0.00  |  actor_loss: nan  cost_loss: 0.9756  q_loss: nan  reward_max: 0.8802  reward_mean: -2.1143  reward_min: -6.6026  value_loss: nan
Step:  1420000  |  score: 2.25 ± 0.01  |  actor_loss: nan  cost_loss: 0.9979  q_loss: nan  reward_max: 0.8718  reward_mean: -1.9247  reward_min: -6.5253  value_loss: nan
Step:  1430000  |  score: 2.26 ± 0.00  |  actor_loss: nan  cost_loss: 0.9934  q_loss: nan  reward_max: 0.8954  reward_mean: -2.0069  reward_min: -6.5841  value_loss: nan
Step:  1440000  |  score: 2.25 ± 0.01  |  actor_loss: nan  cost_loss: 0.9506  q_loss: nan  reward_max: 0.8404  reward_mean: -2.1887  reward_min: -6.4205  value_loss: nan
Step:  1450000  |  score: 2.25 ± 0.01  |  actor_loss: nan  cost_loss: 0.9862  q_loss: nan  reward_max: 0.8019  reward_mean: -2.0518  reward_min: -6.7039  value_loss: nan
Step:  1460000  |  score: 2.25 ± 0.00  |  actor_loss: nan  cost_loss: 1.0138  q_loss: nan  reward_max: 0.9926  reward_mean: -1.9377  reward_min: -6.5788  value_loss: nan
Step:  1470000  |  score: 2.26 ± 0.01  |  actor_loss: nan  cost_loss: 0.9998  q_loss: nan  reward_max: 0.7594  reward_mean: -2.0050  reward_min: -6.4853  value_loss: nan
Step:  1480000  |  score: 2.25 ± 0.01  |  actor_loss: nan  cost_loss: 1.0212  q_loss: nan  reward_max: 0.8300  reward_mean: -1.8602  reward_min: -6.6226  value_loss: nan
Step:  1490000  |  score: 2.25 ± 0.01  |  actor_loss: nan  cost_loss: 0.9896  q_loss: nan  reward_max: 0.8480  reward_mean: -2.0542  reward_min: -6.6453  value_loss: nan
Step:  1500000  |  score: 2.25 ± 0.00  |  actor_loss: nan  cost_loss: 0.9911  q_loss: nan  reward_max: 0.9153  reward_mean: -1.9836  reward_min: -6.5677  value_loss: nan
Step:  1510000  |  score: 2.26 ± 0.00  |  actor_loss: nan  cost_loss: 1.0115  q_loss: nan  reward_max: 1.0003  reward_mean: -1.9841  reward_min: -6.4928  value_loss: nan
Step:  1520000  |  score: 2.26 ± 0.01  |  actor_loss: nan  cost_loss: 0.9529  q_loss: nan  reward_max: 1.0347  reward_mean: -2.2107  reward_min: -6.5507  value_loss: nan
Step:  1530000  |  score: 2.26 ± 0.01  |  actor_loss: nan  cost_loss: 0.8962  q_loss: nan  reward_max: 0.9186  reward_mean: -2.5573  reward_min: -6.5866  value_loss: nan
Step:  1540000  |  score: 2.26 ± 0.00  |  actor_loss: nan  cost_loss: 0.9535  q_loss: nan  reward_max: 0.8940  reward_mean: -2.2121  reward_min: -6.5811  value_loss: nan
Step:  1550000  |  score: 2.26 ± 0.00  |  actor_loss: nan  cost_loss: 0.9645  q_loss: nan  reward_max: 0.9397  reward_mean: -2.1927  reward_min: -6.6632  value_loss: nan
Step:  1560000  |  score: 2.26 ± 0.01  |  actor_loss: nan  cost_loss: 0.9389  q_loss: nan  reward_max: 1.5202  reward_mean: -2.3131  reward_min: -6.5520  value_loss: nan
Step:  1570000  |  score: 2.25 ± 0.00  |  actor_loss: nan  cost_loss: 0.9966  q_loss: nan  reward_max: 0.9165  reward_mean: -2.0466  reward_min: -6.6205  value_loss: nan
Step:  1580000  |  score: 2.26 ± 0.00  |  actor_loss: nan  cost_loss: 0.9653  q_loss: nan  reward_max: 0.9707  reward_mean: -2.1753  reward_min: -6.7570  value_loss: nan
Step:  1590000  |  score: 2.26 ± 0.00  |  actor_loss: nan  cost_loss: 0.9864  q_loss: nan  reward_max: 0.8676  reward_mean: -2.0076  reward_min: -6.4997  value_loss: nan
Step:  1600000  |  score: 2.25 ± 0.00  |  actor_loss: nan  cost_loss: 0.9426  q_loss: nan  reward_max: 0.8816  reward_mean: -2.2489  reward_min: -6.6432  value_loss: nan
Step:  1610000  |  score: 2.25 ± 0.01  |  actor_loss: nan  cost_loss: 0.9584  q_loss: nan  reward_max: 0.8915  reward_mean: -2.1855  reward_min: -6.6051  value_loss: nan
Step:  1620000  |  score: 2.25 ± 0.00  |  actor_loss: nan  cost_loss: 0.9675  q_loss: nan  reward_max: 0.8889  reward_mean: -2.0848  reward_min: -6.5559  value_loss: nan
Step:  1630000  |  score: 2.26 ± 0.00  |  actor_loss: nan  cost_loss: 0.9764  q_loss: nan  reward_max: 0.9343  reward_mean: -2.1008  reward_min: -6.5558  value_loss: nan
Step:  1640000  |  score: 2.26 ± 0.01  |  actor_loss: nan  cost_loss: 0.9874  q_loss: nan  reward_max: 0.7981  reward_mean: -2.0274  reward_min: -6.5353  value_loss: nan
Step:  1650000  |  score: 2.26 ± 0.00  |  actor_loss: nan  cost_loss: 0.9245  q_loss: nan  reward_max: 0.9180  reward_mean: -2.3160  reward_min: -6.4766  value_loss: nan
Step:  1660000  |  score: 2.26 ± 0.01  |  actor_loss: nan  cost_loss: 0.9736  q_loss: nan  reward_max: 0.9083  reward_mean: -2.1156  reward_min: -6.5743  value_loss: nan
Step:  1670000  |  score: 2.25 ± 0.01  |  actor_loss: nan  cost_loss: 0.9464  q_loss: nan  reward_max: 1.0901  reward_mean: -2.3333  reward_min: -6.6464  value_loss: nan
Step:  1680000  |  score: 2.25 ± 0.00  |  actor_loss: nan  cost_loss: 0.9610  q_loss: nan  reward_max: 0.9375  reward_mean: -2.1238  reward_min: -6.6408  value_loss: nan
Step:  1690000  |  score: 2.25 ± 0.00  |  actor_loss: nan  cost_loss: 0.9300  q_loss: nan  reward_max: 0.8893  reward_mean: -2.3069  reward_min: -6.5363  value_loss: nan
Step:  1700000  |  score: 2.25 ± 0.01  |  actor_loss: nan  cost_loss: 0.9420  q_loss: nan  reward_max: 0.7709  reward_mean: -2.2804  reward_min: -6.5483  value_loss: nan
Step:  1710000  |  score: 2.25 ± 0.01  |  actor_loss: nan  cost_loss: 0.8995  q_loss: nan  reward_max: 0.8582  reward_mean: -2.5511  reward_min: -6.5913  value_loss: nan
Step:  1720000  |  score: 2.26 ± 0.01  |  actor_loss: nan  cost_loss: 0.9692  q_loss: nan  reward_max: 0.9044  reward_mean: -2.0727  reward_min: -6.5880  value_loss: nan
Step:  1730000  |  score: 2.26 ± 0.00  |  actor_loss: nan  cost_loss: 0.9353  q_loss: nan  reward_max: 1.3059  reward_mean: -2.3292  reward_min: -6.6499  value_loss: nan
Step:  1740000  |  score: 2.25 ± 0.01  |  actor_loss: nan  cost_loss: 0.9448  q_loss: nan  reward_max: 0.7834  reward_mean: -2.2652  reward_min: -6.5528  value_loss: nan
Step:  1750000  |  score: 2.26 ± 0.00  |  actor_loss: nan  cost_loss: 0.9780  q_loss: nan  reward_max: 0.9256  reward_mean: -2.0624  reward_min: -6.7081  value_loss: nan
Step:  1760000  |  score: 2.25 ± 0.00  |  actor_loss: nan  cost_loss: 0.9394  q_loss: nan  reward_max: 0.8915  reward_mean: -2.3383  reward_min: -6.5987  value_loss: nan
Step:  1770000  |  score: 2.25 ± 0.00  |  actor_loss: nan  cost_loss: 0.9309  q_loss: nan  reward_max: 0.8170  reward_mean: -2.2829  reward_min: -6.6971  value_loss: nan
Step:  1780000  |  score: 2.25 ± 0.01  |  actor_loss: nan  cost_loss: 0.9784  q_loss: nan  reward_max: 0.9515  reward_mean: -2.0488  reward_min: -6.6152  value_loss: nan
Step:  1790000  |  score: 2.25 ± 0.01  |  actor_loss: nan  cost_loss: 0.9437  q_loss: nan  reward_max: 0.8755  reward_mean: -2.2411  reward_min: -6.4704  value_loss: nan
Step:  1800000  |  score: 2.25 ± 0.01  |  actor_loss: nan  cost_loss: 0.9998  q_loss: nan  reward_max: 0.8537  reward_mean: -2.0327  reward_min: -6.5777  value_loss: nan
Step:  1810000  |  score: 2.25 ± 0.01  |  actor_loss: nan  cost_loss: 1.0045  q_loss: nan  reward_max: 1.0005  reward_mean: -2.0121  reward_min: -6.6439  value_loss: nan
Step:  1820000  |  score: 2.25 ± 0.00  |  actor_loss: nan  cost_loss: 0.9365  q_loss: nan  reward_max: 0.7955  reward_mean: -2.2667  reward_min: -6.5696  value_loss: nan
Step:  1830000  |  score: 2.25 ± 0.00  |  actor_loss: nan  cost_loss: 0.9933  q_loss: nan  reward_max: 0.8386  reward_mean: -2.0373  reward_min: -6.6073  value_loss: nan
Step:  1840000  |  score: 2.26 ± 0.00  |  actor_loss: nan  cost_loss: 0.9897  q_loss: nan  reward_max: 0.8523  reward_mean: -2.0308  reward_min: -6.6462  value_loss: nan
Step:  1850000  |  score: 2.25 ± 0.01  |  actor_loss: nan  cost_loss: 0.9799  q_loss: nan  reward_max: 0.8467  reward_mean: -2.1146  reward_min: -6.5918  value_loss: nan
Step:  1860000  |  score: 2.25 ± 0.01  |  actor_loss: nan  cost_loss: 0.9609  q_loss: nan  reward_max: 0.8983  reward_mean: -2.3110  reward_min: -6.6343  value_loss: nan
Step:  1870000  |  score: 2.25 ± 0.00  |  actor_loss: nan  cost_loss: 1.0181  q_loss: nan  reward_max: 0.9029  reward_mean: -1.8895  reward_min: -6.6926  value_loss: nan
Step:  1880000  |  score: 2.25 ± 0.00  |  actor_loss: nan  cost_loss: 0.9789  q_loss: nan  reward_max: 1.0113  reward_mean: -2.2241  reward_min: -6.6431  value_loss: nan
Step:  1890000  |  score: 2.25 ± 0.01  |  actor_loss: nan  cost_loss: 0.9819  q_loss: nan  reward_max: 0.8603  reward_mean: -2.1134  reward_min: -6.7221  value_loss: nan
Step:  1900000  |  score: 2.25 ± 0.01  |  actor_loss: nan  cost_loss: 0.9520  q_loss: nan  reward_max: 1.4082  reward_mean: -2.2204  reward_min: -6.5581  value_loss: nan
Step:  1910000  |  score: 2.26 ± 0.00  |  actor_loss: nan  cost_loss: 0.9313  q_loss: nan  reward_max: 0.8782  reward_mean: -2.3991  reward_min: -6.4526  value_loss: nan
Step:  1920000  |  score: 2.25 ± 0.01  |  actor_loss: nan  cost_loss: 0.9542  q_loss: nan  reward_max: 0.9137  reward_mean: -2.2357  reward_min: -6.4997  value_loss: nan
Step:  1930000  |  score: 2.25 ± 0.00  |  actor_loss: nan  cost_loss: 0.9989  q_loss: nan  reward_max: 0.8098  reward_mean: -1.9918  reward_min: -6.5712  value_loss: nan
Step:  1940000  |  score: 2.26 ± 0.01  |  actor_loss: nan  cost_loss: 1.0017  q_loss: nan  reward_max: 0.8622  reward_mean: -2.0165  reward_min: -6.5325  value_loss: nan
Step:  1950000  |  score: 2.26 ± 0.00  |  actor_loss: nan  cost_loss: 0.9450  q_loss: nan  reward_max: 0.9902  reward_mean: -2.2393  reward_min: -6.6165  value_loss: nan
Step:  1960000  |  score: 2.26 ± 0.00  |  actor_loss: nan  cost_loss: 0.9694  q_loss: nan  reward_max: 0.9162  reward_mean: -2.1039  reward_min: -6.5803  value_loss: nan
Step:  1970000  |  score: 2.25 ± 0.01  |  actor_loss: nan  cost_loss: 0.9847  q_loss: nan  reward_max: 0.9057  reward_mean: -2.0987  reward_min: -6.4938  value_loss: nan
Step:  1980000  |  score: 2.25 ± 0.00  |  actor_loss: nan  cost_loss: 0.9636  q_loss: nan  reward_max: 0.8491  reward_mean: -2.1606  reward_min: -6.7026  value_loss: nan
Step:  1990000  |  score: 2.25 ± 0.00  |  actor_loss: nan  cost_loss: 0.9625  q_loss: nan  reward_max: 0.8133  reward_mean: -2.1675  reward_min: -6.6724  value_loss: nan
Step:  2000000  |  score: 2.25 ± 0.01  |  actor_loss: nan  cost_loss: 0.9772  q_loss: nan  reward_max: 0.9143  reward_mean: -2.0902  reward_min: -6.5778  value_loss: nan
Final evaluation (13 iterations)...
Final score: 2.26 ± 0.01
wandb: WARNING Symlinked 1 file into the W&B run directory; call wandb.save again to sync new files.
wandb: updating run metadata
wandb: uploading config.yaml; uploading final_returns/bdemodice_halfcheetah-expert-v2_2026-03-19_00-32-48.npz; uploading output.log; uploading wandb-summary.json
wandb: uploading data
wandb: 
wandb: Run history:
wandb:  actor_loss ▁▁▇▇▆▇▅▆▆▆▆▇▇▆▅▇▇▇▆▇▇▇█▆▇▆▆█▇▆▇▇▆▆▇▇▇▇▇▇
wandb:   cost_loss █▆▄█▅▅▄▃▄▅▃▆▃▅▂▆▃▅▄▇▁▄▆▃▂▆▄▄▄▅▇▇▃▇▃▂▃▇▅▂
wandb: num_updates ▁▁▁▁▁▂▂▂▂▂▂▂▂▃▃▃▃▄▄▄▄▅▅▅▅▆▆▆▆▆▇▇▇▇▇▇▇▇██
wandb:      q_loss █▅▄▄▃▂▃▂▂▂▂▂▂▂▃▂▃▃▂▂▂▂▂▂▂▁▂▂▁▂▁▂▁▁▁▁▁▁▂▁
wandb:      return ▃▄▅▄▇▆▅▇▆█▄▃▇▆▄█▆▅▆▄▄▇▆▆▅▁▁▁▁▁▁▁▁▁▁▁▁▁▁▁
wandb:  reward_max ▂▁█▃▂▃▃▁▃▄▃▁▄▂▃▂▃▂▂▃▂▅▃▃▂▂▃▁▂▂▃▁▂▂▂▃▂▁▂▁
wandb: reward_mean ▇█▇█▅▅▄▃▅▄▅▆▆▃▇▃▄▆▅▆▃▄▁▆▃▅▃▆▂▅▄▄▄▅▆█▅▂▄▅
wandb:  reward_min ▃▆▃▅▁▅▅▆▃▅██▂▆▇▅▅▄▆▄▅▄▅█▅▅▃▅▇▅▂▄▃▄▃▅█▇▄▃
wandb:       score ▁▁▂▂▂▅▅▅▄▇▅▅█▄▃▅▅▄▃▄▅▄▆▃▇▁▁▁▁▁▁▁▁▁▁▁▁▁▁▁
wandb:   score_std ▁▂▃▂▅▄█▅█▃▄▄▆▄▃▅▅▆▄▃▃▃▄▅█▄▁▁▁▁▁▁▁▁▁▁▁▁▁▁
wandb:          +1 ...
wandb: 
wandb: Run summary:
wandb:   cost_loss 0.97719
wandb: num_updates 2000000
wandb:      return -0.34592
wandb:  reward_max 0.91434
wandb: reward_mean -2.09017
wandb:  reward_min -6.57777
wandb:       score 2.25396
wandb:   score_std 0.0054
wandb: 
wandb: 🚀 View run bdemodice_halfcheetah_M1_s4 at: https://wandb.ai/wsk208/DemoDICE/runs/sworvmu1
wandb: ⭐️ View project at: https://wandb.ai/wsk208/DemoDICE
wandb: Synced 5 W&B file(s), 0 media file(s), 0 artifact file(s) and 1 other file(s)
wandb: Find logs at: ./wandb/run-20260319_000819-sworvmu1/logs
