Warning: All of online environments libraries in D4RL have been moved ]8;;https://github.com/Farama-Foundation/Gymnasium\Gymnasium]8;;\, ]8;;https://github.com/Farama-Foundation/MiniGrid\MiniGrid]8;;\ and ]8;;https://github.com/Farama-Foundation/Gymnasium-Robotics\Gymnasium-Robotics]8;;\, and all offline datasets in D4RL have been moved to ]8;;https://github.com/Farama-Foundation/Minari\Minari]8;;\.
These new versions include large bug fixes, new versions of Python, and are where all new development will continue. Please upgrade these libraries as soon as you're able to do so.
If you'd like to read more about the story behind this switch, please check out ]8;;https://farama.org/Announcing-Minari\this blog post]8;;\.
Gym has been unmaintained since 2022 and does not support NumPy 2.0 amongst other critical functionality.
Please upgrade to Gymnasium, the maintained drop-in replacement of Gym, or contact the authors of your software and request that they upgrade.
See the migration guide at https://gymnasium.farama.org/introduction/migration_guide/ for additional information.
/opt/venv/lib/python3.10/site-packages/Cython/Distutils/old_build_ext.py:15: DeprecationWarning: dep_util is Deprecated. Use functions from setuptools instead.
  from distutils.dep_util import newer, newer_group
<frozen importlib._bootstrap>:283: DeprecationWarning: the load_module() method is deprecated and slated for removal in Python 3.12; use exec_module() instead
pybullet build time: Jan 29 2025 23:16:28
wandb: [wandb.login()] Loaded credentials for https://api.wandb.ai from /root/.netrc.
wandb: Currently logged in as: wsk208 to https://api.wandb.ai. Use `wandb login --relogin` to force relogin
/opt/venv/lib/python3.10/site-packages/wandb/analytics/sentry.py:268: DeprecationWarning: Read the `app_url` setting from the appropriate Settings object.
  app_url = wandb.util.app_url(tags["base_url"])  # type: ignore[index]
/opt/venv/lib/python3.10/site-packages/wandb/analytics/sentry.py:279: DeprecationWarning: The `Scope.user` setter is deprecated in favor of `Scope.set_user()`.
  self.scope.user = {"email": email}
wandb: setting up run h6b55qku
/opt/venv/lib/python3.10/site-packages/wandb/analytics/sentry.py:268: DeprecationWarning: Read the `app_url` setting from the appropriate Settings object.
  app_url = wandb.util.app_url(tags["base_url"])  # type: ignore[index]
/opt/venv/lib/python3.10/site-packages/wandb/analytics/sentry.py:279: DeprecationWarning: The `Scope.user` setter is deprecated in favor of `Scope.set_user()`.
  self.scope.user = {"email": email}
wandb: Tracking run with wandb version 0.25.1
wandb: Run data is saved locally in /app/wandb/run-20260319_011653-h6b55qku
wandb: Run `wandb offline` to turn off syncing.
wandb: Syncing run bdemodice_halfcheetah_M4_s0
wandb: ⭐️ View project at https://wandb.ai/wsk208/DemoDICE
wandb: 🚀 View run at https://wandb.ai/wsk208/DemoDICE/runs/h6b55qku
/opt/venv/lib/python3.10/site-packages/gym/spaces/box.py:84: UserWarning: [33mWARN: Box bound precision lowered by casting to float32[0m
  logger.warn(f"Box bound precision lowered by casting to {self.dtype}")
load datafile:   0%|          | 0/21 [00:00<?, ?it/s]load datafile:   5%|▍         | 1/21 [00:00<00:03,  5.85it/s]load datafile:  14%|█▍        | 3/21 [00:00<00:03,  5.22it/s]load datafile:  19%|█▉        | 4/21 [00:00<00:04,  3.96it/s]load datafile:  81%|████████  | 17/21 [00:01<00:00, 15.44it/s]load datafile:  90%|█████████ | 19/21 [00:01<00:00, 10.73it/s]load datafile: 100%|██████████| 21/21 [00:01<00:00, 11.11it/s]
Expert  :  999000 transitions  (halfcheetah-expert-v2, 100 traj)
load datafile:   0%|          | 0/9 [00:00<?, ?it/s]load datafile:  11%|█         | 1/9 [00:00<00:01,  6.17it/s]load datafile:  33%|███▎      | 3/9 [00:00<00:01,  5.54it/s]load datafile:  44%|████▍     | 4/9 [00:00<00:01,  4.11it/s]load datafile:  56%|█████▌    | 5/9 [00:01<00:01,  3.18it/s]load datafile:  67%|██████▋   | 6/9 [00:01<00:01,  2.78it/s]load datafile: 100%|██████████| 9/9 [00:01<00:00,  4.89it/s]
Imperfect:  999000 transitions  (halfcheetah-random-v2, 1600 traj)
Union   : 1998000 transitions total
/root/.local/share/uv/python/cpython-3.10-linux-x86_64-gnu/lib/python3.10/multiprocessing/popen_fork.py:66: RuntimeWarning: os.fork() was called. os.fork() is incompatible with multithreaded code, and JAX is multithreaded, so this will likely lead to a deadlock.
  self.pid = os.fork()
/opt/venv/lib/python3.10/site-packages/tensorflow_probability/python/internal/backend/jax/ops.py:681: DeprecationWarning: jax.interpreters.xla.pytype_aval_mappings is deprecated.
  jax.interpreters.xla.pytype_aval_mappings[onp.ndarray])
/opt/venv/lib/python3.10/site-packages/gym/spaces/box.py:84: UserWarning: [33mWARN: Box bound precision lowered by casting to float32[0m
  logger.warn(f"Box bound precision lowered by casting to {self.dtype}")
Step:    10000  |  score: 2.23 ± 0.00  |  actor_loss: 3.6980  cost_loss: 0.9811  q_loss: 4.0926  reward_max: 1.0528  reward_mean: -1.7437  reward_min: -6.3403  value_loss: -6.9916
Step:    20000  |  score: 2.21 ± 0.00  |  actor_loss: 2.2525  cost_loss: 1.0005  q_loss: 2.9008  reward_max: 1.0316  reward_mean: -1.7542  reward_min: -6.2705  value_loss: 5.9742
Step:    30000  |  score: 2.99 ± 1.34  |  actor_loss: 1.7157  cost_loss: 0.9743  q_loss: 2.9774  reward_max: 1.0624  reward_mean: -1.8996  reward_min: -6.6453  value_loss: 16.5830
Step:    40000  |  score: 6.33 ± 2.56  |  actor_loss: 0.9842  cost_loss: 0.9772  q_loss: 2.5314  reward_max: 0.9604  reward_mean: -1.8900  reward_min: -6.5431  value_loss: 47.9711
Step:    50000  |  score: 2.16 ± 0.02  |  actor_loss: 118.7913  cost_loss: 1.0034  q_loss: 22.8448  reward_max: 1.0924  reward_mean: -1.7991  reward_min: -6.5168  value_loss: 53658744415846400.0000
Step:    60000  |  score: 2.14 ± 0.01  |  actor_loss: 114.5602  cost_loss: 0.9653  q_loss: 20.7335  reward_max: 1.0688  reward_mean: -1.9839  reward_min: -6.6843  value_loss: 11849118515200.0000
Step:    70000  |  score: 2.11 ± 0.02  |  actor_loss: 121.6745  cost_loss: 0.9507  q_loss: 20.6481  reward_max: 2.0970  reward_mean: -2.1311  reward_min: -6.5107  value_loss: 48421358215888896.0000
Step:    80000  |  score: 2.10 ± 0.01  |  actor_loss: 103.6484  cost_loss: 0.9617  q_loss: 18.4985  reward_max: 1.0025  reward_mean: -1.9726  reward_min: -6.5142  value_loss: 17633057439744.0000
Step:    90000  |  score: 2.65 ± 0.92  |  actor_loss: 114.6509  cost_loss: 0.9429  q_loss: 15.8418  reward_max: 1.1296  reward_mean: -2.0643  reward_min: -6.5624  value_loss: 17186170485138784256.0000
Step:   100000  |  score: 2.28 ± 0.45  |  actor_loss: 98.4040  cost_loss: 0.9712  q_loss: 13.9433  reward_max: 0.9344  reward_mean: -1.9912  reward_min: -6.7126  value_loss: 5065644965888.0000
Step:   110000  |  score: 3.48 ± 2.05  |  actor_loss: 99.9059  cost_loss: 0.9608  q_loss: 15.1614  reward_max: 0.8225  reward_mean: -2.0948  reward_min: -6.7792  value_loss: 316077011632128.0000
Step:   120000  |  score: 3.23 ± 1.00  |  actor_loss: 129.1484  cost_loss: 0.9488  q_loss: 14.2757  reward_max: 1.1334  reward_mean: -2.2122  reward_min: -6.7787  value_loss: 7306238123573248.0000
Step:   130000  |  score: 3.60 ± 1.06  |  actor_loss: 91.0970  cost_loss: 0.9951  q_loss: 12.2441  reward_max: 0.9638  reward_mean: -1.9413  reward_min: -6.6488  value_loss: 6906900381696.0000
Step:   140000  |  score: 3.82 ± 1.81  |  actor_loss: 119.8345  cost_loss: 0.9529  q_loss: 14.7220  reward_max: 0.8742  reward_mean: -2.1462  reward_min: -6.6149  value_loss: 3131713390355872219136.0000
Step:   150000  |  score: 4.25 ± 1.28  |  actor_loss: 90.7720  cost_loss: 1.0002  q_loss: 11.2162  reward_max: 1.0672  reward_mean: -1.9599  reward_min: -6.6125  value_loss: 37863641088.0000
Step:   160000  |  score: 3.63 ± 0.69  |  actor_loss: 113.6811  cost_loss: 0.9973  q_loss: 10.9119  reward_max: 1.0267  reward_mean: -1.9441  reward_min: -6.6715  value_loss: 60601769503227904.0000
Step:   170000  |  score: 4.40 ± 0.87  |  actor_loss: 100.4391  cost_loss: 1.0005  q_loss: 12.3308  reward_max: 0.9040  reward_mean: -1.9401  reward_min: -6.5652  value_loss: 74299223369056256.0000
Step:   180000  |  score: 4.58 ± 1.09  |  actor_loss: 104.8692  cost_loss: 0.9688  q_loss: 10.4352  reward_max: 0.8963  reward_mean: -2.0464  reward_min: -6.6134  value_loss: 560678156239896576.0000
Step:   190000  |  score: 4.50 ± 0.91  |  actor_loss: 105.8059  cost_loss: 0.9344  q_loss: 10.9922  reward_max: 0.8942  reward_mean: -2.2105  reward_min: -6.6672  value_loss: 285748083516472557568.0000
Step:   200000  |  score: 4.01 ± 1.02  |  actor_loss: 97.5952  cost_loss: 0.9668  q_loss: 11.6373  reward_max: 0.9703  reward_mean: -1.9766  reward_min: -6.4986  value_loss: 12751743221760.0000
Step:   210000  |  score: 3.10 ± 0.93  |  actor_loss: 108.2545  cost_loss: 0.9695  q_loss: 12.7658  reward_max: 0.8724  reward_mean: -2.0821  reward_min: -6.6245  value_loss: 23028004028416.0000
Step:   220000  |  score: 4.28 ± 1.58  |  actor_loss: 126.6923  cost_loss: 0.9195  q_loss: 10.6856  reward_max: 0.9890  reward_mean: -2.2112  reward_min: -6.5225  value_loss: 5767111360118784.0000
Step:   230000  |  score: 4.83 ± 1.13  |  actor_loss: 89.2023  cost_loss: 0.9640  q_loss: 9.4980  reward_max: 0.9308  reward_mean: -2.1225  reward_min: -6.6604  value_loss: 112061530112.0000
Step:   240000  |  score: 5.77 ± 2.11  |  actor_loss: 109.5514  cost_loss: 0.9475  q_loss: 10.2958  reward_max: 1.0958  reward_mean: -2.1222  reward_min: -6.6581  value_loss: 701569284702208.0000
Step:   250000  |  score: 4.22 ± 1.17  |  actor_loss: 106.7384  cost_loss: 0.9534  q_loss: 11.3366  reward_max: 0.9995  reward_mean: -2.1405  reward_min: -6.6315  value_loss: 16179569153277952.0000
Step:   260000  |  score: 3.66 ± 0.96  |  actor_loss: 84.6803  cost_loss: 0.9768  q_loss: 8.2307  reward_max: 1.0667  reward_mean: -2.1172  reward_min: -6.5917  value_loss: 27057378071614062592.0000
Step:   270000  |  score: 3.89 ± 0.83  |  actor_loss: 94.7010  cost_loss: 1.0301  q_loss: 9.9627  reward_max: 0.9455  reward_mean: -1.8092  reward_min: -6.5970  value_loss: 412149490909184.0000
Step:   280000  |  score: 3.89 ± 2.03  |  actor_loss: 104.0643  cost_loss: 0.9476  q_loss: 10.2152  reward_max: 0.8095  reward_mean: -2.1795  reward_min: -6.5076  value_loss: 12925361192960.0000
Step:   290000  |  score: 4.73 ± 1.77  |  actor_loss: 104.0573  cost_loss: 0.9458  q_loss: 10.7592  reward_max: 1.0842  reward_mean: -2.1565  reward_min: -6.5399  value_loss: 40223761235968.0000
Step:   300000  |  score: 3.69 ± 1.19  |  actor_loss: 99.1499  cost_loss: 0.9495  q_loss: 8.9176  reward_max: 0.9984  reward_mean: -2.1428  reward_min: -6.7216  value_loss: 5734069687084384256.0000
Step:   310000  |  score: 3.80 ± 1.82  |  actor_loss: 93.4113  cost_loss: 0.9654  q_loss: 11.0113  reward_max: 0.7689  reward_mean: -2.1928  reward_min: -6.4781  value_loss: 6380551875330048.0000
Step:   320000  |  score: 3.37 ± 1.39  |  actor_loss: 113.0656  cost_loss: 0.9838  q_loss: 10.2106  reward_max: 0.8700  reward_mean: -2.0747  reward_min: -6.4153  value_loss: 6676350500864.0000
Step:   330000  |  score: 2.84 ± 1.23  |  actor_loss: 107.7839  cost_loss: 0.9577  q_loss: 9.1596  reward_max: 0.8550  reward_mean: -2.1239  reward_min: -6.6370  value_loss: 385984759521607680.0000
Step:   340000  |  score: 3.02 ± 1.25  |  actor_loss: 94.0250  cost_loss: 0.9989  q_loss: 8.6088  reward_max: 1.0030  reward_mean: -1.9754  reward_min: -6.6136  value_loss: 30765744094445568.0000
Step:   350000  |  score: 3.75 ± 1.49  |  actor_loss: 107.0534  cost_loss: 1.0031  q_loss: 7.4851  reward_max: 1.4128  reward_mean: -1.9288  reward_min: -6.6237  value_loss: 97494580798160896.0000
Step:   360000  |  score: 4.05 ± 1.67  |  actor_loss: 110.2551  cost_loss: 0.9688  q_loss: 7.7749  reward_max: 0.9117  reward_mean: -2.1322  reward_min: -6.6879  value_loss: 128985959617265664.0000
Step:   370000  |  score: 4.29 ± 1.05  |  actor_loss: 106.0192  cost_loss: 0.9306  q_loss: 9.4102  reward_max: 0.9627  reward_mean: -2.4006  reward_min: -6.6440  value_loss: 407035545427977961472.0000
Step:   380000  |  score: 2.74 ± 1.23  |  actor_loss: 105.3606  cost_loss: 0.9337  q_loss: 9.2879  reward_max: 0.8402  reward_mean: -2.2932  reward_min: -6.6045  value_loss: 36006192606085120.0000
Step:   390000  |  score: 5.46 ± 1.05  |  actor_loss: 116.2338  cost_loss: 0.9326  q_loss: 8.4994  reward_max: 0.9721  reward_mean: -2.2969  reward_min: -6.5298  value_loss: 188267743936512000.0000
Step:   400000  |  score: 4.39 ± 1.88  |  actor_loss: 95.3977  cost_loss: 0.9784  q_loss: 8.5412  reward_max: 0.9432  reward_mean: -2.1089  reward_min: -6.5393  value_loss: 5591095836672.0000
Step:   410000  |  score: 4.01 ± 1.32  |  actor_loss: 96.6953  cost_loss: 0.9436  q_loss: 8.6818  reward_max: 1.0580  reward_mean: -2.2174  reward_min: -6.7117  value_loss: 837120874388652032.0000
Step:   420000  |  score: 4.25 ± 1.27  |  actor_loss: 104.3010  cost_loss: 0.9654  q_loss: 7.8805  reward_max: 0.8528  reward_mean: -2.1283  reward_min: -6.6234  value_loss: 129722366119903232.0000
Step:   430000  |  score: 4.31 ± 1.51  |  actor_loss: 98.9330  cost_loss: 0.9705  q_loss: 7.7470  reward_max: 0.9010  reward_mean: -2.0923  reward_min: -6.7147  value_loss: 1695336737275904.0000
Step:   440000  |  score: 2.97 ± 1.25  |  actor_loss: 89.7614  cost_loss: 0.9595  q_loss: 8.3731  reward_max: 0.8429  reward_mean: -2.2273  reward_min: -6.5011  value_loss: 158498071477485568.0000
Step:   450000  |  score: 3.54 ± 1.18  |  actor_loss: 101.3221  cost_loss: 0.9504  q_loss: 7.3692  reward_max: 1.1697  reward_mean: -2.2114  reward_min: -6.2913  value_loss: 8103625108750336.0000
Step:   460000  |  score: 4.18 ± 1.85  |  actor_loss: 90.0626  cost_loss: 0.9822  q_loss: 8.4533  reward_max: 0.9451  reward_mean: -2.0620  reward_min: -6.5876  value_loss: 14563774251987915243520.0000
Step:   470000  |  score: 2.39 ± 0.91  |  actor_loss: 97.1160  cost_loss: 0.9647  q_loss: 6.9270  reward_max: 0.8168  reward_mean: -2.0735  reward_min: -6.5615  value_loss: 43990011346944.0000
Step:   480000  |  score: 4.69 ± 3.68  |  actor_loss: 104.0527  cost_loss: 0.9569  q_loss: 6.9034  reward_max: 0.8639  reward_mean: -2.1648  reward_min: -6.5905  value_loss: 5763510566912.0000
Step:   490000  |  score: 3.99 ± 2.76  |  actor_loss: 95.9442  cost_loss: 0.9670  q_loss: 8.1559  reward_max: 1.0969  reward_mean: -2.1015  reward_min: -6.6155  value_loss: 3021445605097472.0000
Step:   500000  |  score: 3.11 ± 1.02  |  actor_loss: 91.1349  cost_loss: 0.9757  q_loss: 7.6705  reward_max: 0.8852  reward_mean: -2.0448  reward_min: -6.5371  value_loss: 33159240995259285504.0000
Step:   510000  |  score: 3.36 ± 1.16  |  actor_loss: 112.0784  cost_loss: 0.9661  q_loss: 9.2033  reward_max: 1.0169  reward_mean: -2.0955  reward_min: -6.4233  value_loss: 30226872071283015680.0000
Step:   520000  |  score: 4.19 ± 1.36  |  actor_loss: 100.9406  cost_loss: 0.9531  q_loss: 8.4447  reward_max: 0.9200  reward_mean: -2.2125  reward_min: -6.5573  value_loss: 3435398692864.0000
Step:   530000  |  score: 4.19 ± 2.33  |  actor_loss: 92.3158  cost_loss: 0.9424  q_loss: 7.6216  reward_max: 1.0358  reward_mean: -2.2327  reward_min: -6.6167  value_loss: 2645659589017600.0000
Step:   540000  |  score: 3.18 ± 1.08  |  actor_loss: 88.4740  cost_loss: 0.9735  q_loss: 7.5825  reward_max: 0.9868  reward_mean: -2.0570  reward_min: -6.5915  value_loss: 1575005041197056.0000
Step:   550000  |  score: 4.48 ± 1.37  |  actor_loss: 107.2540  cost_loss: 0.9903  q_loss: 7.5048  reward_max: 1.0378  reward_mean: -1.9305  reward_min: -6.6405  value_loss: 76593766697271296.0000
Step:   560000  |  score: 4.32 ± 1.84  |  actor_loss: 98.0102  cost_loss: 0.9653  q_loss: 7.9860  reward_max: 0.7989  reward_mean: -2.1068  reward_min: -6.6700  value_loss: 2073345801584640.0000
Step:   570000  |  score: 3.11 ± 0.77  |  actor_loss: 104.7233  cost_loss: 0.9522  q_loss: 7.4218  reward_max: 0.7845  reward_mean: -2.1516  reward_min: -6.6167  value_loss: 83565123469312.0000
Step:   580000  |  score: 3.61 ± 1.91  |  actor_loss: 103.2285  cost_loss: 0.9771  q_loss: 7.4528  reward_max: 1.1642  reward_mean: -2.0390  reward_min: -6.6560  value_loss: 241065391030272.0000
Step:   590000  |  score: 2.79 ± 1.16  |  actor_loss: 93.2846  cost_loss: 1.0418  q_loss: 7.0837  reward_max: 0.8641  reward_mean: -1.8080  reward_min: -6.5241  value_loss: 137017476251648.0000
Step:   600000  |  score: 4.29 ± 3.24  |  actor_loss: 99.3809  cost_loss: 0.9457  q_loss: 7.4481  reward_max: 0.9609  reward_mean: -2.2343  reward_min: -6.5650  value_loss: 1477803623055360.0000
Step:   610000  |  score: 5.47 ± 3.23  |  actor_loss: 106.5204  cost_loss: 0.9286  q_loss: 8.6183  reward_max: 1.6612  reward_mean: -2.3346  reward_min: -6.5564  value_loss: 786775542622846976.0000
Step:   620000  |  score: 2.90 ± 1.48  |  actor_loss: 122.0324  cost_loss: 0.9106  q_loss: 6.6545  reward_max: 1.0528  reward_mean: -2.3585  reward_min: -6.4799  value_loss: 210912217461044879032320.0000
Step:   630000  |  score: 3.36 ± 0.76  |  actor_loss: 103.2843  cost_loss: 0.9767  q_loss: 6.5926  reward_max: 0.8962  reward_mean: -2.1772  reward_min: -6.6233  value_loss: 2299166637170884608.0000
Step:   640000  |  score: 3.47 ± 1.94  |  actor_loss: 97.4014  cost_loss: 0.9868  q_loss: 6.6040  reward_max: 1.0031  reward_mean: -2.0137  reward_min: -6.6493  value_loss: 333930889765453824.0000
Step:   650000  |  score: 4.73 ± 1.31  |  actor_loss: 98.8681  cost_loss: 0.9352  q_loss: 6.3558  reward_max: 0.8910  reward_mean: -2.2290  reward_min: -6.7605  value_loss: 144455436861440.0000
Step:   660000  |  score: 3.79 ± 2.16  |  actor_loss: 95.8804  cost_loss: 0.9754  q_loss: 6.4837  reward_max: 0.9886  reward_mean: -2.0639  reward_min: -6.5196  value_loss: 26499531488218933362688.0000
Step:   670000  |  score: 4.19 ± 1.65  |  actor_loss: 118.4122  cost_loss: 0.9583  q_loss: 6.7090  reward_max: 0.8938  reward_mean: -2.1343  reward_min: -6.6111  value_loss: 257921819162577993728.0000
Step:   680000  |  score: 4.10 ± 1.93  |  actor_loss: 106.8150  cost_loss: 0.8941  q_loss: 7.2442  reward_max: 0.7543  reward_mean: -2.4568  reward_min: -6.7493  value_loss: 18971394834432.0000
Step:   690000  |  score: 3.27 ± 0.49  |  actor_loss: 104.7175  cost_loss: 0.9600  q_loss: 7.1803  reward_max: 0.8151  reward_mean: -2.2740  reward_min: -6.5552  value_loss: 987419960672256.0000
Step:   700000  |  score: 4.21 ± 1.90  |  actor_loss: 86.7507  cost_loss: 0.9894  q_loss: 7.3858  reward_max: 0.9416  reward_mean: -1.9789  reward_min: -6.5874  value_loss: 103856420291256254464.0000
Step:   710000  |  score: 5.05 ± 1.88  |  actor_loss: 101.4232  cost_loss: 0.9572  q_loss: 11.3519  reward_max: 0.8974  reward_mean: -2.2370  reward_min: -6.4296  value_loss: 11650527213387776.0000
Step:   720000  |  score: 4.59 ± 1.82  |  actor_loss: 107.9723  cost_loss: 0.9801  q_loss: 7.1907  reward_max: 0.9303  reward_mean: -2.0570  reward_min: -6.5599  value_loss: 9901651963936768.0000
Step:   730000  |  score: 2.98 ± 0.66  |  actor_loss: 106.9222  cost_loss: 0.9501  q_loss: 7.2373  reward_max: 0.8882  reward_mean: -2.2195  reward_min: -6.4850  value_loss: 2712731945795584.0000
Step:   740000  |  score: 3.79 ± 1.35  |  actor_loss: 108.2575  cost_loss: 0.9435  q_loss: 7.7603  reward_max: 0.8505  reward_mean: -2.2393  reward_min: -6.5753  value_loss: 5937209957874139136.0000
Step:   750000  |  score: 4.36 ± 2.61  |  actor_loss: 100.5000  cost_loss: 0.9472  q_loss: 6.8951  reward_max: 0.8942  reward_mean: -2.2345  reward_min: -6.5897  value_loss: 1861515739136.0000
Step:   760000  |  score: 2.63 ± 1.17  |  actor_loss: 115.7779  cost_loss: 0.9769  q_loss: 6.4719  reward_max: 0.9491  reward_mean: -2.1130  reward_min: -6.5331  value_loss: 285800754521489539072.0000
Step:   770000  |  score: 4.36 ± 2.48  |  actor_loss: 134.8933  cost_loss: 0.9262  q_loss: 6.0368  reward_max: 0.8794  reward_mean: -2.3776  reward_min: -6.4205  value_loss: 3815688528184999936.0000
Step:   780000  |  score: 2.85 ± 0.73  |  actor_loss: 111.7164  cost_loss: 0.9032  q_loss: 6.1475  reward_max: 0.8508  reward_mean: -2.4227  reward_min: -6.7416  value_loss: 6585637637455872.0000
Step:   790000  |  score: 5.07 ± 1.43  |  actor_loss: 101.2736  cost_loss: 0.9688  q_loss: 8.0041  reward_max: 1.0191  reward_mean: -2.1626  reward_min: -6.6339  value_loss: 22608585439576064.0000
Step:   800000  |  score: 4.56 ± 2.38  |  actor_loss: 106.3225  cost_loss: 0.9481  q_loss: 6.3665  reward_max: 1.2807  reward_mean: -2.3033  reward_min: -6.6443  value_loss: 7836669268983808.0000
Step:   810000  |  score: 3.80 ± 1.47  |  actor_loss: 102.4498  cost_loss: 0.9609  q_loss: 6.2144  reward_max: 0.9054  reward_mean: -2.1232  reward_min: -6.6064  value_loss: 15310283378187873187528704.0000
Step:   820000  |  score: 3.10 ± 0.98  |  actor_loss: 89.5214  cost_loss: 0.9451  q_loss: 7.9221  reward_max: 0.7499  reward_mean: -2.2702  reward_min: -6.6250  value_loss: 47525939642368.0000
Step:   830000  |  score: 3.25 ± 1.77  |  actor_loss: 103.1259  cost_loss: 0.9722  q_loss: 6.6525  reward_max: 1.0871  reward_mean: -2.1034  reward_min: -6.4708  value_loss: 339592446935564288.0000
Step:   840000  |  score: 4.83 ± 1.34  |  actor_loss: 99.0306  cost_loss: 0.9128  q_loss: 7.2434  reward_max: 0.9364  reward_mean: -2.3611  reward_min: -6.6003  value_loss: 2667556942905344.0000
Step:   850000  |  score: 3.33 ± 1.20  |  actor_loss: 107.4369  cost_loss: 0.9480  q_loss: 6.1618  reward_max: 1.0203  reward_mean: -2.2476  reward_min: -6.4147  value_loss: 4805708163842048.0000
Step:   860000  |  score: 3.81 ± 1.61  |  actor_loss: 106.8568  cost_loss: 0.9498  q_loss: 6.8842  reward_max: 0.8475  reward_mean: -2.1999  reward_min: -6.6490  value_loss: 65657461406695424.0000
Step:   870000  |  score: 4.39 ± 1.38  |  actor_loss: 115.7451  cost_loss: 0.9360  q_loss: 7.1849  reward_max: 0.9118  reward_mean: -2.2664  reward_min: -6.5165  value_loss: 11372865829604861935616.0000
Step:   880000  |  score: 4.47 ± 1.34  |  actor_loss: 102.8121  cost_loss: 0.9488  q_loss: 7.0401  reward_max: 1.2097  reward_mean: -2.2584  reward_min: -6.5476  value_loss: 13016121728827392.0000
Step:   890000  |  score: 3.53 ± 1.31  |  actor_loss: 95.5115  cost_loss: 0.9642  q_loss: 6.4066  reward_max: 0.7851  reward_mean: -2.1635  reward_min: -6.5716  value_loss: 9863875579084800.0000
Step:   900000  |  score: 3.80 ± 1.20  |  actor_loss: 93.1682  cost_loss: 0.9643  q_loss: 5.8203  reward_max: 1.0101  reward_mean: -2.1260  reward_min: -6.3908  value_loss: 31481736986624.0000
Step:   910000  |  score: 2.90 ± 1.33  |  actor_loss: 90.6094  cost_loss: 0.9520  q_loss: 6.5667  reward_max: 0.9064  reward_mean: -2.1858  reward_min: -6.5327  value_loss: 12122168754176.0000
Step:   920000  |  score: 3.31 ± 0.98  |  actor_loss: 102.3202  cost_loss: 0.9155  q_loss: 6.9468  reward_max: 0.8314  reward_mean: -2.4758  reward_min: -6.5996  value_loss: 1082964393852928.0000
Step:   930000  |  score: 4.96 ± 1.51  |  actor_loss: 91.8769  cost_loss: 0.9491  q_loss: 6.8862  reward_max: 1.1612  reward_mean: -2.2006  reward_min: -6.5006  value_loss: 19109324521472.0000
Step:   940000  |  score: 4.12 ± 1.93  |  actor_loss: 90.0383  cost_loss: 0.9816  q_loss: 6.7169  reward_max: 0.9492  reward_mean: -2.0218  reward_min: -6.4810  value_loss: 42212041687040.0000
Step:   950000  |  score: 4.30 ± 2.21  |  actor_loss: 106.3112  cost_loss: 0.9246  q_loss: 6.3381  reward_max: 1.0263  reward_mean: -2.4251  reward_min: -6.5243  value_loss: 23776576111818833920.0000
Step:   960000  |  score: 3.77 ± 2.19  |  actor_loss: 95.1130  cost_loss: 0.9724  q_loss: 5.9625  reward_max: 0.9654  reward_mean: -2.0714  reward_min: -6.5936  value_loss: 20132775164116992.0000
Step:   970000  |  score: 5.07 ± 2.97  |  actor_loss: 90.5259  cost_loss: 0.9514  q_loss: 6.1447  reward_max: 0.9685  reward_mean: -2.2134  reward_min: -6.5541  value_loss: 11513623971186606080.0000
Step:   980000  |  score: 4.84 ± 3.23  |  actor_loss: 128.4390  cost_loss: 0.9294  q_loss: 5.1192  reward_max: 0.8387  reward_mean: -2.3445  reward_min: -6.7335  value_loss: 46547622428672.0000
Step:   990000  |  score: 3.04 ± 1.56  |  actor_loss: 106.8851  cost_loss: 1.0012  q_loss: 5.8149  reward_max: 0.7639  reward_mean: -1.9651  reward_min: -6.6907  value_loss: 4286496899072.0000
Step:  1000000  |  score: 5.55 ± 3.63  |  actor_loss: 101.2677  cost_loss: 1.0297  q_loss: 5.9787  reward_max: 0.8346  reward_mean: -1.9600  reward_min: -6.4929  value_loss: 18528207594586112.0000
Step:  1010000  |  score: 3.29 ± 1.24  |  actor_loss: 97.2622  cost_loss: 0.9646  q_loss: 5.8000  reward_max: 1.5222  reward_mean: -2.1157  reward_min: -6.4619  value_loss: 28652388256579584.0000
Step:  1020000  |  score: 4.39 ± 1.46  |  actor_loss: 89.5786  cost_loss: 0.9367  q_loss: 7.6749  reward_max: 1.2828  reward_mean: -2.2376  reward_min: -6.5001  value_loss: 2647614554112.0000
Step:  1030000  |  score: 3.85 ± 1.60  |  actor_loss: 104.4007  cost_loss: 0.9498  q_loss: 6.5430  reward_max: 1.1130  reward_mean: -2.2316  reward_min: -6.6860  value_loss: 39531185756128149504.0000
Step:  1040000  |  score: 3.62 ± 1.46  |  actor_loss: 102.1695  cost_loss: 0.9413  q_loss: 5.6473  reward_max: 0.8273  reward_mean: -2.2913  reward_min: -6.7007  value_loss: 1551684710957056.0000
Step:  1050000  |  score: 3.39 ± 0.82  |  actor_loss: 91.9046  cost_loss: 0.9837  q_loss: 5.9930  reward_max: 0.8559  reward_mean: -2.1574  reward_min: -6.6012  value_loss: 202723426304.0000
Step:  1060000  |  score: 3.87 ± 1.55  |  actor_loss: 98.1648  cost_loss: 0.9657  q_loss: 7.6872  reward_max: 0.8906  reward_mean: -2.1584  reward_min: -6.5933  value_loss: 145083223506944.0000
Step:  1070000  |  score: 4.97 ± 1.70  |  actor_loss: 87.9036  cost_loss: 1.0109  q_loss: 7.1805  reward_max: 0.9765  reward_mean: -1.9217  reward_min: -6.6759  value_loss: 441887457280.0000
Step:  1080000  |  score: 4.10 ± 1.43  |  actor_loss: 89.2332  cost_loss: 0.9497  q_loss: 6.9132  reward_max: 1.0381  reward_mean: -2.1803  reward_min: -6.6522  value_loss: 96627598699790336.0000
Step:  1090000  |  score: 3.67 ± 1.09  |  actor_loss: 109.9483  cost_loss: 0.9328  q_loss: 7.1992  reward_max: 0.7912  reward_mean: -2.2811  reward_min: -6.5992  value_loss: 15678428881667227648.0000
Step:  1100000  |  score: 4.45 ± 1.72  |  actor_loss: 111.4589  cost_loss: 0.9259  q_loss: 6.1706  reward_max: 0.8434  reward_mean: -2.3033  reward_min: -6.6677  value_loss: 11769939115376640.0000
Step:  1110000  |  score: 3.58 ± 0.90  |  actor_loss: 100.8072  cost_loss: 0.9010  q_loss: 6.8806  reward_max: 0.8596  reward_mean: -2.4648  reward_min: -6.6200  value_loss: 2403623952661348352.0000
Step:  1120000  |  score: 3.87 ± 0.88  |  actor_loss: 101.5784  cost_loss: 0.9519  q_loss: 5.6908  reward_max: 0.7822  reward_mean: -2.2783  reward_min: -6.4525  value_loss: 1793079858167808.0000
Step:  1130000  |  score: 3.45 ± 1.41  |  actor_loss: 100.3949  cost_loss: 0.9893  q_loss: 4.8599  reward_max: 0.7892  reward_mean: -2.0050  reward_min: -6.5217  value_loss: 13082826865901568.0000
Step:  1140000  |  score: 3.58 ± 0.96  |  actor_loss: 111.0698  cost_loss: 0.9513  q_loss: 6.0700  reward_max: 1.0244  reward_mean: -2.2153  reward_min: -6.4499  value_loss: 1497474179173430853632.0000
Step:  1150000  |  score: 3.51 ± 1.20  |  actor_loss: 81.1208  cost_loss: 0.9957  q_loss: 5.3797  reward_max: 0.8961  reward_mean: -1.9674  reward_min: -6.6435  value_loss: 29956271264571064320.0000
Step:  1160000  |  score: 3.03 ± 0.89  |  actor_loss: 103.3813  cost_loss: 0.9649  q_loss: 6.8775  reward_max: 0.9250  reward_mean: -2.1504  reward_min: -6.6268  value_loss: 62026898472960.0000
Step:  1170000  |  score: 4.33 ± 1.13  |  actor_loss: 108.7794  cost_loss: 0.8938  q_loss: 9.2395  reward_max: 0.9045  reward_mean: -2.5864  reward_min: -6.6267  value_loss: 64028109963264.0000
Step:  1180000  |  score: 3.20 ± 1.09  |  actor_loss: 116.3752  cost_loss: 0.9627  q_loss: 5.9471  reward_max: 1.0046  reward_mean: -2.2381  reward_min: -6.5981  value_loss: 40239960913084416.0000
Step:  1190000  |  score: 4.03 ± 2.05  |  actor_loss: 106.5155  cost_loss: 0.9703  q_loss: 5.0745  reward_max: 1.0750  reward_mean: -2.1593  reward_min: -6.5548  value_loss: 105197170851840.0000
Step:  1200000  |  score: 4.06 ± 2.43  |  actor_loss: 98.0151  cost_loss: 0.9732  q_loss: 6.3083  reward_max: 0.8606  reward_mean: -2.1409  reward_min: -6.5228  value_loss: 295002781515776.0000
Step:  1210000  |  score: 3.42 ± 1.61  |  actor_loss: 83.9357  cost_loss: 0.9580  q_loss: 6.1312  reward_max: 0.7682  reward_mean: -2.2155  reward_min: -6.5938  value_loss: 2796543400738816.0000
Step:  1220000  |  score: 4.19 ± 1.52  |  actor_loss: 103.0171  cost_loss: 0.9714  q_loss: 6.0074  reward_max: 0.8967  reward_mean: -2.0665  reward_min: -6.5028  value_loss: 85925870698496.0000
Step:  1230000  |  score: 3.77 ± 0.84  |  actor_loss: 94.7960  cost_loss: 0.9503  q_loss: 5.1928  reward_max: 0.9383  reward_mean: -2.1742  reward_min: -6.6064  value_loss: 1656482574404419584.0000
Step:  1240000  |  score: 4.73 ± 1.16  |  actor_loss: 98.9636  cost_loss: 0.9470  q_loss: 6.1759  reward_max: 0.8972  reward_mean: -2.2171  reward_min: -6.4850  value_loss: 3997947698773753856.0000
Step:  1250000  |  score: 3.77 ± 1.04  |  actor_loss: 93.5101  cost_loss: 0.9463  q_loss: 6.1371  reward_max: 0.9380  reward_mean: -2.2440  reward_min: -6.5190  value_loss: 44866241986297856.0000
Step:  1260000  |  score: 3.87 ± 1.39  |  actor_loss: 105.6500  cost_loss: 0.9924  q_loss: 6.6695  reward_max: 1.0329  reward_mean: -2.0306  reward_min: -6.4726  value_loss: 1105332650639360.0000
Step:  1270000  |  score: 3.62 ± 1.30  |  actor_loss: 102.2798  cost_loss: 0.9379  q_loss: 5.6456  reward_max: 0.9636  reward_mean: -2.3067  reward_min: -6.5895  value_loss: 502462071641726779392.0000
Step:  1280000  |  score: 4.14 ± 1.15  |  actor_loss: 91.2694  cost_loss: 0.9309  q_loss: 6.1380  reward_max: 0.9209  reward_mean: -2.3592  reward_min: -6.6062  value_loss: 105258309711298560.0000
Step:  1290000  |  score: 3.53 ± 1.12  |  actor_loss: 95.9502  cost_loss: 0.9551  q_loss: 6.3591  reward_max: 0.9233  reward_mean: -2.2973  reward_min: -6.7225  value_loss: 13446311575552.0000
Step:  1300000  |  score: 4.46 ± 1.65  |  actor_loss: 91.1227  cost_loss: 0.9710  q_loss: 5.6717  reward_max: 0.7409  reward_mean: -2.1359  reward_min: -6.5487  value_loss: 80537809395384320.0000
Step:  1310000  |  score: 4.33 ± 2.09  |  actor_loss: 98.6627  cost_loss: 0.9179  q_loss: 6.4851  reward_max: 0.8118  reward_mean: -2.4705  reward_min: -6.5646  value_loss: 9114316812845056.0000
Step:  1320000  |  score: 3.63 ± 1.62  |  actor_loss: 93.5272  cost_loss: 0.9897  q_loss: 4.4667  reward_max: 0.9101  reward_mean: -2.0154  reward_min: -6.4789  value_loss: 7627770691584.0000
Step:  1330000  |  score: 4.22 ± 0.95  |  actor_loss: 111.2818  cost_loss: 0.9731  q_loss: 5.6535  reward_max: 0.9191  reward_mean: -2.1113  reward_min: -6.6446  value_loss: 97755340677286845218816.0000
Step:  1340000  |  score: 5.48 ± 3.00  |  actor_loss: 122.2543  cost_loss: 0.9528  q_loss: 6.6127  reward_max: 0.8529  reward_mean: -2.2091  reward_min: -6.6205  value_loss: 23020547518513545216.0000
Step:  1350000  |  score: 3.90 ± 1.52  |  actor_loss: 97.0392  cost_loss: 0.9840  q_loss: 6.5769  reward_max: 0.9733  reward_mean: -2.1220  reward_min: -6.6582  value_loss: 385271070720.0000
Step:  1360000  |  score: 4.20 ± 2.64  |  actor_loss: 84.6749  cost_loss: 0.9413  q_loss: 4.8167  reward_max: 0.8205  reward_mean: -2.2667  reward_min: -6.6282  value_loss: 3691079532544.0000
Step:  1370000  |  score: 3.69 ± 1.29  |  actor_loss: 75.6572  cost_loss: 0.9779  q_loss: 5.4240  reward_max: 0.8417  reward_mean: -2.1746  reward_min: -6.6175  value_loss: 9649497663804014592.0000
Step:  1380000  |  score: 4.18 ± 1.36  |  actor_loss: 118.2969  cost_loss: 0.9549  q_loss: 5.5015  reward_max: 0.9661  reward_mean: -2.3055  reward_min: -6.6260  value_loss: 692481700302684160.0000
Step:  1390000  |  score: 4.11 ± 0.96  |  actor_loss: 88.2341  cost_loss: 0.9677  q_loss: 6.5581  reward_max: 1.1869  reward_mean: -2.1119  reward_min: -6.5737  value_loss: 64742448689053696.0000
Step:  1400000  |  score: 3.69 ± 0.69  |  actor_loss: 104.7723  cost_loss: 0.9407  q_loss: 5.7522  reward_max: 0.8402  reward_mean: -2.1734  reward_min: -6.5988  value_loss: 1288067107492049654382592.0000
Step:  1410000  |  score: 3.89 ± 1.51  |  actor_loss: 91.3503  cost_loss: 0.9436  q_loss: 5.4559  reward_max: 0.8704  reward_mean: -2.2721  reward_min: -6.5590  value_loss: 420615159808.0000
Step:  1420000  |  score: 3.24 ± 1.14  |  actor_loss: 96.3642  cost_loss: 0.9910  q_loss: 6.8719  reward_max: 0.9307  reward_mean: -2.0699  reward_min: -6.6078  value_loss: 3648880734371840.0000
Step:  1430000  |  score: 4.50 ± 2.00  |  actor_loss: 83.2803  cost_loss: 0.9797  q_loss: 7.2339  reward_max: 0.9505  reward_mean: -2.1487  reward_min: -6.5941  value_loss: 1531795996672.0000
Step:  1440000  |  score: 4.92 ± 3.08  |  actor_loss: 91.0839  cost_loss: 0.9401  q_loss: 5.1932  reward_max: 0.8462  reward_mean: -2.3049  reward_min: -6.5834  value_loss: 2353603155066880.0000
Step:  1450000  |  score: 3.12 ± 0.98  |  actor_loss: 117.1133  cost_loss: 0.9110  q_loss: 5.0609  reward_max: 0.9228  reward_mean: -2.3847  reward_min: -6.6328  value_loss: 1491626169991168.0000
Step:  1460000  |  score: 4.21 ± 2.21  |  actor_loss: 89.7621  cost_loss: 0.9870  q_loss: 6.3420  reward_max: 0.8551  reward_mean: -2.0720  reward_min: -6.5687  value_loss: 179139478814720.0000
Step:  1470000  |  score: 3.72 ± 1.91  |  actor_loss: 82.9662  cost_loss: 0.9484  q_loss: 5.5364  reward_max: 0.8328  reward_mean: -2.2490  reward_min: -6.4600  value_loss: 18424872828928000.0000
Step:  1480000  |  score: 3.24 ± 1.00  |  actor_loss: 92.0546  cost_loss: 0.9921  q_loss: 5.1522  reward_max: 1.0155  reward_mean: -1.9897  reward_min: -6.6725  value_loss: 293508306842943488.0000
Step:  1490000  |  score: 3.94 ± 1.29  |  actor_loss: 100.2005  cost_loss: 0.9598  q_loss: 5.8822  reward_max: 0.9294  reward_mean: -2.1680  reward_min: -6.5044  value_loss: 19282397100075122688.0000
Step:  1500000  |  score: 5.07 ± 2.29  |  actor_loss: 110.7716  cost_loss: 0.9576  q_loss: 4.5680  reward_max: 0.9397  reward_mean: -2.2009  reward_min: -6.5571  value_loss: 549761350369280.0000
Step:  1510000  |  score: 5.15 ± 1.18  |  actor_loss: 125.4296  cost_loss: 0.9347  q_loss: 6.6787  reward_max: 0.8313  reward_mean: -2.2941  reward_min: -6.5566  value_loss: 5349371566620672.0000
Step:  1520000  |  score: 4.09 ± 1.56  |  actor_loss: 110.9711  cost_loss: 0.9800  q_loss: 5.4792  reward_max: 0.7971  reward_mean: -2.0382  reward_min: -6.4385  value_loss: 6874814650169425920.0000
Step:  1530000  |  score: 3.88 ± 1.50  |  actor_loss: 107.3405  cost_loss: 0.9544  q_loss: 5.0928  reward_max: 0.9743  reward_mean: -2.2357  reward_min: -6.5434  value_loss: 1455168180111540224.0000
Step:  1540000  |  score: 3.31 ± 0.87  |  actor_loss: 100.5506  cost_loss: 0.9413  q_loss: 5.4851  reward_max: 0.8287  reward_mean: -2.3760  reward_min: -6.5324  value_loss: 3562305511845520337797120.0000
Step:  1550000  |  score: 2.69 ± 0.69  |  actor_loss: 87.9023  cost_loss: 0.9550  q_loss: 7.2436  reward_max: 1.0115  reward_mean: -2.2680  reward_min: -6.6848  value_loss: 4839700145635328.0000
Step:  1560000  |  score: 4.63 ± 2.24  |  actor_loss: 99.5051  cost_loss: 0.9631  q_loss: 5.6874  reward_max: 0.7956  reward_mean: -2.1554  reward_min: -6.4819  value_loss: 12332199382949560320.0000
Step:  1570000  |  score: 4.05 ± 2.25  |  actor_loss: 94.6800  cost_loss: 0.9662  q_loss: 5.1388  reward_max: 1.0833  reward_mean: -2.2361  reward_min: -6.5024  value_loss: 212261634535831109632.0000
Step:  1580000  |  score: 5.19 ± 1.78  |  actor_loss: 92.3359  cost_loss: 0.9507  q_loss: 5.2232  reward_max: 1.0825  reward_mean: -2.2973  reward_min: -6.5833  value_loss: 8791520706560.0000
Step:  1590000  |  score: 4.23 ± 1.29  |  actor_loss: 116.3424  cost_loss: 0.9402  q_loss: 5.8035  reward_max: 0.8075  reward_mean: -2.3529  reward_min: -6.6300  value_loss: 349854738713411584.0000
Step:  1600000  |  score: 4.03 ± 1.84  |  actor_loss: 108.5125  cost_loss: 0.9306  q_loss: 6.1602  reward_max: 0.8544  reward_mean: -2.3670  reward_min: -6.5716  value_loss: 168622325760.0000
Step:  1610000  |  score: 4.45 ± 1.92  |  actor_loss: 104.3042  cost_loss: 0.9554  q_loss: 5.3860  reward_max: 0.9568  reward_mean: -2.2665  reward_min: -6.5669  value_loss: 961830142869504.0000
Step:  1620000  |  score: 3.78 ± 0.97  |  actor_loss: 86.2363  cost_loss: 0.9689  q_loss: 5.0027  reward_max: 0.7909  reward_mean: -2.1926  reward_min: -6.5070  value_loss: 736165917360128.0000
Step:  1630000  |  score: 3.57 ± 1.13  |  actor_loss: 103.0809  cost_loss: 0.9693  q_loss: 5.3999  reward_max: 1.0434  reward_mean: -2.1644  reward_min: -6.4946  value_loss: 1892859248640.0000
Step:  1640000  |  score: 4.12 ± 1.83  |  actor_loss: 118.3394  cost_loss: 0.9011  q_loss: 7.1863  reward_max: 0.9289  reward_mean: -2.4725  reward_min: -6.5425  value_loss: 253549700647485440.0000
Step:  1650000  |  score: 3.31 ± 0.96  |  actor_loss: 93.5919  cost_loss: 0.9431  q_loss: 6.2270  reward_max: 0.8703  reward_mean: -2.2022  reward_min: -6.4275  value_loss: 1989049974784.0000
Step:  1660000  |  score: 5.24 ± 2.96  |  actor_loss: 115.2243  cost_loss: 0.9191  q_loss: 5.9048  reward_max: 0.7794  reward_mean: -2.4000  reward_min: -6.5815  value_loss: 310852133001854189568.0000
Step:  1670000  |  score: 5.14 ± 1.20  |  actor_loss: 91.4136  cost_loss: 0.9426  q_loss: 5.1487  reward_max: 0.8215  reward_mean: -2.2493  reward_min: -6.5114  value_loss: 568034816742653952.0000
Step:  1680000  |  score: 4.20 ± 2.08  |  actor_loss: 111.4681  cost_loss: 0.9474  q_loss: 4.8676  reward_max: 0.7487  reward_mean: -2.2661  reward_min: -6.7606  value_loss: 6205464312283136.0000
Step:  1690000  |  score: 3.60 ± 1.26  |  actor_loss: 100.3125  cost_loss: 0.9796  q_loss: 5.7647  reward_max: 0.8841  reward_mean: -2.1009  reward_min: -6.6579  value_loss: 607840264404336640.0000
Step:  1700000  |  score: 3.68 ± 2.68  |  actor_loss: 96.6724  cost_loss: 0.9272  q_loss: 4.7299  reward_max: 0.8243  reward_mean: -2.3474  reward_min: -6.6882  value_loss: 165476337569226437951488.0000
Step:  1710000  |  score: 3.79 ± 2.10  |  actor_loss: 109.9098  cost_loss: 1.0066  q_loss: 5.1792  reward_max: 0.8210  reward_mean: -1.9041  reward_min: -6.5412  value_loss: 584186470755991552.0000
Step:  1720000  |  score: 3.83 ± 1.19  |  actor_loss: 110.1183  cost_loss: 0.9599  q_loss: 7.1754  reward_max: 0.9618  reward_mean: -2.1791  reward_min: -6.5975  value_loss: 29472967528284160.0000
Step:  1730000  |  score: 4.66 ± 1.55  |  actor_loss: 92.0007  cost_loss: 0.9316  q_loss: 5.2482  reward_max: 0.8734  reward_mean: -2.2563  reward_min: -6.6507  value_loss: 8667537134845952.0000
Step:  1740000  |  score: 4.88 ± 1.93  |  actor_loss: 95.5677  cost_loss: 0.9748  q_loss: 5.4024  reward_max: 0.8022  reward_mean: -2.0246  reward_min: -6.6461  value_loss: 442364488131398135185408.0000
Step:  1750000  |  score: 4.69 ± 4.27  |  actor_loss: 93.5640  cost_loss: 0.9725  q_loss: 5.1689  reward_max: 0.9276  reward_mean: -2.2189  reward_min: -6.6245  value_loss: 1880241024677183488.0000
Step:  1760000  |  score: 3.80 ± 1.34  |  actor_loss: 94.5249  cost_loss: 0.9803  q_loss: 4.5852  reward_max: 0.9427  reward_mean: -2.2399  reward_min: -6.4919  value_loss: 1315901276160.0000
Step:  1770000  |  score: 3.49 ± 1.84  |  actor_loss: 102.9260  cost_loss: 0.9525  q_loss: 5.2748  reward_max: 0.7968  reward_mean: -2.2027  reward_min: -6.6235  value_loss: 614201339393253310464.0000
Step:  1780000  |  score: 3.82 ± 1.22  |  actor_loss: 94.0668  cost_loss: 0.9735  q_loss: 5.8914  reward_max: 0.8050  reward_mean: -2.0303  reward_min: -6.4104  value_loss: 1468266971136.0000
Step:  1790000  |  score: 4.52 ± 1.44  |  actor_loss: 83.7983  cost_loss: 1.0122  q_loss: 5.3250  reward_max: 0.8554  reward_mean: -1.9046  reward_min: -6.4975  value_loss: 243630047232.0000
Step:  1800000  |  score: 3.50 ± 1.23  |  actor_loss: 95.5387  cost_loss: 0.9546  q_loss: 5.2973  reward_max: 0.8284  reward_mean: -2.2524  reward_min: -6.5480  value_loss: 6671646341833162752.0000
Step:  1810000  |  score: 3.96 ± 1.25  |  actor_loss: 97.8270  cost_loss: 0.9750  q_loss: 4.8915  reward_max: 0.8018  reward_mean: -2.0534  reward_min: -6.5312  value_loss: 578342085418024960.0000
Step:  1820000  |  score: 3.97 ± 1.63  |  actor_loss: 116.1493  cost_loss: 0.9730  q_loss: 4.9526  reward_max: 0.8063  reward_mean: -2.0467  reward_min: -6.4452  value_loss: 578241580498944.0000
Step:  1830000  |  score: 3.81 ± 1.51  |  actor_loss: 98.0092  cost_loss: 0.9842  q_loss: 5.4552  reward_max: 0.8765  reward_mean: -2.0556  reward_min: -6.4671  value_loss: 683740224970830118912.0000
Step:  1840000  |  score: 3.25 ± 0.60  |  actor_loss: 92.9121  cost_loss: 1.0013  q_loss: 5.2506  reward_max: 0.9004  reward_mean: -1.9772  reward_min: -6.6684  value_loss: 375941562368.0000
Step:  1850000  |  score: 4.51 ± 1.78  |  actor_loss: 90.1730  cost_loss: 0.9788  q_loss: 5.0439  reward_max: 1.1656  reward_mean: -2.1092  reward_min: -6.4157  value_loss: 1053109557024260096.0000
Step:  1860000  |  score: 4.84 ± 2.78  |  actor_loss: 84.7824  cost_loss: 0.9878  q_loss: 5.2037  reward_max: 0.8274  reward_mean: -2.1346  reward_min: -6.5370  value_loss: 58643156354874736640.0000
Step:  1870000  |  score: 5.06 ± 1.70  |  actor_loss: 114.2609  cost_loss: 0.8986  q_loss: 6.0687  reward_max: 0.7827  reward_mean: -2.5218  reward_min: -6.6254  value_loss: 13860034576384.0000
Step:  1880000  |  score: 5.01 ± 2.51  |  actor_loss: 109.5004  cost_loss: 0.9701  q_loss: 9.6187  reward_max: 0.8844  reward_mean: -2.0987  reward_min: -6.7188  value_loss: 1528138781117382656.0000
Step:  1890000  |  score: 3.80 ± 1.37  |  actor_loss: 116.6715  cost_loss: 0.9902  q_loss: 4.9474  reward_max: 1.0021  reward_mean: -1.9605  reward_min: -6.5516  value_loss: 550115251111067648.0000
Step:  1900000  |  score: 4.37 ± 3.12  |  actor_loss: 89.5662  cost_loss: 1.0009  q_loss: 5.1982  reward_max: 0.9709  reward_mean: -1.8627  reward_min: -6.4897  value_loss: 324484879876096.0000
Step:  1910000  |  score: 3.94 ± 1.34  |  actor_loss: 86.8416  cost_loss: 0.9914  q_loss: 5.6795  reward_max: 1.0307  reward_mean: -2.0459  reward_min: -6.6129  value_loss: 856746744627593216.0000
Step:  1920000  |  score: 4.04 ± 1.35  |  actor_loss: 82.0819  cost_loss: 0.9450  q_loss: 5.5834  reward_max: 0.8813  reward_mean: -2.2961  reward_min: -6.5710  value_loss: 983745147999092736.0000
Step:  1930000  |  score: 4.98 ± 1.58  |  actor_loss: 119.1501  cost_loss: 0.9833  q_loss: 4.9573  reward_max: 0.8206  reward_mean: -2.0385  reward_min: -6.5403  value_loss: 941079343923200.0000
Step:  1940000  |  score: 3.79 ± 1.33  |  actor_loss: 94.8969  cost_loss: 0.9819  q_loss: 5.5449  reward_max: 0.8029  reward_mean: -2.1442  reward_min: -6.5475  value_loss: 342198048975224832.0000
Step:  1950000  |  score: 3.18 ± 1.01  |  actor_loss: 98.0192  cost_loss: 0.9874  q_loss: 4.7554  reward_max: 0.8355  reward_mean: -2.0420  reward_min: -6.6224  value_loss: 40805818559365120.0000
Step:  1960000  |  score: 4.18 ± 2.07  |  actor_loss: 92.0867  cost_loss: 0.9688  q_loss: 5.2117  reward_max: 0.7744  reward_mean: -2.1398  reward_min: -6.5207  value_loss: 321796610721841152.0000
Step:  1970000  |  score: 3.06 ± 1.21  |  actor_loss: 100.5171  cost_loss: 0.9369  q_loss: 4.2612  reward_max: 0.8945  reward_mean: -2.2861  reward_min: -6.6207  value_loss: 67709661205233664.0000
Step:  1980000  |  score: 4.45 ± 2.13  |  actor_loss: 88.8590  cost_loss: 0.9535  q_loss: 5.6225  reward_max: 0.9800  reward_mean: -2.3031  reward_min: -6.6012  value_loss: 49894106796654592.0000
Step:  1990000  |  score: 5.21 ± 2.06  |  actor_loss: 101.8594  cost_loss: 0.9866  q_loss: 5.9637  reward_max: 0.8871  reward_mean: -2.0208  reward_min: -6.5273  value_loss: 50844265231679488.0000
Step:  2000000  |  score: 4.66 ± 4.15  |  actor_loss: 87.0017  cost_loss: 1.0052  q_loss: 6.2279  reward_max: 0.9222  reward_mean: -1.9509  reward_min: -6.4799  value_loss: 290402066235392.0000
Final evaluation (13 iterations)...
Final score: 4.22 ± 2.05
wandb: WARNING Symlinked 1 file into the W&B run directory; call wandb.save again to sync new files.
wandb: updating run metadata
wandb: uploading final_returns/bdemodice_halfcheetah-expert-v2_2026-03-19_01-42-07.npz; uploading output.log; uploading wandb-summary.json; uploading config.yaml
wandb: uploading final_returns/bdemodice_halfcheetah-expert-v2_2026-03-19_01-42-07.npz; uploading output.log; uploading wandb-summary.json
wandb: uploading summary, console lines 214-215
wandb: 
wandb: Run history:
wandb:  actor_loss ▆▆█▇▅▅▄▆▃▅▃▃▃▆▂▆▄▅▆▃▃▄▅▄▆▃▅▄▄▃▄▅▅▃▆▆▅▂▁▂
wandb:   cost_loss ▆▇▅▅▄▇▅▅▇▃▄▅▅▅▆▆▄▂▄▃▄▃▄▅▅▇▅▂▃▅▄▃▅▆█▆▁▇▇▃
wandb: num_updates ▁▁▁▁▂▂▂▂▃▃▃▃▃▄▄▄▄▄▄▄▄▄▅▅▅▅▅▆▆▆▆▆▇▇▇▇▇▇██
wandb:      q_loss ▁█▅▅▄▄▄▄▄▃▃▃▂▃▃▂▂▂▂▂▂▂▂▂▂▂▂▂▂▂▃▂▂▂▂▂▂▂▂▂
wandb:      return ▁▃▄▄▅▅▄▃▅▅▃▅▃▇▆▄▄▅▇█▄▅▄▄▃▄▄▅▆▅▇▄▃▅▅▇▇▄▅▇
wandb:  reward_max ▃█▂▂▂▂▂▁▁▂▂▂▂▂▄▂▂▂▁▄▃▁▂▃▁▂▁▂▂▁▁▁▁▃▂▁▁▁▁▂
wandb: reward_mean █▅▆▅▄▅▃▅▅▂▃▅▁▄▂▄▆▆▄▃▁▃▄▃▂▃▂▃▄▃▄▂▃▃▇▇▃▅▅▆
wandb:  reward_min ▆▁▃▄▅▃▃▅▃▅▅▄▃▆▅▄█▅█▄▆▇▅▃▅▄▄▄▃▅▆▃▄▄█▇█▆▆▇
wandb:       score ▁▁▁▁▄▆▅▃▆▄▅▆▇▆▆▄▇▆█▃▇▄▇▄▅▄▃▅▅▆▅█▆▅▅▇▄▆▅█
wandb:   score_std ▁▃▂▅▃▃▆▃▅▄▄▅▅▃▄▄▄▆▅▄▅▃▆▃▄▅█▄▅▆▆▅▅▄▅▄▄▄▄▃
wandb:          +1 ...
wandb: 
wandb: Run summary:
wandb:  actor_loss 87.00169
wandb:   cost_loss 1.00519
wandb: num_updates 2000000
wandb:      q_loss 6.22788
wandb:      return 298.5269
wandb:  reward_max 0.92216
wandb: reward_mean -1.95088
wandb:  reward_min -6.47987
wandb:       score 4.66128
wandb:   score_std 4.14904
wandb:          +1 ...
wandb: 
wandb: 🚀 View run bdemodice_halfcheetah_M4_s0 at: https://wandb.ai/wsk208/DemoDICE/runs/h6b55qku
wandb: ⭐️ View project at: https://wandb.ai/wsk208/DemoDICE
wandb: Synced 5 W&B file(s), 0 media file(s), 0 artifact file(s) and 1 other file(s)
wandb: Find logs at: ./wandb/run-20260319_011653-h6b55qku/logs
