Warning: All of online environments libraries in D4RL have been moved ]8;;https://github.com/Farama-Foundation/Gymnasium\Gymnasium]8;;\, ]8;;https://github.com/Farama-Foundation/MiniGrid\MiniGrid]8;;\ and ]8;;https://github.com/Farama-Foundation/Gymnasium-Robotics\Gymnasium-Robotics]8;;\, and all offline datasets in D4RL have been moved to ]8;;https://github.com/Farama-Foundation/Minari\Minari]8;;\.
These new versions include large bug fixes, new versions of Python, and are where all new development will continue. Please upgrade these libraries as soon as you're able to do so.
If you'd like to read more about the story behind this switch, please check out ]8;;https://farama.org/Announcing-Minari\this blog post]8;;\.
Gym has been unmaintained since 2022 and does not support NumPy 2.0 amongst other critical functionality.
Please upgrade to Gymnasium, the maintained drop-in replacement of Gym, or contact the authors of your software and request that they upgrade.
See the migration guide at https://gymnasium.farama.org/introduction/migration_guide/ for additional information.
/opt/venv/lib/python3.10/site-packages/Cython/Distutils/old_build_ext.py:15: DeprecationWarning: dep_util is Deprecated. Use functions from setuptools instead.
  from distutils.dep_util import newer, newer_group
<frozen importlib._bootstrap>:283: DeprecationWarning: the load_module() method is deprecated and slated for removal in Python 3.12; use exec_module() instead
pybullet build time: Jan 29 2025 23:16:28
wandb: [wandb.login()] Loaded credentials for https://api.wandb.ai from /root/.netrc.
wandb: Currently logged in as: wsk208 to https://api.wandb.ai. Use `wandb login --relogin` to force relogin
/opt/venv/lib/python3.10/site-packages/wandb/analytics/sentry.py:268: DeprecationWarning: Read the `app_url` setting from the appropriate Settings object.
  app_url = wandb.util.app_url(tags["base_url"])  # type: ignore[index]
/opt/venv/lib/python3.10/site-packages/wandb/analytics/sentry.py:279: DeprecationWarning: The `Scope.user` setter is deprecated in favor of `Scope.set_user()`.
  self.scope.user = {"email": email}
wandb: setting up run 2hr64c8a
/opt/venv/lib/python3.10/site-packages/wandb/analytics/sentry.py:268: DeprecationWarning: Read the `app_url` setting from the appropriate Settings object.
  app_url = wandb.util.app_url(tags["base_url"])  # type: ignore[index]
/opt/venv/lib/python3.10/site-packages/wandb/analytics/sentry.py:279: DeprecationWarning: The `Scope.user` setter is deprecated in favor of `Scope.set_user()`.
  self.scope.user = {"email": email}
wandb: Tracking run with wandb version 0.25.1
wandb: Run data is saved locally in /app/wandb/run-20260319_012223-2hr64c8a
wandb: Run `wandb offline` to turn off syncing.
wandb: Syncing run bdemodice_halfcheetah_M4_s1
wandb: ⭐️ View project at https://wandb.ai/wsk208/DemoDICE
wandb: 🚀 View run at https://wandb.ai/wsk208/DemoDICE/runs/2hr64c8a
/opt/venv/lib/python3.10/site-packages/gym/spaces/box.py:84: UserWarning: [33mWARN: Box bound precision lowered by casting to float32[0m
  logger.warn(f"Box bound precision lowered by casting to {self.dtype}")
load datafile:   0%|          | 0/21 [00:00<?, ?it/s]load datafile:   5%|▍         | 1/21 [00:00<00:03,  5.81it/s]load datafile:  14%|█▍        | 3/21 [00:00<00:03,  5.23it/s]load datafile:  19%|█▉        | 4/21 [00:00<00:04,  3.96it/s]load datafile:  81%|████████  | 17/21 [00:01<00:00, 15.36it/s]load datafile:  90%|█████████ | 19/21 [00:01<00:00, 10.69it/s]load datafile: 100%|██████████| 21/21 [00:01<00:00, 11.07it/s]
Expert  :  999000 transitions  (halfcheetah-expert-v2, 100 traj)
load datafile:   0%|          | 0/9 [00:00<?, ?it/s]load datafile:  11%|█         | 1/9 [00:00<00:01,  6.17it/s]load datafile:  33%|███▎      | 3/9 [00:00<00:01,  5.51it/s]load datafile:  44%|████▍     | 4/9 [00:00<00:01,  4.10it/s]load datafile:  56%|█████▌    | 5/9 [00:01<00:01,  3.18it/s]load datafile:  67%|██████▋   | 6/9 [00:01<00:01,  2.78it/s]load datafile: 100%|██████████| 9/9 [00:01<00:00,  4.89it/s]
Imperfect:  999000 transitions  (halfcheetah-random-v2, 1600 traj)
Union   : 1998000 transitions total
/root/.local/share/uv/python/cpython-3.10-linux-x86_64-gnu/lib/python3.10/multiprocessing/popen_fork.py:66: RuntimeWarning: os.fork() was called. os.fork() is incompatible with multithreaded code, and JAX is multithreaded, so this will likely lead to a deadlock.
  self.pid = os.fork()
/opt/venv/lib/python3.10/site-packages/tensorflow_probability/python/internal/backend/jax/ops.py:681: DeprecationWarning: jax.interpreters.xla.pytype_aval_mappings is deprecated.
  jax.interpreters.xla.pytype_aval_mappings[onp.ndarray])
/opt/venv/lib/python3.10/site-packages/gym/spaces/box.py:84: UserWarning: [33mWARN: Box bound precision lowered by casting to float32[0m
  logger.warn(f"Box bound precision lowered by casting to {self.dtype}")
Step:    10000  |  score: 2.15 ± 0.00  |  actor_loss: 4.0630  cost_loss: 0.9754  q_loss: 4.3962  reward_max: 0.8878  reward_mean: -1.7413  reward_min: -6.2576  value_loss: -6.7513
Step:    20000  |  score: 2.03 ± 0.01  |  actor_loss: 2.5109  cost_loss: 0.9330  q_loss: 2.7933  reward_max: 0.9486  reward_mean: -2.0137  reward_min: -6.4666  value_loss: 0.9343
Step:    30000  |  score: 7.14 ± 4.01  |  actor_loss: 1.1108  cost_loss: 0.9455  q_loss: 2.7701  reward_max: 1.1417  reward_mean: -2.0409  reward_min: -6.4470  value_loss: 14.9608
Step:    40000  |  score: 2.29 ± 0.30  |  actor_loss: 61.4198  cost_loss: 0.9432  q_loss: 24.0838  reward_max: 1.0037  reward_mean: -2.0032  reward_min: -6.5529  value_loss: 153779748864.0000
Step:    50000  |  score: 2.23 ± 0.02  |  actor_loss: 91.0061  cost_loss: 0.9755  q_loss: 19.1472  reward_max: 2.1346  reward_mean: -2.1022  reward_min: -6.6915  value_loss: 139001397248.0000
Step:    60000  |  score: 2.32 ± 0.02  |  actor_loss: 96.1858  cost_loss: 1.0218  q_loss: 14.6687  reward_max: 1.0314  reward_mean: -1.7551  reward_min: -6.6993  value_loss: 858174731059200.0000
Step:    70000  |  score: 3.27 ± 1.57  |  actor_loss: 94.4057  cost_loss: 1.0124  q_loss: 16.9897  reward_max: 1.2331  reward_mean: -1.7674  reward_min: -6.6136  value_loss: 39111394066432.0000
Step:    80000  |  score: 2.83 ± 0.60  |  actor_loss: 92.9880  cost_loss: 0.9929  q_loss: 13.7792  reward_max: 1.0260  reward_mean: -1.9156  reward_min: -6.6069  value_loss: 7568609622622208.0000
Step:    90000  |  score: 3.27 ± 0.86  |  actor_loss: 94.4683  cost_loss: 0.9559  q_loss: 21.3268  reward_max: 0.8464  reward_mean: -2.1018  reward_min: -6.6661  value_loss: 976879550464.0000
Step:   100000  |  score: 4.03 ± 0.97  |  actor_loss: 95.4165  cost_loss: 0.9412  q_loss: 11.5387  reward_max: 1.4284  reward_mean: -2.1513  reward_min: -6.5628  value_loss: 567650929344512.0000
Step:   110000  |  score: 3.89 ± 0.89  |  actor_loss: 102.7764  cost_loss: 0.9458  q_loss: 11.6522  reward_max: 0.9909  reward_mean: -2.1405  reward_min: -6.6684  value_loss: 87064372576256.0000
Step:   120000  |  score: 3.57 ± 0.88  |  actor_loss: 83.3772  cost_loss: 0.9640  q_loss: 10.5508  reward_max: 1.1930  reward_mean: -2.0497  reward_min: -6.4637  value_loss: 2958712111104.0000
Step:   130000  |  score: 4.22 ± 0.94  |  actor_loss: 117.5914  cost_loss: 0.9557  q_loss: 12.9072  reward_max: 0.9825  reward_mean: -2.0891  reward_min: -6.6216  value_loss: 1527233193705472.0000
Step:   140000  |  score: 4.12 ± 0.97  |  actor_loss: 112.9860  cost_loss: 0.9794  q_loss: 10.5579  reward_max: 0.9000  reward_mean: -1.9750  reward_min: -6.6453  value_loss: 11618185379840.0000
Step:   150000  |  score: 4.62 ± 0.92  |  actor_loss: 95.1902  cost_loss: 0.9310  q_loss: 8.3767  reward_max: 1.0552  reward_mean: -2.2210  reward_min: -6.6698  value_loss: 673251763651149299712.0000
Step:   160000  |  score: 3.84 ± 0.73  |  actor_loss: 96.3125  cost_loss: 0.8921  q_loss: 11.1053  reward_max: 0.9110  reward_mean: -2.4362  reward_min: -6.6089  value_loss: 30216948205748224.0000
Step:   170000  |  score: 3.55 ± 0.68  |  actor_loss: 107.3548  cost_loss: 0.9548  q_loss: 8.7007  reward_max: 1.0534  reward_mean: -2.1378  reward_min: -6.6229  value_loss: 21537396621312.0000
Step:   180000  |  score: 3.93 ± 1.39  |  actor_loss: 103.9610  cost_loss: 0.9923  q_loss: 8.2155  reward_max: 1.2239  reward_mean: -2.0245  reward_min: -6.6618  value_loss: 987241119744.0000
Step:   190000  |  score: 3.80 ± 0.93  |  actor_loss: 107.3914  cost_loss: 0.9819  q_loss: 10.3298  reward_max: 0.9223  reward_mean: -1.9901  reward_min: -6.6819  value_loss: 3333939372490752.0000
Step:   200000  |  score: 3.59 ± 0.66  |  actor_loss: 87.8356  cost_loss: 0.9301  q_loss: 9.5235  reward_max: 1.0283  reward_mean: -2.2643  reward_min: -6.6472  value_loss: 977909352595718144.0000
Step:   210000  |  score: 4.26 ± 1.00  |  actor_loss: 108.0749  cost_loss: 0.9670  q_loss: 11.0833  reward_max: 1.1539  reward_mean: -2.0554  reward_min: -6.7767  value_loss: 33202890604544.0000
Step:   220000  |  score: 3.80 ± 0.60  |  actor_loss: 90.7244  cost_loss: 0.9933  q_loss: 8.1728  reward_max: 1.2155  reward_mean: -1.8681  reward_min: -6.6217  value_loss: 8078229504000000.0000
Step:   230000  |  score: 4.26 ± 1.01  |  actor_loss: 106.9154  cost_loss: 1.0110  q_loss: 8.4234  reward_max: 0.7784  reward_mean: -1.8418  reward_min: -6.6821  value_loss: 528010379264.0000
Step:   240000  |  score: 3.71 ± 1.17  |  actor_loss: 93.7896  cost_loss: 0.9401  q_loss: 8.4449  reward_max: 0.9786  reward_mean: -2.1852  reward_min: -6.7311  value_loss: 16639122768389996544.0000
Step:   250000  |  score: 4.09 ± 1.19  |  actor_loss: 101.5764  cost_loss: 0.9185  q_loss: 9.6638  reward_max: 0.8371  reward_mean: -2.4016  reward_min: -6.6565  value_loss: 5508901800343764992.0000
Step:   260000  |  score: 4.23 ± 1.00  |  actor_loss: 103.3578  cost_loss: 0.9611  q_loss: 8.1827  reward_max: 1.0036  reward_mean: -2.0802  reward_min: -6.7192  value_loss: 17613084164096.0000
Step:   270000  |  score: 3.57 ± 1.01  |  actor_loss: 92.2025  cost_loss: 0.9818  q_loss: 7.6886  reward_max: 0.9014  reward_mean: -2.0393  reward_min: -6.7480  value_loss: 2659570193520394240.0000
Step:   280000  |  score: 4.05 ± 0.60  |  actor_loss: 95.8454  cost_loss: 0.9856  q_loss: 7.0423  reward_max: 0.8703  reward_mean: -2.0645  reward_min: -6.5929  value_loss: 27427489185792.0000
Step:   290000  |  score: 6.22 ± 2.84  |  actor_loss: 101.3817  cost_loss: 0.9951  q_loss: 7.4911  reward_max: 0.9171  reward_mean: -1.9609  reward_min: -6.6668  value_loss: 9717164864962560.0000
Step:   300000  |  score: 3.50 ± 0.34  |  actor_loss: 101.9331  cost_loss: 0.9385  q_loss: 8.4986  reward_max: 1.1622  reward_mean: -2.2792  reward_min: -6.5599  value_loss: 189421294977024.0000
Step:   310000  |  score: 3.88 ± 1.29  |  actor_loss: 100.3336  cost_loss: 0.9561  q_loss: 8.7999  reward_max: 0.9514  reward_mean: -2.1825  reward_min: -6.6292  value_loss: 35373591168024576.0000
Step:   320000  |  score: 4.30 ± 1.08  |  actor_loss: 115.0513  cost_loss: 0.9370  q_loss: 8.0948  reward_max: 0.8739  reward_mean: -2.2610  reward_min: -6.6981  value_loss: 37931767037952.0000
Step:   330000  |  score: 4.85 ± 0.95  |  actor_loss: 105.7946  cost_loss: 0.9908  q_loss: 6.8894  reward_max: 0.9381  reward_mean: -2.0682  reward_min: -6.7005  value_loss: 296581819799699456.0000
Step:   340000  |  score: 4.82 ± 1.64  |  actor_loss: 109.0593  cost_loss: 0.9237  q_loss: 6.7886  reward_max: 0.9248  reward_mean: -2.2754  reward_min: -6.5304  value_loss: 22202333184.0000
Step:   350000  |  score: 4.11 ± 1.78  |  actor_loss: 91.2238  cost_loss: 0.9742  q_loss: 8.0331  reward_max: 0.8796  reward_mean: -2.1342  reward_min: -6.5602  value_loss: 4201580211470336.0000
Step:   360000  |  score: 4.60 ± 0.95  |  actor_loss: 92.2170  cost_loss: 0.9779  q_loss: 8.3589  reward_max: 1.0733  reward_mean: -1.9590  reward_min: -6.6235  value_loss: 1080427473172168704.0000
Step:   370000  |  score: 4.33 ± 1.27  |  actor_loss: 98.7748  cost_loss: 0.9555  q_loss: 10.3238  reward_max: 0.9384  reward_mean: -2.1778  reward_min: -6.5496  value_loss: 39979217743511552.0000
Step:   380000  |  score: 4.91 ± 2.08  |  actor_loss: 81.5235  cost_loss: 0.9530  q_loss: 9.0542  reward_max: 0.7789  reward_mean: -2.1922  reward_min: -6.6499  value_loss: 293831838139416576.0000
Step:   390000  |  score: 5.99 ± 2.38  |  actor_loss: 95.0202  cost_loss: 0.9226  q_loss: 7.7716  reward_max: 1.0111  reward_mean: -2.3833  reward_min: -6.7077  value_loss: 242849194967040.0000
Step:   400000  |  score: 3.57 ± 0.81  |  actor_loss: 92.5912  cost_loss: 0.9986  q_loss: 8.3168  reward_max: 0.9047  reward_mean: -1.9530  reward_min: -6.6729  value_loss: 46062953824256.0000
Step:   410000  |  score: 3.50 ± 0.65  |  actor_loss: 95.8936  cost_loss: 0.9378  q_loss: 7.3900  reward_max: 0.8629  reward_mean: -2.3289  reward_min: -6.5047  value_loss: 6472547696640.0000
Step:   420000  |  score: 5.10 ± 1.74  |  actor_loss: 78.3679  cost_loss: 0.9483  q_loss: 7.2757  reward_max: 1.1741  reward_mean: -2.2956  reward_min: -6.6834  value_loss: 750360777989870845952.0000
Step:   430000  |  score: 5.21 ± 1.50  |  actor_loss: 104.0090  cost_loss: 0.9945  q_loss: 6.6736  reward_max: 0.9108  reward_mean: -2.0487  reward_min: -6.5153  value_loss: 174358457988677632.0000
Step:   440000  |  score: 4.19 ± 1.61  |  actor_loss: 98.7509  cost_loss: 0.9908  q_loss: 7.4306  reward_max: 0.9789  reward_mean: -1.9895  reward_min: -6.5883  value_loss: 1449707455612190720.0000
Step:   450000  |  score: 5.88 ± 2.33  |  actor_loss: 111.8378  cost_loss: 0.9608  q_loss: 6.6999  reward_max: 0.8477  reward_mean: -2.1868  reward_min: -6.7011  value_loss: 28077852628877312.0000
Step:   460000  |  score: 5.95 ± 1.77  |  actor_loss: 99.0044  cost_loss: 0.9517  q_loss: 5.8950  reward_max: 0.7279  reward_mean: -2.1813  reward_min: -6.5535  value_loss: 234397789847552.0000
Step:   470000  |  score: 5.17 ± 2.08  |  actor_loss: 113.2263  cost_loss: 0.9553  q_loss: 7.5630  reward_max: 0.8295  reward_mean: -2.2360  reward_min: -6.6798  value_loss: 1112227273592799232.0000
Step:   480000  |  score: 5.24 ± 1.64  |  actor_loss: 105.1182  cost_loss: 0.9515  q_loss: 6.5595  reward_max: 1.0893  reward_mean: -2.1893  reward_min: -6.4199  value_loss: 4865435589672960.0000
Step:   490000  |  score: 4.66 ± 1.48  |  actor_loss: 94.1606  cost_loss: 0.9732  q_loss: 6.8013  reward_max: 0.9632  reward_mean: -2.0690  reward_min: -6.7600  value_loss: 67082150477824.0000
Step:   500000  |  score: 5.49 ± 3.30  |  actor_loss: 81.3410  cost_loss: 0.9409  q_loss: 7.2274  reward_max: 0.8628  reward_mean: -2.2427  reward_min: -6.5561  value_loss: 2369728208200269824.0000
Step:   510000  |  score: 5.85 ± 1.88  |  actor_loss: 105.1507  cost_loss: 0.9626  q_loss: 7.2967  reward_max: 0.8630  reward_mean: -2.1618  reward_min: -6.4687  value_loss: 11117323616256.0000
Step:   520000  |  score: 4.80 ± 1.47  |  actor_loss: 89.9009  cost_loss: 0.9955  q_loss: 6.9903  reward_max: 0.8359  reward_mean: -1.9717  reward_min: -6.5553  value_loss: 8988379840512.0000
Step:   530000  |  score: 4.57 ± 1.96  |  actor_loss: 87.3735  cost_loss: 0.9731  q_loss: 5.9315  reward_max: 0.8446  reward_mean: -2.1641  reward_min: -6.5417  value_loss: 21468083650560.0000
Step:   540000  |  score: 5.69 ± 3.66  |  actor_loss: 84.8843  cost_loss: 1.0155  q_loss: 6.1147  reward_max: 1.2376  reward_mean: -1.9311  reward_min: -6.5208  value_loss: 2042286074494976.0000
Step:   550000  |  score: 5.93 ± 2.46  |  actor_loss: 105.6373  cost_loss: 0.9683  q_loss: 6.1802  reward_max: 0.8861  reward_mean: -2.2126  reward_min: -6.6056  value_loss: 26047080422178816.0000
Step:   560000  |  score: 5.45 ± 2.34  |  actor_loss: 74.3832  cost_loss: 0.9860  q_loss: 6.6023  reward_max: 0.8034  reward_mean: -2.0729  reward_min: -6.5395  value_loss: 12341453258752.0000
Step:   570000  |  score: 5.27 ± 2.29  |  actor_loss: 94.4279  cost_loss: 0.9515  q_loss: 6.2463  reward_max: 0.9565  reward_mean: -2.1769  reward_min: -6.5991  value_loss: 64665031802880.0000
Step:   580000  |  score: 8.25 ± 4.24  |  actor_loss: 100.5112  cost_loss: 0.9626  q_loss: 6.6341  reward_max: 1.0736  reward_mean: -2.2223  reward_min: -6.5333  value_loss: 3786558863835136.0000
Step:   590000  |  score: 4.82 ± 2.48  |  actor_loss: 91.0913  cost_loss: 0.9725  q_loss: 7.3305  reward_max: 1.0368  reward_mean: -2.0645  reward_min: -6.5996  value_loss: 64245236498432.0000
Step:   600000  |  score: 4.08 ± 1.01  |  actor_loss: 97.0847  cost_loss: 0.9866  q_loss: 6.0073  reward_max: 1.0716  reward_mean: -2.0373  reward_min: -6.7312  value_loss: 94802349268140032.0000
Step:   610000  |  score: 5.10 ± 2.31  |  actor_loss: 74.9059  cost_loss: 0.9871  q_loss: 6.9137  reward_max: 0.8026  reward_mean: -2.1280  reward_min: -6.6422  value_loss: 163973882183680.0000
Step:   620000  |  score: 5.01 ± 1.65  |  actor_loss: 102.3506  cost_loss: 0.9507  q_loss: 5.7624  reward_max: 1.0299  reward_mean: -2.1742  reward_min: -6.6142  value_loss: 10270869068055576576.0000
Step:   630000  |  score: 4.28 ± 1.42  |  actor_loss: 78.8880  cost_loss: 0.9830  q_loss: 5.4276  reward_max: 0.8313  reward_mean: -2.1233  reward_min: -6.6479  value_loss: 85387856941633037832028160.0000
Step:   640000  |  score: 5.14 ± 2.71  |  actor_loss: 95.7601  cost_loss: 0.9485  q_loss: 7.1237  reward_max: 0.8710  reward_mean: -2.2633  reward_min: -6.6130  value_loss: 1126983312343040.0000
Step:   650000  |  score: 6.04 ± 2.48  |  actor_loss: 85.9691  cost_loss: 0.9362  q_loss: 6.7522  reward_max: 0.8909  reward_mean: -2.2987  reward_min: -6.6945  value_loss: 10601841557504.0000
Step:   660000  |  score: 5.35 ± 1.36  |  actor_loss: 90.5242  cost_loss: 0.9812  q_loss: 5.7562  reward_max: 0.9864  reward_mean: -2.0626  reward_min: -6.6606  value_loss: 1243261435904.0000
Step:   670000  |  score: 5.75 ± 2.78  |  actor_loss: 101.4206  cost_loss: 0.9552  q_loss: 6.0583  reward_max: 0.9342  reward_mean: -2.2423  reward_min: -6.5891  value_loss: 117570460530507776.0000
Step:   680000  |  score: 6.06 ± 3.96  |  actor_loss: 94.9066  cost_loss: 0.9496  q_loss: 6.1767  reward_max: 1.0092  reward_mean: -2.2026  reward_min: -6.4599  value_loss: 8488335530000384.0000
Step:   690000  |  score: 4.63 ± 1.63  |  actor_loss: 99.6962  cost_loss: 0.9413  q_loss: 6.0837  reward_max: 0.9495  reward_mean: -2.3635  reward_min: -6.7370  value_loss: 21450557029875712.0000
Step:   700000  |  score: 5.45 ± 1.51  |  actor_loss: 108.3792  cost_loss: 0.9485  q_loss: 5.7972  reward_max: 0.8902  reward_mean: -2.1613  reward_min: -6.5803  value_loss: 35415012671488.0000
Step:   710000  |  score: 6.32 ± 2.17  |  actor_loss: 95.2954  cost_loss: 0.9535  q_loss: 5.6403  reward_max: 0.9049  reward_mean: -2.2212  reward_min: -6.7471  value_loss: 881397082357760.0000
Step:   720000  |  score: 7.24 ± 3.18  |  actor_loss: 99.6971  cost_loss: 0.9924  q_loss: 4.5462  reward_max: 0.8045  reward_mean: -2.0102  reward_min: -6.5822  value_loss: 192326639026176.0000
Step:   730000  |  score: 6.48 ± 2.45  |  actor_loss: 98.9191  cost_loss: 0.9376  q_loss: 6.1375  reward_max: 1.1755  reward_mean: -2.2522  reward_min: -6.7470  value_loss: 196784227876864.0000
Step:   740000  |  score: 4.00 ± 2.26  |  actor_loss: 98.8221  cost_loss: 0.9775  q_loss: 6.0076  reward_max: 0.8657  reward_mean: -2.0814  reward_min: -6.5578  value_loss: 38029345540800512.0000
Step:   750000  |  score: 6.44 ± 4.39  |  actor_loss: 87.8901  cost_loss: 1.0127  q_loss: 6.5351  reward_max: 1.0819  reward_mean: -1.9521  reward_min: -6.3963  value_loss: 15722983291847966720.0000
Step:   760000  |  score: 6.84 ± 3.28  |  actor_loss: 88.6784  cost_loss: 0.9871  q_loss: 5.5384  reward_max: 1.4506  reward_mean: -2.0110  reward_min: -6.5730  value_loss: 2650456530616320.0000
Step:   770000  |  score: 5.11 ± 1.72  |  actor_loss: 84.1611  cost_loss: 0.9601  q_loss: 5.8118  reward_max: 1.4233  reward_mean: -2.2043  reward_min: -6.7046  value_loss: 1174424387584.0000
Step:   780000  |  score: 6.66 ± 3.87  |  actor_loss: 75.3956  cost_loss: 0.9591  q_loss: 6.3325  reward_max: 0.8642  reward_mean: -2.2368  reward_min: -6.6507  value_loss: 32841908745343598592.0000
Step:   790000  |  score: 5.64 ± 2.33  |  actor_loss: 96.5940  cost_loss: 0.9441  q_loss: 6.3868  reward_max: 0.8925  reward_mean: -2.1965  reward_min: -6.5899  value_loss: 15696379963768832.0000
Step:   800000  |  score: 5.96 ± 2.02  |  actor_loss: 100.0099  cost_loss: 0.9398  q_loss: 6.6060  reward_max: 1.0596  reward_mean: -2.2991  reward_min: -6.4681  value_loss: 8131624000552960.0000
Step:   810000  |  score: 5.84 ± 2.02  |  actor_loss: 75.4476  cost_loss: 0.9820  q_loss: 6.2782  reward_max: 0.8684  reward_mean: -2.1200  reward_min: -6.6901  value_loss: 63274841184141312.0000
Step:   820000  |  score: 5.57 ± 0.50  |  actor_loss: 97.6399  cost_loss: 0.9349  q_loss: 6.5209  reward_max: 0.8363  reward_mean: -2.2734  reward_min: -6.5112  value_loss: 1871838686740480.0000
Step:   830000  |  score: 8.07 ± 7.74  |  actor_loss: 95.9338  cost_loss: 0.9094  q_loss: 5.6030  reward_max: 0.9265  reward_mean: -2.3888  reward_min: -6.6766  value_loss: 3635624280064.0000
Step:   840000  |  score: 5.00 ± 2.14  |  actor_loss: 84.8858  cost_loss: 1.0271  q_loss: 7.5976  reward_max: 1.1082  reward_mean: -1.9737  reward_min: -6.7931  value_loss: 2984824029577216.0000
Step:   850000  |  score: 5.29 ± 2.21  |  actor_loss: 86.4728  cost_loss: 0.9661  q_loss: 5.8492  reward_max: 1.1075  reward_mean: -2.2060  reward_min: -6.6717  value_loss: 5242995343360.0000
Step:   860000  |  score: 5.01 ± 2.41  |  actor_loss: 95.2467  cost_loss: 0.9276  q_loss: 5.5006  reward_max: 0.9739  reward_mean: -2.3230  reward_min: -6.4955  value_loss: 1070298537900701894311936.0000
Step:   870000  |  score: 6.96 ± 3.37  |  actor_loss: 94.1452  cost_loss: 0.9250  q_loss: 5.4530  reward_max: 0.8158  reward_mean: -2.3568  reward_min: -6.6432  value_loss: 4904919760896000.0000
Step:   880000  |  score: 6.09 ± 3.05  |  actor_loss: 92.9047  cost_loss: 0.9639  q_loss: 5.9958  reward_max: 0.9405  reward_mean: -2.1243  reward_min: -6.5763  value_loss: 13724985679937536.0000
Step:   890000  |  score: 5.39 ± 2.48  |  actor_loss: 105.8477  cost_loss: 0.9765  q_loss: 5.3271  reward_max: 0.8224  reward_mean: -2.1176  reward_min: -6.5758  value_loss: 991115243159552000.0000
Step:   900000  |  score: 7.83 ± 4.25  |  actor_loss: 114.4047  cost_loss: 0.9879  q_loss: 5.5880  reward_max: 0.8661  reward_mean: -2.1046  reward_min: -6.5476  value_loss: 1050404847616.0000
Step:   910000  |  score: 5.52 ± 3.45  |  actor_loss: 79.7400  cost_loss: 0.9834  q_loss: 6.9904  reward_max: 0.9439  reward_mean: -2.0429  reward_min: -6.4987  value_loss: 28372200464387670016.0000
Step:   920000  |  score: 4.30 ± 1.91  |  actor_loss: 83.2285  cost_loss: 1.0449  q_loss: 5.1345  reward_max: 0.7992  reward_mean: -1.7989  reward_min: -6.4828  value_loss: 4351203718725632.0000
Step:   930000  |  score: 6.04 ± 2.65  |  actor_loss: 97.4449  cost_loss: 0.9579  q_loss: 5.2310  reward_max: 0.8175  reward_mean: -2.1927  reward_min: -6.6962  value_loss: 348687356133376.0000
Step:   940000  |  score: 4.01 ± 1.52  |  actor_loss: 93.9134  cost_loss: 0.9661  q_loss: 4.8895  reward_max: 0.9071  reward_mean: -2.1155  reward_min: -6.6042  value_loss: 511162445725696.0000
Step:   950000  |  score: 5.09 ± 1.76  |  actor_loss: 94.3302  cost_loss: 0.9775  q_loss: 6.6272  reward_max: 1.2388  reward_mean: -2.1683  reward_min: -6.6453  value_loss: 217633002274947072.0000
Step:   960000  |  score: 4.48 ± 1.60  |  actor_loss: 109.0080  cost_loss: 0.9854  q_loss: 5.0089  reward_max: 0.9235  reward_mean: -2.1875  reward_min: -6.5874  value_loss: 83788556273553768448.0000
Step:   970000  |  score: 4.53 ± 1.57  |  actor_loss: 105.8211  cost_loss: 0.9718  q_loss: 4.2872  reward_max: 0.8748  reward_mean: -2.0799  reward_min: -6.5094  value_loss: 237958917823397888.0000
Step:   980000  |  score: 6.31 ± 5.24  |  actor_loss: 99.3029  cost_loss: 0.9538  q_loss: 4.9418  reward_max: 0.7662  reward_mean: -2.1988  reward_min: -6.5273  value_loss: 46447456942467055616.0000
Step:   990000  |  score: 4.15 ± 1.20  |  actor_loss: 98.3264  cost_loss: 0.9401  q_loss: 6.2840  reward_max: 0.9523  reward_mean: -2.3449  reward_min: -6.4885  value_loss: 3702455619551232.0000
Step:  1000000  |  score: 5.08 ± 2.73  |  actor_loss: 83.8701  cost_loss: 0.9400  q_loss: 7.3313  reward_max: 0.7943  reward_mean: -2.2988  reward_min: -6.6448  value_loss: 36766736187392.0000
Step:  1010000  |  score: 4.60 ± 1.81  |  actor_loss: 85.5020  cost_loss: 0.9434  q_loss: 5.4023  reward_max: 1.3458  reward_mean: -2.1963  reward_min: -6.4059  value_loss: 196694297972572160.0000
Step:  1020000  |  score: 5.30 ± 3.15  |  actor_loss: 104.6791  cost_loss: 0.9720  q_loss: 5.5928  reward_max: 0.8434  reward_mean: -2.1230  reward_min: -6.5479  value_loss: 37245713121280.0000
Step:  1030000  |  score: 5.15 ± 2.82  |  actor_loss: 103.4353  cost_loss: 1.0022  q_loss: 5.4861  reward_max: 0.9082  reward_mean: -1.9339  reward_min: -6.6287  value_loss: 70203503900884992.0000
Step:  1040000  |  score: 8.43 ± 3.55  |  actor_loss: 105.0046  cost_loss: 0.9470  q_loss: 5.5710  reward_max: 0.8560  reward_mean: -2.2392  reward_min: -6.4809  value_loss: 246130900557889536.0000
Step:  1050000  |  score: 5.91 ± 1.54  |  actor_loss: 103.9065  cost_loss: 0.9673  q_loss: 4.9642  reward_max: 0.9238  reward_mean: -2.1542  reward_min: -6.6333  value_loss: 13432854151168.0000
Step:  1060000  |  score: 5.87 ± 2.07  |  actor_loss: 108.6452  cost_loss: 0.9719  q_loss: 5.2614  reward_max: 0.9731  reward_mean: -2.0561  reward_min: -6.5683  value_loss: 255355284094976.0000
Step:  1070000  |  score: 5.58 ± 2.45  |  actor_loss: 106.3654  cost_loss: 0.9253  q_loss: 6.5768  reward_max: 0.8879  reward_mean: -2.3838  reward_min: -6.5336  value_loss: 2776373133312.0000
Step:  1080000  |  score: 8.14 ± 4.39  |  actor_loss: 110.7065  cost_loss: 0.9474  q_loss: 4.5629  reward_max: 0.8740  reward_mean: -2.2543  reward_min: -6.5760  value_loss: 7491542876946432.0000
Step:  1090000  |  score: 7.11 ± 4.14  |  actor_loss: 105.8583  cost_loss: 0.9863  q_loss: 5.2423  reward_max: 0.8989  reward_mean: -2.0349  reward_min: -6.5047  value_loss: 15093202787482801799168.0000
Step:  1100000  |  score: 5.89 ± 3.70  |  actor_loss: 120.1360  cost_loss: 0.9452  q_loss: 4.8355  reward_max: 0.8801  reward_mean: -2.2975  reward_min: -6.5520  value_loss: 719807058018304.0000
Step:  1110000  |  score: 5.18 ± 2.63  |  actor_loss: 89.5205  cost_loss: 0.9561  q_loss: 5.0907  reward_max: 1.0249  reward_mean: -2.2552  reward_min: -6.6147  value_loss: 68618192683008.0000
Step:  1120000  |  score: 6.69 ± 3.09  |  actor_loss: 77.0693  cost_loss: 0.9627  q_loss: 6.1531  reward_max: 0.8541  reward_mean: -2.1215  reward_min: -6.6098  value_loss: 41885557063680.0000
Step:  1130000  |  score: 5.92 ± 2.16  |  actor_loss: 88.7784  cost_loss: 0.9343  q_loss: 5.2687  reward_max: 0.9050  reward_mean: -2.3541  reward_min: -6.5028  value_loss: 44850632196096.0000
Step:  1140000  |  score: 5.29 ± 3.20  |  actor_loss: 89.7612  cost_loss: 0.9406  q_loss: 5.4531  reward_max: 0.8571  reward_mean: -2.2376  reward_min: -6.6664  value_loss: 549775742536253440.0000
Step:  1150000  |  score: 7.15 ± 4.59  |  actor_loss: 78.0723  cost_loss: 0.9594  q_loss: 5.5829  reward_max: 0.9552  reward_mean: -2.1959  reward_min: -6.5783  value_loss: 8453931768217600.0000
Step:  1160000  |  score: 4.27 ± 2.60  |  actor_loss: 120.9458  cost_loss: 0.9531  q_loss: 4.9355  reward_max: 0.9443  reward_mean: -2.2202  reward_min: -6.5028  value_loss: 2091117969408.0000
Step:  1170000  |  score: 6.47 ± 3.59  |  actor_loss: 89.3915  cost_loss: 0.9672  q_loss: 4.3899  reward_max: 0.8740  reward_mean: -2.1300  reward_min: -6.8230  value_loss: 3751802377863168.0000
Step:  1180000  |  score: 6.42 ± 3.11  |  actor_loss: 81.8004  cost_loss: 0.9502  q_loss: 4.4517  reward_max: 0.8619  reward_mean: -2.2031  reward_min: -6.4334  value_loss: 15167568291611803648.0000
Step:  1190000  |  score: 7.08 ± 5.81  |  actor_loss: 90.6390  cost_loss: 0.9769  q_loss: 4.7296  reward_max: 0.9028  reward_mean: -2.0610  reward_min: -6.4290  value_loss: 170052569530368.0000
Step:  1200000  |  score: 5.12 ± 1.37  |  actor_loss: 86.5548  cost_loss: 0.9237  q_loss: 4.7452  reward_max: 1.0850  reward_mean: -2.3837  reward_min: -6.5547  value_loss: 1836094358290432.0000
Step:  1210000  |  score: 3.95 ± 2.15  |  actor_loss: 101.5144  cost_loss: 0.9429  q_loss: 5.0145  reward_max: 0.9464  reward_mean: -2.2534  reward_min: -6.6743  value_loss: 278713106432.0000
Step:  1220000  |  score: 9.04 ± 5.90  |  actor_loss: 95.1344  cost_loss: 0.9695  q_loss: 5.1930  reward_max: 0.9837  reward_mean: -2.1356  reward_min: -6.5280  value_loss: 2609181626466304.0000
Step:  1230000  |  score: 6.13 ± 3.56  |  actor_loss: 94.8450  cost_loss: 0.9572  q_loss: 4.2700  reward_max: 0.8295  reward_mean: -2.1848  reward_min: -6.5834  value_loss: 1111653366104064.0000
Step:  1240000  |  score: 7.60 ± 4.02  |  actor_loss: 96.9171  cost_loss: 0.9650  q_loss: 5.4635  reward_max: 0.9238  reward_mean: -2.1494  reward_min: -6.5454  value_loss: 186082729656320.0000
Step:  1250000  |  score: 6.22 ± 2.66  |  actor_loss: 75.0452  cost_loss: 1.0052  q_loss: 5.8089  reward_max: 0.9504  reward_mean: -1.9408  reward_min: -6.6227  value_loss: 31965321363456.0000
Step:  1260000  |  score: 6.73 ± 1.26  |  actor_loss: 98.3364  cost_loss: 1.0051  q_loss: 4.5577  reward_max: 1.0550  reward_mean: -1.9127  reward_min: -6.6583  value_loss: 155444597227520.0000
Step:  1270000  |  score: 6.15 ± 4.47  |  actor_loss: 99.6682  cost_loss: 0.9519  q_loss: 5.3163  reward_max: 1.1032  reward_mean: -2.1398  reward_min: -6.4949  value_loss: 7814947274752.0000
Step:  1280000  |  score: 4.13 ± 2.38  |  actor_loss: 67.9455  cost_loss: 0.9432  q_loss: 5.5226  reward_max: 1.6945  reward_mean: -2.1997  reward_min: -6.6389  value_loss: 404930456190976.0000
Step:  1290000  |  score: 4.68 ± 1.57  |  actor_loss: 83.6248  cost_loss: 0.9987  q_loss: 4.6846  reward_max: 1.0635  reward_mean: -2.1034  reward_min: -6.5941  value_loss: 50076135194624.0000
Step:  1300000  |  score: 7.19 ± 4.83  |  actor_loss: 88.6837  cost_loss: 0.9468  q_loss: 4.6859  reward_max: 1.4140  reward_mean: -2.3046  reward_min: -6.4826  value_loss: 3351912644608.0000
Step:  1310000  |  score: 5.86 ± 6.27  |  actor_loss: 106.5631  cost_loss: 0.9384  q_loss: 4.7772  reward_max: 0.8375  reward_mean: -2.2501  reward_min: -6.5173  value_loss: 20146078875648.0000
Step:  1320000  |  score: 5.74 ± 2.21  |  actor_loss: 106.3141  cost_loss: 0.9431  q_loss: 5.5699  reward_max: 0.9708  reward_mean: -2.2056  reward_min: -6.6886  value_loss: 122933818121256960.0000
Step:  1330000  |  score: 4.48 ± 2.59  |  actor_loss: 96.8905  cost_loss: 0.9532  q_loss: 4.7060  reward_max: 0.9511  reward_mean: -2.2102  reward_min: -6.7603  value_loss: 8545925135859712.0000
Step:  1340000  |  score: 5.00 ± 1.92  |  actor_loss: 82.8105  cost_loss: 0.9286  q_loss: 4.1969  reward_max: 0.8451  reward_mean: -2.3789  reward_min: -6.5435  value_loss: 977025345246986240.0000
Step:  1350000  |  score: 4.25 ± 2.14  |  actor_loss: 103.0883  cost_loss: 0.9518  q_loss: 4.7907  reward_max: 1.1090  reward_mean: -2.1773  reward_min: -6.5109  value_loss: 830142486151168.0000
Step:  1360000  |  score: 7.84 ± 4.44  |  actor_loss: 87.6285  cost_loss: 0.9868  q_loss: 4.6702  reward_max: 1.0683  reward_mean: -2.0341  reward_min: -6.6615  value_loss: 13949789536256.0000
Step:  1370000  |  score: 7.85 ± 5.91  |  actor_loss: 90.6140  cost_loss: 0.9662  q_loss: 7.4519  reward_max: 0.8078  reward_mean: -2.1765  reward_min: -6.4002  value_loss: 48068470817947648.0000
Step:  1380000  |  score: 6.42 ± 1.50  |  actor_loss: 90.5144  cost_loss: 0.9559  q_loss: 4.5371  reward_max: 0.8730  reward_mean: -2.2200  reward_min: -6.4153  value_loss: 55229068345344.0000
Step:  1390000  |  score: 5.43 ± 2.60  |  actor_loss: 78.4962  cost_loss: 0.9697  q_loss: 4.5813  reward_max: 0.7963  reward_mean: -2.1807  reward_min: -6.5658  value_loss: 1891034202112.0000
Step:  1400000  |  score: 5.26 ± 4.40  |  actor_loss: 88.9935  cost_loss: 0.9207  q_loss: 6.9169  reward_max: 1.0380  reward_mean: -2.3763  reward_min: -6.7215  value_loss: 116875860621054181376.0000
Step:  1410000  |  score: 5.85 ± 2.74  |  actor_loss: 76.0077  cost_loss: 0.9897  q_loss: 5.1522  reward_max: 1.0049  reward_mean: -2.0165  reward_min: -6.4549  value_loss: 270249861578752.0000
Step:  1420000  |  score: 6.40 ± 2.64  |  actor_loss: 88.6486  cost_loss: 0.9596  q_loss: 4.8168  reward_max: 0.8794  reward_mean: -2.1718  reward_min: -6.5676  value_loss: 94635616713563963392.0000
Step:  1430000  |  score: 7.59 ± 6.88  |  actor_loss: 79.0348  cost_loss: 1.0169  q_loss: 4.2787  reward_max: 0.9609  reward_mean: -1.8535  reward_min: -6.6215  value_loss: 31643012639490048.0000
Step:  1440000  |  score: 6.08 ± 5.19  |  actor_loss: 110.8937  cost_loss: 0.9980  q_loss: 4.2192  reward_max: 1.0702  reward_mean: -2.0281  reward_min: -6.6644  value_loss: 87144327334177275904.0000
Step:  1450000  |  score: 5.69 ± 2.98  |  actor_loss: 91.2132  cost_loss: 0.9646  q_loss: 5.3863  reward_max: 0.8712  reward_mean: -2.1006  reward_min: -6.4879  value_loss: 1698955247222784.0000
Step:  1460000  |  score: 7.09 ± 4.43  |  actor_loss: 96.4031  cost_loss: 0.9700  q_loss: 4.2088  reward_max: 0.7734  reward_mean: -2.0725  reward_min: -6.5084  value_loss: 8482999238656.0000
Step:  1470000  |  score: 5.06 ± 3.45  |  actor_loss: 88.9687  cost_loss: 0.9728  q_loss: 5.1635  reward_max: 0.8682  reward_mean: -2.1327  reward_min: -6.5770  value_loss: 19062990045184.0000
Step:  1480000  |  score: 4.21 ± 1.49  |  actor_loss: 101.1570  cost_loss: 0.9425  q_loss: 4.6828  reward_max: 0.7729  reward_mean: -2.3679  reward_min: -6.5964  value_loss: 285612808601600.0000
Step:  1490000  |  score: 4.91 ± 2.02  |  actor_loss: 97.7169  cost_loss: 0.9328  q_loss: 5.4420  reward_max: 1.0036  reward_mean: -2.2694  reward_min: -6.6147  value_loss: 8693855289344.0000
Step:  1500000  |  score: 5.51 ± 2.90  |  actor_loss: 89.2861  cost_loss: 0.9821  q_loss: 4.7347  reward_max: 0.9346  reward_mean: -2.0528  reward_min: -6.5406  value_loss: 77583721886944067584.0000
Step:  1510000  |  score: 6.62 ± 4.02  |  actor_loss: 85.6642  cost_loss: 0.9751  q_loss: 8.3173  reward_max: 0.7888  reward_mean: -2.1602  reward_min: -6.5240  value_loss: 105829798059704320.0000
Step:  1520000  |  score: 7.01 ± 3.48  |  actor_loss: 102.8896  cost_loss: 0.9521  q_loss: 5.5509  reward_max: 0.9298  reward_mean: -2.2154  reward_min: -6.6104  value_loss: 1130078775803904.0000
Step:  1530000  |  score: 7.88 ± 7.38  |  actor_loss: 109.5225  cost_loss: 0.9355  q_loss: 4.6653  reward_max: 0.9844  reward_mean: -2.2760  reward_min: -6.5201  value_loss: 399617844712570880.0000
Step:  1540000  |  score: 6.95 ± 4.93  |  actor_loss: 87.4762  cost_loss: 0.9719  q_loss: 5.3548  reward_max: 0.8322  reward_mean: -2.1076  reward_min: -6.4598  value_loss: 16207756869022777344.0000
Step:  1550000  |  score: 5.45 ± 3.71  |  actor_loss: 89.9084  cost_loss: 0.9804  q_loss: 4.1219  reward_max: 0.8801  reward_mean: -2.1097  reward_min: -6.4827  value_loss: 9805654654976.0000
Step:  1560000  |  score: 4.70 ± 3.84  |  actor_loss: 100.1284  cost_loss: 0.9226  q_loss: 5.2100  reward_max: 0.8223  reward_mean: -2.3265  reward_min: -6.5124  value_loss: 668114942083203072.0000
Step:  1570000  |  score: 3.99 ± 1.68  |  actor_loss: 109.2496  cost_loss: 0.9386  q_loss: 4.8492  reward_max: 0.8769  reward_mean: -2.3249  reward_min: -6.6333  value_loss: 101619958708829315519217664.0000
Step:  1580000  |  score: 6.29 ± 4.06  |  actor_loss: 108.3088  cost_loss: 0.9819  q_loss: 4.6797  reward_max: 1.0912  reward_mean: -2.0844  reward_min: -6.5647  value_loss: 2867306476601344.0000
Step:  1590000  |  score: 6.70 ± 3.65  |  actor_loss: 110.5922  cost_loss: 0.9941  q_loss: 3.4825  reward_max: 0.8146  reward_mean: -2.0353  reward_min: -6.4925  value_loss: 16807792250137346048.0000
Step:  1600000  |  score: 12.58 ± 8.26  |  actor_loss: 96.5277  cost_loss: 0.9480  q_loss: 4.5768  reward_max: 0.9894  reward_mean: -2.2575  reward_min: -6.5483  value_loss: 1122377765224448.0000
Step:  1610000  |  score: 6.66 ± 3.13  |  actor_loss: 86.9484  cost_loss: 0.9266  q_loss: 4.1796  reward_max: 0.7941  reward_mean: -2.3914  reward_min: -6.5924  value_loss: 26920000312836096.0000
Step:  1620000  |  score: 5.26 ± 3.81  |  actor_loss: 117.4473  cost_loss: 0.9484  q_loss: 4.0457  reward_max: 1.0321  reward_mean: -2.2007  reward_min: -6.4914  value_loss: 11749866585718784.0000
Step:  1630000  |  score: 8.22 ± 5.33  |  actor_loss: 120.0181  cost_loss: 0.8947  q_loss: 8.0014  reward_max: 0.8459  reward_mean: -2.5225  reward_min: -6.5979  value_loss: 440357361861787648.0000
Step:  1640000  |  score: 5.38 ± 2.68  |  actor_loss: 95.6264  cost_loss: 0.9651  q_loss: 4.3722  reward_max: 1.0062  reward_mean: -2.1515  reward_min: -6.4593  value_loss: 3260278200873254912.0000
Step:  1650000  |  score: 6.21 ± 5.86  |  actor_loss: 104.8719  cost_loss: 0.9607  q_loss: 5.2487  reward_max: 0.9970  reward_mean: -2.1336  reward_min: -6.4857  value_loss: 304432684204032.0000
Step:  1660000  |  score: 4.86 ± 2.25  |  actor_loss: 97.5494  cost_loss: 0.9553  q_loss: 3.5686  reward_max: 0.8629  reward_mean: -2.1731  reward_min: -6.5282  value_loss: 4562675564544.0000
Step:  1670000  |  score: 5.58 ± 3.50  |  actor_loss: 106.9940  cost_loss: 0.9592  q_loss: 5.5042  reward_max: 1.0560  reward_mean: -2.1522  reward_min: -6.5162  value_loss: 6956654092353536.0000
Step:  1680000  |  score: 6.89 ± 6.06  |  actor_loss: 85.1757  cost_loss: 0.9655  q_loss: 4.8144  reward_max: 1.0701  reward_mean: -2.0763  reward_min: -6.5400  value_loss: 12100025974784.0000
Step:  1690000  |  score: 6.19 ± 2.49  |  actor_loss: 108.1076  cost_loss: 0.9887  q_loss: 3.8775  reward_max: 0.9286  reward_mean: -2.0539  reward_min: -6.5141  value_loss: 2254277919380208615424.0000
Step:  1700000  |  score: 4.36 ± 1.56  |  actor_loss: 110.2524  cost_loss: 0.9672  q_loss: 5.3253  reward_max: 0.8286  reward_mean: -2.1234  reward_min: -6.5138  value_loss: 102152794013696.0000
Step:  1710000  |  score: 8.33 ± 5.23  |  actor_loss: 95.4826  cost_loss: 0.9685  q_loss: 4.3512  reward_max: 1.6638  reward_mean: -2.0701  reward_min: -6.3997  value_loss: 71903205130240.0000
Step:  1720000  |  score: 6.09 ± 2.80  |  actor_loss: 100.4870  cost_loss: 0.9231  q_loss: 4.6068  reward_max: 0.8524  reward_mean: -2.3780  reward_min: -6.4931  value_loss: 223192773820416.0000
Step:  1730000  |  score: 4.94 ± 2.81  |  actor_loss: 104.3501  cost_loss: 0.9799  q_loss: 3.8473  reward_max: 0.8824  reward_mean: -2.0687  reward_min: -6.5061  value_loss: 23999143378681856.0000
Step:  1740000  |  score: 6.94 ± 3.51  |  actor_loss: 90.8964  cost_loss: 0.9399  q_loss: 5.8751  reward_max: 0.8488  reward_mean: -2.2387  reward_min: -6.5758  value_loss: 5978489786204160.0000
Step:  1750000  |  score: 4.63 ± 2.44  |  actor_loss: 101.5928  cost_loss: 0.9753  q_loss: 5.2813  reward_max: 0.9060  reward_mean: -2.0841  reward_min: -6.5935  value_loss: 466628869357568.0000
Step:  1760000  |  score: 7.79 ± 5.75  |  actor_loss: 105.8372  cost_loss: 0.9595  q_loss: 4.1983  reward_max: 0.8638  reward_mean: -2.2586  reward_min: -6.6640  value_loss: 38953598976.0000
Step:  1770000  |  score: 5.22 ± 4.64  |  actor_loss: 86.9828  cost_loss: 0.9530  q_loss: 4.6391  reward_max: 0.9961  reward_mean: -2.0789  reward_min: -6.4991  value_loss: 203670637510656.0000
Step:  1780000  |  score: 6.89 ± 4.59  |  actor_loss: 95.7832  cost_loss: 0.9600  q_loss: 4.1513  reward_max: 0.8854  reward_mean: -2.1814  reward_min: -6.5896  value_loss: 153339442495488.0000
Step:  1790000  |  score: 5.90 ± 2.99  |  actor_loss: 95.2915  cost_loss: 0.9696  q_loss: 4.9931  reward_max: 0.8349  reward_mean: -2.1586  reward_min: -6.3925  value_loss: 10399203524083712.0000
Step:  1800000  |  score: 5.32 ± 5.42  |  actor_loss: 100.4923  cost_loss: 0.9613  q_loss: 5.2603  reward_max: 0.8399  reward_mean: -2.2280  reward_min: -6.5791  value_loss: 27976737890557527590961152.0000
Step:  1810000  |  score: 4.82 ± 2.63  |  actor_loss: 102.9761  cost_loss: 0.9662  q_loss: 4.1480  reward_max: 0.7638  reward_mean: -2.1496  reward_min: -6.4106  value_loss: 3058430373789696.0000
Step:  1820000  |  score: 3.70 ± 1.98  |  actor_loss: 99.4611  cost_loss: 0.9705  q_loss: 4.5996  reward_max: 0.9765  reward_mean: -2.0604  reward_min: -6.5017  value_loss: 54515587874816.0000
Step:  1830000  |  score: 4.84 ± 2.45  |  actor_loss: 87.0134  cost_loss: 0.9867  q_loss: 4.4152  reward_max: 0.9267  reward_mean: -2.0377  reward_min: -6.4509  value_loss: 433645780992.0000
Step:  1840000  |  score: 6.26 ± 3.41  |  actor_loss: 85.1030  cost_loss: 0.9664  q_loss: 4.5817  reward_max: 0.8769  reward_mean: -2.1233  reward_min: -6.5607  value_loss: 9309491200.0000
Step:  1850000  |  score: 4.53 ± 2.47  |  actor_loss: 98.1507  cost_loss: 0.9554  q_loss: 4.6407  reward_max: 0.8006  reward_mean: -2.2060  reward_min: -6.5639  value_loss: 7359359877120.0000
Step:  1860000  |  score: 4.33 ± 1.50  |  actor_loss: 87.6897  cost_loss: 0.9861  q_loss: 3.8359  reward_max: 0.8952  reward_mean: -2.0672  reward_min: -6.6051  value_loss: 1483903504186605568.0000
Step:  1870000  |  score: 6.45 ± 2.20  |  actor_loss: 102.4557  cost_loss: 0.9466  q_loss: 4.7734  reward_max: 0.9726  reward_mean: -2.1916  reward_min: -6.4608  value_loss: 275616933376688128.0000
Step:  1880000  |  score: 3.49 ± 2.29  |  actor_loss: 103.0114  cost_loss: 0.9698  q_loss: 4.8930  reward_max: 0.9678  reward_mean: -2.1409  reward_min: -6.5456  value_loss: 596488883273728.0000
Step:  1890000  |  score: 4.63 ± 2.61  |  actor_loss: 101.2163  cost_loss: 0.9305  q_loss: 4.7152  reward_max: 0.9301  reward_mean: -2.3419  reward_min: -6.5765  value_loss: 1217615443787776.0000
Step:  1900000  |  score: 3.75 ± 1.63  |  actor_loss: 84.5014  cost_loss: 0.9784  q_loss: 5.1004  reward_max: 0.8437  reward_mean: -2.0624  reward_min: -6.4773  value_loss: 311310302576640.0000
Step:  1910000  |  score: 7.16 ± 3.30  |  actor_loss: 107.2625  cost_loss: 0.9779  q_loss: 5.2357  reward_max: 0.8445  reward_mean: -2.0675  reward_min: -6.7165  value_loss: 281424108191744.0000
Step:  1920000  |  score: 5.66 ± 4.24  |  actor_loss: 88.5642  cost_loss: 0.9707  q_loss: 4.0595  reward_max: 1.0269  reward_mean: -2.1040  reward_min: -6.5424  value_loss: 259143434240.0000
Step:  1930000  |  score: 5.12 ± 2.70  |  actor_loss: 79.5862  cost_loss: 0.9760  q_loss: 5.2912  reward_max: 0.8829  reward_mean: -2.0610  reward_min: -6.5193  value_loss: 974384267264.0000
Step:  1940000  |  score: 10.18 ± 4.21  |  actor_loss: 96.0521  cost_loss: 0.9719  q_loss: 4.2087  reward_max: 0.9395  reward_mean: -2.0840  reward_min: -6.6716  value_loss: 90659000156160.0000
Step:  1950000  |  score: 8.35 ± 4.79  |  actor_loss: 107.3340  cost_loss: 0.9812  q_loss: 4.8685  reward_max: 1.1296  reward_mean: -2.1917  reward_min: -6.5051  value_loss: 15176928591872.0000
Step:  1960000  |  score: 6.67 ± 4.17  |  actor_loss: 92.0818  cost_loss: 0.9899  q_loss: 4.4175  reward_max: 0.8168  reward_mean: -2.0924  reward_min: -6.5281  value_loss: 75293216240304128.0000
Step:  1970000  |  score: 6.77 ± 2.90  |  actor_loss: 98.6321  cost_loss: 0.9459  q_loss: 4.1623  reward_max: 0.8212  reward_mean: -2.2049  reward_min: -6.6238  value_loss: 190954615078912.0000
Step:  1980000  |  score: 3.48 ± 2.27  |  actor_loss: 106.2661  cost_loss: 0.9430  q_loss: 5.7118  reward_max: 1.1490  reward_mean: -2.2334  reward_min: -6.6250  value_loss: 49336985583616.0000
Step:  1990000  |  score: 7.28 ± 6.21  |  actor_loss: 82.9440  cost_loss: 0.9786  q_loss: 4.1365  reward_max: 0.8898  reward_mean: -2.0568  reward_min: -6.5200  value_loss: 16514846111563776.0000
Step:  2000000  |  score: 6.89 ± 4.48  |  actor_loss: 91.5766  cost_loss: 0.9722  q_loss: 4.0355  reward_max: 0.8967  reward_mean: -2.1330  reward_min: -6.5340  value_loss: 28898107630551040.0000
Final evaluation (13 iterations)...
Final score: 6.30 ± 4.65
wandb: WARNING Symlinked 1 file into the W&B run directory; call wandb.save again to sync new files.
wandb: updating run metadata
wandb: uploading final_returns/bdemodice_halfcheetah-expert-v2_2026-03-19_01-47-50.npz; uploading output.log; uploading wandb-summary.json; uploading config.yaml
wandb: uploading output.log; uploading config.yaml
wandb: uploading summary, console lines 214-215
wandb: 
wandb: Run history:
wandb:  actor_loss ▄▄▇▆▆▆▅▆▅▃▁▄▄▃▄▅▄▄▆▅▇█▂▃▅▄▅▃▂▃▄▃▆▄▆▄▅▃▂▅
wandb:   cost_loss ▅█▄▃▃▂▂▄▆▂▁▅▆▂▆▅▃▃▃▂▆▄▂▃▂▅▃▂▂▃█▄▄▂▁▄▃▄▄▃
wandb: num_updates ▁▁▁▁▂▂▂▃▃▃▃▃▃▃▄▄▄▄▄▅▅▅▅▅▅▅▆▆▆▆▆▆▇▇▇▇▇███
wandb:      q_loss ▁█▇▄▅▃▃▄▃▂▂▃▂▂▃▃▃▂▃▂▃▂▂▂▂▂▃▂▂▂▂▂▂▂▁▂▂▂▂▂
wandb:      return ▄▁▁▂▂▂▂▂▄▂▃▃▃▃▂▃▃▃▂▃▃▄▂▄▃▅▃▄▅▄▄▃▅▂█▃▂▄▂▄
wandb:  reward_max ▃▃█▂▃▆▂▂▂▁▃▂▅▂▁▆▂▁▂▂▂▂▃▄▃▂▂▃▁▁▃▃▄▁▂▂▃▁▃▂
wandb: reward_mean ▅█▅▆▆▄▆▄▆▃▂▃▇▄▆▆▃▇▇▁▆▅▄▂▅▆▄▄▄▇▄▃▆▁▃▄▄▄▂▆
wandb:  reward_min ▇▂▄▄▄▂▅▂▅▂▁▁▅▇▆▆▆▅▄▄▄▆▄▆█▇▄▆▅▄▆▅▆▆█▄▅▆▃▆
wandb:       score ▄▁▂▁▂▂▁▂▃▂▃▃▃▄▃▃▂▃▄▂▃▄▂▂▃▂▃▂▃▃█▃▄▃▂▃▃▂▃▂
wandb:   score_std ▁▂▂▂▂▂▂▃▃▃▃▄▄▃▂▃▃▄▃▄▅▄▅▆▆▄▃▄█▆▅▆▇▇▇▃▄▃▄▆
wandb:          +1 ...
wandb: 
wandb: Run summary:
wandb:  actor_loss 91.5766
wandb:   cost_loss 0.97224
wandb: num_updates 2000000
wandb:      q_loss 4.03547
wandb:      return 575.74793
wandb:  reward_max 0.89671
wandb: reward_mean -2.13304
wandb:  reward_min -6.53399
wandb:       score 6.8942
wandb:   score_std 4.47837
wandb:          +1 ...
wandb: 
wandb: 🚀 View run bdemodice_halfcheetah_M4_s1 at: https://wandb.ai/wsk208/DemoDICE/runs/2hr64c8a
wandb: ⭐️ View project at: https://wandb.ai/wsk208/DemoDICE
wandb: Synced 5 W&B file(s), 0 media file(s), 0 artifact file(s) and 1 other file(s)
wandb: Find logs at: ./wandb/run-20260319_012223-2hr64c8a/logs
