Warning: All of online environments libraries in D4RL have been moved ]8;;https://github.com/Farama-Foundation/Gymnasium\Gymnasium]8;;\, ]8;;https://github.com/Farama-Foundation/MiniGrid\MiniGrid]8;;\ and ]8;;https://github.com/Farama-Foundation/Gymnasium-Robotics\Gymnasium-Robotics]8;;\, and all offline datasets in D4RL have been moved to ]8;;https://github.com/Farama-Foundation/Minari\Minari]8;;\.
These new versions include large bug fixes, new versions of Python, and are where all new development will continue. Please upgrade these libraries as soon as you're able to do so.
If you'd like to read more about the story behind this switch, please check out ]8;;https://farama.org/Announcing-Minari\this blog post]8;;\.
Gym has been unmaintained since 2022 and does not support NumPy 2.0 amongst other critical functionality.
Please upgrade to Gymnasium, the maintained drop-in replacement of Gym, or contact the authors of your software and request that they upgrade.
See the migration guide at https://gymnasium.farama.org/introduction/migration_guide/ for additional information.
/opt/venv/lib/python3.10/site-packages/Cython/Distutils/old_build_ext.py:15: DeprecationWarning: dep_util is Deprecated. Use functions from setuptools instead.
  from distutils.dep_util import newer, newer_group
<frozen importlib._bootstrap>:283: DeprecationWarning: the load_module() method is deprecated and slated for removal in Python 3.12; use exec_module() instead
pybullet build time: Jan 29 2025 23:16:28
wandb: [wandb.login()] Loaded credentials for https://api.wandb.ai from /root/.netrc.
wandb: Currently logged in as: wsk208 (roidice) to https://api.wandb.ai. Use `wandb login --relogin` to force relogin
/opt/venv/lib/python3.10/site-packages/wandb/analytics/sentry.py:268: DeprecationWarning: Read the `app_url` setting from the appropriate Settings object.
  app_url = wandb.util.app_url(tags["base_url"])  # type: ignore[index]
/opt/venv/lib/python3.10/site-packages/wandb/analytics/sentry.py:279: DeprecationWarning: The `Scope.user` setter is deprecated in favor of `Scope.set_user()`.
  self.scope.user = {"email": email}
wandb: setting up run 99s6cp87
/opt/venv/lib/python3.10/site-packages/wandb/analytics/sentry.py:268: DeprecationWarning: Read the `app_url` setting from the appropriate Settings object.
  app_url = wandb.util.app_url(tags["base_url"])  # type: ignore[index]
/opt/venv/lib/python3.10/site-packages/wandb/analytics/sentry.py:279: DeprecationWarning: The `Scope.user` setter is deprecated in favor of `Scope.set_user()`.
  self.scope.user = {"email": email}
wandb: Tracking run with wandb version 0.25.1
wandb: Run data is saved locally in /app/wandb/run-20260318_095700-99s6cp87
wandb: Run `wandb offline` to turn off syncing.
wandb: Syncing run bdemodice_hopper_M2_s0
wandb: ⭐️ View project at https://wandb.ai/wsk208/DemoDICE
wandb: 🚀 View run at https://wandb.ai/wsk208/DemoDICE/runs/99s6cp87
/opt/venv/lib/python3.10/site-packages/gym/spaces/box.py:84: UserWarning: [33mWARN: Box bound precision lowered by casting to float32[0m
  logger.warn(f"Box bound precision lowered by casting to {self.dtype}")
load datafile:   0%|          | 0/21 [00:00<?, ?it/s]load datafile:  10%|▉         | 2/21 [00:00<00:01, 17.82it/s]load datafile:  19%|█▉        | 4/21 [00:00<00:02,  6.07it/s]load datafile:  81%|████████  | 17/21 [00:00<00:00, 22.13it/s]load datafile:  95%|█████████▌| 20/21 [00:01<00:00, 16.93it/s]load datafile: 100%|██████████| 21/21 [00:01<00:00, 17.11it/s]
Expert  :  999061 transitions  (hopper-expert-v2, 400 traj)
load datafile:   0%|          | 0/9 [00:00<?, ?it/s]load datafile:  33%|███▎      | 3/9 [00:00<00:00,  9.01it/s]load datafile:  44%|████▍     | 4/9 [00:00<00:00,  6.53it/s]load datafile:  56%|█████▌    | 5/9 [00:00<00:00,  4.98it/s]load datafile:  67%|██████▋   | 6/9 [00:01<00:00,  4.29it/s]load datafile: 100%|██████████| 9/9 [00:01<00:00,  7.42it/s]
Imperfect:    8684 transitions  (hopper-random-v2, 400 traj)
Union   : 1007745 transitions total
/root/.local/share/uv/python/cpython-3.10-linux-x86_64-gnu/lib/python3.10/multiprocessing/popen_fork.py:66: RuntimeWarning: os.fork() was called. os.fork() is incompatible with multithreaded code, and JAX is multithreaded, so this will likely lead to a deadlock.
  self.pid = os.fork()
/opt/venv/lib/python3.10/site-packages/tensorflow_probability/python/internal/backend/jax/ops.py:681: DeprecationWarning: jax.interpreters.xla.pytype_aval_mappings is deprecated.
  jax.interpreters.xla.pytype_aval_mappings[onp.ndarray])
/opt/venv/lib/python3.10/site-packages/gym/spaces/box.py:84: UserWarning: [33mWARN: Box bound precision lowered by casting to float32[0m
  logger.warn(f"Box bound precision lowered by casting to {self.dtype}")
Step:    10000  |  score: 21.88 ± 5.83  |  actor_loss: 2.0671  cost_loss: 1.3865  q_loss: 0.0226  reward_max: 0.1756  reward_mean: 0.0357  reward_min: -1.6287  value_loss: -0.5478
Step:    20000  |  score: 33.15 ± 29.37  |  actor_loss: 1.3601  cost_loss: 1.3815  q_loss: 0.0066  reward_max: 0.1744  reward_mean: 0.0016  reward_min: -2.8747  value_loss: -0.2580
Step:    30000  |  score: 25.16 ± 0.65  |  actor_loss: 0.7884  cost_loss: 1.3832  q_loss: 0.0051  reward_max: 0.2714  reward_mean: 0.0066  reward_min: -0.9811  value_loss: 0.0071
Step:    40000  |  score: 63.34 ± 23.32  |  actor_loss: 0.4239  cost_loss: 1.3798  q_loss: 0.0067  reward_max: 0.1820  reward_mean: -0.0105  reward_min: -4.6806  value_loss: 0.1960
Step:    50000  |  score: 42.14 ± 11.57  |  actor_loss: 0.2833  cost_loss: 1.3796  q_loss: 0.0079  reward_max: 0.0903  reward_mean: -0.0067  reward_min: -2.5111  value_loss: 0.2117
Step:    60000  |  score: 81.92 ± 22.46  |  actor_loss: 0.0686  cost_loss: 1.3825  q_loss: 0.0083  reward_max: 0.0709  reward_mean: -0.0118  reward_min: -0.8976  value_loss: 0.3891
Step:    70000  |  score: 66.27 ± 21.42  |  actor_loss: 0.1443  cost_loss: 1.3832  q_loss: 0.0040  reward_max: 0.1711  reward_mean: 0.0054  reward_min: -0.6986  value_loss: 0.4823
Step:    80000  |  score: 37.43 ± 12.91  |  actor_loss: 0.0501  cost_loss: 1.3809  q_loss: 0.0038  reward_max: 0.1275  reward_mean: 0.0122  reward_min: -1.0376  value_loss: 0.5417
Step:    90000  |  score: 35.55 ± 11.26  |  actor_loss: 0.2138  cost_loss: 1.3767  q_loss: 0.0140  reward_max: 0.0980  reward_mean: -0.0193  reward_min: -4.9434  value_loss: 0.5147
Step:   100000  |  score: 97.12 ± 20.87  |  actor_loss: 0.0229  cost_loss: 1.3811  q_loss: 0.0057  reward_max: 0.1388  reward_mean: -0.0052  reward_min: -3.4915  value_loss: 0.5990
Step:   110000  |  score: 43.25 ± 28.25  |  actor_loss: 0.0510  cost_loss: 1.3787  q_loss: 0.0046  reward_max: 0.1058  reward_mean: -0.0060  reward_min: -3.4913  value_loss: 0.5915
Step:   120000  |  score: 62.33 ± 18.91  |  actor_loss: 0.0957  cost_loss: 1.3780  q_loss: 0.0106  reward_max: 0.1293  reward_mean: -0.0042  reward_min: -3.1426  value_loss: 0.5383
Step:   130000  |  score: 94.30 ± 19.94  |  actor_loss: 0.0353  cost_loss: 1.3780  q_loss: 0.0114  reward_max: 0.1304  reward_mean: -0.0078  reward_min: -5.4742  value_loss: 0.6091
Step:   140000  |  score: 92.90 ± 21.77  |  actor_loss: 0.0769  cost_loss: 1.3800  q_loss: 0.0038  reward_max: 0.1242  reward_mean: 0.0000  reward_min: -1.9015  value_loss: 0.6484
Step:   150000  |  score: 80.71 ± 26.84  |  actor_loss: 0.0679  cost_loss: 1.3778  q_loss: 0.0100  reward_max: 0.1059  reward_mean: -0.0083  reward_min: -3.7998  value_loss: 0.6649
Step:   160000  |  score: 73.29 ± 24.65  |  actor_loss: -0.0733  cost_loss: 1.3795  q_loss: 0.0062  reward_max: 0.1271  reward_mean: -0.0073  reward_min: -2.5455  value_loss: 0.6963
Step:   170000  |  score: 105.13 ± 8.19  |  actor_loss: -0.0647  cost_loss: 1.3832  q_loss: 0.0046  reward_max: 0.0885  reward_mean: 0.0048  reward_min: -1.2819  value_loss: 0.7497
Step:   180000  |  score: 77.39 ± 25.03  |  actor_loss: -0.0752  cost_loss: 1.3787  q_loss: 0.0046  reward_max: 0.1371  reward_mean: -0.0005  reward_min: -2.2533  value_loss: 0.6882
Step:   190000  |  score: 84.60 ± 28.96  |  actor_loss: -0.0793  cost_loss: 1.3789  q_loss: 0.0044  reward_max: 0.2051  reward_mean: 0.0061  reward_min: -2.0996  value_loss: 0.7267
Step:   200000  |  score: 84.81 ± 22.97  |  actor_loss: -0.1002  cost_loss: 1.3726  q_loss: 0.0146  reward_max: 0.1298  reward_mean: -0.0356  reward_min: -5.5006  value_loss: 0.6449
Step:   210000  |  score: 72.76 ± 24.35  |  actor_loss: -0.1269  cost_loss: 1.3784  q_loss: 0.0066  reward_max: 0.1223  reward_mean: -0.0007  reward_min: -3.1920  value_loss: 0.7852
Step:   220000  |  score: 95.68 ± 25.78  |  actor_loss: -0.0677  cost_loss: 1.3797  q_loss: 0.0039  reward_max: 0.1057  reward_mean: 0.0004  reward_min: -1.9441  value_loss: 0.8214
Step:   230000  |  score: 110.60 ± 3.05  |  actor_loss: -0.0251  cost_loss: 1.3781  q_loss: 0.0340  reward_max: 0.1229  reward_mean: 0.0007  reward_min: -3.1895  value_loss: 0.8340
Step:   240000  |  score: 105.01 ± 10.96  |  actor_loss: 0.0747  cost_loss: 1.3830  q_loss: 0.0024  reward_max: 0.0914  reward_mean: 0.0079  reward_min: -0.8319  value_loss: 0.8739
Step:   250000  |  score: 98.15 ± 17.16  |  actor_loss: 0.0373  cost_loss: 1.3762  q_loss: 0.0107  reward_max: 0.1032  reward_mean: -0.0263  reward_min: -3.2914  value_loss: 0.6995
Step:   260000  |  score: 98.59 ± 23.40  |  actor_loss: 0.1424  cost_loss: 1.3775  q_loss: 0.0074  reward_max: 0.1588  reward_mean: -0.0143  reward_min: -3.9722  value_loss: 0.7858
Step:   270000  |  score: 103.39 ± 13.77  |  actor_loss: -0.0712  cost_loss: 1.3774  q_loss: 0.0055  reward_max: 0.0885  reward_mean: -0.0033  reward_min: -2.3805  value_loss: 0.7965
Step:   280000  |  score: 37.00 ± 26.89  |  actor_loss: -0.1251  cost_loss: 1.3801  q_loss: 0.0063  reward_max: 0.1169  reward_mean: 0.0021  reward_min: -3.3028  value_loss: 0.8987
Step:   290000  |  score: 85.15 ± 33.05  |  actor_loss: -0.1823  cost_loss: 1.3791  q_loss: 0.0158  reward_max: 0.1597  reward_mean: -0.0130  reward_min: -3.0090  value_loss: 0.8436
Step:   300000  |  score: 96.40 ± 14.01  |  actor_loss: -0.0727  cost_loss: 1.3778  q_loss: 0.0067  reward_max: 0.1156  reward_mean: -0.0084  reward_min: -2.3257  value_loss: 0.8037
Step:   310000  |  score: 103.68 ± 19.10  |  actor_loss: 0.0640  cost_loss: 1.3772  q_loss: 0.0041  reward_max: 0.1497  reward_mean: -0.0146  reward_min: -4.6431  value_loss: 0.8675
Step:   320000  |  score: 103.72 ± 7.25  |  actor_loss: -0.0208  cost_loss: 1.3804  q_loss: 0.0074  reward_max: 0.1154  reward_mean: -0.0016  reward_min: -4.3803  value_loss: 0.8988
Step:   330000  |  score: 90.26 ± 22.10  |  actor_loss: -0.0667  cost_loss: 1.3781  q_loss: 0.0086  reward_max: 0.0997  reward_mean: -0.0061  reward_min: -2.9010  value_loss: 0.8453
Step:   340000  |  score: 88.95 ± 24.42  |  actor_loss: -0.1321  cost_loss: 1.3757  q_loss: 0.0145  reward_max: 0.1169  reward_mean: -0.0107  reward_min: -3.1693  value_loss: 0.7865
Step:   350000  |  score: 76.00 ± 28.22  |  actor_loss: -0.2627  cost_loss: 1.3795  q_loss: 0.0018  reward_max: 0.1488  reward_mean: -0.0070  reward_min: -2.7369  value_loss: 0.8891
Step:   360000  |  score: 99.44 ± 20.84  |  actor_loss: -0.0925  cost_loss: 1.3784  q_loss: 0.0036  reward_max: 0.1174  reward_mean: -0.0122  reward_min: -3.7441  value_loss: 0.8900
Step:   370000  |  score: 109.02 ± 5.08  |  actor_loss: -0.1097  cost_loss: 1.3807  q_loss: 0.0064  reward_max: 0.0856  reward_mean: -0.0107  reward_min: -5.7113  value_loss: 0.9652
Step:   380000  |  score: 90.61 ± 25.17  |  actor_loss: -0.0267  cost_loss: 1.3763  q_loss: 0.0153  reward_max: 0.1075  reward_mean: -0.0259  reward_min: -5.3401  value_loss: 0.7890
Step:   390000  |  score: 96.91 ± 26.26  |  actor_loss: -0.0655  cost_loss: 1.3732  q_loss: 0.0051  reward_max: 0.0914  reward_mean: -0.0381  reward_min: -3.7219  value_loss: 0.7513
Step:   400000  |  score: 103.62 ± 10.92  |  actor_loss: -0.1020  cost_loss: 1.3777  q_loss: 0.0054  reward_max: 0.1492  reward_mean: 0.0008  reward_min: -1.3906  value_loss: 0.9052
Step:   410000  |  score: 110.63 ± 3.63  |  actor_loss: -0.1828  cost_loss: 1.3773  q_loss: 0.0048  reward_max: 0.0757  reward_mean: -0.0174  reward_min: -4.0036  value_loss: 0.8691
Step:   420000  |  score: 93.99 ± 27.79  |  actor_loss: -0.2414  cost_loss: 1.3798  q_loss: 0.0037  reward_max: 0.1735  reward_mean: 0.0011  reward_min: -3.3127  value_loss: 0.9449
Step:   430000  |  score: 100.49 ± 16.43  |  actor_loss: -0.1546  cost_loss: 1.3813  q_loss: 0.0027  reward_max: 0.1419  reward_mean: 0.0060  reward_min: -2.7542  value_loss: 1.0121
Step:   440000  |  score: 111.15 ± 0.56  |  actor_loss: -0.2616  cost_loss: 1.3802  q_loss: 0.0031  reward_max: 0.0842  reward_mean: -0.0002  reward_min: -3.1362  value_loss: 0.9790
Step:   450000  |  score: 110.89 ± 0.50  |  actor_loss: -0.2231  cost_loss: 1.3813  q_loss: 0.0036  reward_max: 0.0724  reward_mean: -0.0007  reward_min: -5.2135  value_loss: 1.0140
Step:   460000  |  score: 111.79 ± 1.10  |  actor_loss: -0.1421  cost_loss: 1.3755  q_loss: 0.0064  reward_max: 0.1077  reward_mean: -0.0192  reward_min: -3.2970  value_loss: 0.8852
Step:   470000  |  score: 85.49 ± 25.00  |  actor_loss: 0.0198  cost_loss: 1.3763  q_loss: 0.0059  reward_max: 0.1132  reward_mean: -0.0150  reward_min: -4.1084  value_loss: 0.8185
Step:   480000  |  score: 97.35 ± 27.47  |  actor_loss: -0.1231  cost_loss: 1.3813  q_loss: 0.0045  reward_max: 0.1904  reward_mean: -0.0005  reward_min: -3.4708  value_loss: 1.0078
Step:   490000  |  score: 108.22 ± 7.42  |  actor_loss: 0.0150  cost_loss: 1.3762  q_loss: 0.0113  reward_max: 0.1356  reward_mean: -0.0216  reward_min: -3.6180  value_loss: 0.8528
Step:   500000  |  score: 106.66 ± 7.40  |  actor_loss: -0.1592  cost_loss: 1.3762  q_loss: 0.0053  reward_max: 0.0974  reward_mean: -0.0190  reward_min: -4.4758  value_loss: 0.8867
Step:   510000  |  score: 101.40 ± 18.37  |  actor_loss: -0.0975  cost_loss: 1.3758  q_loss: 0.0038  reward_max: 0.1509  reward_mean: -0.0183  reward_min: -4.2083  value_loss: 0.9254
Step:   520000  |  score: 109.71 ± 2.37  |  actor_loss: -0.0257  cost_loss: 1.3804  q_loss: 0.0029  reward_max: 0.0906  reward_mean: 0.0001  reward_min: -4.1680  value_loss: 1.0120
Step:   530000  |  score: 85.31 ± 25.65  |  actor_loss: -0.1300  cost_loss: 1.3807  q_loss: 0.0030  reward_max: 0.0726  reward_mean: -0.0008  reward_min: -2.7749  value_loss: 0.9879
Step:   540000  |  score: 101.29 ± 10.30  |  actor_loss: -0.1620  cost_loss: 1.3809  q_loss: 0.0034  reward_max: 0.1242  reward_mean: -0.0006  reward_min: -2.4258  value_loss: 0.9564
Step:   550000  |  score: 111.09 ± 0.51  |  actor_loss: -0.1863  cost_loss: 1.3820  q_loss: 0.0034  reward_max: 0.0781  reward_mean: 0.0112  reward_min: -1.4955  value_loss: 1.0366
Step:   560000  |  score: 109.83 ± 3.65  |  actor_loss: -0.2172  cost_loss: 1.3799  q_loss: 0.0039  reward_max: 0.0864  reward_mean: -0.0034  reward_min: -3.2526  value_loss: 0.9383
Step:   570000  |  score: 87.76 ± 23.97  |  actor_loss: -0.2194  cost_loss: 1.3794  q_loss: 0.0062  reward_max: 0.1386  reward_mean: -0.0021  reward_min: -2.4353  value_loss: 0.9598
Step:   580000  |  score: 95.53 ± 20.75  |  actor_loss: -0.1794  cost_loss: 1.3787  q_loss: 0.0046  reward_max: 0.1014  reward_mean: -0.0093  reward_min: -2.7615  value_loss: 0.9451
Step:   590000  |  score: 94.21 ± 26.78  |  actor_loss: -0.1573  cost_loss: 1.3786  q_loss: 0.0029  reward_max: 0.1000  reward_mean: -0.0141  reward_min: -4.1617  value_loss: 0.9643
Step:   600000  |  score: 106.15 ± 15.82  |  actor_loss: -0.0406  cost_loss: 1.3754  q_loss: 0.0111  reward_max: 0.0939  reward_mean: -0.0168  reward_min: -3.2276  value_loss: 0.8502
Step:   610000  |  score: 93.49 ± 23.16  |  actor_loss: -0.2806  cost_loss: 1.3773  q_loss: 0.0036  reward_max: 0.0931  reward_mean: -0.0082  reward_min: -2.8554  value_loss: 0.9158
Step:   620000  |  score: 100.69 ± 16.21  |  actor_loss: -0.2309  cost_loss: 1.3804  q_loss: 0.0023  reward_max: 0.0729  reward_mean: -0.0067  reward_min: -4.1327  value_loss: 0.9941
Step:   630000  |  score: 110.77 ± 0.52  |  actor_loss: -0.2572  cost_loss: 1.3772  q_loss: 0.0029  reward_max: 0.1133  reward_mean: -0.0142  reward_min: -3.1445  value_loss: 0.9366
Step:   640000  |  score: 100.75 ± 23.33  |  actor_loss: 0.0100  cost_loss: 1.3721  q_loss: 0.0071  reward_max: 0.0924  reward_mean: -0.0356  reward_min: -3.6193  value_loss: 0.7887
Step:   650000  |  score: 76.92 ± 32.68  |  actor_loss: -0.2594  cost_loss: 1.3793  q_loss: 0.0032  reward_max: 0.1191  reward_mean: -0.0029  reward_min: -1.8283  value_loss: 0.9614
Step:   660000  |  score: 109.48 ± 4.38  |  actor_loss: -0.1385  cost_loss: 1.3762  q_loss: 0.0064  reward_max: 0.1678  reward_mean: -0.0102  reward_min: -4.8339  value_loss: 0.9417
Step:   670000  |  score: 92.21 ± 25.72  |  actor_loss: -0.2197  cost_loss: 1.3762  q_loss: 0.0032  reward_max: 0.1575  reward_mean: -0.0064  reward_min: -2.6661  value_loss: 0.9771
Step:   680000  |  score: 92.49 ± 23.36  |  actor_loss: -0.1294  cost_loss: 1.3795  q_loss: 0.0047  reward_max: 0.0851  reward_mean: -0.0035  reward_min: -3.7079  value_loss: 0.9960
Step:   690000  |  score: 106.12 ± 8.80  |  actor_loss: -0.2366  cost_loss: 1.3793  q_loss: 0.0036  reward_max: 0.1334  reward_mean: -0.0059  reward_min: -4.7609  value_loss: 1.0025
Step:   700000  |  score: 111.47 ± 1.87  |  actor_loss: -0.0969  cost_loss: 1.3804  q_loss: 0.0055  reward_max: 0.0929  reward_mean: 0.0042  reward_min: -2.6913  value_loss: 1.0682
Step:   710000  |  score: 107.59 ± 8.81  |  actor_loss: -0.1741  cost_loss: 1.3787  q_loss: 0.0022  reward_max: 0.1146  reward_mean: -0.0046  reward_min: -4.3327  value_loss: 0.9996
Step:   720000  |  score: 111.24 ± 2.94  |  actor_loss: -0.3239  cost_loss: 1.3764  q_loss: 0.0066  reward_max: 0.1263  reward_mean: -0.0100  reward_min: -3.5745  value_loss: 0.9268
Step:   730000  |  score: 111.05 ± 2.16  |  actor_loss: -0.1635  cost_loss: 1.3755  q_loss: 0.0120  reward_max: 0.1325  reward_mean: -0.0218  reward_min: -4.7213  value_loss: 0.9234
Step:   740000  |  score: 98.13 ± 22.46  |  actor_loss: -0.3308  cost_loss: 1.3805  q_loss: 0.0030  reward_max: 0.1375  reward_mean: 0.0009  reward_min: -3.0400  value_loss: 0.9808
Step:   750000  |  score: 111.92 ± 0.67  |  actor_loss: -0.0918  cost_loss: 1.3780  q_loss: 0.0029  reward_max: 0.1885  reward_mean: -0.0084  reward_min: -3.9576  value_loss: 0.9385
Step:   760000  |  score: 105.00 ± 11.33  |  actor_loss: -0.0353  cost_loss: 1.3750  q_loss: 0.0118  reward_max: 0.0733  reward_mean: -0.0280  reward_min: -4.3012  value_loss: 0.9196
Step:   770000  |  score: 101.31 ± 17.09  |  actor_loss: -0.2060  cost_loss: 1.3780  q_loss: 0.0035  reward_max: 0.1170  reward_mean: -0.0183  reward_min: -4.5480  value_loss: 0.9147
Step:   780000  |  score: 111.40 ± 0.84  |  actor_loss: -0.2076  cost_loss: 1.3755  q_loss: 0.0053  reward_max: 0.1551  reward_mean: -0.0144  reward_min: -3.3643  value_loss: 0.9058
Step:   790000  |  score: 106.37 ± 12.17  |  actor_loss: -0.2396  cost_loss: 1.3769  q_loss: 0.0071  reward_max: 0.1068  reward_mean: -0.0081  reward_min: -3.0534  value_loss: 0.8891
Step:   800000  |  score: 76.63 ± 26.98  |  actor_loss: -0.1483  cost_loss: 1.3787  q_loss: 0.0031  reward_max: 0.1346  reward_mean: -0.0049  reward_min: -3.3266  value_loss: 0.9962
Step:   810000  |  score: 74.96 ± 18.63  |  actor_loss: -0.2017  cost_loss: 1.3769  q_loss: 0.0074  reward_max: 0.1965  reward_mean: -0.0092  reward_min: -2.3227  value_loss: 0.9402
Step:   820000  |  score: 106.25 ± 10.52  |  actor_loss: -0.1548  cost_loss: 1.3725  q_loss: 0.0064  reward_max: 0.0803  reward_mean: -0.0304  reward_min: -3.4094  value_loss: 0.7981
Step:   830000  |  score: 111.49 ± 0.87  |  actor_loss: -0.2199  cost_loss: 1.3763  q_loss: 0.0053  reward_max: 0.1096  reward_mean: -0.0154  reward_min: -3.0969  value_loss: 0.8541
Step:   840000  |  score: 111.37 ± 0.97  |  actor_loss: -0.2396  cost_loss: 1.3761  q_loss: 0.0055  reward_max: 0.1401  reward_mean: -0.0261  reward_min: -5.2015  value_loss: 0.8286
Step:   850000  |  score: 97.60 ± 15.46  |  actor_loss: -0.2545  cost_loss: 1.3766  q_loss: 0.0056  reward_max: 0.0898  reward_mean: -0.0209  reward_min: -5.0672  value_loss: 0.8857
Step:   860000  |  score: 99.06 ± 17.22  |  actor_loss: -0.1956  cost_loss: 1.3783  q_loss: 0.0040  reward_max: 0.1146  reward_mean: -0.0074  reward_min: -4.0106  value_loss: 0.9250
Step:   870000  |  score: 107.96 ± 9.46  |  actor_loss: -0.2080  cost_loss: 1.3781  q_loss: 0.0036  reward_max: 0.0886  reward_mean: -0.0035  reward_min: -2.9994  value_loss: 0.9921
Step:   880000  |  score: 111.24 ± 0.84  |  actor_loss: -0.3445  cost_loss: 1.3796  q_loss: 0.0046  reward_max: 0.1242  reward_mean: -0.0050  reward_min: -3.1636  value_loss: 1.0055
Step:   890000  |  score: 105.32 ± 16.72  |  actor_loss: -0.2502  cost_loss: 1.3775  q_loss: 0.0040  reward_max: 0.0946  reward_mean: -0.0124  reward_min: -4.1263  value_loss: 0.9354
Step:   900000  |  score: 76.61 ± 30.82  |  actor_loss: -0.2425  cost_loss: 1.3754  q_loss: 0.0039  reward_max: 0.0811  reward_mean: -0.0136  reward_min: -2.9665  value_loss: 0.8773
Step:   910000  |  score: 110.91 ± 0.69  |  actor_loss: -0.3915  cost_loss: 1.3816  q_loss: 0.0046  reward_max: 0.1048  reward_mean: 0.0067  reward_min: -2.8868  value_loss: 1.0426
Step:   920000  |  score: 104.58 ± 18.43  |  actor_loss: -0.2317  cost_loss: 1.3735  q_loss: 0.0077  reward_max: 0.1227  reward_mean: -0.0238  reward_min: -3.2548  value_loss: 0.8038
Step:   930000  |  score: 103.11 ± 18.15  |  actor_loss: -0.2374  cost_loss: 1.3805  q_loss: 0.0024  reward_max: 0.1437  reward_mean: -0.0020  reward_min: -3.7441  value_loss: 0.9809
Step:   940000  |  score: 92.50 ± 24.86  |  actor_loss: -0.1303  cost_loss: 1.3782  q_loss: 0.0055  reward_max: 0.1342  reward_mean: -0.0066  reward_min: -2.7207  value_loss: 0.9706
Step:   950000  |  score: 98.49 ± 19.34  |  actor_loss: -0.1582  cost_loss: 1.3781  q_loss: 0.0036  reward_max: 0.0746  reward_mean: -0.0036  reward_min: -2.9149  value_loss: 0.9282
Step:   960000  |  score: 108.77 ± 3.61  |  actor_loss: -0.1537  cost_loss: 1.3777  q_loss: 0.0077  reward_max: 0.1932  reward_mean: -0.0085  reward_min: -2.5260  value_loss: 0.9762
Step:   970000  |  score: 99.20 ± 22.03  |  actor_loss: -0.1740  cost_loss: 1.3786  q_loss: 0.0090  reward_max: 0.0883  reward_mean: -0.0061  reward_min: -3.3459  value_loss: 1.0092
Step:   980000  |  score: 101.72 ± 18.17  |  actor_loss: -0.2231  cost_loss: 1.3785  q_loss: 0.0041  reward_max: 0.1354  reward_mean: -0.0139  reward_min: -3.3029  value_loss: 0.9277
Step:   990000  |  score: 95.88 ± 18.10  |  actor_loss: -0.1834  cost_loss: 1.3765  q_loss: 0.0081  reward_max: 0.1055  reward_mean: -0.0176  reward_min: -3.1677  value_loss: 0.8977
Step:  1000000  |  score: 110.58 ± 3.78  |  actor_loss: -0.2682  cost_loss: 1.3743  q_loss: 0.0056  reward_max: 0.0843  reward_mean: -0.0276  reward_min: -4.8088  value_loss: 0.7495
Step:  1010000  |  score: 104.51 ± 16.97  |  actor_loss: -0.1510  cost_loss: 1.3791  q_loss: 0.0070  reward_max: 0.1113  reward_mean: -0.0042  reward_min: -2.6614  value_loss: 0.9841
Step:  1020000  |  score: 81.81 ± 30.64  |  actor_loss: -0.2424  cost_loss: 1.3789  q_loss: 0.0042  reward_max: 0.1058  reward_mean: -0.0057  reward_min: -3.7242  value_loss: 0.9708
Step:  1030000  |  score: 105.96 ± 13.83  |  actor_loss: -0.0747  cost_loss: 1.3765  q_loss: 0.0044  reward_max: 0.0558  reward_mean: -0.0101  reward_min: -2.3552  value_loss: 0.8410
Step:  1040000  |  score: 97.89 ± 25.06  |  actor_loss: -0.2470  cost_loss: 1.3778  q_loss: 0.0065  reward_max: 0.1429  reward_mean: -0.0096  reward_min: -2.8560  value_loss: 0.9222
Step:  1050000  |  score: 102.86 ± 23.77  |  actor_loss: -0.2671  cost_loss: 1.3800  q_loss: 0.0030  reward_max: 0.0935  reward_mean: -0.0058  reward_min: -3.3786  value_loss: 0.9783
Step:  1060000  |  score: 75.17 ± 27.47  |  actor_loss: -0.2309  cost_loss: 1.3787  q_loss: 0.0076  reward_max: 0.1023  reward_mean: -0.0124  reward_min: -3.3520  value_loss: 0.9154
Step:  1070000  |  score: 110.59 ± 0.68  |  actor_loss: -0.1180  cost_loss: 1.3808  q_loss: 0.0044  reward_max: 0.1054  reward_mean: -0.0000  reward_min: -2.3618  value_loss: 1.0011
Step:  1080000  |  score: 105.72 ± 15.69  |  actor_loss: -0.2070  cost_loss: 1.3798  q_loss: 0.0031  reward_max: 0.1401  reward_mean: -0.0012  reward_min: -2.6471  value_loss: 0.9443
Step:  1090000  |  score: 100.59 ± 20.68  |  actor_loss: -0.1694  cost_loss: 1.3743  q_loss: 0.0119  reward_max: 0.1932  reward_mean: -0.0246  reward_min: -3.3908  value_loss: 0.8092
Step:  1100000  |  score: 101.49 ± 15.50  |  actor_loss: -0.2776  cost_loss: 1.3765  q_loss: 0.0044  reward_max: 0.1157  reward_mean: -0.0177  reward_min: -3.4254  value_loss: 0.8200
Step:  1110000  |  score: 93.66 ± 18.69  |  actor_loss: -0.2542  cost_loss: 1.3782  q_loss: 0.0033  reward_max: 0.0831  reward_mean: -0.0094  reward_min: -6.0293  value_loss: 0.9577
Step:  1120000  |  score: 102.98 ± 17.30  |  actor_loss: -0.2291  cost_loss: 1.3807  q_loss: 0.0031  reward_max: 0.1057  reward_mean: 0.0050  reward_min: -1.7269  value_loss: 0.9927
Step:  1130000  |  score: 103.87 ± 19.53  |  actor_loss: -0.2487  cost_loss: 1.3753  q_loss: 0.0043  reward_max: 0.1069  reward_mean: -0.0185  reward_min: -3.7862  value_loss: 0.8750
Step:  1140000  |  score: 94.89 ± 24.70  |  actor_loss: -0.3576  cost_loss: 1.3772  q_loss: 0.0106  reward_max: 0.1006  reward_mean: -0.0140  reward_min: -2.6788  value_loss: 0.8077
Step:  1150000  |  score: 91.57 ± 25.95  |  actor_loss: -0.3403  cost_loss: 1.3746  q_loss: 0.0100  reward_max: 0.0800  reward_mean: -0.0242  reward_min: -4.3042  value_loss: 0.8700
Step:  1160000  |  score: 108.63 ± 6.43  |  actor_loss: -0.2890  cost_loss: 1.3731  q_loss: 0.0037  reward_max: 0.1454  reward_mean: -0.0271  reward_min: -4.7576  value_loss: 0.7931
Step:  1170000  |  score: 108.72 ± 7.65  |  actor_loss: -0.4614  cost_loss: 1.3799  q_loss: 0.0046  reward_max: 0.0925  reward_mean: -0.0049  reward_min: -3.5202  value_loss: 0.9649
Step:  1180000  |  score: 104.66 ± 15.42  |  actor_loss: -0.2265  cost_loss: 1.3750  q_loss: 0.0063  reward_max: 0.1088  reward_mean: -0.0165  reward_min: -3.0307  value_loss: 0.9263
Step:  1190000  |  score: 92.51 ± 24.33  |  actor_loss: -0.1956  cost_loss: 1.3802  q_loss: 0.0055  reward_max: 0.0708  reward_mean: 0.0013  reward_min: -2.8967  value_loss: 1.0009
Step:  1200000  |  score: 87.03 ± 25.90  |  actor_loss: -0.0996  cost_loss: 1.3797  q_loss: 0.0039  reward_max: 0.0650  reward_mean: -0.0072  reward_min: -4.2675  value_loss: 0.9888
Step:  1210000  |  score: 98.84 ± 19.22  |  actor_loss: -0.2469  cost_loss: 1.3784  q_loss: 0.0035  reward_max: 0.0719  reward_mean: -0.0093  reward_min: -4.5927  value_loss: 0.9252
Step:  1220000  |  score: 110.66 ± 0.39  |  actor_loss: -0.1911  cost_loss: 1.3795  q_loss: 0.0071  reward_max: 0.1211  reward_mean: -0.0066  reward_min: -2.3154  value_loss: 0.9743
Step:  1230000  |  score: 104.50 ± 19.35  |  actor_loss: -0.3338  cost_loss: 1.3779  q_loss: 0.0061  reward_max: 0.1784  reward_mean: -0.0165  reward_min: -4.4356  value_loss: 0.8350
Step:  1240000  |  score: 106.05 ± 14.27  |  actor_loss: -0.2539  cost_loss: 1.3717  q_loss: 0.0088  reward_max: 0.1349  reward_mean: -0.0425  reward_min: -5.1116  value_loss: 0.6655
Step:  1250000  |  score: 109.03 ± 6.10  |  actor_loss: -0.1859  cost_loss: 1.3770  q_loss: 0.0044  reward_max: 0.0882  reward_mean: -0.0164  reward_min: -4.2799  value_loss: 0.8486
Step:  1260000  |  score: 94.95 ± 22.14  |  actor_loss: -0.2256  cost_loss: 1.3798  q_loss: 0.0045  reward_max: 0.1786  reward_mean: -0.0006  reward_min: -2.3444  value_loss: 0.9546
Step:  1270000  |  score: 108.63 ± 7.20  |  actor_loss: -0.2011  cost_loss: 1.3788  q_loss: 0.0046  reward_max: 0.1099  reward_mean: -0.0114  reward_min: -4.4204  value_loss: 0.9496
Step:  1280000  |  score: 110.36 ± 3.96  |  actor_loss: -0.2222  cost_loss: 1.3817  q_loss: 0.0120  reward_max: 0.0643  reward_mean: -0.0037  reward_min: -3.5517  value_loss: 0.9332
Step:  1290000  |  score: 102.93 ± 23.07  |  actor_loss: -0.1352  cost_loss: 1.3745  q_loss: 0.0059  reward_max: 0.0822  reward_mean: -0.0200  reward_min: -3.9932  value_loss: 0.8611
Step:  1300000  |  score: 105.30 ± 14.08  |  actor_loss: -0.2452  cost_loss: 1.3753  q_loss: 0.0097  reward_max: 0.1029  reward_mean: -0.0218  reward_min: -4.5766  value_loss: 0.8463
Step:  1310000  |  score: 99.69 ± 22.87  |  actor_loss: -0.1862  cost_loss: 1.3818  q_loss: 0.0021  reward_max: 0.1055  reward_mean: 0.0035  reward_min: -2.7757  value_loss: 1.0111
Step:  1320000  |  score: 102.79 ± 12.71  |  actor_loss: -0.1385  cost_loss: 1.3746  q_loss: 0.0045  reward_max: 0.0779  reward_mean: -0.0259  reward_min: -4.4860  value_loss: 0.9036
Step:  1330000  |  score: 103.88 ± 13.52  |  actor_loss: -0.1911  cost_loss: 1.3760  q_loss: 0.0065  reward_max: 0.2417  reward_mean: -0.0192  reward_min: -4.4806  value_loss: 0.7788
Step:  1340000  |  score: 111.52 ± 0.55  |  actor_loss: -0.3247  cost_loss: 1.3783  q_loss: 0.0064  reward_max: 0.1834  reward_mean: -0.0107  reward_min: -4.5817  value_loss: 0.9320
Step:  1350000  |  score: 96.94 ± 23.07  |  actor_loss: -0.1618  cost_loss: 1.3765  q_loss: 0.0039  reward_max: 0.0676  reward_mean: -0.0209  reward_min: -6.7060  value_loss: 0.9250
Step:  1360000  |  score: 105.02 ± 16.14  |  actor_loss: -0.2071  cost_loss: 1.3780  q_loss: 0.0068  reward_max: 0.1541  reward_mean: -0.0128  reward_min: -3.0210  value_loss: 0.8788
Step:  1370000  |  score: 101.99 ± 18.42  |  actor_loss: -0.2667  cost_loss: 1.3771  q_loss: 0.0055  reward_max: 0.1018  reward_mean: -0.0178  reward_min: -5.6755  value_loss: 0.8979
Step:  1380000  |  score: 105.62 ± 10.83  |  actor_loss: -0.3136  cost_loss: 1.3782  q_loss: 0.0070  reward_max: 0.1257  reward_mean: -0.0081  reward_min: -3.4750  value_loss: 0.9389
Step:  1390000  |  score: 95.59 ± 21.20  |  actor_loss: -0.2271  cost_loss: 1.3759  q_loss: 0.0066  reward_max: 0.1061  reward_mean: -0.0263  reward_min: -5.5256  value_loss: 0.9113
Step:  1400000  |  score: 108.08 ± 8.50  |  actor_loss: -0.2725  cost_loss: 1.3790  q_loss: 0.0049  reward_max: 0.1146  reward_mean: -0.0047  reward_min: -3.1208  value_loss: 0.9401
Step:  1410000  |  score: 98.61 ± 21.93  |  actor_loss: -0.1932  cost_loss: 1.3800  q_loss: 0.0026  reward_max: 0.0564  reward_mean: 0.0021  reward_min: -2.7993  value_loss: 0.9667
Step:  1420000  |  score: 105.25 ± 15.83  |  actor_loss: -0.3265  cost_loss: 1.3824  q_loss: 0.0050  reward_max: 0.0868  reward_mean: 0.0043  reward_min: -3.0263  value_loss: 0.9780
Step:  1430000  |  score: 110.40 ± 2.53  |  actor_loss: -0.1917  cost_loss: 1.3799  q_loss: 0.0171  reward_max: 0.0911  reward_mean: -0.0082  reward_min: -2.9363  value_loss: 0.8755
Step:  1440000  |  score: 96.14 ± 23.70  |  actor_loss: -0.2444  cost_loss: 1.3788  q_loss: 0.0109  reward_max: 0.1771  reward_mean: -0.0113  reward_min: -2.6783  value_loss: 0.9123
Step:  1450000  |  score: 109.02 ± 7.49  |  actor_loss: -0.3434  cost_loss: 1.3779  q_loss: 0.0055  reward_max: 0.1102  reward_mean: -0.0098  reward_min: -3.6474  value_loss: 0.9187
Step:  1460000  |  score: 111.08 ± 0.89  |  actor_loss: -0.2826  cost_loss: 1.3744  q_loss: 0.0269  reward_max: 0.0928  reward_mean: -0.0338  reward_min: -4.3469  value_loss: 0.8005
Step:  1470000  |  score: 110.23 ± 3.65  |  actor_loss: -0.3963  cost_loss: 1.3795  q_loss: 0.0047  reward_max: 0.0857  reward_mean: -0.0027  reward_min: -2.2519  value_loss: 0.9541
Step:  1480000  |  score: 106.68 ± 12.42  |  actor_loss: -0.3239  cost_loss: 1.3788  q_loss: 0.0034  reward_max: 0.0928  reward_mean: -0.0078  reward_min: -4.4107  value_loss: 0.9247
Step:  1490000  |  score: 111.29 ± 0.66  |  actor_loss: -0.2320  cost_loss: 1.3765  q_loss: 0.0128  reward_max: 0.0862  reward_mean: -0.0267  reward_min: -4.6527  value_loss: 0.8475
Step:  1500000  |  score: 102.80 ± 14.70  |  actor_loss: -0.3147  cost_loss: 1.3761  q_loss: 0.0087  reward_max: 0.0983  reward_mean: -0.0202  reward_min: -3.3060  value_loss: 0.7793
Step:  1510000  |  score: 78.11 ± 25.67  |  actor_loss: -0.2358  cost_loss: 1.3784  q_loss: 0.0118  reward_max: 0.1136  reward_mean: -0.0076  reward_min: -2.6399  value_loss: 0.9256
Step:  1520000  |  score: 102.17 ± 17.29  |  actor_loss: -0.3572  cost_loss: 1.3779  q_loss: 0.0053  reward_max: 0.1489  reward_mean: -0.0061  reward_min: -2.6671  value_loss: 0.9418
Step:  1530000  |  score: 103.79 ± 19.69  |  actor_loss: -0.2391  cost_loss: 1.3770  q_loss: 0.0043  reward_max: 0.0712  reward_mean: -0.0098  reward_min: -2.6696  value_loss: 0.8930
Step:  1540000  |  score: 110.57 ± 0.36  |  actor_loss: -0.2895  cost_loss: 1.3770  q_loss: 0.0061  reward_max: 0.1479  reward_mean: -0.0166  reward_min: -3.6900  value_loss: 0.8978
Step:  1550000  |  score: 110.94 ± 0.32  |  actor_loss: -0.3846  cost_loss: 1.3758  q_loss: 0.0090  reward_max: 0.1928  reward_mean: -0.0253  reward_min: -3.4911  value_loss: 0.8044
Step:  1560000  |  score: 111.00 ± 0.21  |  actor_loss: -0.1454  cost_loss: 1.3801  q_loss: 0.0038  reward_max: 0.0739  reward_mean: 0.0021  reward_min: -2.8906  value_loss: 0.9443
Step:  1570000  |  score: 98.67 ± 20.40  |  actor_loss: -0.0827  cost_loss: 1.3802  q_loss: 0.0038  reward_max: 0.1455  reward_mean: -0.0012  reward_min: -3.0780  value_loss: 0.9715
Step:  1580000  |  score: 87.47 ± 26.88  |  actor_loss: -0.3098  cost_loss: 1.3799  q_loss: 0.0058  reward_max: 0.1091  reward_mean: -0.0015  reward_min: -2.0754  value_loss: 0.9873
Step:  1590000  |  score: 94.58 ± 25.33  |  actor_loss: -0.1901  cost_loss: 1.3752  q_loss: 0.0047  reward_max: 0.0783  reward_mean: -0.0210  reward_min: -4.2250  value_loss: 0.8829
Step:  1600000  |  score: 108.62 ± 8.01  |  actor_loss: -0.3854  cost_loss: 1.3779  q_loss: 0.0039  reward_max: 0.1029  reward_mean: -0.0152  reward_min: -4.1850  value_loss: 0.9435
Step:  1610000  |  score: 108.31 ± 10.10  |  actor_loss: -0.2548  cost_loss: 1.3757  q_loss: 0.0055  reward_max: 0.1168  reward_mean: -0.0295  reward_min: -4.2783  value_loss: 0.8117
Step:  1620000  |  score: 110.02 ± 2.61  |  actor_loss: -0.1849  cost_loss: 1.3776  q_loss: 0.0050  reward_max: 0.0831  reward_mean: -0.0067  reward_min: -3.0021  value_loss: 0.8938
Step:  1630000  |  score: 93.68 ± 25.95  |  actor_loss: -0.3274  cost_loss: 1.3775  q_loss: 0.0054  reward_max: 0.0945  reward_mean: -0.0137  reward_min: -3.8914  value_loss: 0.8867
Step:  1640000  |  score: 99.49 ± 23.64  |  actor_loss: -0.3617  cost_loss: 1.3793  q_loss: 0.0054  reward_max: 0.0890  reward_mean: -0.0018  reward_min: -2.3772  value_loss: 0.8789
Step:  1650000  |  score: 98.12 ± 19.61  |  actor_loss: -0.2561  cost_loss: 1.3799  q_loss: 0.0050  reward_max: 0.1875  reward_mean: -0.0066  reward_min: -4.0935  value_loss: 0.9641
Step:  1660000  |  score: 104.68 ± 16.75  |  actor_loss: -0.2774  cost_loss: 1.3732  q_loss: 0.0075  reward_max: 0.0843  reward_mean: -0.0282  reward_min: -3.8450  value_loss: 0.6715
Step:  1670000  |  score: 97.06 ± 24.66  |  actor_loss: -0.2459  cost_loss: 1.3789  q_loss: 0.0085  reward_max: 0.0633  reward_mean: -0.0047  reward_min: -4.8057  value_loss: 0.9928
Step:  1680000  |  score: 106.66 ± 11.09  |  actor_loss: -0.1523  cost_loss: 1.3792  q_loss: 0.0061  reward_max: 0.1206  reward_mean: -0.0093  reward_min: -3.0258  value_loss: 0.8942
Step:  1690000  |  score: 101.91 ± 19.61  |  actor_loss: -0.5068  cost_loss: 1.3786  q_loss: 0.0063  reward_max: 0.0588  reward_mean: -0.0091  reward_min: -3.3676  value_loss: 0.9062
Step:  1700000  |  score: 97.64 ± 23.04  |  actor_loss: -0.2703  cost_loss: 1.3773  q_loss: 0.0047  reward_max: 0.0999  reward_mean: -0.0071  reward_min: -2.4088  value_loss: 0.9377
Step:  1710000  |  score: 104.97 ± 11.79  |  actor_loss: -0.1203  cost_loss: 1.3800  q_loss: 0.0064  reward_max: 0.1264  reward_mean: 0.0028  reward_min: -2.5303  value_loss: 0.8993
Step:  1720000  |  score: 110.43 ± 0.65  |  actor_loss: -0.2963  cost_loss: 1.3783  q_loss: 0.0089  reward_max: 0.1115  reward_mean: -0.0066  reward_min: -3.9009  value_loss: 0.8542
Step:  1730000  |  score: 111.71 ± 0.77  |  actor_loss: -0.1999  cost_loss: 1.3777  q_loss: 0.0036  reward_max: 0.1088  reward_mean: -0.0057  reward_min: -2.8754  value_loss: 0.9407
Step:  1740000  |  score: 111.08 ± 0.86  |  actor_loss: -0.2360  cost_loss: 1.3739  q_loss: 0.0059  reward_max: 0.0740  reward_mean: -0.0227  reward_min: -4.2108  value_loss: 0.9106
Step:  1750000  |  score: 97.55 ± 18.67  |  actor_loss: -0.3565  cost_loss: 1.3798  q_loss: 0.0048  reward_max: 0.0832  reward_mean: -0.0039  reward_min: -3.7492  value_loss: 0.9012
Step:  1760000  |  score: 110.53 ± 0.69  |  actor_loss: -0.3524  cost_loss: 1.3796  q_loss: 0.0057  reward_max: 0.0926  reward_mean: -0.0113  reward_min: -2.9907  value_loss: 0.9191
Step:  1770000  |  score: 98.13 ± 19.12  |  actor_loss: -0.2129  cost_loss: 1.3767  q_loss: 0.0067  reward_max: 0.1145  reward_mean: -0.0172  reward_min: -4.2191  value_loss: 0.8046
Step:  1780000  |  score: 99.91 ± 21.11  |  actor_loss: -0.2356  cost_loss: 1.3789  q_loss: 0.0047  reward_max: 0.0722  reward_mean: -0.0045  reward_min: -3.0111  value_loss: 0.8667
Step:  1790000  |  score: 100.47 ± 21.97  |  actor_loss: -0.1953  cost_loss: 1.3795  q_loss: 0.0055  reward_max: 0.1728  reward_mean: -0.0125  reward_min: -4.4474  value_loss: 0.8542
Step:  1800000  |  score: 108.12 ± 7.27  |  actor_loss: -0.2224  cost_loss: 1.3736  q_loss: 0.0162  reward_max: 0.0829  reward_mean: -0.0318  reward_min: -4.1415  value_loss: 0.7659
Step:  1810000  |  score: 101.65 ± 16.90  |  actor_loss: -0.1679  cost_loss: 1.3813  q_loss: 0.0037  reward_max: 0.0735  reward_mean: -0.0036  reward_min: -2.5984  value_loss: 0.9171
Step:  1820000  |  score: 111.06 ± 0.66  |  actor_loss: -0.3264  cost_loss: 1.3722  q_loss: 0.0099  reward_max: 0.1163  reward_mean: -0.0307  reward_min: -4.6540  value_loss: 0.7379
Step:  1830000  |  score: 110.13 ± 3.57  |  actor_loss: -0.2128  cost_loss: 1.3788  q_loss: 0.0043  reward_max: 0.0967  reward_mean: -0.0133  reward_min: -5.3675  value_loss: 0.8901
Step:  1840000  |  score: 105.39 ± 14.36  |  actor_loss: -0.2685  cost_loss: 1.3776  q_loss: 0.0110  reward_max: 0.0701  reward_mean: -0.0095  reward_min: -3.0130  value_loss: 0.8699
Step:  1850000  |  score: 111.44 ± 1.15  |  actor_loss: -0.3650  cost_loss: 1.3822  q_loss: 0.0028  reward_max: 0.1149  reward_mean: 0.0036  reward_min: -2.4370  value_loss: 1.0137
Step:  1860000  |  score: 105.36 ± 15.07  |  actor_loss: -0.1819  cost_loss: 1.3767  q_loss: 0.0058  reward_max: 0.1013  reward_mean: -0.0182  reward_min: -3.7355  value_loss: 0.7909
Step:  1870000  |  score: 110.91 ± 0.78  |  actor_loss: -0.1281  cost_loss: 1.3758  q_loss: 0.0054  reward_max: 0.1113  reward_mean: -0.0297  reward_min: -5.1695  value_loss: 0.8557
Step:  1880000  |  score: 111.11 ± 2.41  |  actor_loss: -0.3234  cost_loss: 1.3796  q_loss: 0.0031  reward_max: 0.1349  reward_mean: -0.0024  reward_min: -3.0924  value_loss: 0.9069
Step:  1890000  |  score: 110.62 ± 1.61  |  actor_loss: -0.2164  cost_loss: 1.3781  q_loss: 0.0041  reward_max: 0.0893  reward_mean: -0.0108  reward_min: -3.1416  value_loss: 0.8765
Step:  1900000  |  score: 112.12 ± 1.47  |  actor_loss: -0.4754  cost_loss: 1.3769  q_loss: 0.0156  reward_max: 0.0613  reward_mean: -0.0103  reward_min: -2.3284  value_loss: 0.9509
Step:  1910000  |  score: 101.67 ± 18.41  |  actor_loss: -0.3036  cost_loss: 1.3799  q_loss: 0.0031  reward_max: 0.0557  reward_mean: 0.0041  reward_min: -2.5080  value_loss: 0.9462
Step:  1920000  |  score: 105.08 ± 16.40  |  actor_loss: -0.3248  cost_loss: 1.3717  q_loss: 0.0147  reward_max: 0.1127  reward_mean: -0.0378  reward_min: -3.8859  value_loss: 0.5333
Step:  1930000  |  score: 108.76 ± 6.64  |  actor_loss: -0.3703  cost_loss: 1.3764  q_loss: 0.0059  reward_max: 0.1206  reward_mean: -0.0174  reward_min: -4.7701  value_loss: 0.8516
Step:  1940000  |  score: 99.33 ± 18.69  |  actor_loss: -0.2182  cost_loss: 1.3801  q_loss: 0.0030  reward_max: 0.1859  reward_mean: -0.0047  reward_min: -4.0769  value_loss: 0.9226
Step:  1950000  |  score: 104.87 ± 11.59  |  actor_loss: -0.3121  cost_loss: 1.3796  q_loss: 0.0104  reward_max: 0.0633  reward_mean: -0.0027  reward_min: -3.1753  value_loss: 0.9744
Step:  1960000  |  score: 98.08 ± 22.95  |  actor_loss: -0.3534  cost_loss: 1.3783  q_loss: 0.0030  reward_max: 0.0634  reward_mean: -0.0138  reward_min: -4.1321  value_loss: 0.8723
Step:  1970000  |  score: 106.01 ± 13.53  |  actor_loss: -0.1880  cost_loss: 1.3786  q_loss: 0.0036  reward_max: 0.0711  reward_mean: -0.0040  reward_min: -3.7195  value_loss: 0.9714
Step:  1980000  |  score: 111.26 ± 0.64  |  actor_loss: -0.1869  cost_loss: 1.3759  q_loss: 0.0073  reward_max: 0.1157  reward_mean: -0.0167  reward_min: -3.2099  value_loss: 0.8495
Step:  1990000  |  score: 109.46 ± 3.72  |  actor_loss: -0.2239  cost_loss: 1.3788  q_loss: 0.0127  reward_max: 0.0864  reward_mean: -0.0031  reward_min: -2.9999  value_loss: 0.9218
Step:  2000000  |  score: 111.42 ± 1.03  |  actor_loss: -0.1466  cost_loss: 1.3734  q_loss: 0.0139  reward_max: 0.0819  reward_mean: -0.0260  reward_min: -3.7679  value_loss: 0.7522
Final evaluation (13 iterations)...
Final score: 110.16 ± 5.79
wandb: WARNING Symlinked 1 file into the W&B run directory; call wandb.save again to sync new files.
wandb: uploading data; updating run metadata
wandb: uploading data
wandb: uploading final_returns/bdemodice_hopper-expert-v2_2026-03-18_10-20-46.npz; uploading output.log; uploading wandb-summary.json; uploading config.yaml
wandb: uploading summary, console lines 214-215
wandb: 
wandb: Run history:
wandb:  actor_loss ▇█▆▇▅▄▆█▃▅▄▃▆▆▄▄▅▃▄▃▃▁▃▃▅▂▃▄▄▃▃▃▂▄▃▄▃▄▂▂
wandb:   cost_loss █▅▅▅▅▆▅▄▄▅▃▅▆▄▁▅▂▄▂▅▄▄▄▅▃▃▅▅▄▄▃▄▄▃▅▂▂▅▅▂
wandb: num_updates ▁▁▁▁▁▂▂▂▂▃▃▃▃▃▃▄▄▄▄▄▅▅▅▅▅▅▅▆▆▆▇▇▇▇▇█████
wandb:      q_loss ▄▂▃▂▂▂█▄▂▁▂▄▂▃▁▁▁▁▁▂▂▂▂▂▃▂▂▃▂▂▂▁▁▂▂▂▂▃▂▁
wandb:      return ▁▂▁▇▇▅▇▇▇▇▆▇▇████▇▇██▇█▇▇▇▇█▇▇▇▇█▇█▇▇▇██
wandb:  reward_max ▃▃▃▂▃▂▃▃▄▃▂▂▃▃▂▁▅▆▂▂▄▄▂▃▂▂█▁▄▂▂▁▆▃▂▆▃▂▃▂
wandb: reward_mean ▅▆▆█▇▅▁▇▅▇▆▆█▆▆▆▆▇▆▅▇▆▇▄▆▇▆▅▄▅▄▆▇▇▆▇▂▇▇▇
wandb:  reward_min ▂▆██▂▇▁▃▄▆▃▅▅▁▄▇▅▃▅▄▅▂▅▃▅▄▄▄▅▃▅▄▅▃▆▆▅▅▁▄
wandb:       score ▁▄▂▇▇▇▆▇█████▇█▅▇▇▇▇▆█▇▇▇█▇██▇██▇▇▇▇▇█▇█
wandb:   score_std ▂▄▆▆▅▃▇▆▇▁▇▃▁▆▂▆▁▄▁▅▂█▂▆▄▆▁▅▁▃▆▅▇▅▄▂▄▄▅▂
wandb:          +1 ...
wandb: 
wandb: Run summary:
wandb:  actor_loss -0.14661
wandb:   cost_loss 1.37344
wandb: num_updates 2000000
wandb:      q_loss 0.01389
wandb:      return 3605.9703
wandb:  reward_max 0.08193
wandb: reward_mean -0.02599
wandb:  reward_min -3.7679
wandb:       score 111.41994
wandb:   score_std 1.03441
wandb:          +1 ...
wandb: 
wandb: 🚀 View run bdemodice_hopper_M2_s0 at: https://wandb.ai/wsk208/DemoDICE/runs/99s6cp87
wandb: ⭐️ View project at: https://wandb.ai/wsk208/DemoDICE
wandb: Synced 5 W&B file(s), 0 media file(s), 0 artifact file(s) and 1 other file(s)
wandb: Find logs at: ./wandb/run-20260318_095700-99s6cp87/logs
