Warning: All of online environments libraries in D4RL have been moved ]8;;https://github.com/Farama-Foundation/Gymnasium\Gymnasium]8;;\, ]8;;https://github.com/Farama-Foundation/MiniGrid\MiniGrid]8;;\ and ]8;;https://github.com/Farama-Foundation/Gymnasium-Robotics\Gymnasium-Robotics]8;;\, and all offline datasets in D4RL have been moved to ]8;;https://github.com/Farama-Foundation/Minari\Minari]8;;\.
These new versions include large bug fixes, new versions of Python, and are where all new development will continue. Please upgrade these libraries as soon as you're able to do so.
If you'd like to read more about the story behind this switch, please check out ]8;;https://farama.org/Announcing-Minari\this blog post]8;;\.
Gym has been unmaintained since 2022 and does not support NumPy 2.0 amongst other critical functionality.
Please upgrade to Gymnasium, the maintained drop-in replacement of Gym, or contact the authors of your software and request that they upgrade.
See the migration guide at https://gymnasium.farama.org/introduction/migration_guide/ for additional information.
/opt/venv/lib/python3.10/site-packages/Cython/Distutils/old_build_ext.py:15: DeprecationWarning: dep_util is Deprecated. Use functions from setuptools instead.
  from distutils.dep_util import newer, newer_group
<frozen importlib._bootstrap>:283: DeprecationWarning: the load_module() method is deprecated and slated for removal in Python 3.12; use exec_module() instead
pybullet build time: Jan 29 2025 23:16:28
wandb: [wandb.login()] Loaded credentials for https://api.wandb.ai from /root/.netrc.
wandb: Currently logged in as: wsk208 to https://api.wandb.ai. Use `wandb login --relogin` to force relogin
/opt/venv/lib/python3.10/site-packages/wandb/analytics/sentry.py:268: DeprecationWarning: Read the `app_url` setting from the appropriate Settings object.
  app_url = wandb.util.app_url(tags["base_url"])  # type: ignore[index]
/opt/venv/lib/python3.10/site-packages/wandb/analytics/sentry.py:279: DeprecationWarning: The `Scope.user` setter is deprecated in favor of `Scope.set_user()`.
  self.scope.user = {"email": email}
wandb: setting up run x91yowzi
/opt/venv/lib/python3.10/site-packages/wandb/analytics/sentry.py:268: DeprecationWarning: Read the `app_url` setting from the appropriate Settings object.
  app_url = wandb.util.app_url(tags["base_url"])  # type: ignore[index]
/opt/venv/lib/python3.10/site-packages/wandb/analytics/sentry.py:279: DeprecationWarning: The `Scope.user` setter is deprecated in favor of `Scope.set_user()`.
  self.scope.user = {"email": email}
wandb: Tracking run with wandb version 0.25.1
wandb: Run data is saved locally in /app/wandb/run-20260318_171125-x91yowzi
wandb: Run `wandb offline` to turn off syncing.
wandb: Syncing run bdemodice_walker2d_M2_s2
wandb: ⭐️ View project at https://wandb.ai/wsk208/DemoDICE
wandb: 🚀 View run at https://wandb.ai/wsk208/DemoDICE/runs/x91yowzi
/opt/venv/lib/python3.10/site-packages/gym/spaces/box.py:84: UserWarning: [33mWARN: Box bound precision lowered by casting to float32[0m
  logger.warn(f"Box bound precision lowered by casting to {self.dtype}")
load datafile:   0%|          | 0/21 [00:00<?, ?it/s]load datafile:   5%|▍         | 1/21 [00:00<00:03,  5.88it/s]load datafile:  14%|█▍        | 3/21 [00:00<00:03,  5.23it/s]load datafile:  19%|█▉        | 4/21 [00:00<00:04,  3.99it/s]load datafile:  81%|████████  | 17/21 [00:01<00:00, 15.57it/s]load datafile:  90%|█████████ | 19/21 [00:01<00:00, 10.89it/s]load datafile: 100%|██████████| 21/21 [00:01<00:00, 11.24it/s]
Expert  :  999000 transitions  (walker2d-expert-v2, 400 traj)
load datafile:   0%|          | 0/9 [00:00<?, ?it/s]load datafile:  11%|█         | 1/9 [00:00<00:01,  6.37it/s]load datafile:  33%|███▎      | 3/9 [00:00<00:01,  5.48it/s]load datafile:  44%|████▍     | 4/9 [00:00<00:01,  4.11it/s]load datafile:  56%|█████▌    | 5/9 [00:01<00:01,  3.20it/s]load datafile:  67%|██████▋   | 6/9 [00:01<00:01,  2.79it/s]load datafile: 100%|██████████| 9/9 [00:01<00:00,  4.91it/s]
Imperfect:    8083 transitions  (walker2d-random-v2, 400 traj)
Union   : 1007083 transitions total
/root/.local/share/uv/python/cpython-3.10-linux-x86_64-gnu/lib/python3.10/multiprocessing/popen_fork.py:66: RuntimeWarning: os.fork() was called. os.fork() is incompatible with multithreaded code, and JAX is multithreaded, so this will likely lead to a deadlock.
  self.pid = os.fork()
/opt/venv/lib/python3.10/site-packages/tensorflow_probability/python/internal/backend/jax/ops.py:681: DeprecationWarning: jax.interpreters.xla.pytype_aval_mappings is deprecated.
  jax.interpreters.xla.pytype_aval_mappings[onp.ndarray])
/opt/venv/lib/python3.10/site-packages/gym/spaces/box.py:84: UserWarning: [33mWARN: Box bound precision lowered by casting to float32[0m
  logger.warn(f"Box bound precision lowered by casting to {self.dtype}")
Step:    10000  |  score: 28.67 ± 14.85  |  actor_loss: 3.9334  cost_loss: 1.3806  q_loss: 0.0235  reward_max: 0.1823  reward_mean: -0.0045  reward_min: -4.4381  value_loss: 0.4097
Step:    20000  |  score: 46.46 ± 28.50  |  actor_loss: 2.2760  cost_loss: 1.3795  q_loss: 0.0146  reward_max: 0.2298  reward_mean: -0.0051  reward_min: -5.1598  value_loss: 0.5221
Step:    30000  |  score: 84.28 ± 30.23  |  actor_loss: 0.7752  cost_loss: 1.3762  q_loss: 0.0330  reward_max: 0.1837  reward_mean: -0.0152  reward_min: -3.2107  value_loss: 0.4976
Step:    40000  |  score: 108.70 ± 0.18  |  actor_loss: -0.5081  cost_loss: 1.3723  q_loss: 0.0414  reward_max: 0.1450  reward_mean: -0.0273  reward_min: -4.1886  value_loss: 0.6171
Step:    50000  |  score: 108.44 ± 0.53  |  actor_loss: -1.3493  cost_loss: 1.3798  q_loss: 0.0101  reward_max: 0.1546  reward_mean: -0.0288  reward_min: -5.4094  value_loss: 0.7280
Step:    60000  |  score: 108.59 ± 0.51  |  actor_loss: -1.9109  cost_loss: 1.3808  q_loss: 0.0321  reward_max: 0.1063  reward_mean: -0.0033  reward_min: -4.1156  value_loss: 0.7348
Step:    70000  |  score: 108.40 ± 0.47  |  actor_loss: -1.9293  cost_loss: 1.3767  q_loss: 0.1590  reward_max: 0.1054  reward_mean: -0.0485  reward_min: -6.1483  value_loss: 0.6450
Step:    80000  |  score: 108.47 ± 0.14  |  actor_loss: -1.8798  cost_loss: 1.3769  q_loss: 0.0750  reward_max: 0.1210  reward_mean: -0.0082  reward_min: -4.1081  value_loss: 0.6758
Step:    90000  |  score: 108.76 ± 0.14  |  actor_loss: -2.1921  cost_loss: 1.3796  q_loss: 0.0084  reward_max: 0.1644  reward_mean: 0.0019  reward_min: -3.7995  value_loss: 0.8102
Step:   100000  |  score: 109.13 ± 0.24  |  actor_loss: -2.1681  cost_loss: 1.3821  q_loss: 0.0217  reward_max: 0.0921  reward_mean: -0.0174  reward_min: -5.6246  value_loss: 0.7638
Step:   110000  |  score: 108.83 ± 0.29  |  actor_loss: -2.0589  cost_loss: 1.3782  q_loss: 0.1146  reward_max: 0.1032  reward_mean: -0.0070  reward_min: -6.0302  value_loss: 0.7633
Step:   120000  |  score: 108.33 ± 0.37  |  actor_loss: -2.1909  cost_loss: 1.3794  q_loss: 0.0539  reward_max: 0.1368  reward_mean: -0.0014  reward_min: -4.7695  value_loss: 0.8434
Step:   130000  |  score: 108.63 ± 0.09  |  actor_loss: -1.9773  cost_loss: 1.3770  q_loss: 0.0338  reward_max: 0.1867  reward_mean: -0.0233  reward_min: -4.3066  value_loss: 0.6743
Step:   140000  |  score: 108.59 ± 0.11  |  actor_loss: -2.1291  cost_loss: 1.3752  q_loss: 0.0167  reward_max: 0.1575  reward_mean: -0.0264  reward_min: -4.0648  value_loss: 0.6229
Step:   150000  |  score: 108.38 ± 0.17  |  actor_loss: -2.1422  cost_loss: 1.3781  q_loss: 0.0293  reward_max: 0.0801  reward_mean: -0.0339  reward_min: -5.7954  value_loss: 0.6382
Step:   160000  |  score: 108.59 ± 0.32  |  actor_loss: -2.4280  cost_loss: 1.3768  q_loss: 0.1090  reward_max: 0.1203  reward_mean: -0.0119  reward_min: -5.4498  value_loss: 0.7379
Step:   170000  |  score: 108.61 ± 0.12  |  actor_loss: -2.1353  cost_loss: 1.3794  q_loss: 0.0555  reward_max: 0.2544  reward_mean: -0.0068  reward_min: -2.7776  value_loss: 0.7440
Step:   180000  |  score: 108.31 ± 0.19  |  actor_loss: -2.1692  cost_loss: 1.3799  q_loss: 0.0083  reward_max: 0.0791  reward_mean: -0.0134  reward_min: -2.8489  value_loss: 0.7478
Step:   190000  |  score: 108.70 ± 0.28  |  actor_loss: -2.0535  cost_loss: 1.3730  q_loss: 0.0211  reward_max: 0.1486  reward_mean: -0.0556  reward_min: -5.7491  value_loss: 0.5974
Step:   200000  |  score: 109.39 ± 0.21  |  actor_loss: -2.2585  cost_loss: 1.3785  q_loss: 0.0361  reward_max: 0.1286  reward_mean: -0.0041  reward_min: -6.2442  value_loss: 0.6757
Step:   210000  |  score: 108.55 ± 0.24  |  actor_loss: -2.0357  cost_loss: 1.3806  q_loss: 0.0175  reward_max: 0.0634  reward_mean: -0.0016  reward_min: -3.5447  value_loss: 0.7479
Step:   220000  |  score: 98.66 ± 26.69  |  actor_loss: -2.3125  cost_loss: 1.3816  q_loss: 0.0052  reward_max: 0.2796  reward_mean: -0.0117  reward_min: -5.6354  value_loss: 0.7330
Step:   230000  |  score: 98.58 ± 26.38  |  actor_loss: -2.1897  cost_loss: 1.3728  q_loss: 0.0455  reward_max: 0.0977  reward_mean: -0.0607  reward_min: -5.8202  value_loss: 0.5192
Step:   240000  |  score: 108.98 ± 0.19  |  actor_loss: -1.9331  cost_loss: 1.3733  q_loss: 0.0499  reward_max: 0.0612  reward_mean: -0.0367  reward_min: -5.9002  value_loss: 0.4943
Step:   250000  |  score: 97.99 ± 27.52  |  actor_loss: -1.5566  cost_loss: 1.3731  q_loss: 0.0823  reward_max: 0.1130  reward_mean: -0.0363  reward_min: -6.3097  value_loss: 0.4750
Step:   260000  |  score: 97.92 ± 26.75  |  actor_loss: -2.3468  cost_loss: 1.3801  q_loss: 0.0533  reward_max: 0.3180  reward_mean: -0.0041  reward_min: -6.5230  value_loss: 0.6374
Step:   270000  |  score: 108.75 ± 0.13  |  actor_loss: -2.1870  cost_loss: 1.3763  q_loss: 0.0992  reward_max: 0.1077  reward_mean: -0.0231  reward_min: -4.4010  value_loss: 0.3940
Step:   280000  |  score: 109.22 ± 0.16  |  actor_loss: -2.1103  cost_loss: 1.3759  q_loss: 0.0153  reward_max: 0.0945  reward_mean: -0.0277  reward_min: -5.3082  value_loss: 0.5548
Step:   290000  |  score: 108.86 ± 0.34  |  actor_loss: -2.3596  cost_loss: 1.3822  q_loss: 0.0081  reward_max: 0.1989  reward_mean: 0.0053  reward_min: -0.1646  value_loss: 0.7285
Step:   300000  |  score: 100.22 ± 21.15  |  actor_loss: -2.2765  cost_loss: 1.3782  q_loss: 0.0243  reward_max: 0.1812  reward_mean: -0.0211  reward_min: -5.4074  value_loss: 0.5928
Step:   310000  |  score: 108.88 ± 0.15  |  actor_loss: -2.1064  cost_loss: 1.3789  q_loss: 0.0204  reward_max: 0.0898  reward_mean: -0.0165  reward_min: -6.1711  value_loss: 0.6614
Step:   320000  |  score: 109.01 ± 0.15  |  actor_loss: -2.1994  cost_loss: 1.3767  q_loss: 0.0256  reward_max: 0.0879  reward_mean: -0.0294  reward_min: -5.8938  value_loss: 0.5659
Step:   330000  |  score: 108.86 ± 0.18  |  actor_loss: -2.3318  cost_loss: 1.3770  q_loss: 0.1005  reward_max: 0.1387  reward_mean: -0.0172  reward_min: -5.6072  value_loss: 0.4875
Step:   340000  |  score: 109.23 ± 0.19  |  actor_loss: -2.7323  cost_loss: 1.3806  q_loss: 0.0816  reward_max: 0.0804  reward_mean: -0.0030  reward_min: -4.6691  value_loss: 0.6877
Step:   350000  |  score: 108.56 ± 0.37  |  actor_loss: -2.4834  cost_loss: 1.3774  q_loss: 0.0830  reward_max: 0.1214  reward_mean: -0.0162  reward_min: -5.2465  value_loss: 0.5606
Step:   360000  |  score: 108.99 ± 0.21  |  actor_loss: -2.1060  cost_loss: 1.3733  q_loss: 0.0493  reward_max: 0.1234  reward_mean: -0.0492  reward_min: -4.7060  value_loss: 0.4504
Step:   370000  |  score: 108.85 ± 0.12  |  actor_loss: -2.4548  cost_loss: 1.3751  q_loss: 0.0544  reward_max: 0.1247  reward_mean: -0.0394  reward_min: -6.3772  value_loss: 0.6312
Step:   380000  |  score: 109.24 ± 0.22  |  actor_loss: -2.1752  cost_loss: 1.3723  q_loss: 0.0308  reward_max: 0.0569  reward_mean: -0.0599  reward_min: -6.5079  value_loss: 0.3881
Step:   390000  |  score: 108.57 ± 0.63  |  actor_loss: -2.1490  cost_loss: 1.3770  q_loss: 0.0182  reward_max: 0.2161  reward_mean: -0.0384  reward_min: -6.0370  value_loss: 0.5696
Step:   400000  |  score: 87.20 ± 36.70  |  actor_loss: -2.4927  cost_loss: 1.3773  q_loss: 0.0243  reward_max: 0.0702  reward_mean: -0.0063  reward_min: -4.3008  value_loss: 0.6215
Step:   410000  |  score: 108.64 ± 0.76  |  actor_loss: -2.5182  cost_loss: 1.3756  q_loss: 0.0669  reward_max: 0.0686  reward_mean: -0.0378  reward_min: -5.8129  value_loss: 0.6495
Step:   420000  |  score: 108.67 ± 0.23  |  actor_loss: -2.5444  cost_loss: 1.3776  q_loss: 0.1692  reward_max: 0.0609  reward_mean: -0.0163  reward_min: -4.7987  value_loss: 0.6740
Step:   430000  |  score: 109.01 ± 0.20  |  actor_loss: -2.1660  cost_loss: 1.3727  q_loss: 0.0898  reward_max: 0.0743  reward_mean: -0.0420  reward_min: -5.3055  value_loss: 0.4692
Step:   440000  |  score: 108.40 ± 0.35  |  actor_loss: -2.3836  cost_loss: 1.3815  q_loss: 0.0062  reward_max: 0.0883  reward_mean: 0.0001  reward_min: -5.8271  value_loss: 0.7604
Step:   450000  |  score: 108.66 ± 0.30  |  actor_loss: -2.3309  cost_loss: 1.3770  q_loss: 0.0116  reward_max: 0.0694  reward_mean: -0.0265  reward_min: -6.1623  value_loss: 0.7224
Step:   460000  |  score: 108.13 ± 0.28  |  actor_loss: -2.1076  cost_loss: 1.3795  q_loss: 0.0454  reward_max: 0.0908  reward_mean: -0.0196  reward_min: -4.3485  value_loss: 0.6937
Step:   470000  |  score: 108.55 ± 0.76  |  actor_loss: -2.4706  cost_loss: 1.3784  q_loss: 0.0120  reward_max: 0.1330  reward_mean: -0.0235  reward_min: -5.2860  value_loss: 0.6635
Step:   480000  |  score: 109.02 ± 0.19  |  actor_loss: -2.1976  cost_loss: 1.3791  q_loss: 0.0110  reward_max: 0.1870  reward_mean: -0.0125  reward_min: -6.5387  value_loss: 0.7224
Step:   490000  |  score: 108.99 ± 0.16  |  actor_loss: -2.4609  cost_loss: 1.3744  q_loss: 0.0539  reward_max: 0.1439  reward_mean: -0.0319  reward_min: -6.2006  value_loss: 0.5289
Step:   500000  |  score: 108.66 ± 0.26  |  actor_loss: -2.2118  cost_loss: 1.3756  q_loss: 0.0772  reward_max: 0.1323  reward_mean: -0.0204  reward_min: -3.9528  value_loss: 0.5722
Step:   510000  |  score: 108.98 ± 0.19  |  actor_loss: -2.2459  cost_loss: 1.3752  q_loss: 0.0454  reward_max: 0.1422  reward_mean: -0.0449  reward_min: -4.9298  value_loss: 0.5670
Step:   520000  |  score: 108.69 ± 0.19  |  actor_loss: -2.4022  cost_loss: 1.3739  q_loss: 0.0388  reward_max: 0.1352  reward_mean: -0.0536  reward_min: -6.5147  value_loss: 0.3777
Step:   530000  |  score: 108.72 ± 0.25  |  actor_loss: -2.2568  cost_loss: 1.3751  q_loss: 0.0201  reward_max: 0.0882  reward_mean: -0.0324  reward_min: -6.4683  value_loss: 0.5369
Step:   540000  |  score: 109.21 ± 0.20  |  actor_loss: -2.3725  cost_loss: 1.3732  q_loss: 0.0659  reward_max: 0.2387  reward_mean: -0.0438  reward_min: -6.1634  value_loss: 0.5034
Step:   550000  |  score: 108.78 ± 0.21  |  actor_loss: -2.2566  cost_loss: 1.3778  q_loss: 0.0173  reward_max: 0.1138  reward_mean: -0.0194  reward_min: -6.5484  value_loss: 0.6929
Step:   560000  |  score: 108.14 ± 0.55  |  actor_loss: -2.0483  cost_loss: 1.3696  q_loss: 0.0385  reward_max: 0.0621  reward_mean: -0.0766  reward_min: -6.3811  value_loss: 0.5524
Step:   570000  |  score: 108.77 ± 0.12  |  actor_loss: -2.4071  cost_loss: 1.3725  q_loss: 0.0277  reward_max: 0.0941  reward_mean: -0.0598  reward_min: -6.4611  value_loss: 0.6090
Step:   580000  |  score: 108.59 ± 0.15  |  actor_loss: -2.4847  cost_loss: 1.3727  q_loss: 0.0834  reward_max: 0.0950  reward_mean: -0.0390  reward_min: -5.0318  value_loss: 0.5742
Step:   590000  |  score: 108.37 ± 0.15  |  actor_loss: -2.5538  cost_loss: 1.3787  q_loss: 0.0133  reward_max: 0.0926  reward_mean: -0.0092  reward_min: -5.8840  value_loss: 0.6948
Step:   600000  |  score: 109.08 ± 0.19  |  actor_loss: -2.2074  cost_loss: 1.3783  q_loss: 0.0186  reward_max: 0.1182  reward_mean: -0.0246  reward_min: -5.9215  value_loss: 0.7338
Step:   610000  |  score: 108.90 ± 0.28  |  actor_loss: -2.4507  cost_loss: 1.3758  q_loss: 0.0223  reward_max: 0.1159  reward_mean: -0.0236  reward_min: -5.7815  value_loss: 0.7085
Step:   620000  |  score: 108.47 ± 0.48  |  actor_loss: -2.5339  cost_loss: 1.3792  q_loss: 0.0175  reward_max: 0.1768  reward_mean: -0.0238  reward_min: -5.3705  value_loss: 0.5537
Step:   630000  |  score: 109.04 ± 0.17  |  actor_loss: -2.4374  cost_loss: 1.3780  q_loss: 0.0209  reward_max: 0.0769  reward_mean: -0.0256  reward_min: -5.3857  value_loss: 0.7187
Step:   640000  |  score: 108.41 ± 0.42  |  actor_loss: -2.2942  cost_loss: 1.3767  q_loss: 0.0169  reward_max: 0.0729  reward_mean: -0.0364  reward_min: -6.6174  value_loss: 0.7159
Step:   650000  |  score: 108.23 ± 0.23  |  actor_loss: -2.4136  cost_loss: 1.3717  q_loss: 0.0553  reward_max: 0.0757  reward_mean: -0.0569  reward_min: -6.1584  value_loss: 0.4446
Step:   660000  |  score: 109.03 ± 0.14  |  actor_loss: -2.2849  cost_loss: 1.3801  q_loss: 0.0875  reward_max: 0.1257  reward_mean: -0.0063  reward_min: -4.8819  value_loss: 0.7836
Step:   670000  |  score: 108.10 ± 0.72  |  actor_loss: -2.3305  cost_loss: 1.3771  q_loss: 0.0069  reward_max: 0.1195  reward_mean: -0.0251  reward_min: -6.1547  value_loss: 0.7116
Step:   680000  |  score: 108.50 ± 0.23  |  actor_loss: -2.5428  cost_loss: 1.3775  q_loss: 0.0140  reward_max: 0.2127  reward_mean: -0.0218  reward_min: -6.3400  value_loss: 0.7059
Step:   690000  |  score: 108.75 ± 0.14  |  actor_loss: -2.4745  cost_loss: 1.3729  q_loss: 0.0262  reward_max: 0.1363  reward_mean: -0.0593  reward_min: -6.2799  value_loss: 0.4313
Step:   700000  |  score: 108.56 ± 0.43  |  actor_loss: -2.2640  cost_loss: 1.3706  q_loss: 0.0297  reward_max: 0.0662  reward_mean: -0.0619  reward_min: -6.4129  value_loss: 0.4654
Step:   710000  |  score: 108.90 ± 0.25  |  actor_loss: -2.6390  cost_loss: 1.3801  q_loss: 0.0092  reward_max: 0.0959  reward_mean: -0.0119  reward_min: -4.4979  value_loss: 0.7664
Step:   720000  |  score: 108.36 ± 0.89  |  actor_loss: -2.4479  cost_loss: 1.3795  q_loss: 0.0340  reward_max: 0.1360  reward_mean: -0.0028  reward_min: -5.9017  value_loss: 0.7462
Step:   730000  |  score: 109.26 ± 0.13  |  actor_loss: -1.9547  cost_loss: 1.3786  q_loss: 0.0165  reward_max: 0.0898  reward_mean: -0.0089  reward_min: -4.4918  value_loss: 0.7796
Step:   740000  |  score: 108.21 ± 0.35  |  actor_loss: -2.2744  cost_loss: 1.3739  q_loss: 0.0436  reward_max: 0.0764  reward_mean: -0.0462  reward_min: -6.1532  value_loss: 0.5088
Step:   750000  |  score: 108.80 ± 0.14  |  actor_loss: -2.1876  cost_loss: 1.3788  q_loss: 0.0175  reward_max: 0.0483  reward_mean: -0.0060  reward_min: -3.5245  value_loss: 0.7428
Step:   760000  |  score: 108.73 ± 0.31  |  actor_loss: -2.5046  cost_loss: 1.3754  q_loss: 0.0291  reward_max: 0.0868  reward_mean: -0.0321  reward_min: -5.6108  value_loss: 0.5060
Step:   770000  |  score: 108.81 ± 0.32  |  actor_loss: -2.4501  cost_loss: 1.3782  q_loss: 0.0561  reward_max: 0.0840  reward_mean: -0.0251  reward_min: -5.0564  value_loss: 0.7309
Step:   780000  |  score: 107.83 ± 0.38  |  actor_loss: -2.4817  cost_loss: 1.3799  q_loss: 0.0126  reward_max: 0.0843  reward_mean: -0.0074  reward_min: -6.0921  value_loss: 0.8344
Step:   790000  |  score: 108.16 ± 0.47  |  actor_loss: -2.5560  cost_loss: 1.3748  q_loss: 0.0156  reward_max: 0.0833  reward_mean: -0.0554  reward_min: -6.5325  value_loss: 0.5974
Step:   800000  |  score: 108.51 ± 0.29  |  actor_loss: -2.5501  cost_loss: 1.3749  q_loss: 0.0206  reward_max: 0.0921  reward_mean: -0.0313  reward_min: -3.9137  value_loss: 0.5917
Step:   810000  |  score: 109.01 ± 0.20  |  actor_loss: -2.3967  cost_loss: 1.3736  q_loss: 0.0737  reward_max: 0.1493  reward_mean: -0.0444  reward_min: -6.4780  value_loss: 0.4708
Step:   820000  |  score: 108.49 ± 1.09  |  actor_loss: -2.3453  cost_loss: 1.3708  q_loss: 0.0345  reward_max: 0.1885  reward_mean: -0.0677  reward_min: -6.4029  value_loss: 0.4492
Step:   830000  |  score: 109.02 ± 0.25  |  actor_loss: -2.4665  cost_loss: 1.3766  q_loss: 0.0129  reward_max: 0.1355  reward_mean: -0.0420  reward_min: -6.5737  value_loss: 0.6801
Step:   840000  |  score: 108.70 ± 0.14  |  actor_loss: -2.3387  cost_loss: 1.3806  q_loss: 0.0048  reward_max: 0.0657  reward_mean: -0.0087  reward_min: -6.6986  value_loss: 0.8020
Step:   850000  |  score: 87.96 ± 36.07  |  actor_loss: -2.3083  cost_loss: 1.3698  q_loss: 0.0397  reward_max: 0.0862  reward_mean: -0.0735  reward_min: -6.3607  value_loss: 0.3356
Step:   860000  |  score: 108.55 ± 0.23  |  actor_loss: -2.3359  cost_loss: 1.3779  q_loss: 0.0112  reward_max: 0.1188  reward_mean: -0.0086  reward_min: -5.9921  value_loss: 0.6951
Step:   870000  |  score: 108.99 ± 0.31  |  actor_loss: -2.6671  cost_loss: 1.3827  q_loss: 0.0057  reward_max: 0.1021  reward_mean: 0.0047  reward_min: -0.1165  value_loss: 0.8819
Step:   880000  |  score: 108.53 ± 0.23  |  actor_loss: -2.2567  cost_loss: 1.3781  q_loss: 0.0100  reward_max: 0.0794  reward_mean: -0.0234  reward_min: -6.3156  value_loss: 0.6423
Step:   890000  |  score: 108.72 ± 0.20  |  actor_loss: -2.4894  cost_loss: 1.3762  q_loss: 0.0182  reward_max: 0.1474  reward_mean: -0.0368  reward_min: -5.8275  value_loss: 0.6475
Step:   900000  |  score: 109.25 ± 0.40  |  actor_loss: -2.7279  cost_loss: 1.3739  q_loss: 0.0303  reward_max: 0.1719  reward_mean: -0.0525  reward_min: -5.9367  value_loss: 0.5601
Step:   910000  |  score: 108.27 ± 0.21  |  actor_loss: -2.4536  cost_loss: 1.3775  q_loss: 0.0103  reward_max: 0.1136  reward_mean: -0.0298  reward_min: -5.9514  value_loss: 0.6557
Step:   920000  |  score: 107.75 ± 0.85  |  actor_loss: -2.7323  cost_loss: 1.3777  q_loss: 0.0050  reward_max: 0.1194  reward_mean: -0.0310  reward_min: -6.5103  value_loss: 0.6883
Step:   930000  |  score: 108.38 ± 0.40  |  actor_loss: -2.4158  cost_loss: 1.3755  q_loss: 0.0169  reward_max: 0.0762  reward_mean: -0.0404  reward_min: -6.0663  value_loss: 0.5988
Step:   940000  |  score: 109.13 ± 0.24  |  actor_loss: -2.3092  cost_loss: 1.3735  q_loss: 0.0353  reward_max: 0.0676  reward_mean: -0.0469  reward_min: -6.4153  value_loss: 0.6761
Step:   950000  |  score: 108.46 ± 0.19  |  actor_loss: -2.6805  cost_loss: 1.3800  q_loss: 0.0112  reward_max: 0.0808  reward_mean: -0.0128  reward_min: -5.9268  value_loss: 0.8399
Step:   960000  |  score: 108.95 ± 0.54  |  actor_loss: -2.7845  cost_loss: 1.3807  q_loss: 0.0108  reward_max: 0.1567  reward_mean: 0.0035  reward_min: -3.7293  value_loss: 0.8035
Step:   970000  |  score: 109.00 ± 0.20  |  actor_loss: -2.5216  cost_loss: 1.3780  q_loss: 0.0102  reward_max: 0.1971  reward_mean: -0.0313  reward_min: -6.3873  value_loss: 0.7417
Step:   980000  |  score: 108.68 ± 0.19  |  actor_loss: -2.3880  cost_loss: 1.3736  q_loss: 0.0155  reward_max: 0.0971  reward_mean: -0.0367  reward_min: -5.8884  value_loss: 0.6247
Step:   990000  |  score: 108.50 ± 0.35  |  actor_loss: -1.8997  cost_loss: 1.3726  q_loss: 0.0231  reward_max: 0.0624  reward_mean: -0.0398  reward_min: -6.5070  value_loss: 0.5350
Step:  1000000  |  score: 108.99 ± 0.20  |  actor_loss: -2.6979  cost_loss: 1.3775  q_loss: 0.0111  reward_max: 0.1000  reward_mean: -0.0185  reward_min: -4.2839  value_loss: 0.6231
Step:  1010000  |  score: 108.38 ± 0.22  |  actor_loss: -2.6407  cost_loss: 1.3775  q_loss: 0.0251  reward_max: 0.0749  reward_mean: -0.0177  reward_min: -5.8245  value_loss: 0.7806
Step:  1020000  |  score: 108.55 ± 0.33  |  actor_loss: -2.4715  cost_loss: 1.3749  q_loss: 0.0206  reward_max: 0.0612  reward_mean: -0.0321  reward_min: -6.5057  value_loss: 0.6544
Step:  1030000  |  score: 108.45 ± 0.28  |  actor_loss: -2.7167  cost_loss: 1.3813  q_loss: 0.0057  reward_max: 0.1104  reward_mean: -0.0022  reward_min: -5.8339  value_loss: 0.7966
Step:  1040000  |  score: 98.33 ± 26.80  |  actor_loss: -2.6332  cost_loss: 1.3775  q_loss: 0.0519  reward_max: 0.0817  reward_mean: -0.0162  reward_min: -4.5936  value_loss: 0.7112
Step:  1050000  |  score: 108.77 ± 0.49  |  actor_loss: -2.5139  cost_loss: 1.3766  q_loss: 0.0195  reward_max: 0.1320  reward_mean: -0.0204  reward_min: -5.6421  value_loss: 0.6711
Step:  1060000  |  score: 108.74 ± 0.11  |  actor_loss: -2.5752  cost_loss: 1.3763  q_loss: 0.0322  reward_max: 0.1487  reward_mean: -0.0132  reward_min: -4.8382  value_loss: 0.6039
Step:  1070000  |  score: 108.92 ± 0.22  |  actor_loss: -2.5990  cost_loss: 1.3755  q_loss: 0.0401  reward_max: 0.0951  reward_mean: -0.0389  reward_min: -6.5379  value_loss: 0.7066
Step:  1080000  |  score: 108.63 ± 0.22  |  actor_loss: -2.2739  cost_loss: 1.3779  q_loss: 0.0140  reward_max: 0.0725  reward_mean: -0.0019  reward_min: -3.4839  value_loss: 0.7585
Step:  1090000  |  score: 108.99 ± 0.18  |  actor_loss: -2.3394  cost_loss: 1.3809  q_loss: 0.0056  reward_max: 0.2420  reward_mean: 0.0039  reward_min: -3.6382  value_loss: 0.8603
Step:  1100000  |  score: 108.51 ± 0.42  |  actor_loss: -2.4141  cost_loss: 1.3754  q_loss: 0.0182  reward_max: 0.0755  reward_mean: -0.0434  reward_min: -6.6642  value_loss: 0.5890
Step:  1110000  |  score: 108.54 ± 0.22  |  actor_loss: -2.6322  cost_loss: 1.3784  q_loss: 0.0308  reward_max: 0.0750  reward_mean: -0.0105  reward_min: -4.3849  value_loss: 0.7359
Step:  1120000  |  score: 108.60 ± 0.20  |  actor_loss: -2.5111  cost_loss: 1.3782  q_loss: 0.0262  reward_max: 0.0807  reward_mean: -0.0211  reward_min: -6.0224  value_loss: 0.7396
Step:  1130000  |  score: 108.46 ± 0.57  |  actor_loss: -2.4295  cost_loss: 1.3736  q_loss: 0.0166  reward_max: 0.1566  reward_mean: -0.0545  reward_min: -6.3949  value_loss: 0.4713
Step:  1140000  |  score: 108.62 ± 0.26  |  actor_loss: -2.5587  cost_loss: 1.3769  q_loss: 0.0156  reward_max: 0.1885  reward_mean: -0.0408  reward_min: -6.3148  value_loss: 0.6886
Step:  1150000  |  score: 108.52 ± 0.21  |  actor_loss: -2.3814  cost_loss: 1.3756  q_loss: 0.0120  reward_max: 0.0781  reward_mean: -0.0307  reward_min: -6.4652  value_loss: 0.6787
Step:  1160000  |  score: 108.45 ± 0.13  |  actor_loss: -2.5370  cost_loss: 1.3829  q_loss: 0.0033  reward_max: 0.0907  reward_mean: 0.0146  reward_min: -0.0725  value_loss: 0.9277
Step:  1170000  |  score: 108.05 ± 0.33  |  actor_loss: -2.4022  cost_loss: 1.3772  q_loss: 0.0259  reward_max: 0.1378  reward_mean: -0.0295  reward_min: -6.5088  value_loss: 0.7074
Step:  1180000  |  score: 108.26 ± 0.54  |  actor_loss: -2.5705  cost_loss: 1.3808  q_loss: 0.0056  reward_max: 0.0782  reward_mean: 0.0036  reward_min: -3.2780  value_loss: 0.8538
Step:  1190000  |  score: 108.30 ± 0.61  |  actor_loss: -2.6981  cost_loss: 1.3765  q_loss: 0.0201  reward_max: 0.0795  reward_mean: -0.0292  reward_min: -6.4604  value_loss: 0.5524
Step:  1200000  |  score: 108.75 ± 0.24  |  actor_loss: -2.1202  cost_loss: 1.3713  q_loss: 0.0172  reward_max: 0.0704  reward_mean: -0.0671  reward_min: -6.3169  value_loss: 0.5219
Step:  1210000  |  score: 108.83 ± 0.17  |  actor_loss: -2.5244  cost_loss: 1.3777  q_loss: 0.0054  reward_max: 0.0718  reward_mean: -0.0257  reward_min: -5.2986  value_loss: 0.6606
Step:  1220000  |  score: 108.80 ± 0.39  |  actor_loss: -2.6925  cost_loss: 1.3810  q_loss: 0.0035  reward_max: 0.0508  reward_mean: 0.0049  reward_min: -4.2371  value_loss: 0.8980
Step:  1230000  |  score: 108.34 ± 0.32  |  actor_loss: -2.0437  cost_loss: 1.3719  q_loss: 0.0377  reward_max: 0.0510  reward_mean: -0.0579  reward_min: -6.5562  value_loss: 0.4143
Step:  1240000  |  score: 108.58 ± 0.17  |  actor_loss: -2.5954  cost_loss: 1.3783  q_loss: 0.0090  reward_max: 0.1235  reward_mean: -0.0131  reward_min: -6.1580  value_loss: 0.8014
Step:  1250000  |  score: 108.86 ± 0.26  |  actor_loss: -2.6048  cost_loss: 1.3797  q_loss: 0.0063  reward_max: 0.0749  reward_mean: -0.0080  reward_min: -5.6724  value_loss: 0.7112
Step:  1260000  |  score: 108.01 ± 0.51  |  actor_loss: -2.4558  cost_loss: 1.3805  q_loss: 0.0066  reward_max: 0.0973  reward_mean: 0.0019  reward_min: -3.7612  value_loss: 0.8439
Step:  1270000  |  score: 108.70 ± 0.38  |  actor_loss: -2.5729  cost_loss: 1.3787  q_loss: 0.0206  reward_max: 0.2077  reward_mean: -0.0198  reward_min: -5.9942  value_loss: 0.6902
Step:  1280000  |  score: 108.48 ± 0.24  |  actor_loss: -2.2688  cost_loss: 1.3763  q_loss: 0.0217  reward_max: 0.0637  reward_mean: -0.0362  reward_min: -6.1845  value_loss: 0.6745
Step:  1290000  |  score: 108.69 ± 0.25  |  actor_loss: -2.5625  cost_loss: 1.3794  q_loss: 0.0243  reward_max: 0.2153  reward_mean: -0.0152  reward_min: -4.5026  value_loss: 0.6910
Step:  1300000  |  score: 108.75 ± 0.18  |  actor_loss: -2.6830  cost_loss: 1.3751  q_loss: 0.0413  reward_max: 0.1538  reward_mean: -0.0406  reward_min: -6.4710  value_loss: 0.5891
Step:  1310000  |  score: 108.78 ± 0.21  |  actor_loss: -2.5407  cost_loss: 1.3830  q_loss: 0.0058  reward_max: 0.1434  reward_mean: 0.0090  reward_min: -0.1138  value_loss: 0.8728
Step:  1320000  |  score: 109.02 ± 0.15  |  actor_loss: -2.5603  cost_loss: 1.3792  q_loss: 0.0064  reward_max: 0.1187  reward_mean: -0.0084  reward_min: -5.9108  value_loss: 0.7577
Step:  1330000  |  score: 108.84 ± 0.24  |  actor_loss: -2.6245  cost_loss: 1.3771  q_loss: 0.0183  reward_max: 0.0918  reward_mean: -0.0236  reward_min: -6.2699  value_loss: 0.6191
Step:  1340000  |  score: 108.85 ± 0.37  |  actor_loss: -2.8254  cost_loss: 1.3750  q_loss: 0.0146  reward_max: 0.1785  reward_mean: -0.0406  reward_min: -5.8023  value_loss: 0.6200
Step:  1350000  |  score: 108.58 ± 0.16  |  actor_loss: -2.4253  cost_loss: 1.3770  q_loss: 0.0160  reward_max: 0.1111  reward_mean: -0.0320  reward_min: -6.7572  value_loss: 0.7036
Step:  1360000  |  score: 108.20 ± 0.67  |  actor_loss: -2.6471  cost_loss: 1.3786  q_loss: 0.0070  reward_max: 0.0847  reward_mean: -0.0112  reward_min: -6.1353  value_loss: 0.7882
Step:  1370000  |  score: 108.97 ± 0.25  |  actor_loss: -2.4917  cost_loss: 1.3695  q_loss: 0.0348  reward_max: 0.0952  reward_mean: -0.0843  reward_min: -6.4978  value_loss: 0.1666
Step:  1380000  |  score: 108.41 ± 0.64  |  actor_loss: -2.7424  cost_loss: 1.3799  q_loss: 0.0066  reward_max: 0.1192  reward_mean: -0.0054  reward_min: -4.9985  value_loss: 0.7474
Step:  1390000  |  score: 108.63 ± 0.48  |  actor_loss: -2.5961  cost_loss: 1.3778  q_loss: 0.0107  reward_max: 0.0640  reward_mean: -0.0190  reward_min: -5.6418  value_loss: 0.7530
Step:  1400000  |  score: 108.50 ± 0.22  |  actor_loss: -2.5553  cost_loss: 1.3787  q_loss: 0.0633  reward_max: 0.0966  reward_mean: -0.0052  reward_min: -4.8614  value_loss: 0.7587
Step:  1410000  |  score: 108.93 ± 0.14  |  actor_loss: -2.5563  cost_loss: 1.3775  q_loss: 0.0183  reward_max: 0.1248  reward_mean: -0.0178  reward_min: -5.0657  value_loss: 0.5925
Step:  1420000  |  score: 108.54 ± 0.26  |  actor_loss: -2.7606  cost_loss: 1.3779  q_loss: 0.0116  reward_max: 0.0822  reward_mean: -0.0188  reward_min: -5.7405  value_loss: 0.7140
Step:  1430000  |  score: 108.94 ± 0.32  |  actor_loss: -2.5821  cost_loss: 1.3767  q_loss: 0.0150  reward_max: 0.0982  reward_mean: -0.0256  reward_min: -5.7471  value_loss: 0.6178
Step:  1440000  |  score: 108.47 ± 0.08  |  actor_loss: -2.3550  cost_loss: 1.3759  q_loss: 0.0516  reward_max: 0.0714  reward_mean: -0.0286  reward_min: -5.8524  value_loss: 0.5055
Step:  1450000  |  score: 108.42 ± 0.14  |  actor_loss: -2.6198  cost_loss: 1.3777  q_loss: 0.0139  reward_max: 0.0752  reward_mean: -0.0235  reward_min: -5.4358  value_loss: 0.6007
Step:  1460000  |  score: 109.22 ± 0.16  |  actor_loss: -2.6221  cost_loss: 1.3813  q_loss: 0.0086  reward_max: 0.0914  reward_mean: 0.0064  reward_min: -3.3549  value_loss: 0.8497
Step:  1470000  |  score: 108.47 ± 0.35  |  actor_loss: -2.6899  cost_loss: 1.3771  q_loss: 0.0262  reward_max: 0.0967  reward_mean: -0.0272  reward_min: -6.2383  value_loss: 0.7522
Step:  1480000  |  score: 108.69 ± 0.17  |  actor_loss: -2.4958  cost_loss: 1.3764  q_loss: 0.0115  reward_max: 0.1211  reward_mean: -0.0280  reward_min: -6.4852  value_loss: 0.5852
Step:  1490000  |  score: 108.46 ± 0.38  |  actor_loss: -2.3442  cost_loss: 1.3729  q_loss: 0.0439  reward_max: 0.1401  reward_mean: -0.0615  reward_min: -6.4283  value_loss: 0.3956
Step:  1500000  |  score: 108.17 ± 0.49  |  actor_loss: -2.5766  cost_loss: 1.3793  q_loss: 0.0346  reward_max: 0.2903  reward_mean: -0.0051  reward_min: -5.8310  value_loss: 0.8735
Step:  1510000  |  score: 108.44 ± 0.25  |  actor_loss: -2.6040  cost_loss: 1.3749  q_loss: 0.0263  reward_max: 0.0924  reward_mean: -0.0375  reward_min: -4.9631  value_loss: 0.4379
Step:  1520000  |  score: 108.53 ± 0.77  |  actor_loss: -2.5244  cost_loss: 1.3756  q_loss: 0.0451  reward_max: 0.1370  reward_mean: -0.0225  reward_min: -6.4113  value_loss: 0.5968
Step:  1530000  |  score: 108.86 ± 0.16  |  actor_loss: -2.6600  cost_loss: 1.3768  q_loss: 0.0114  reward_max: 0.1971  reward_mean: -0.0320  reward_min: -6.4934  value_loss: 0.6316
Step:  1540000  |  score: 108.68 ± 0.43  |  actor_loss: -2.5516  cost_loss: 1.3774  q_loss: 0.0082  reward_max: 0.0746  reward_mean: -0.0217  reward_min: -6.5853  value_loss: 0.6704
Step:  1550000  |  score: 108.84 ± 0.35  |  actor_loss: -2.4919  cost_loss: 1.3795  q_loss: 0.0080  reward_max: 0.1284  reward_mean: -0.0107  reward_min: -6.2927  value_loss: 0.8062
Step:  1560000  |  score: 108.95 ± 0.25  |  actor_loss: -2.4927  cost_loss: 1.3757  q_loss: 0.0408  reward_max: 0.0808  reward_mean: -0.0300  reward_min: -6.3181  value_loss: 0.6706
Step:  1570000  |  score: 108.79 ± 0.25  |  actor_loss: -2.3831  cost_loss: 1.3744  q_loss: 0.0305  reward_max: 0.0787  reward_mean: -0.0382  reward_min: -5.5209  value_loss: 0.5276
Step:  1580000  |  score: 108.24 ± 0.60  |  actor_loss: -2.7413  cost_loss: 1.3825  q_loss: 0.0076  reward_max: 0.1047  reward_mean: 0.0135  reward_min: -0.0600  value_loss: 0.8851
Step:  1590000  |  score: 108.39 ± 0.36  |  actor_loss: -2.5846  cost_loss: 1.3749  q_loss: 0.0140  reward_max: 0.1728  reward_mean: -0.0424  reward_min: -6.1631  value_loss: 0.5474
Step:  1600000  |  score: 108.44 ± 0.29  |  actor_loss: -2.3749  cost_loss: 1.3760  q_loss: 0.0244  reward_max: 0.0708  reward_mean: -0.0401  reward_min: -6.4335  value_loss: 0.5739
Step:  1610000  |  score: 108.94 ± 0.27  |  actor_loss: -2.6369  cost_loss: 1.3815  q_loss: 0.0105  reward_max: 0.0541  reward_mean: 0.0017  reward_min: -5.2503  value_loss: 0.8029
Step:  1620000  |  score: 109.00 ± 0.15  |  actor_loss: -2.6536  cost_loss: 1.3771  q_loss: 0.0104  reward_max: 0.1221  reward_mean: -0.0279  reward_min: -6.4668  value_loss: 0.6543
Step:  1630000  |  score: 108.87 ± 0.14  |  actor_loss: -2.3841  cost_loss: 1.3732  q_loss: 0.0413  reward_max: 0.0825  reward_mean: -0.0526  reward_min: -6.4732  value_loss: 0.3729
Step:  1640000  |  score: 108.18 ± 0.20  |  actor_loss: -2.8108  cost_loss: 1.3776  q_loss: 0.0257  reward_max: 0.1073  reward_mean: -0.0302  reward_min: -6.5167  value_loss: 0.5947
Step:  1650000  |  score: 108.40 ± 0.20  |  actor_loss: -2.6846  cost_loss: 1.3720  q_loss: 0.0230  reward_max: 0.0463  reward_mean: -0.0685  reward_min: -6.5165  value_loss: 0.5118
Step:  1660000  |  score: 108.77 ± 0.54  |  actor_loss: -2.5095  cost_loss: 1.3775  q_loss: 0.0118  reward_max: 0.1315  reward_mean: -0.0208  reward_min: -6.2002  value_loss: 0.6418
Step:  1670000  |  score: 109.18 ± 0.26  |  actor_loss: -2.6143  cost_loss: 1.3753  q_loss: 0.0323  reward_max: 0.1818  reward_mean: -0.0474  reward_min: -6.2886  value_loss: 0.6353
Step:  1680000  |  score: 108.77 ± 0.30  |  actor_loss: -2.3999  cost_loss: 1.3767  q_loss: 0.0218  reward_max: 0.0872  reward_mean: -0.0304  reward_min: -6.3286  value_loss: 0.6857
Step:  1690000  |  score: 108.39 ± 0.25  |  actor_loss: -2.7023  cost_loss: 1.3793  q_loss: 0.0112  reward_max: 0.1458  reward_mean: -0.0108  reward_min: -4.3414  value_loss: 0.7069
Step:  1700000  |  score: 108.62 ± 0.26  |  actor_loss: -2.3495  cost_loss: 1.3794  q_loss: 0.0077  reward_max: 0.2142  reward_mean: -0.0140  reward_min: -6.3827  value_loss: 0.8087
Step:  1710000  |  score: 109.02 ± 0.10  |  actor_loss: -2.4362  cost_loss: 1.3754  q_loss: 0.0225  reward_max: 0.1476  reward_mean: -0.0303  reward_min: -6.0790  value_loss: 0.5902
Step:  1720000  |  score: 108.54 ± 0.20  |  actor_loss: -2.3481  cost_loss: 1.3724  q_loss: 0.0414  reward_max: 0.1017  reward_mean: -0.0616  reward_min: -6.4617  value_loss: 0.5116
Step:  1730000  |  score: 108.19 ± 0.40  |  actor_loss: -2.4960  cost_loss: 1.3782  q_loss: 0.0516  reward_max: 0.0408  reward_mean: -0.0229  reward_min: -5.1651  value_loss: 0.5724
Step:  1740000  |  score: 108.63 ± 0.46  |  actor_loss: -2.7067  cost_loss: 1.3803  q_loss: 0.0084  reward_max: 0.0754  reward_mean: -0.0037  reward_min: -4.0669  value_loss: 0.6802
Step:  1750000  |  score: 108.81 ± 0.24  |  actor_loss: -2.8855  cost_loss: 1.3759  q_loss: 0.0112  reward_max: 0.0682  reward_mean: -0.0362  reward_min: -6.3312  value_loss: 0.4711
Step:  1760000  |  score: 108.40 ± 0.19  |  actor_loss: -2.6140  cost_loss: 1.3800  q_loss: 0.0048  reward_max: 0.0654  reward_mean: -0.0132  reward_min: -6.1712  value_loss: 0.7940
Step:  1770000  |  score: 108.21 ± 0.24  |  actor_loss: -2.7733  cost_loss: 1.3772  q_loss: 0.0144  reward_max: 0.0482  reward_mean: -0.0266  reward_min: -6.0921  value_loss: 0.6276
Step:  1780000  |  score: 109.08 ± 0.16  |  actor_loss: -2.4496  cost_loss: 1.3762  q_loss: 0.0089  reward_max: 0.0986  reward_mean: -0.0315  reward_min: -6.4868  value_loss: 0.6284
Step:  1790000  |  score: 108.38 ± 0.25  |  actor_loss: -2.5414  cost_loss: 1.3783  q_loss: 0.0219  reward_max: 0.1030  reward_mean: -0.0137  reward_min: -6.0868  value_loss: 0.6926
Step:  1800000  |  score: 108.53 ± 0.38  |  actor_loss: -2.6742  cost_loss: 1.3789  q_loss: 0.0101  reward_max: 0.0866  reward_mean: -0.0172  reward_min: -6.5526  value_loss: 0.7158
Step:  1810000  |  score: 108.62 ± 0.21  |  actor_loss: -2.3901  cost_loss: 1.3782  q_loss: 0.0569  reward_max: 0.0707  reward_mean: -0.0211  reward_min: -5.8827  value_loss: 0.6815
Step:  1820000  |  score: 108.50 ± 0.35  |  actor_loss: -2.7288  cost_loss: 1.3767  q_loss: 0.0251  reward_max: 0.0763  reward_mean: -0.0346  reward_min: -6.5560  value_loss: 0.6385
Step:  1830000  |  score: 108.78 ± 0.47  |  actor_loss: -2.4933  cost_loss: 1.3721  q_loss: 0.0230  reward_max: 0.0916  reward_mean: -0.0480  reward_min: -6.5169  value_loss: 0.2688
Step:  1840000  |  score: 108.46 ± 0.32  |  actor_loss: -2.9165  cost_loss: 1.3791  q_loss: 0.0174  reward_max: 0.1358  reward_mean: -0.0141  reward_min: -6.0304  value_loss: 0.7304
Step:  1850000  |  score: 108.91 ± 0.37  |  actor_loss: -2.4746  cost_loss: 1.3787  q_loss: 0.0533  reward_max: 0.2604  reward_mean: -0.0075  reward_min: -4.2665  value_loss: 0.6768
Step:  1860000  |  score: 108.20 ± 0.21  |  actor_loss: -2.5397  cost_loss: 1.3759  q_loss: 0.0154  reward_max: 0.0643  reward_mean: -0.0476  reward_min: -6.4103  value_loss: 0.5250
Step:  1870000  |  score: 108.80 ± 0.24  |  actor_loss: -2.6574  cost_loss: 1.3789  q_loss: 0.0149  reward_max: 0.0514  reward_mean: -0.0124  reward_min: -5.1843  value_loss: 0.6213
Step:  1880000  |  score: 108.44 ± 0.28  |  actor_loss: -2.7032  cost_loss: 1.3787  q_loss: 0.0177  reward_max: 0.0897  reward_mean: -0.0080  reward_min: -3.2967  value_loss: 0.7174
Step:  1890000  |  score: 108.36 ± 0.38  |  actor_loss: -2.7110  cost_loss: 1.3795  q_loss: 0.0137  reward_max: 0.0504  reward_mean: -0.0083  reward_min: -5.0028  value_loss: 0.6757
Step:  1900000  |  score: 108.22 ± 0.33  |  actor_loss: -2.6265  cost_loss: 1.3749  q_loss: 0.0230  reward_max: 0.0781  reward_mean: -0.0316  reward_min: -6.2625  value_loss: 0.6690
Step:  1910000  |  score: 108.70 ± 0.22  |  actor_loss: -2.5151  cost_loss: 1.3754  q_loss: 0.0097  reward_max: 0.0713  reward_mean: -0.0333  reward_min: -5.2451  value_loss: 0.3630
Step:  1920000  |  score: 108.76 ± 0.21  |  actor_loss: -2.4194  cost_loss: 1.3790  q_loss: 0.0144  reward_max: 0.0981  reward_mean: -0.0217  reward_min: -6.3544  value_loss: 0.6773
Step:  1930000  |  score: 108.68 ± 0.34  |  actor_loss: -2.8507  cost_loss: 1.3800  q_loss: 0.0078  reward_max: 0.1094  reward_mean: -0.0031  reward_min: -4.0477  value_loss: 0.7416
Step:  1940000  |  score: 108.42 ± 0.26  |  actor_loss: -2.7331  cost_loss: 1.3785  q_loss: 0.0215  reward_max: 0.0639  reward_mean: -0.0167  reward_min: -6.0777  value_loss: 0.6198
Step:  1950000  |  score: 108.66 ± 0.21  |  actor_loss: -2.6327  cost_loss: 1.3795  q_loss: 0.0068  reward_max: 0.1105  reward_mean: -0.0106  reward_min: -6.2670  value_loss: 0.7124
Step:  1960000  |  score: 108.42 ± 0.33  |  actor_loss: -2.6567  cost_loss: 1.3798  q_loss: 0.0352  reward_max: 0.1432  reward_mean: -0.0025  reward_min: -3.9452  value_loss: 0.7148
Step:  1970000  |  score: 108.26 ± 0.21  |  actor_loss: -2.6692  cost_loss: 1.3752  q_loss: 0.0309  reward_max: 0.1201  reward_mean: -0.0356  reward_min: -4.8064  value_loss: 0.3372
Step:  1980000  |  score: 108.50 ± 0.41  |  actor_loss: -2.5430  cost_loss: 1.3708  q_loss: 0.0642  reward_max: 0.0755  reward_mean: -0.0590  reward_min: -5.9713  value_loss: 0.2980
Step:  1990000  |  score: 108.53 ± 0.15  |  actor_loss: -2.8841  cost_loss: 1.3810  q_loss: 0.0108  reward_max: 0.0781  reward_mean: -0.0036  reward_min: -5.1365  value_loss: 0.7258
Step:  2000000  |  score: 108.10 ± 0.24  |  actor_loss: -2.5632  cost_loss: 1.3741  q_loss: 0.0302  reward_max: 0.0979  reward_mean: -0.0450  reward_min: -6.2863  value_loss: 0.4544
Final evaluation (13 iterations)...
Final score: 107.87 ± 0.58
wandb: WARNING Symlinked 1 file into the W&B run directory; call wandb.save again to sync new files.
wandb: updating run metadata
wandb: uploading final_returns/bdemodice_walker2d-expert-v2_2026-03-18_17-37-50.npz; uploading output.log; uploading wandb-summary.json; uploading config.yaml
wandb: uploading final_returns/bdemodice_walker2d-expert-v2_2026-03-18_17-37-50.npz; uploading output.log; uploading wandb-summary.json
wandb: uploading summary, console lines 214-215
wandb: 
wandb: Run history:
wandb:  actor_loss ▅▅▃█▄▄▅▃▂▅▄▄▄▄▅▃▂▃▄▂▃▁▁▂▂▂▂▂▄▂▂▂▂▂▂▃▂▂▃▂
wandb:   cost_loss ▆▅▆▅▆▅▇▆▄▄▄▆▆▇▆▇▆▅▃▄▅▇▇▆▄▁▇▄▇▄█▆▅▂▆▆▄▄▆▂
wandb: num_updates ▁▁▁▁▂▂▂▂▂▂▃▃▃▃▃▄▄▄▅▅▅▅▅▅▅▅▆▆▆▆▇▇▇▇▇▇▇███
wandb:      q_loss ▂▁█▃▂▁▅▃▂▅▁▂▂▂▂▁▂▃▃▄▁▁▁▂▁▂▁▂▁▁▁▁▃▁▁▂▃▁▂▂
wandb:      return █████▄██▁███████████████████████████████
wandb:  reward_max ▄▆▄▄▆▃█▂▁▃▂▂▂▁▂▁▂▃▃▆▄▂▂▂▁▂▃▂▂▃▂▂▃▅▂▂▂▃▁▂
wandb: reward_mean ▇▇▆▇▅▄▄▆▄▅▄▄▁▂▄▆▇▃▄▄▅▅▇▃▅▇▆█▆▅▅▅▆█▇▆▄▅▄▄
wandb:  reward_min ▄▂▄▂▁▁▃▃▁▂▂▁▃▁▁▂▄▁▂▂▂▁▁█▁▄▁▂▁▂▃▃▁▁▁▂▂▁▁▃
wandb:       score ▁▃██████████████████████████████████████
wandb:   score_std ▄▁▁▁▁▆▅▁▁▁▁█▁▁▁▁▁▁▁▁▁▁▁▁▁▁▁▁▁▁▁▁▁▁▁▁▁▁▁▁
wandb:          +1 ...
wandb: 
wandb: Run summary:
wandb:  actor_loss -2.5632
wandb:   cost_loss 1.37413
wandb: num_updates 2000000
wandb:      q_loss 0.03017
wandb:      return 4964.15179
wandb:  reward_max 0.09794
wandb: reward_mean -0.04503
wandb:  reward_min -6.28635
wandb:       score 108.10016
wandb:   score_std 0.23631
wandb:          +1 ...
wandb: 
wandb: 🚀 View run bdemodice_walker2d_M2_s2 at: https://wandb.ai/wsk208/DemoDICE/runs/x91yowzi
wandb: ⭐️ View project at: https://wandb.ai/wsk208/DemoDICE
wandb: Synced 5 W&B file(s), 0 media file(s), 0 artifact file(s) and 1 other file(s)
wandb: Find logs at: ./wandb/run-20260318_171125-x91yowzi/logs
