Warning: All of online environments libraries in D4RL have been moved ]8;;https://github.com/Farama-Foundation/Gymnasium\Gymnasium]8;;\, ]8;;https://github.com/Farama-Foundation/MiniGrid\MiniGrid]8;;\ and ]8;;https://github.com/Farama-Foundation/Gymnasium-Robotics\Gymnasium-Robotics]8;;\, and all offline datasets in D4RL have been moved to ]8;;https://github.com/Farama-Foundation/Minari\Minari]8;;\.
These new versions include large bug fixes, new versions of Python, and are where all new development will continue. Please upgrade these libraries as soon as you're able to do so.
If you'd like to read more about the story behind this switch, please check out ]8;;https://farama.org/Announcing-Minari\this blog post]8;;\.
Gym has been unmaintained since 2022 and does not support NumPy 2.0 amongst other critical functionality.
Please upgrade to Gymnasium, the maintained drop-in replacement of Gym, or contact the authors of your software and request that they upgrade.
See the migration guide at https://gymnasium.farama.org/introduction/migration_guide/ for additional information.
/opt/venv/lib/python3.10/site-packages/Cython/Distutils/old_build_ext.py:15: DeprecationWarning: dep_util is Deprecated. Use functions from setuptools instead.
  from distutils.dep_util import newer, newer_group
<frozen importlib._bootstrap>:283: DeprecationWarning: the load_module() method is deprecated and slated for removal in Python 3.12; use exec_module() instead
pybullet build time: Jan 29 2025 23:16:28
wandb: [wandb.login()] Loaded credentials for https://api.wandb.ai from /root/.netrc.
wandb: Currently logged in as: wsk208 to https://api.wandb.ai. Use `wandb login --relogin` to force relogin
/opt/venv/lib/python3.10/site-packages/wandb/analytics/sentry.py:268: DeprecationWarning: Read the `app_url` setting from the appropriate Settings object.
  app_url = wandb.util.app_url(tags["base_url"])  # type: ignore[index]
/opt/venv/lib/python3.10/site-packages/wandb/analytics/sentry.py:279: DeprecationWarning: The `Scope.user` setter is deprecated in favor of `Scope.set_user()`.
  self.scope.user = {"email": email}
wandb: setting up run kpgkcjf3
/opt/venv/lib/python3.10/site-packages/wandb/analytics/sentry.py:268: DeprecationWarning: Read the `app_url` setting from the appropriate Settings object.
  app_url = wandb.util.app_url(tags["base_url"])  # type: ignore[index]
/opt/venv/lib/python3.10/site-packages/wandb/analytics/sentry.py:279: DeprecationWarning: The `Scope.user` setter is deprecated in favor of `Scope.set_user()`.
  self.scope.user = {"email": email}
wandb: Tracking run with wandb version 0.25.1
wandb: Run data is saved locally in /app/wandb/run-20260319_014224-kpgkcjf3
wandb: Run `wandb offline` to turn off syncing.
wandb: Syncing run bdemodice_halfcheetah_M4_s4
wandb: ⭐️ View project at https://wandb.ai/wsk208/DemoDICE
wandb: 🚀 View run at https://wandb.ai/wsk208/DemoDICE/runs/kpgkcjf3
/opt/venv/lib/python3.10/site-packages/gym/spaces/box.py:84: UserWarning: [33mWARN: Box bound precision lowered by casting to float32[0m
  logger.warn(f"Box bound precision lowered by casting to {self.dtype}")
load datafile:   0%|          | 0/21 [00:00<?, ?it/s]load datafile:   5%|▍         | 1/21 [00:00<00:03,  5.76it/s]load datafile:  14%|█▍        | 3/21 [00:00<00:03,  5.14it/s]load datafile:  19%|█▉        | 4/21 [00:00<00:04,  3.94it/s]load datafile:  81%|████████  | 17/21 [00:01<00:00, 15.43it/s]load datafile:  90%|█████████ | 19/21 [00:01<00:00, 10.70it/s]load datafile: 100%|██████████| 21/21 [00:01<00:00, 11.06it/s]
Expert  :  999000 transitions  (halfcheetah-expert-v2, 100 traj)
load datafile:   0%|          | 0/9 [00:00<?, ?it/s]load datafile:  11%|█         | 1/9 [00:00<00:01,  6.22it/s]load datafile:  33%|███▎      | 3/9 [00:00<00:01,  5.53it/s]load datafile:  44%|████▍     | 4/9 [00:00<00:01,  4.11it/s]load datafile:  56%|█████▌    | 5/9 [00:01<00:01,  3.18it/s]load datafile:  67%|██████▋   | 6/9 [00:01<00:01,  2.77it/s]load datafile: 100%|██████████| 9/9 [00:01<00:00,  4.88it/s]
Imperfect:  999000 transitions  (halfcheetah-random-v2, 1600 traj)
Union   : 1998000 transitions total
/root/.local/share/uv/python/cpython-3.10-linux-x86_64-gnu/lib/python3.10/multiprocessing/popen_fork.py:66: RuntimeWarning: os.fork() was called. os.fork() is incompatible with multithreaded code, and JAX is multithreaded, so this will likely lead to a deadlock.
  self.pid = os.fork()
/opt/venv/lib/python3.10/site-packages/tensorflow_probability/python/internal/backend/jax/ops.py:681: DeprecationWarning: jax.interpreters.xla.pytype_aval_mappings is deprecated.
  jax.interpreters.xla.pytype_aval_mappings[onp.ndarray])
/opt/venv/lib/python3.10/site-packages/gym/spaces/box.py:84: UserWarning: [33mWARN: Box bound precision lowered by casting to float32[0m
  logger.warn(f"Box bound precision lowered by casting to {self.dtype}")
Step:    10000  |  score: 2.20 ± 0.01  |  actor_loss: 3.2550  cost_loss: 0.9425  q_loss: 4.6407  reward_max: 1.1937  reward_mean: -1.9149  reward_min: -6.4407  value_loss: -8.0864
Step:    20000  |  score: 2.15 ± 0.00  |  actor_loss: 3.0105  cost_loss: 1.0025  q_loss: 2.3887  reward_max: 2.9644  reward_mean: -1.7199  reward_min: -6.3462  value_loss: 6.3349
Step:    30000  |  score: 1.96 ± 0.02  |  actor_loss: 1.5079  cost_loss: 0.9886  q_loss: 2.7618  reward_max: 0.9150  reward_mean: -1.8175  reward_min: -6.5186  value_loss: 17.0451
Step:    40000  |  score: 3.02 ± 3.06  |  actor_loss: 11.0779  cost_loss: 0.9531  q_loss: 5.5046  reward_max: 1.0809  reward_mean: -1.9951  reward_min: -6.3752  value_loss: 4356.9673
Step:    50000  |  score: 2.16 ± 0.01  |  actor_loss: 93.8363  cost_loss: 0.9762  q_loss: 19.9809  reward_max: 1.1531  reward_mean: -1.9163  reward_min: -6.4229  value_loss: 12665583828992.0000
Step:    60000  |  score: 2.11 ± 0.01  |  actor_loss: 96.4403  cost_loss: 0.9205  q_loss: 18.6407  reward_max: 0.9062  reward_mean: -2.1426  reward_min: -6.5917  value_loss: 23812091110490112.0000
Step:    70000  |  score: 2.09 ± 0.02  |  actor_loss: 94.3121  cost_loss: 0.9759  q_loss: 14.3495  reward_max: 1.0938  reward_mean: -1.9887  reward_min: -6.5785  value_loss: 1499065321783296.0000
Step:    80000  |  score: 2.04 ± 0.02  |  actor_loss: 96.2076  cost_loss: 0.9758  q_loss: 15.0036  reward_max: 2.0259  reward_mean: -1.9161  reward_min: -6.6433  value_loss: 15186742214656.0000
Step:    90000  |  score: 2.57 ± 0.98  |  actor_loss: 88.0534  cost_loss: 1.0027  q_loss: 13.3943  reward_max: 1.0665  reward_mean: -1.8563  reward_min: -6.6545  value_loss: 14059821330333696.0000
Step:   100000  |  score: 2.06 ± 0.08  |  actor_loss: 104.0785  cost_loss: 0.9835  q_loss: 13.4916  reward_max: 1.7853  reward_mean: -1.9320  reward_min: -6.6136  value_loss: 31581334929408.0000
Step:   110000  |  score: 2.20 ± 0.50  |  actor_loss: 100.3029  cost_loss: 0.9543  q_loss: 13.1142  reward_max: 0.9878  reward_mean: -2.0721  reward_min: -6.5118  value_loss: 3148725081866240.0000
Step:   120000  |  score: 2.14 ± 0.30  |  actor_loss: 108.7048  cost_loss: 1.0111  q_loss: 11.5105  reward_max: 0.9610  reward_mean: -1.7938  reward_min: -6.6725  value_loss: 1984981815525376.0000
Step:   130000  |  score: 3.50 ± 1.07  |  actor_loss: 102.1291  cost_loss: 0.9538  q_loss: 10.6614  reward_max: 1.1756  reward_mean: -2.0621  reward_min: -6.5413  value_loss: 31258847477760.0000
Step:   140000  |  score: 5.23 ± 2.65  |  actor_loss: 79.7411  cost_loss: 1.0067  q_loss: 9.4135  reward_max: 0.8512  reward_mean: -1.9152  reward_min: -6.7246  value_loss: 1731322183680.0000
Step:   150000  |  score: 4.70 ± 2.65  |  actor_loss: 84.8458  cost_loss: 0.9596  q_loss: 11.4409  reward_max: 0.7861  reward_mean: -2.0792  reward_min: -6.4563  value_loss: 1292847278502969344.0000
Step:   160000  |  score: 2.69 ± 0.62  |  actor_loss: 83.3516  cost_loss: 1.0041  q_loss: 11.4462  reward_max: 1.3661  reward_mean: -1.8755  reward_min: -6.6669  value_loss: 30749780606976.0000
Step:   170000  |  score: 4.47 ± 1.40  |  actor_loss: 111.1616  cost_loss: 0.9716  q_loss: 10.7398  reward_max: 0.9657  reward_mean: -2.0656  reward_min: -6.6008  value_loss: 1999955413696512.0000
Step:   180000  |  score: 3.34 ± 1.11  |  actor_loss: 74.8128  cost_loss: 0.9600  q_loss: 9.6498  reward_max: 0.8458  reward_mean: -2.1654  reward_min: -6.7705  value_loss: 685889303460446208.0000
Step:   190000  |  score: 5.27 ± 3.85  |  actor_loss: 92.1860  cost_loss: 1.0323  q_loss: 9.0550  reward_max: 0.8888  reward_mean: -1.8551  reward_min: -6.3493  value_loss: 11647332831461376.0000
Step:   200000  |  score: 4.14 ± 1.57  |  actor_loss: 83.7531  cost_loss: 1.0033  q_loss: 9.2645  reward_max: 0.7747  reward_mean: -1.9769  reward_min: -6.7052  value_loss: 22221347094528.0000
Step:   210000  |  score: 4.73 ± 2.10  |  actor_loss: 88.9159  cost_loss: 0.9663  q_loss: 10.6939  reward_max: 0.9884  reward_mean: -2.2246  reward_min: -6.5969  value_loss: 11928001428062208.0000
Step:   220000  |  score: 5.04 ± 1.48  |  actor_loss: 87.9068  cost_loss: 0.9760  q_loss: 9.0658  reward_max: 0.7762  reward_mean: -2.0695  reward_min: -6.4515  value_loss: 45322877272064.0000
Step:   230000  |  score: 3.61 ± 0.87  |  actor_loss: 108.6178  cost_loss: 0.9586  q_loss: 12.0893  reward_max: 0.8980  reward_mean: -2.0921  reward_min: -6.6749  value_loss: 411176915697664.0000
Step:   240000  |  score: 5.11 ± 2.50  |  actor_loss: 90.2075  cost_loss: 0.9875  q_loss: 9.8574  reward_max: 0.9592  reward_mean: -1.9026  reward_min: -6.4670  value_loss: 25695161942016.0000
Step:   250000  |  score: 6.61 ± 3.57  |  actor_loss: 109.9972  cost_loss: 0.9649  q_loss: 8.4005  reward_max: 1.1040  reward_mean: -2.1651  reward_min: -6.5019  value_loss: 14377624214175744.0000
Step:   260000  |  score: 5.54 ± 1.88  |  actor_loss: 86.9167  cost_loss: 0.9938  q_loss: 8.8805  reward_max: 1.0048  reward_mean: -1.9269  reward_min: -6.5564  value_loss: 1668761224478720.0000
Step:   270000  |  score: 6.85 ± 4.77  |  actor_loss: 80.6122  cost_loss: 1.0038  q_loss: 6.8838  reward_max: 0.9090  reward_mean: -1.8654  reward_min: -6.6391  value_loss: 4863232271450112.0000
Step:   280000  |  score: 6.94 ± 4.97  |  actor_loss: 83.9075  cost_loss: 0.9637  q_loss: 8.0760  reward_max: 0.9106  reward_mean: -2.1371  reward_min: -6.6750  value_loss: 12672945732978737152.0000
Step:   290000  |  score: 7.16 ± 2.71  |  actor_loss: 118.4168  cost_loss: 0.9181  q_loss: 7.9901  reward_max: 1.0396  reward_mean: -2.3886  reward_min: -6.5867  value_loss: 1025470552342528.0000
Step:   300000  |  score: 3.63 ± 1.91  |  actor_loss: 95.4027  cost_loss: 0.9642  q_loss: 7.5239  reward_max: 0.8757  reward_mean: -2.0899  reward_min: -6.5814  value_loss: 14887740701147136.0000
Step:   310000  |  score: 5.59 ± 2.14  |  actor_loss: 102.0539  cost_loss: 0.9535  q_loss: 6.8619  reward_max: 0.8008  reward_mean: -2.1039  reward_min: -6.5112  value_loss: 1655600078884175872.0000
Step:   320000  |  score: 5.79 ± 2.06  |  actor_loss: 82.7566  cost_loss: 0.9613  q_loss: 8.8954  reward_max: 0.9858  reward_mean: -2.1328  reward_min: -6.5793  value_loss: 4441713410048.0000
Step:   330000  |  score: 3.95 ± 1.75  |  actor_loss: 94.2291  cost_loss: 0.9865  q_loss: 8.2128  reward_max: 0.9915  reward_mean: -2.0503  reward_min: -6.8654  value_loss: 9965515980144640.0000
Step:   340000  |  score: 4.35 ± 2.22  |  actor_loss: 98.5716  cost_loss: 0.9736  q_loss: 8.4889  reward_max: 0.9036  reward_mean: -2.1367  reward_min: -6.5604  value_loss: 76405896237809664.0000
Step:   350000  |  score: 4.97 ± 4.84  |  actor_loss: 104.1375  cost_loss: 0.9313  q_loss: 7.2577  reward_max: 0.8724  reward_mean: -2.3072  reward_min: -6.5460  value_loss: 16037893214568448.0000
Step:   360000  |  score: 5.40 ± 2.42  |  actor_loss: 104.4254  cost_loss: 0.9580  q_loss: 6.6522  reward_max: 0.8320  reward_mean: -2.1735  reward_min: -6.6334  value_loss: 123103563818729472.0000
Step:   370000  |  score: 6.45 ± 3.01  |  actor_loss: 108.8268  cost_loss: 0.9585  q_loss: 6.7037  reward_max: 0.8306  reward_mean: -2.2148  reward_min: -6.5315  value_loss: 9028724850688.0000
Step:   380000  |  score: 6.33 ± 2.87  |  actor_loss: 104.0140  cost_loss: 0.9025  q_loss: 7.0860  reward_max: 0.9632  reward_mean: -2.4511  reward_min: -6.6043  value_loss: 10474930729589407744.0000
Step:   390000  |  score: 5.54 ± 2.11  |  actor_loss: 82.1571  cost_loss: 0.9920  q_loss: 7.1272  reward_max: 0.8113  reward_mean: -2.0361  reward_min: -6.6185  value_loss: 269556979335168.0000
Step:   400000  |  score: 8.32 ± 6.05  |  actor_loss: 73.9837  cost_loss: 0.9341  q_loss: 7.5220  reward_max: 0.9114  reward_mean: -2.2712  reward_min: -6.6403  value_loss: 266102349234176.0000
Step:   410000  |  score: 5.11 ± 0.73  |  actor_loss: 96.7495  cost_loss: 0.9609  q_loss: 7.6721  reward_max: 0.8931  reward_mean: -2.1912  reward_min: -6.4930  value_loss: 393227010048.0000
Step:   420000  |  score: 7.39 ± 5.34  |  actor_loss: 94.3896  cost_loss: 0.9549  q_loss: 6.8951  reward_max: 1.1699  reward_mean: -2.1823  reward_min: -6.5948  value_loss: 3501096960000.0000
Step:   430000  |  score: 5.52 ± 2.15  |  actor_loss: 103.3964  cost_loss: 0.9443  q_loss: 7.1261  reward_max: 1.0145  reward_mean: -2.2489  reward_min: -6.7387  value_loss: 39708826533888.0000
Step:   440000  |  score: 3.28 ± 1.17  |  actor_loss: 98.0844  cost_loss: 0.9700  q_loss: 6.5996  reward_max: 0.9030  reward_mean: -2.0563  reward_min: -6.5784  value_loss: 3534485405724311552.0000
Step:   450000  |  score: 3.96 ± 1.28  |  actor_loss: 107.2665  cost_loss: 0.9577  q_loss: 6.2384  reward_max: 0.8805  reward_mean: -2.1070  reward_min: -6.5780  value_loss: 3416283676672.0000
Step:   460000  |  score: 4.79 ± 1.15  |  actor_loss: 99.4033  cost_loss: 0.9621  q_loss: 8.8821  reward_max: 1.1033  reward_mean: -2.1450  reward_min: -6.4206  value_loss: 81391777742848.0000
Step:   470000  |  score: 3.60 ± 1.03  |  actor_loss: 91.8972  cost_loss: 0.9472  q_loss: 6.9207  reward_max: 0.9418  reward_mean: -2.1906  reward_min: -6.6162  value_loss: 746493593284843143168.0000
Step:   480000  |  score: 4.63 ± 2.88  |  actor_loss: 95.9720  cost_loss: 0.9842  q_loss: 6.7856  reward_max: 0.8724  reward_mean: -2.0465  reward_min: -6.6046  value_loss: 263447925227520.0000
Step:   490000  |  score: 4.85 ± 1.42  |  actor_loss: 80.4448  cost_loss: 0.9260  q_loss: 7.4576  reward_max: 0.9607  reward_mean: -2.2535  reward_min: -6.5455  value_loss: 10328582433397538816.0000
Step:   500000  |  score: 5.63 ± 2.83  |  actor_loss: 120.9674  cost_loss: 0.9387  q_loss: 8.2705  reward_max: 0.9775  reward_mean: -2.2598  reward_min: -6.7593  value_loss: 59031598648503627153408.0000
Step:   510000  |  score: 5.14 ± 1.97  |  actor_loss: 78.9163  cost_loss: 0.9795  q_loss: 6.7211  reward_max: 0.9429  reward_mean: -2.1072  reward_min: -6.5247  value_loss: 1258191610445824.0000
Step:   520000  |  score: 6.43 ± 2.50  |  actor_loss: 101.6319  cost_loss: 0.9641  q_loss: 6.7228  reward_max: 0.7672  reward_mean: -2.1363  reward_min: -6.4760  value_loss: 316436800774078464.0000
Step:   530000  |  score: 4.21 ± 1.77  |  actor_loss: 87.9487  cost_loss: 0.9832  q_loss: 6.1753  reward_max: 0.8885  reward_mean: -2.0493  reward_min: -6.4321  value_loss: 9179188166656.0000
Step:   540000  |  score: 5.08 ± 1.12  |  actor_loss: 97.7259  cost_loss: 0.9789  q_loss: 5.5223  reward_max: 0.8146  reward_mean: -2.0719  reward_min: -6.5426  value_loss: 18368570995997933568.0000
Step:   550000  |  score: 5.59 ± 2.24  |  actor_loss: 93.1008  cost_loss: 0.9749  q_loss: 7.4688  reward_max: 0.8849  reward_mean: -2.1273  reward_min: -6.5663  value_loss: 1060200551053613072384.0000
Step:   560000  |  score: 5.65 ± 3.80  |  actor_loss: 92.0645  cost_loss: 0.9398  q_loss: 7.5000  reward_max: 0.8566  reward_mean: -2.2850  reward_min: -6.6372  value_loss: 952144119201792.0000
Step:   570000  |  score: 4.46 ± 2.53  |  actor_loss: 83.7511  cost_loss: 0.9936  q_loss: 7.6424  reward_max: 1.0740  reward_mean: -2.0367  reward_min: -6.7312  value_loss: 157135347073941504.0000
Step:   580000  |  score: 6.29 ± 2.81  |  actor_loss: 105.2734  cost_loss: 0.9661  q_loss: 5.4709  reward_max: 0.9082  reward_mean: -2.1160  reward_min: -6.6840  value_loss: 574943357537615872.0000
Step:   590000  |  score: 4.48 ± 1.71  |  actor_loss: 101.1720  cost_loss: 0.9782  q_loss: 5.8794  reward_max: 1.0269  reward_mean: -2.0640  reward_min: -6.7430  value_loss: 1418142903435264.0000
Step:   600000  |  score: 5.17 ± 1.52  |  actor_loss: 102.5489  cost_loss: 0.9433  q_loss: 6.2371  reward_max: 0.9686  reward_mean: -2.2262  reward_min: -6.5931  value_loss: 171724167446528.0000
Step:   610000  |  score: 4.84 ± 1.21  |  actor_loss: 95.0566  cost_loss: 0.9321  q_loss: 6.3820  reward_max: 0.9016  reward_mean: -2.2297  reward_min: -6.5627  value_loss: 158287515000766464.0000
Step:   620000  |  score: 4.02 ± 2.03  |  actor_loss: 89.1458  cost_loss: 0.9880  q_loss: 5.6448  reward_max: 0.8478  reward_mean: -2.0597  reward_min: -6.5182  value_loss: 65451455414272.0000
Step:   630000  |  score: 5.55 ± 2.20  |  actor_loss: 107.1094  cost_loss: 0.9501  q_loss: 5.8630  reward_max: 0.8759  reward_mean: -2.2276  reward_min: -6.6009  value_loss: 18564850108071936.0000
Step:   640000  |  score: 4.99 ± 3.27  |  actor_loss: 82.5587  cost_loss: 0.9304  q_loss: 6.2388  reward_max: 0.8503  reward_mean: -2.2556  reward_min: -6.5818  value_loss: 247637867005663510528.0000
Step:   650000  |  score: 5.79 ± 2.91  |  actor_loss: 87.8837  cost_loss: 0.9927  q_loss: 6.7594  reward_max: 1.2820  reward_mean: -2.0378  reward_min: -6.4949  value_loss: 269957971574784.0000
Step:   660000  |  score: 5.13 ± 2.91  |  actor_loss: 94.5552  cost_loss: 0.9798  q_loss: 5.8438  reward_max: 0.9386  reward_mean: -2.0686  reward_min: -6.5195  value_loss: 1094702432635584512.0000
Step:   670000  |  score: 5.75 ± 3.86  |  actor_loss: 105.5751  cost_loss: 0.9823  q_loss: 5.8133  reward_max: 0.9430  reward_mean: -2.0995  reward_min: -6.6456  value_loss: 10939258080591872.0000
Step:   680000  |  score: 5.09 ± 3.23  |  actor_loss: 109.0570  cost_loss: 0.9664  q_loss: 5.9915  reward_max: 0.8907  reward_mean: -2.0603  reward_min: -6.4391  value_loss: 5980766011496857600.0000
Step:   690000  |  score: 5.36 ± 2.57  |  actor_loss: 102.2852  cost_loss: 0.9579  q_loss: 5.8103  reward_max: 0.9759  reward_mean: -2.2185  reward_min: -6.5062  value_loss: 641995135516672.0000
Step:   700000  |  score: 6.32 ± 1.58  |  actor_loss: 116.5951  cost_loss: 0.8971  q_loss: 6.6560  reward_max: 1.1736  reward_mean: -2.4499  reward_min: -6.4810  value_loss: 42872496692658176.0000
Step:   710000  |  score: 6.26 ± 2.83  |  actor_loss: 97.7279  cost_loss: 0.9404  q_loss: 6.6991  reward_max: 0.7771  reward_mean: -2.2877  reward_min: -6.5024  value_loss: 9562883197239296.0000
Step:   720000  |  score: 5.32 ± 2.85  |  actor_loss: 102.6556  cost_loss: 0.9744  q_loss: 5.5587  reward_max: 0.9811  reward_mean: -2.1467  reward_min: -6.5212  value_loss: 141159921876992.0000
Step:   730000  |  score: 6.46 ± 4.32  |  actor_loss: 95.0941  cost_loss: 0.9472  q_loss: 6.2647  reward_max: 1.1197  reward_mean: -2.2181  reward_min: -6.6460  value_loss: 7393849009665736704.0000
Step:   740000  |  score: 4.80 ± 1.09  |  actor_loss: 84.2211  cost_loss: 1.0103  q_loss: 5.2738  reward_max: 0.8960  reward_mean: -1.9404  reward_min: -6.5516  value_loss: 102664532656128.0000
Step:   750000  |  score: 9.40 ± 3.53  |  actor_loss: 87.0066  cost_loss: 1.0138  q_loss: 5.3283  reward_max: 0.8319  reward_mean: -1.9979  reward_min: -6.6730  value_loss: 829647837452042240.0000
Step:   760000  |  score: 6.78 ± 4.22  |  actor_loss: 95.2563  cost_loss: 0.9726  q_loss: 5.2947  reward_max: 0.9683  reward_mean: -2.1020  reward_min: -6.4964  value_loss: 45157685822620696576.0000
Step:   770000  |  score: 7.41 ± 8.35  |  actor_loss: 87.2745  cost_loss: 0.9920  q_loss: 5.3426  reward_max: 0.8498  reward_mean: -2.0074  reward_min: -6.4197  value_loss: 64309662014504960.0000
Step:   780000  |  score: 11.16 ± 3.73  |  actor_loss: 96.2494  cost_loss: 0.9568  q_loss: 7.6254  reward_max: 0.8904  reward_mean: -2.1819  reward_min: -6.6045  value_loss: 2700365929644032.0000
Step:   790000  |  score: 8.34 ± 3.95  |  actor_loss: 84.9642  cost_loss: 0.9406  q_loss: 5.5782  reward_max: 0.8975  reward_mean: -2.3229  reward_min: -6.6108  value_loss: 310506344291500032.0000
Step:   800000  |  score: 6.62 ± 3.65  |  actor_loss: 98.2469  cost_loss: 0.9665  q_loss: 5.4738  reward_max: 0.8869  reward_mean: -2.1338  reward_min: -6.5272  value_loss: 62613313141342208.0000
Step:   810000  |  score: 5.80 ± 1.73  |  actor_loss: 77.5845  cost_loss: 1.0038  q_loss: 4.8944  reward_max: 1.0796  reward_mean: -1.9451  reward_min: -6.5986  value_loss: 6633433333760.0000
Step:   820000  |  score: 6.25 ± 3.37  |  actor_loss: 87.6365  cost_loss: 0.9658  q_loss: 5.8251  reward_max: 0.9654  reward_mean: -2.1205  reward_min: -6.4555  value_loss: 2390169969754112.0000
Step:   830000  |  score: 6.27 ± 2.79  |  actor_loss: 94.5218  cost_loss: 0.9775  q_loss: 5.7073  reward_max: 0.8830  reward_mean: -2.1737  reward_min: -6.6429  value_loss: 764082126848.0000
Step:   840000  |  score: 10.01 ± 6.42  |  actor_loss: 83.7653  cost_loss: 0.9882  q_loss: 6.6005  reward_max: 0.8626  reward_mean: -2.1076  reward_min: -6.5576  value_loss: 2422540075008.0000
Step:   850000  |  score: 7.57 ± 3.54  |  actor_loss: 92.5891  cost_loss: 0.9661  q_loss: 7.2239  reward_max: 0.9660  reward_mean: -2.1160  reward_min: -6.5891  value_loss: 10261624782848.0000
Step:   860000  |  score: 4.94 ± 1.84  |  actor_loss: 92.0502  cost_loss: 0.9236  q_loss: 5.5234  reward_max: 0.8431  reward_mean: -2.4336  reward_min: -6.6381  value_loss: 28595337553151787008.0000
Step:   870000  |  score: 8.11 ± 3.16  |  actor_loss: 118.9449  cost_loss: 0.9321  q_loss: 5.2400  reward_max: 1.2205  reward_mean: -2.3165  reward_min: -6.5244  value_loss: 5881609853880762368.0000
Step:   880000  |  score: 7.30 ± 2.51  |  actor_loss: 118.7704  cost_loss: 0.9652  q_loss: 5.2799  reward_max: 1.0615  reward_mean: -2.1514  reward_min: -6.4460  value_loss: 2079057465990709248.0000
Step:   890000  |  score: 6.64 ± 3.71  |  actor_loss: 95.8336  cost_loss: 0.9639  q_loss: 4.8539  reward_max: 0.7988  reward_mean: -2.0895  reward_min: -6.4367  value_loss: 718785661108224.0000
Step:   900000  |  score: 5.65 ± 3.02  |  actor_loss: 93.9812  cost_loss: 0.9501  q_loss: 5.2838  reward_max: 0.8096  reward_mean: -2.2850  reward_min: -6.6167  value_loss: 86816338617565184000.0000
Step:   910000  |  score: 11.70 ± 5.97  |  actor_loss: 90.6411  cost_loss: 0.9525  q_loss: 5.3951  reward_max: 0.8355  reward_mean: -2.2706  reward_min: -6.5340  value_loss: 3269344943407104.0000
Step:   920000  |  score: 5.80 ± 3.40  |  actor_loss: 103.0259  cost_loss: 0.9635  q_loss: 5.3079  reward_max: 0.9807  reward_mean: -2.1295  reward_min: -6.4449  value_loss: 328019115909576654848.0000
Step:   930000  |  score: 7.52 ± 3.38  |  actor_loss: 103.2559  cost_loss: 0.9266  q_loss: 5.2778  reward_max: 0.9436  reward_mean: -2.3655  reward_min: -6.6119  value_loss: 30446589050880.0000
Step:   940000  |  score: 5.89 ± 2.25  |  actor_loss: 92.7288  cost_loss: 0.9924  q_loss: 4.7184  reward_max: 0.8143  reward_mean: -1.9983  reward_min: -6.6640  value_loss: 11041229194133504.0000
Step:   950000  |  score: 7.62 ± 3.61  |  actor_loss: 105.1085  cost_loss: 0.9716  q_loss: 5.2894  reward_max: 0.9070  reward_mean: -2.1384  reward_min: -6.5579  value_loss: 1260562415616.0000
Step:   960000  |  score: 4.39 ± 1.29  |  actor_loss: 97.0157  cost_loss: 0.9857  q_loss: 5.1951  reward_max: 0.9950  reward_mean: -2.0384  reward_min: -6.6498  value_loss: 619912970796793856.0000
Step:   970000  |  score: 7.64 ± 3.71  |  actor_loss: 93.4732  cost_loss: 0.9613  q_loss: 4.7892  reward_max: 0.8342  reward_mean: -2.0733  reward_min: -6.5757  value_loss: 577768621384663040.0000
Step:   980000  |  score: 5.52 ± 1.21  |  actor_loss: 98.9804  cost_loss: 0.9628  q_loss: 4.4244  reward_max: 0.8706  reward_mean: -2.1356  reward_min: -6.6411  value_loss: 10595633987584.0000
Step:   990000  |  score: 9.88 ± 7.03  |  actor_loss: 100.4698  cost_loss: 1.0249  q_loss: 5.8629  reward_max: 1.0436  reward_mean: -1.8713  reward_min: -6.4903  value_loss: 25141097873276928.0000
Step:  1000000  |  score: 6.70 ± 3.21  |  actor_loss: 96.1326  cost_loss: 0.9725  q_loss: 5.3116  reward_max: 0.8193  reward_mean: -2.1065  reward_min: -6.6020  value_loss: 154360849740333056.0000
Step:  1010000  |  score: 5.76 ± 2.65  |  actor_loss: 91.5744  cost_loss: 0.9680  q_loss: 4.4847  reward_max: 1.0016  reward_mean: -2.1285  reward_min: -6.5624  value_loss: 210095059792560128.0000
Step:  1020000  |  score: 9.66 ± 8.67  |  actor_loss: 87.7554  cost_loss: 0.9136  q_loss: 5.1660  reward_max: 0.9104  reward_mean: -2.3824  reward_min: -6.5758  value_loss: 115030909517824.0000
Step:  1030000  |  score: 5.18 ± 3.16  |  actor_loss: 84.6217  cost_loss: 0.9924  q_loss: 4.9923  reward_max: 0.8556  reward_mean: -2.0418  reward_min: -6.6918  value_loss: 2658719446398402560.0000
Step:  1040000  |  score: 5.28 ± 1.45  |  actor_loss: 97.0972  cost_loss: 0.9203  q_loss: 4.9225  reward_max: 0.8581  reward_mean: -2.3737  reward_min: -6.5857  value_loss: 51518296293376.0000
Step:  1050000  |  score: 6.67 ± 3.62  |  actor_loss: 80.6607  cost_loss: 0.9826  q_loss: 4.5156  reward_max: 0.8764  reward_mean: -2.0468  reward_min: -6.5072  value_loss: 8103197147136.0000
Step:  1060000  |  score: 5.36 ± 2.12  |  actor_loss: 86.1094  cost_loss: 0.9479  q_loss: 5.4493  reward_max: 0.9641  reward_mean: -2.2416  reward_min: -6.5274  value_loss: 111902873226313728.0000
Step:  1070000  |  score: 4.82 ± 1.42  |  actor_loss: 88.5965  cost_loss: 0.9859  q_loss: 5.7858  reward_max: 0.8336  reward_mean: -2.0627  reward_min: -6.5179  value_loss: 810954518429696.0000
Step:  1080000  |  score: 5.37 ± 2.95  |  actor_loss: 102.1343  cost_loss: 1.0164  q_loss: 6.3993  reward_max: 0.8191  reward_mean: -2.0706  reward_min: -6.6744  value_loss: 8575465920921600.0000
Step:  1090000  |  score: 6.19 ± 2.65  |  actor_loss: 86.4194  cost_loss: 0.9304  q_loss: 5.7398  reward_max: 0.9272  reward_mean: -2.2991  reward_min: -6.4759  value_loss: 1096853848326144.0000
Step:  1100000  |  score: 8.68 ± 4.38  |  actor_loss: 90.5902  cost_loss: 0.9608  q_loss: 4.8307  reward_max: 1.0208  reward_mean: -2.1748  reward_min: -6.6017  value_loss: 19006720638451712.0000
Step:  1110000  |  score: 6.55 ± 3.45  |  actor_loss: 95.7510  cost_loss: 0.9475  q_loss: 4.1639  reward_max: 0.8164  reward_mean: -2.2378  reward_min: -6.5104  value_loss: 743341686784.0000
Step:  1120000  |  score: 7.21 ± 1.99  |  actor_loss: 104.1526  cost_loss: 0.9896  q_loss: 4.4577  reward_max: 0.7998  reward_mean: -1.9410  reward_min: -6.4639  value_loss: 122247268270080.0000
Step:  1130000  |  score: 5.05 ± 2.14  |  actor_loss: 83.3789  cost_loss: 0.9610  q_loss: 4.5466  reward_max: 0.9449  reward_mean: -2.1021  reward_min: -6.5232  value_loss: 91991706697728.0000
Step:  1140000  |  score: 5.30 ± 2.49  |  actor_loss: 86.8729  cost_loss: 0.9932  q_loss: 4.4038  reward_max: 0.9205  reward_mean: -1.9528  reward_min: -6.6102  value_loss: 241382195736870912.0000
Step:  1150000  |  score: 10.16 ± 7.22  |  actor_loss: 103.7401  cost_loss: 0.9229  q_loss: 5.3040  reward_max: 0.8087  reward_mean: -2.3365  reward_min: -6.4814  value_loss: 674599842873344.0000
Step:  1160000  |  score: 4.48 ± 1.82  |  actor_loss: 103.2213  cost_loss: 0.9577  q_loss: 5.5812  reward_max: 1.0462  reward_mean: -2.2092  reward_min: -6.5668  value_loss: 44030209422262272.0000
Step:  1170000  |  score: 6.29 ± 2.24  |  actor_loss: 96.6859  cost_loss: 0.9331  q_loss: 4.8582  reward_max: 1.0466  reward_mean: -2.4108  reward_min: -6.6968  value_loss: 1191999247369633792.0000
Step:  1180000  |  score: 6.94 ± 3.62  |  actor_loss: 81.5267  cost_loss: 0.9647  q_loss: 4.4280  reward_max: 0.8773  reward_mean: -2.1455  reward_min: -6.5348  value_loss: 19023258410024960.0000
Step:  1190000  |  score: 7.13 ± 2.25  |  actor_loss: 98.2799  cost_loss: 0.9431  q_loss: 4.8726  reward_max: 0.8888  reward_mean: -2.2591  reward_min: -6.6088  value_loss: 22488249532416.0000
Step:  1200000  |  score: 5.81 ± 4.00  |  actor_loss: 96.4371  cost_loss: 0.8981  q_loss: 6.8377  reward_max: 0.8484  reward_mean: -2.5106  reward_min: -6.5186  value_loss: 25624305316397056.0000
Step:  1210000  |  score: 4.09 ± 2.78  |  actor_loss: 89.8130  cost_loss: 0.9551  q_loss: 4.6625  reward_max: 1.0043  reward_mean: -2.1691  reward_min: -6.5673  value_loss: 1172195493543936.0000
Step:  1220000  |  score: 8.18 ± 5.84  |  actor_loss: 84.6637  cost_loss: 0.9847  q_loss: 4.9951  reward_max: 1.1651  reward_mean: -2.0704  reward_min: -6.5275  value_loss: 32523028435832561205248.0000
Step:  1230000  |  score: 9.10 ± 4.69  |  actor_loss: 78.1804  cost_loss: 0.9342  q_loss: 6.0409  reward_max: 0.7603  reward_mean: -2.3228  reward_min: -6.5460  value_loss: 5803760316055552.0000
Step:  1240000  |  score: 5.73 ± 2.85  |  actor_loss: 102.6350  cost_loss: 0.9791  q_loss: 5.7430  reward_max: 0.8688  reward_mean: -2.0799  reward_min: -6.6206  value_loss: 18531697255514112.0000
Step:  1250000  |  score: 6.45 ± 3.49  |  actor_loss: 97.6505  cost_loss: 0.9493  q_loss: 5.5118  reward_max: 0.9198  reward_mean: -2.2621  reward_min: -6.5678  value_loss: 13271752813576192.0000
Step:  1260000  |  score: 6.96 ± 2.25  |  actor_loss: 109.4151  cost_loss: 0.9428  q_loss: 5.6511  reward_max: 1.1538  reward_mean: -2.2477  reward_min: -6.5270  value_loss: 4189056623706112.0000
Step:  1270000  |  score: 7.86 ± 3.33  |  actor_loss: 98.0798  cost_loss: 0.9970  q_loss: 4.2725  reward_max: 1.0357  reward_mean: -1.9642  reward_min: -6.5023  value_loss: 1650204012969984.0000
Step:  1280000  |  score: 7.70 ± 4.72  |  actor_loss: 94.3557  cost_loss: 0.9689  q_loss: 4.9818  reward_max: 0.7659  reward_mean: -2.1232  reward_min: -6.5527  value_loss: 39866507198464.0000
Step:  1290000  |  score: 5.96 ± 3.28  |  actor_loss: 93.0361  cost_loss: 0.9669  q_loss: 4.7351  reward_max: 0.8421  reward_mean: -2.1568  reward_min: -6.6169  value_loss: 1964531800478909988864.0000
Step:  1300000  |  score: 4.34 ± 1.94  |  actor_loss: 95.6154  cost_loss: 0.9401  q_loss: 6.3161  reward_max: 0.8332  reward_mean: -2.3241  reward_min: -6.5412  value_loss: 9455522973483008.0000
Step:  1310000  |  score: 4.97 ± 2.70  |  actor_loss: 89.5024  cost_loss: 0.9550  q_loss: 5.7455  reward_max: 0.9712  reward_mean: -2.2405  reward_min: -6.6088  value_loss: 99092344602624.0000
Step:  1320000  |  score: 8.10 ± 4.56  |  actor_loss: 79.0723  cost_loss: 0.9804  q_loss: 5.0666  reward_max: 0.9443  reward_mean: -2.1820  reward_min: -6.4906  value_loss: 1099512634408960.0000
Step:  1330000  |  score: 2.25 ± 0.00  |  actor_loss: nan  cost_loss: 0.9888  q_loss: nan  reward_max: 0.8068  reward_mean: -2.0305  reward_min: -6.6269  value_loss: nan
Step:  1340000  |  score: 2.25 ± 0.01  |  actor_loss: nan  cost_loss: 0.9713  q_loss: nan  reward_max: 0.9286  reward_mean: -2.0839  reward_min: -6.5615  value_loss: nan
Step:  1350000  |  score: 2.25 ± 0.00  |  actor_loss: nan  cost_loss: 0.9826  q_loss: nan  reward_max: 1.1426  reward_mean: -2.0608  reward_min: -6.5928  value_loss: nan
Step:  1360000  |  score: 2.25 ± 0.01  |  actor_loss: nan  cost_loss: 0.9588  q_loss: nan  reward_max: 0.8904  reward_mean: -2.1667  reward_min: -6.6289  value_loss: nan
Step:  1370000  |  score: 2.25 ± 0.01  |  actor_loss: nan  cost_loss: 0.9467  q_loss: nan  reward_max: 0.8968  reward_mean: -2.2392  reward_min: -6.5154  value_loss: nan
Step:  1380000  |  score: 2.26 ± 0.00  |  actor_loss: nan  cost_loss: 0.9635  q_loss: nan  reward_max: 0.9298  reward_mean: -2.1524  reward_min: -6.5561  value_loss: nan
Step:  1390000  |  score: 2.25 ± 0.00  |  actor_loss: nan  cost_loss: 1.0039  q_loss: nan  reward_max: 0.8483  reward_mean: -2.1463  reward_min: -6.6290  value_loss: nan
Step:  1400000  |  score: 2.26 ± 0.00  |  actor_loss: nan  cost_loss: 0.9109  q_loss: nan  reward_max: 1.0503  reward_mean: -2.3981  reward_min: -6.6234  value_loss: nan
Step:  1410000  |  score: 2.26 ± 0.01  |  actor_loss: nan  cost_loss: 0.9744  q_loss: nan  reward_max: 0.8194  reward_mean: -2.1081  reward_min: -6.6224  value_loss: nan
Step:  1420000  |  score: 2.25 ± 0.01  |  actor_loss: nan  cost_loss: 0.9964  q_loss: nan  reward_max: 0.9311  reward_mean: -1.9311  reward_min: -6.4299  value_loss: nan
Step:  1430000  |  score: 2.26 ± 0.01  |  actor_loss: nan  cost_loss: 0.9925  q_loss: nan  reward_max: 0.9124  reward_mean: -1.9982  reward_min: -6.6095  value_loss: nan
Step:  1440000  |  score: 2.25 ± 0.01  |  actor_loss: nan  cost_loss: 0.9496  q_loss: nan  reward_max: 0.8367  reward_mean: -2.2036  reward_min: -6.4502  value_loss: nan
Step:  1450000  |  score: 2.25 ± 0.00  |  actor_loss: nan  cost_loss: 0.9862  q_loss: nan  reward_max: 0.9204  reward_mean: -2.0572  reward_min: -6.6394  value_loss: nan
Step:  1460000  |  score: 2.25 ± 0.01  |  actor_loss: nan  cost_loss: 1.0142  q_loss: nan  reward_max: 0.8751  reward_mean: -1.9346  reward_min: -6.4654  value_loss: nan
Step:  1470000  |  score: 2.25 ± 0.00  |  actor_loss: nan  cost_loss: 0.9998  q_loss: nan  reward_max: 0.7914  reward_mean: -1.9938  reward_min: -6.4627  value_loss: nan
Step:  1480000  |  score: 2.26 ± 0.00  |  actor_loss: nan  cost_loss: 1.0203  q_loss: nan  reward_max: 0.8224  reward_mean: -1.8574  reward_min: -6.6036  value_loss: nan
Step:  1490000  |  score: 2.25 ± 0.01  |  actor_loss: nan  cost_loss: 0.9889  q_loss: nan  reward_max: 0.8249  reward_mean: -2.0578  reward_min: -6.5922  value_loss: nan
Step:  1500000  |  score: 2.25 ± 0.01  |  actor_loss: nan  cost_loss: 0.9925  q_loss: nan  reward_max: 0.9332  reward_mean: -1.9904  reward_min: -6.5472  value_loss: nan
Step:  1510000  |  score: 2.25 ± 0.01  |  actor_loss: nan  cost_loss: 1.0107  q_loss: nan  reward_max: 0.9008  reward_mean: -1.9842  reward_min: -6.4983  value_loss: nan
Step:  1520000  |  score: 2.26 ± 0.00  |  actor_loss: nan  cost_loss: 0.9545  q_loss: nan  reward_max: 0.8963  reward_mean: -2.2065  reward_min: -6.5415  value_loss: nan
Step:  1530000  |  score: 2.25 ± 0.00  |  actor_loss: nan  cost_loss: 0.8963  q_loss: nan  reward_max: 0.8637  reward_mean: -2.5546  reward_min: -6.4804  value_loss: nan
Step:  1540000  |  score: 2.26 ± 0.01  |  actor_loss: nan  cost_loss: 0.9539  q_loss: nan  reward_max: 0.8056  reward_mean: -2.2185  reward_min: -6.6435  value_loss: nan
Step:  1550000  |  score: 2.26 ± 0.00  |  actor_loss: nan  cost_loss: 0.9650  q_loss: nan  reward_max: 0.9859  reward_mean: -2.1868  reward_min: -6.6266  value_loss: nan
Step:  1560000  |  score: 2.26 ± 0.00  |  actor_loss: nan  cost_loss: 0.9371  q_loss: nan  reward_max: 0.9343  reward_mean: -2.3146  reward_min: -6.5292  value_loss: nan
Step:  1570000  |  score: 2.25 ± 0.01  |  actor_loss: nan  cost_loss: 0.9961  q_loss: nan  reward_max: 0.8318  reward_mean: -2.0471  reward_min: -6.6124  value_loss: nan
Step:  1580000  |  score: 2.26 ± 0.00  |  actor_loss: nan  cost_loss: 0.9655  q_loss: nan  reward_max: 1.0007  reward_mean: -2.1703  reward_min: -6.7504  value_loss: nan
Step:  1590000  |  score: 2.25 ± 0.01  |  actor_loss: nan  cost_loss: 0.9847  q_loss: nan  reward_max: 0.9476  reward_mean: -2.0102  reward_min: -6.5862  value_loss: nan
Step:  1600000  |  score: 2.25 ± 0.00  |  actor_loss: nan  cost_loss: 0.9437  q_loss: nan  reward_max: 0.9335  reward_mean: -2.2495  reward_min: -6.5877  value_loss: nan
Step:  1610000  |  score: 2.25 ± 0.00  |  actor_loss: nan  cost_loss: 0.9575  q_loss: nan  reward_max: 1.0315  reward_mean: -2.1820  reward_min: -6.5828  value_loss: nan
Step:  1620000  |  score: 2.25 ± 0.01  |  actor_loss: nan  cost_loss: 0.9679  q_loss: nan  reward_max: 0.9360  reward_mean: -2.0809  reward_min: -6.5488  value_loss: nan
Step:  1630000  |  score: 2.26 ± 0.01  |  actor_loss: nan  cost_loss: 0.9764  q_loss: nan  reward_max: 1.0255  reward_mean: -2.1030  reward_min: -6.6018  value_loss: nan
Step:  1640000  |  score: 2.25 ± 0.01  |  actor_loss: nan  cost_loss: 0.9878  q_loss: nan  reward_max: 0.8728  reward_mean: -2.0197  reward_min: -6.5898  value_loss: nan
Step:  1650000  |  score: 2.25 ± 0.00  |  actor_loss: nan  cost_loss: 0.9248  q_loss: nan  reward_max: 0.8627  reward_mean: -2.3232  reward_min: -6.5557  value_loss: nan
Step:  1660000  |  score: 2.26 ± 0.01  |  actor_loss: nan  cost_loss: 0.9739  q_loss: nan  reward_max: 0.9707  reward_mean: -2.1003  reward_min: -6.4898  value_loss: nan
Step:  1670000  |  score: 2.26 ± 0.01  |  actor_loss: nan  cost_loss: 0.9466  q_loss: nan  reward_max: 1.0374  reward_mean: -2.3199  reward_min: -6.6411  value_loss: nan
Step:  1680000  |  score: 2.26 ± 0.01  |  actor_loss: nan  cost_loss: 0.9603  q_loss: nan  reward_max: 0.8403  reward_mean: -2.1172  reward_min: -6.5870  value_loss: nan
Step:  1690000  |  score: 2.25 ± 0.00  |  actor_loss: nan  cost_loss: 0.9297  q_loss: nan  reward_max: 0.9916  reward_mean: -2.2923  reward_min: -6.5212  value_loss: nan
Step:  1700000  |  score: 2.26 ± 0.01  |  actor_loss: nan  cost_loss: 0.9422  q_loss: nan  reward_max: 0.8727  reward_mean: -2.2727  reward_min: -6.4827  value_loss: nan
Step:  1710000  |  score: 2.25 ± 0.01  |  actor_loss: nan  cost_loss: 0.8977  q_loss: nan  reward_max: 0.9727  reward_mean: -2.5644  reward_min: -6.5414  value_loss: nan
Step:  1720000  |  score: 2.26 ± 0.00  |  actor_loss: nan  cost_loss: 0.9703  q_loss: nan  reward_max: 0.9407  reward_mean: -2.0551  reward_min: -6.6503  value_loss: nan
Step:  1730000  |  score: 2.25 ± 0.00  |  actor_loss: nan  cost_loss: 0.9348  q_loss: nan  reward_max: 1.0195  reward_mean: -2.3193  reward_min: -6.5571  value_loss: nan
Step:  1740000  |  score: 2.26 ± 0.01  |  actor_loss: nan  cost_loss: 0.9451  q_loss: nan  reward_max: 0.8058  reward_mean: -2.2623  reward_min: -6.4785  value_loss: nan
Step:  1750000  |  score: 2.25 ± 0.00  |  actor_loss: nan  cost_loss: 0.9786  q_loss: nan  reward_max: 0.8812  reward_mean: -2.0776  reward_min: -6.5938  value_loss: nan
Step:  1760000  |  score: 2.25 ± 0.00  |  actor_loss: nan  cost_loss: 0.9415  q_loss: nan  reward_max: 0.8607  reward_mean: -2.3301  reward_min: -6.5224  value_loss: nan
Step:  1770000  |  score: 2.25 ± 0.01  |  actor_loss: nan  cost_loss: 0.9303  q_loss: nan  reward_max: 0.9094  reward_mean: -2.2899  reward_min: -6.6960  value_loss: nan
Step:  1780000  |  score: 2.25 ± 0.01  |  actor_loss: nan  cost_loss: 0.9785  q_loss: nan  reward_max: 0.8332  reward_mean: -2.0430  reward_min: -6.6326  value_loss: nan
Step:  1790000  |  score: 2.25 ± 0.01  |  actor_loss: nan  cost_loss: 0.9427  q_loss: nan  reward_max: 0.8552  reward_mean: -2.2564  reward_min: -6.4629  value_loss: nan
Step:  1800000  |  score: 2.25 ± 0.00  |  actor_loss: nan  cost_loss: 0.9987  q_loss: nan  reward_max: 0.8823  reward_mean: -2.0467  reward_min: -6.6137  value_loss: nan
Step:  1810000  |  score: 2.26 ± 0.00  |  actor_loss: nan  cost_loss: 1.0060  q_loss: nan  reward_max: 0.9128  reward_mean: -2.0164  reward_min: -6.5686  value_loss: nan
Step:  1820000  |  score: 2.25 ± 0.00  |  actor_loss: nan  cost_loss: 0.9363  q_loss: nan  reward_max: 0.9379  reward_mean: -2.2719  reward_min: -6.5338  value_loss: nan
Step:  1830000  |  score: 2.26 ± 0.01  |  actor_loss: nan  cost_loss: 0.9931  q_loss: nan  reward_max: 0.7472  reward_mean: -2.0481  reward_min: -6.7052  value_loss: nan
Step:  1840000  |  score: 2.26 ± 0.00  |  actor_loss: nan  cost_loss: 0.9890  q_loss: nan  reward_max: 0.8287  reward_mean: -2.0336  reward_min: -6.6758  value_loss: nan
Step:  1850000  |  score: 2.26 ± 0.00  |  actor_loss: nan  cost_loss: 0.9793  q_loss: nan  reward_max: 0.8566  reward_mean: -2.1221  reward_min: -6.6344  value_loss: nan
Step:  1860000  |  score: 2.25 ± 0.00  |  actor_loss: nan  cost_loss: 0.9623  q_loss: nan  reward_max: 0.8480  reward_mean: -2.3111  reward_min: -6.6085  value_loss: nan
Step:  1870000  |  score: 2.25 ± 0.00  |  actor_loss: nan  cost_loss: 1.0192  q_loss: nan  reward_max: 0.8789  reward_mean: -1.8807  reward_min: -6.6568  value_loss: nan
Step:  1880000  |  score: 2.26 ± 0.00  |  actor_loss: nan  cost_loss: 0.9783  q_loss: nan  reward_max: 1.0552  reward_mean: -2.2209  reward_min: -6.6780  value_loss: nan
Step:  1890000  |  score: 2.25 ± 0.00  |  actor_loss: nan  cost_loss: 0.9833  q_loss: nan  reward_max: 0.9143  reward_mean: -2.1241  reward_min: -6.5784  value_loss: nan
Step:  1900000  |  score: 2.26 ± 0.01  |  actor_loss: nan  cost_loss: 0.9504  q_loss: nan  reward_max: 0.9683  reward_mean: -2.2202  reward_min: -6.6493  value_loss: nan
Step:  1910000  |  score: 2.26 ± 0.00  |  actor_loss: nan  cost_loss: 0.9305  q_loss: nan  reward_max: 0.8985  reward_mean: -2.3935  reward_min: -6.4341  value_loss: nan
Step:  1920000  |  score: 2.25 ± 0.01  |  actor_loss: nan  cost_loss: 0.9543  q_loss: nan  reward_max: 0.8137  reward_mean: -2.2396  reward_min: -6.6179  value_loss: nan
Step:  1930000  |  score: 2.26 ± 0.00  |  actor_loss: nan  cost_loss: 1.0002  q_loss: nan  reward_max: 0.8250  reward_mean: -1.9955  reward_min: -6.5853  value_loss: nan
Step:  1940000  |  score: 2.26 ± 0.00  |  actor_loss: nan  cost_loss: 1.0019  q_loss: nan  reward_max: 0.9190  reward_mean: -2.0114  reward_min: -6.5654  value_loss: nan
Step:  1950000  |  score: 2.26 ± 0.01  |  actor_loss: nan  cost_loss: 0.9451  q_loss: nan  reward_max: 0.9041  reward_mean: -2.2257  reward_min: -6.5983  value_loss: nan
Step:  1960000  |  score: 2.26 ± 0.01  |  actor_loss: nan  cost_loss: 0.9700  q_loss: nan  reward_max: 0.8889  reward_mean: -2.1079  reward_min: -6.5734  value_loss: nan
Step:  1970000  |  score: 2.26 ± 0.00  |  actor_loss: nan  cost_loss: 0.9850  q_loss: nan  reward_max: 0.8685  reward_mean: -2.1031  reward_min: -6.6119  value_loss: nan
Step:  1980000  |  score: 2.26 ± 0.00  |  actor_loss: nan  cost_loss: 0.9626  q_loss: nan  reward_max: 0.8773  reward_mean: -2.1565  reward_min: -6.6573  value_loss: nan
Step:  1990000  |  score: 2.26 ± 0.00  |  actor_loss: nan  cost_loss: 0.9620  q_loss: nan  reward_max: 0.8598  reward_mean: -2.1707  reward_min: -6.5440  value_loss: nan
Step:  2000000  |  score: 2.26 ± 0.00  |  actor_loss: nan  cost_loss: 0.9770  q_loss: nan  reward_max: 0.8230  reward_mean: -2.0958  reward_min: -6.4317  value_loss: nan
Final evaluation (13 iterations)...
Final score: 2.25 ± 0.01
wandb: WARNING Symlinked 1 file into the W&B run directory; call wandb.save again to sync new files.
wandb: updating run metadata
wandb: uploading final_returns/bdemodice_halfcheetah-expert-v2_2026-03-19_02-07-39.npz; uploading output.log; uploading wandb-summary.json; uploading config.yaml; uploading summary, console lines 214-215
wandb: uploading final_returns/bdemodice_halfcheetah-expert-v2_2026-03-19_02-07-39.npz; uploading output.log; uploading wandb-summary.json
wandb: uploading data
wandb: 
wandb: Run history:
wandb:  actor_loss ▁▁▁▇██▇▇▆▇█▆▇▇▇█▇▇▆█▇▇▆▇▆▇▇▇▇▇▇▇▇▆▆█▆▇▇▇
wandb:   cost_loss ▆▂▆▅█▅▇▅▇▅▄▇▄▄▃▅▁█▇▄▂▆▅▇▃▆▅▇█▅▇▆▃▆▇▆▄▃▇▆
wandb: num_updates ▁▁▁▂▂▂▂▂▂▂▃▃▃▃▃▄▄▄▄▅▅▅▅▅▅▅▅▆▆▆▆▆▆▇▇▇▇▇██
wandb:      q_loss █▇▅▅▄▄▄▃▃▄▂▃▂▂▂▃▃▂▂▂▂▂▂▂▂▂▁▁▁▁▂▁▁▁▂▁▂▂▂▁
wandb:      return ▁▁▁▄▃▄▇▃▂▃▄▃▅▃▄▅▅▅█▆▆▄█▅▃▅▅▅▁▁▁▁▁▁▁▁▁▁▁▁
wandb:  reward_max █▄▃▁▁▄▃▂▃▁▄▃▅▇▃▅▃▅▂▄▅▃▅▄▂▁▆▂▃▄▅▄▃▃▁▃▅▄▄▃
wandb: reward_mean █▇▄▆▅▅▄▅▃▅▃▆▄▅▅▄▅▄▆▆▂▄▄▅▃▄▅▅▆▆▁▄▅▅▅▃▃▃▅▅
wandb:  reward_min ▇▃▅▂▄▃▃█▃▅▄▄▆▂▂▁▃▃▅▂▃▁▆▆▅▄▃▃▃█▅▃▃▄▅▇▄▃▄▅
wandb:       score ▁▁▂▄▅▃▄▄▆▄▆▄▄▆▅▆▆▅█▆▅▆▇▃▆▁▁▁▁▁▁▁▁▁▁▁▁▁▁▁
wandb:   score_std ▁▁▁▁▂▄▂▃▅▃▅▃▂▃▂▃▄▄▃▄▆▄▄█▃▄▅▃▃▁▁▁▁▁▁▁▁▁▁▁
wandb:          +1 ...
wandb: 
wandb: Run summary:
wandb:   cost_loss 0.97704
wandb: num_updates 2000000
wandb:      return 0.03481
wandb:  reward_max 0.82303
wandb: reward_mean -2.09578
wandb:  reward_min -6.43172
wandb:       score 2.25703
wandb:   score_std 0.00379
wandb: 
wandb: 🚀 View run bdemodice_halfcheetah_M4_s4 at: https://wandb.ai/wsk208/DemoDICE/runs/kpgkcjf3
wandb: ⭐️ View project at: https://wandb.ai/wsk208/DemoDICE
wandb: Synced 5 W&B file(s), 0 media file(s), 0 artifact file(s) and 1 other file(s)
wandb: Find logs at: ./wandb/run-20260319_014224-kpgkcjf3/logs
