Warning: All of online environments libraries in D4RL have been moved ]8;;https://github.com/Farama-Foundation/Gymnasium\Gymnasium]8;;\, ]8;;https://github.com/Farama-Foundation/MiniGrid\MiniGrid]8;;\ and ]8;;https://github.com/Farama-Foundation/Gymnasium-Robotics\Gymnasium-Robotics]8;;\, and all offline datasets in D4RL have been moved to ]8;;https://github.com/Farama-Foundation/Minari\Minari]8;;\.
These new versions include large bug fixes, new versions of Python, and are where all new development will continue. Please upgrade these libraries as soon as you're able to do so.
If you'd like to read more about the story behind this switch, please check out ]8;;https://farama.org/Announcing-Minari\this blog post]8;;\.
Gym has been unmaintained since 2022 and does not support NumPy 2.0 amongst other critical functionality.
Please upgrade to Gymnasium, the maintained drop-in replacement of Gym, or contact the authors of your software and request that they upgrade.
See the migration guide at https://gymnasium.farama.org/introduction/migration_guide/ for additional information.
/opt/venv/lib/python3.10/site-packages/Cython/Distutils/old_build_ext.py:15: DeprecationWarning: dep_util is Deprecated. Use functions from setuptools instead.
  from distutils.dep_util import newer, newer_group
<frozen importlib._bootstrap>:283: DeprecationWarning: the load_module() method is deprecated and slated for removal in Python 3.12; use exec_module() instead
pybullet build time: Jan 29 2025 23:16:28
wandb: [wandb.login()] Loaded credentials for https://api.wandb.ai from /root/.netrc.
wandb: Currently logged in as: wsk208 to https://api.wandb.ai. Use `wandb login --relogin` to force relogin
/opt/venv/lib/python3.10/site-packages/wandb/analytics/sentry.py:268: DeprecationWarning: Read the `app_url` setting from the appropriate Settings object.
  app_url = wandb.util.app_url(tags["base_url"])  # type: ignore[index]
/opt/venv/lib/python3.10/site-packages/wandb/analytics/sentry.py:279: DeprecationWarning: The `Scope.user` setter is deprecated in favor of `Scope.set_user()`.
  self.scope.user = {"email": email}
wandb: setting up run k7ek7hpw
/opt/venv/lib/python3.10/site-packages/wandb/analytics/sentry.py:268: DeprecationWarning: Read the `app_url` setting from the appropriate Settings object.
  app_url = wandb.util.app_url(tags["base_url"])  # type: ignore[index]
/opt/venv/lib/python3.10/site-packages/wandb/analytics/sentry.py:279: DeprecationWarning: The `Scope.user` setter is deprecated in favor of `Scope.set_user()`.
  self.scope.user = {"email": email}
wandb: Tracking run with wandb version 0.25.1
wandb: Run data is saved locally in /app/wandb/run-20260319_002150-k7ek7hpw
wandb: Run `wandb offline` to turn off syncing.
wandb: Syncing run bdemodice_halfcheetah_M2_s1
wandb: ⭐️ View project at https://wandb.ai/wsk208/DemoDICE
wandb: 🚀 View run at https://wandb.ai/wsk208/DemoDICE/runs/k7ek7hpw
/opt/venv/lib/python3.10/site-packages/gym/spaces/box.py:84: UserWarning: [33mWARN: Box bound precision lowered by casting to float32[0m
  logger.warn(f"Box bound precision lowered by casting to {self.dtype}")
load datafile:   0%|          | 0/21 [00:00<?, ?it/s]load datafile:   5%|▍         | 1/21 [00:00<00:03,  5.86it/s]load datafile:  14%|█▍        | 3/21 [00:00<00:03,  5.22it/s]load datafile:  19%|█▉        | 4/21 [00:00<00:04,  3.93it/s]load datafile:  81%|████████  | 17/21 [00:01<00:00, 15.20it/s]load datafile:  90%|█████████ | 19/21 [00:01<00:00, 10.57it/s]load datafile: 100%|██████████| 21/21 [00:01<00:00, 10.96it/s]
Expert  :  999000 transitions  (halfcheetah-expert-v2, 400 traj)
load datafile:   0%|          | 0/9 [00:00<?, ?it/s]load datafile:  11%|█         | 1/9 [00:00<00:01,  6.20it/s]load datafile:  33%|███▎      | 3/9 [00:00<00:01,  5.56it/s]load datafile:  44%|████▍     | 4/9 [00:00<00:01,  4.13it/s]load datafile:  56%|█████▌    | 5/9 [00:01<00:01,  3.20it/s]load datafile:  67%|██████▋   | 6/9 [00:01<00:01,  2.78it/s]load datafile: 100%|██████████| 9/9 [00:01<00:00,  4.91it/s]
Imperfect:  999000 transitions  (halfcheetah-random-v2, 400 traj)
Union   : 1998000 transitions total
/root/.local/share/uv/python/cpython-3.10-linux-x86_64-gnu/lib/python3.10/multiprocessing/popen_fork.py:66: RuntimeWarning: os.fork() was called. os.fork() is incompatible with multithreaded code, and JAX is multithreaded, so this will likely lead to a deadlock.
  self.pid = os.fork()
/opt/venv/lib/python3.10/site-packages/tensorflow_probability/python/internal/backend/jax/ops.py:681: DeprecationWarning: jax.interpreters.xla.pytype_aval_mappings is deprecated.
  jax.interpreters.xla.pytype_aval_mappings[onp.ndarray])
/opt/venv/lib/python3.10/site-packages/gym/spaces/box.py:84: UserWarning: [33mWARN: Box bound precision lowered by casting to float32[0m
  logger.warn(f"Box bound precision lowered by casting to {self.dtype}")
Step:    10000  |  score: 2.14 ± 0.00  |  actor_loss: 4.0740  cost_loss: 0.9758  q_loss: 4.3956  reward_max: 0.8724  reward_mean: -1.7417  reward_min: -6.2744  value_loss: -6.7425
Step:    20000  |  score: 2.04 ± 0.01  |  actor_loss: 2.4955  cost_loss: 0.9327  q_loss: 2.7964  reward_max: 0.9461  reward_mean: -2.0136  reward_min: -6.4652  value_loss: 0.9155
Step:    30000  |  score: 5.68 ± 2.94  |  actor_loss: 1.1150  cost_loss: 0.9450  q_loss: 2.7814  reward_max: 1.1545  reward_mean: -2.0424  reward_min: -6.4539  value_loss: 14.8972
Step:    40000  |  score: 2.52 ± 0.74  |  actor_loss: 58.3265  cost_loss: 0.9432  q_loss: 22.0086  reward_max: 0.9907  reward_mean: -2.0043  reward_min: -6.5440  value_loss: 87061880832.0000
Step:    50000  |  score: 2.33 ± 0.30  |  actor_loss: 91.9225  cost_loss: 0.9752  q_loss: 18.1309  reward_max: 2.1405  reward_mean: -2.1019  reward_min: -6.6715  value_loss: 44116176896.0000
Step:    60000  |  score: 2.33 ± 0.02  |  actor_loss: 94.1825  cost_loss: 1.0222  q_loss: 13.9020  reward_max: 1.0641  reward_mean: -1.7519  reward_min: -6.6838  value_loss: 3083308166545408.0000
Step:    70000  |  score: 2.75 ± 0.59  |  actor_loss: 90.0715  cost_loss: 1.0116  q_loss: 16.1826  reward_max: 1.1658  reward_mean: -1.7660  reward_min: -6.6197  value_loss: 89771896471552.0000
Step:    80000  |  score: 3.35 ± 1.17  |  actor_loss: 92.9013  cost_loss: 0.9928  q_loss: 13.1350  reward_max: 1.0146  reward_mean: -1.9137  reward_min: -6.6274  value_loss: 2280138007904256.0000
Step:    90000  |  score: 3.10 ± 0.30  |  actor_loss: 92.2530  cost_loss: 0.9556  q_loss: 19.8669  reward_max: 0.8628  reward_mean: -2.0993  reward_min: -6.6945  value_loss: 840353710080.0000
Step:   100000  |  score: 4.01 ± 0.73  |  actor_loss: 92.7007  cost_loss: 0.9414  q_loss: 11.0985  reward_max: 1.3995  reward_mean: -2.1500  reward_min: -6.5486  value_loss: 1651572362706944.0000
Step:   110000  |  score: 4.65 ± 1.68  |  actor_loss: 103.5964  cost_loss: 0.9467  q_loss: 10.9385  reward_max: 1.0492  reward_mean: -2.1393  reward_min: -6.6969  value_loss: 45871827779584.0000
Step:   120000  |  score: 4.66 ± 1.22  |  actor_loss: 83.7574  cost_loss: 0.9644  q_loss: 10.0803  reward_max: 1.2216  reward_mean: -2.0447  reward_min: -6.4602  value_loss: 7467927863296.0000
Step:   130000  |  score: 4.45 ± 0.90  |  actor_loss: 117.8462  cost_loss: 0.9552  q_loss: 12.3619  reward_max: 0.9384  reward_mean: -2.0868  reward_min: -6.6367  value_loss: 478867949092864.0000
Step:   140000  |  score: 3.32 ± 0.64  |  actor_loss: 113.7436  cost_loss: 0.9802  q_loss: 10.1348  reward_max: 0.8795  reward_mean: -1.9686  reward_min: -6.6844  value_loss: 9397809971200.0000
Step:   150000  |  score: 4.09 ± 1.39  |  actor_loss: 93.3381  cost_loss: 0.9315  q_loss: 8.1172  reward_max: 1.0429  reward_mean: -2.2183  reward_min: -6.6269  value_loss: 1972225637492319059968.0000
Step:   160000  |  score: 4.02 ± 0.77  |  actor_loss: 97.1038  cost_loss: 0.8925  q_loss: 10.4578  reward_max: 0.9109  reward_mean: -2.4292  reward_min: -6.5833  value_loss: 85857590247948288.0000
Step:   170000  |  score: 4.84 ± 1.37  |  actor_loss: 102.7621  cost_loss: 0.9545  q_loss: 8.2480  reward_max: 0.9226  reward_mean: -2.1351  reward_min: -6.6256  value_loss: 7782114787328.0000
Step:   180000  |  score: 3.78 ± 1.15  |  actor_loss: 102.6492  cost_loss: 0.9934  q_loss: 7.7960  reward_max: 1.2189  reward_mean: -2.0195  reward_min: -6.7016  value_loss: 10187648794624.0000
Step:   190000  |  score: 3.79 ± 0.98  |  actor_loss: 104.1245  cost_loss: 0.9816  q_loss: 9.8504  reward_max: 1.0833  reward_mean: -1.9845  reward_min: -6.6559  value_loss: 890081304903680.0000
Step:   200000  |  score: 4.20 ± 1.07  |  actor_loss: 86.5314  cost_loss: 0.9289  q_loss: 9.2373  reward_max: 0.9691  reward_mean: -2.2608  reward_min: -6.6398  value_loss: 1020101736922087424.0000
Step:   210000  |  score: 4.59 ± 1.14  |  actor_loss: 106.3349  cost_loss: 0.9663  q_loss: 10.5225  reward_max: 1.1668  reward_mean: -2.0560  reward_min: -6.7463  value_loss: 19368228421632.0000
Step:   220000  |  score: 4.10 ± 1.16  |  actor_loss: 86.9818  cost_loss: 0.9931  q_loss: 7.9352  reward_max: 1.1476  reward_mean: -1.8680  reward_min: -6.6331  value_loss: 12078402592833536.0000
Step:   230000  |  score: 5.25 ± 1.16  |  actor_loss: 102.3791  cost_loss: 1.0112  q_loss: 8.1669  reward_max: 0.8056  reward_mean: -1.8345  reward_min: -6.6886  value_loss: 346639597568.0000
Step:   240000  |  score: 4.14 ± 0.84  |  actor_loss: 91.8271  cost_loss: 0.9403  q_loss: 7.9778  reward_max: 1.0336  reward_mean: -2.1854  reward_min: -6.6824  value_loss: 38617509185632337920.0000
Step:   250000  |  score: 4.82 ± 1.56  |  actor_loss: 100.1950  cost_loss: 0.9193  q_loss: 9.3354  reward_max: 0.8531  reward_mean: -2.3969  reward_min: -6.6892  value_loss: 11710158376116682752.0000
Step:   260000  |  score: 3.71 ± 1.03  |  actor_loss: 101.5184  cost_loss: 0.9600  q_loss: 8.1345  reward_max: 0.9380  reward_mean: -2.0799  reward_min: -6.7161  value_loss: 56752947068928.0000
Step:   270000  |  score: 4.14 ± 1.30  |  actor_loss: 91.5315  cost_loss: 0.9813  q_loss: 7.5694  reward_max: 0.9197  reward_mean: -2.0410  reward_min: -6.7338  value_loss: 2883766936615780352.0000
Step:   280000  |  score: 3.67 ± 0.76  |  actor_loss: 94.4939  cost_loss: 0.9863  q_loss: 6.6689  reward_max: 0.8639  reward_mean: -2.0680  reward_min: -6.6186  value_loss: 11206845792256.0000
Step:   290000  |  score: 4.52 ± 1.09  |  actor_loss: 102.2366  cost_loss: 0.9946  q_loss: 7.1684  reward_max: 0.8620  reward_mean: -1.9545  reward_min: -6.6219  value_loss: 8160356794892288.0000
Step:   300000  |  score: 3.79 ± 1.10  |  actor_loss: 98.8359  cost_loss: 0.9394  q_loss: 8.2628  reward_max: 1.1484  reward_mean: -2.2801  reward_min: -6.5572  value_loss: 37732093001728.0000
Step:   310000  |  score: 5.62 ± 2.14  |  actor_loss: 97.9792  cost_loss: 0.9567  q_loss: 8.4658  reward_max: 0.8902  reward_mean: -2.1747  reward_min: -6.6293  value_loss: 7811200112918528.0000
Step:   320000  |  score: 3.63 ± 1.36  |  actor_loss: 115.1307  cost_loss: 0.9363  q_loss: 7.4543  reward_max: 0.8665  reward_mean: -2.2585  reward_min: -6.6232  value_loss: 23674490978304.0000
Step:   330000  |  score: 4.49 ± 1.11  |  actor_loss: 105.7060  cost_loss: 0.9901  q_loss: 6.5375  reward_max: 0.9098  reward_mean: -2.0703  reward_min: -6.6699  value_loss: 432232933005197312.0000
Step:   340000  |  score: 4.65 ± 1.63  |  actor_loss: 103.4384  cost_loss: 0.9240  q_loss: 6.6133  reward_max: 0.9351  reward_mean: -2.2744  reward_min: -6.5956  value_loss: 16064208896.0000
Step:   350000  |  score: 4.22 ± 0.65  |  actor_loss: 90.0890  cost_loss: 0.9737  q_loss: 7.5384  reward_max: 0.9056  reward_mean: -2.1312  reward_min: -6.6615  value_loss: 772009902473216.0000
Step:   360000  |  score: 4.05 ± 0.59  |  actor_loss: 89.9669  cost_loss: 0.9768  q_loss: 7.9850  reward_max: 1.0506  reward_mean: -1.9635  reward_min: -6.6180  value_loss: 1632415914139844608.0000
Step:   370000  |  score: 5.09 ± 2.56  |  actor_loss: 98.4764  cost_loss: 0.9578  q_loss: 9.7530  reward_max: 1.2554  reward_mean: -2.1718  reward_min: -6.5387  value_loss: 25509857322860544.0000
Step:   380000  |  score: 5.56 ± 1.46  |  actor_loss: 79.6188  cost_loss: 0.9543  q_loss: 8.6979  reward_max: 0.8782  reward_mean: -2.1833  reward_min: -6.6549  value_loss: 230249228188778496.0000
Step:   390000  |  score: 4.45 ± 1.69  |  actor_loss: 95.7725  cost_loss: 0.9228  q_loss: 7.1419  reward_max: 1.0641  reward_mean: -2.3799  reward_min: -6.7487  value_loss: 87494263570432.0000
Step:   400000  |  score: 4.92 ± 1.69  |  actor_loss: 91.0813  cost_loss: 0.9985  q_loss: 8.1484  reward_max: 0.8924  reward_mean: -1.9489  reward_min: -6.7286  value_loss: 82163135414272.0000
Step:   410000  |  score: 5.32 ± 1.57  |  actor_loss: 94.3516  cost_loss: 0.9377  q_loss: 7.2133  reward_max: 0.8795  reward_mean: -2.3267  reward_min: -6.5574  value_loss: 1634912174080.0000
Step:   420000  |  score: 3.98 ± 1.44  |  actor_loss: 75.0724  cost_loss: 0.9476  q_loss: 6.7916  reward_max: 0.9922  reward_mean: -2.2964  reward_min: -6.7334  value_loss: 40319988592034185216.0000
Step:   430000  |  score: 4.37 ± 1.86  |  actor_loss: 103.8954  cost_loss: 0.9958  q_loss: 6.5418  reward_max: 0.9396  reward_mean: -2.0458  reward_min: -6.5476  value_loss: 183087188743815168.0000
Step:   440000  |  score: 4.19 ± 1.72  |  actor_loss: 94.3207  cost_loss: 0.9898  q_loss: 7.0014  reward_max: 1.0701  reward_mean: -1.9884  reward_min: -6.6209  value_loss: 1569599028138606592.0000
Step:   450000  |  score: 4.73 ± 1.43  |  actor_loss: 112.5882  cost_loss: 0.9602  q_loss: 6.3745  reward_max: 0.8409  reward_mean: -2.1823  reward_min: -6.7726  value_loss: 12384560746594304.0000
Step:   460000  |  score: 4.55 ± 1.68  |  actor_loss: 98.1838  cost_loss: 0.9516  q_loss: 5.5497  reward_max: 0.7718  reward_mean: -2.1801  reward_min: -6.6040  value_loss: 74370009530368.0000
Step:   470000  |  score: 4.72 ± 1.28  |  actor_loss: 111.4263  cost_loss: 0.9553  q_loss: 7.4368  reward_max: 0.8452  reward_mean: -2.2343  reward_min: -6.6245  value_loss: 986202625206648832.0000
Step:   480000  |  score: 5.55 ± 1.85  |  actor_loss: 101.0781  cost_loss: 0.9533  q_loss: 6.0676  reward_max: 1.1979  reward_mean: -2.1808  reward_min: -6.4795  value_loss: 5729163713445888.0000
Step:   490000  |  score: 4.97 ± 2.64  |  actor_loss: 95.3006  cost_loss: 0.9730  q_loss: 6.4531  reward_max: 0.9045  reward_mean: -2.0697  reward_min: -6.7443  value_loss: 12049475174400.0000
Step:   500000  |  score: 6.06 ± 1.90  |  actor_loss: 81.6123  cost_loss: 0.9416  q_loss: 7.0338  reward_max: 0.8818  reward_mean: -2.2409  reward_min: -6.5200  value_loss: 166500591982346240.0000
Step:   510000  |  score: 4.68 ± 0.94  |  actor_loss: 101.9445  cost_loss: 0.9634  q_loss: 7.1170  reward_max: 0.8663  reward_mean: -2.1580  reward_min: -6.5748  value_loss: 1577965322240.0000
Step:   520000  |  score: 4.30 ± 1.67  |  actor_loss: 89.3601  cost_loss: 0.9956  q_loss: 6.7313  reward_max: 0.9550  reward_mean: -1.9668  reward_min: -6.4750  value_loss: 5491098910720.0000
Step:   530000  |  score: 6.54 ± 3.47  |  actor_loss: 89.6990  cost_loss: 0.9724  q_loss: 5.5926  reward_max: 0.9468  reward_mean: -2.1605  reward_min: -6.5449  value_loss: 4080953720832.0000
Step:   540000  |  score: 4.73 ± 1.06  |  actor_loss: 82.0202  cost_loss: 1.0156  q_loss: 5.8824  reward_max: 1.2872  reward_mean: -1.9289  reward_min: -6.5231  value_loss: 2847203613736960.0000
Step:   550000  |  score: 5.81 ± 2.18  |  actor_loss: 106.3348  cost_loss: 0.9684  q_loss: 5.9434  reward_max: 0.9042  reward_mean: -2.2121  reward_min: -6.6081  value_loss: 2295209585016832.0000
Step:   560000  |  score: 5.45 ± 2.42  |  actor_loss: 75.9866  cost_loss: 0.9866  q_loss: 6.3247  reward_max: 0.8262  reward_mean: -2.0661  reward_min: -6.5422  value_loss: 6520734482432.0000
Step:   570000  |  score: 5.03 ± 1.90  |  actor_loss: 94.7578  cost_loss: 0.9515  q_loss: 5.9720  reward_max: 1.0061  reward_mean: -2.1762  reward_min: -6.6360  value_loss: 30146163638272.0000
Step:   580000  |  score: 6.23 ± 2.10  |  actor_loss: 99.2243  cost_loss: 0.9630  q_loss: 6.2740  reward_max: 1.0911  reward_mean: -2.2150  reward_min: -6.6079  value_loss: 294515839598592.0000
Step:   590000  |  score: 4.74 ± 2.22  |  actor_loss: 89.9498  cost_loss: 0.9719  q_loss: 6.9874  reward_max: 0.9790  reward_mean: -2.0609  reward_min: -6.5405  value_loss: 27121908973568.0000
Step:   600000  |  score: 4.27 ± 2.16  |  actor_loss: 95.1482  cost_loss: 0.9855  q_loss: 5.7531  reward_max: 1.1066  reward_mean: -2.0411  reward_min: -6.7539  value_loss: 434736349182951424.0000
Step:   610000  |  score: 4.74 ± 2.08  |  actor_loss: 76.0181  cost_loss: 0.9881  q_loss: 6.4944  reward_max: 0.8183  reward_mean: -2.1310  reward_min: -6.6935  value_loss: 52995630825472.0000
Step:   620000  |  score: 5.36 ± 2.48  |  actor_loss: 101.3577  cost_loss: 0.9506  q_loss: 5.8721  reward_max: 1.1055  reward_mean: -2.1772  reward_min: -6.6213  value_loss: 33154310785120337920.0000
Step:   630000  |  score: 6.19 ± 1.66  |  actor_loss: 78.2112  cost_loss: 0.9828  q_loss: 5.2538  reward_max: 0.7937  reward_mean: -2.1213  reward_min: -6.6341  value_loss: 16260789912995409860493312.0000
Step:   640000  |  score: 5.25 ± 2.01  |  actor_loss: 94.3548  cost_loss: 0.9482  q_loss: 7.0843  reward_max: 0.8224  reward_mean: -2.2737  reward_min: -6.6901  value_loss: 4736800245415936.0000
Step:   650000  |  score: 3.98 ± 1.19  |  actor_loss: 82.1965  cost_loss: 0.9361  q_loss: 6.2136  reward_max: 0.8924  reward_mean: -2.2914  reward_min: -6.6248  value_loss: 4873530638336.0000
Step:   660000  |  score: 4.50 ± 1.60  |  actor_loss: 88.2093  cost_loss: 0.9830  q_loss: 5.4991  reward_max: 1.1681  reward_mean: -2.0562  reward_min: -6.6791  value_loss: 410984513536.0000
Step:   670000  |  score: 4.71 ± 1.97  |  actor_loss: 99.6702  cost_loss: 0.9557  q_loss: 5.7841  reward_max: 0.8854  reward_mean: -2.2480  reward_min: -6.5646  value_loss: 6290948656988160.0000
Step:   680000  |  score: 5.66 ± 2.83  |  actor_loss: 94.0440  cost_loss: 0.9498  q_loss: 5.8561  reward_max: 0.8853  reward_mean: -2.2068  reward_min: -6.5489  value_loss: 2087285117943808.0000
Step:   690000  |  score: 5.37 ± 2.07  |  actor_loss: 99.3954  cost_loss: 0.9405  q_loss: 5.8918  reward_max: 0.9603  reward_mean: -2.3588  reward_min: -6.7048  value_loss: 6120946872090624.0000
Step:   700000  |  score: 6.15 ± 3.38  |  actor_loss: 104.3229  cost_loss: 0.9483  q_loss: 5.5066  reward_max: 0.8210  reward_mean: -2.1565  reward_min: -6.6349  value_loss: 28822170763264.0000
Step:   710000  |  score: 5.03 ± 0.94  |  actor_loss: 97.1165  cost_loss: 0.9538  q_loss: 5.4404  reward_max: 0.8850  reward_mean: -2.2174  reward_min: -6.7416  value_loss: 1867491508748288.0000
Step:   720000  |  score: 4.35 ± 2.03  |  actor_loss: 95.1487  cost_loss: 0.9935  q_loss: 4.7182  reward_max: 0.9181  reward_mean: -1.9969  reward_min: -6.6203  value_loss: 76223170478080.0000
Step:   730000  |  score: 6.13 ± 1.53  |  actor_loss: 98.8775  cost_loss: 0.9382  q_loss: 6.0638  reward_max: 1.3697  reward_mean: -2.2401  reward_min: -6.7128  value_loss: 110110764433408.0000
Step:   740000  |  score: 5.44 ± 2.69  |  actor_loss: 99.0787  cost_loss: 0.9776  q_loss: 5.5849  reward_max: 0.8453  reward_mean: -2.0719  reward_min: -6.5489  value_loss: 7106254245724160.0000
Step:   750000  |  score: 5.67 ± 3.39  |  actor_loss: 85.8551  cost_loss: 1.0116  q_loss: 6.1557  reward_max: 0.9736  reward_mean: -1.9532  reward_min: -6.5045  value_loss: 7814340189278437376.0000
Step:   760000  |  score: 6.51 ± 3.71  |  actor_loss: 88.3290  cost_loss: 0.9878  q_loss: 5.2184  reward_max: 1.5723  reward_mean: -2.0179  reward_min: -6.4664  value_loss: 452877122273280.0000
Step:   770000  |  score: 5.81 ± 2.66  |  actor_loss: 82.2530  cost_loss: 0.9595  q_loss: 5.6327  reward_max: 1.1745  reward_mean: -2.2025  reward_min: -6.6351  value_loss: 657048731648.0000
Step:   780000  |  score: 5.38 ± 2.73  |  actor_loss: 70.4442  cost_loss: 0.9573  q_loss: 6.0540  reward_max: 0.8745  reward_mean: -2.2431  reward_min: -6.7207  value_loss: 93303219726931984384.0000
Step:   790000  |  score: 5.13 ± 1.87  |  actor_loss: 93.4834  cost_loss: 0.9452  q_loss: 6.1957  reward_max: 1.0290  reward_mean: -2.1942  reward_min: -6.6001  value_loss: 11810205507518464.0000
Step:   800000  |  score: 6.45 ± 2.26  |  actor_loss: 92.9482  cost_loss: 0.9396  q_loss: 6.2305  reward_max: 0.9094  reward_mean: -2.2958  reward_min: -6.5199  value_loss: 1444232145403904.0000
Step:   810000  |  score: 5.47 ± 3.18  |  actor_loss: 73.4518  cost_loss: 0.9835  q_loss: 6.0216  reward_max: 0.8435  reward_mean: -2.1198  reward_min: -6.6448  value_loss: 127463428070572032.0000
Step:   820000  |  score: 4.23 ± 1.82  |  actor_loss: 97.1232  cost_loss: 0.9354  q_loss: 6.2626  reward_max: 0.8220  reward_mean: -2.2734  reward_min: -6.5580  value_loss: 394305143308288.0000
Step:   830000  |  score: 5.56 ± 3.03  |  actor_loss: 96.9187  cost_loss: 0.9085  q_loss: 5.4028  reward_max: 0.8084  reward_mean: -2.3889  reward_min: -6.6717  value_loss: 20350943363072.0000
Step:   840000  |  score: 4.30 ± 1.78  |  actor_loss: 83.3525  cost_loss: 1.0247  q_loss: 7.1762  reward_max: 0.8170  reward_mean: -1.9775  reward_min: -6.7985  value_loss: 11437522605309952.0000
Step:   850000  |  score: 5.78 ± 2.64  |  actor_loss: 85.0670  cost_loss: 0.9664  q_loss: 5.5771  reward_max: 1.0104  reward_mean: -2.2028  reward_min: -6.6196  value_loss: 1443647848448.0000
Step:   860000  |  score: 5.48 ± 1.96  |  actor_loss: 96.9048  cost_loss: 0.9281  q_loss: 5.1351  reward_max: 0.8771  reward_mean: -2.3241  reward_min: -6.4727  value_loss: 1943589307858699597905920.0000
Step:   870000  |  score: 9.14 ± 8.30  |  actor_loss: 94.5637  cost_loss: 0.9260  q_loss: 5.3255  reward_max: 0.8719  reward_mean: -2.3568  reward_min: -6.5334  value_loss: 145493778759680.0000
Step:   880000  |  score: 5.63 ± 2.96  |  actor_loss: 82.9748  cost_loss: 0.9649  q_loss: 5.8827  reward_max: 0.9104  reward_mean: -2.1324  reward_min: -6.6161  value_loss: 4327870503583744.0000
Step:   890000  |  score: 5.90 ± 2.35  |  actor_loss: 104.9243  cost_loss: 0.9767  q_loss: 4.8968  reward_max: 0.7492  reward_mean: -2.1247  reward_min: -6.5932  value_loss: 133610299365261312.0000
Step:   900000  |  score: 5.63 ± 2.74  |  actor_loss: 117.0202  cost_loss: 0.9859  q_loss: 5.4734  reward_max: 0.9132  reward_mean: -2.1046  reward_min: -6.4837  value_loss: 3564524535808.0000
Step:   910000  |  score: 5.14 ± 1.55  |  actor_loss: 74.6301  cost_loss: 0.9837  q_loss: 6.6624  reward_max: 0.9597  reward_mean: -2.0346  reward_min: -6.5947  value_loss: 50533391684864049152.0000
Step:   920000  |  score: 4.57 ± 2.28  |  actor_loss: 79.8968  cost_loss: 1.0437  q_loss: 5.0387  reward_max: 0.8315  reward_mean: -1.8098  reward_min: -6.4745  value_loss: 3969951551455232.0000
Step:   930000  |  score: 5.13 ± 2.06  |  actor_loss: 98.3986  cost_loss: 0.9579  q_loss: 4.9721  reward_max: 0.8398  reward_mean: -2.1920  reward_min: -6.6522  value_loss: 359799610933248.0000
Step:   940000  |  score: 4.70 ± 2.44  |  actor_loss: 93.2738  cost_loss: 0.9664  q_loss: 4.8126  reward_max: 0.7916  reward_mean: -2.1247  reward_min: -6.5965  value_loss: 157064974303232.0000
Step:   950000  |  score: 4.56 ± 2.74  |  actor_loss: 89.7000  cost_loss: 0.9781  q_loss: 6.4568  reward_max: 0.9959  reward_mean: -2.1801  reward_min: -6.6102  value_loss: 219615387380088832.0000
Step:   960000  |  score: 6.39 ± 2.99  |  actor_loss: 108.5992  cost_loss: 0.9849  q_loss: 4.6362  reward_max: 0.9278  reward_mean: -2.1930  reward_min: -6.5765  value_loss: 2058707704783831040.0000
Step:   970000  |  score: 5.57 ± 2.62  |  actor_loss: 102.5814  cost_loss: 0.9708  q_loss: 4.0928  reward_max: 0.8115  reward_mean: -2.0876  reward_min: -6.4614  value_loss: 70694564691705856.0000
Step:   980000  |  score: 6.72 ± 4.39  |  actor_loss: 95.2136  cost_loss: 0.9546  q_loss: 4.6558  reward_max: 0.7825  reward_mean: -2.1922  reward_min: -6.4821  value_loss: 11677374237911285760.0000
Step:   990000  |  score: 6.25 ± 2.25  |  actor_loss: 95.5694  cost_loss: 0.9401  q_loss: 6.2138  reward_max: 0.8641  reward_mean: -2.3553  reward_min: -6.5198  value_loss: 2011655038828544.0000
Step:  1000000  |  score: 4.62 ± 1.67  |  actor_loss: 82.1245  cost_loss: 0.9404  q_loss: 6.8387  reward_max: 0.7799  reward_mean: -2.3085  reward_min: -6.6133  value_loss: 7097067503616.0000
Step:  1010000  |  score: 5.19 ± 2.66  |  actor_loss: 83.8514  cost_loss: 0.9433  q_loss: 5.0925  reward_max: 1.0305  reward_mean: -2.2073  reward_min: -6.4798  value_loss: 681643951626649600.0000
Step:  1020000  |  score: 5.68 ± 3.18  |  actor_loss: 104.8096  cost_loss: 0.9723  q_loss: 5.3715  reward_max: 0.8689  reward_mean: -2.1117  reward_min: -6.5760  value_loss: 39661120520192.0000
Step:  1030000  |  score: 4.88 ± 2.90  |  actor_loss: 98.2783  cost_loss: 1.0042  q_loss: 5.0231  reward_max: 0.8755  reward_mean: -1.9274  reward_min: -6.6123  value_loss: 58467797822341120.0000
Step:  1040000  |  score: 4.77 ± 1.73  |  actor_loss: 105.7840  cost_loss: 0.9452  q_loss: 5.3121  reward_max: 0.8011  reward_mean: -2.2360  reward_min: -6.4954  value_loss: 1739516180705574912.0000
Step:  1050000  |  score: 3.91 ± 1.79  |  actor_loss: 101.0460  cost_loss: 0.9672  q_loss: 4.9352  reward_max: 0.8513  reward_mean: -2.1568  reward_min: -6.6960  value_loss: 43494303334400.0000
Step:  1060000  |  score: 6.14 ± 2.39  |  actor_loss: 107.5497  cost_loss: 0.9721  q_loss: 4.7931  reward_max: 0.9456  reward_mean: -2.0639  reward_min: -6.5256  value_loss: 136112009904128.0000
Step:  1070000  |  score: 6.38 ± 1.99  |  actor_loss: 104.8351  cost_loss: 0.9263  q_loss: 6.0026  reward_max: 0.9006  reward_mean: -2.3899  reward_min: -6.6255  value_loss: 991999295488.0000
Step:  1080000  |  score: 5.07 ± 2.28  |  actor_loss: 105.1799  cost_loss: 0.9463  q_loss: 4.2561  reward_max: 0.8301  reward_mean: -2.2546  reward_min: -6.6236  value_loss: 6304883141509120.0000
Step:  1090000  |  score: 4.59 ± 2.22  |  actor_loss: 106.0092  cost_loss: 0.9865  q_loss: 5.0058  reward_max: 0.8328  reward_mean: -2.0441  reward_min: -6.6694  value_loss: 1186154551419632353280.0000
Step:  1100000  |  score: 3.69 ± 1.36  |  actor_loss: 116.6798  cost_loss: 0.9455  q_loss: 4.6834  reward_max: 0.8895  reward_mean: -2.2967  reward_min: -6.5428  value_loss: 227543542136832.0000
Step:  1110000  |  score: 5.93 ± 2.10  |  actor_loss: 89.2436  cost_loss: 0.9540  q_loss: 4.8387  reward_max: 0.9728  reward_mean: -2.2592  reward_min: -6.6243  value_loss: 12709489803264.0000
Step:  1120000  |  score: 5.55 ± 2.17  |  actor_loss: 75.1410  cost_loss: 0.9636  q_loss: 5.9742  reward_max: 0.8358  reward_mean: -2.1292  reward_min: -6.7200  value_loss: 4773952094208.0000
Step:  1130000  |  score: 5.00 ± 1.52  |  actor_loss: 92.2099  cost_loss: 0.9346  q_loss: 4.9840  reward_max: 1.4634  reward_mean: -2.3630  reward_min: -6.4685  value_loss: 13937728815104.0000
Step:  1140000  |  score: 6.27 ± 3.22  |  actor_loss: 89.0577  cost_loss: 0.9408  q_loss: 5.3126  reward_max: 0.8501  reward_mean: -2.2516  reward_min: -6.7005  value_loss: 67341393529405440.0000
Step:  1150000  |  score: 5.62 ± 2.60  |  actor_loss: 75.5371  cost_loss: 0.9589  q_loss: 5.3228  reward_max: 0.9226  reward_mean: -2.1967  reward_min: -6.6231  value_loss: 2376938517692416.0000
Step:  1160000  |  score: 5.45 ± 2.13  |  actor_loss: 122.0891  cost_loss: 0.9536  q_loss: 4.7869  reward_max: 0.8794  reward_mean: -2.2125  reward_min: -6.4890  value_loss: 1337345703936.0000
Step:  1170000  |  score: 6.88 ± 2.70  |  actor_loss: 92.0938  cost_loss: 0.9681  q_loss: 4.3826  reward_max: 0.8611  reward_mean: -2.1339  reward_min: -6.7713  value_loss: 521622100377600.0000
Step:  1180000  |  score: 7.61 ± 3.98  |  actor_loss: 83.2891  cost_loss: 0.9504  q_loss: 4.1622  reward_max: 0.8177  reward_mean: -2.2167  reward_min: -6.5744  value_loss: 3195471061386788864.0000
Step:  1190000  |  score: 8.76 ± 4.82  |  actor_loss: 91.2614  cost_loss: 0.9776  q_loss: 4.4934  reward_max: 0.8511  reward_mean: -2.0726  reward_min: -6.4843  value_loss: 141903236431872.0000
Step:  1200000  |  score: 6.23 ± 4.02  |  actor_loss: 86.2840  cost_loss: 0.9239  q_loss: 4.2936  reward_max: 1.8459  reward_mean: -2.3814  reward_min: -6.6215  value_loss: 318604599885824.0000
Step:  1210000  |  score: 5.71 ± 1.64  |  actor_loss: 97.5868  cost_loss: 0.9441  q_loss: 4.9153  reward_max: 1.2204  reward_mean: -2.2744  reward_min: -6.6653  value_loss: 97215283200.0000
Step:  1220000  |  score: 5.97 ± 3.47  |  actor_loss: 89.5050  cost_loss: 0.9680  q_loss: 4.8418  reward_max: 1.0166  reward_mean: -2.1457  reward_min: -6.5278  value_loss: 5890136403345408.0000
Step:  1230000  |  score: 4.24 ± 3.11  |  actor_loss: 91.1683  cost_loss: 0.9574  q_loss: 4.2407  reward_max: 0.9043  reward_mean: -2.2028  reward_min: -6.6632  value_loss: 322544292855808.0000
Step:  1240000  |  score: 3.76 ± 2.11  |  actor_loss: 96.3621  cost_loss: 0.9659  q_loss: 5.3602  reward_max: 0.9845  reward_mean: -2.1533  reward_min: -6.5082  value_loss: 845187152609280.0000
Step:  1250000  |  score: 4.84 ± 2.56  |  actor_loss: 76.3217  cost_loss: 1.0056  q_loss: 5.7535  reward_max: 0.8659  reward_mean: -1.9531  reward_min: -6.6474  value_loss: 19035091632128.0000
Step:  1260000  |  score: 4.52 ± 1.21  |  actor_loss: 95.2212  cost_loss: 1.0033  q_loss: 3.9909  reward_max: 0.8694  reward_mean: -1.9254  reward_min: -6.5773  value_loss: 168964919394304.0000
Step:  1270000  |  score: 5.41 ± 2.38  |  actor_loss: 97.3112  cost_loss: 0.9525  q_loss: 4.9983  reward_max: 0.9787  reward_mean: -2.1380  reward_min: -6.4726  value_loss: 1310469259264.0000
Step:  1280000  |  score: 5.78 ± 2.80  |  actor_loss: 68.3097  cost_loss: 0.9414  q_loss: 5.5509  reward_max: 1.0779  reward_mean: -2.2084  reward_min: -6.6134  value_loss: 55218477727744.0000
Step:  1290000  |  score: 5.00 ± 2.91  |  actor_loss: 82.9690  cost_loss: 0.9983  q_loss: 4.7814  reward_max: 0.8834  reward_mean: -2.1135  reward_min: -6.6396  value_loss: 27908743626752.0000
Step:  1300000  |  score: 6.02 ± 3.99  |  actor_loss: 88.3652  cost_loss: 0.9452  q_loss: 4.5645  reward_max: 1.1590  reward_mean: -2.3181  reward_min: -6.4826  value_loss: 8927846596608.0000
Step:  1310000  |  score: 6.77 ± 3.89  |  actor_loss: 100.8362  cost_loss: 0.9387  q_loss: 4.6019  reward_max: 0.8541  reward_mean: -2.2579  reward_min: -6.5226  value_loss: 5798632620032.0000
Step:  1320000  |  score: 5.94 ± 2.39  |  actor_loss: 103.3045  cost_loss: 0.9435  q_loss: 5.5631  reward_max: 0.8701  reward_mean: -2.2209  reward_min: -6.6386  value_loss: 206243522100068352.0000
Step:  1330000  |  score: 7.15 ± 3.24  |  actor_loss: 94.1466  cost_loss: 0.9512  q_loss: 4.7507  reward_max: 0.7801  reward_mean: -2.2212  reward_min: -6.7618  value_loss: 5440399103492096.0000
Step:  1340000  |  score: 7.56 ± 3.37  |  actor_loss: 81.8367  cost_loss: 0.9294  q_loss: 3.9934  reward_max: 0.9373  reward_mean: -2.3910  reward_min: -6.5877  value_loss: 1700655866367180800.0000
Step:  1350000  |  score: 4.27 ± 1.30  |  actor_loss: 99.2699  cost_loss: 0.9518  q_loss: 4.6992  reward_max: 0.9028  reward_mean: -2.1854  reward_min: -6.7134  value_loss: 109541756764160.0000
Step:  1360000  |  score: 7.29 ± 4.23  |  actor_loss: 85.3607  cost_loss: 0.9864  q_loss: 4.6268  reward_max: 1.0161  reward_mean: -2.0502  reward_min: -6.6105  value_loss: 37314835251200.0000
Step:  1370000  |  score: 5.92 ± 3.67  |  actor_loss: 91.8979  cost_loss: 0.9666  q_loss: 7.0621  reward_max: 0.9035  reward_mean: -2.1829  reward_min: -6.4872  value_loss: 206075606058663936.0000
Step:  1380000  |  score: 5.86 ± 1.29  |  actor_loss: 88.1459  cost_loss: 0.9570  q_loss: 4.3983  reward_max: 0.8926  reward_mean: -2.2221  reward_min: -6.5790  value_loss: 16980425834496.0000
Step:  1390000  |  score: 5.66 ± 1.94  |  actor_loss: 76.3770  cost_loss: 0.9695  q_loss: 4.7051  reward_max: 0.8091  reward_mean: -2.1741  reward_min: -6.5689  value_loss: 1019913043968.0000
Step:  1400000  |  score: 6.98 ± 3.52  |  actor_loss: 84.2832  cost_loss: 0.9205  q_loss: 6.5381  reward_max: 1.0206  reward_mean: -2.3781  reward_min: -6.5007  value_loss: 618872064788045758464.0000
Step:  1410000  |  score: 6.52 ± 2.51  |  actor_loss: 77.3544  cost_loss: 0.9890  q_loss: 4.8550  reward_max: 0.8218  reward_mean: -2.0233  reward_min: -6.5618  value_loss: 579681132740608.0000
Step:  1420000  |  score: 6.33 ± 3.25  |  actor_loss: 83.2857  cost_loss: 0.9582  q_loss: 4.4337  reward_max: 0.8060  reward_mean: -2.1855  reward_min: -6.5834  value_loss: 10376046151345373184.0000
Step:  1430000  |  score: 4.94 ± 1.92  |  actor_loss: 76.1933  cost_loss: 1.0172  q_loss: 4.2407  reward_max: 0.9983  reward_mean: -1.8554  reward_min: -6.7078  value_loss: 1790846475173888.0000
Step:  1440000  |  score: 7.33 ± 4.26  |  actor_loss: 112.2349  cost_loss: 0.9978  q_loss: 4.2859  reward_max: 1.2918  reward_mean: -2.0278  reward_min: -6.6686  value_loss: 113121520993408385024.0000
Step:  1450000  |  score: 5.87 ± 3.64  |  actor_loss: 92.6709  cost_loss: 0.9660  q_loss: 5.1613  reward_max: 0.8768  reward_mean: -2.1056  reward_min: -6.5646  value_loss: 1129742560395264.0000
Step:  1460000  |  score: 7.52 ± 4.23  |  actor_loss: 98.0323  cost_loss: 0.9699  q_loss: 4.3420  reward_max: 0.7656  reward_mean: -2.0828  reward_min: -6.4798  value_loss: 1847740596224.0000
Step:  1470000  |  score: 5.89 ± 2.59  |  actor_loss: 87.3794  cost_loss: 0.9724  q_loss: 4.7990  reward_max: 0.8455  reward_mean: -2.1250  reward_min: -6.6230  value_loss: 10511768879104.0000
Step:  1480000  |  score: 5.01 ± 2.51  |  actor_loss: 100.5175  cost_loss: 0.9427  q_loss: 4.3228  reward_max: 0.8247  reward_mean: -2.3817  reward_min: -6.5954  value_loss: 199807750635520.0000
Step:  1490000  |  score: 6.17 ± 3.08  |  actor_loss: 98.4383  cost_loss: 0.9332  q_loss: 5.1710  reward_max: 1.1083  reward_mean: -2.2701  reward_min: -6.6273  value_loss: 682153934848.0000
Step:  1500000  |  score: 6.08 ± 3.31  |  actor_loss: 89.0741  cost_loss: 0.9815  q_loss: 4.4668  reward_max: 0.9807  reward_mean: -2.0656  reward_min: -6.6358  value_loss: 24339194012728557568.0000
Step:  1510000  |  score: 6.45 ± 2.98  |  actor_loss: 84.0481  cost_loss: 0.9754  q_loss: 7.4124  reward_max: 0.8250  reward_mean: -2.1754  reward_min: -6.6741  value_loss: 29907324013379584.0000
Step:  1520000  |  score: 4.91 ± 2.14  |  actor_loss: 100.2137  cost_loss: 0.9513  q_loss: 5.2246  reward_max: 0.8891  reward_mean: -2.2224  reward_min: -6.5418  value_loss: 499954359468032.0000
Step:  1530000  |  score: 5.54 ± 5.17  |  actor_loss: 102.8106  cost_loss: 0.9363  q_loss: 4.2369  reward_max: 0.9876  reward_mean: -2.2789  reward_min: -6.5417  value_loss: 646477584040722432.0000
Step:  1540000  |  score: 5.77 ± 3.59  |  actor_loss: 89.3159  cost_loss: 0.9725  q_loss: 5.1332  reward_max: 0.8693  reward_mean: -2.1045  reward_min: -6.5047  value_loss: 12193185928826585088.0000
Step:  1550000  |  score: 6.86 ± 4.81  |  actor_loss: 86.7120  cost_loss: 0.9813  q_loss: 3.9249  reward_max: 1.0624  reward_mean: -2.1129  reward_min: -6.6263  value_loss: 1268495941632.0000
Step:  1560000  |  score: 4.23 ± 1.44  |  actor_loss: 95.5853  cost_loss: 0.9235  q_loss: 4.8969  reward_max: 0.8249  reward_mean: -2.3306  reward_min: -6.5473  value_loss: 508779180184305664.0000
Step:  1570000  |  score: 3.78 ± 1.62  |  actor_loss: 106.1629  cost_loss: 0.9380  q_loss: 4.8062  reward_max: 0.8613  reward_mean: -2.3399  reward_min: -6.6733  value_loss: 8763528141820830284775424.0000
Step:  1580000  |  score: 6.41 ± 2.26  |  actor_loss: 105.4738  cost_loss: 0.9814  q_loss: 4.4547  reward_max: 0.9242  reward_mean: -2.0983  reward_min: -6.6731  value_loss: 1040545015136256.0000
Step:  1590000  |  score: 5.21 ± 2.71  |  actor_loss: 104.0505  cost_loss: 0.9923  q_loss: 3.1369  reward_max: 0.8246  reward_mean: -2.0343  reward_min: -6.4596  value_loss: 13127823588994318336.0000
Step:  1600000  |  score: 4.26 ± 2.23  |  actor_loss: 92.3559  cost_loss: 0.9495  q_loss: 4.2481  reward_max: 1.2603  reward_mean: -2.2571  reward_min: -6.5579  value_loss: 178334105337856.0000
Step:  1610000  |  score: 4.56 ± 2.96  |  actor_loss: 86.0560  cost_loss: 0.9284  q_loss: 3.9171  reward_max: 0.8239  reward_mean: -2.4023  reward_min: -6.6289  value_loss: 683633702600704.0000
Step:  1620000  |  score: 4.37 ± 2.67  |  actor_loss: 116.9896  cost_loss: 0.9480  q_loss: 4.2346  reward_max: 1.2101  reward_mean: -2.2047  reward_min: -6.4913  value_loss: 297898797432832.0000
Step:  1630000  |  score: 4.21 ± 2.21  |  actor_loss: 113.1842  cost_loss: 0.8949  q_loss: 7.6509  reward_max: 0.8722  reward_mean: -2.5280  reward_min: -6.5517  value_loss: 722544272351428608.0000
Step:  1640000  |  score: 4.23 ± 1.19  |  actor_loss: 97.2570  cost_loss: 0.9655  q_loss: 4.2069  reward_max: 0.9298  reward_mean: -2.1691  reward_min: -6.4885  value_loss: 7088578402306752512.0000
Step:  1650000  |  score: 7.25 ± 3.00  |  actor_loss: 101.1463  cost_loss: 0.9609  q_loss: 5.1862  reward_max: 0.8505  reward_mean: -2.1393  reward_min: -6.5982  value_loss: 39051507793920.0000
Step:  1660000  |  score: 4.11 ± 1.19  |  actor_loss: 100.2905  cost_loss: 0.9567  q_loss: 3.2182  reward_max: 0.9258  reward_mean: -2.1728  reward_min: -6.5369  value_loss: 3939376300032.0000
Step:  1670000  |  score: 3.93 ± 1.36  |  actor_loss: 102.6534  cost_loss: 0.9580  q_loss: 5.2438  reward_max: 0.8599  reward_mean: -2.1603  reward_min: -6.5510  value_loss: 3425644708888576.0000
Step:  1680000  |  score: 5.67 ± 4.17  |  actor_loss: 84.0535  cost_loss: 0.9631  q_loss: 4.6752  reward_max: 0.9913  reward_mean: -2.0930  reward_min: -6.5694  value_loss: 7707448836096.0000
Step:  1690000  |  score: 4.38 ± 1.43  |  actor_loss: 106.1319  cost_loss: 0.9875  q_loss: 3.7385  reward_max: 0.8193  reward_mean: -2.0640  reward_min: -6.5826  value_loss: 2412589860856419844096.0000
Step:  1700000  |  score: 6.43 ± 4.20  |  actor_loss: 109.8195  cost_loss: 0.9672  q_loss: 4.9354  reward_max: 0.9439  reward_mean: -2.1295  reward_min: -6.5859  value_loss: 292085961850880.0000
Step:  1710000  |  score: 5.32 ± 2.42  |  actor_loss: 97.8318  cost_loss: 0.9677  q_loss: 4.3449  reward_max: 1.2573  reward_mean: -2.0743  reward_min: -6.5238  value_loss: 16106928472064.0000
Step:  1720000  |  score: 4.08 ± 1.99  |  actor_loss: 99.1956  cost_loss: 0.9241  q_loss: 4.5012  reward_max: 0.7793  reward_mean: -2.3809  reward_min: -6.5520  value_loss: 151135537070080.0000
Step:  1730000  |  score: 7.74 ± 5.87  |  actor_loss: 103.1205  cost_loss: 0.9814  q_loss: 3.7327  reward_max: 0.9319  reward_mean: -2.0707  reward_min: -6.5427  value_loss: 681830487425024.0000
Step:  1740000  |  score: 5.48 ± 2.32  |  actor_loss: 91.3102  cost_loss: 0.9390  q_loss: 5.6023  reward_max: 0.7901  reward_mean: -2.2504  reward_min: -6.5729  value_loss: 621354327998464.0000
Step:  1750000  |  score: 7.59 ± 5.44  |  actor_loss: 103.3903  cost_loss: 0.9738  q_loss: 4.5655  reward_max: 0.9515  reward_mean: -2.0935  reward_min: -6.6134  value_loss: 639945093939200.0000
Step:  1760000  |  score: 6.26 ± 4.35  |  actor_loss: 100.9900  cost_loss: 0.9580  q_loss: 4.0502  reward_max: 0.7576  reward_mean: -2.2561  reward_min: -6.5902  value_loss: 15394759680.0000
Step:  1770000  |  score: 5.08 ± 1.37  |  actor_loss: 84.7303  cost_loss: 0.9527  q_loss: 4.2762  reward_max: 1.0467  reward_mean: -2.0952  reward_min: -6.4886  value_loss: 232284129067008.0000
Step:  1780000  |  score: 6.62 ± 4.20  |  actor_loss: 94.1535  cost_loss: 0.9586  q_loss: 4.0876  reward_max: 0.8432  reward_mean: -2.1879  reward_min: -6.6463  value_loss: 95259228897280.0000
Step:  1790000  |  score: 5.82 ± 2.32  |  actor_loss: 90.5930  cost_loss: 0.9687  q_loss: 4.7272  reward_max: 0.8060  reward_mean: -2.1719  reward_min: -6.5098  value_loss: 3323972632444928.0000
Step:  1800000  |  score: 5.36 ± 5.96  |  actor_loss: 99.8042  cost_loss: 0.9606  q_loss: 5.1371  reward_max: 0.8671  reward_mean: -2.2377  reward_min: -6.6142  value_loss: 5574622776436843297636352.0000
Step:  1810000  |  score: 4.99 ± 1.74  |  actor_loss: 105.0585  cost_loss: 0.9662  q_loss: 4.2160  reward_max: 0.7620  reward_mean: -2.1513  reward_min: -6.4427  value_loss: 2506621833969664.0000
Step:  1820000  |  score: 7.85 ± 3.73  |  actor_loss: 96.4945  cost_loss: 0.9703  q_loss: 4.3749  reward_max: 0.9507  reward_mean: -2.0759  reward_min: -6.4886  value_loss: 44273672126464.0000
Step:  1830000  |  score: 4.94 ± 2.44  |  actor_loss: 81.7795  cost_loss: 0.9861  q_loss: 4.0595  reward_max: 1.0925  reward_mean: -2.0433  reward_min: -6.4681  value_loss: 878641348608.0000
Step:  1840000  |  score: 5.25 ± 1.91  |  actor_loss: 85.3802  cost_loss: 0.9672  q_loss: 4.1597  reward_max: 0.8802  reward_mean: -2.1212  reward_min: -6.4281  value_loss: 7847566336.0000
Step:  1850000  |  score: 6.84 ± 4.84  |  actor_loss: 98.0326  cost_loss: 0.9548  q_loss: 4.1220  reward_max: 0.7973  reward_mean: -2.2140  reward_min: -6.6147  value_loss: 1911807148032.0000
Step:  1860000  |  score: 3.64 ± 0.82  |  actor_loss: 88.9290  cost_loss: 0.9864  q_loss: 3.7262  reward_max: 0.8608  reward_mean: -2.0680  reward_min: -6.5145  value_loss: 123846395592441856.0000
Step:  1870000  |  score: 3.90 ± 1.16  |  actor_loss: 96.4892  cost_loss: 0.9461  q_loss: 4.5697  reward_max: 1.0032  reward_mean: -2.2031  reward_min: -6.4717  value_loss: 1991950306547597312.0000
Step:  1880000  |  score: 5.51 ± 2.61  |  actor_loss: 101.0575  cost_loss: 0.9709  q_loss: 4.2443  reward_max: 0.8888  reward_mean: -2.1460  reward_min: -6.5639  value_loss: 2806069101330432.0000
Step:  1890000  |  score: 7.03 ± 3.54  |  actor_loss: 99.6699  cost_loss: 0.9287  q_loss: 4.7101  reward_max: 1.0557  reward_mean: -2.3503  reward_min: -6.6682  value_loss: 109360193732608.0000
Step:  1900000  |  score: 5.41 ± 4.30  |  actor_loss: 80.0775  cost_loss: 0.9784  q_loss: 4.8382  reward_max: 0.8808  reward_mean: -2.0620  reward_min: -6.5800  value_loss: 43768770199552.0000
Step:  1910000  |  score: 5.17 ± 3.88  |  actor_loss: 103.8272  cost_loss: 0.9776  q_loss: 5.1264  reward_max: 0.8255  reward_mean: -2.0713  reward_min: -6.7291  value_loss: 907661881114624.0000
Step:  1920000  |  score: 6.31 ± 2.96  |  actor_loss: 84.2874  cost_loss: 0.9706  q_loss: 3.7054  reward_max: 0.9744  reward_mean: -2.1014  reward_min: -6.5070  value_loss: 143122890752.0000
Step:  1930000  |  score: 9.16 ± 4.59  |  actor_loss: 76.2616  cost_loss: 0.9763  q_loss: 5.2375  reward_max: 0.9813  reward_mean: -2.0569  reward_min: -6.5429  value_loss: 7936460455936.0000
Step:  1940000  |  score: 5.96 ± 1.48  |  actor_loss: 98.3440  cost_loss: 0.9711  q_loss: 3.8317  reward_max: 0.8653  reward_mean: -2.0895  reward_min: -6.4453  value_loss: 56718104985600.0000
Step:  1950000  |  score: 7.25 ± 3.17  |  actor_loss: 107.3256  cost_loss: 0.9798  q_loss: 4.6361  reward_max: 0.8847  reward_mean: -2.1956  reward_min: -6.5478  value_loss: 10774050242560.0000
Step:  1960000  |  score: 5.35 ± 2.92  |  actor_loss: 91.7729  cost_loss: 0.9903  q_loss: 4.2126  reward_max: 0.8356  reward_mean: -2.0895  reward_min: -6.5959  value_loss: 11455912581529600.0000
Step:  1970000  |  score: 6.22 ± 3.21  |  actor_loss: 94.4020  cost_loss: 0.9448  q_loss: 4.0817  reward_max: 0.7991  reward_mean: -2.2183  reward_min: -6.5333  value_loss: 290321904697344.0000
Step:  1980000  |  score: 7.56 ± 3.98  |  actor_loss: 106.0291  cost_loss: 0.9436  q_loss: 5.3727  reward_max: 1.3084  reward_mean: -2.2553  reward_min: -6.6085  value_loss: 24946879234048.0000
Step:  1990000  |  score: 6.08 ± 1.84  |  actor_loss: 83.2546  cost_loss: 0.9779  q_loss: 4.1232  reward_max: 1.0376  reward_mean: -2.0627  reward_min: -6.5612  value_loss: 374767840395264.0000
Step:  2000000  |  score: 4.70 ± 1.43  |  actor_loss: 85.7804  cost_loss: 0.9742  q_loss: 3.7718  reward_max: 0.8913  reward_mean: -2.1425  reward_min: -6.5694  value_loss: 24020450711437312.0000
Final evaluation (13 iterations)...
Final score: 6.46 ± 3.71
wandb: WARNING Symlinked 1 file into the W&B run directory; call wandb.save again to sync new files.
wandb: updating run metadata
wandb: uploading output.log; uploading wandb-summary.json; uploading config.yaml; uploading final_returns/bdemodice_halfcheetah-expert-v2_2026-03-19_00-46-27.npz
wandb: uploading summary, console lines 214-215
wandb: 
wandb: Run history:
wandb:  actor_loss ▁▆▇▇▅█▇▇▇▄█▃▆▇▆▇▆▇▆▆▇█▇▆█▅▆▆▂▇▆▃▆▅█▇▆▇▇▄
wandb:   cost_loss ▂▃▃▃▅▆▂▄▅▂▄▄▆▂▅▃▂▁▄█▄▃▃▃▄▅▂▃▆▆▂▅▄▄▃▄▅▃▄▃
wandb: num_updates ▁▁▂▂▂▂▂▃▃▃▃▃▃▄▄▄▄▄▄▄▅▅▅▅▅▆▆▆▆▆▇▇▇▇▇█████
wandb:      q_loss ▁▇█▅▆▅▅▅▄▄▄▃▄▃▃▄▃▃▂▃▂▃▂▂▄▂▃▂▂▁▂▂▂▃▂▂▂▂▂▃
wandb:      return ▅▁▂▃▄▃▄▄▃▃▄▄▃▅▅▃▅▅▄▄▄▄▅▄▅▂▄▅▇▆▇▆▆▃▃█▆▄▅█
wandb:  reward_max ▃▃▂▄▂▄▂▂▂▃▂▂▁▃▂▂▂▂▁▂▅▂▁█▄▂▃▂▁▄▁▁▁▁▂▁▂▂▁▂
wandb: reward_mean ▇▇▅▆▆█▃▄█▇▇█▄▅▃▅▇▆▄▁▂▅▄▂▅▅▅█▃▁▄▄▁▅▆▆▆▆▆▆
wandb:  reward_min █▅▄▂▃▂▂▂▃▂▁▁▄▃▄▄▃▂▅▅▄▅▅▅▅▃▅▄▃▅▅▃▃▅▃▅▄▆▄▄
wandb:       score ▂▃▂▁▃▃▁▂▂▃▃▃▂▄▄▃▃█▄▃▃▄▄▄▅▃▄▄▆▄▄▅▆▃▃▂▂▃▃▄
wandb:   score_std ▁▁▁▂▂▂▃▂▃▃▃▂▄▄▃▄▆▄▄▅▅▄▆▄▃█▃▅▆▃▄▅▄▆▃▃▇▅█▃
wandb:          +1 ...
wandb: 
wandb: Run summary:
wandb:  actor_loss 85.78042
wandb:   cost_loss 0.97423
wandb: num_updates 2000000
wandb:      q_loss 3.77175
wandb:      return 302.76088
wandb:  reward_max 0.89134
wandb: reward_mean -2.1425
wandb:  reward_min -6.56945
wandb:       score 4.69538
wandb:   score_std 1.4255
wandb:          +1 ...
wandb: 
wandb: 🚀 View run bdemodice_halfcheetah_M2_s1 at: https://wandb.ai/wsk208/DemoDICE/runs/k7ek7hpw
wandb: ⭐️ View project at: https://wandb.ai/wsk208/DemoDICE
wandb: Synced 5 W&B file(s), 0 media file(s), 0 artifact file(s) and 1 other file(s)
wandb: Find logs at: ./wandb/run-20260319_002150-k7ek7hpw/logs
