Warning: All of online environments libraries in D4RL have been moved ]8;;https://github.com/Farama-Foundation/Gymnasium\Gymnasium]8;;\, ]8;;https://github.com/Farama-Foundation/MiniGrid\MiniGrid]8;;\ and ]8;;https://github.com/Farama-Foundation/Gymnasium-Robotics\Gymnasium-Robotics]8;;\, and all offline datasets in D4RL have been moved to ]8;;https://github.com/Farama-Foundation/Minari\Minari]8;;\.
These new versions include large bug fixes, new versions of Python, and are where all new development will continue. Please upgrade these libraries as soon as you're able to do so.
If you'd like to read more about the story behind this switch, please check out ]8;;https://farama.org/Announcing-Minari\this blog post]8;;\.
Gym has been unmaintained since 2022 and does not support NumPy 2.0 amongst other critical functionality.
Please upgrade to Gymnasium, the maintained drop-in replacement of Gym, or contact the authors of your software and request that they upgrade.
See the migration guide at https://gymnasium.farama.org/introduction/migration_guide/ for additional information.
/opt/venv/lib/python3.10/site-packages/Cython/Distutils/old_build_ext.py:15: DeprecationWarning: dep_util is Deprecated. Use functions from setuptools instead.
  from distutils.dep_util import newer, newer_group
<frozen importlib._bootstrap>:283: DeprecationWarning: the load_module() method is deprecated and slated for removal in Python 3.12; use exec_module() instead
pybullet build time: Jan 29 2025 23:16:28
wandb: [wandb.login()] Loaded credentials for https://api.wandb.ai from /root/.netrc.
wandb: Currently logged in as: wsk208 to https://api.wandb.ai. Use `wandb login --relogin` to force relogin
/opt/venv/lib/python3.10/site-packages/wandb/analytics/sentry.py:268: DeprecationWarning: Read the `app_url` setting from the appropriate Settings object.
  app_url = wandb.util.app_url(tags["base_url"])  # type: ignore[index]
/opt/venv/lib/python3.10/site-packages/wandb/analytics/sentry.py:279: DeprecationWarning: The `Scope.user` setter is deprecated in favor of `Scope.set_user()`.
  self.scope.user = {"email": email}
wandb: setting up run 841ygdyn
/opt/venv/lib/python3.10/site-packages/wandb/analytics/sentry.py:268: DeprecationWarning: Read the `app_url` setting from the appropriate Settings object.
  app_url = wandb.util.app_url(tags["base_url"])  # type: ignore[index]
/opt/venv/lib/python3.10/site-packages/wandb/analytics/sentry.py:279: DeprecationWarning: The `Scope.user` setter is deprecated in favor of `Scope.set_user()`.
  self.scope.user = {"email": email}
wandb: Tracking run with wandb version 0.25.1
wandb: Run data is saved locally in /app/wandb/run-20260318_175127-841ygdyn
wandb: Run `wandb offline` to turn off syncing.
wandb: Syncing run bdemodice_walker2d_M3_s3
wandb: ⭐️ View project at https://wandb.ai/wsk208/DemoDICE
wandb: 🚀 View run at https://wandb.ai/wsk208/DemoDICE/runs/841ygdyn
/opt/venv/lib/python3.10/site-packages/gym/spaces/box.py:84: UserWarning: [33mWARN: Box bound precision lowered by casting to float32[0m
  logger.warn(f"Box bound precision lowered by casting to {self.dtype}")
load datafile:   0%|          | 0/21 [00:00<?, ?it/s]load datafile:   5%|▍         | 1/21 [00:00<00:03,  5.71it/s]load datafile:  14%|█▍        | 3/21 [00:00<00:03,  5.24it/s]load datafile:  19%|█▉        | 4/21 [00:00<00:04,  4.01it/s]load datafile:  81%|████████  | 17/21 [00:01<00:00, 15.59it/s]load datafile:  90%|█████████ | 19/21 [00:01<00:00, 10.66it/s]load datafile: 100%|██████████| 21/21 [00:01<00:00, 11.09it/s]
Expert  :  999000 transitions  (walker2d-expert-v2, 400 traj)
load datafile:   0%|          | 0/9 [00:00<?, ?it/s]load datafile:  11%|█         | 1/9 [00:00<00:01,  6.25it/s]load datafile:  33%|███▎      | 3/9 [00:00<00:01,  5.52it/s]load datafile:  44%|████▍     | 4/9 [00:00<00:01,  4.14it/s]load datafile:  56%|█████▌    | 5/9 [00:01<00:01,  3.22it/s]load datafile:  67%|██████▋   | 6/9 [00:01<00:01,  2.80it/s]load datafile: 100%|██████████| 9/9 [00:01<00:00,  4.93it/s]
Imperfect:   31801 transitions  (walker2d-random-v2, 1600 traj)
Union   : 1030801 transitions total
/root/.local/share/uv/python/cpython-3.10-linux-x86_64-gnu/lib/python3.10/multiprocessing/popen_fork.py:66: RuntimeWarning: os.fork() was called. os.fork() is incompatible with multithreaded code, and JAX is multithreaded, so this will likely lead to a deadlock.
  self.pid = os.fork()
/opt/venv/lib/python3.10/site-packages/tensorflow_probability/python/internal/backend/jax/ops.py:681: DeprecationWarning: jax.interpreters.xla.pytype_aval_mappings is deprecated.
  jax.interpreters.xla.pytype_aval_mappings[onp.ndarray])
/opt/venv/lib/python3.10/site-packages/gym/spaces/box.py:84: UserWarning: [33mWARN: Box bound precision lowered by casting to float32[0m
  logger.warn(f"Box bound precision lowered by casting to {self.dtype}")
Step:    10000  |  score: 24.31 ± 1.59  |  actor_loss: 3.9650  cost_loss: 1.3638  q_loss: 0.2508  reward_max: 0.1715  reward_mean: -0.0446  reward_min: -5.0120  value_loss: 0.0575
Step:    20000  |  score: 22.66 ± 1.50  |  actor_loss: 2.3282  cost_loss: 1.3686  q_loss: 0.2058  reward_max: 0.1375  reward_mean: -0.0440  reward_min: -5.3386  value_loss: 0.9173
Step:    30000  |  score: 64.66 ± 24.45  |  actor_loss: 0.8108  cost_loss: 1.3799  q_loss: 0.0747  reward_max: 0.1655  reward_mean: 0.0043  reward_min: -5.3020  value_loss: 1.5174
Step:    40000  |  score: 77.25 ± 10.33  |  actor_loss: -0.3958  cost_loss: 1.3685  q_loss: 0.1376  reward_max: 0.2356  reward_mean: -0.0352  reward_min: -6.1027  value_loss: 1.5238
Step:    50000  |  score: 43.58 ± 37.74  |  actor_loss: -0.3647  cost_loss: 1.3612  q_loss: 0.2605  reward_max: 0.1188  reward_mean: -0.0934  reward_min: -6.1195  value_loss: 1.5433
Step:    60000  |  score: 108.23 ± 0.49  |  actor_loss: -1.6261  cost_loss: 1.3572  q_loss: 0.2278  reward_max: 0.2320  reward_mean: -0.1122  reward_min: -5.7609  value_loss: 1.7120
Step:    70000  |  score: 108.77 ± 0.42  |  actor_loss: -1.8818  cost_loss: 1.3624  q_loss: 0.1572  reward_max: 0.1093  reward_mean: -0.0975  reward_min: -5.8941  value_loss: 1.7471
Step:    80000  |  score: 88.23 ± 34.36  |  actor_loss: -1.7183  cost_loss: 1.3663  q_loss: 0.1452  reward_max: 0.3268  reward_mean: -0.0839  reward_min: -6.5339  value_loss: 2.1493
Step:    90000  |  score: 108.48 ± 0.45  |  actor_loss: -2.1534  cost_loss: 1.3611  q_loss: 0.1022  reward_max: 0.2971  reward_mean: -0.1070  reward_min: -6.3278  value_loss: 1.9870
Step:   100000  |  score: 108.87 ± 0.66  |  actor_loss: -1.5217  cost_loss: 1.3619  q_loss: 0.0675  reward_max: 0.1429  reward_mean: -0.0844  reward_min: -6.1666  value_loss: 2.0140
Step:   110000  |  score: 108.55 ± 0.41  |  actor_loss: -1.9878  cost_loss: 1.3636  q_loss: 0.1173  reward_max: 0.1549  reward_mean: -0.0858  reward_min: -6.4664  value_loss: 1.9991
Step:   120000  |  score: 108.23 ± 0.31  |  actor_loss: -1.9051  cost_loss: 1.3623  q_loss: 0.1174  reward_max: 0.3776  reward_mean: -0.0936  reward_min: -6.2089  value_loss: 1.8730
Step:   130000  |  score: 107.86 ± 0.17  |  actor_loss: -1.6630  cost_loss: 1.3485  q_loss: 0.1267  reward_max: 0.1781  reward_mean: -0.1604  reward_min: -5.8816  value_loss: 1.4980
Step:   140000  |  score: 108.45 ± 0.45  |  actor_loss: -2.1476  cost_loss: 1.3608  q_loss: 0.1583  reward_max: 0.1114  reward_mean: -0.1179  reward_min: -6.2478  value_loss: 1.8148
Step:   150000  |  score: 56.40 ± 39.51  |  actor_loss: -1.3440  cost_loss: 1.3586  q_loss: 0.1253  reward_max: 0.2238  reward_mean: -0.1438  reward_min: -6.5336  value_loss: 1.8687
Step:   160000  |  score: 108.53 ± 0.19  |  actor_loss: -1.7688  cost_loss: 1.3660  q_loss: 0.1422  reward_max: 0.1726  reward_mean: -0.0789  reward_min: -5.6695  value_loss: 2.2228
Step:   170000  |  score: 108.57 ± 0.47  |  actor_loss: -1.9381  cost_loss: 1.3529  q_loss: 0.1227  reward_max: 0.2453  reward_mean: -0.1486  reward_min: -6.4824  value_loss: 1.6474
Step:   180000  |  score: 98.08 ± 27.59  |  actor_loss: -1.7336  cost_loss: 1.3597  q_loss: 0.1446  reward_max: 0.1141  reward_mean: -0.1380  reward_min: -6.6903  value_loss: 1.7866
Step:   190000  |  score: 108.59 ± 0.59  |  actor_loss: -2.1061  cost_loss: 1.3660  q_loss: 0.1262  reward_max: 0.1842  reward_mean: -0.0893  reward_min: -6.5918  value_loss: 1.9293
Step:   200000  |  score: 108.85 ± 0.17  |  actor_loss: -1.7362  cost_loss: 1.3578  q_loss: 0.1631  reward_max: 0.1250  reward_mean: -0.1426  reward_min: -6.2682  value_loss: 1.9065
Step:   210000  |  score: 109.10 ± 0.16  |  actor_loss: -2.2340  cost_loss: 1.3684  q_loss: 0.0888  reward_max: 0.2515  reward_mean: -0.0636  reward_min: -6.6180  value_loss: 2.2559
Step:   220000  |  score: 108.43 ± 0.82  |  actor_loss: -1.5665  cost_loss: 1.3586  q_loss: 0.0997  reward_max: 0.2022  reward_mean: -0.1179  reward_min: -6.4060  value_loss: 1.8814
Step:   230000  |  score: 108.05 ± 0.84  |  actor_loss: -1.7469  cost_loss: 1.3525  q_loss: 0.2746  reward_max: 0.1797  reward_mean: -0.1542  reward_min: -6.4370  value_loss: 1.7231
Step:   240000  |  score: 76.35 ± 40.12  |  actor_loss: -2.0782  cost_loss: 1.3647  q_loss: 0.0383  reward_max: 0.1077  reward_mean: -0.0878  reward_min: -6.3147  value_loss: 2.1058
Step:   250000  |  score: 109.09 ± 0.35  |  actor_loss: -1.9827  cost_loss: 1.3609  q_loss: 0.1593  reward_max: 0.1154  reward_mean: -0.1190  reward_min: -6.4283  value_loss: 1.7732
Step:   260000  |  score: 66.33 ± 40.64  |  actor_loss: -1.9076  cost_loss: 1.3609  q_loss: 0.0709  reward_max: 0.2286  reward_mean: -0.1150  reward_min: -6.4982  value_loss: 1.9367
Step:   270000  |  score: 107.95 ± 0.30  |  actor_loss: -2.0383  cost_loss: 1.3641  q_loss: 0.1424  reward_max: 0.2712  reward_mean: -0.0925  reward_min: -6.5086  value_loss: 1.9940
Step:   280000  |  score: 108.13 ± 0.23  |  actor_loss: -2.1992  cost_loss: 1.3619  q_loss: 0.1300  reward_max: 0.1442  reward_mean: -0.1343  reward_min: -6.3696  value_loss: 1.9464
Step:   290000  |  score: 87.17 ± 35.50  |  actor_loss: -1.4881  cost_loss: 1.3556  q_loss: 0.0963  reward_max: 0.1396  reward_mean: -0.1606  reward_min: -6.6074  value_loss: 1.6013
Step:   300000  |  score: 108.54 ± 0.54  |  actor_loss: -1.5130  cost_loss: 1.3567  q_loss: 0.1284  reward_max: 0.3133  reward_mean: -0.1604  reward_min: -6.3781  value_loss: 1.7580
Step:   310000  |  score: 57.80 ± 39.72  |  actor_loss: -2.2562  cost_loss: 1.3609  q_loss: 0.1021  reward_max: 0.1322  reward_mean: -0.1093  reward_min: -6.2057  value_loss: 2.0242
Step:   320000  |  score: 109.13 ± 0.18  |  actor_loss: -1.5889  cost_loss: 1.3609  q_loss: 0.1025  reward_max: 0.1675  reward_mean: -0.1404  reward_min: -6.4488  value_loss: 1.6070
Step:   330000  |  score: 109.61 ± 0.23  |  actor_loss: -2.1577  cost_loss: 1.3535  q_loss: 0.2235  reward_max: 0.1412  reward_mean: -0.1703  reward_min: -6.5388  value_loss: 1.4778
Step:   340000  |  score: 108.61 ± 0.25  |  actor_loss: -1.9918  cost_loss: 1.3684  q_loss: 0.0504  reward_max: 0.2247  reward_mean: -0.0601  reward_min: -6.6976  value_loss: 2.1045
Step:   350000  |  score: 98.64 ± 27.34  |  actor_loss: -2.1377  cost_loss: 1.3678  q_loss: 0.0402  reward_max: 0.2676  reward_mean: -0.0894  reward_min: -6.5080  value_loss: 2.1387
Step:   360000  |  score: 108.49 ± 0.47  |  actor_loss: -1.0510  cost_loss: 1.3571  q_loss: 0.1200  reward_max: 0.2734  reward_mean: -0.1461  reward_min: -6.5594  value_loss: 1.7481
Step:   370000  |  score: 108.45 ± 0.70  |  actor_loss: -0.9825  cost_loss: 1.3669  q_loss: 0.0912  reward_max: 0.1139  reward_mean: -0.0555  reward_min: -6.4853  value_loss: 2.1653
Step:   380000  |  score: 98.33 ± 27.15  |  actor_loss: -1.8984  cost_loss: 1.3647  q_loss: 0.0505  reward_max: 0.1675  reward_mean: -0.0863  reward_min: -6.5849  value_loss: 1.8954
Step:   390000  |  score: 108.77 ± 0.42  |  actor_loss: -1.9747  cost_loss: 1.3633  q_loss: 0.1555  reward_max: 0.1106  reward_mean: -0.0889  reward_min: -6.4698  value_loss: 2.0463
Step:   400000  |  score: 108.18 ± 0.65  |  actor_loss: -1.6390  cost_loss: 1.3566  q_loss: 0.1126  reward_max: 0.2229  reward_mean: -0.1305  reward_min: -6.6250  value_loss: 1.7364
Step:   410000  |  score: 108.62 ± 0.69  |  actor_loss: -2.2822  cost_loss: 1.3693  q_loss: 0.0385  reward_max: 0.2035  reward_mean: -0.0519  reward_min: -6.3270  value_loss: 2.2154
Step:   420000  |  score: 108.92 ± 0.20  |  actor_loss: -2.2632  cost_loss: 1.3605  q_loss: 0.1114  reward_max: 0.2784  reward_mean: -0.1194  reward_min: -6.6328  value_loss: 1.9088
Step:   430000  |  score: 108.62 ± 0.85  |  actor_loss: -1.5458  cost_loss: 1.3704  q_loss: 0.0240  reward_max: 0.2691  reward_mean: -0.0596  reward_min: -6.4799  value_loss: 2.2472
Step:   440000  |  score: 109.31 ± 0.18  |  actor_loss: -0.4839  cost_loss: 1.3601  q_loss: 0.0584  reward_max: 0.1922  reward_mean: -0.1220  reward_min: -6.3826  value_loss: 1.8816
Step:   450000  |  score: 108.98 ± 0.15  |  actor_loss: -1.7768  cost_loss: 1.3453  q_loss: 0.0858  reward_max: 0.1090  reward_mean: -0.2295  reward_min: -6.2483  value_loss: 1.3210
Step:   460000  |  score: 107.91 ± 0.26  |  actor_loss: -1.7756  cost_loss: 1.3585  q_loss: 0.1042  reward_max: 0.2333  reward_mean: -0.1106  reward_min: -6.4537  value_loss: 1.8535
Step:   470000  |  score: 99.52 ± 23.69  |  actor_loss: -2.5695  cost_loss: 1.3696  q_loss: 0.0854  reward_max: 0.1861  reward_mean: -0.0510  reward_min: -6.1133  value_loss: 2.3473
Step:   480000  |  score: 108.35 ± 0.63  |  actor_loss: -1.3692  cost_loss: 1.3634  q_loss: 0.1165  reward_max: 0.1105  reward_mean: -0.1163  reward_min: -6.6064  value_loss: 2.1338
Step:   490000  |  score: 108.67 ± 0.46  |  actor_loss: -2.0764  cost_loss: 1.3623  q_loss: 0.0321  reward_max: 0.1640  reward_mean: -0.1324  reward_min: -6.3259  value_loss: 2.0070
Step:   500000  |  score: 109.33 ± 0.26  |  actor_loss: -2.1411  cost_loss: 1.3618  q_loss: 0.0442  reward_max: 0.2437  reward_mean: -0.1147  reward_min: -6.4650  value_loss: 1.9571
Step:   510000  |  score: 109.08 ± 0.27  |  actor_loss: -2.2502  cost_loss: 1.3635  q_loss: 0.0563  reward_max: 0.1381  reward_mean: -0.1013  reward_min: -6.5537  value_loss: 2.0910
Step:   520000  |  score: 108.40 ± 0.52  |  actor_loss: -1.7647  cost_loss: 1.3547  q_loss: 0.0991  reward_max: 0.1233  reward_mean: -0.1501  reward_min: -6.3696  value_loss: 1.6627
Step:   530000  |  score: 109.30 ± 0.13  |  actor_loss: -2.0343  cost_loss: 1.3673  q_loss: 0.0563  reward_max: 0.2829  reward_mean: -0.0772  reward_min: -6.6078  value_loss: 2.3699
Step:   540000  |  score: 108.59 ± 0.52  |  actor_loss: -1.3878  cost_loss: 1.3537  q_loss: 0.1558  reward_max: 0.2256  reward_mean: -0.1475  reward_min: -6.3403  value_loss: 1.6884
Step:   550000  |  score: 108.37 ± 0.96  |  actor_loss: -2.0953  cost_loss: 1.3689  q_loss: 0.0683  reward_max: 0.1348  reward_mean: -0.0638  reward_min: -6.5297  value_loss: 2.2314
Step:   560000  |  score: 109.13 ± 0.18  |  actor_loss: -1.9812  cost_loss: 1.3650  q_loss: 0.0703  reward_max: 0.1354  reward_mean: -0.0829  reward_min: -6.6360  value_loss: 1.9811
Step:   570000  |  score: 108.43 ± 0.42  |  actor_loss: -2.4117  cost_loss: 1.3685  q_loss: 0.0340  reward_max: 0.2390  reward_mean: -0.0706  reward_min: -6.4540  value_loss: 2.3289
Step:   580000  |  score: 108.23 ± 0.36  |  actor_loss: -2.2623  cost_loss: 1.3620  q_loss: 0.0693  reward_max: 0.1211  reward_mean: -0.1073  reward_min: -6.6463  value_loss: 1.9046
Step:   590000  |  score: 108.64 ± 0.43  |  actor_loss: -2.1433  cost_loss: 1.3667  q_loss: 0.0597  reward_max: 0.1133  reward_mean: -0.0620  reward_min: -6.0511  value_loss: 1.9733
Step:   600000  |  score: 108.35 ± 0.72  |  actor_loss: -2.2616  cost_loss: 1.3691  q_loss: 0.1319  reward_max: 0.1389  reward_mean: -0.0469  reward_min: -6.0194  value_loss: 2.2435
Step:   610000  |  score: 98.15 ± 27.93  |  actor_loss: -1.7039  cost_loss: 1.3544  q_loss: 0.0765  reward_max: 0.0942  reward_mean: -0.1657  reward_min: -6.5680  value_loss: 1.6107
Step:   620000  |  score: 108.61 ± 0.50  |  actor_loss: -2.0622  cost_loss: 1.3656  q_loss: 0.0772  reward_max: 0.1410  reward_mean: -0.0816  reward_min: -6.3564  value_loss: 2.1673
Step:   630000  |  score: 108.35 ± 0.52  |  actor_loss: -1.9474  cost_loss: 1.3613  q_loss: 0.0687  reward_max: 0.1537  reward_mean: -0.1453  reward_min: -6.5399  value_loss: 1.9298
Step:   640000  |  score: 108.09 ± 1.45  |  actor_loss: -1.9172  cost_loss: 1.3660  q_loss: 0.0500  reward_max: 0.1015  reward_mean: -0.0963  reward_min: -6.5756  value_loss: 2.0873
Step:   650000  |  score: 108.95 ± 0.35  |  actor_loss: -1.8915  cost_loss: 1.3652  q_loss: 0.0819  reward_max: 0.1686  reward_mean: -0.0909  reward_min: -6.2459  value_loss: 2.0087
Step:   660000  |  score: 108.66 ± 0.26  |  actor_loss: -2.5145  cost_loss: 1.3727  q_loss: 0.0371  reward_max: 0.1789  reward_mean: -0.0448  reward_min: -6.3735  value_loss: 2.4069
Step:   670000  |  score: 108.92 ± 0.32  |  actor_loss: -2.1746  cost_loss: 1.3593  q_loss: 0.0898  reward_max: 0.1744  reward_mean: -0.1205  reward_min: -6.2994  value_loss: 1.7860
Step:   680000  |  score: 109.42 ± 0.13  |  actor_loss: -1.8954  cost_loss: 1.3614  q_loss: 0.0615  reward_max: 0.1732  reward_mean: -0.1192  reward_min: -6.5569  value_loss: 1.9252
Step:   690000  |  score: 108.06 ± 0.70  |  actor_loss: -1.8067  cost_loss: 1.3629  q_loss: 0.1112  reward_max: 0.1710  reward_mean: -0.1127  reward_min: -6.7082  value_loss: 1.9569
Step:   700000  |  score: 108.43 ± 0.51  |  actor_loss: -2.1608  cost_loss: 1.3653  q_loss: 0.1119  reward_max: 0.1551  reward_mean: -0.0905  reward_min: -6.2809  value_loss: 2.1638
Step:   710000  |  score: 109.06 ± 0.18  |  actor_loss: -1.7587  cost_loss: 1.3555  q_loss: 0.0637  reward_max: 0.1915  reward_mean: -0.1713  reward_min: -6.3609  value_loss: 1.8170
Step:   720000  |  score: 98.75 ± 27.72  |  actor_loss: -2.2387  cost_loss: 1.3721  q_loss: 0.0689  reward_max: 0.3556  reward_mean: -0.0358  reward_min: -6.2916  value_loss: 2.5312
Step:   730000  |  score: 109.40 ± 0.23  |  actor_loss: -2.3921  cost_loss: 1.3674  q_loss: 0.0754  reward_max: 0.1793  reward_mean: -0.0856  reward_min: -6.5006  value_loss: 2.1756
Step:   740000  |  score: 89.97 ± 32.54  |  actor_loss: -1.8317  cost_loss: 1.3590  q_loss: 0.0525  reward_max: 0.1091  reward_mean: -0.1454  reward_min: -6.6467  value_loss: 2.0760
Step:   750000  |  score: 108.79 ± 0.11  |  actor_loss: -1.9814  cost_loss: 1.3546  q_loss: 0.0807  reward_max: 0.1255  reward_mean: -0.1757  reward_min: -6.3944  value_loss: 1.7250
Step:   760000  |  score: 108.07 ± 0.33  |  actor_loss: -2.1671  cost_loss: 1.3612  q_loss: 0.1375  reward_max: 0.1024  reward_mean: -0.1295  reward_min: -6.5625  value_loss: 1.9037
Step:   770000  |  score: 87.63 ± 35.20  |  actor_loss: -2.1152  cost_loss: 1.3592  q_loss: 0.1506  reward_max: 0.1527  reward_mean: -0.1155  reward_min: -6.5567  value_loss: 1.8959
Step:   780000  |  score: 99.37 ± 24.46  |  actor_loss: -1.9985  cost_loss: 1.3604  q_loss: 0.0606  reward_max: 0.1110  reward_mean: -0.1341  reward_min: -6.4992  value_loss: 1.8748
Step:   790000  |  score: 98.04 ± 27.39  |  actor_loss: -2.0193  cost_loss: 1.3615  q_loss: 0.0796  reward_max: 0.1414  reward_mean: -0.1214  reward_min: -6.2576  value_loss: 1.8074
Step:   800000  |  score: 98.85 ± 25.25  |  actor_loss: -2.1682  cost_loss: 1.3628  q_loss: 0.0577  reward_max: 0.3017  reward_mean: -0.1186  reward_min: -6.5383  value_loss: 2.0610
Step:   810000  |  score: 108.47 ± 0.93  |  actor_loss: -2.3907  cost_loss: 1.3625  q_loss: 0.0408  reward_max: 0.1313  reward_mean: -0.1164  reward_min: -6.5235  value_loss: 1.8786
Step:   820000  |  score: 108.59 ± 0.19  |  actor_loss: -2.0919  cost_loss: 1.3725  q_loss: 0.0477  reward_max: 0.2272  reward_mean: -0.0456  reward_min: -6.4477  value_loss: 2.3892
Step:   830000  |  score: 108.84 ± 0.41  |  actor_loss: -1.8146  cost_loss: 1.3528  q_loss: 0.0937  reward_max: 0.0955  reward_mean: -0.1721  reward_min: -6.3380  value_loss: 1.3059
Step:   840000  |  score: 108.21 ± 0.57  |  actor_loss: -2.2280  cost_loss: 1.3594  q_loss: 0.1422  reward_max: 0.1564  reward_mean: -0.1417  reward_min: -6.4465  value_loss: 1.7608
Step:   850000  |  score: 108.74 ± 0.21  |  actor_loss: -2.0290  cost_loss: 1.3578  q_loss: 0.0772  reward_max: 0.2316  reward_mean: -0.1721  reward_min: -6.5779  value_loss: 1.8663
Step:   860000  |  score: 107.50 ± 0.74  |  actor_loss: -1.7414  cost_loss: 1.3555  q_loss: 0.1391  reward_max: 0.1889  reward_mean: -0.1558  reward_min: -6.3845  value_loss: 1.5968
Step:   870000  |  score: 108.12 ± 0.55  |  actor_loss: -2.1628  cost_loss: 1.3635  q_loss: 0.1174  reward_max: 0.1469  reward_mean: -0.1094  reward_min: -6.5634  value_loss: 1.9011
Step:   880000  |  score: 108.02 ± 0.65  |  actor_loss: -2.0074  cost_loss: 1.3602  q_loss: 0.0988  reward_max: 0.1828  reward_mean: -0.1303  reward_min: -6.5144  value_loss: 1.9085
Step:   890000  |  score: 108.45 ± 0.54  |  actor_loss: -1.2703  cost_loss: 1.3679  q_loss: 0.0203  reward_max: 0.1252  reward_mean: -0.0661  reward_min: -6.3837  value_loss: 2.2903
Step:   900000  |  score: 108.65 ± 0.66  |  actor_loss: -2.1769  cost_loss: 1.3618  q_loss: 0.0579  reward_max: 0.1572  reward_mean: -0.1232  reward_min: -6.2442  value_loss: 1.7735
Step:   910000  |  score: 108.11 ± 0.58  |  actor_loss: -2.3080  cost_loss: 1.3638  q_loss: 0.0436  reward_max: 0.0903  reward_mean: -0.1001  reward_min: -6.4118  value_loss: 2.0054
Step:   920000  |  score: 108.24 ± 0.49  |  actor_loss: -2.0303  cost_loss: 1.3726  q_loss: 0.0489  reward_max: 0.2917  reward_mean: -0.0452  reward_min: -6.5526  value_loss: 2.3644
Step:   930000  |  score: 108.24 ± 0.70  |  actor_loss: -2.0092  cost_loss: 1.3669  q_loss: 0.3249  reward_max: 0.1077  reward_mean: -0.0758  reward_min: -6.4286  value_loss: 2.3868
Step:   940000  |  score: 108.20 ± 0.25  |  actor_loss: -2.3188  cost_loss: 1.3706  q_loss: 0.0400  reward_max: 0.1520  reward_mean: -0.0532  reward_min: -5.5979  value_loss: 2.2554
Step:   950000  |  score: 109.36 ± 0.14  |  actor_loss: -2.1778  cost_loss: 1.3628  q_loss: 0.0599  reward_max: 0.1742  reward_mean: -0.1237  reward_min: -6.6983  value_loss: 1.9637
Step:   960000  |  score: 107.98 ± 1.07  |  actor_loss: -2.2600  cost_loss: 1.3598  q_loss: 0.2890  reward_max: 0.1451  reward_mean: -0.1292  reward_min: -6.3114  value_loss: 2.0453
Step:   970000  |  score: 108.20 ± 0.56  |  actor_loss: -1.9896  cost_loss: 1.3541  q_loss: 0.0845  reward_max: 0.1594  reward_mean: -0.1584  reward_min: -6.3797  value_loss: 1.5011
Step:   980000  |  score: 109.15 ± 0.25  |  actor_loss: -2.3374  cost_loss: 1.3604  q_loss: 0.1306  reward_max: 0.0836  reward_mean: -0.1153  reward_min: -6.2360  value_loss: 2.0209
Step:   990000  |  score: 108.69 ± 0.59  |  actor_loss: -2.2763  cost_loss: 1.3608  q_loss: 0.1593  reward_max: 0.1404  reward_mean: -0.1248  reward_min: -6.5151  value_loss: 1.7878
Step:  1000000  |  score: 98.44 ± 28.60  |  actor_loss: -2.1678  cost_loss: 1.3618  q_loss: 0.0276  reward_max: 0.2397  reward_mean: -0.1207  reward_min: -6.3563  value_loss: 1.9314
Step:  1010000  |  score: 108.56 ± 0.25  |  actor_loss: -2.3271  cost_loss: 1.3601  q_loss: 0.0434  reward_max: 0.2197  reward_mean: -0.1329  reward_min: -6.4755  value_loss: 2.0814
Step:  1020000  |  score: 108.43 ± 0.49  |  actor_loss: -2.3320  cost_loss: 1.3627  q_loss: 0.0695  reward_max: 0.1653  reward_mean: -0.1142  reward_min: -6.5491  value_loss: 2.0928
Step:  1030000  |  score: 107.82 ± 1.45  |  actor_loss: -2.4115  cost_loss: 1.3643  q_loss: 0.0628  reward_max: 0.1959  reward_mean: -0.1154  reward_min: -6.5469  value_loss: 2.0010
Step:  1040000  |  score: 108.37 ± 0.34  |  actor_loss: -1.3920  cost_loss: 1.3529  q_loss: 0.0664  reward_max: 0.0925  reward_mean: -0.1794  reward_min: -6.4495  value_loss: 1.5893
Step:  1050000  |  score: 108.50 ± 0.37  |  actor_loss: -1.8543  cost_loss: 1.3581  q_loss: 0.0927  reward_max: 0.2248  reward_mean: -0.1493  reward_min: -6.3032  value_loss: 1.7464
Step:  1060000  |  score: 108.36 ± 0.41  |  actor_loss: -2.4330  cost_loss: 1.3698  q_loss: 0.0209  reward_max: 0.1358  reward_mean: -0.0657  reward_min: -6.5222  value_loss: 2.2536
Step:  1070000  |  score: 108.61 ± 0.38  |  actor_loss: -2.3600  cost_loss: 1.3524  q_loss: 0.1319  reward_max: 0.1414  reward_mean: -0.1732  reward_min: -6.3487  value_loss: 1.5200
Step:  1080000  |  score: 107.96 ± 0.23  |  actor_loss: -1.9811  cost_loss: 1.3584  q_loss: 0.0616  reward_max: 0.1641  reward_mean: -0.1339  reward_min: -6.4795  value_loss: 1.7716
Step:  1090000  |  score: 108.52 ± 0.34  |  actor_loss: -1.9337  cost_loss: 1.3562  q_loss: 0.1118  reward_max: 0.1389  reward_mean: -0.1545  reward_min: -6.5551  value_loss: 1.5170
Step:  1100000  |  score: 108.89 ± 0.50  |  actor_loss: -2.3439  cost_loss: 1.3613  q_loss: 0.0487  reward_max: 0.2506  reward_mean: -0.1375  reward_min: -6.4028  value_loss: 2.0258
Step:  1110000  |  score: 107.82 ± 1.10  |  actor_loss: -1.8107  cost_loss: 1.3608  q_loss: 0.0456  reward_max: 0.0974  reward_mean: -0.1317  reward_min: -6.5052  value_loss: 2.0002
Step:  1120000  |  score: 108.00 ± 0.20  |  actor_loss: -2.1537  cost_loss: 1.3705  q_loss: 0.0248  reward_max: 0.1342  reward_mean: -0.0638  reward_min: -6.4741  value_loss: 2.3441
Step:  1130000  |  score: 108.39 ± 0.48  |  actor_loss: -2.1867  cost_loss: 1.3663  q_loss: 0.0423  reward_max: 0.2574  reward_mean: -0.0883  reward_min: -6.3112  value_loss: 2.2576
Step:  1140000  |  score: 108.77 ± 0.13  |  actor_loss: -2.1984  cost_loss: 1.3560  q_loss: 0.0400  reward_max: 0.1434  reward_mean: -0.1480  reward_min: -6.3826  value_loss: 1.7283
Step:  1150000  |  score: 108.02 ± 0.89  |  actor_loss: -2.5137  cost_loss: 1.3645  q_loss: 0.2548  reward_max: 0.1604  reward_mean: -0.0956  reward_min: -6.3900  value_loss: 2.0803
Step:  1160000  |  score: 108.87 ± 0.23  |  actor_loss: -2.2877  cost_loss: 1.3499  q_loss: 0.1320  reward_max: 0.1597  reward_mean: -0.2023  reward_min: -6.5302  value_loss: 1.5311
Step:  1170000  |  score: 108.76 ± 0.73  |  actor_loss: -1.8937  cost_loss: 1.3587  q_loss: 0.0695  reward_max: 0.1906  reward_mean: -0.1345  reward_min: -6.4123  value_loss: 1.7719
Step:  1180000  |  score: 108.82 ± 0.22  |  actor_loss: -2.4375  cost_loss: 1.3728  q_loss: 0.0181  reward_max: 0.0980  reward_mean: -0.0427  reward_min: -6.5245  value_loss: 2.3936
Step:  1190000  |  score: 108.72 ± 0.82  |  actor_loss: -2.0789  cost_loss: 1.3595  q_loss: 0.0741  reward_max: 0.1286  reward_mean: -0.1423  reward_min: -6.3634  value_loss: 1.9774
Step:  1200000  |  score: 108.69 ± 0.25  |  actor_loss: -2.0959  cost_loss: 1.3618  q_loss: 0.0954  reward_max: 0.0864  reward_mean: -0.1172  reward_min: -6.7012  value_loss: 2.0064
Step:  1210000  |  score: 108.59 ± 0.41  |  actor_loss: -2.3105  cost_loss: 1.3520  q_loss: 0.1003  reward_max: 0.1976  reward_mean: -0.1748  reward_min: -6.4831  value_loss: 1.5558
Step:  1220000  |  score: 108.28 ± 0.53  |  actor_loss: -1.8481  cost_loss: 1.3561  q_loss: 0.1508  reward_max: 0.0786  reward_mean: -0.1618  reward_min: -6.5520  value_loss: 1.8017
Step:  1230000  |  score: 97.99 ± 26.73  |  actor_loss: -2.1007  cost_loss: 1.3586  q_loss: 0.0968  reward_max: 0.1562  reward_mean: -0.1504  reward_min: -6.4056  value_loss: 1.6453
Step:  1240000  |  score: 108.92 ± 0.27  |  actor_loss: -2.0812  cost_loss: 1.3571  q_loss: 0.0833  reward_max: 0.2402  reward_mean: -0.1599  reward_min: -6.4692  value_loss: 1.9239
Step:  1250000  |  score: 108.08 ± 0.81  |  actor_loss: -2.2681  cost_loss: 1.3621  q_loss: 0.0497  reward_max: 0.1908  reward_mean: -0.1260  reward_min: -6.5134  value_loss: 1.8826
Step:  1260000  |  score: 98.08 ± 25.09  |  actor_loss: -1.9910  cost_loss: 1.3597  q_loss: 0.0661  reward_max: 0.2498  reward_mean: -0.1200  reward_min: -6.5637  value_loss: 1.8467
Step:  1270000  |  score: 108.16 ± 0.48  |  actor_loss: -2.1133  cost_loss: 1.3649  q_loss: 0.0444  reward_max: 0.2318  reward_mean: -0.0924  reward_min: -6.4755  value_loss: 2.0812
Step:  1280000  |  score: 108.01 ± 0.39  |  actor_loss: -1.9414  cost_loss: 1.3605  q_loss: 0.0768  reward_max: 0.1160  reward_mean: -0.1302  reward_min: -6.3671  value_loss: 1.8091
Step:  1290000  |  score: 109.40 ± 0.29  |  actor_loss: -1.9623  cost_loss: 1.3638  q_loss: 0.0633  reward_max: 0.1737  reward_mean: -0.1050  reward_min: -6.5679  value_loss: 1.9223
Step:  1300000  |  score: 108.12 ± 0.79  |  actor_loss: -1.9576  cost_loss: 1.3595  q_loss: 0.1035  reward_max: 0.1393  reward_mean: -0.1147  reward_min: -6.3962  value_loss: 1.6752
Step:  1310000  |  score: 108.22 ± 0.33  |  actor_loss: -2.1539  cost_loss: 1.3676  q_loss: 0.0704  reward_max: 0.1167  reward_mean: -0.0594  reward_min: -6.2959  value_loss: 2.3087
Step:  1320000  |  score: 98.56 ± 26.95  |  actor_loss: -1.9732  cost_loss: 1.3556  q_loss: 0.0840  reward_max: 0.1618  reward_mean: -0.1621  reward_min: -6.4416  value_loss: 1.7313
Step:  1330000  |  score: 108.14 ± 0.41  |  actor_loss: -2.2659  cost_loss: 1.3635  q_loss: 0.0431  reward_max: 0.0785  reward_mean: -0.1122  reward_min: -6.5169  value_loss: 2.1450
Step:  1340000  |  score: 108.32 ± 1.03  |  actor_loss: -2.1410  cost_loss: 1.3549  q_loss: 0.0507  reward_max: 0.0811  reward_mean: -0.1673  reward_min: -6.3292  value_loss: 1.7240
Step:  1350000  |  score: 108.35 ± 0.22  |  actor_loss: -2.3149  cost_loss: 1.3604  q_loss: 0.0924  reward_max: 0.2621  reward_mean: -0.1386  reward_min: -6.3626  value_loss: 1.8539
Step:  1360000  |  score: 109.07 ± 0.27  |  actor_loss: -1.7994  cost_loss: 1.3595  q_loss: 0.0690  reward_max: 0.0944  reward_mean: -0.1224  reward_min: -6.4714  value_loss: 1.9109
Step:  1370000  |  score: 108.68 ± 0.34  |  actor_loss: -1.9924  cost_loss: 1.3566  q_loss: 0.0333  reward_max: 0.0875  reward_mean: -0.1529  reward_min: -6.3891  value_loss: 1.6545
Step:  1380000  |  score: 108.74 ± 0.45  |  actor_loss: -2.0786  cost_loss: 1.3664  q_loss: 0.0405  reward_max: 0.1078  reward_mean: -0.0810  reward_min: -6.6308  value_loss: 2.2365
Step:  1390000  |  score: 107.47 ± 1.83  |  actor_loss: -2.4570  cost_loss: 1.3593  q_loss: 0.2415  reward_max: 0.1079  reward_mean: -0.1413  reward_min: -6.5192  value_loss: 2.0540
Step:  1400000  |  score: 108.77 ± 0.34  |  actor_loss: -2.1986  cost_loss: 1.3651  q_loss: 0.0389  reward_max: 0.1441  reward_mean: -0.0927  reward_min: -6.4231  value_loss: 2.5130
Step:  1410000  |  score: 109.05 ± 0.11  |  actor_loss: -2.1277  cost_loss: 1.3566  q_loss: 0.0859  reward_max: 0.1756  reward_mean: -0.1604  reward_min: -6.6495  value_loss: 1.5346
Step:  1420000  |  score: 108.26 ± 0.25  |  actor_loss: -2.5836  cost_loss: 1.3561  q_loss: 0.0714  reward_max: 0.1525  reward_mean: -0.1783  reward_min: -6.4918  value_loss: 1.8325
Step:  1430000  |  score: 108.63 ± 0.38  |  actor_loss: -2.0959  cost_loss: 1.3596  q_loss: 0.0504  reward_max: 0.1652  reward_mean: -0.1326  reward_min: -6.3718  value_loss: 1.7870
Step:  1440000  |  score: 108.38 ± 0.66  |  actor_loss: -2.2233  cost_loss: 1.3670  q_loss: 0.0627  reward_max: 0.2358  reward_mean: -0.0698  reward_min: -5.8794  value_loss: 2.0359
Step:  1450000  |  score: 107.93 ± 0.61  |  actor_loss: -2.3855  cost_loss: 1.3608  q_loss: 0.0630  reward_max: 0.1134  reward_mean: -0.1254  reward_min: -6.4585  value_loss: 1.8256
Step:  1460000  |  score: 107.67 ± 1.10  |  actor_loss: -1.9962  cost_loss: 1.3691  q_loss: 0.0437  reward_max: 0.2188  reward_mean: -0.0778  reward_min: -6.3912  value_loss: 2.0746
Step:  1470000  |  score: 108.33 ± 0.09  |  actor_loss: -1.8449  cost_loss: 1.3505  q_loss: 0.1167  reward_max: 0.1145  reward_mean: -0.1912  reward_min: -6.4892  value_loss: 1.3511
Step:  1480000  |  score: 108.73 ± 0.30  |  actor_loss: -2.4423  cost_loss: 1.3663  q_loss: 0.0355  reward_max: 0.1090  reward_mean: -0.0920  reward_min: -6.3648  value_loss: 2.0686
Step:  1490000  |  score: 97.93 ± 26.61  |  actor_loss: -2.3027  cost_loss: 1.3642  q_loss: 0.0419  reward_max: 0.1806  reward_mean: -0.1032  reward_min: -6.2023  value_loss: 1.9973
Step:  1500000  |  score: 108.99 ± 0.22  |  actor_loss: -2.3781  cost_loss: 1.3637  q_loss: 0.0701  reward_max: 0.1387  reward_mean: -0.1160  reward_min: -6.5722  value_loss: 2.0569
Step:  1510000  |  score: 109.00 ± 0.24  |  actor_loss: -2.0314  cost_loss: 1.3486  q_loss: 0.1818  reward_max: 0.1205  reward_mean: -0.2295  reward_min: -6.4680  value_loss: 1.6007
Step:  1520000  |  score: 107.32 ± 1.33  |  actor_loss: -1.8864  cost_loss: 1.3676  q_loss: 0.0610  reward_max: 0.2986  reward_mean: -0.0828  reward_min: -6.3342  value_loss: 2.3290
Step:  1530000  |  score: 89.07 ± 34.00  |  actor_loss: -2.4847  cost_loss: 1.3664  q_loss: 0.0655  reward_max: 0.1828  reward_mean: -0.0851  reward_min: -5.8555  value_loss: 2.1165
Step:  1540000  |  score: 108.65 ± 0.49  |  actor_loss: -2.0142  cost_loss: 1.3550  q_loss: 0.0540  reward_max: 0.1675  reward_mean: -0.1545  reward_min: -6.4582  value_loss: 1.4617
Step:  1550000  |  score: 108.29 ± 0.63  |  actor_loss: -1.9711  cost_loss: 1.3671  q_loss: 0.0554  reward_max: 0.1634  reward_mean: -0.0727  reward_min: -6.4189  value_loss: 2.4363
Step:  1560000  |  score: 108.21 ± 0.33  |  actor_loss: -1.9743  cost_loss: 1.3552  q_loss: 0.0544  reward_max: 0.1941  reward_mean: -0.1815  reward_min: -6.5374  value_loss: 1.6691
Step:  1570000  |  score: 108.31 ± 0.46  |  actor_loss: -1.7565  cost_loss: 1.3568  q_loss: 0.0917  reward_max: 0.1103  reward_mean: -0.1298  reward_min: -6.4800  value_loss: 1.8784
Step:  1580000  |  score: 108.35 ± 0.14  |  actor_loss: -2.2326  cost_loss: 1.3686  q_loss: 0.0396  reward_max: 0.1357  reward_mean: -0.0630  reward_min: -6.5705  value_loss: 2.2702
Step:  1590000  |  score: 108.78 ± 0.20  |  actor_loss: -1.9350  cost_loss: 1.3642  q_loss: 0.0467  reward_max: 0.1458  reward_mean: -0.1059  reward_min: -6.5093  value_loss: 1.9500
Step:  1600000  |  score: 107.92 ± 0.77  |  actor_loss: -2.0225  cost_loss: 1.3568  q_loss: 0.0581  reward_max: 0.0999  reward_mean: -0.1471  reward_min: -6.4728  value_loss: 1.8428
Step:  1610000  |  score: 108.08 ± 0.45  |  actor_loss: -2.3560  cost_loss: 1.3694  q_loss: 0.0428  reward_max: 0.1140  reward_mean: -0.0629  reward_min: -6.4639  value_loss: 2.2790
Step:  1620000  |  score: 107.33 ± 1.25  |  actor_loss: -1.8060  cost_loss: 1.3460  q_loss: 0.1407  reward_max: 0.1457  reward_mean: -0.2034  reward_min: -6.5903  value_loss: 1.3618
Step:  1630000  |  score: 108.10 ± 0.87  |  actor_loss: -2.5511  cost_loss: 1.3597  q_loss: 0.1171  reward_max: 0.1236  reward_mean: -0.1239  reward_min: -6.2865  value_loss: 1.8497
Step:  1640000  |  score: 107.88 ± 0.62  |  actor_loss: -2.3884  cost_loss: 1.3595  q_loss: 0.0708  reward_max: 0.0911  reward_mean: -0.1414  reward_min: -6.3476  value_loss: 1.9199
Step:  1650000  |  score: 109.12 ± 0.20  |  actor_loss: -1.8655  cost_loss: 1.3647  q_loss: 0.0750  reward_max: 0.1065  reward_mean: -0.0895  reward_min: -6.5657  value_loss: 2.2284
Step:  1660000  |  score: 107.96 ± 0.87  |  actor_loss: -2.1566  cost_loss: 1.3625  q_loss: 0.0595  reward_max: 0.1158  reward_mean: -0.1136  reward_min: -6.5543  value_loss: 2.1494
Step:  1670000  |  score: 108.54 ± 0.49  |  actor_loss: -2.1793  cost_loss: 1.3578  q_loss: 0.0720  reward_max: 0.1726  reward_mean: -0.1533  reward_min: -6.4611  value_loss: 1.6550
Step:  1680000  |  score: 108.40 ± 0.18  |  actor_loss: -1.7586  cost_loss: 1.3520  q_loss: 0.0696  reward_max: 0.1038  reward_mean: -0.2002  reward_min: -6.5617  value_loss: 1.6625
Step:  1690000  |  score: 109.05 ± 0.46  |  actor_loss: -2.2680  cost_loss: 1.3615  q_loss: 0.0932  reward_max: 0.1051  reward_mean: -0.1270  reward_min: -6.4336  value_loss: 1.9804
Step:  1700000  |  score: 108.53 ± 1.00  |  actor_loss: -2.4170  cost_loss: 1.3635  q_loss: 0.0358  reward_max: 0.1784  reward_mean: -0.1002  reward_min: -6.4389  value_loss: 2.1620
Step:  1710000  |  score: 108.66 ± 0.27  |  actor_loss: -2.4634  cost_loss: 1.3655  q_loss: 0.0397  reward_max: 0.2004  reward_mean: -0.0854  reward_min: -6.4425  value_loss: 2.0043
Step:  1720000  |  score: 108.64 ± 0.39  |  actor_loss: -1.8079  cost_loss: 1.3511  q_loss: 0.1238  reward_max: 0.1689  reward_mean: -0.2068  reward_min: -6.5232  value_loss: 1.5764
Step:  1730000  |  score: 107.48 ± 1.80  |  actor_loss: -2.1935  cost_loss: 1.3620  q_loss: 0.0458  reward_max: 0.1121  reward_mean: -0.1089  reward_min: -6.4326  value_loss: 1.9785
Step:  1740000  |  score: 108.70 ± 0.19  |  actor_loss: -2.1406  cost_loss: 1.3569  q_loss: 0.0468  reward_max: 0.1959  reward_mean: -0.1561  reward_min: -6.4395  value_loss: 1.7418
Step:  1750000  |  score: 108.49 ± 1.10  |  actor_loss: -2.1930  cost_loss: 1.3589  q_loss: 0.0586  reward_max: 0.1518  reward_mean: -0.1410  reward_min: -6.4844  value_loss: 1.8747
Step:  1760000  |  score: 107.94 ± 0.46  |  actor_loss: -2.1532  cost_loss: 1.3619  q_loss: 0.1250  reward_max: 0.2298  reward_mean: -0.1261  reward_min: -6.5256  value_loss: 1.9536
Step:  1770000  |  score: 108.66 ± 0.40  |  actor_loss: -1.7921  cost_loss: 1.3530  q_loss: 0.1184  reward_max: 0.0996  reward_mean: -0.1842  reward_min: -6.5221  value_loss: 1.7070
Step:  1780000  |  score: 109.11 ± 0.54  |  actor_loss: -2.2304  cost_loss: 1.3675  q_loss: 0.0357  reward_max: 0.1570  reward_mean: -0.0834  reward_min: -6.4912  value_loss: 2.1788
Step:  1790000  |  score: 108.65 ± 0.55  |  actor_loss: -2.2100  cost_loss: 1.3628  q_loss: 0.0921  reward_max: 0.1406  reward_mean: -0.1213  reward_min: -6.5805  value_loss: 1.8761
Step:  1800000  |  score: 107.78 ± 1.38  |  actor_loss: -2.0548  cost_loss: 1.3605  q_loss: 0.0532  reward_max: 0.1572  reward_mean: -0.1181  reward_min: -6.6156  value_loss: 1.7757
Step:  1810000  |  score: 108.51 ± 0.41  |  actor_loss: -2.4104  cost_loss: 1.3613  q_loss: 0.0814  reward_max: 0.1853  reward_mean: -0.1213  reward_min: -6.4773  value_loss: 1.7542
Step:  1820000  |  score: 108.65 ± 0.28  |  actor_loss: -2.3654  cost_loss: 1.3624  q_loss: 0.0694  reward_max: 0.1304  reward_mean: -0.1052  reward_min: -6.4955  value_loss: 1.9641
Step:  1830000  |  score: 108.78 ± 0.31  |  actor_loss: -2.0029  cost_loss: 1.3548  q_loss: 0.0610  reward_max: 0.1328  reward_mean: -0.1640  reward_min: -6.5738  value_loss: 1.5814
Step:  1840000  |  score: 107.88 ± 0.72  |  actor_loss: -1.7539  cost_loss: 1.3610  q_loss: 0.0798  reward_max: 0.1224  reward_mean: -0.1174  reward_min: -6.4724  value_loss: 2.0694
Step:  1850000  |  score: 109.10 ± 0.22  |  actor_loss: -2.5751  cost_loss: 1.3661  q_loss: 0.0938  reward_max: 0.2579  reward_mean: -0.0791  reward_min: -6.4216  value_loss: 2.1295
Step:  1860000  |  score: 108.86 ± 0.64  |  actor_loss: -2.4541  cost_loss: 1.3632  q_loss: 0.0778  reward_max: 0.0895  reward_mean: -0.1043  reward_min: -6.4771  value_loss: 1.9098
Step:  1870000  |  score: 108.76 ± 0.24  |  actor_loss: -1.9607  cost_loss: 1.3553  q_loss: 0.0917  reward_max: 0.3207  reward_mean: -0.1626  reward_min: -6.4275  value_loss: 1.5981
Step:  1880000  |  score: 108.67 ± 0.40  |  actor_loss: -1.6722  cost_loss: 1.3432  q_loss: 0.1223  reward_max: 0.1538  reward_mean: -0.2543  reward_min: -6.4940  value_loss: 0.8648
Step:  1890000  |  score: 108.52 ± 0.39  |  actor_loss: -2.3410  cost_loss: 1.3611  q_loss: 0.2215  reward_max: 0.1912  reward_mean: -0.1020  reward_min: -6.4247  value_loss: 1.9796
Step:  1900000  |  score: 108.46 ± 0.34  |  actor_loss: -2.3479  cost_loss: 1.3633  q_loss: 0.1032  reward_max: 0.1051  reward_mean: -0.1212  reward_min: -6.4112  value_loss: 1.9192
Step:  1910000  |  score: 109.02 ± 0.36  |  actor_loss: -2.0652  cost_loss: 1.3650  q_loss: 0.0626  reward_max: 0.1399  reward_mean: -0.0944  reward_min: -6.6388  value_loss: 2.1660
Step:  1920000  |  score: 107.98 ± 0.81  |  actor_loss: -2.4331  cost_loss: 1.3538  q_loss: 0.1534  reward_max: 0.2538  reward_mean: -0.1626  reward_min: -6.5024  value_loss: 1.6485
Step:  1930000  |  score: 108.59 ± 0.23  |  actor_loss: -2.3394  cost_loss: 1.3623  q_loss: 0.0488  reward_max: 0.1302  reward_mean: -0.1213  reward_min: -6.3829  value_loss: 1.9606
Step:  1940000  |  score: 109.29 ± 0.25  |  actor_loss: -2.3387  cost_loss: 1.3609  q_loss: 0.0315  reward_max: 0.1274  reward_mean: -0.1203  reward_min: -6.5244  value_loss: 1.9470
Step:  1950000  |  score: 108.68 ± 0.44  |  actor_loss: -2.1304  cost_loss: 1.3602  q_loss: 0.0563  reward_max: 0.1148  reward_mean: -0.1252  reward_min: -6.3889  value_loss: 1.8831
Step:  1960000  |  score: 108.29 ± 0.67  |  actor_loss: -2.1780  cost_loss: 1.3585  q_loss: 0.0633  reward_max: 0.1927  reward_mean: -0.1346  reward_min: -6.6593  value_loss: 1.9668
Step:  1970000  |  score: 108.46 ± 0.32  |  actor_loss: -2.0809  cost_loss: 1.3587  q_loss: 0.0799  reward_max: 0.1980  reward_mean: -0.1534  reward_min: -6.5411  value_loss: 1.7737
Step:  1980000  |  score: 107.38 ± 1.38  |  actor_loss: -2.4394  cost_loss: 1.3661  q_loss: 0.0691  reward_max: 0.1602  reward_mean: -0.0725  reward_min: -6.5595  value_loss: 2.0637
Step:  1990000  |  score: 108.64 ± 0.54  |  actor_loss: -2.2413  cost_loss: 1.3620  q_loss: 0.0396  reward_max: 0.1823  reward_mean: -0.1280  reward_min: -6.5102  value_loss: 1.8556
Step:  2000000  |  score: 108.41 ± 0.65  |  actor_loss: -2.3021  cost_loss: 1.3648  q_loss: 0.0406  reward_max: 0.1231  reward_mean: -0.0900  reward_min: -6.5571  value_loss: 2.0681
Final evaluation (13 iterations)...
Final score: 108.63 ± 0.74
wandb: WARNING Symlinked 1 file into the W&B run directory; call wandb.save again to sync new files.
wandb: updating run metadata
wandb: uploading config.yaml; uploading final_returns/bdemodice_walker2d-expert-v2_2026-03-18_18-16-38.npz; uploading output.log; uploading wandb-summary.json
wandb: uploading config.yaml; uploading final_returns/bdemodice_walker2d-expert-v2_2026-03-18_18-16-38.npz; uploading output.log
wandb: uploading summary, console lines 214-215
wandb: 
wandb: Run history:
wandb:  actor_loss ▃█▅▆▇▄▇█▄▃▆▄▄▃▂▂▂▅▃▃▂▃▄▄▄▃▄▁▄▄▄▄▄▃▂▄▂▅▄▂
wandb:   cost_loss ▄▆▅▆▅▅▄▄▅▇▇▆▅▇▆▆█▆▄█▆█▅▅▅▅▅▇▅▇▇▆▂▃▆▆▁▅▄▆
wandb: num_updates ▁▁▁▁▁▁▂▂▂▂▂▃▃▃▃▃▄▄▄▄▄▄▄▄▅▆▆▆▆▆▆▇▇▇▇▇▇███
wandb:      q_loss ▇▄▄▄▅█▁▃▂▁▂▂▅▃▅▃▆▂▂▁▂▃▃▂▃▃▂▁▁▁▁▁▂▁▄▄▃▃▄▅
wandb:      return ▁█████████▆█████████▆██▆████████████████
wandb:  reward_max ▂█▃▅▂▄▂▄▇▂▆▅▅▁▃▃▄▅▅▁▂▆▃▃▄▃▅▄▂▃▆▅▇▃▂▂▁▄▄▁
wandb: reward_mean █▇▅▅▃▆▄▄▆▆▄▃▂▃▄▆▆▄▂▃▃▂▂▄▄▃▅▂▃▆▅▃▆▁▄▁▂▄▂▅
wandb:  reward_min ▇▆▄▄█▂▃▃▂▂▂▁▂▄▃▃▂▃▂▂▃▄▁▄▂▂▃▄▂▃▇▂▄▂▂▂▃▂▁▁
wandb:       score ▁▅▃█████████▄▇██████████▇███████████████
wandb:   score_std ▃▁▁▁▁▁█▁▅▁▁▁▁▁▁▁▁▁▁▁▁▁▁▁▁▁▁▁▁▁▁▁▁▁▁▁▁▁▁▁
wandb:          +1 ...
wandb: 
wandb: Run summary:
wandb:  actor_loss -2.30208
wandb:   cost_loss 1.36482
wandb: num_updates 2000000
wandb:      q_loss 0.04056
wandb:      return 4978.59232
wandb:  reward_max 0.12307
wandb: reward_mean -0.09
wandb:  reward_min -6.55708
wandb:       score 108.41472
wandb:   score_std 0.65057
wandb:          +1 ...
wandb: 
wandb: 🚀 View run bdemodice_walker2d_M3_s3 at: https://wandb.ai/wsk208/DemoDICE/runs/841ygdyn
wandb: ⭐️ View project at: https://wandb.ai/wsk208/DemoDICE
wandb: Synced 5 W&B file(s), 0 media file(s), 0 artifact file(s) and 1 other file(s)
wandb: Find logs at: ./wandb/run-20260318_175127-841ygdyn/logs
