Warning: All of online environments libraries in D4RL have been moved ]8;;https://github.com/Farama-Foundation/Gymnasium\Gymnasium]8;;\, ]8;;https://github.com/Farama-Foundation/MiniGrid\MiniGrid]8;;\ and ]8;;https://github.com/Farama-Foundation/Gymnasium-Robotics\Gymnasium-Robotics]8;;\, and all offline datasets in D4RL have been moved to ]8;;https://github.com/Farama-Foundation/Minari\Minari]8;;\.
These new versions include large bug fixes, new versions of Python, and are where all new development will continue. Please upgrade these libraries as soon as you're able to do so.
If you'd like to read more about the story behind this switch, please check out ]8;;https://farama.org/Announcing-Minari\this blog post]8;;\.
Gym has been unmaintained since 2022 and does not support NumPy 2.0 amongst other critical functionality.
Please upgrade to Gymnasium, the maintained drop-in replacement of Gym, or contact the authors of your software and request that they upgrade.
See the migration guide at https://gymnasium.farama.org/introduction/migration_guide/ for additional information.
/opt/venv/lib/python3.10/site-packages/Cython/Distutils/old_build_ext.py:15: DeprecationWarning: dep_util is Deprecated. Use functions from setuptools instead.
  from distutils.dep_util import newer, newer_group
<frozen importlib._bootstrap>:283: DeprecationWarning: the load_module() method is deprecated and slated for removal in Python 3.12; use exec_module() instead
pybullet build time: Jan 29 2025 23:16:28
wandb: [wandb.login()] Loaded credentials for https://api.wandb.ai from /root/.netrc.
wandb: Currently logged in as: wsk208 to https://api.wandb.ai. Use `wandb login --relogin` to force relogin
/opt/venv/lib/python3.10/site-packages/wandb/analytics/sentry.py:268: DeprecationWarning: Read the `app_url` setting from the appropriate Settings object.
  app_url = wandb.util.app_url(tags["base_url"])  # type: ignore[index]
/opt/venv/lib/python3.10/site-packages/wandb/analytics/sentry.py:279: DeprecationWarning: The `Scope.user` setter is deprecated in favor of `Scope.set_user()`.
  self.scope.user = {"email": email}
wandb: setting up run ndhxtgzc
/opt/venv/lib/python3.10/site-packages/wandb/analytics/sentry.py:268: DeprecationWarning: Read the `app_url` setting from the appropriate Settings object.
  app_url = wandb.util.app_url(tags["base_url"])  # type: ignore[index]
/opt/venv/lib/python3.10/site-packages/wandb/analytics/sentry.py:279: DeprecationWarning: The `Scope.user` setter is deprecated in favor of `Scope.set_user()`.
  self.scope.user = {"email": email}
wandb: Tracking run with wandb version 0.25.1
wandb: Run data is saved locally in /app/wandb/run-20260319_002620-ndhxtgzc
wandb: Run `wandb offline` to turn off syncing.
wandb: Syncing run bdemodice_halfcheetah_M2_s2
wandb: ⭐️ View project at https://wandb.ai/wsk208/DemoDICE
wandb: 🚀 View run at https://wandb.ai/wsk208/DemoDICE/runs/ndhxtgzc
/opt/venv/lib/python3.10/site-packages/gym/spaces/box.py:84: UserWarning: [33mWARN: Box bound precision lowered by casting to float32[0m
  logger.warn(f"Box bound precision lowered by casting to {self.dtype}")
load datafile:   0%|          | 0/21 [00:00<?, ?it/s]load datafile:   5%|▍         | 1/21 [00:00<00:03,  5.69it/s]load datafile:  14%|█▍        | 3/21 [00:00<00:03,  5.21it/s]load datafile:  19%|█▉        | 4/21 [00:00<00:04,  3.95it/s]load datafile:  81%|████████  | 17/21 [00:01<00:00, 15.27it/s]load datafile:  90%|█████████ | 19/21 [00:01<00:00, 10.63it/s]load datafile: 100%|██████████| 21/21 [00:01<00:00, 11.01it/s]
Expert  :  999000 transitions  (halfcheetah-expert-v2, 400 traj)
load datafile:   0%|          | 0/9 [00:00<?, ?it/s]load datafile:  11%|█         | 1/9 [00:00<00:01,  6.40it/s]load datafile:  33%|███▎      | 3/9 [00:00<00:01,  5.58it/s]load datafile:  44%|████▍     | 4/9 [00:00<00:01,  4.13it/s]load datafile:  56%|█████▌    | 5/9 [00:01<00:01,  3.16it/s]load datafile:  67%|██████▋   | 6/9 [00:01<00:01,  2.75it/s]load datafile: 100%|██████████| 9/9 [00:01<00:00,  4.86it/s]
Imperfect:  999000 transitions  (halfcheetah-random-v2, 400 traj)
Union   : 1998000 transitions total
/root/.local/share/uv/python/cpython-3.10-linux-x86_64-gnu/lib/python3.10/multiprocessing/popen_fork.py:66: RuntimeWarning: os.fork() was called. os.fork() is incompatible with multithreaded code, and JAX is multithreaded, so this will likely lead to a deadlock.
  self.pid = os.fork()
/opt/venv/lib/python3.10/site-packages/tensorflow_probability/python/internal/backend/jax/ops.py:681: DeprecationWarning: jax.interpreters.xla.pytype_aval_mappings is deprecated.
  jax.interpreters.xla.pytype_aval_mappings[onp.ndarray])
/opt/venv/lib/python3.10/site-packages/gym/spaces/box.py:84: UserWarning: [33mWARN: Box bound precision lowered by casting to float32[0m
  logger.warn(f"Box bound precision lowered by casting to {self.dtype}")
Step:    10000  |  score: 2.20 ± 0.00  |  actor_loss: 4.0703  cost_loss: 0.9949  q_loss: 5.2664  reward_max: 1.1025  reward_mean: -1.6187  reward_min: -6.4355  value_loss: -6.8158
Step:    20000  |  score: 2.16 ± 0.01  |  actor_loss: 3.0778  cost_loss: 0.9317  q_loss: 3.9553  reward_max: 0.8619  reward_mean: -2.0200  reward_min: -6.2811  value_loss: -0.6226
Step:    30000  |  score: 2.25 ± 0.63  |  actor_loss: 1.3930  cost_loss: 0.9639  q_loss: 3.6899  reward_max: 1.0835  reward_mean: -1.9749  reward_min: -6.5063  value_loss: 11.6912
Step:    40000  |  score: 2.29 ± 0.52  |  actor_loss: 29.7610  cost_loss: 0.9555  q_loss: 16.0590  reward_max: 1.0297  reward_mean: -1.9891  reward_min: -6.6032  value_loss: 2154.6816
Step:    50000  |  score: 2.20 ± 0.01  |  actor_loss: 101.2452  cost_loss: 0.9823  q_loss: 23.0916  reward_max: 1.0468  reward_mean: -1.9659  reward_min: -6.4510  value_loss: 6585658114048.0000
Step:    60000  |  score: 2.24 ± 0.01  |  actor_loss: 108.8263  cost_loss: 0.9686  q_loss: 18.6415  reward_max: 0.9078  reward_mean: -1.9420  reward_min: -6.6746  value_loss: 1275188084736.0000
Step:    70000  |  score: 2.16 ± 0.01  |  actor_loss: 95.6710  cost_loss: 0.9515  q_loss: 18.3765  reward_max: 0.9846  reward_mean: -2.1262  reward_min: -6.6355  value_loss: 386618594689024.0000
Step:    80000  |  score: 2.16 ± 0.02  |  actor_loss: 96.8490  cost_loss: 0.9461  q_loss: 17.3238  reward_max: 1.0655  reward_mean: -2.0987  reward_min: -6.5796  value_loss: 670587068350464.0000
Step:    90000  |  score: 2.74 ± 1.09  |  actor_loss: 121.0656  cost_loss: 0.9755  q_loss: 13.9992  reward_max: 0.8625  reward_mean: -2.0203  reward_min: -6.7958  value_loss: 3382444113201725440.0000
Step:   100000  |  score: 2.88 ± 1.04  |  actor_loss: 74.8069  cost_loss: 1.0404  q_loss: 12.0853  reward_max: 1.0652  reward_mean: -1.6744  reward_min: -6.4890  value_loss: 22317929332736.0000
Step:   110000  |  score: 2.89 ± 1.61  |  actor_loss: 101.8666  cost_loss: 0.9619  q_loss: 13.3389  reward_max: 0.8931  reward_mean: -2.0922  reward_min: -6.5892  value_loss: 5786637959168.0000
Step:   120000  |  score: 2.89 ± 1.21  |  actor_loss: 88.9722  cost_loss: 0.9520  q_loss: 12.9544  reward_max: 0.9626  reward_mean: -2.1453  reward_min: -6.6205  value_loss: 39047480423219200.0000
Step:   130000  |  score: 3.15 ± 0.57  |  actor_loss: 83.3418  cost_loss: 0.9680  q_loss: 11.1298  reward_max: 0.9241  reward_mean: -2.0066  reward_min: -6.5716  value_loss: 2008071693926400.0000
Step:   140000  |  score: 6.32 ± 2.95  |  actor_loss: 105.3730  cost_loss: 0.9265  q_loss: 13.0114  reward_max: 1.3119  reward_mean: -2.2601  reward_min: -6.5178  value_loss: 15659017030267121434624.0000
Step:   150000  |  score: 4.46 ± 1.44  |  actor_loss: 101.8156  cost_loss: 0.9557  q_loss: 11.8718  reward_max: 1.1822  reward_mean: -2.1509  reward_min: -6.6021  value_loss: 218655577079808.0000
Step:   160000  |  score: 6.00 ± 2.90  |  actor_loss: 101.6119  cost_loss: 0.9414  q_loss: 10.6423  reward_max: 0.9804  reward_mean: -2.1207  reward_min: -6.4548  value_loss: 4885616339862291480576.0000
Step:   170000  |  score: 4.70 ± 2.50  |  actor_loss: 103.0736  cost_loss: 0.9362  q_loss: 11.4878  reward_max: 1.0998  reward_mean: -2.1984  reward_min: -6.6328  value_loss: 452054971580416.0000
Step:   180000  |  score: 4.20 ± 1.03  |  actor_loss: 87.7381  cost_loss: 0.9688  q_loss: 11.6897  reward_max: 1.1385  reward_mean: -2.0740  reward_min: -6.6917  value_loss: 15689151741273764265984.0000
Step:   190000  |  score: 4.67 ± 3.05  |  actor_loss: 100.2419  cost_loss: 0.9520  q_loss: 11.2062  reward_max: 1.1150  reward_mean: -2.1047  reward_min: -6.5589  value_loss: 2046859812012032.0000
Step:   200000  |  score: 5.10 ± 2.31  |  actor_loss: 102.6536  cost_loss: 1.0354  q_loss: 11.2789  reward_max: 1.0804  reward_mean: -1.6875  reward_min: -6.5317  value_loss: 1370125303283712.0000
Step:   210000  |  score: 3.27 ± 1.18  |  actor_loss: 90.4295  cost_loss: 0.9362  q_loss: 9.6223  reward_max: 1.0498  reward_mean: -2.1835  reward_min: -6.7590  value_loss: 1546360162690793472.0000
Step:   220000  |  score: 4.63 ± 2.25  |  actor_loss: 103.7739  cost_loss: 1.0108  q_loss: 12.1597  reward_max: 1.9721  reward_mean: -1.8739  reward_min: -6.6485  value_loss: 72001637056512.0000
Step:   230000  |  score: 3.48 ± 0.80  |  actor_loss: 96.7251  cost_loss: 0.9716  q_loss: 10.4158  reward_max: 0.9384  reward_mean: -2.0891  reward_min: -6.5918  value_loss: 3143045524488192.0000
Step:   240000  |  score: 5.22 ± 1.51  |  actor_loss: 103.0490  cost_loss: 1.0389  q_loss: 10.3288  reward_max: 1.0028  reward_mean: -1.8666  reward_min: -6.6906  value_loss: 29265640816640.0000
Step:   250000  |  score: 3.79 ± 2.16  |  actor_loss: 95.4272  cost_loss: 0.9468  q_loss: 8.5026  reward_max: 1.0983  reward_mean: -2.2109  reward_min: -6.7386  value_loss: 124932335861760.0000
Step:   260000  |  score: 4.85 ± 1.78  |  actor_loss: 96.9077  cost_loss: 1.0178  q_loss: 9.8900  reward_max: 1.0607  reward_mean: -1.8554  reward_min: -6.4904  value_loss: 2595281770119168.0000
Step:   270000  |  score: 3.96 ± 0.73  |  actor_loss: 111.9014  cost_loss: 0.9264  q_loss: 9.0169  reward_max: 0.8815  reward_mean: -2.2904  reward_min: -6.7236  value_loss: 107774335913033728.0000
Step:   280000  |  score: 3.32 ± 1.25  |  actor_loss: 102.4435  cost_loss: 0.9467  q_loss: 10.3292  reward_max: 1.0991  reward_mean: -2.1548  reward_min: -6.4232  value_loss: 30073109348352.0000
Step:   290000  |  score: 3.90 ± 1.34  |  actor_loss: 99.8070  cost_loss: 0.9926  q_loss: 10.0098  reward_max: 1.2476  reward_mean: -1.9122  reward_min: -6.4943  value_loss: 75497072568041472.0000
Step:   300000  |  score: 4.00 ± 1.61  |  actor_loss: 86.1954  cost_loss: 1.0053  q_loss: 6.9564  reward_max: 0.9373  reward_mean: -1.8536  reward_min: -6.6462  value_loss: 7606688022528.0000
Step:   310000  |  score: 4.23 ± 2.25  |  actor_loss: 93.2837  cost_loss: 0.9751  q_loss: 9.0994  reward_max: 1.1067  reward_mean: -2.0920  reward_min: -6.5529  value_loss: 306707540475904.0000
Step:   320000  |  score: 3.60 ± 1.81  |  actor_loss: 108.9348  cost_loss: 0.9500  q_loss: 10.5741  reward_max: 0.9310  reward_mean: -2.1178  reward_min: -6.7705  value_loss: 9590462685485465600.0000
Step:   330000  |  score: 3.62 ± 1.09  |  actor_loss: 108.0948  cost_loss: 0.9453  q_loss: 7.8172  reward_max: 0.8464  reward_mean: -2.1266  reward_min: -6.5886  value_loss: 7555812569995280384.0000
Step:   340000  |  score: 3.19 ± 0.60  |  actor_loss: 103.5177  cost_loss: 0.9478  q_loss: 8.6270  reward_max: 0.9989  reward_mean: -2.2113  reward_min: -6.6292  value_loss: 94885061748326400.0000
Step:   350000  |  score: 3.05 ± 0.65  |  actor_loss: 102.8954  cost_loss: 0.9423  q_loss: 8.3835  reward_max: 0.7700  reward_mean: -2.2206  reward_min: -6.4936  value_loss: 2461810292686848.0000
Step:   360000  |  score: 5.21 ± 1.88  |  actor_loss: 96.5715  cost_loss: 0.9694  q_loss: 7.5280  reward_max: 0.9405  reward_mean: -2.0937  reward_min: -6.6062  value_loss: 32215345922048.0000
Step:   370000  |  score: 3.37 ± 1.75  |  actor_loss: 94.0656  cost_loss: 1.0085  q_loss: 9.6023  reward_max: 1.0759  reward_mean: -1.8685  reward_min: -6.5804  value_loss: 246862573469696.0000
Step:   380000  |  score: 4.02 ± 1.12  |  actor_loss: 106.2460  cost_loss: 0.9415  q_loss: 9.3154  reward_max: 0.9036  reward_mean: -2.2032  reward_min: -6.5701  value_loss: 1586273961639936.0000
Step:   390000  |  score: 3.36 ± 0.50  |  actor_loss: 85.5277  cost_loss: 0.9890  q_loss: 7.1313  reward_max: 1.0104  reward_mean: -2.0375  reward_min: -6.6691  value_loss: 1704555446272.0000
Step:   400000  |  score: 3.56 ± 0.84  |  actor_loss: 94.7733  cost_loss: 0.9966  q_loss: 7.9058  reward_max: 0.8346  reward_mean: -2.0077  reward_min: -6.7553  value_loss: 6822636290048.0000
Step:   410000  |  score: 3.93 ± 1.05  |  actor_loss: 84.9790  cost_loss: 0.9667  q_loss: 8.8144  reward_max: 0.8345  reward_mean: -2.1129  reward_min: -6.5199  value_loss: 2906485168275456.0000
Step:   420000  |  score: 4.40 ± 1.85  |  actor_loss: 91.1193  cost_loss: 0.9636  q_loss: 7.8275  reward_max: 0.8333  reward_mean: -2.2009  reward_min: -6.6165  value_loss: 3815621565349888.0000
Step:   430000  |  score: 3.97 ± 1.05  |  actor_loss: 100.5800  cost_loss: 0.9471  q_loss: 8.3200  reward_max: 0.8679  reward_mean: -2.1792  reward_min: -6.5055  value_loss: 58075998020698112.0000
Step:   440000  |  score: 4.14 ± 1.52  |  actor_loss: 115.8310  cost_loss: 0.9857  q_loss: 7.6845  reward_max: 0.7901  reward_mean: -1.9796  reward_min: -6.6961  value_loss: 504945904692756480.0000
Step:   450000  |  score: 4.01 ± 1.23  |  actor_loss: 80.5071  cost_loss: 0.9752  q_loss: 14.5068  reward_max: 1.2806  reward_mean: -2.1436  reward_min: -6.6470  value_loss: 7366642006753280.0000
Step:   460000  |  score: 4.36 ± 1.57  |  actor_loss: 98.0530  cost_loss: 0.9444  q_loss: 9.9512  reward_max: 0.9370  reward_mean: -2.2462  reward_min: -6.4911  value_loss: 367148299976704.0000
Step:   470000  |  score: 3.62 ± 0.42  |  actor_loss: 106.5732  cost_loss: 0.9694  q_loss: 6.9519  reward_max: 1.0798  reward_mean: -2.1212  reward_min: -6.5462  value_loss: 14639057799741440.0000
Step:   480000  |  score: 3.95 ± 0.41  |  actor_loss: 95.2936  cost_loss: 0.9981  q_loss: 9.4377  reward_max: 1.0053  reward_mean: -1.9292  reward_min: -6.6668  value_loss: 989094461046784.0000
Step:   490000  |  score: 5.43 ± 1.71  |  actor_loss: 96.0859  cost_loss: 0.9530  q_loss: 6.1488  reward_max: 0.9075  reward_mean: -2.2591  reward_min: -6.6125  value_loss: 2228655845539840.0000
Step:   500000  |  score: 2.26 ± 0.01  |  actor_loss: nan  cost_loss: 1.0425  q_loss: nan  reward_max: 0.8967  reward_mean: -1.8015  reward_min: -6.5806  value_loss: nan
Step:   510000  |  score: 2.26 ± 0.01  |  actor_loss: nan  cost_loss: 0.9387  q_loss: nan  reward_max: 0.9995  reward_mean: -2.2245  reward_min: -6.5404  value_loss: nan
Step:   520000  |  score: 2.25 ± 0.01  |  actor_loss: nan  cost_loss: 0.9592  q_loss: nan  reward_max: 1.1636  reward_mean: -2.1526  reward_min: -6.5228  value_loss: nan
Step:   530000  |  score: 2.25 ± 0.01  |  actor_loss: nan  cost_loss: 0.9687  q_loss: nan  reward_max: 0.8959  reward_mean: -2.1136  reward_min: -6.6378  value_loss: nan
Step:   540000  |  score: 2.25 ± 0.00  |  actor_loss: nan  cost_loss: 0.9814  q_loss: nan  reward_max: 0.8860  reward_mean: -1.9904  reward_min: -6.6407  value_loss: nan
Step:   550000  |  score: 2.26 ± 0.01  |  actor_loss: nan  cost_loss: 0.9897  q_loss: nan  reward_max: 0.8819  reward_mean: -1.9764  reward_min: -6.6833  value_loss: nan
Step:   560000  |  score: 2.25 ± 0.01  |  actor_loss: nan  cost_loss: 0.9539  q_loss: nan  reward_max: 0.8633  reward_mean: -2.1834  reward_min: -6.5907  value_loss: nan
Step:   570000  |  score: 2.26 ± 0.00  |  actor_loss: nan  cost_loss: 1.0022  q_loss: nan  reward_max: 1.1012  reward_mean: -2.0502  reward_min: -6.6569  value_loss: nan
Step:   580000  |  score: 2.25 ± 0.00  |  actor_loss: nan  cost_loss: 0.9855  q_loss: nan  reward_max: 1.1754  reward_mean: -2.0929  reward_min: -6.5623  value_loss: nan
Step:   590000  |  score: 2.26 ± 0.00  |  actor_loss: nan  cost_loss: 0.9437  q_loss: nan  reward_max: 0.8464  reward_mean: -2.2236  reward_min: -6.5074  value_loss: nan
Step:   600000  |  score: 2.25 ± 0.01  |  actor_loss: nan  cost_loss: 0.9786  q_loss: nan  reward_max: 0.8492  reward_mean: -2.0720  reward_min: -6.5883  value_loss: nan
Step:   610000  |  score: 2.26 ± 0.00  |  actor_loss: nan  cost_loss: 0.9485  q_loss: nan  reward_max: 1.0462  reward_mean: -2.1649  reward_min: -6.4935  value_loss: nan
Step:   620000  |  score: 2.25 ± 0.01  |  actor_loss: nan  cost_loss: 0.9891  q_loss: nan  reward_max: 0.8242  reward_mean: -2.0355  reward_min: -6.6412  value_loss: nan
Step:   630000  |  score: 2.25 ± 0.00  |  actor_loss: nan  cost_loss: 0.9683  q_loss: nan  reward_max: 0.8376  reward_mean: -2.2073  reward_min: -6.5958  value_loss: nan
Step:   640000  |  score: 2.25 ± 0.01  |  actor_loss: nan  cost_loss: 0.9755  q_loss: nan  reward_max: 0.9210  reward_mean: -2.0508  reward_min: -6.4979  value_loss: nan
Step:   650000  |  score: 2.25 ± 0.01  |  actor_loss: nan  cost_loss: 0.9775  q_loss: nan  reward_max: 1.1118  reward_mean: -2.1437  reward_min: -6.4111  value_loss: nan
Step:   660000  |  score: 2.25 ± 0.01  |  actor_loss: nan  cost_loss: 0.9766  q_loss: nan  reward_max: 0.8032  reward_mean: -2.0696  reward_min: -6.5838  value_loss: nan
Step:   670000  |  score: 2.25 ± 0.00  |  actor_loss: nan  cost_loss: 0.9277  q_loss: nan  reward_max: 1.6186  reward_mean: -2.3138  reward_min: -6.5186  value_loss: nan
Step:   680000  |  score: 2.25 ± 0.01  |  actor_loss: nan  cost_loss: 0.9551  q_loss: nan  reward_max: 0.7912  reward_mean: -2.1798  reward_min: -6.6565  value_loss: nan
Step:   690000  |  score: 2.25 ± 0.01  |  actor_loss: nan  cost_loss: 0.9587  q_loss: nan  reward_max: 1.0386  reward_mean: -2.2132  reward_min: -6.5780  value_loss: nan
Step:   700000  |  score: 2.26 ± 0.01  |  actor_loss: nan  cost_loss: 1.0107  q_loss: nan  reward_max: 0.8476  reward_mean: -1.8988  reward_min: -6.5611  value_loss: nan
Step:   710000  |  score: 2.25 ± 0.01  |  actor_loss: nan  cost_loss: 0.9323  q_loss: nan  reward_max: 0.8701  reward_mean: -2.3173  reward_min: -6.5431  value_loss: nan
Step:   720000  |  score: 2.25 ± 0.01  |  actor_loss: nan  cost_loss: 0.9602  q_loss: nan  reward_max: 0.8706  reward_mean: -2.1805  reward_min: -6.5445  value_loss: nan
Step:   730000  |  score: 2.26 ± 0.01  |  actor_loss: nan  cost_loss: 0.9853  q_loss: nan  reward_max: 0.7495  reward_mean: -2.1016  reward_min: -6.7438  value_loss: nan
Step:   740000  |  score: 2.26 ± 0.01  |  actor_loss: nan  cost_loss: 0.9650  q_loss: nan  reward_max: 1.0777  reward_mean: -2.1561  reward_min: -6.5674  value_loss: nan
Step:   750000  |  score: 2.25 ± 0.01  |  actor_loss: nan  cost_loss: 0.9594  q_loss: nan  reward_max: 0.8695  reward_mean: -2.1063  reward_min: -6.5710  value_loss: nan
Step:   760000  |  score: 2.26 ± 0.01  |  actor_loss: nan  cost_loss: 0.9530  q_loss: nan  reward_max: 1.0120  reward_mean: -2.1812  reward_min: -6.4799  value_loss: nan
Step:   770000  |  score: 2.25 ± 0.00  |  actor_loss: nan  cost_loss: 0.9965  q_loss: nan  reward_max: 0.8164  reward_mean: -1.9774  reward_min: -6.5820  value_loss: nan
Step:   780000  |  score: 2.25 ± 0.01  |  actor_loss: nan  cost_loss: 0.9696  q_loss: nan  reward_max: 0.8533  reward_mean: -2.1031  reward_min: -6.6432  value_loss: nan
Step:   790000  |  score: 2.26 ± 0.01  |  actor_loss: nan  cost_loss: 0.9397  q_loss: nan  reward_max: 0.9635  reward_mean: -2.3010  reward_min: -6.5718  value_loss: nan
Step:   800000  |  score: 2.26 ± 0.00  |  actor_loss: nan  cost_loss: 0.9703  q_loss: nan  reward_max: 0.9208  reward_mean: -2.1441  reward_min: -6.5716  value_loss: nan
Step:   810000  |  score: 2.26 ± 0.01  |  actor_loss: nan  cost_loss: 0.9881  q_loss: nan  reward_max: 0.8662  reward_mean: -2.0630  reward_min: -6.5984  value_loss: nan
Step:   820000  |  score: 2.25 ± 0.00  |  actor_loss: nan  cost_loss: 0.9832  q_loss: nan  reward_max: 0.8256  reward_mean: -2.0502  reward_min: -6.3640  value_loss: nan
Step:   830000  |  score: 2.25 ± 0.01  |  actor_loss: nan  cost_loss: 0.9733  q_loss: nan  reward_max: 0.9092  reward_mean: -2.0582  reward_min: -6.5737  value_loss: nan
Step:   840000  |  score: 2.25 ± 0.01  |  actor_loss: nan  cost_loss: 0.9663  q_loss: nan  reward_max: 1.0823  reward_mean: -2.1153  reward_min: -6.6630  value_loss: nan
Step:   850000  |  score: 2.26 ± 0.01  |  actor_loss: nan  cost_loss: 0.9827  q_loss: nan  reward_max: 0.8816  reward_mean: -1.9779  reward_min: -6.4996  value_loss: nan
Step:   860000  |  score: 2.25 ± 0.00  |  actor_loss: nan  cost_loss: 0.9580  q_loss: nan  reward_max: 1.0854  reward_mean: -2.1327  reward_min: -6.6615  value_loss: nan
Step:   870000  |  score: 2.26 ± 0.01  |  actor_loss: nan  cost_loss: 0.9377  q_loss: nan  reward_max: 0.7955  reward_mean: -2.2299  reward_min: -6.5960  value_loss: nan
Step:   880000  |  score: 2.26 ± 0.01  |  actor_loss: nan  cost_loss: 0.9532  q_loss: nan  reward_max: 0.7996  reward_mean: -2.2884  reward_min: -6.6141  value_loss: nan
Step:   890000  |  score: 2.26 ± 0.01  |  actor_loss: nan  cost_loss: 0.9564  q_loss: nan  reward_max: 0.9212  reward_mean: -2.2008  reward_min: -6.6795  value_loss: nan
Step:   900000  |  score: 2.25 ± 0.01  |  actor_loss: nan  cost_loss: 0.9394  q_loss: nan  reward_max: 0.9666  reward_mean: -2.2947  reward_min: -6.6914  value_loss: nan
Step:   910000  |  score: 2.26 ± 0.00  |  actor_loss: nan  cost_loss: 0.9907  q_loss: nan  reward_max: 1.2685  reward_mean: -2.0148  reward_min: -6.4031  value_loss: nan
Step:   920000  |  score: 2.26 ± 0.00  |  actor_loss: nan  cost_loss: 0.9477  q_loss: nan  reward_max: 1.0401  reward_mean: -2.2890  reward_min: -6.6078  value_loss: nan
Step:   930000  |  score: 2.25 ± 0.00  |  actor_loss: nan  cost_loss: 0.9278  q_loss: nan  reward_max: 0.8597  reward_mean: -2.3254  reward_min: -6.6104  value_loss: nan
Step:   940000  |  score: 2.25 ± 0.01  |  actor_loss: nan  cost_loss: 0.9717  q_loss: nan  reward_max: 0.9303  reward_mean: -2.0470  reward_min: -6.3989  value_loss: nan
Step:   950000  |  score: 2.25 ± 0.00  |  actor_loss: nan  cost_loss: 0.9671  q_loss: nan  reward_max: 0.9508  reward_mean: -2.2377  reward_min: -6.5007  value_loss: nan
Step:   960000  |  score: 2.26 ± 0.00  |  actor_loss: nan  cost_loss: 0.9306  q_loss: nan  reward_max: 0.8240  reward_mean: -2.3709  reward_min: -6.6603  value_loss: nan
Step:   970000  |  score: 2.25 ± 0.01  |  actor_loss: nan  cost_loss: 0.9788  q_loss: nan  reward_max: 0.9293  reward_mean: -2.0656  reward_min: -6.5066  value_loss: nan
Step:   980000  |  score: 2.26 ± 0.01  |  actor_loss: nan  cost_loss: 0.9606  q_loss: nan  reward_max: 1.0957  reward_mean: -2.1855  reward_min: -6.5142  value_loss: nan
Step:   990000  |  score: 2.26 ± 0.01  |  actor_loss: nan  cost_loss: 0.9450  q_loss: nan  reward_max: 1.0105  reward_mean: -2.2989  reward_min: -6.5292  value_loss: nan
Step:  1000000  |  score: 2.25 ± 0.00  |  actor_loss: nan  cost_loss: 0.9724  q_loss: nan  reward_max: 0.8344  reward_mean: -2.0768  reward_min: -6.5105  value_loss: nan
Step:  1010000  |  score: 2.26 ± 0.00  |  actor_loss: nan  cost_loss: 0.9912  q_loss: nan  reward_max: 0.7813  reward_mean: -2.0007  reward_min: -6.6331  value_loss: nan
Step:  1020000  |  score: 2.26 ± 0.01  |  actor_loss: nan  cost_loss: 0.9429  q_loss: nan  reward_max: 0.9001  reward_mean: -2.3051  reward_min: -6.5310  value_loss: nan
Step:  1030000  |  score: 2.25 ± 0.00  |  actor_loss: nan  cost_loss: 0.9915  q_loss: nan  reward_max: 1.0016  reward_mean: -1.9660  reward_min: -6.6077  value_loss: nan
Step:  1040000  |  score: 2.26 ± 0.01  |  actor_loss: nan  cost_loss: 0.9435  q_loss: nan  reward_max: 0.9437  reward_mean: -2.2339  reward_min: -6.6440  value_loss: nan
Step:  1050000  |  score: 2.25 ± 0.01  |  actor_loss: nan  cost_loss: 0.9571  q_loss: nan  reward_max: 0.8833  reward_mean: -2.2429  reward_min: -6.4882  value_loss: nan
Step:  1060000  |  score: 2.25 ± 0.01  |  actor_loss: nan  cost_loss: 0.9526  q_loss: nan  reward_max: 1.0256  reward_mean: -2.2434  reward_min: -6.5725  value_loss: nan
Step:  1070000  |  score: 2.26 ± 0.00  |  actor_loss: nan  cost_loss: 1.0037  q_loss: nan  reward_max: 0.9628  reward_mean: -2.0240  reward_min: -6.6333  value_loss: nan
Step:  1080000  |  score: 2.26 ± 0.01  |  actor_loss: nan  cost_loss: 0.9351  q_loss: nan  reward_max: 0.9093  reward_mean: -2.3305  reward_min: -6.6111  value_loss: nan
Step:  1090000  |  score: 2.26 ± 0.00  |  actor_loss: nan  cost_loss: 0.9917  q_loss: nan  reward_max: 0.8275  reward_mean: -2.0565  reward_min: -6.4035  value_loss: nan
Step:  1100000  |  score: 2.26 ± 0.01  |  actor_loss: nan  cost_loss: 0.9857  q_loss: nan  reward_max: 1.0997  reward_mean: -2.0147  reward_min: -6.7177  value_loss: nan
Step:  1110000  |  score: 2.26 ± 0.00  |  actor_loss: nan  cost_loss: 0.9812  q_loss: nan  reward_max: 0.9158  reward_mean: -2.0317  reward_min: -6.5175  value_loss: nan
Step:  1120000  |  score: 2.25 ± 0.00  |  actor_loss: nan  cost_loss: 0.9422  q_loss: nan  reward_max: 0.8154  reward_mean: -2.2012  reward_min: -6.5791  value_loss: nan
Step:  1130000  |  score: 2.25 ± 0.00  |  actor_loss: nan  cost_loss: 0.9397  q_loss: nan  reward_max: 0.9169  reward_mean: -2.2759  reward_min: -6.6344  value_loss: nan
Step:  1140000  |  score: 2.25 ± 0.00  |  actor_loss: nan  cost_loss: 0.9758  q_loss: nan  reward_max: 0.9366  reward_mean: -2.1572  reward_min: -6.6469  value_loss: nan
Step:  1150000  |  score: 2.25 ± 0.00  |  actor_loss: nan  cost_loss: 0.9742  q_loss: nan  reward_max: 1.0338  reward_mean: -2.1034  reward_min: -6.5813  value_loss: nan
Step:  1160000  |  score: 2.26 ± 0.00  |  actor_loss: nan  cost_loss: 0.9648  q_loss: nan  reward_max: 1.0882  reward_mean: -2.1078  reward_min: -6.6899  value_loss: nan
Step:  1170000  |  score: 2.26 ± 0.01  |  actor_loss: nan  cost_loss: 1.0196  q_loss: nan  reward_max: 0.8667  reward_mean: -1.8539  reward_min: -6.5320  value_loss: nan
Step:  1180000  |  score: 2.26 ± 0.01  |  actor_loss: nan  cost_loss: 0.9580  q_loss: nan  reward_max: 0.8902  reward_mean: -2.1570  reward_min: -6.5809  value_loss: nan
Step:  1190000  |  score: 2.26 ± 0.01  |  actor_loss: nan  cost_loss: 0.9791  q_loss: nan  reward_max: 1.0506  reward_mean: -2.0638  reward_min: -6.4693  value_loss: nan
Step:  1200000  |  score: 2.25 ± 0.01  |  actor_loss: nan  cost_loss: 0.9893  q_loss: nan  reward_max: 1.0182  reward_mean: -2.0419  reward_min: -6.5435  value_loss: nan
Step:  1210000  |  score: 2.26 ± 0.01  |  actor_loss: nan  cost_loss: 0.9853  q_loss: nan  reward_max: 1.0850  reward_mean: -2.0471  reward_min: -6.5084  value_loss: nan
Step:  1220000  |  score: 2.25 ± 0.01  |  actor_loss: nan  cost_loss: 0.9311  q_loss: nan  reward_max: 0.9370  reward_mean: -2.2826  reward_min: -6.5010  value_loss: nan
Step:  1230000  |  score: 2.26 ± 0.01  |  actor_loss: nan  cost_loss: 0.9507  q_loss: nan  reward_max: 0.8916  reward_mean: -2.1927  reward_min: -6.5748  value_loss: nan
Step:  1240000  |  score: 2.25 ± 0.00  |  actor_loss: nan  cost_loss: 0.9660  q_loss: nan  reward_max: 0.7853  reward_mean: -2.1281  reward_min: -6.6474  value_loss: nan
Step:  1250000  |  score: 2.26 ± 0.01  |  actor_loss: nan  cost_loss: 0.9932  q_loss: nan  reward_max: 1.1143  reward_mean: -2.0687  reward_min: -6.5986  value_loss: nan
Step:  1260000  |  score: 2.26 ± 0.01  |  actor_loss: nan  cost_loss: 0.9820  q_loss: nan  reward_max: 0.8861  reward_mean: -2.0242  reward_min: -6.4985  value_loss: nan
Step:  1270000  |  score: 2.25 ± 0.00  |  actor_loss: nan  cost_loss: 0.9408  q_loss: nan  reward_max: 0.7556  reward_mean: -2.2734  reward_min: -6.4519  value_loss: nan
Step:  1280000  |  score: 2.25 ± 0.00  |  actor_loss: nan  cost_loss: 0.9969  q_loss: nan  reward_max: 0.8544  reward_mean: -1.9851  reward_min: -6.5640  value_loss: nan
Step:  1290000  |  score: 2.26 ± 0.00  |  actor_loss: nan  cost_loss: 0.9952  q_loss: nan  reward_max: 1.0472  reward_mean: -1.9701  reward_min: -6.5159  value_loss: nan
Step:  1300000  |  score: 2.26 ± 0.01  |  actor_loss: nan  cost_loss: 0.9587  q_loss: nan  reward_max: 0.8860  reward_mean: -2.1445  reward_min: -6.5223  value_loss: nan
Step:  1310000  |  score: 2.26 ± 0.01  |  actor_loss: nan  cost_loss: 0.9687  q_loss: nan  reward_max: 0.8365  reward_mean: -2.1988  reward_min: -6.4737  value_loss: nan
Step:  1320000  |  score: 2.26 ± 0.00  |  actor_loss: nan  cost_loss: 0.9418  q_loss: nan  reward_max: 0.8981  reward_mean: -2.1992  reward_min: -6.6360  value_loss: nan
Step:  1330000  |  score: 2.26 ± 0.01  |  actor_loss: nan  cost_loss: 1.0011  q_loss: nan  reward_max: 0.8195  reward_mean: -1.9800  reward_min: -6.6022  value_loss: nan
Step:  1340000  |  score: 2.25 ± 0.00  |  actor_loss: nan  cost_loss: 0.9808  q_loss: nan  reward_max: 0.9469  reward_mean: -2.0874  reward_min: -6.5873  value_loss: nan
Step:  1350000  |  score: 2.25 ± 0.01  |  actor_loss: nan  cost_loss: 0.9719  q_loss: nan  reward_max: 0.8893  reward_mean: -2.1866  reward_min: -6.5153  value_loss: nan
Step:  1360000  |  score: 2.25 ± 0.00  |  actor_loss: nan  cost_loss: 0.9761  q_loss: nan  reward_max: 0.9482  reward_mean: -2.0787  reward_min: -6.5389  value_loss: nan
Step:  1370000  |  score: 2.25 ± 0.00  |  actor_loss: nan  cost_loss: 0.9936  q_loss: nan  reward_max: 0.8583  reward_mean: -1.9984  reward_min: -6.4428  value_loss: nan
Step:  1380000  |  score: 2.25 ± 0.01  |  actor_loss: nan  cost_loss: 0.9495  q_loss: nan  reward_max: 1.1506  reward_mean: -2.1943  reward_min: -6.6931  value_loss: nan
Step:  1390000  |  score: 2.25 ± 0.01  |  actor_loss: nan  cost_loss: 0.9572  q_loss: nan  reward_max: 0.8831  reward_mean: -2.2172  reward_min: -6.5606  value_loss: nan
Step:  1400000  |  score: 2.25 ± 0.00  |  actor_loss: nan  cost_loss: 0.9518  q_loss: nan  reward_max: 0.8309  reward_mean: -2.2469  reward_min: -6.5082  value_loss: nan
Step:  1410000  |  score: 2.26 ± 0.01  |  actor_loss: nan  cost_loss: 0.9758  q_loss: nan  reward_max: 0.8303  reward_mean: -2.1084  reward_min: -6.6441  value_loss: nan
Step:  1420000  |  score: 2.26 ± 0.01  |  actor_loss: nan  cost_loss: 0.9306  q_loss: nan  reward_max: 0.8581  reward_mean: -2.3011  reward_min: -6.6091  value_loss: nan
Step:  1430000  |  score: 2.25 ± 0.01  |  actor_loss: nan  cost_loss: 0.9663  q_loss: nan  reward_max: 0.8326  reward_mean: -2.1126  reward_min: -6.5575  value_loss: nan
Step:  1440000  |  score: 2.26 ± 0.01  |  actor_loss: nan  cost_loss: 0.9462  q_loss: nan  reward_max: 0.9983  reward_mean: -2.2732  reward_min: -6.5809  value_loss: nan
Step:  1450000  |  score: 2.25 ± 0.00  |  actor_loss: nan  cost_loss: 0.9782  q_loss: nan  reward_max: 1.0772  reward_mean: -2.0595  reward_min: -6.5499  value_loss: nan
Step:  1460000  |  score: 2.26 ± 0.00  |  actor_loss: nan  cost_loss: 0.9587  q_loss: nan  reward_max: 0.8795  reward_mean: -2.2294  reward_min: -6.7206  value_loss: nan
Step:  1470000  |  score: 2.25 ± 0.00  |  actor_loss: nan  cost_loss: 0.9747  q_loss: nan  reward_max: 0.8261  reward_mean: -2.0751  reward_min: -6.5710  value_loss: nan
Step:  1480000  |  score: 2.25 ± 0.01  |  actor_loss: nan  cost_loss: 0.9807  q_loss: nan  reward_max: 0.8488  reward_mean: -2.1171  reward_min: -6.5964  value_loss: nan
Step:  1490000  |  score: 2.25 ± 0.01  |  actor_loss: nan  cost_loss: 0.9572  q_loss: nan  reward_max: 0.8413  reward_mean: -2.2939  reward_min: -6.5757  value_loss: nan
Step:  1500000  |  score: 2.25 ± 0.00  |  actor_loss: nan  cost_loss: 0.9471  q_loss: nan  reward_max: 0.8498  reward_mean: -2.2110  reward_min: -6.6483  value_loss: nan
Step:  1510000  |  score: 2.25 ± 0.01  |  actor_loss: nan  cost_loss: 0.9647  q_loss: nan  reward_max: 0.8022  reward_mean: -2.2426  reward_min: -6.3757  value_loss: nan
Step:  1520000  |  score: 2.26 ± 0.01  |  actor_loss: nan  cost_loss: 1.0172  q_loss: nan  reward_max: 1.0039  reward_mean: -1.9086  reward_min: -6.6328  value_loss: nan
Step:  1530000  |  score: 2.25 ± 0.00  |  actor_loss: nan  cost_loss: 0.9758  q_loss: nan  reward_max: 0.7950  reward_mean: -2.0330  reward_min: -6.6207  value_loss: nan
Step:  1540000  |  score: 2.26 ± 0.01  |  actor_loss: nan  cost_loss: 0.9374  q_loss: nan  reward_max: 0.9040  reward_mean: -2.2966  reward_min: -6.5598  value_loss: nan
Step:  1550000  |  score: 2.25 ± 0.00  |  actor_loss: nan  cost_loss: 0.9851  q_loss: nan  reward_max: 0.8307  reward_mean: -2.0044  reward_min: -6.5180  value_loss: nan
Step:  1560000  |  score: 2.25 ± 0.01  |  actor_loss: nan  cost_loss: 0.9212  q_loss: nan  reward_max: 1.1643  reward_mean: -2.4129  reward_min: -6.6918  value_loss: nan
Step:  1570000  |  score: 2.26 ± 0.01  |  actor_loss: nan  cost_loss: 0.9709  q_loss: nan  reward_max: 0.9255  reward_mean: -2.1768  reward_min: -6.4541  value_loss: nan
Step:  1580000  |  score: 2.25 ± 0.00  |  actor_loss: nan  cost_loss: 0.9793  q_loss: nan  reward_max: 1.1377  reward_mean: -2.1294  reward_min: -6.6488  value_loss: nan
Step:  1590000  |  score: 2.26 ± 0.00  |  actor_loss: nan  cost_loss: 0.9365  q_loss: nan  reward_max: 1.0245  reward_mean: -2.2721  reward_min: -6.6027  value_loss: nan
Step:  1600000  |  score: 2.26 ± 0.01  |  actor_loss: nan  cost_loss: 0.9405  q_loss: nan  reward_max: 0.8980  reward_mean: -2.2533  reward_min: -6.4451  value_loss: nan
Step:  1610000  |  score: 2.25 ± 0.01  |  actor_loss: nan  cost_loss: 0.9591  q_loss: nan  reward_max: 1.0065  reward_mean: -2.1973  reward_min: -6.5320  value_loss: nan
Step:  1620000  |  score: 2.26 ± 0.01  |  actor_loss: nan  cost_loss: 0.9484  q_loss: nan  reward_max: 0.9687  reward_mean: -2.2158  reward_min: -6.6620  value_loss: nan
Step:  1630000  |  score: 2.26 ± 0.01  |  actor_loss: nan  cost_loss: 0.9841  q_loss: nan  reward_max: 1.1071  reward_mean: -2.0937  reward_min: -6.5343  value_loss: nan
Step:  1640000  |  score: 2.25 ± 0.01  |  actor_loss: nan  cost_loss: 0.9342  q_loss: nan  reward_max: 0.9210  reward_mean: -2.3941  reward_min: -6.5122  value_loss: nan
Step:  1650000  |  score: 2.26 ± 0.00  |  actor_loss: nan  cost_loss: 0.9221  q_loss: nan  reward_max: 0.8258  reward_mean: -2.3331  reward_min: -6.6463  value_loss: nan
Step:  1660000  |  score: 2.26 ± 0.01  |  actor_loss: nan  cost_loss: 0.9891  q_loss: nan  reward_max: 0.9914  reward_mean: -2.0306  reward_min: -6.6353  value_loss: nan
Step:  1670000  |  score: 2.25 ± 0.00  |  actor_loss: nan  cost_loss: 0.9970  q_loss: nan  reward_max: 0.9643  reward_mean: -1.9518  reward_min: -6.5476  value_loss: nan
Step:  1680000  |  score: 2.26 ± 0.00  |  actor_loss: nan  cost_loss: 0.9396  q_loss: nan  reward_max: 0.8095  reward_mean: -2.2909  reward_min: -6.4730  value_loss: nan
Step:  1690000  |  score: 2.25 ± 0.00  |  actor_loss: nan  cost_loss: 0.9537  q_loss: nan  reward_max: 0.9148  reward_mean: -2.1848  reward_min: -6.6192  value_loss: nan
Step:  1700000  |  score: 2.25 ± 0.00  |  actor_loss: nan  cost_loss: 0.9820  q_loss: nan  reward_max: 1.0606  reward_mean: -2.0331  reward_min: -6.5104  value_loss: nan
Step:  1710000  |  score: 2.26 ± 0.01  |  actor_loss: nan  cost_loss: 0.9646  q_loss: nan  reward_max: 0.8430  reward_mean: -2.1197  reward_min: -6.4688  value_loss: nan
Step:  1720000  |  score: 2.25 ± 0.00  |  actor_loss: nan  cost_loss: 0.9357  q_loss: nan  reward_max: 0.9073  reward_mean: -2.2727  reward_min: -6.5788  value_loss: nan
Step:  1730000  |  score: 2.25 ± 0.01  |  actor_loss: nan  cost_loss: 0.9791  q_loss: nan  reward_max: 0.8172  reward_mean: -2.1131  reward_min: -6.5048  value_loss: nan
Step:  1740000  |  score: 2.25 ± 0.00  |  actor_loss: nan  cost_loss: 0.9754  q_loss: nan  reward_max: 0.8634  reward_mean: -2.0703  reward_min: -6.5934  value_loss: nan
Step:  1750000  |  score: 2.26 ± 0.00  |  actor_loss: nan  cost_loss: 0.9356  q_loss: nan  reward_max: 0.8402  reward_mean: -2.3066  reward_min: -6.5776  value_loss: nan
Step:  1760000  |  score: 2.25 ± 0.00  |  actor_loss: nan  cost_loss: 0.9497  q_loss: nan  reward_max: 0.7488  reward_mean: -2.2300  reward_min: -6.4895  value_loss: nan
Step:  1770000  |  score: 2.26 ± 0.00  |  actor_loss: nan  cost_loss: 0.9966  q_loss: nan  reward_max: 0.9124  reward_mean: -2.0882  reward_min: -6.4645  value_loss: nan
Step:  1780000  |  score: 2.25 ± 0.00  |  actor_loss: nan  cost_loss: 0.9838  q_loss: nan  reward_max: 1.0172  reward_mean: -2.0150  reward_min: -6.6959  value_loss: nan
Step:  1790000  |  score: 2.26 ± 0.00  |  actor_loss: nan  cost_loss: 0.9376  q_loss: nan  reward_max: 0.9331  reward_mean: -2.3579  reward_min: -6.6988  value_loss: nan
Step:  1800000  |  score: 2.26 ± 0.00  |  actor_loss: nan  cost_loss: 0.9636  q_loss: nan  reward_max: 0.8505  reward_mean: -2.1666  reward_min: -6.6725  value_loss: nan
Step:  1810000  |  score: 2.25 ± 0.01  |  actor_loss: nan  cost_loss: 0.9805  q_loss: nan  reward_max: 0.9949  reward_mean: -1.9976  reward_min: -6.5795  value_loss: nan
Step:  1820000  |  score: 2.26 ± 0.00  |  actor_loss: nan  cost_loss: 0.9850  q_loss: nan  reward_max: 0.7711  reward_mean: -2.0971  reward_min: -6.6009  value_loss: nan
Step:  1830000  |  score: 2.26 ± 0.00  |  actor_loss: nan  cost_loss: 0.9504  q_loss: nan  reward_max: 0.8096  reward_mean: -2.1613  reward_min: -6.4811  value_loss: nan
Step:  1840000  |  score: 2.26 ± 0.01  |  actor_loss: nan  cost_loss: 0.9773  q_loss: nan  reward_max: 0.9016  reward_mean: -2.1256  reward_min: -6.6516  value_loss: nan
Step:  1850000  |  score: 2.25 ± 0.00  |  actor_loss: nan  cost_loss: 0.9719  q_loss: nan  reward_max: 0.8424  reward_mean: -2.2204  reward_min: -6.5081  value_loss: nan
Step:  1860000  |  score: 2.25 ± 0.00  |  actor_loss: nan  cost_loss: 0.9853  q_loss: nan  reward_max: 0.9487  reward_mean: -2.0817  reward_min: -6.6276  value_loss: nan
Step:  1870000  |  score: 2.26 ± 0.01  |  actor_loss: nan  cost_loss: 0.9816  q_loss: nan  reward_max: 1.0554  reward_mean: -2.0252  reward_min: -6.5222  value_loss: nan
Step:  1880000  |  score: 2.26 ± 0.01  |  actor_loss: nan  cost_loss: 0.9570  q_loss: nan  reward_max: 0.8016  reward_mean: -2.1986  reward_min: -6.6299  value_loss: nan
Step:  1890000  |  score: 2.25 ± 0.00  |  actor_loss: nan  cost_loss: 0.9996  q_loss: nan  reward_max: 0.8460  reward_mean: -2.1329  reward_min: -6.5266  value_loss: nan
Step:  1900000  |  score: 2.25 ± 0.00  |  actor_loss: nan  cost_loss: 0.9331  q_loss: nan  reward_max: 0.8615  reward_mean: -2.3319  reward_min: -6.7314  value_loss: nan
Step:  1910000  |  score: 2.25 ± 0.01  |  actor_loss: nan  cost_loss: 0.9594  q_loss: nan  reward_max: 0.8794  reward_mean: -2.2551  reward_min: -6.5690  value_loss: nan
Step:  1920000  |  score: 2.26 ± 0.01  |  actor_loss: nan  cost_loss: 0.9289  q_loss: nan  reward_max: 0.9120  reward_mean: -2.3431  reward_min: -6.7177  value_loss: nan
Step:  1930000  |  score: 2.26 ± 0.01  |  actor_loss: nan  cost_loss: 0.9344  q_loss: nan  reward_max: 0.9230  reward_mean: -2.3493  reward_min: -6.4633  value_loss: nan
Step:  1940000  |  score: 2.26 ± 0.00  |  actor_loss: nan  cost_loss: 1.0024  q_loss: nan  reward_max: 1.0219  reward_mean: -1.9771  reward_min: -6.6673  value_loss: nan
Step:  1950000  |  score: 2.26 ± 0.01  |  actor_loss: nan  cost_loss: 0.9694  q_loss: nan  reward_max: 0.9172  reward_mean: -2.1262  reward_min: -6.5623  value_loss: nan
Step:  1960000  |  score: 2.25 ± 0.01  |  actor_loss: nan  cost_loss: 0.9702  q_loss: nan  reward_max: 0.8149  reward_mean: -2.1424  reward_min: -6.6210  value_loss: nan
Step:  1970000  |  score: 2.25 ± 0.01  |  actor_loss: nan  cost_loss: 0.9914  q_loss: nan  reward_max: 1.1169  reward_mean: -2.0417  reward_min: -6.6395  value_loss: nan
Step:  1980000  |  score: 2.25 ± 0.01  |  actor_loss: nan  cost_loss: 0.9719  q_loss: nan  reward_max: 1.0374  reward_mean: -2.2252  reward_min: -6.5065  value_loss: nan
Step:  1990000  |  score: 2.25 ± 0.00  |  actor_loss: nan  cost_loss: 0.9694  q_loss: nan  reward_max: 1.2803  reward_mean: -2.1663  reward_min: -6.6442  value_loss: nan
Step:  2000000  |  score: 2.26 ± 0.01  |  actor_loss: nan  cost_loss: 0.9484  q_loss: nan  reward_max: 0.7724  reward_mean: -2.1765  reward_min: -6.6142  value_loss: nan
Final evaluation (13 iterations)...
Final score: 2.25 ± 0.01
wandb: WARNING Symlinked 1 file into the W&B run directory; call wandb.save again to sync new files.
wandb: updating run metadata
wandb: uploading final_returns/bdemodice_halfcheetah-expert-v2_2026-03-19_00-51-02.npz; uploading output.log; uploading wandb-summary.json; uploading config.yaml
wandb: uploading output.log
wandb: uploading summary, console lines 214-215
wandb: 
wandb: Run history:
wandb:  actor_loss ▁▁▁▃▇▇▇█▅▇▆▇▇▇▇▇▆▇▇▇▇▇▇▇▆▇▇▇▇▇▇▆▆▆▆█▆▇▇▇
wandb:   cost_loss ▄▇▁▅▄█▃▄▄▁▅▃▃▄▄▂▄▂▃▅▇▁▃▂▅▂▃▄▂▂▅▄▄▂▂▂▂▄▁▄
wandb: num_updates ▁▁▁▁▂▂▂▂▃▃▃▃▃▃▃▄▄▄▄▄▄▄▄▅▅▅▆▆▆▆▆▆▆▇▇▇▇▇▇█
wandb:      q_loss ▂▁▁▅█▆▆▅▄▄▄▄▄▄▄▄▄▃▄▃▃▃▃▃▂▃▂▃▃▂▃▂▃▃▂▂▅▃▂▂
wandb:      return ▁▃█▄█▆▅▆▅▆▁▁▁▁▁▁▁▁▁▁▁▁▁▁▁▁▁▁▁▁▁▁▁▁▁▁▁▁▁▁
wandb:  reward_max ▅▄▅▃█▅▅▃▃▂▃▃▄▂▂▂▃▂▂▁▇▃▄▂▃▃▃▃▄▅▂▂▄▂▂▃▂▁▂▃
wandb: reward_mean ▆▆▇▄▅▂▅█▂▄▃▄▃▄▆▅█▃▅▅▂▂▅▂▃▄▅▄▆▅▂▂▅▇▆▂▂▅▄▁
wandb:  reward_min ▇▆▃▂▆▄▂▃▅▆▂▄▂▄▇▆▅▇▅▃▂▇▆▁▅█▇▂▅▁▄▃▄▆▅█▂▄▆▃
wandb:       score ▁▇▄▄█▅▆▁▁▁▁▁▁▁▁▁▁▁▁▁▁▁▁▁▁▁▁▁▁▁▁▁▁▁▁▁▁▁▁▁
wandb:   score_std ▃▁▁▄▅▆█▄▃▃▆▁▁▁▁▁▁▁▁▁▁▁▁▁▁▁▁▁▁▁▁▁▁▁▁▁▁▁▁▁
wandb:          +1 ...
wandb: 
wandb: Run summary:
wandb:   cost_loss 0.94839
wandb: num_updates 2000000
wandb:      return -0.08758
wandb:  reward_max 0.77244
wandb: reward_mean -2.17653
wandb:  reward_min -6.61419
wandb:       score 2.25604
wandb:   score_std 0.00515
wandb: 
wandb: 🚀 View run bdemodice_halfcheetah_M2_s2 at: https://wandb.ai/wsk208/DemoDICE/runs/ndhxtgzc
wandb: ⭐️ View project at: https://wandb.ai/wsk208/DemoDICE
wandb: Synced 5 W&B file(s), 0 media file(s), 0 artifact file(s) and 1 other file(s)
wandb: Find logs at: ./wandb/run-20260319_002620-ndhxtgzc/logs
