Warning: All of online environments libraries in D4RL have been moved ]8;;https://github.com/Farama-Foundation/Gymnasium\Gymnasium]8;;\, ]8;;https://github.com/Farama-Foundation/MiniGrid\MiniGrid]8;;\ and ]8;;https://github.com/Farama-Foundation/Gymnasium-Robotics\Gymnasium-Robotics]8;;\, and all offline datasets in D4RL have been moved to ]8;;https://github.com/Farama-Foundation/Minari\Minari]8;;\.
These new versions include large bug fixes, new versions of Python, and are where all new development will continue. Please upgrade these libraries as soon as you're able to do so.
If you'd like to read more about the story behind this switch, please check out ]8;;https://farama.org/Announcing-Minari\this blog post]8;;\.
Gym has been unmaintained since 2022 and does not support NumPy 2.0 amongst other critical functionality.
Please upgrade to Gymnasium, the maintained drop-in replacement of Gym, or contact the authors of your software and request that they upgrade.
See the migration guide at https://gymnasium.farama.org/introduction/migration_guide/ for additional information.
/opt/venv/lib/python3.10/site-packages/Cython/Distutils/old_build_ext.py:15: DeprecationWarning: dep_util is Deprecated. Use functions from setuptools instead.
  from distutils.dep_util import newer, newer_group
<frozen importlib._bootstrap>:283: DeprecationWarning: the load_module() method is deprecated and slated for removal in Python 3.12; use exec_module() instead
pybullet build time: Jan 29 2025 23:16:28
wandb: [wandb.login()] Loaded credentials for https://api.wandb.ai from /root/.netrc.
wandb: Currently logged in as: wsk208 to https://api.wandb.ai. Use `wandb login --relogin` to force relogin
/opt/venv/lib/python3.10/site-packages/wandb/analytics/sentry.py:268: DeprecationWarning: Read the `app_url` setting from the appropriate Settings object.
  app_url = wandb.util.app_url(tags["base_url"])  # type: ignore[index]
/opt/venv/lib/python3.10/site-packages/wandb/analytics/sentry.py:279: DeprecationWarning: The `Scope.user` setter is deprecated in favor of `Scope.set_user()`.
  self.scope.user = {"email": email}
wandb: setting up run bln5wzld
/opt/venv/lib/python3.10/site-packages/wandb/analytics/sentry.py:268: DeprecationWarning: Read the `app_url` setting from the appropriate Settings object.
  app_url = wandb.util.app_url(tags["base_url"])  # type: ignore[index]
/opt/venv/lib/python3.10/site-packages/wandb/analytics/sentry.py:279: DeprecationWarning: The `Scope.user` setter is deprecated in favor of `Scope.set_user()`.
  self.scope.user = {"email": email}
wandb: Tracking run with wandb version 0.25.1
wandb: Run data is saved locally in /app/wandb/run-20260318_174927-bln5wzld
wandb: Run `wandb offline` to turn off syncing.
wandb: Syncing run bdemodice_walker2d_M3_s2
wandb: ⭐️ View project at https://wandb.ai/wsk208/DemoDICE
wandb: 🚀 View run at https://wandb.ai/wsk208/DemoDICE/runs/bln5wzld
/opt/venv/lib/python3.10/site-packages/gym/spaces/box.py:84: UserWarning: [33mWARN: Box bound precision lowered by casting to float32[0m
  logger.warn(f"Box bound precision lowered by casting to {self.dtype}")
load datafile:   0%|          | 0/21 [00:00<?, ?it/s]load datafile:   5%|▍         | 1/21 [00:00<00:03,  5.85it/s]load datafile:  14%|█▍        | 3/21 [00:00<00:03,  5.22it/s]load datafile:  19%|█▉        | 4/21 [00:00<00:04,  4.00it/s]load datafile:  81%|████████  | 17/21 [00:01<00:00, 15.51it/s]load datafile:  90%|█████████ | 19/21 [00:01<00:00, 10.78it/s]load datafile: 100%|██████████| 21/21 [00:01<00:00, 11.16it/s]
Expert  :  999000 transitions  (walker2d-expert-v2, 400 traj)
load datafile:   0%|          | 0/9 [00:00<?, ?it/s]load datafile:  11%|█         | 1/9 [00:00<00:01,  6.51it/s]load datafile:  33%|███▎      | 3/9 [00:00<00:01,  5.51it/s]load datafile:  44%|████▍     | 4/9 [00:00<00:01,  4.11it/s]load datafile:  56%|█████▌    | 5/9 [00:01<00:01,  3.21it/s]load datafile:  67%|██████▋   | 6/9 [00:01<00:01,  2.82it/s]load datafile: 100%|██████████| 9/9 [00:01<00:00,  4.94it/s]
Imperfect:   31801 transitions  (walker2d-random-v2, 1600 traj)
Union   : 1030801 transitions total
/root/.local/share/uv/python/cpython-3.10-linux-x86_64-gnu/lib/python3.10/multiprocessing/popen_fork.py:66: RuntimeWarning: os.fork() was called. os.fork() is incompatible with multithreaded code, and JAX is multithreaded, so this will likely lead to a deadlock.
  self.pid = os.fork()
/opt/venv/lib/python3.10/site-packages/tensorflow_probability/python/internal/backend/jax/ops.py:681: DeprecationWarning: jax.interpreters.xla.pytype_aval_mappings is deprecated.
  jax.interpreters.xla.pytype_aval_mappings[onp.ndarray])
/opt/venv/lib/python3.10/site-packages/gym/spaces/box.py:84: UserWarning: [33mWARN: Box bound precision lowered by casting to float32[0m
  logger.warn(f"Box bound precision lowered by casting to {self.dtype}")
Step:    10000  |  score: 42.79 ± 7.00  |  actor_loss: 3.8606  cost_loss: 1.3652  q_loss: 0.2937  reward_max: 0.2015  reward_mean: -0.0684  reward_min: -4.8688  value_loss: 0.7040
Step:    20000  |  score: 60.00 ± 5.79  |  actor_loss: 2.3860  cost_loss: 1.3637  q_loss: 0.0852  reward_max: 0.1758  reward_mean: -0.0743  reward_min: -5.0864  value_loss: 1.2929
Step:    30000  |  score: 62.10 ± 8.65  |  actor_loss: 0.8359  cost_loss: 1.3641  q_loss: 0.2434  reward_max: 0.1550  reward_mean: -0.0798  reward_min: -5.3174  value_loss: 1.6015
Step:    40000  |  score: 69.30 ± 10.13  |  actor_loss: -0.2769  cost_loss: 1.3620  q_loss: 0.0512  reward_max: 0.2192  reward_mean: -0.0881  reward_min: -6.2440  value_loss: 1.6642
Step:    50000  |  score: 97.40 ± 20.27  |  actor_loss: -1.0759  cost_loss: 1.3680  q_loss: 0.1330  reward_max: 0.1398  reward_mean: -0.0679  reward_min: -5.8081  value_loss: 1.8509
Step:    60000  |  score: 108.25 ± 0.38  |  actor_loss: -1.5539  cost_loss: 1.3684  q_loss: 0.1947  reward_max: 0.3750  reward_mean: -0.0946  reward_min: -6.5004  value_loss: 2.0247
Step:    70000  |  score: 108.19 ± 0.31  |  actor_loss: -1.7793  cost_loss: 1.3582  q_loss: 0.3492  reward_max: 0.1324  reward_mean: -0.1363  reward_min: -6.6187  value_loss: 1.7260
Step:    80000  |  score: 108.50 ± 0.14  |  actor_loss: -1.6716  cost_loss: 1.3712  q_loss: 0.1322  reward_max: 0.2121  reward_mean: -0.0473  reward_min: -5.9486  value_loss: 2.2067
Step:    90000  |  score: 107.71 ± 0.19  |  actor_loss: -1.6468  cost_loss: 1.3520  q_loss: 0.2022  reward_max: 0.2514  reward_mean: -0.1617  reward_min: -6.4037  value_loss: 1.4442
Step:   100000  |  score: 108.52 ± 0.23  |  actor_loss: -1.6796  cost_loss: 1.3609  q_loss: 0.2036  reward_max: 0.1657  reward_mean: -0.1256  reward_min: -6.5077  value_loss: 1.5652
Step:   110000  |  score: 107.81 ± 0.49  |  actor_loss: -1.9814  cost_loss: 1.3648  q_loss: 0.1758  reward_max: 0.2636  reward_mean: -0.0735  reward_min: -5.9973  value_loss: 1.7973
Step:   120000  |  score: 108.37 ± 0.62  |  actor_loss: -1.8028  cost_loss: 1.3581  q_loss: 0.1396  reward_max: 0.2948  reward_mean: -0.1375  reward_min: -6.5506  value_loss: 1.6569
Step:   130000  |  score: 108.65 ± 0.16  |  actor_loss: -1.6596  cost_loss: 1.3669  q_loss: 0.0639  reward_max: 0.2028  reward_mean: -0.0917  reward_min: -6.4752  value_loss: 1.9544
Step:   140000  |  score: 107.81 ± 0.38  |  actor_loss: -1.7044  cost_loss: 1.3601  q_loss: 0.1504  reward_max: 0.1793  reward_mean: -0.1284  reward_min: -6.4830  value_loss: 1.5116
Step:   150000  |  score: 109.25 ± 0.13  |  actor_loss: -1.7370  cost_loss: 1.3662  q_loss: 0.0992  reward_max: 0.2333  reward_mean: -0.0738  reward_min: -6.6446  value_loss: 1.8572
Step:   160000  |  score: 108.14 ± 0.44  |  actor_loss: -1.9776  cost_loss: 1.3664  q_loss: 0.0741  reward_max: 0.2529  reward_mean: -0.0788  reward_min: -6.0065  value_loss: 1.9428
Step:   170000  |  score: 108.36 ± 0.33  |  actor_loss: -1.5738  cost_loss: 1.3656  q_loss: 0.1249  reward_max: 0.1316  reward_mean: -0.0866  reward_min: -6.3651  value_loss: 1.9252
Step:   180000  |  score: 108.22 ± 0.20  |  actor_loss: -1.5192  cost_loss: 1.3581  q_loss: 0.1974  reward_max: 0.1812  reward_mean: -0.1409  reward_min: -6.4941  value_loss: 1.6666
Step:   190000  |  score: 108.58 ± 0.22  |  actor_loss: -1.9788  cost_loss: 1.3641  q_loss: 0.1726  reward_max: 0.2048  reward_mean: -0.0976  reward_min: -6.4536  value_loss: 1.8532
Step:   200000  |  score: 90.35 ± 31.97  |  actor_loss: -1.4126  cost_loss: 1.3499  q_loss: 0.4093  reward_max: 0.1724  reward_mean: -0.1834  reward_min: -6.4791  value_loss: 1.2777
Step:   210000  |  score: 108.64 ± 0.50  |  actor_loss: -1.7588  cost_loss: 1.3590  q_loss: 0.1572  reward_max: 0.1148  reward_mean: -0.1212  reward_min: -6.1382  value_loss: 1.4994
Step:   220000  |  score: 108.14 ± 0.12  |  actor_loss: -2.0898  cost_loss: 1.3612  q_loss: 0.1402  reward_max: 0.0938  reward_mean: -0.1041  reward_min: -6.2776  value_loss: 1.9337
Step:   230000  |  score: 108.24 ± 0.25  |  actor_loss: -2.0417  cost_loss: 1.3521  q_loss: 0.1731  reward_max: 0.1768  reward_mean: -0.1901  reward_min: -6.5546  value_loss: 1.3775
Step:   240000  |  score: 87.88 ± 35.20  |  actor_loss: -2.1851  cost_loss: 1.3546  q_loss: 0.0827  reward_max: 0.1155  reward_mean: -0.1409  reward_min: -6.6339  value_loss: 1.6773
Step:   250000  |  score: 108.08 ± 1.54  |  actor_loss: -2.3051  cost_loss: 1.3739  q_loss: 0.0634  reward_max: 0.2185  reward_mean: -0.0250  reward_min: -6.0710  value_loss: 2.2606
Step:   260000  |  score: 108.75 ± 0.16  |  actor_loss: -1.3981  cost_loss: 1.3546  q_loss: 0.1827  reward_max: 0.2222  reward_mean: -0.1368  reward_min: -6.4699  value_loss: 1.3395
Step:   270000  |  score: 108.75 ± 0.48  |  actor_loss: -2.0981  cost_loss: 1.3599  q_loss: 0.1711  reward_max: 0.0789  reward_mean: -0.1349  reward_min: -6.4486  value_loss: 1.7060
Step:   280000  |  score: 108.19 ± 1.18  |  actor_loss: -1.7621  cost_loss: 1.3622  q_loss: 0.1451  reward_max: 0.2052  reward_mean: -0.1181  reward_min: -6.5215  value_loss: 1.7293
Step:   290000  |  score: 107.37 ± 1.37  |  actor_loss: -2.4187  cost_loss: 1.3639  q_loss: 0.1488  reward_max: 0.2515  reward_mean: -0.1197  reward_min: -6.4995  value_loss: 1.9747
Step:   300000  |  score: 109.30 ± 0.19  |  actor_loss: -1.7892  cost_loss: 1.3632  q_loss: 0.0899  reward_max: 0.0911  reward_mean: -0.0998  reward_min: -6.3924  value_loss: 1.9666
Step:   310000  |  score: 107.56 ± 1.07  |  actor_loss: -2.0190  cost_loss: 1.3623  q_loss: 0.1319  reward_max: 0.1903  reward_mean: -0.0947  reward_min: -6.4866  value_loss: 1.7800
Step:   320000  |  score: 86.81 ± 37.04  |  actor_loss: -1.7816  cost_loss: 1.3711  q_loss: 0.1041  reward_max: 0.1281  reward_mean: -0.0444  reward_min: -6.4562  value_loss: 2.2187
Step:   330000  |  score: 98.31 ± 27.24  |  actor_loss: -2.1558  cost_loss: 1.3646  q_loss: 0.0580  reward_max: 0.1940  reward_mean: -0.0930  reward_min: -6.6695  value_loss: 1.8074
Step:   340000  |  score: 108.98 ± 0.16  |  actor_loss: -1.8244  cost_loss: 1.3600  q_loss: 0.0789  reward_max: 0.1437  reward_mean: -0.1341  reward_min: -6.3259  value_loss: 1.6621
Step:   350000  |  score: 109.47 ± 0.25  |  actor_loss: -1.9954  cost_loss: 1.3621  q_loss: 0.0877  reward_max: 0.1155  reward_mean: -0.1131  reward_min: -6.6845  value_loss: 1.8457
Step:   360000  |  score: 98.35 ± 25.80  |  actor_loss: -1.5140  cost_loss: 1.3543  q_loss: 0.1199  reward_max: 0.0710  reward_mean: -0.1576  reward_min: -6.3567  value_loss: 1.7466
Step:   370000  |  score: 97.34 ± 30.00  |  actor_loss: -2.2000  cost_loss: 1.3671  q_loss: 0.0711  reward_max: 0.1965  reward_mean: -0.0742  reward_min: -6.4596  value_loss: 2.1326
Step:   380000  |  score: 88.95 ± 34.15  |  actor_loss: -1.9561  cost_loss: 1.3570  q_loss: 0.0599  reward_max: 0.0991  reward_mean: -0.1677  reward_min: -6.5565  value_loss: 1.8857
Step:   390000  |  score: 88.13 ± 35.35  |  actor_loss: -1.8526  cost_loss: 1.3611  q_loss: 0.0995  reward_max: 0.2194  reward_mean: -0.1357  reward_min: -6.4235  value_loss: 1.8875
Step:   400000  |  score: 109.05 ± 0.23  |  actor_loss: -1.9041  cost_loss: 1.3632  q_loss: 0.1752  reward_max: 0.2066  reward_mean: -0.0844  reward_min: -5.9893  value_loss: 1.9160
Step:   410000  |  score: 108.03 ± 0.50  |  actor_loss: -2.2265  cost_loss: 1.3625  q_loss: 0.0891  reward_max: 0.1980  reward_mean: -0.1105  reward_min: -6.2439  value_loss: 2.0051
Step:   420000  |  score: 97.58 ± 26.52  |  actor_loss: -1.6477  cost_loss: 1.3635  q_loss: 0.1718  reward_max: 0.0954  reward_mean: -0.1096  reward_min: -6.3627  value_loss: 2.1052
Step:   430000  |  score: 108.76 ± 0.21  |  actor_loss: -2.0640  cost_loss: 1.3537  q_loss: 0.0680  reward_max: 0.1464  reward_mean: -0.1569  reward_min: -6.4560  value_loss: 1.4288
Step:   440000  |  score: 108.87 ± 0.10  |  actor_loss: -1.9758  cost_loss: 1.3686  q_loss: 0.0711  reward_max: 0.1861  reward_mean: -0.0555  reward_min: -6.4513  value_loss: 2.1489
Step:   450000  |  score: 108.22 ± 1.18  |  actor_loss: -1.6678  cost_loss: 1.3583  q_loss: 0.0559  reward_max: 0.1487  reward_mean: -0.1271  reward_min: -6.3329  value_loss: 1.7866
Step:   460000  |  score: 109.51 ± 0.13  |  actor_loss: -1.5068  cost_loss: 1.3591  q_loss: 0.0396  reward_max: 0.1379  reward_mean: -0.1453  reward_min: -6.6147  value_loss: 1.8225
Step:   470000  |  score: 108.41 ± 0.41  |  actor_loss: -2.3074  cost_loss: 1.3680  q_loss: 0.1027  reward_max: 0.1491  reward_mean: -0.0754  reward_min: -6.2661  value_loss: 2.1220
Step:   480000  |  score: 87.84 ± 35.55  |  actor_loss: -2.0611  cost_loss: 1.3665  q_loss: 0.0876  reward_max: 0.2412  reward_mean: -0.0806  reward_min: -6.6871  value_loss: 2.1423
Step:   490000  |  score: 75.35 ± 41.80  |  actor_loss: -1.7075  cost_loss: 1.3563  q_loss: 0.0816  reward_max: 0.1025  reward_mean: -0.1391  reward_min: -6.0481  value_loss: 1.5343
Step:   500000  |  score: 90.40 ± 28.79  |  actor_loss: -2.1874  cost_loss: 1.3653  q_loss: 0.0633  reward_max: 0.1923  reward_mean: -0.0715  reward_min: -6.6089  value_loss: 1.9402
Step:   510000  |  score: 87.57 ± 36.00  |  actor_loss: -2.1441  cost_loss: 1.3620  q_loss: 0.0699  reward_max: 0.1603  reward_mean: -0.1254  reward_min: -6.6453  value_loss: 1.8926
Step:   520000  |  score: 108.61 ± 0.90  |  actor_loss: -1.9803  cost_loss: 1.3595  q_loss: 0.0830  reward_max: 0.2482  reward_mean: -0.1352  reward_min: -6.2409  value_loss: 1.6784
Step:   530000  |  score: 108.36 ± 0.23  |  actor_loss: -1.5925  cost_loss: 1.3640  q_loss: 0.0830  reward_max: 0.1162  reward_mean: -0.0997  reward_min: -6.2852  value_loss: 1.9718
Step:   540000  |  score: 75.86 ± 42.83  |  actor_loss: -2.0321  cost_loss: 1.3578  q_loss: 0.0856  reward_max: 0.0963  reward_mean: -0.1442  reward_min: -6.6675  value_loss: 1.7097
Step:   550000  |  score: 96.67 ± 27.25  |  actor_loss: -2.0438  cost_loss: 1.3613  q_loss: 0.0773  reward_max: 0.1291  reward_mean: -0.0921  reward_min: -6.4580  value_loss: 1.8350
Step:   560000  |  score: 108.75 ± 0.10  |  actor_loss: -2.3216  cost_loss: 1.3632  q_loss: 0.1176  reward_max: 0.0820  reward_mean: -0.0699  reward_min: -6.3346  value_loss: 1.9899
Step:   570000  |  score: 108.59 ± 0.15  |  actor_loss: -1.9492  cost_loss: 1.3650  q_loss: 0.0785  reward_max: 0.0825  reward_mean: -0.0900  reward_min: -6.4484  value_loss: 2.2110
Step:   580000  |  score: 108.74 ± 0.22  |  actor_loss: -2.0792  cost_loss: 1.3619  q_loss: 0.0702  reward_max: 0.3050  reward_mean: -0.0979  reward_min: -6.5053  value_loss: 2.0537
Step:   590000  |  score: 108.65 ± 0.20  |  actor_loss: -1.9603  cost_loss: 1.3625  q_loss: 0.1679  reward_max: 0.2035  reward_mean: -0.0981  reward_min: -6.5649  value_loss: 1.8823
Step:   600000  |  score: 99.17 ± 25.85  |  actor_loss: -1.6381  cost_loss: 1.3590  q_loss: 0.1059  reward_max: 0.2139  reward_mean: -0.1411  reward_min: -6.2483  value_loss: 1.9046
Step:   610000  |  score: 108.35 ± 0.24  |  actor_loss: -2.0056  cost_loss: 1.3626  q_loss: 0.0834  reward_max: 0.1230  reward_mean: -0.1221  reward_min: -6.4641  value_loss: 2.0017
Step:   620000  |  score: 107.66 ± 0.24  |  actor_loss: -2.0354  cost_loss: 1.3687  q_loss: 0.0726  reward_max: 0.1633  reward_mean: -0.0909  reward_min: -6.4463  value_loss: 2.1166
Step:   630000  |  score: 107.92 ± 0.56  |  actor_loss: -2.2066  cost_loss: 1.3574  q_loss: 0.1013  reward_max: 0.1039  reward_mean: -0.1450  reward_min: -6.4107  value_loss: 1.7462
Step:   640000  |  score: 108.34 ± 1.13  |  actor_loss: -2.1989  cost_loss: 1.3749  q_loss: 0.0536  reward_max: 0.1935  reward_mean: -0.0347  reward_min: -6.3889  value_loss: 2.4140
Step:   650000  |  score: 108.75 ± 0.69  |  actor_loss: -2.1339  cost_loss: 1.3547  q_loss: 0.1371  reward_max: 0.0917  reward_mean: -0.1448  reward_min: -6.3623  value_loss: 1.5792
Step:   660000  |  score: 108.46 ± 0.27  |  actor_loss: -2.2107  cost_loss: 1.3678  q_loss: 0.0329  reward_max: 0.1393  reward_mean: -0.0800  reward_min: -6.4927  value_loss: 2.2543
Step:   670000  |  score: 108.40 ± 0.14  |  actor_loss: -2.2855  cost_loss: 1.3561  q_loss: 0.1145  reward_max: 0.1418  reward_mean: -0.1418  reward_min: -6.0527  value_loss: 1.4119
Step:   680000  |  score: 107.88 ± 0.50  |  actor_loss: -2.3206  cost_loss: 1.3613  q_loss: 0.0756  reward_max: 0.2766  reward_mean: -0.1104  reward_min: -6.6179  value_loss: 2.0693
Step:   690000  |  score: 107.61 ± 1.08  |  actor_loss: -1.9133  cost_loss: 1.3609  q_loss: 0.1124  reward_max: 0.2356  reward_mean: -0.1171  reward_min: -6.4482  value_loss: 1.9724
Step:   700000  |  score: 108.68 ± 0.18  |  actor_loss: -2.1579  cost_loss: 1.3692  q_loss: 0.0442  reward_max: 0.0851  reward_mean: -0.0478  reward_min: -6.0804  value_loss: 2.2366
Step:   710000  |  score: 109.06 ± 0.24  |  actor_loss: -1.7719  cost_loss: 1.3655  q_loss: 0.0766  reward_max: 0.1444  reward_mean: -0.0951  reward_min: -6.4159  value_loss: 1.8783
Step:   720000  |  score: 97.90 ± 26.49  |  actor_loss: -2.0940  cost_loss: 1.3553  q_loss: 0.0842  reward_max: 0.1484  reward_mean: -0.1241  reward_min: -6.3619  value_loss: 1.7611
Step:   730000  |  score: 108.59 ± 0.22  |  actor_loss: -2.2939  cost_loss: 1.3758  q_loss: 0.1085  reward_max: 0.1673  reward_mean: -0.0140  reward_min: -5.4294  value_loss: 2.4702
Step:   740000  |  score: 108.22 ± 0.29  |  actor_loss: -2.0674  cost_loss: 1.3643  q_loss: 0.0430  reward_max: 0.2351  reward_mean: -0.1102  reward_min: -6.4419  value_loss: 2.0082
Step:   750000  |  score: 108.42 ± 0.14  |  actor_loss: -2.3944  cost_loss: 1.3649  q_loss: 0.0570  reward_max: 0.1066  reward_mean: -0.0965  reward_min: -6.5490  value_loss: 2.1225
Step:   760000  |  score: 108.41 ± 0.60  |  actor_loss: -2.1658  cost_loss: 1.3699  q_loss: 0.0577  reward_max: 0.1099  reward_mean: -0.0500  reward_min: -6.6143  value_loss: 2.2590
Step:   770000  |  score: 107.85 ± 0.15  |  actor_loss: -1.9238  cost_loss: 1.3630  q_loss: 0.1334  reward_max: 0.1571  reward_mean: -0.1111  reward_min: -6.2273  value_loss: 1.9245
Step:   780000  |  score: 108.46 ± 0.27  |  actor_loss: -1.7057  cost_loss: 1.3612  q_loss: 0.0804  reward_max: 0.0923  reward_mean: -0.1225  reward_min: -6.4162  value_loss: 1.8787
Step:   790000  |  score: 108.52 ± 0.19  |  actor_loss: -2.1399  cost_loss: 1.3567  q_loss: 0.0594  reward_max: 0.1272  reward_mean: -0.1582  reward_min: -6.6249  value_loss: 1.7156
Step:   800000  |  score: 108.84 ± 0.15  |  actor_loss: -1.2608  cost_loss: 1.3578  q_loss: 0.0860  reward_max: 0.1685  reward_mean: -0.1474  reward_min: -6.4252  value_loss: 1.7975
Step:   810000  |  score: 108.82 ± 0.13  |  actor_loss: -0.3618  cost_loss: 1.3485  q_loss: 0.0979  reward_max: 0.1187  reward_mean: -0.2128  reward_min: -6.5688  value_loss: 1.4720
Step:   820000  |  score: 108.64 ± 0.26  |  actor_loss: -1.8751  cost_loss: 1.3593  q_loss: 0.0946  reward_max: 0.1669  reward_mean: -0.1262  reward_min: -6.5688  value_loss: 1.6762
Step:   830000  |  score: 108.55 ± 0.13  |  actor_loss: -1.8203  cost_loss: 1.3618  q_loss: 0.0940  reward_max: 0.2597  reward_mean: -0.1221  reward_min: -6.5205  value_loss: 2.0789
Step:   840000  |  score: 108.31 ± 0.39  |  actor_loss: -1.7081  cost_loss: 1.3637  q_loss: 0.1199  reward_max: 0.1285  reward_mean: -0.0970  reward_min: -6.4467  value_loss: 1.9208
Step:   850000  |  score: 108.79 ± 0.39  |  actor_loss: -2.2504  cost_loss: 1.3626  q_loss: 0.0254  reward_max: 0.1383  reward_mean: -0.1078  reward_min: -6.5822  value_loss: 2.1678
Step:   860000  |  score: 108.92 ± 0.15  |  actor_loss: -2.2231  cost_loss: 1.3666  q_loss: 0.0479  reward_max: 0.1406  reward_mean: -0.0586  reward_min: -6.3116  value_loss: 2.3084
Step:   870000  |  score: 108.80 ± 0.15  |  actor_loss: -2.4795  cost_loss: 1.3750  q_loss: 0.0589  reward_max: 0.1339  reward_mean: -0.0381  reward_min: -6.3498  value_loss: 2.5115
Step:   880000  |  score: 108.63 ± 0.12  |  actor_loss: -2.3772  cost_loss: 1.3645  q_loss: 0.0461  reward_max: 0.1746  reward_mean: -0.1121  reward_min: -6.4355  value_loss: 2.0685
Step:   890000  |  score: 108.25 ± 0.42  |  actor_loss: -1.9962  cost_loss: 1.3595  q_loss: 0.1014  reward_max: 0.0779  reward_mean: -0.1164  reward_min: -6.4013  value_loss: 1.8673
Step:   900000  |  score: 108.72 ± 0.17  |  actor_loss: -2.1102  cost_loss: 1.3563  q_loss: 0.0911  reward_max: 0.2345  reward_mean: -0.1557  reward_min: -6.4707  value_loss: 1.6831
Step:   910000  |  score: 108.67 ± 0.16  |  actor_loss: -2.3578  cost_loss: 1.3725  q_loss: 0.0167  reward_max: 0.1301  reward_mean: -0.0475  reward_min: -6.2797  value_loss: 2.5109
Step:   920000  |  score: 108.10 ± 0.52  |  actor_loss: -2.3039  cost_loss: 1.3608  q_loss: 0.1161  reward_max: 0.0865  reward_mean: -0.1032  reward_min: -6.2092  value_loss: 2.0360
Step:   930000  |  score: 108.48 ± 0.13  |  actor_loss: -2.2793  cost_loss: 1.3675  q_loss: 0.0352  reward_max: 0.2369  reward_mean: -0.0701  reward_min: -6.3315  value_loss: 2.2372
Step:   940000  |  score: 108.87 ± 0.25  |  actor_loss: -2.0016  cost_loss: 1.3586  q_loss: 0.0728  reward_max: 0.1600  reward_mean: -0.1420  reward_min: -6.4815  value_loss: 1.6217
Step:   950000  |  score: 108.11 ± 0.21  |  actor_loss: -2.3164  cost_loss: 1.3686  q_loss: 0.0325  reward_max: 0.0825  reward_mean: -0.0708  reward_min: -6.2138  value_loss: 2.2561
Step:   960000  |  score: 108.00 ± 0.30  |  actor_loss: -2.3961  cost_loss: 1.3582  q_loss: 0.1782  reward_max: 0.0941  reward_mean: -0.1235  reward_min: -6.2455  value_loss: 1.7190
Step:   970000  |  score: 108.91 ± 0.14  |  actor_loss: -2.2409  cost_loss: 1.3618  q_loss: 0.0911  reward_max: 0.1306  reward_mean: -0.1145  reward_min: -6.3890  value_loss: 1.8333
Step:   980000  |  score: 108.44 ± 0.37  |  actor_loss: -2.1138  cost_loss: 1.3577  q_loss: 0.2975  reward_max: 0.2601  reward_mean: -0.1310  reward_min: -6.2835  value_loss: 1.6709
Step:   990000  |  score: 108.76 ± 0.16  |  actor_loss: -1.9477  cost_loss: 1.3518  q_loss: 0.1297  reward_max: 0.1480  reward_mean: -0.1783  reward_min: -6.3700  value_loss: 1.1561
Step:  1000000  |  score: 109.00 ± 0.11  |  actor_loss: -2.4217  cost_loss: 1.3732  q_loss: 0.0414  reward_max: 0.1469  reward_mean: -0.0255  reward_min: -6.4207  value_loss: 2.5237
Step:  1010000  |  score: 108.69 ± 0.18  |  actor_loss: -2.2394  cost_loss: 1.3628  q_loss: 0.0803  reward_max: 0.2217  reward_mean: -0.1022  reward_min: -6.4593  value_loss: 2.1193
Step:  1020000  |  score: 108.80 ± 0.24  |  actor_loss: -2.1045  cost_loss: 1.3624  q_loss: 0.0563  reward_max: 0.1355  reward_mean: -0.0976  reward_min: -6.5127  value_loss: 1.9765
Step:  1030000  |  score: 109.22 ± 0.16  |  actor_loss: -2.3756  cost_loss: 1.3633  q_loss: 0.0349  reward_max: 0.2091  reward_mean: -0.1110  reward_min: -6.4750  value_loss: 2.0142
Step:  1040000  |  score: 108.55 ± 0.30  |  actor_loss: -2.0864  cost_loss: 1.3706  q_loss: 0.0404  reward_max: 0.1971  reward_mean: -0.0641  reward_min: -6.4787  value_loss: 2.2724
Step:  1050000  |  score: 108.41 ± 0.34  |  actor_loss: -2.1291  cost_loss: 1.3508  q_loss: 0.1062  reward_max: 0.1359  reward_mean: -0.2053  reward_min: -6.5676  value_loss: 1.4494
Step:  1060000  |  score: 109.00 ± 0.16  |  actor_loss: -2.4650  cost_loss: 1.3729  q_loss: 0.0185  reward_max: 0.1189  reward_mean: -0.0256  reward_min: -5.9902  value_loss: 2.4133
Step:  1070000  |  score: 108.27 ± 0.37  |  actor_loss: -2.1265  cost_loss: 1.3667  q_loss: 0.0428  reward_max: 0.0893  reward_mean: -0.0861  reward_min: -6.5863  value_loss: 2.1359
Step:  1080000  |  score: 108.96 ± 0.34  |  actor_loss: -1.7614  cost_loss: 1.3609  q_loss: 0.0826  reward_max: 0.1433  reward_mean: -0.1222  reward_min: -6.5354  value_loss: 1.9202
Step:  1090000  |  score: 108.45 ± 0.39  |  actor_loss: -1.8710  cost_loss: 1.3507  q_loss: 0.1101  reward_max: 0.3154  reward_mean: -0.2063  reward_min: -6.6315  value_loss: 1.7501
Step:  1100000  |  score: 87.81 ± 35.82  |  actor_loss: -1.9840  cost_loss: 1.3553  q_loss: 0.0631  reward_max: 0.2291  reward_mean: -0.1908  reward_min: -6.5239  value_loss: 1.4966
Step:  1110000  |  score: 108.44 ± 0.26  |  actor_loss: -1.8529  cost_loss: 1.3553  q_loss: 0.0644  reward_max: 0.0968  reward_mean: -0.1598  reward_min: -6.4940  value_loss: 1.5817
Step:  1120000  |  score: 109.02 ± 0.17  |  actor_loss: -1.9766  cost_loss: 1.3595  q_loss: 0.0605  reward_max: 0.1137  reward_mean: -0.1236  reward_min: -6.5656  value_loss: 1.7658
Step:  1130000  |  score: 109.53 ± 0.12  |  actor_loss: -1.1087  cost_loss: 1.3530  q_loss: 0.1808  reward_max: 0.0842  reward_mean: -0.1935  reward_min: -6.4619  value_loss: 1.6085
Step:  1140000  |  score: 108.15 ± 0.47  |  actor_loss: -2.2018  cost_loss: 1.3592  q_loss: 0.0890  reward_max: 0.1202  reward_mean: -0.1290  reward_min: -6.1414  value_loss: 1.6580
Step:  1150000  |  score: 108.29 ± 0.17  |  actor_loss: -2.0459  cost_loss: 1.3610  q_loss: 0.0451  reward_max: 0.1370  reward_mean: -0.1188  reward_min: -6.4345  value_loss: 1.7111
Step:  1160000  |  score: 108.43 ± 0.35  |  actor_loss: -1.9682  cost_loss: 1.3620  q_loss: 0.1238  reward_max: 0.1056  reward_mean: -0.1187  reward_min: -6.3360  value_loss: 2.1041
Step:  1170000  |  score: 108.88 ± 0.11  |  actor_loss: -1.7570  cost_loss: 1.3543  q_loss: 0.0864  reward_max: 0.1009  reward_mean: -0.1706  reward_min: -6.3866  value_loss: 1.7731
Step:  1180000  |  score: 108.85 ± 0.16  |  actor_loss: -2.0894  cost_loss: 1.3600  q_loss: 0.0543  reward_max: 0.1186  reward_mean: -0.1244  reward_min: -6.4070  value_loss: 1.7886
Step:  1190000  |  score: 108.83 ± 0.22  |  actor_loss: -2.0993  cost_loss: 1.3642  q_loss: 0.0380  reward_max: 0.1599  reward_mean: -0.0916  reward_min: -6.4785  value_loss: 1.9629
Step:  1200000  |  score: 108.01 ± 0.54  |  actor_loss: -2.1340  cost_loss: 1.3580  q_loss: 0.0453  reward_max: 0.0932  reward_mean: -0.1417  reward_min: -6.6177  value_loss: 1.7994
Step:  1210000  |  score: 108.55 ± 0.61  |  actor_loss: -2.1488  cost_loss: 1.3513  q_loss: 0.0876  reward_max: 0.1418  reward_mean: -0.1759  reward_min: -6.3983  value_loss: 1.8355
Step:  1220000  |  score: 108.26 ± 0.27  |  actor_loss: -2.0416  cost_loss: 1.3586  q_loss: 0.1027  reward_max: 0.1089  reward_mean: -0.1406  reward_min: -6.4082  value_loss: 1.6873
Step:  1230000  |  score: 108.64 ± 0.38  |  actor_loss: -1.7970  cost_loss: 1.3558  q_loss: 0.0561  reward_max: 0.1137  reward_mean: -0.1451  reward_min: -6.6076  value_loss: 1.8654
Step:  1240000  |  score: 108.30 ± 0.39  |  actor_loss: -2.3332  cost_loss: 1.3705  q_loss: 0.1238  reward_max: 0.1100  reward_mean: -0.0503  reward_min: -6.4589  value_loss: 2.4591
Step:  1250000  |  score: 108.59 ± 0.22  |  actor_loss: -2.5039  cost_loss: 1.3581  q_loss: 0.0578  reward_max: 0.1260  reward_mean: -0.1605  reward_min: -6.4663  value_loss: 1.7985
Step:  1260000  |  score: 108.56 ± 0.24  |  actor_loss: -1.8528  cost_loss: 1.3649  q_loss: 0.0393  reward_max: 0.1126  reward_mean: -0.0897  reward_min: -6.4180  value_loss: 2.0166
Step:  1270000  |  score: 107.98 ± 0.18  |  actor_loss: -2.0654  cost_loss: 1.3623  q_loss: 0.0639  reward_max: 0.1353  reward_mean: -0.1044  reward_min: -6.5516  value_loss: 1.8851
Step:  1280000  |  score: 108.31 ± 0.19  |  actor_loss: -2.0071  cost_loss: 1.3661  q_loss: 0.0378  reward_max: 0.1436  reward_mean: -0.0927  reward_min: -6.3193  value_loss: 2.0481
Step:  1290000  |  score: 108.45 ± 0.15  |  actor_loss: -2.1723  cost_loss: 1.3652  q_loss: 0.0989  reward_max: 0.1939  reward_mean: -0.0877  reward_min: -6.3851  value_loss: 1.9629
Step:  1300000  |  score: 108.90 ± 0.10  |  actor_loss: -1.7345  cost_loss: 1.3555  q_loss: 0.0641  reward_max: 0.2198  reward_mean: -0.1774  reward_min: -6.4037  value_loss: 1.4871
Step:  1310000  |  score: 108.75 ± 0.25  |  actor_loss: -2.2714  cost_loss: 1.3651  q_loss: 0.1636  reward_max: 0.1791  reward_mean: -0.1085  reward_min: -6.4502  value_loss: 2.0558
Step:  1320000  |  score: 109.13 ± 0.16  |  actor_loss: -2.0439  cost_loss: 1.3610  q_loss: 0.0626  reward_max: 0.2089  reward_mean: -0.1075  reward_min: -6.3930  value_loss: 1.9276
Step:  1330000  |  score: 108.76 ± 0.11  |  actor_loss: -2.3153  cost_loss: 1.3554  q_loss: 0.1054  reward_max: 0.0803  reward_mean: -0.1681  reward_min: -6.4464  value_loss: 1.1881
Step:  1340000  |  score: 108.85 ± 0.20  |  actor_loss: -2.0133  cost_loss: 1.3558  q_loss: 0.0707  reward_max: 0.1464  reward_mean: -0.1752  reward_min: -6.4576  value_loss: 1.5842
Step:  1350000  |  score: 108.74 ± 0.15  |  actor_loss: -1.9194  cost_loss: 1.3621  q_loss: 0.1466  reward_max: 0.1815  reward_mean: -0.1222  reward_min: -6.5637  value_loss: 1.9180
Step:  1360000  |  score: 108.88 ± 0.18  |  actor_loss: -1.9652  cost_loss: 1.3544  q_loss: 0.0372  reward_max: 0.1278  reward_mean: -0.1773  reward_min: -6.5175  value_loss: 1.4995
Step:  1370000  |  score: 109.04 ± 0.09  |  actor_loss: -2.1437  cost_loss: 1.3492  q_loss: 0.0722  reward_max: 0.2424  reward_mean: -0.2227  reward_min: -6.4996  value_loss: 1.3404
Step:  1380000  |  score: 109.23 ± 0.16  |  actor_loss: -2.2059  cost_loss: 1.3589  q_loss: 0.0717  reward_max: 0.3444  reward_mean: -0.1294  reward_min: -6.4127  value_loss: 1.8000
Step:  1390000  |  score: 108.98 ± 0.23  |  actor_loss: -2.5591  cost_loss: 1.3700  q_loss: 0.0410  reward_max: 0.1897  reward_mean: -0.0547  reward_min: -6.4165  value_loss: 2.2544
Step:  1400000  |  score: 109.04 ± 0.23  |  actor_loss: -2.5288  cost_loss: 1.3626  q_loss: 0.1127  reward_max: 0.1652  reward_mean: -0.1137  reward_min: -6.3460  value_loss: 1.8045
Step:  1410000  |  score: 108.90 ± 0.11  |  actor_loss: -2.0778  cost_loss: 1.3573  q_loss: 0.0690  reward_max: 0.1018  reward_mean: -0.1627  reward_min: -6.4963  value_loss: 1.5981
Step:  1420000  |  score: 108.18 ± 0.41  |  actor_loss: -2.3860  cost_loss: 1.3653  q_loss: 0.0790  reward_max: 0.1033  reward_mean: -0.0737  reward_min: -6.5771  value_loss: 2.0216
Step:  1430000  |  score: 109.03 ± 0.10  |  actor_loss: -1.8180  cost_loss: 1.3608  q_loss: 0.0978  reward_max: 0.0877  reward_mean: -0.1044  reward_min: -6.3881  value_loss: 1.7600
Step:  1440000  |  score: 108.45 ± 0.16  |  actor_loss: -1.5993  cost_loss: 1.3597  q_loss: 0.0645  reward_max: 0.1328  reward_mean: -0.1545  reward_min: -6.5817  value_loss: 1.8401
Step:  1450000  |  score: 108.84 ± 0.11  |  actor_loss: -2.4052  cost_loss: 1.3605  q_loss: 0.0297  reward_max: 0.1283  reward_mean: -0.1261  reward_min: -6.5165  value_loss: 1.9213
Step:  1460000  |  score: 107.94 ± 0.47  |  actor_loss: -2.3760  cost_loss: 1.3621  q_loss: 0.0901  reward_max: 0.1036  reward_mean: -0.1148  reward_min: -6.5666  value_loss: 2.1103
Step:  1470000  |  score: 108.84 ± 0.19  |  actor_loss: -2.0302  cost_loss: 1.3550  q_loss: 0.1017  reward_max: 0.1128  reward_mean: -0.1659  reward_min: -6.6262  value_loss: 1.6984
Step:  1480000  |  score: 108.65 ± 0.46  |  actor_loss: -1.7474  cost_loss: 1.3601  q_loss: 0.0635  reward_max: 0.1003  reward_mean: -0.1254  reward_min: -6.5023  value_loss: 1.9120
Step:  1490000  |  score: 109.01 ± 0.21  |  actor_loss: -2.2747  cost_loss: 1.3644  q_loss: 0.0774  reward_max: 0.1928  reward_mean: -0.1005  reward_min: -6.3598  value_loss: 1.8226
Step:  1500000  |  score: 108.21 ± 0.32  |  actor_loss: -2.5129  cost_loss: 1.3611  q_loss: 0.0788  reward_max: 0.0856  reward_mean: -0.1213  reward_min: -6.5748  value_loss: 1.8151
Step:  1510000  |  score: 108.71 ± 0.15  |  actor_loss: -2.1541  cost_loss: 1.3715  q_loss: 0.1425  reward_max: 0.2166  reward_mean: -0.0406  reward_min: -6.4906  value_loss: 2.3512
Step:  1520000  |  score: 108.68 ± 0.20  |  actor_loss: -1.7240  cost_loss: 1.3640  q_loss: 0.0639  reward_max: 0.3118  reward_mean: -0.1085  reward_min: -6.5587  value_loss: 2.0677
Step:  1530000  |  score: 108.20 ± 0.34  |  actor_loss: -2.2383  cost_loss: 1.3617  q_loss: 0.0531  reward_max: 0.1766  reward_mean: -0.1198  reward_min: -6.4973  value_loss: 1.8307
Step:  1540000  |  score: 108.47 ± 0.10  |  actor_loss: -1.9235  cost_loss: 1.3520  q_loss: 0.0665  reward_max: 0.1230  reward_mean: -0.1848  reward_min: -6.5685  value_loss: 1.5101
Step:  1550000  |  score: 109.00 ± 0.19  |  actor_loss: -2.4097  cost_loss: 1.3728  q_loss: 0.0367  reward_max: 0.1273  reward_mean: -0.0290  reward_min: -5.6472  value_loss: 2.3764
Step:  1560000  |  score: 108.73 ± 0.26  |  actor_loss: -2.0696  cost_loss: 1.3651  q_loss: 0.0278  reward_max: 0.1609  reward_mean: -0.0977  reward_min: -6.4611  value_loss: 2.0923
Step:  1570000  |  score: 108.76 ± 0.21  |  actor_loss: -1.9509  cost_loss: 1.3506  q_loss: 0.0678  reward_max: 0.0769  reward_mean: -0.2113  reward_min: -6.5520  value_loss: 1.3884
Step:  1580000  |  score: 109.19 ± 0.18  |  actor_loss: -2.1818  cost_loss: 1.3617  q_loss: 0.0734  reward_max: 0.2045  reward_mean: -0.1303  reward_min: -6.4089  value_loss: 1.9655
Step:  1590000  |  score: 108.40 ± 0.35  |  actor_loss: -2.3480  cost_loss: 1.3559  q_loss: 0.0790  reward_max: 0.1252  reward_mean: -0.1739  reward_min: -6.3297  value_loss: 1.7506
Step:  1600000  |  score: 108.59 ± 0.21  |  actor_loss: -2.0080  cost_loss: 1.3609  q_loss: 0.1038  reward_max: 0.1024  reward_mean: -0.1355  reward_min: -6.4373  value_loss: 1.9784
Step:  1610000  |  score: 108.69 ± 0.13  |  actor_loss: -2.2767  cost_loss: 1.3566  q_loss: 0.0649  reward_max: 0.1379  reward_mean: -0.1623  reward_min: -6.6014  value_loss: 1.7324
Step:  1620000  |  score: 108.45 ± 0.27  |  actor_loss: -2.0466  cost_loss: 1.3625  q_loss: 0.0569  reward_max: 0.3477  reward_mean: -0.1106  reward_min: -6.4604  value_loss: 1.9561
Step:  1630000  |  score: 108.42 ± 0.13  |  actor_loss: -2.0784  cost_loss: 1.3542  q_loss: 0.0631  reward_max: 0.3425  reward_mean: -0.1772  reward_min: -6.4403  value_loss: 1.7920
Step:  1640000  |  score: 108.56 ± 0.32  |  actor_loss: -2.4136  cost_loss: 1.3577  q_loss: 0.1360  reward_max: 0.0949  reward_mean: -0.1363  reward_min: -6.5692  value_loss: 1.3800
Step:  1650000  |  score: 108.86 ± 0.26  |  actor_loss: -2.3435  cost_loss: 1.3599  q_loss: 0.0929  reward_max: 0.1370  reward_mean: -0.1155  reward_min: -6.3935  value_loss: 1.9661
Step:  1660000  |  score: 108.95 ± 0.12  |  actor_loss: -1.9353  cost_loss: 1.3596  q_loss: 0.1308  reward_max: 0.2546  reward_mean: -0.1166  reward_min: -6.5362  value_loss: 1.8069
Step:  1670000  |  score: 108.79 ± 0.36  |  actor_loss: -1.2800  cost_loss: 1.3581  q_loss: 0.0891  reward_max: 0.1070  reward_mean: -0.1528  reward_min: -6.6313  value_loss: 1.7482
Step:  1680000  |  score: 108.89 ± 0.16  |  actor_loss: -2.3767  cost_loss: 1.3594  q_loss: 0.0746  reward_max: 0.1290  reward_mean: -0.1316  reward_min: -6.4670  value_loss: 1.5984
Step:  1690000  |  score: 108.23 ± 0.29  |  actor_loss: -2.3587  cost_loss: 1.3639  q_loss: 0.0730  reward_max: 0.2243  reward_mean: -0.1090  reward_min: -6.4401  value_loss: 1.9158
Step:  1700000  |  score: 108.55 ± 0.22  |  actor_loss: -1.9764  cost_loss: 1.3568  q_loss: 0.0802  reward_max: 0.1574  reward_mean: -0.1527  reward_min: -6.3863  value_loss: 1.7167
Step:  1710000  |  score: 108.45 ± 0.26  |  actor_loss: -2.1833  cost_loss: 1.3588  q_loss: 0.1310  reward_max: 0.1838  reward_mean: -0.1432  reward_min: -6.5695  value_loss: 1.7851
Step:  1720000  |  score: 108.71 ± 0.10  |  actor_loss: -2.2289  cost_loss: 1.3574  q_loss: 0.0727  reward_max: 0.2189  reward_mean: -0.1430  reward_min: -6.5470  value_loss: 1.6874
Step:  1730000  |  score: 108.84 ± 0.44  |  actor_loss: -2.3907  cost_loss: 1.3625  q_loss: 0.1143  reward_max: 0.1315  reward_mean: -0.1013  reward_min: -6.3858  value_loss: 1.8690
Step:  1740000  |  score: 108.00 ± 0.43  |  actor_loss: -2.2142  cost_loss: 1.3674  q_loss: 0.0554  reward_max: 0.1193  reward_mean: -0.0848  reward_min: -6.4799  value_loss: 2.0939
Step:  1750000  |  score: 108.53 ± 0.15  |  actor_loss: -2.2697  cost_loss: 1.3638  q_loss: 0.0586  reward_max: 0.1050  reward_mean: -0.0866  reward_min: -6.3626  value_loss: 2.1345
Step:  1760000  |  score: 108.69 ± 0.16  |  actor_loss: -2.5871  cost_loss: 1.3642  q_loss: 0.0655  reward_max: 0.1431  reward_mean: -0.1041  reward_min: -6.3837  value_loss: 2.0681
Step:  1770000  |  score: 109.02 ± 0.08  |  actor_loss: -2.3169  cost_loss: 1.3717  q_loss: 0.0369  reward_max: 0.0830  reward_mean: -0.0402  reward_min: -6.5250  value_loss: 2.4801
Step:  1780000  |  score: 108.57 ± 0.11  |  actor_loss: -2.1731  cost_loss: 1.3660  q_loss: 0.1010  reward_max: 0.1232  reward_mean: -0.0772  reward_min: -6.4823  value_loss: 2.1693
Step:  1790000  |  score: 108.02 ± 0.30  |  actor_loss: -1.9352  cost_loss: 1.3509  q_loss: 0.1152  reward_max: 0.1563  reward_mean: -0.2071  reward_min: -6.5634  value_loss: 1.4291
Step:  1800000  |  score: 108.93 ± 0.23  |  actor_loss: -2.0951  cost_loss: 1.3564  q_loss: 0.2907  reward_max: 0.1055  reward_mean: -0.1580  reward_min: -6.6406  value_loss: 1.8548
Step:  1810000  |  score: 108.80 ± 0.32  |  actor_loss: -2.4176  cost_loss: 1.3605  q_loss: 0.0318  reward_max: 0.1753  reward_mean: -0.1460  reward_min: -6.5208  value_loss: 1.7493
Step:  1820000  |  score: 108.62 ± 0.16  |  actor_loss: -2.1800  cost_loss: 1.3645  q_loss: 0.0629  reward_max: 0.1029  reward_mean: -0.0827  reward_min: -6.0524  value_loss: 1.8610
Step:  1830000  |  score: 108.39 ± 0.21  |  actor_loss: -1.2843  cost_loss: 1.3576  q_loss: 0.1348  reward_max: 0.1548  reward_mean: -0.1612  reward_min: -6.3952  value_loss: 1.7300
Step:  1840000  |  score: 109.01 ± 0.46  |  actor_loss: -1.5038  cost_loss: 1.3542  q_loss: 0.0935  reward_max: 0.1405  reward_mean: -0.1822  reward_min: -6.4634  value_loss: 1.5384
Step:  1850000  |  score: 108.54 ± 0.26  |  actor_loss: -2.2621  cost_loss: 1.3581  q_loss: 0.0826  reward_max: 0.2014  reward_mean: -0.1395  reward_min: -6.3787  value_loss: 1.8049
Step:  1860000  |  score: 108.44 ± 0.18  |  actor_loss: -2.3521  cost_loss: 1.3661  q_loss: 0.0987  reward_max: 0.1270  reward_mean: -0.0852  reward_min: -6.3191  value_loss: 1.8507
Step:  1870000  |  score: 108.31 ± 0.18  |  actor_loss: -2.4025  cost_loss: 1.3701  q_loss: 0.0311  reward_max: 0.1618  reward_mean: -0.0591  reward_min: -6.5767  value_loss: 2.3629
Step:  1880000  |  score: 108.74 ± 0.26  |  actor_loss: -2.0135  cost_loss: 1.3548  q_loss: 0.1198  reward_max: 0.1592  reward_mean: -0.1705  reward_min: -6.6267  value_loss: 1.5519
Step:  1890000  |  score: 108.50 ± 0.37  |  actor_loss: -2.6535  cost_loss: 1.3632  q_loss: 0.0573  reward_max: 0.1251  reward_mean: -0.1032  reward_min: -6.4171  value_loss: 2.1598
Step:  1900000  |  score: 108.27 ± 0.30  |  actor_loss: -2.2664  cost_loss: 1.3560  q_loss: 0.1203  reward_max: 0.2448  reward_mean: -0.1495  reward_min: -6.4345  value_loss: 1.4964
Step:  1910000  |  score: 107.87 ± 0.42  |  actor_loss: -2.3039  cost_loss: 1.3628  q_loss: 0.0358  reward_max: 0.1828  reward_mean: -0.1183  reward_min: -6.4462  value_loss: 1.8641
Step:  1920000  |  score: 108.80 ± 0.23  |  actor_loss: -2.2838  cost_loss: 1.3533  q_loss: 0.0717  reward_max: 0.1491  reward_mean: -0.1786  reward_min: -6.5765  value_loss: 1.6712
Step:  1930000  |  score: 108.08 ± 0.46  |  actor_loss: -2.0558  cost_loss: 1.3534  q_loss: 0.0681  reward_max: 0.1163  reward_mean: -0.1714  reward_min: -6.3586  value_loss: 1.2747
Step:  1940000  |  score: 108.69 ± 0.09  |  actor_loss: -2.4501  cost_loss: 1.3540  q_loss: 0.1878  reward_max: 0.1054  reward_mean: -0.1808  reward_min: -6.5675  value_loss: 1.4548
Step:  1950000  |  score: 109.07 ± 0.28  |  actor_loss: -2.4015  cost_loss: 1.3568  q_loss: 0.0682  reward_max: 0.0654  reward_mean: -0.1679  reward_min: -6.4726  value_loss: 1.8666
Step:  1960000  |  score: 108.45 ± 0.30  |  actor_loss: -1.4820  cost_loss: 1.3550  q_loss: 0.1307  reward_max: 0.1877  reward_mean: -0.1570  reward_min: -6.5230  value_loss: 1.5008
Step:  1970000  |  score: 108.28 ± 0.39  |  actor_loss: -2.0951  cost_loss: 1.3578  q_loss: 0.0610  reward_max: 0.2083  reward_mean: -0.1587  reward_min: -6.5101  value_loss: 1.7097
Step:  1980000  |  score: 108.08 ± 0.42  |  actor_loss: -2.1350  cost_loss: 1.3578  q_loss: 0.0464  reward_max: 0.1058  reward_mean: -0.1569  reward_min: -6.5419  value_loss: 1.6997
Step:  1990000  |  score: 108.42 ± 0.20  |  actor_loss: -2.3167  cost_loss: 1.3656  q_loss: 0.0773  reward_max: 0.1133  reward_mean: -0.0998  reward_min: -6.4668  value_loss: 1.8869
Step:  2000000  |  score: 108.31 ± 0.49  |  actor_loss: -2.1514  cost_loss: 1.3607  q_loss: 0.0652  reward_max: 0.2343  reward_mean: -0.1266  reward_min: -6.6324  value_loss: 2.1036
Final evaluation (13 iterations)...
Final score: 108.43 ± 0.42
wandb: WARNING Symlinked 1 file into the W&B run directory; call wandb.save again to sync new files.
wandb: updating run metadata
wandb: uploading final_returns/bdemodice_walker2d-expert-v2_2026-03-18_18-15-19.npz; uploading output.log; uploading wandb-summary.json; uploading config.yaml
wandb: uploading final_returns/bdemodice_walker2d-expert-v2_2026-03-18_18-15-19.npz; uploading output.log
wandb: uploading summary, console lines 214-215
wandb: 
wandb: Run history:
wandb:  actor_loss █▃▂▂▂▁▂▂▁▂▁▁▁▂▂▁▁▂▂▃▂▁▁▁▁▂▁▁▁▂▁▂▁▂▁▁▁▂▂▁
wandb:   cost_loss ▅▅▆▁█▄▅▅▇▅▆▅▃▄▅▅▃▃▄▅▅▃▄█▄▅▂▄▁▃▄▄▅▄▃▇▃▇▅▄
wandb: num_updates ▁▁▁▁▁▁▂▂▂▂▃▃▃▃▃▄▄▄▄▄▅▅▅▅▅▅▅▅▆▆▆▇▇▇▇▇▇▇██
wandb:      q_loss ▆▅▄▄█▂▂▂▂▂▂▃▂▂▂▁▁▂▆▂▁▂▂▂▁▂▂▃▂▁▃▁▂▂▂▂▂▂▆▂
wandb:      return ████▁▇█▁██▇█████████████████████████████
wandb:  reward_max █▂▅▂▂▁▁▂▃▃▁▂▁▃▁▂▅▃▂▁▃▂▂▂▂▃▁▂▄▁▁▅▂▃▃▂▃▃▂▂
wandb: reward_mean ▆▆▄▃▆▃▆▄▇▆▇▇▃▅▃▂▂▄▅▄▅▃▃▁▅▅▂█▃▄▄▄▅▆▂▄▇▅▅▃
wandb:  reward_min █▇▃▂▁▁▁▂▄▃▃▂▂▂▂▂▁▁▃▁▂▂▂▂▁▂▂▁▁▁▁▁▂▂▂▂▁▃▁▁
wandb:       score ████▄▄██▁███████████████████████████████
wandb:   score_std ▁▁▁▁▁▁█▁▁▁▁▁▁▁▁▁▁▁▁▁▁▁▁▁▁▁▁▁▁▁▁▁▁▁▁▁▁▁▁▁
wandb:          +1 ...
wandb: 
wandb: Run summary:
wandb:  actor_loss -2.15141
wandb:   cost_loss 1.36065
wandb: num_updates 2000000
wandb:      q_loss 0.06515
wandb:      return 4973.95158
wandb:  reward_max 0.2343
wandb: reward_mean -0.12656
wandb:  reward_min -6.63242
wandb:       score 108.31363
wandb:   score_std 0.48708
wandb:          +1 ...
wandb: 
wandb: 🚀 View run bdemodice_walker2d_M3_s2 at: https://wandb.ai/wsk208/DemoDICE/runs/bln5wzld
wandb: ⭐️ View project at: https://wandb.ai/wsk208/DemoDICE
wandb: Synced 5 W&B file(s), 0 media file(s), 0 artifact file(s) and 1 other file(s)
wandb: Find logs at: ./wandb/run-20260318_174927-bln5wzld/logs
