Warning: All of online environments libraries in D4RL have been moved ]8;;https://github.com/Farama-Foundation/Gymnasium\Gymnasium]8;;\, ]8;;https://github.com/Farama-Foundation/MiniGrid\MiniGrid]8;;\ and ]8;;https://github.com/Farama-Foundation/Gymnasium-Robotics\Gymnasium-Robotics]8;;\, and all offline datasets in D4RL have been moved to ]8;;https://github.com/Farama-Foundation/Minari\Minari]8;;\.
These new versions include large bug fixes, new versions of Python, and are where all new development will continue. Please upgrade these libraries as soon as you're able to do so.
If you'd like to read more about the story behind this switch, please check out ]8;;https://farama.org/Announcing-Minari\this blog post]8;;\.
Gym has been unmaintained since 2022 and does not support NumPy 2.0 amongst other critical functionality.
Please upgrade to Gymnasium, the maintained drop-in replacement of Gym, or contact the authors of your software and request that they upgrade.
See the migration guide at https://gymnasium.farama.org/introduction/migration_guide/ for additional information.
/opt/venv/lib/python3.10/site-packages/Cython/Distutils/old_build_ext.py:15: DeprecationWarning: dep_util is Deprecated. Use functions from setuptools instead.
  from distutils.dep_util import newer, newer_group
<frozen importlib._bootstrap>:283: DeprecationWarning: the load_module() method is deprecated and slated for removal in Python 3.12; use exec_module() instead
pybullet build time: Jan 29 2025 23:16:28
wandb: [wandb.login()] Loaded credentials for https://api.wandb.ai from /root/.netrc.
wandb: Currently logged in as: wsk208 to https://api.wandb.ai. Use `wandb login --relogin` to force relogin
/opt/venv/lib/python3.10/site-packages/wandb/analytics/sentry.py:268: DeprecationWarning: Read the `app_url` setting from the appropriate Settings object.
  app_url = wandb.util.app_url(tags["base_url"])  # type: ignore[index]
/opt/venv/lib/python3.10/site-packages/wandb/analytics/sentry.py:279: DeprecationWarning: The `Scope.user` setter is deprecated in favor of `Scope.set_user()`.
  self.scope.user = {"email": email}
wandb: setting up run eabd4k5x
/opt/venv/lib/python3.10/site-packages/wandb/analytics/sentry.py:268: DeprecationWarning: Read the `app_url` setting from the appropriate Settings object.
  app_url = wandb.util.app_url(tags["base_url"])  # type: ignore[index]
/opt/venv/lib/python3.10/site-packages/wandb/analytics/sentry.py:279: DeprecationWarning: The `Scope.user` setter is deprecated in favor of `Scope.set_user()`.
  self.scope.user = {"email": email}
wandb: Tracking run with wandb version 0.25.1
wandb: Run data is saved locally in /app/wandb/run-20260318_180458-eabd4k5x
wandb: Run `wandb offline` to turn off syncing.
wandb: Syncing run bdemodice_walker2d_M4_s0
wandb: ⭐️ View project at https://wandb.ai/wsk208/DemoDICE
wandb: 🚀 View run at https://wandb.ai/wsk208/DemoDICE/runs/eabd4k5x
/opt/venv/lib/python3.10/site-packages/gym/spaces/box.py:84: UserWarning: [33mWARN: Box bound precision lowered by casting to float32[0m
  logger.warn(f"Box bound precision lowered by casting to {self.dtype}")
load datafile:   0%|          | 0/21 [00:00<?, ?it/s]load datafile:   5%|▍         | 1/21 [00:00<00:03,  5.86it/s]load datafile:  14%|█▍        | 3/21 [00:00<00:03,  5.26it/s]load datafile:  19%|█▉        | 4/21 [00:00<00:04,  4.02it/s]load datafile:  81%|████████  | 17/21 [00:01<00:00, 15.54it/s]load datafile:  90%|█████████ | 19/21 [00:01<00:00, 10.89it/s]load datafile: 100%|██████████| 21/21 [00:01<00:00, 11.25it/s]
Expert  :  999000 transitions  (walker2d-expert-v2, 100 traj)
load datafile:   0%|          | 0/9 [00:00<?, ?it/s]load datafile:  11%|█         | 1/9 [00:00<00:01,  6.26it/s]load datafile:  33%|███▎      | 3/9 [00:00<00:01,  5.47it/s]load datafile:  44%|████▍     | 4/9 [00:00<00:01,  4.10it/s]load datafile:  56%|█████▌    | 5/9 [00:01<00:01,  3.21it/s]load datafile:  67%|██████▋   | 6/9 [00:01<00:01,  2.81it/s]load datafile: 100%|██████████| 9/9 [00:01<00:00,  4.92it/s]
Imperfect:   31801 transitions  (walker2d-random-v2, 1600 traj)
Union   : 1030801 transitions total
/root/.local/share/uv/python/cpython-3.10-linux-x86_64-gnu/lib/python3.10/multiprocessing/popen_fork.py:66: RuntimeWarning: os.fork() was called. os.fork() is incompatible with multithreaded code, and JAX is multithreaded, so this will likely lead to a deadlock.
  self.pid = os.fork()
/opt/venv/lib/python3.10/site-packages/tensorflow_probability/python/internal/backend/jax/ops.py:681: DeprecationWarning: jax.interpreters.xla.pytype_aval_mappings is deprecated.
  jax.interpreters.xla.pytype_aval_mappings[onp.ndarray])
/opt/venv/lib/python3.10/site-packages/gym/spaces/box.py:84: UserWarning: [33mWARN: Box bound precision lowered by casting to float32[0m
  logger.warn(f"Box bound precision lowered by casting to {self.dtype}")
Step:    10000  |  score: 11.58 ± 2.07  |  actor_loss: 3.9518  cost_loss: 1.3698  q_loss: 0.1545  reward_max: 0.1450  reward_mean: -0.0573  reward_min: -5.2952  value_loss: 0.5610
Step:    20000  |  score: 51.88 ± 16.49  |  actor_loss: 2.3260  cost_loss: 1.3645  q_loss: 0.3823  reward_max: 0.2119  reward_mean: -0.0925  reward_min: -4.8896  value_loss: 0.9941
Step:    30000  |  score: 107.60 ± 0.35  |  actor_loss: 0.8358  cost_loss: 1.3672  q_loss: 0.1142  reward_max: 0.1562  reward_mean: -0.0384  reward_min: -6.1054  value_loss: 1.5296
Step:    40000  |  score: 46.84 ± 46.63  |  actor_loss: -0.1435  cost_loss: 1.3644  q_loss: 0.1132  reward_max: 0.3398  reward_mean: -0.0702  reward_min: -5.4625  value_loss: 1.7220
Step:    50000  |  score: 63.45 ± 44.12  |  actor_loss: -1.2592  cost_loss: 1.3649  q_loss: 0.1004  reward_max: 0.1791  reward_mean: -0.0658  reward_min: -5.9457  value_loss: 1.9684
Step:    60000  |  score: 107.80 ± 0.63  |  actor_loss: -1.6779  cost_loss: 1.3613  q_loss: 0.2363  reward_max: 0.1333  reward_mean: -0.0684  reward_min: -6.5095  value_loss: 1.7022
Step:    70000  |  score: 108.36 ± 0.41  |  actor_loss: -0.2282  cost_loss: 1.3597  q_loss: 0.1705  reward_max: 0.1632  reward_mean: -0.0987  reward_min: -6.2406  value_loss: 1.9738
Step:    80000  |  score: 109.01 ± 0.58  |  actor_loss: -2.0119  cost_loss: 1.3627  q_loss: 0.0972  reward_max: 0.1787  reward_mean: -0.1094  reward_min: -5.8038  value_loss: 1.7798
Step:    90000  |  score: 108.50 ± 0.20  |  actor_loss: -1.7483  cost_loss: 1.3612  q_loss: 0.2273  reward_max: 0.1430  reward_mean: -0.1052  reward_min: -6.5610  value_loss: 1.9220
Step:   100000  |  score: 108.41 ± 0.07  |  actor_loss: -1.7877  cost_loss: 1.3657  q_loss: 0.2300  reward_max: 0.1998  reward_mean: -0.0844  reward_min: -6.2169  value_loss: 1.9104
Step:   110000  |  score: 108.44 ± 0.23  |  actor_loss: -1.2844  cost_loss: 1.3642  q_loss: 0.0986  reward_max: 0.0938  reward_mean: -0.1149  reward_min: -6.5681  value_loss: 1.9868
Step:   120000  |  score: 108.66 ± 0.15  |  actor_loss: -2.0311  cost_loss: 1.3638  q_loss: 0.0984  reward_max: 0.1377  reward_mean: -0.1310  reward_min: -6.6786  value_loss: 2.1219
Step:   130000  |  score: 108.43 ± 0.28  |  actor_loss: -1.7161  cost_loss: 1.3608  q_loss: 0.1175  reward_max: 0.1742  reward_mean: -0.1324  reward_min: -6.2754  value_loss: 2.0643
Step:   140000  |  score: 107.92 ± 0.51  |  actor_loss: -1.7915  cost_loss: 1.3672  q_loss: 0.0416  reward_max: 0.1703  reward_mean: -0.0746  reward_min: -6.3506  value_loss: 2.1587
Step:   150000  |  score: 108.18 ± 0.12  |  actor_loss: -2.1396  cost_loss: 1.3635  q_loss: 0.1207  reward_max: 0.1062  reward_mean: -0.0994  reward_min: -6.2945  value_loss: 2.1707
Step:   160000  |  score: 107.99 ± 0.17  |  actor_loss: -1.8237  cost_loss: 1.3639  q_loss: 0.1005  reward_max: 0.2026  reward_mean: -0.0704  reward_min: -6.2414  value_loss: 2.0960
Step:   170000  |  score: 107.28 ± 1.17  |  actor_loss: -1.8358  cost_loss: 1.3661  q_loss: 0.0711  reward_max: 0.3105  reward_mean: -0.0712  reward_min: -5.8210  value_loss: 2.0850
Step:   180000  |  score: 108.61 ± 0.12  |  actor_loss: -2.0060  cost_loss: 1.3642  q_loss: 0.1122  reward_max: 0.1362  reward_mean: -0.1006  reward_min: -6.4200  value_loss: 2.0801
Step:   190000  |  score: 108.49 ± 0.39  |  actor_loss: -1.8714  cost_loss: 1.3562  q_loss: 0.0986  reward_max: 0.1854  reward_mean: -0.1299  reward_min: -6.4317  value_loss: 1.8205
Step:   200000  |  score: 108.04 ± 0.35  |  actor_loss: -2.0399  cost_loss: 1.3598  q_loss: 0.1991  reward_max: 0.1452  reward_mean: -0.1138  reward_min: -6.0938  value_loss: 1.7297
Step:   210000  |  score: 109.07 ± 0.20  |  actor_loss: -1.9916  cost_loss: 1.3643  q_loss: 0.0892  reward_max: 0.1870  reward_mean: -0.0871  reward_min: -6.5985  value_loss: 2.0073
Step:   220000  |  score: 108.42 ± 0.14  |  actor_loss: -2.3430  cost_loss: 1.3713  q_loss: 0.0956  reward_max: 0.1797  reward_mean: -0.0366  reward_min: -6.4546  value_loss: 2.4123
Step:   230000  |  score: 109.02 ± 0.58  |  actor_loss: -2.0826  cost_loss: 1.3642  q_loss: 0.0584  reward_max: 0.2298  reward_mean: -0.1007  reward_min: -6.3737  value_loss: 2.1928
Step:   240000  |  score: 108.09 ± 0.60  |  actor_loss: -1.4690  cost_loss: 1.3676  q_loss: 0.0553  reward_max: 0.1798  reward_mean: -0.0736  reward_min: -6.5102  value_loss: 2.4036
Step:   250000  |  score: 108.83 ± 0.38  |  actor_loss: -1.9494  cost_loss: 1.3670  q_loss: 0.0429  reward_max: 0.1828  reward_mean: -0.0711  reward_min: -6.3120  value_loss: 2.4911
Step:   260000  |  score: 108.17 ± 1.30  |  actor_loss: -1.6935  cost_loss: 1.3605  q_loss: 0.0729  reward_max: 0.1144  reward_mean: -0.1115  reward_min: -6.5800  value_loss: 1.9485
Step:   270000  |  score: 99.08 ± 23.05  |  actor_loss: -1.0104  cost_loss: 1.3540  q_loss: 0.1042  reward_max: 0.1083  reward_mean: -0.1711  reward_min: -6.5801  value_loss: 1.8318
Step:   280000  |  score: 107.97 ± 0.87  |  actor_loss: -2.3517  cost_loss: 1.3659  q_loss: 0.1806  reward_max: 0.2118  reward_mean: -0.0610  reward_min: -5.9672  value_loss: 2.0056
Step:   290000  |  score: 107.41 ± 0.92  |  actor_loss: -2.1945  cost_loss: 1.3640  q_loss: 0.0778  reward_max: 0.1294  reward_mean: -0.1080  reward_min: -6.5479  value_loss: 1.9049
Step:   300000  |  score: 107.80 ± 1.13  |  actor_loss: -1.8783  cost_loss: 1.3570  q_loss: 0.1181  reward_max: 0.1052  reward_mean: -0.1387  reward_min: -6.5571  value_loss: 1.6484
Step:   310000  |  score: 108.01 ± 0.93  |  actor_loss: -1.7878  cost_loss: 1.3638  q_loss: 0.0918  reward_max: 0.2085  reward_mean: -0.0986  reward_min: -6.2378  value_loss: 2.1893
Step:   320000  |  score: 109.19 ± 0.28  |  actor_loss: -1.8597  cost_loss: 1.3597  q_loss: 0.2107  reward_max: 0.1480  reward_mean: -0.1409  reward_min: -6.0014  value_loss: 1.8120
Step:   330000  |  score: 107.07 ± 0.92  |  actor_loss: -1.7353  cost_loss: 1.3627  q_loss: 0.1377  reward_max: 0.1556  reward_mean: -0.1004  reward_min: -6.5183  value_loss: 2.1198
Step:   340000  |  score: 108.09 ± 0.57  |  actor_loss: -2.2614  cost_loss: 1.3614  q_loss: 0.1085  reward_max: 0.1954  reward_mean: -0.1240  reward_min: -6.1870  value_loss: 1.8475
Step:   350000  |  score: 108.68 ± 0.55  |  actor_loss: -1.8709  cost_loss: 1.3589  q_loss: 0.0547  reward_max: 0.1304  reward_mean: -0.1184  reward_min: -6.4255  value_loss: 1.9761
Step:   360000  |  score: 108.89 ± 0.77  |  actor_loss: -1.8308  cost_loss: 1.3570  q_loss: 0.0954  reward_max: 0.1359  reward_mean: -0.1461  reward_min: -6.6374  value_loss: 1.8863
Step:   370000  |  score: 98.17 ± 25.40  |  actor_loss: -1.7461  cost_loss: 1.3554  q_loss: 0.1146  reward_max: 0.1148  reward_mean: -0.1550  reward_min: -6.3964  value_loss: 1.6621
Step:   380000  |  score: 108.12 ± 0.78  |  actor_loss: -2.0780  cost_loss: 1.3655  q_loss: 0.0772  reward_max: 0.2377  reward_mean: -0.0981  reward_min: -6.4426  value_loss: 2.1232
Step:   390000  |  score: 108.92 ± 0.49  |  actor_loss: -2.1787  cost_loss: 1.3607  q_loss: 0.0941  reward_max: 0.0764  reward_mean: -0.1308  reward_min: -6.4080  value_loss: 2.0845
Step:   400000  |  score: 108.43 ± 0.17  |  actor_loss: -1.6076  cost_loss: 1.3633  q_loss: 0.0850  reward_max: 0.1714  reward_mean: -0.0712  reward_min: -6.1012  value_loss: 2.3940
Step:   410000  |  score: 108.54 ± 0.18  |  actor_loss: -1.8784  cost_loss: 1.3693  q_loss: 0.0397  reward_max: 0.2544  reward_mean: -0.0610  reward_min: -6.5787  value_loss: 2.3493
Step:   420000  |  score: 108.86 ± 0.14  |  actor_loss: -1.7250  cost_loss: 1.3572  q_loss: 0.1289  reward_max: 0.1403  reward_mean: -0.1345  reward_min: -6.6227  value_loss: 2.0024
Step:   430000  |  score: 109.13 ± 0.14  |  actor_loss: -2.3056  cost_loss: 1.3625  q_loss: 0.0682  reward_max: 0.1289  reward_mean: -0.0930  reward_min: -6.8098  value_loss: 2.0827
Step:   440000  |  score: 108.48 ± 0.49  |  actor_loss: -2.2538  cost_loss: 1.3642  q_loss: 0.0708  reward_max: 0.2403  reward_mean: -0.1056  reward_min: -6.5939  value_loss: 2.0413
Step:   450000  |  score: 108.95 ± 0.45  |  actor_loss: -1.9584  cost_loss: 1.3584  q_loss: 0.0367  reward_max: 0.1360  reward_mean: -0.1221  reward_min: -6.5572  value_loss: 1.8356
Step:   460000  |  score: 100.97 ± 17.37  |  actor_loss: -2.0839  cost_loss: 1.3681  q_loss: 0.0675  reward_max: 0.1401  reward_mean: -0.0854  reward_min: -6.4186  value_loss: 2.2340
Step:   470000  |  score: 108.07 ± 0.80  |  actor_loss: -2.1390  cost_loss: 1.3612  q_loss: 0.0758  reward_max: 0.2637  reward_mean: -0.1116  reward_min: -6.5263  value_loss: 1.8614
Step:   480000  |  score: 108.29 ± 0.49  |  actor_loss: -1.9482  cost_loss: 1.3567  q_loss: 0.0792  reward_max: 0.1777  reward_mean: -0.1777  reward_min: -6.5069  value_loss: 1.8614
Step:   490000  |  score: 107.25 ± 0.41  |  actor_loss: -2.2202  cost_loss: 1.3594  q_loss: 0.0444  reward_max: 0.1559  reward_mean: -0.1386  reward_min: -6.4189  value_loss: 1.9790
Step:   500000  |  score: 108.76 ± 0.62  |  actor_loss: -2.1515  cost_loss: 1.3654  q_loss: 0.0417  reward_max: 0.1317  reward_mean: -0.0810  reward_min: -6.0104  value_loss: 2.0520
Step:   510000  |  score: 108.73 ± 0.15  |  actor_loss: -1.9534  cost_loss: 1.3627  q_loss: 0.0968  reward_max: 0.1579  reward_mean: -0.1041  reward_min: -6.5834  value_loss: 1.9669
Step:   520000  |  score: 108.57 ± 0.31  |  actor_loss: -2.0478  cost_loss: 1.3572  q_loss: 0.1154  reward_max: 0.1097  reward_mean: -0.1575  reward_min: -6.6029  value_loss: 1.8022
Step:   530000  |  score: 109.10 ± 0.59  |  actor_loss: -1.9140  cost_loss: 1.3638  q_loss: 0.0611  reward_max: 0.1851  reward_mean: -0.1102  reward_min: -6.3530  value_loss: 2.0694
Step:   540000  |  score: 108.28 ± 0.58  |  actor_loss: -1.9986  cost_loss: 1.3601  q_loss: 0.0731  reward_max: 0.1006  reward_mean: -0.1122  reward_min: -6.5506  value_loss: 2.0670
Step:   550000  |  score: 108.30 ± 0.99  |  actor_loss: -1.8861  cost_loss: 1.3597  q_loss: 0.0630  reward_max: 0.1132  reward_mean: -0.1211  reward_min: -6.4740  value_loss: 2.0590
Step:   560000  |  score: 108.22 ± 0.37  |  actor_loss: -1.9166  cost_loss: 1.3599  q_loss: 0.1093  reward_max: 0.1505  reward_mean: -0.1293  reward_min: -6.4232  value_loss: 2.0367
Step:   570000  |  score: 107.75 ± 0.34  |  actor_loss: -1.9018  cost_loss: 1.3655  q_loss: 0.1927  reward_max: 0.1049  reward_mean: -0.0861  reward_min: -6.6861  value_loss: 2.0126
Step:   580000  |  score: 107.62 ± 0.98  |  actor_loss: -2.1091  cost_loss: 1.3607  q_loss: 0.0777  reward_max: 0.1785  reward_mean: -0.1116  reward_min: -6.5970  value_loss: 1.9936
Step:   590000  |  score: 108.39 ± 0.53  |  actor_loss: -2.1267  cost_loss: 1.3635  q_loss: 0.2270  reward_max: 0.1998  reward_mean: -0.0938  reward_min: -6.5936  value_loss: 2.0877
Step:   600000  |  score: 107.77 ± 0.92  |  actor_loss: -2.0813  cost_loss: 1.3630  q_loss: 0.0611  reward_max: 0.1500  reward_mean: -0.1065  reward_min: -6.3966  value_loss: 2.0499
Step:   610000  |  score: 108.17 ± 0.31  |  actor_loss: -1.7936  cost_loss: 1.3622  q_loss: 0.0348  reward_max: 0.2285  reward_mean: -0.0870  reward_min: -6.5087  value_loss: 1.9810
Step:   620000  |  score: 108.89 ± 0.34  |  actor_loss: -2.3603  cost_loss: 1.3666  q_loss: 0.1886  reward_max: 0.3398  reward_mean: -0.0771  reward_min: -6.2684  value_loss: 2.1327
Step:   630000  |  score: 108.00 ± 1.07  |  actor_loss: -1.9272  cost_loss: 1.3638  q_loss: 0.0423  reward_max: 0.2280  reward_mean: -0.1055  reward_min: -6.2218  value_loss: 2.0060
Step:   640000  |  score: 107.68 ± 1.35  |  actor_loss: -2.4195  cost_loss: 1.3674  q_loss: 0.0608  reward_max: 0.1482  reward_mean: -0.0634  reward_min: -6.5034  value_loss: 2.3339
Step:   650000  |  score: 108.35 ± 0.39  |  actor_loss: -1.1291  cost_loss: 1.3560  q_loss: 0.1308  reward_max: 0.1868  reward_mean: -0.1681  reward_min: -6.4510  value_loss: 2.2126
Step:   660000  |  score: 108.19 ± 0.80  |  actor_loss: -2.1676  cost_loss: 1.3664  q_loss: 0.0792  reward_max: 0.3709  reward_mean: -0.0860  reward_min: -6.1829  value_loss: 2.2666
Step:   670000  |  score: 108.22 ± 0.53  |  actor_loss: -1.9598  cost_loss: 1.3558  q_loss: 0.0765  reward_max: 0.1309  reward_mean: -0.1553  reward_min: -6.4136  value_loss: 1.7642
Step:   680000  |  score: 108.75 ± 1.28  |  actor_loss: -2.0928  cost_loss: 1.3686  q_loss: 0.1269  reward_max: 0.2887  reward_mean: -0.0700  reward_min: -6.4392  value_loss: 2.2276
Step:   690000  |  score: 108.25 ± 0.42  |  actor_loss: -1.6236  cost_loss: 1.3578  q_loss: 0.0835  reward_max: 0.0883  reward_mean: -0.1686  reward_min: -6.6562  value_loss: 1.8332
Step:   700000  |  score: 98.90 ± 22.84  |  actor_loss: -2.0749  cost_loss: 1.3698  q_loss: 0.0253  reward_max: 0.3622  reward_mean: -0.0762  reward_min: -6.7077  value_loss: 2.2547
Step:   710000  |  score: 108.21 ± 1.86  |  actor_loss: -2.3166  cost_loss: 1.3682  q_loss: 0.0501  reward_max: 0.1356  reward_mean: -0.0686  reward_min: -6.1453  value_loss: 2.1918
Step:   720000  |  score: 108.66 ± 0.33  |  actor_loss: -1.1295  cost_loss: 1.3531  q_loss: 0.0828  reward_max: 0.1265  reward_mean: -0.1740  reward_min: -6.5657  value_loss: 1.7797
Step:   730000  |  score: 108.02 ± 0.70  |  actor_loss: -1.9813  cost_loss: 1.3609  q_loss: 0.0476  reward_max: 0.1155  reward_mean: -0.1211  reward_min: -6.4964  value_loss: 1.9720
Step:   740000  |  score: 108.37 ± 0.17  |  actor_loss: -1.6613  cost_loss: 1.3536  q_loss: 0.0480  reward_max: 0.1343  reward_mean: -0.1806  reward_min: -6.2462  value_loss: 1.6058
Step:   750000  |  score: 108.52 ± 0.37  |  actor_loss: -2.5904  cost_loss: 1.3664  q_loss: 0.0491  reward_max: 0.1552  reward_mean: -0.0924  reward_min: -6.5790  value_loss: 2.1306
Step:   760000  |  score: 108.33 ± 0.66  |  actor_loss: -2.0123  cost_loss: 1.3593  q_loss: 0.0795  reward_max: 0.1038  reward_mean: -0.1379  reward_min: -6.4165  value_loss: 2.1178
Step:   770000  |  score: 107.60 ± 1.12  |  actor_loss: -2.2204  cost_loss: 1.3626  q_loss: 0.0477  reward_max: 0.1109  reward_mean: -0.1253  reward_min: -6.3667  value_loss: 2.0004
Step:   780000  |  score: 108.71 ± 0.37  |  actor_loss: -2.4626  cost_loss: 1.3649  q_loss: 0.0830  reward_max: 0.1501  reward_mean: -0.0864  reward_min: -6.4888  value_loss: 2.1772
Step:   790000  |  score: 108.53 ± 1.02  |  actor_loss: -2.2905  cost_loss: 1.3574  q_loss: 0.0717  reward_max: 0.2575  reward_mean: -0.1459  reward_min: -6.5617  value_loss: 1.9393
Step:   800000  |  score: 108.67 ± 0.22  |  actor_loss: -1.9501  cost_loss: 1.3538  q_loss: 0.1804  reward_max: 0.1448  reward_mean: -0.1747  reward_min: -6.4534  value_loss: 1.8163
Step:   810000  |  score: 108.72 ± 0.26  |  actor_loss: -2.2015  cost_loss: 1.3620  q_loss: 0.0607  reward_max: 0.0728  reward_mean: -0.1145  reward_min: -6.5786  value_loss: 2.0786
Step:   820000  |  score: 108.29 ± 0.79  |  actor_loss: -2.1917  cost_loss: 1.3578  q_loss: 0.1323  reward_max: 0.2253  reward_mean: -0.1303  reward_min: -6.2526  value_loss: 1.8766
Step:   830000  |  score: 108.36 ± 0.52  |  actor_loss: -1.9009  cost_loss: 1.3649  q_loss: 0.1042  reward_max: 0.1980  reward_mean: -0.1006  reward_min: -6.5617  value_loss: 2.0914
Step:   840000  |  score: 108.58 ± 0.46  |  actor_loss: -2.1274  cost_loss: 1.3575  q_loss: 0.0819  reward_max: 0.0925  reward_mean: -0.1292  reward_min: -6.3095  value_loss: 1.8881
Step:   850000  |  score: 108.11 ± 1.07  |  actor_loss: -1.0447  cost_loss: 1.3583  q_loss: 0.0781  reward_max: 0.1194  reward_mean: -0.1356  reward_min: -6.4256  value_loss: 1.7685
Step:   860000  |  score: 108.31 ± 0.26  |  actor_loss: -1.7985  cost_loss: 1.3609  q_loss: 0.1219  reward_max: 0.1812  reward_mean: -0.1265  reward_min: -6.4121  value_loss: 1.7720
Step:   870000  |  score: 108.31 ± 1.06  |  actor_loss: -2.2177  cost_loss: 1.3635  q_loss: 0.0494  reward_max: 0.3008  reward_mean: -0.1128  reward_min: -6.5289  value_loss: 2.2902
Step:   880000  |  score: 108.74 ± 0.22  |  actor_loss: -1.7738  cost_loss: 1.3617  q_loss: 0.0487  reward_max: 0.2309  reward_mean: -0.1310  reward_min: -6.4904  value_loss: 2.1647
Step:   890000  |  score: 108.54 ± 0.32  |  actor_loss: -2.3759  cost_loss: 1.3657  q_loss: 0.0758  reward_max: 0.0842  reward_mean: -0.0872  reward_min: -6.1901  value_loss: 2.1874
Step:   900000  |  score: 108.79 ± 0.24  |  actor_loss: -2.2998  cost_loss: 1.3641  q_loss: 0.0899  reward_max: 0.2441  reward_mean: -0.0988  reward_min: -6.3399  value_loss: 2.2166
Step:   910000  |  score: 108.16 ± 0.31  |  actor_loss: -2.3806  cost_loss: 1.3681  q_loss: 0.0744  reward_max: 0.0861  reward_mean: -0.0800  reward_min: -6.3334  value_loss: 2.2755
Step:   920000  |  score: 108.44 ± 0.72  |  actor_loss: -2.3829  cost_loss: 1.3659  q_loss: 0.0687  reward_max: 0.1788  reward_mean: -0.0848  reward_min: -6.3562  value_loss: 2.1519
Step:   930000  |  score: 108.27 ± 0.41  |  actor_loss: -2.4714  cost_loss: 1.3641  q_loss: 0.0827  reward_max: 0.1084  reward_mean: -0.1170  reward_min: -6.2576  value_loss: 2.1281
Step:   940000  |  score: 108.99 ± 0.19  |  actor_loss: -2.0710  cost_loss: 1.3589  q_loss: 0.0973  reward_max: 0.1506  reward_mean: -0.1571  reward_min: -6.4211  value_loss: 1.7094
Step:   950000  |  score: 107.73 ± 0.36  |  actor_loss: -1.6672  cost_loss: 1.3575  q_loss: 0.0896  reward_max: 0.0935  reward_mean: -0.1413  reward_min: -6.3459  value_loss: 1.9062
Step:   960000  |  score: 108.38 ± 0.37  |  actor_loss: -2.2335  cost_loss: 1.3632  q_loss: 0.0773  reward_max: 0.2172  reward_mean: -0.1208  reward_min: -6.5149  value_loss: 1.9630
Step:   970000  |  score: 108.59 ± 0.25  |  actor_loss: -2.1268  cost_loss: 1.3574  q_loss: 0.0768  reward_max: 0.1588  reward_mean: -0.1477  reward_min: -6.5683  value_loss: 1.7662
Step:   980000  |  score: 108.52 ± 0.20  |  actor_loss: -1.8152  cost_loss: 1.3637  q_loss: 0.0578  reward_max: 0.2472  reward_mean: -0.1099  reward_min: -6.4865  value_loss: 2.0788
Step:   990000  |  score: 107.86 ± 0.49  |  actor_loss: -2.1563  cost_loss: 1.3659  q_loss: 0.1115  reward_max: 0.1236  reward_mean: -0.0758  reward_min: -6.4820  value_loss: 2.2989
Step:  1000000  |  score: 108.79 ± 0.20  |  actor_loss: -1.9568  cost_loss: 1.3577  q_loss: 0.0855  reward_max: 0.1225  reward_mean: -0.1596  reward_min: -6.4585  value_loss: 1.9461
Step:  1010000  |  score: 108.37 ± 0.30  |  actor_loss: -2.0167  cost_loss: 1.3542  q_loss: 0.0575  reward_max: 0.2481  reward_mean: -0.1686  reward_min: -6.5144  value_loss: 1.7661
Step:  1020000  |  score: 108.58 ± 0.39  |  actor_loss: -2.1258  cost_loss: 1.3546  q_loss: 0.0964  reward_max: 0.1486  reward_mean: -0.1718  reward_min: -6.4809  value_loss: 1.5651
Step:  1030000  |  score: 108.09 ± 0.39  |  actor_loss: -1.9758  cost_loss: 1.3584  q_loss: 0.0880  reward_max: 0.2316  reward_mean: -0.1352  reward_min: -6.5232  value_loss: 1.8947
Step:  1040000  |  score: 108.78 ± 0.36  |  actor_loss: -2.0471  cost_loss: 1.3573  q_loss: 0.0793  reward_max: 0.2365  reward_mean: -0.1549  reward_min: -6.5589  value_loss: 1.6947
Step:  1050000  |  score: 108.58 ± 0.20  |  actor_loss: -2.1034  cost_loss: 1.3510  q_loss: 0.1822  reward_max: 0.1066  reward_mean: -0.1827  reward_min: -6.6242  value_loss: 1.7857
Step:  1060000  |  score: 108.64 ± 0.16  |  actor_loss: -2.5426  cost_loss: 1.3586  q_loss: 0.0803  reward_max: 0.1371  reward_mean: -0.1483  reward_min: -6.5405  value_loss: 1.8971
Step:  1070000  |  score: 108.40 ± 0.17  |  actor_loss: -2.3247  cost_loss: 1.3632  q_loss: 0.0662  reward_max: 0.1595  reward_mean: -0.1119  reward_min: -6.5404  value_loss: 2.1589
Step:  1080000  |  score: 108.43 ± 0.28  |  actor_loss: -2.2599  cost_loss: 1.3563  q_loss: 0.0717  reward_max: 0.1173  reward_mean: -0.1545  reward_min: -6.5143  value_loss: 2.0508
Step:  1090000  |  score: 108.49 ± 0.26  |  actor_loss: -2.1405  cost_loss: 1.3570  q_loss: 0.1388  reward_max: 0.1123  reward_mean: -0.1483  reward_min: -6.4768  value_loss: 1.7782
Step:  1100000  |  score: 108.37 ± 1.27  |  actor_loss: -2.2024  cost_loss: 1.3598  q_loss: 0.0718  reward_max: 0.1502  reward_mean: -0.1098  reward_min: -6.5350  value_loss: 2.1152
Step:  1110000  |  score: 108.64 ± 0.24  |  actor_loss: -1.4557  cost_loss: 1.3554  q_loss: 0.0559  reward_max: 0.1051  reward_mean: -0.1643  reward_min: -6.3398  value_loss: 1.8348
Step:  1120000  |  score: 108.04 ± 0.33  |  actor_loss: -1.8212  cost_loss: 1.3598  q_loss: 0.0496  reward_max: 0.1367  reward_mean: -0.1503  reward_min: -6.5466  value_loss: 1.7619
Step:  1130000  |  score: 108.38 ± 0.27  |  actor_loss: -2.5140  cost_loss: 1.3632  q_loss: 0.0586  reward_max: 0.1657  reward_mean: -0.1169  reward_min: -6.4147  value_loss: 2.0088
Step:  1140000  |  score: 108.73 ± 0.22  |  actor_loss: -2.1395  cost_loss: 1.3659  q_loss: 0.0734  reward_max: 0.3416  reward_mean: -0.1008  reward_min: -6.3816  value_loss: 2.2163
Step:  1150000  |  score: 108.12 ± 0.18  |  actor_loss: -2.4313  cost_loss: 1.3685  q_loss: 0.0463  reward_max: 0.2132  reward_mean: -0.0674  reward_min: -6.2076  value_loss: 2.3091
Step:  1160000  |  score: 108.71 ± 0.17  |  actor_loss: -2.2839  cost_loss: 1.3654  q_loss: 0.1082  reward_max: 0.1486  reward_mean: -0.1023  reward_min: -6.4878  value_loss: 2.3527
Step:  1170000  |  score: 108.61 ± 0.31  |  actor_loss: -2.2059  cost_loss: 1.3683  q_loss: 0.0367  reward_max: 0.1199  reward_mean: -0.0847  reward_min: -6.6309  value_loss: 2.2013
Step:  1180000  |  score: 109.02 ± 0.12  |  actor_loss: -2.3058  cost_loss: 1.3579  q_loss: 0.0952  reward_max: 0.1401  reward_mean: -0.1381  reward_min: -6.3434  value_loss: 1.7755
Step:  1190000  |  score: 108.04 ± 0.41  |  actor_loss: -2.2409  cost_loss: 1.3727  q_loss: 0.0306  reward_max: 0.1862  reward_mean: -0.0522  reward_min: -6.6122  value_loss: 2.3580
Step:  1200000  |  score: 108.52 ± 0.57  |  actor_loss: -2.0569  cost_loss: 1.3658  q_loss: 0.0649  reward_max: 0.1159  reward_mean: -0.0814  reward_min: -6.4598  value_loss: 2.2785
Step:  1210000  |  score: 108.67 ± 0.16  |  actor_loss: -1.8765  cost_loss: 1.3541  q_loss: 0.0787  reward_max: 0.3126  reward_mean: -0.1722  reward_min: -6.6968  value_loss: 1.6475
Step:  1220000  |  score: 108.21 ± 0.14  |  actor_loss: -1.7647  cost_loss: 1.3602  q_loss: 0.1765  reward_max: 0.2956  reward_mean: -0.1267  reward_min: -6.4218  value_loss: 2.0143
Step:  1230000  |  score: 108.99 ± 0.18  |  actor_loss: -2.3458  cost_loss: 1.3691  q_loss: 0.0509  reward_max: 0.1489  reward_mean: -0.0671  reward_min: -6.2325  value_loss: 2.3944
Step:  1240000  |  score: 108.36 ± 0.19  |  actor_loss: -2.3553  cost_loss: 1.3621  q_loss: 0.1786  reward_max: 0.2123  reward_mean: -0.1092  reward_min: -6.5568  value_loss: 2.0112
Step:  1250000  |  score: 109.01 ± 0.28  |  actor_loss: -2.1898  cost_loss: 1.3627  q_loss: 0.0605  reward_max: 0.1012  reward_mean: -0.1189  reward_min: -6.5722  value_loss: 2.1445
Step:  1260000  |  score: 108.54 ± 0.26  |  actor_loss: -2.3087  cost_loss: 1.3660  q_loss: 0.0554  reward_max: 0.1410  reward_mean: -0.0709  reward_min: -6.2754  value_loss: 2.2021
Step:  1270000  |  score: 108.55 ± 0.25  |  actor_loss: -2.0886  cost_loss: 1.3667  q_loss: 0.0345  reward_max: 0.2534  reward_mean: -0.0821  reward_min: -6.3989  value_loss: 2.2236
Step:  1280000  |  score: 107.96 ± 0.49  |  actor_loss: -1.8134  cost_loss: 1.3569  q_loss: 0.1197  reward_max: 0.1785  reward_mean: -0.1342  reward_min: -6.4405  value_loss: 1.7464
Step:  1290000  |  score: 108.19 ± 0.38  |  actor_loss: -2.2890  cost_loss: 1.3633  q_loss: 0.1599  reward_max: 0.0765  reward_mean: -0.1011  reward_min: -6.4924  value_loss: 2.0837
Step:  1300000  |  score: 108.62 ± 0.17  |  actor_loss: -2.0232  cost_loss: 1.3503  q_loss: 0.0738  reward_max: 0.1435  reward_mean: -0.1948  reward_min: -6.5290  value_loss: 1.4346
Step:  1310000  |  score: 108.51 ± 0.31  |  actor_loss: -2.0196  cost_loss: 1.3556  q_loss: 0.0669  reward_max: 0.2395  reward_mean: -0.1580  reward_min: -6.3483  value_loss: 1.7448
Step:  1320000  |  score: 109.01 ± 0.62  |  actor_loss: -2.2241  cost_loss: 1.3690  q_loss: 0.1033  reward_max: 0.1531  reward_mean: -0.0637  reward_min: -6.5588  value_loss: 2.4544
Step:  1330000  |  score: 108.23 ± 0.17  |  actor_loss: -2.1464  cost_loss: 1.3568  q_loss: 0.1032  reward_max: 0.2008  reward_mean: -0.1611  reward_min: -6.5632  value_loss: 1.9881
Step:  1340000  |  score: 108.61 ± 0.26  |  actor_loss: -2.1725  cost_loss: 1.3671  q_loss: 0.0266  reward_max: 0.1204  reward_mean: -0.0831  reward_min: -6.5146  value_loss: 2.2371
Step:  1350000  |  score: 108.79 ± 0.19  |  actor_loss: -2.0950  cost_loss: 1.3555  q_loss: 0.0763  reward_max: 0.1368  reward_mean: -0.1530  reward_min: -6.6439  value_loss: 1.6287
Step:  1360000  |  score: 107.67 ± 1.28  |  actor_loss: -1.6221  cost_loss: 1.3600  q_loss: 0.1083  reward_max: 0.2041  reward_mean: -0.1331  reward_min: -6.5472  value_loss: 2.0412
Step:  1370000  |  score: 107.72 ± 0.36  |  actor_loss: -2.2378  cost_loss: 1.3664  q_loss: 0.0623  reward_max: 0.2054  reward_mean: -0.0952  reward_min: -6.4507  value_loss: 2.1932
Step:  1380000  |  score: 108.56 ± 0.38  |  actor_loss: -2.0005  cost_loss: 1.3615  q_loss: 0.1033  reward_max: 0.1545  reward_mean: -0.0960  reward_min: -6.3924  value_loss: 2.0196
Step:  1390000  |  score: 108.38 ± 0.22  |  actor_loss: -2.1984  cost_loss: 1.3605  q_loss: 0.0580  reward_max: 0.1006  reward_mean: -0.1262  reward_min: -6.5100  value_loss: 1.9773
Step:  1400000  |  score: 108.10 ± 0.23  |  actor_loss: -2.3733  cost_loss: 1.3610  q_loss: 0.0844  reward_max: 0.1445  reward_mean: -0.1221  reward_min: -6.5134  value_loss: 1.8865
Step:  1410000  |  score: 108.43 ± 0.19  |  actor_loss: -1.9131  cost_loss: 1.3654  q_loss: 0.1320  reward_max: 0.1692  reward_mean: -0.0798  reward_min: -6.5328  value_loss: 2.0978
Step:  1420000  |  score: 108.07 ± 0.52  |  actor_loss: -2.4613  cost_loss: 1.3683  q_loss: 0.0313  reward_max: 0.2873  reward_mean: -0.0776  reward_min: -6.4290  value_loss: 2.3589
Step:  1430000  |  score: 108.24 ± 0.30  |  actor_loss: -2.4713  cost_loss: 1.3685  q_loss: 0.0837  reward_max: 0.0819  reward_mean: -0.0680  reward_min: -6.4165  value_loss: 2.3124
Step:  1440000  |  score: 108.23 ± 0.34  |  actor_loss: -2.0986  cost_loss: 1.3568  q_loss: 0.0892  reward_max: 0.1275  reward_mean: -0.1596  reward_min: -6.5073  value_loss: 1.7821
Step:  1450000  |  score: 108.02 ± 0.48  |  actor_loss: -2.0564  cost_loss: 1.3703  q_loss: 0.0341  reward_max: 0.1400  reward_mean: -0.0533  reward_min: -6.0862  value_loss: 2.2675
Step:  1460000  |  score: 108.94 ± 0.14  |  actor_loss: -2.8691  cost_loss: 1.3703  q_loss: 0.0176  reward_max: 0.1789  reward_mean: -0.0421  reward_min: -6.4102  value_loss: 2.5794
Step:  1470000  |  score: 108.34 ± 0.18  |  actor_loss: -2.0504  cost_loss: 1.3611  q_loss: 0.0854  reward_max: 0.1191  reward_mean: -0.1075  reward_min: -6.3746  value_loss: 2.1298
Step:  1480000  |  score: 108.88 ± 0.43  |  actor_loss: -2.2503  cost_loss: 1.3521  q_loss: 0.0890  reward_max: 0.2258  reward_mean: -0.2048  reward_min: -6.5983  value_loss: 1.5556
Step:  1490000  |  score: 108.45 ± 0.39  |  actor_loss: -2.2684  cost_loss: 1.3514  q_loss: 0.0772  reward_max: 0.1063  reward_mean: -0.1768  reward_min: -6.4288  value_loss: 1.5230
Step:  1500000  |  score: 108.95 ± 0.13  |  actor_loss: -2.2646  cost_loss: 1.3660  q_loss: 0.0925  reward_max: 0.2187  reward_mean: -0.0911  reward_min: -6.2886  value_loss: 2.2584
Step:  1510000  |  score: 108.33 ± 0.52  |  actor_loss: -1.9982  cost_loss: 1.3590  q_loss: 0.1234  reward_max: 0.1974  reward_mean: -0.1367  reward_min: -6.6710  value_loss: 1.8910
Step:  1520000  |  score: 107.79 ± 0.47  |  actor_loss: -2.2991  cost_loss: 1.3658  q_loss: 0.0409  reward_max: 0.0838  reward_mean: -0.0865  reward_min: -6.4927  value_loss: 2.3418
Step:  1530000  |  score: 108.12 ± 0.23  |  actor_loss: -2.3150  cost_loss: 1.3699  q_loss: 0.0313  reward_max: 0.0979  reward_mean: -0.0637  reward_min: -6.3879  value_loss: 2.2721
Step:  1540000  |  score: 108.57 ± 0.17  |  actor_loss: -1.8552  cost_loss: 1.3493  q_loss: 0.1162  reward_max: 0.2217  reward_mean: -0.2052  reward_min: -6.5654  value_loss: 1.2660
Step:  1550000  |  score: 107.81 ± 0.67  |  actor_loss: -1.9114  cost_loss: 1.3589  q_loss: 0.0514  reward_max: 0.1817  reward_mean: -0.1258  reward_min: -6.4629  value_loss: 1.8193
Step:  1560000  |  score: 108.50 ± 0.31  |  actor_loss: -2.1824  cost_loss: 1.3561  q_loss: 0.0671  reward_max: 0.1111  reward_mean: -0.1607  reward_min: -6.4510  value_loss: 1.7473
Step:  1570000  |  score: 107.76 ± 1.70  |  actor_loss: -2.1309  cost_loss: 1.3588  q_loss: 0.1122  reward_max: 0.1460  reward_mean: -0.1377  reward_min: -6.5342  value_loss: 2.0150
Step:  1580000  |  score: 108.05 ± 0.33  |  actor_loss: -2.0552  cost_loss: 1.3594  q_loss: 0.0533  reward_max: 0.1499  reward_mean: -0.1437  reward_min: -6.6794  value_loss: 1.6985
Step:  1590000  |  score: 108.19 ± 0.24  |  actor_loss: -2.3465  cost_loss: 1.3710  q_loss: 0.0339  reward_max: 0.1400  reward_mean: -0.0493  reward_min: -6.3231  value_loss: 2.4838
Step:  1600000  |  score: 108.89 ± 0.32  |  actor_loss: -2.0879  cost_loss: 1.3569  q_loss: 0.0581  reward_max: 0.1241  reward_mean: -0.1613  reward_min: -6.5100  value_loss: 2.0333
Step:  1610000  |  score: 108.40 ± 0.23  |  actor_loss: -2.0502  cost_loss: 1.3665  q_loss: 0.0422  reward_max: 0.1074  reward_mean: -0.0984  reward_min: -6.6672  value_loss: 2.2993
Step:  1620000  |  score: 98.65 ± 22.78  |  actor_loss: -2.1823  cost_loss: 1.3658  q_loss: 0.0484  reward_max: 0.1230  reward_mean: -0.0893  reward_min: -6.5042  value_loss: 2.3041
Step:  1630000  |  score: 108.65 ± 0.10  |  actor_loss: -2.1485  cost_loss: 1.3700  q_loss: 0.0875  reward_max: 0.1312  reward_mean: -0.0520  reward_min: -6.4981  value_loss: 2.3065
Step:  1640000  |  score: 108.44 ± 0.16  |  actor_loss: -1.4902  cost_loss: 1.3583  q_loss: 0.0497  reward_max: 0.1582  reward_mean: -0.1544  reward_min: -6.5773  value_loss: 1.9267
Step:  1650000  |  score: 108.17 ± 0.22  |  actor_loss: -2.3875  cost_loss: 1.3671  q_loss: 0.1479  reward_max: 0.1034  reward_mean: -0.0674  reward_min: -6.2801  value_loss: 2.1640
Step:  1660000  |  score: 108.74 ± 0.23  |  actor_loss: -1.7743  cost_loss: 1.3532  q_loss: 0.0943  reward_max: 0.1643  reward_mean: -0.1696  reward_min: -6.5943  value_loss: 1.7461
Step:  1670000  |  score: 108.15 ± 0.22  |  actor_loss: -2.3711  cost_loss: 1.3692  q_loss: 0.0407  reward_max: 0.2176  reward_mean: -0.0613  reward_min: -6.5566  value_loss: 2.2255
Step:  1680000  |  score: 108.15 ± 0.37  |  actor_loss: -2.1439  cost_loss: 1.3583  q_loss: 0.0646  reward_max: 0.1292  reward_mean: -0.1383  reward_min: -6.5343  value_loss: 2.0027
Step:  1690000  |  score: 107.96 ± 0.49  |  actor_loss: -2.1769  cost_loss: 1.3701  q_loss: 0.0697  reward_max: 0.1520  reward_mean: -0.0677  reward_min: -6.5464  value_loss: 2.4164
Step:  1700000  |  score: 108.06 ± 0.29  |  actor_loss: -1.3482  cost_loss: 1.3493  q_loss: 0.0970  reward_max: 0.0786  reward_mean: -0.2010  reward_min: -6.5239  value_loss: 1.6654
Step:  1710000  |  score: 108.07 ± 0.36  |  actor_loss: -1.6890  cost_loss: 1.3565  q_loss: 0.1074  reward_max: 0.1230  reward_mean: -0.1558  reward_min: -6.6701  value_loss: 1.8280
Step:  1720000  |  score: 108.53 ± 0.29  |  actor_loss: -2.3714  cost_loss: 1.3685  q_loss: 0.0234  reward_max: 0.1441  reward_mean: -0.0828  reward_min: -6.3988  value_loss: 2.3600
Step:  1730000  |  score: 107.88 ± 1.35  |  actor_loss: -2.3273  cost_loss: 1.3665  q_loss: 0.0484  reward_max: 0.1434  reward_mean: -0.0864  reward_min: -6.5512  value_loss: 2.2041
Step:  1740000  |  score: 108.83 ± 0.09  |  actor_loss: -2.0151  cost_loss: 1.3538  q_loss: 0.1526  reward_max: 0.0877  reward_mean: -0.1758  reward_min: -6.4087  value_loss: 1.5613
Step:  1750000  |  score: 108.70 ± 0.20  |  actor_loss: -2.4124  cost_loss: 1.3715  q_loss: 0.0700  reward_max: 0.1406  reward_mean: -0.0324  reward_min: -6.4155  value_loss: 2.6110
Step:  1760000  |  score: 108.47 ± 0.29  |  actor_loss: -2.1558  cost_loss: 1.3601  q_loss: 0.0425  reward_max: 0.1166  reward_mean: -0.1449  reward_min: -6.7006  value_loss: 1.9396
Step:  1770000  |  score: 108.12 ± 0.48  |  actor_loss: -2.0942  cost_loss: 1.3646  q_loss: 0.0446  reward_max: 0.0995  reward_mean: -0.0797  reward_min: -6.4975  value_loss: 2.2076
Step:  1780000  |  score: 108.40 ± 0.09  |  actor_loss: -1.8660  cost_loss: 1.3627  q_loss: 0.0402  reward_max: 0.1511  reward_mean: -0.1058  reward_min: -6.5129  value_loss: 2.0896
Step:  1790000  |  score: 108.30 ± 0.25  |  actor_loss: -2.3116  cost_loss: 1.3634  q_loss: 0.0374  reward_max: 0.1028  reward_mean: -0.1124  reward_min: -6.6504  value_loss: 2.0462
Step:  1800000  |  score: 108.40 ± 0.32  |  actor_loss: -2.2786  cost_loss: 1.3659  q_loss: 0.0571  reward_max: 0.1512  reward_mean: -0.1041  reward_min: -6.4079  value_loss: 2.2316
Step:  1810000  |  score: 108.65 ± 0.36  |  actor_loss: -2.2667  cost_loss: 1.3581  q_loss: 0.0969  reward_max: 0.0999  reward_mean: -0.1709  reward_min: -6.5040  value_loss: 1.6559
Step:  1820000  |  score: 108.62 ± 0.26  |  actor_loss: -2.1854  cost_loss: 1.3662  q_loss: 0.1181  reward_max: 0.1789  reward_mean: -0.0973  reward_min: -6.4541  value_loss: 2.2569
Step:  1830000  |  score: 108.47 ± 0.55  |  actor_loss: -2.1518  cost_loss: 1.3679  q_loss: 0.0660  reward_max: 0.1582  reward_mean: -0.0749  reward_min: -6.5188  value_loss: 2.2843
Step:  1840000  |  score: 98.45 ± 24.63  |  actor_loss: -2.3533  cost_loss: 1.3665  q_loss: 0.0393  reward_max: 0.1433  reward_mean: -0.0886  reward_min: -6.4133  value_loss: 2.1856
Step:  1850000  |  score: 108.38 ± 0.13  |  actor_loss: -2.1064  cost_loss: 1.3643  q_loss: 0.0535  reward_max: 0.2382  reward_mean: -0.0899  reward_min: -6.3030  value_loss: 2.2144
Step:  1860000  |  score: 107.80 ± 0.26  |  actor_loss: -2.2436  cost_loss: 1.3627  q_loss: 0.0900  reward_max: 0.2120  reward_mean: -0.1174  reward_min: -6.4492  value_loss: 1.8438
Step:  1870000  |  score: 108.18 ± 0.46  |  actor_loss: -1.9680  cost_loss: 1.3618  q_loss: 0.1225  reward_max: 0.0986  reward_mean: -0.1219  reward_min: -6.4994  value_loss: 1.8899
Step:  1880000  |  score: 108.42 ± 0.51  |  actor_loss: -2.1548  cost_loss: 1.3647  q_loss: 0.0454  reward_max: 0.0639  reward_mean: -0.1037  reward_min: -6.5063  value_loss: 2.2007
Step:  1890000  |  score: 108.52 ± 0.13  |  actor_loss: -2.0907  cost_loss: 1.3502  q_loss: 0.1242  reward_max: 0.0730  reward_mean: -0.2156  reward_min: -6.6091  value_loss: 1.3337
Step:  1900000  |  score: 108.91 ± 0.31  |  actor_loss: -2.3364  cost_loss: 1.3561  q_loss: 0.0582  reward_max: 0.0802  reward_mean: -0.1617  reward_min: -6.6767  value_loss: 1.7881
Step:  1910000  |  score: 107.74 ± 0.42  |  actor_loss: -2.2811  cost_loss: 1.3675  q_loss: 0.0758  reward_max: 0.1483  reward_mean: -0.0696  reward_min: -6.5573  value_loss: 2.3411
Step:  1920000  |  score: 108.48 ± 0.12  |  actor_loss: -2.2615  cost_loss: 1.3725  q_loss: 0.0850  reward_max: 0.0766  reward_mean: -0.0388  reward_min: -6.4384  value_loss: 2.6104
Step:  1930000  |  score: 108.83 ± 0.49  |  actor_loss: -2.0648  cost_loss: 1.3620  q_loss: 0.1130  reward_max: 0.1508  reward_mean: -0.1030  reward_min: -6.2519  value_loss: 2.0100
Step:  1940000  |  score: 108.38 ± 0.31  |  actor_loss: -2.3670  cost_loss: 1.3609  q_loss: 0.0537  reward_max: 0.1300  reward_mean: -0.1328  reward_min: -6.6218  value_loss: 1.9432
Step:  1950000  |  score: 108.71 ± 0.34  |  actor_loss: -2.5510  cost_loss: 1.3628  q_loss: 0.0528  reward_max: 0.0889  reward_mean: -0.1000  reward_min: -6.3268  value_loss: 2.2157
Step:  1960000  |  score: 107.85 ± 0.97  |  actor_loss: -2.4945  cost_loss: 1.3662  q_loss: 0.0462  reward_max: 0.1710  reward_mean: -0.0977  reward_min: -6.5316  value_loss: 2.2179
Step:  1970000  |  score: 108.23 ± 0.28  |  actor_loss: -2.2401  cost_loss: 1.3587  q_loss: 0.1769  reward_max: 0.1007  reward_mean: -0.1424  reward_min: -6.5124  value_loss: 1.9845
Step:  1980000  |  score: 108.00 ± 0.30  |  actor_loss: -2.3814  cost_loss: 1.3528  q_loss: 0.1263  reward_max: 0.4093  reward_mean: -0.1709  reward_min: -6.4608  value_loss: 1.7387
Step:  1990000  |  score: 108.33 ± 0.37  |  actor_loss: -2.2549  cost_loss: 1.3528  q_loss: 0.1154  reward_max: 0.2239  reward_mean: -0.1972  reward_min: -6.5907  value_loss: 1.3895
Step:  2000000  |  score: 108.62 ± 0.29  |  actor_loss: -2.2872  cost_loss: 1.3658  q_loss: 0.0937  reward_max: 0.1941  reward_mean: -0.0880  reward_min: -6.5860  value_loss: 2.1656
Final evaluation (13 iterations)...
Final score: 108.66 ± 0.36
wandb: WARNING Symlinked 1 file into the W&B run directory; call wandb.save again to sync new files.
wandb: updating run metadata
wandb: uploading final_returns/bdemodice_walker2d-expert-v2_2026-03-18_18-30-57.npz; uploading output.log; uploading wandb-summary.json; uploading config.yaml
wandb: uploading final_returns/bdemodice_walker2d-expert-v2_2026-03-18_18-30-57.npz; uploading output.log; uploading wandb-summary.json
wandb: uploading summary, console lines 214-215
wandb: 
wandb: Run history:
wandb:  actor_loss █▄▂▂▂▂▂▂▁▂▁▂▂▂▁▂▃▂▁▁▁▂▂▁▁▁▂▁▁▂▂▁▂▁▂▁▂▁▁▁
wandb:   cost_loss ▆▂▅▅▆▃▃▇▄▃▄▆▆▇▁▄▄▅▅▃▂▂▅▆█▇▄▄▂▇▃▇▂▆▇█▄▆▆▁
wandb: num_updates ▁▁▂▂▂▂▂▂▃▃▃▃▄▄▄▅▅▅▅▅▅▅▅▅▆▆▆▆▆▆▆▆▆▇▇▇▇▇▇█
wandb:      q_loss ▄█▄▄▄▃▇▂▄▂▃▃▃█▂▁▃▂▆▃▃▃▆▂▂▁▃▂▃▄▁▂▂▄▃▂▂▆▅▄
wandb:      return ▁█████▇█████████████████████████████████
wandb:  reward_max ▂▅▄▆▃▁▄▇▃▅█▅▂█▃▂▃▅▄▄▃▃▅▄▃▂▆▂▄▃▃▃▂▄▄▅▁▁▃▅
wandb: reward_mean ▆▇▅▆▄▆█▆▂▄▄▃▇▅▅▆▂▄▄▄▄▄▅▅▃▆▆▅▃▅▆▄▁▆██▄▅▃▆
wandb:  reward_min █▄▃▂▂▂▂▄▂▁▂▂▃▂▃▃▂▂▃▃▂▂▂▂▃▃▂▃▂▃▃▃▂▂▂▂▂▂▂▂
wandb:       score ▇██▇▁▇████▇▇▇▇▇███▇▇▇█▇██▇█▇▇████▇▇█▇█▇█
wandb:   score_std █▁▁▁▁▁▁▁▁▁▁▁▁▁▁▁▁▁▁▁▁▁▁▁▁▁▁▁▁▁▁▁▁▅▁▁▁▁▁▁
wandb:          +1 ...
wandb: 
wandb: Run summary:
wandb:  actor_loss -2.28722
wandb:   cost_loss 1.36582
wandb: num_updates 2000000
wandb:      q_loss 0.09366
wandb:      return 4987.90765
wandb:  reward_max 0.19411
wandb: reward_mean -0.08798
wandb:  reward_min -6.58601
wandb:       score 108.61764
wandb:   score_std 0.28961
wandb:          +1 ...
wandb: 
wandb: 🚀 View run bdemodice_walker2d_M4_s0 at: https://wandb.ai/wsk208/DemoDICE/runs/eabd4k5x
wandb: ⭐️ View project at: https://wandb.ai/wsk208/DemoDICE
wandb: Synced 5 W&B file(s), 0 media file(s), 0 artifact file(s) and 1 other file(s)
wandb: Find logs at: ./wandb/run-20260318_180458-eabd4k5x/logs
