Warning: All of online environments libraries in D4RL have been moved ]8;;https://github.com/Farama-Foundation/Gymnasium\Gymnasium]8;;\, ]8;;https://github.com/Farama-Foundation/MiniGrid\MiniGrid]8;;\ and ]8;;https://github.com/Farama-Foundation/Gymnasium-Robotics\Gymnasium-Robotics]8;;\, and all offline datasets in D4RL have been moved to ]8;;https://github.com/Farama-Foundation/Minari\Minari]8;;\.
These new versions include large bug fixes, new versions of Python, and are where all new development will continue. Please upgrade these libraries as soon as you're able to do so.
If you'd like to read more about the story behind this switch, please check out ]8;;https://farama.org/Announcing-Minari\this blog post]8;;\.
Gym has been unmaintained since 2022 and does not support NumPy 2.0 amongst other critical functionality.
Please upgrade to Gymnasium, the maintained drop-in replacement of Gym, or contact the authors of your software and request that they upgrade.
See the migration guide at https://gymnasium.farama.org/introduction/migration_guide/ for additional information.
/opt/venv/lib/python3.10/site-packages/Cython/Distutils/old_build_ext.py:15: DeprecationWarning: dep_util is Deprecated. Use functions from setuptools instead.
  from distutils.dep_util import newer, newer_group
<frozen importlib._bootstrap>:283: DeprecationWarning: the load_module() method is deprecated and slated for removal in Python 3.12; use exec_module() instead
pybullet build time: Jan 29 2025 23:16:28
wandb: [wandb.login()] Loaded credentials for https://api.wandb.ai from /root/.netrc.
wandb: Currently logged in as: wsk208 to https://api.wandb.ai. Use `wandb login --relogin` to force relogin
/opt/venv/lib/python3.10/site-packages/wandb/analytics/sentry.py:268: DeprecationWarning: Read the `app_url` setting from the appropriate Settings object.
  app_url = wandb.util.app_url(tags["base_url"])  # type: ignore[index]
/opt/venv/lib/python3.10/site-packages/wandb/analytics/sentry.py:279: DeprecationWarning: The `Scope.user` setter is deprecated in favor of `Scope.set_user()`.
  self.scope.user = {"email": email}
wandb: setting up run vnqunwpu
/opt/venv/lib/python3.10/site-packages/wandb/analytics/sentry.py:268: DeprecationWarning: Read the `app_url` setting from the appropriate Settings object.
  app_url = wandb.util.app_url(tags["base_url"])  # type: ignore[index]
/opt/venv/lib/python3.10/site-packages/wandb/analytics/sentry.py:279: DeprecationWarning: The `Scope.user` setter is deprecated in favor of `Scope.set_user()`.
  self.scope.user = {"email": email}
wandb: Tracking run with wandb version 0.25.1
wandb: Run data is saved locally in /app/wandb/run-20260319_005122-vnqunwpu
wandb: Run `wandb offline` to turn off syncing.
wandb: Syncing run bdemodice_halfcheetah_M3_s1
wandb: ⭐️ View project at https://wandb.ai/wsk208/DemoDICE
wandb: 🚀 View run at https://wandb.ai/wsk208/DemoDICE/runs/vnqunwpu
/opt/venv/lib/python3.10/site-packages/gym/spaces/box.py:84: UserWarning: [33mWARN: Box bound precision lowered by casting to float32[0m
  logger.warn(f"Box bound precision lowered by casting to {self.dtype}")
load datafile:   0%|          | 0/21 [00:00<?, ?it/s]load datafile:   5%|▍         | 1/21 [00:00<00:03,  5.86it/s]load datafile:  14%|█▍        | 3/21 [00:00<00:03,  5.29it/s]load datafile:  19%|█▉        | 4/21 [00:00<00:04,  4.00it/s]load datafile:  81%|████████  | 17/21 [00:01<00:00, 15.39it/s]load datafile:  90%|█████████ | 19/21 [00:01<00:00, 10.69it/s]load datafile: 100%|██████████| 21/21 [00:01<00:00, 11.10it/s]
Expert  :  999000 transitions  (halfcheetah-expert-v2, 400 traj)
load datafile:   0%|          | 0/9 [00:00<?, ?it/s]load datafile:  11%|█         | 1/9 [00:00<00:01,  6.20it/s]load datafile:  33%|███▎      | 3/9 [00:00<00:01,  5.56it/s]load datafile:  44%|████▍     | 4/9 [00:00<00:01,  4.13it/s]load datafile:  56%|█████▌    | 5/9 [00:01<00:01,  3.20it/s]load datafile:  67%|██████▋   | 6/9 [00:01<00:01,  2.79it/s]load datafile: 100%|██████████| 9/9 [00:01<00:00,  4.92it/s]
Imperfect:  999000 transitions  (halfcheetah-random-v2, 1600 traj)
Union   : 1998000 transitions total
/root/.local/share/uv/python/cpython-3.10-linux-x86_64-gnu/lib/python3.10/multiprocessing/popen_fork.py:66: RuntimeWarning: os.fork() was called. os.fork() is incompatible with multithreaded code, and JAX is multithreaded, so this will likely lead to a deadlock.
  self.pid = os.fork()
/opt/venv/lib/python3.10/site-packages/tensorflow_probability/python/internal/backend/jax/ops.py:681: DeprecationWarning: jax.interpreters.xla.pytype_aval_mappings is deprecated.
  jax.interpreters.xla.pytype_aval_mappings[onp.ndarray])
/opt/venv/lib/python3.10/site-packages/gym/spaces/box.py:84: UserWarning: [33mWARN: Box bound precision lowered by casting to float32[0m
  logger.warn(f"Box bound precision lowered by casting to {self.dtype}")
Step:    10000  |  score: 2.14 ± 0.01  |  actor_loss: 4.0668  cost_loss: 0.9752  q_loss: 4.3975  reward_max: 0.8745  reward_mean: -1.7433  reward_min: -6.2681  value_loss: -6.7414
Step:    20000  |  score: 2.04 ± 0.01  |  actor_loss: 2.5183  cost_loss: 0.9332  q_loss: 2.7965  reward_max: 0.9456  reward_mean: -2.0142  reward_min: -6.4712  value_loss: 0.9392
Step:    30000  |  score: 5.45 ± 2.69  |  actor_loss: 1.1078  cost_loss: 0.9452  q_loss: 2.7787  reward_max: 1.1349  reward_mean: -2.0434  reward_min: -6.4562  value_loss: 14.9195
Step:    40000  |  score: 2.56 ± 0.78  |  actor_loss: 61.5587  cost_loss: 0.9429  q_loss: 24.1565  reward_max: 1.0049  reward_mean: -2.0040  reward_min: -6.5517  value_loss: 175274442752.0000
Step:    50000  |  score: 2.23 ± 0.02  |  actor_loss: 91.0885  cost_loss: 0.9751  q_loss: 19.0274  reward_max: 2.0313  reward_mean: -2.1036  reward_min: -6.6919  value_loss: 104949710848.0000
Step:    60000  |  score: 2.31 ± 0.13  |  actor_loss: 95.4694  cost_loss: 1.0215  q_loss: 14.4935  reward_max: 1.0883  reward_mean: -1.7546  reward_min: -6.6995  value_loss: 1299116206325760.0000
Step:    70000  |  score: 2.54 ± 0.18  |  actor_loss: 92.3147  cost_loss: 1.0118  q_loss: 16.9792  reward_max: 1.2110  reward_mean: -1.7686  reward_min: -6.6091  value_loss: 52461607845888.0000
Step:    80000  |  score: 3.09 ± 0.43  |  actor_loss: 94.0229  cost_loss: 0.9941  q_loss: 13.7013  reward_max: 0.9955  reward_mean: -1.9161  reward_min: -6.6211  value_loss: 3318730356424704.0000
Step:    90000  |  score: 3.11 ± 0.10  |  actor_loss: 93.4253  cost_loss: 0.9554  q_loss: 21.3578  reward_max: 0.8368  reward_mean: -2.1000  reward_min: -6.6745  value_loss: 1172082393088.0000
Step:   100000  |  score: 4.58 ± 1.28  |  actor_loss: 95.0301  cost_loss: 0.9412  q_loss: 11.6191  reward_max: 1.4275  reward_mean: -2.1509  reward_min: -6.5660  value_loss: 485899045437440.0000
Step:   110000  |  score: 3.96 ± 1.21  |  actor_loss: 102.8862  cost_loss: 0.9466  q_loss: 11.3975  reward_max: 1.0176  reward_mean: -2.1386  reward_min: -6.6786  value_loss: 118308464492544.0000
Step:   120000  |  score: 3.97 ± 0.89  |  actor_loss: 83.3840  cost_loss: 0.9645  q_loss: 10.3948  reward_max: 1.1837  reward_mean: -2.0475  reward_min: -6.4787  value_loss: 2284011913216.0000
Step:   130000  |  score: 4.21 ± 1.92  |  actor_loss: 116.9584  cost_loss: 0.9549  q_loss: 12.8785  reward_max: 0.9929  reward_mean: -2.0868  reward_min: -6.6129  value_loss: 3664407309582336.0000
Step:   140000  |  score: 3.42 ± 0.63  |  actor_loss: 113.5856  cost_loss: 0.9795  q_loss: 10.5483  reward_max: 0.9260  reward_mean: -1.9714  reward_min: -6.6609  value_loss: 12593862279168.0000
Step:   150000  |  score: 5.34 ± 1.32  |  actor_loss: 95.3783  cost_loss: 0.9309  q_loss: 8.3864  reward_max: 1.1174  reward_mean: -2.2209  reward_min: -6.6651  value_loss: 905634619304955609088.0000
Step:   160000  |  score: 4.36 ± 0.80  |  actor_loss: 98.4486  cost_loss: 0.8922  q_loss: 10.9653  reward_max: 0.8884  reward_mean: -2.4349  reward_min: -6.5916  value_loss: 19050202887356416.0000
Step:   170000  |  score: 3.82 ± 0.83  |  actor_loss: 105.6010  cost_loss: 0.9544  q_loss: 8.4919  reward_max: 1.0273  reward_mean: -2.1420  reward_min: -6.5718  value_loss: 15163237335040.0000
Step:   180000  |  score: 4.02 ± 0.90  |  actor_loss: 104.9200  cost_loss: 0.9934  q_loss: 8.1325  reward_max: 1.2300  reward_mean: -2.0235  reward_min: -6.7071  value_loss: 1258171138048.0000
Step:   190000  |  score: 4.14 ± 0.83  |  actor_loss: 105.7865  cost_loss: 0.9816  q_loss: 10.2734  reward_max: 0.9760  reward_mean: -1.9892  reward_min: -6.6697  value_loss: 1184174023114752.0000
Step:   200000  |  score: 3.51 ± 0.46  |  actor_loss: 88.8718  cost_loss: 0.9293  q_loss: 9.6230  reward_max: 1.0106  reward_mean: -2.2677  reward_min: -6.6365  value_loss: 799874711839309824.0000
Step:   210000  |  score: 4.54 ± 1.71  |  actor_loss: 108.5966  cost_loss: 0.9670  q_loss: 10.8929  reward_max: 1.0740  reward_mean: -2.0533  reward_min: -6.7762  value_loss: 17130412048384.0000
Step:   220000  |  score: 4.24 ± 0.90  |  actor_loss: 88.7690  cost_loss: 0.9937  q_loss: 8.1182  reward_max: 1.1680  reward_mean: -1.8692  reward_min: -6.5709  value_loss: 9686296935006208.0000
Step:   230000  |  score: 4.30 ± 1.93  |  actor_loss: 105.5918  cost_loss: 1.0115  q_loss: 8.5441  reward_max: 0.8109  reward_mean: -1.8389  reward_min: -6.7014  value_loss: 544595968000.0000
Step:   240000  |  score: 4.04 ± 1.11  |  actor_loss: 95.0332  cost_loss: 0.9406  q_loss: 8.4493  reward_max: 0.9440  reward_mean: -2.1903  reward_min: -6.6657  value_loss: 23663398981925339136.0000
Step:   250000  |  score: 3.29 ± 0.78  |  actor_loss: 100.9686  cost_loss: 0.9189  q_loss: 9.8557  reward_max: 0.8294  reward_mean: -2.4067  reward_min: -6.6735  value_loss: 20388068191989923840.0000
Step:   260000  |  score: 4.91 ± 1.88  |  actor_loss: 103.1251  cost_loss: 0.9608  q_loss: 8.2246  reward_max: 0.9624  reward_mean: -2.0830  reward_min: -6.7328  value_loss: 23850507042816.0000
Step:   270000  |  score: 4.37 ± 1.70  |  actor_loss: 94.1131  cost_loss: 0.9819  q_loss: 7.8794  reward_max: 1.0224  reward_mean: -2.0414  reward_min: -6.7637  value_loss: 1751838544957014016.0000
Step:   280000  |  score: 4.54 ± 1.08  |  actor_loss: 94.5000  cost_loss: 0.9864  q_loss: 6.9324  reward_max: 0.9303  reward_mean: -2.0690  reward_min: -6.5438  value_loss: 25444634066944.0000
Step:   290000  |  score: 5.06 ± 1.65  |  actor_loss: 104.2025  cost_loss: 0.9958  q_loss: 7.5282  reward_max: 0.9282  reward_mean: -1.9568  reward_min: -6.6850  value_loss: 20928117207990272.0000
Step:   300000  |  score: 5.05 ± 1.43  |  actor_loss: 99.5198  cost_loss: 0.9383  q_loss: 8.3848  reward_max: 1.2537  reward_mean: -2.2786  reward_min: -6.5264  value_loss: 81314267004928.0000
Step:   310000  |  score: 5.13 ± 1.37  |  actor_loss: 98.8289  cost_loss: 0.9560  q_loss: 8.7394  reward_max: 0.9372  reward_mean: -2.1799  reward_min: -6.6621  value_loss: 20302026940350464.0000
Step:   320000  |  score: 4.25 ± 1.18  |  actor_loss: 114.3070  cost_loss: 0.9357  q_loss: 8.0577  reward_max: 0.8341  reward_mean: -2.2659  reward_min: -6.7290  value_loss: 54254119157760.0000
Step:   330000  |  score: 4.77 ± 1.45  |  actor_loss: 106.2414  cost_loss: 0.9907  q_loss: 6.8382  reward_max: 0.8579  reward_mean: -2.0736  reward_min: -6.7376  value_loss: 1170614983159971840.0000
Step:   340000  |  score: 4.44 ± 1.63  |  actor_loss: 103.3785  cost_loss: 0.9242  q_loss: 6.8335  reward_max: 0.9332  reward_mean: -2.2805  reward_min: -6.5375  value_loss: 26179686400.0000
Step:   350000  |  score: 4.45 ± 1.26  |  actor_loss: 90.0695  cost_loss: 0.9742  q_loss: 8.0570  reward_max: 0.8066  reward_mean: -2.1379  reward_min: -6.5996  value_loss: 3881891300114432.0000
Step:   360000  |  score: 4.79 ± 1.22  |  actor_loss: 93.2363  cost_loss: 0.9774  q_loss: 8.2086  reward_max: 0.9787  reward_mean: -1.9658  reward_min: -6.5911  value_loss: 3058533760094961664.0000
Step:   370000  |  score: 4.78 ± 2.24  |  actor_loss: 99.8373  cost_loss: 0.9566  q_loss: 10.1375  reward_max: 0.9894  reward_mean: -2.1723  reward_min: -6.5552  value_loss: 18041942134751232.0000
Step:   380000  |  score: 4.83 ± 1.87  |  actor_loss: 79.8068  cost_loss: 0.9530  q_loss: 9.0755  reward_max: 0.7827  reward_mean: -2.1911  reward_min: -6.6400  value_loss: 281894629375213568.0000
Step:   390000  |  score: 5.49 ± 1.74  |  actor_loss: 94.9973  cost_loss: 0.9225  q_loss: 7.6679  reward_max: 1.0512  reward_mean: -2.3861  reward_min: -6.7255  value_loss: 153599774556160.0000
Step:   400000  |  score: 4.74 ± 1.84  |  actor_loss: 89.8472  cost_loss: 0.9990  q_loss: 8.4675  reward_max: 0.9298  reward_mean: -1.9464  reward_min: -6.6633  value_loss: 81015548674048.0000
Step:   410000  |  score: 4.55 ± 1.96  |  actor_loss: 96.4732  cost_loss: 0.9379  q_loss: 7.4871  reward_max: 0.8272  reward_mean: -2.3319  reward_min: -6.5966  value_loss: 8509486268416.0000
Step:   420000  |  score: 6.63 ± 3.96  |  actor_loss: 79.7771  cost_loss: 0.9475  q_loss: 7.1582  reward_max: 1.0282  reward_mean: -2.2937  reward_min: -6.7154  value_loss: 716312931488252297216.0000
Step:   430000  |  score: 4.43 ± 1.56  |  actor_loss: 103.6510  cost_loss: 0.9947  q_loss: 6.6086  reward_max: 0.8966  reward_mean: -2.0483  reward_min: -6.5107  value_loss: 91699587584098304.0000
Step:   440000  |  score: 4.88 ± 1.23  |  actor_loss: 96.5733  cost_loss: 0.9911  q_loss: 7.2922  reward_max: 1.0937  reward_mean: -1.9868  reward_min: -6.6092  value_loss: 699937351211679744.0000
Step:   450000  |  score: 5.01 ± 2.89  |  actor_loss: 114.4589  cost_loss: 0.9610  q_loss: 6.6953  reward_max: 0.9032  reward_mean: -2.1847  reward_min: -6.7182  value_loss: 89619199915196416.0000
Step:   460000  |  score: 4.98 ± 1.31  |  actor_loss: 99.1840  cost_loss: 0.9508  q_loss: 6.0161  reward_max: 0.7572  reward_mean: -2.1842  reward_min: -6.5584  value_loss: 120518267109376.0000
Step:   470000  |  score: 3.85 ± 2.66  |  actor_loss: 112.4551  cost_loss: 0.9565  q_loss: 7.7589  reward_max: 0.8701  reward_mean: -2.2315  reward_min: -6.6837  value_loss: 1703381418253484032.0000
Step:   480000  |  score: 4.76 ± 1.86  |  actor_loss: 108.3080  cost_loss: 0.9523  q_loss: 6.4929  reward_max: 1.1689  reward_mean: -2.1833  reward_min: -6.4363  value_loss: 6788579137159168.0000
Step:   490000  |  score: 6.17 ± 4.57  |  actor_loss: 93.1984  cost_loss: 0.9737  q_loss: 6.8440  reward_max: 1.1632  reward_mean: -2.0672  reward_min: -6.7008  value_loss: 38979516760064.0000
Step:   500000  |  score: 5.00 ± 1.59  |  actor_loss: 81.4097  cost_loss: 0.9406  q_loss: 7.2169  reward_max: 0.8447  reward_mean: -2.2366  reward_min: -6.5598  value_loss: 1658283162133856256.0000
Step:   510000  |  score: 4.29 ± 1.61  |  actor_loss: 104.4457  cost_loss: 0.9628  q_loss: 7.3052  reward_max: 0.8686  reward_mean: -2.1585  reward_min: -6.5262  value_loss: 10044463644672.0000
Step:   520000  |  score: 5.41 ± 2.21  |  actor_loss: 88.9573  cost_loss: 0.9959  q_loss: 6.8295  reward_max: 0.9051  reward_mean: -1.9715  reward_min: -6.5256  value_loss: 5693112320000.0000
Step:   530000  |  score: 5.69 ± 2.24  |  actor_loss: 88.0473  cost_loss: 0.9729  q_loss: 6.0320  reward_max: 0.8782  reward_mean: -2.1603  reward_min: -6.5308  value_loss: 26973134913536.0000
Step:   540000  |  score: 5.97 ± 2.05  |  actor_loss: 82.1367  cost_loss: 1.0154  q_loss: 6.1951  reward_max: 1.2764  reward_mean: -1.9363  reward_min: -6.5537  value_loss: 3723239771602944.0000
Step:   550000  |  score: 3.93 ± 1.56  |  actor_loss: 107.4737  cost_loss: 0.9685  q_loss: 6.1378  reward_max: 0.8828  reward_mean: -2.2185  reward_min: -6.6763  value_loss: 15726213880348672.0000
Step:   560000  |  score: 4.40 ± 2.42  |  actor_loss: 76.0371  cost_loss: 0.9864  q_loss: 6.7964  reward_max: 0.8068  reward_mean: -2.0759  reward_min: -6.5390  value_loss: 16265942925312.0000
Step:   570000  |  score: 4.10 ± 1.97  |  actor_loss: 95.0884  cost_loss: 0.9511  q_loss: 6.4086  reward_max: 0.9153  reward_mean: -2.1782  reward_min: -6.5655  value_loss: 49045116551168.0000
Step:   580000  |  score: 6.58 ± 3.92  |  actor_loss: 100.6035  cost_loss: 0.9634  q_loss: 6.6444  reward_max: 1.1451  reward_mean: -2.2191  reward_min: -6.5270  value_loss: 10858033806573568.0000
Step:   590000  |  score: 4.20 ± 2.46  |  actor_loss: 91.4508  cost_loss: 0.9718  q_loss: 7.4182  reward_max: 0.9540  reward_mean: -2.0631  reward_min: -6.5976  value_loss: 55698612289536.0000
Step:   600000  |  score: 6.01 ± 4.13  |  actor_loss: 95.3589  cost_loss: 0.9859  q_loss: 6.1038  reward_max: 1.0811  reward_mean: -2.0469  reward_min: -6.7143  value_loss: 185374155749720064.0000
Step:   610000  |  score: 6.38 ± 3.96  |  actor_loss: 77.8868  cost_loss: 0.9888  q_loss: 6.9873  reward_max: 0.8101  reward_mean: -2.1301  reward_min: -6.6496  value_loss: 90947694100480.0000
Step:   620000  |  score: 5.22 ± 2.68  |  actor_loss: 103.7725  cost_loss: 0.9505  q_loss: 6.0530  reward_max: 1.0920  reward_mean: -2.1722  reward_min: -6.6285  value_loss: 22054294501000740864.0000
Step:   630000  |  score: 5.06 ± 2.85  |  actor_loss: 79.3244  cost_loss: 0.9826  q_loss: 5.2752  reward_max: 0.8069  reward_mean: -2.1224  reward_min: -6.6653  value_loss: 340333094107439930282082304.0000
Step:   640000  |  score: 5.65 ± 3.60  |  actor_loss: 94.1215  cost_loss: 0.9470  q_loss: 7.4050  reward_max: 0.7941  reward_mean: -2.2726  reward_min: -6.6905  value_loss: 794087041007616.0000
Step:   650000  |  score: 4.53 ± 2.34  |  actor_loss: 86.2186  cost_loss: 0.9368  q_loss: 6.4994  reward_max: 0.8986  reward_mean: -2.2984  reward_min: -6.6741  value_loss: 13036010078208.0000
Step:   660000  |  score: 5.65 ± 1.42  |  actor_loss: 88.9398  cost_loss: 0.9817  q_loss: 5.6857  reward_max: 1.1499  reward_mean: -2.0631  reward_min: -6.6468  value_loss: 1021659316224.0000
Step:   670000  |  score: 5.56 ± 2.12  |  actor_loss: 102.6091  cost_loss: 0.9554  q_loss: 6.0675  reward_max: 0.9033  reward_mean: -2.2487  reward_min: -6.5362  value_loss: 95829980323250176.0000
Step:   680000  |  score: 5.00 ± 1.53  |  actor_loss: 93.9664  cost_loss: 0.9505  q_loss: 6.2816  reward_max: 0.9988  reward_mean: -2.2103  reward_min: -6.5325  value_loss: 11343092380598272.0000
Step:   690000  |  score: 4.86 ± 1.94  |  actor_loss: 101.6536  cost_loss: 0.9405  q_loss: 6.2095  reward_max: 0.9664  reward_mean: -2.3643  reward_min: -6.6648  value_loss: 11603477994143744.0000
Step:   700000  |  score: 5.55 ± 1.79  |  actor_loss: 107.1112  cost_loss: 0.9483  q_loss: 5.7472  reward_max: 0.8533  reward_mean: -2.1581  reward_min: -6.5387  value_loss: 25501980688384.0000
Step:   710000  |  score: 5.03 ± 1.44  |  actor_loss: 96.6473  cost_loss: 0.9535  q_loss: 5.6421  reward_max: 0.9280  reward_mean: -2.2209  reward_min: -6.7633  value_loss: 1072116849967104.0000
Step:   720000  |  score: 4.30 ± 1.31  |  actor_loss: 97.8208  cost_loss: 0.9932  q_loss: 4.6949  reward_max: 0.8831  reward_mean: -2.0106  reward_min: -6.6178  value_loss: 266229570863104.0000
Step:   730000  |  score: 4.13 ± 1.80  |  actor_loss: 103.3100  cost_loss: 0.9382  q_loss: 6.1191  reward_max: 1.1602  reward_mean: -2.2510  reward_min: -6.7248  value_loss: 106458028965888.0000
Step:   740000  |  score: 4.79 ± 1.60  |  actor_loss: 97.8930  cost_loss: 0.9777  q_loss: 5.8650  reward_max: 0.8669  reward_mean: -2.0789  reward_min: -6.5305  value_loss: 154479871874039808.0000
Step:   750000  |  score: 5.15 ± 1.29  |  actor_loss: 85.6115  cost_loss: 1.0112  q_loss: 6.4744  reward_max: 0.9755  reward_mean: -1.9566  reward_min: -6.4538  value_loss: 9450386003618430976.0000
Step:   760000  |  score: 3.63 ± 1.49  |  actor_loss: 91.1144  cost_loss: 0.9876  q_loss: 5.6483  reward_max: 1.5160  reward_mean: -2.0172  reward_min: -6.5754  value_loss: 1866831157526528.0000
Step:   770000  |  score: 6.92 ± 3.40  |  actor_loss: 82.7990  cost_loss: 0.9596  q_loss: 5.8648  reward_max: 1.5415  reward_mean: -2.2067  reward_min: -6.6694  value_loss: 931717840896.0000
Step:   780000  |  score: 5.42 ± 3.31  |  actor_loss: 73.6395  cost_loss: 0.9587  q_loss: 6.2847  reward_max: 0.9089  reward_mean: -2.2415  reward_min: -6.6178  value_loss: 16030363862020653056.0000
Step:   790000  |  score: 5.61 ± 2.35  |  actor_loss: 96.5272  cost_loss: 0.9455  q_loss: 6.5513  reward_max: 0.9808  reward_mean: -2.1916  reward_min: -6.6019  value_loss: 62836986448183296.0000
Step:   800000  |  score: 4.99 ± 2.64  |  actor_loss: 98.9251  cost_loss: 0.9411  q_loss: 6.4210  reward_max: 0.9540  reward_mean: -2.2948  reward_min: -6.5060  value_loss: 12368956056666112.0000
Step:   810000  |  score: 5.48 ± 2.77  |  actor_loss: 74.9525  cost_loss: 0.9833  q_loss: 6.1411  reward_max: 0.8687  reward_mean: -2.1248  reward_min: -6.6151  value_loss: 174895792757145600.0000
Step:   820000  |  score: 4.53 ± 0.74  |  actor_loss: 99.7023  cost_loss: 0.9360  q_loss: 6.6453  reward_max: 1.0411  reward_mean: -2.2773  reward_min: -6.5861  value_loss: 3512386942140416.0000
Step:   830000  |  score: 4.09 ± 1.22  |  actor_loss: 96.6529  cost_loss: 0.9084  q_loss: 5.6988  reward_max: 0.8138  reward_mean: -2.3938  reward_min: -6.6938  value_loss: 3735235854336.0000
Step:   840000  |  score: 6.11 ± 2.60  |  actor_loss: 83.2955  cost_loss: 1.0270  q_loss: 7.5573  reward_max: 0.7878  reward_mean: -1.9830  reward_min: -6.7897  value_loss: 19146203996356608.0000
Step:   850000  |  score: 5.81 ± 1.65  |  actor_loss: 84.7581  cost_loss: 0.9652  q_loss: 5.7257  reward_max: 1.0950  reward_mean: -2.2093  reward_min: -6.6958  value_loss: 7586355609600.0000
Step:   860000  |  score: 5.36 ± 3.32  |  actor_loss: 95.8784  cost_loss: 0.9280  q_loss: 5.5173  reward_max: 0.9711  reward_mean: -2.3217  reward_min: -6.5483  value_loss: 1071578208713221456527360.0000
Step:   870000  |  score: 4.34 ± 1.98  |  actor_loss: 93.3895  cost_loss: 0.9254  q_loss: 5.6946  reward_max: 0.8126  reward_mean: -2.3574  reward_min: -6.6424  value_loss: 1406658563538944.0000
Step:   880000  |  score: 4.61 ± 1.37  |  actor_loss: 87.2454  cost_loss: 0.9646  q_loss: 6.3099  reward_max: 0.9013  reward_mean: -2.1310  reward_min: -6.6537  value_loss: 3226934825713664.0000
Step:   890000  |  score: 5.81 ± 2.67  |  actor_loss: 106.0755  cost_loss: 0.9758  q_loss: 5.2843  reward_max: 0.7588  reward_mean: -2.1305  reward_min: -6.6985  value_loss: 202964194310488064.0000
Step:   900000  |  score: 5.14 ± 2.06  |  actor_loss: 113.5906  cost_loss: 0.9860  q_loss: 5.8663  reward_max: 0.8768  reward_mean: -2.1112  reward_min: -6.4862  value_loss: 1983785730048.0000
Step:   910000  |  score: 4.41 ± 1.06  |  actor_loss: 83.6848  cost_loss: 0.9837  q_loss: 7.0092  reward_max: 0.9598  reward_mean: -2.0420  reward_min: -6.5719  value_loss: 11888549739676827648.0000
Step:   920000  |  score: 5.23 ± 1.96  |  actor_loss: 78.9516  cost_loss: 1.0464  q_loss: 5.1324  reward_max: 0.9046  reward_mean: -1.8093  reward_min: -6.5516  value_loss: 5252622596440064.0000
Step:   930000  |  score: 4.39 ± 2.67  |  actor_loss: 95.7802  cost_loss: 0.9560  q_loss: 5.1276  reward_max: 0.8267  reward_mean: -2.1969  reward_min: -6.7006  value_loss: 399197379493888.0000
Step:   940000  |  score: 6.45 ± 3.26  |  actor_loss: 94.3248  cost_loss: 0.9655  q_loss: 4.8358  reward_max: 0.8691  reward_mean: -2.1223  reward_min: -6.6154  value_loss: 371102891114496.0000
Step:   950000  |  score: 6.52 ± 2.74  |  actor_loss: 92.1852  cost_loss: 0.9785  q_loss: 6.6542  reward_max: 1.1873  reward_mean: -2.1745  reward_min: -6.5884  value_loss: 529594172248686592.0000
Step:   960000  |  score: 6.98 ± 3.63  |  actor_loss: 108.8732  cost_loss: 0.9850  q_loss: 4.8722  reward_max: 0.9079  reward_mean: -2.1882  reward_min: -6.6431  value_loss: 12972010696710553600.0000
Step:   970000  |  score: 5.35 ± 1.42  |  actor_loss: 101.2261  cost_loss: 0.9709  q_loss: 4.3072  reward_max: 0.8456  reward_mean: -2.0852  reward_min: -6.4720  value_loss: 75878276685365248.0000
Step:   980000  |  score: 4.60 ± 1.22  |  actor_loss: 95.0939  cost_loss: 0.9535  q_loss: 5.1865  reward_max: 0.7806  reward_mean: -2.2000  reward_min: -6.5618  value_loss: 94330321916949168128.0000
Step:   990000  |  score: 5.22 ± 1.44  |  actor_loss: 99.2281  cost_loss: 0.9395  q_loss: 6.4409  reward_max: 0.8767  reward_mean: -2.3504  reward_min: -6.5527  value_loss: 8844256785465344.0000
Step:  1000000  |  score: 6.32 ± 2.78  |  actor_loss: 83.6141  cost_loss: 0.9402  q_loss: 7.0524  reward_max: 0.7852  reward_mean: -2.2980  reward_min: -6.6318  value_loss: 32744228782080.0000
Step:  1010000  |  score: 8.13 ± 5.70  |  actor_loss: 87.2819  cost_loss: 0.9431  q_loss: 5.3939  reward_max: 0.9138  reward_mean: -2.2037  reward_min: -6.4509  value_loss: 777466664865234944.0000
Step:  1020000  |  score: 6.51 ± 3.64  |  actor_loss: 103.4807  cost_loss: 0.9723  q_loss: 5.5467  reward_max: 0.8384  reward_mean: -2.1181  reward_min: -6.5180  value_loss: 100861653024768.0000
Step:  1030000  |  score: 4.02 ± 1.46  |  actor_loss: 99.7292  cost_loss: 1.0033  q_loss: 5.2337  reward_max: 0.8787  reward_mean: -1.9396  reward_min: -6.6333  value_loss: 36097950287396864.0000
Step:  1040000  |  score: 5.81 ± 2.34  |  actor_loss: 105.0656  cost_loss: 0.9465  q_loss: 5.7174  reward_max: 0.8196  reward_mean: -2.2375  reward_min: -6.5529  value_loss: 255121882016120832.0000
Step:  1050000  |  score: 4.51 ± 1.83  |  actor_loss: 104.0296  cost_loss: 0.9688  q_loss: 4.9665  reward_max: 0.9271  reward_mean: -2.1485  reward_min: -6.7028  value_loss: 20557256982528.0000
Step:  1060000  |  score: 5.91 ± 1.83  |  actor_loss: 108.9040  cost_loss: 0.9721  q_loss: 5.1892  reward_max: 0.9217  reward_mean: -2.0645  reward_min: -6.3979  value_loss: 269110034300928.0000
Step:  1070000  |  score: 5.49 ± 2.45  |  actor_loss: 106.3825  cost_loss: 0.9258  q_loss: 6.5188  reward_max: 0.9117  reward_mean: -2.3913  reward_min: -6.6265  value_loss: 2854342885376.0000
Step:  1080000  |  score: 6.45 ± 2.97  |  actor_loss: 111.2189  cost_loss: 0.9460  q_loss: 4.4754  reward_max: 0.8421  reward_mean: -2.2573  reward_min: -6.5234  value_loss: 9000093231349760.0000
Step:  1090000  |  score: 6.57 ± 4.34  |  actor_loss: 107.0462  cost_loss: 0.9868  q_loss: 5.2500  reward_max: 0.8739  reward_mean: -2.0338  reward_min: -6.4379  value_loss: 10373746755872344768512.0000
Step:  1100000  |  score: 4.64 ± 1.57  |  actor_loss: 116.8255  cost_loss: 0.9454  q_loss: 4.7191  reward_max: 0.8497  reward_mean: -2.3038  reward_min: -6.5418  value_loss: 240144154099712.0000
Step:  1110000  |  score: 6.21 ± 2.80  |  actor_loss: 86.8672  cost_loss: 0.9548  q_loss: 5.2120  reward_max: 1.0010  reward_mean: -2.2602  reward_min: -6.6000  value_loss: 65874086068224.0000
Step:  1120000  |  score: 7.04 ± 2.79  |  actor_loss: 78.8592  cost_loss: 0.9633  q_loss: 6.1935  reward_max: 1.0368  reward_mean: -2.1276  reward_min: -6.5853  value_loss: 19418935459840.0000
Step:  1130000  |  score: 4.02 ± 0.89  |  actor_loss: 93.4929  cost_loss: 0.9330  q_loss: 5.3012  reward_max: 0.8781  reward_mean: -2.3573  reward_min: -6.4462  value_loss: 59149551403008.0000
Step:  1140000  |  score: 4.40 ± 1.83  |  actor_loss: 90.5894  cost_loss: 0.9417  q_loss: 5.6047  reward_max: 0.8524  reward_mean: -2.2508  reward_min: -6.6697  value_loss: 750111296602505216.0000
Step:  1150000  |  score: 5.03 ± 1.29  |  actor_loss: 74.1433  cost_loss: 0.9586  q_loss: 5.6037  reward_max: 0.8606  reward_mean: -2.2047  reward_min: -6.5702  value_loss: 7622191487123456.0000
Step:  1160000  |  score: 5.23 ± 1.72  |  actor_loss: 119.9214  cost_loss: 0.9527  q_loss: 4.6930  reward_max: 0.7983  reward_mean: -2.2284  reward_min: -6.5788  value_loss: 2746163658752.0000
Step:  1170000  |  score: 5.05 ± 1.89  |  actor_loss: 93.4827  cost_loss: 0.9675  q_loss: 4.5033  reward_max: 0.9242  reward_mean: -2.1344  reward_min: -6.7525  value_loss: 1992217493241856.0000
Step:  1180000  |  score: 5.82 ± 3.08  |  actor_loss: 85.2623  cost_loss: 0.9503  q_loss: 4.3376  reward_max: 0.8086  reward_mean: -2.2075  reward_min: -6.5746  value_loss: 28317147917184925696.0000
Step:  1190000  |  score: 5.57 ± 2.94  |  actor_loss: 92.6671  cost_loss: 0.9770  q_loss: 4.7180  reward_max: 0.9944  reward_mean: -2.0765  reward_min: -6.3906  value_loss: 108036261675008.0000
Step:  1200000  |  score: 3.67 ± 1.32  |  actor_loss: 89.3149  cost_loss: 0.9249  q_loss: 4.7904  reward_max: 1.5454  reward_mean: -2.3813  reward_min: -6.6415  value_loss: 2665521665277952.0000
Step:  1210000  |  score: 4.61 ± 3.23  |  actor_loss: 103.0253  cost_loss: 0.9434  q_loss: 4.9810  reward_max: 0.9588  reward_mean: -2.2752  reward_min: -6.6877  value_loss: 205330939904.0000
Step:  1220000  |  score: 4.67 ± 1.87  |  actor_loss: 90.9160  cost_loss: 0.9690  q_loss: 5.0034  reward_max: 1.0074  reward_mean: -2.1440  reward_min: -6.5936  value_loss: 1532832354664448.0000
Step:  1230000  |  score: 4.23 ± 2.70  |  actor_loss: 97.2509  cost_loss: 0.9578  q_loss: 4.3505  reward_max: 0.8078  reward_mean: -2.1970  reward_min: -6.6889  value_loss: 1021151560073216.0000
Step:  1240000  |  score: 5.27 ± 2.96  |  actor_loss: 96.4528  cost_loss: 0.9653  q_loss: 5.2933  reward_max: 0.9373  reward_mean: -2.1553  reward_min: -6.5279  value_loss: 643081426698240.0000
Step:  1250000  |  score: 5.57 ± 2.77  |  actor_loss: 73.6882  cost_loss: 1.0052  q_loss: 5.7839  reward_max: 0.8898  reward_mean: -1.9543  reward_min: -6.6219  value_loss: 42206979162112.0000
Step:  1260000  |  score: 4.60 ± 1.54  |  actor_loss: 99.7231  cost_loss: 1.0033  q_loss: 4.2951  reward_max: 0.9124  reward_mean: -1.9224  reward_min: -6.6638  value_loss: 52467836387328.0000
Step:  1270000  |  score: 4.36 ± 1.52  |  actor_loss: 102.1648  cost_loss: 0.9517  q_loss: 5.2976  reward_max: 1.1022  reward_mean: -2.1420  reward_min: -6.4481  value_loss: 5909498036224.0000
Step:  1280000  |  score: 5.58 ± 2.21  |  actor_loss: 68.3842  cost_loss: 0.9430  q_loss: 5.7738  reward_max: 1.3249  reward_mean: -2.2098  reward_min: -6.4982  value_loss: 222755408576512.0000
Step:  1290000  |  score: 6.11 ± 3.34  |  actor_loss: 85.7626  cost_loss: 0.9979  q_loss: 5.1872  reward_max: 0.8780  reward_mean: -2.1143  reward_min: -6.5288  value_loss: 178962126864384.0000
Step:  1300000  |  score: 5.45 ± 2.02  |  actor_loss: 88.6757  cost_loss: 0.9466  q_loss: 4.7126  reward_max: 1.2607  reward_mean: -2.3117  reward_min: -6.4834  value_loss: 40167972798464.0000
Step:  1310000  |  score: 8.97 ± 4.65  |  actor_loss: 104.6985  cost_loss: 0.9379  q_loss: 4.8591  reward_max: 0.8397  reward_mean: -2.2559  reward_min: -6.5553  value_loss: 41811368214528.0000
Step:  1320000  |  score: 6.19 ± 4.01  |  actor_loss: 105.8242  cost_loss: 0.9428  q_loss: 5.8855  reward_max: 0.9158  reward_mean: -2.2217  reward_min: -6.6948  value_loss: 91264593296359424.0000
Step:  1330000  |  score: 5.10 ± 2.24  |  actor_loss: 92.7753  cost_loss: 0.9533  q_loss: 4.8410  reward_max: 0.8912  reward_mean: -2.2179  reward_min: -6.7933  value_loss: 16500231411597312.0000
Step:  1340000  |  score: 6.28 ± 3.69  |  actor_loss: 84.0673  cost_loss: 0.9303  q_loss: 4.2744  reward_max: 0.8577  reward_mean: -2.3803  reward_min: -6.5559  value_loss: 821480321483538432.0000
Step:  1350000  |  score: 6.43 ± 2.95  |  actor_loss: 102.9754  cost_loss: 0.9523  q_loss: 4.9091  reward_max: 0.9613  reward_mean: -2.1807  reward_min: -6.5347  value_loss: 172406010281984.0000
Step:  1360000  |  score: 7.41 ± 6.15  |  actor_loss: 84.6657  cost_loss: 0.9844  q_loss: 4.7322  reward_max: 0.9622  reward_mean: -2.0436  reward_min: -6.5793  value_loss: 32468969193472.0000
Step:  1370000  |  score: 5.30 ± 4.28  |  actor_loss: 93.5111  cost_loss: 0.9658  q_loss: 7.1458  reward_max: 0.8300  reward_mean: -2.1876  reward_min: -6.4519  value_loss: 118836221752377344.0000
Step:  1380000  |  score: 5.37 ± 3.25  |  actor_loss: 88.1284  cost_loss: 0.9564  q_loss: 4.6227  reward_max: 0.9412  reward_mean: -2.2327  reward_min: -6.5127  value_loss: 52046711488512.0000
Step:  1390000  |  score: 5.31 ± 2.28  |  actor_loss: 79.1474  cost_loss: 0.9697  q_loss: 4.6758  reward_max: 0.8525  reward_mean: -2.1906  reward_min: -6.6300  value_loss: 4687605530624.0000
Step:  1400000  |  score: 7.37 ± 4.54  |  actor_loss: 89.1145  cost_loss: 0.9205  q_loss: 7.0472  reward_max: 0.9696  reward_mean: -2.3759  reward_min: -6.6113  value_loss: 2217010069513764339712.0000
Step:  1410000  |  score: 8.16 ± 3.34  |  actor_loss: 76.7383  cost_loss: 0.9900  q_loss: 4.9244  reward_max: 1.1423  reward_mean: -2.0192  reward_min: -6.5749  value_loss: 904660638498816.0000
Step:  1420000  |  score: 5.19 ± 1.54  |  actor_loss: 87.2701  cost_loss: 0.9585  q_loss: 4.6965  reward_max: 0.7946  reward_mean: -2.1708  reward_min: -6.6156  value_loss: 112352320250802339840.0000
Step:  1430000  |  score: 5.30 ± 1.67  |  actor_loss: 77.1628  cost_loss: 1.0174  q_loss: 4.3373  reward_max: 0.9609  reward_mean: -1.8560  reward_min: -6.6607  value_loss: 60118654401904640.0000
Step:  1440000  |  score: 6.62 ± 4.16  |  actor_loss: 115.3704  cost_loss: 0.9985  q_loss: 4.3592  reward_max: 1.1404  reward_mean: -2.0206  reward_min: -6.6721  value_loss: 84856217248496353280.0000
Step:  1450000  |  score: 6.30 ± 6.46  |  actor_loss: 92.6315  cost_loss: 0.9656  q_loss: 5.2644  reward_max: 0.8496  reward_mean: -2.1019  reward_min: -6.5293  value_loss: 828994790359040.0000
Step:  1460000  |  score: 7.86 ± 3.17  |  actor_loss: 96.1695  cost_loss: 0.9720  q_loss: 4.1704  reward_max: 0.8441  reward_mean: -2.0691  reward_min: -6.5137  value_loss: 5173163851776.0000
Step:  1470000  |  score: 5.89 ± 2.02  |  actor_loss: 92.3416  cost_loss: 0.9743  q_loss: 5.1396  reward_max: 0.8039  reward_mean: -2.1240  reward_min: -6.6445  value_loss: 20306534072320.0000
Step:  1480000  |  score: 5.81 ± 3.00  |  actor_loss: 100.9859  cost_loss: 0.9431  q_loss: 4.3907  reward_max: 0.8084  reward_mean: -2.3681  reward_min: -6.6453  value_loss: 158690082553856.0000
Step:  1490000  |  score: 5.79 ± 2.09  |  actor_loss: 98.0710  cost_loss: 0.9336  q_loss: 5.4616  reward_max: 1.1398  reward_mean: -2.2688  reward_min: -6.6555  value_loss: 8098516303872.0000
Step:  1500000  |  score: 5.96 ± 2.77  |  actor_loss: 83.7898  cost_loss: 0.9813  q_loss: 4.7485  reward_max: 0.8674  reward_mean: -2.0609  reward_min: -6.5817  value_loss: 163470234307224666112.0000
Step:  1510000  |  score: 5.51 ± 2.62  |  actor_loss: 85.3231  cost_loss: 0.9750  q_loss: 7.9482  reward_max: 0.8829  reward_mean: -2.1660  reward_min: -6.6046  value_loss: 164088985025511424.0000
Step:  1520000  |  score: 5.75 ± 4.56  |  actor_loss: 100.2189  cost_loss: 0.9529  q_loss: 5.5942  reward_max: 1.0886  reward_mean: -2.2189  reward_min: -6.5506  value_loss: 534177061535744.0000
Step:  1530000  |  score: 6.34 ± 2.80  |  actor_loss: 105.9610  cost_loss: 0.9358  q_loss: 4.4271  reward_max: 0.9925  reward_mean: -2.2770  reward_min: -6.5388  value_loss: 514634457559334912.0000
Step:  1540000  |  score: 7.15 ± 2.42  |  actor_loss: 87.9111  cost_loss: 0.9736  q_loss: 5.2687  reward_max: 0.8460  reward_mean: -2.1083  reward_min: -6.5212  value_loss: 8469611186281775104.0000
Step:  1550000  |  score: 6.73 ± 2.88  |  actor_loss: 84.6582  cost_loss: 0.9800  q_loss: 4.1033  reward_max: 0.9253  reward_mean: -2.1078  reward_min: -6.6012  value_loss: 2348083052544.0000
Step:  1560000  |  score: 3.71 ± 1.32  |  actor_loss: 96.2461  cost_loss: 0.9235  q_loss: 5.2820  reward_max: 0.8185  reward_mean: -2.3212  reward_min: -6.5525  value_loss: 146332370453135360.0000
Step:  1570000  |  score: 5.48 ± 3.27  |  actor_loss: 108.6382  cost_loss: 0.9396  q_loss: 4.6868  reward_max: 0.8799  reward_mean: -2.3306  reward_min: -6.6239  value_loss: 52603879098722727380385792.0000
Step:  1580000  |  score: 4.17 ± 2.31  |  actor_loss: 108.4776  cost_loss: 0.9819  q_loss: 4.7636  reward_max: 0.8743  reward_mean: -2.0922  reward_min: -6.6128  value_loss: 2893467390836736.0000
Step:  1590000  |  score: 4.16 ± 1.66  |  actor_loss: 106.1952  cost_loss: 0.9949  q_loss: 3.4060  reward_max: 0.7632  reward_mean: -2.0348  reward_min: -6.4868  value_loss: 23863556277668937728.0000
Step:  1600000  |  score: 8.01 ± 3.66  |  actor_loss: 90.6197  cost_loss: 0.9478  q_loss: 4.4053  reward_max: 0.9071  reward_mean: -2.2565  reward_min: -6.6234  value_loss: 749758079565824.0000
Step:  1610000  |  score: 4.79 ± 3.72  |  actor_loss: 85.5014  cost_loss: 0.9275  q_loss: 4.1013  reward_max: 1.0138  reward_mean: -2.3971  reward_min: -6.6087  value_loss: 44480480908673024.0000
Step:  1620000  |  score: 6.64 ± 4.02  |  actor_loss: 120.8173  cost_loss: 0.9488  q_loss: 4.1309  reward_max: 1.0473  reward_mean: -2.1947  reward_min: -6.4444  value_loss: 10910719096651776.0000
Step:  1630000  |  score: 6.32 ± 5.22  |  actor_loss: 117.9482  cost_loss: 0.8947  q_loss: 8.1422  reward_max: 0.8448  reward_mean: -2.5412  reward_min: -6.5187  value_loss: 221003744148455424.0000
Step:  1640000  |  score: 5.13 ± 1.71  |  actor_loss: 94.8298  cost_loss: 0.9657  q_loss: 4.5664  reward_max: 0.9189  reward_mean: -2.1654  reward_min: -6.4543  value_loss: 110311742461968384.0000
Step:  1650000  |  score: 7.64 ± 5.84  |  actor_loss: 105.8903  cost_loss: 0.9605  q_loss: 5.0135  reward_max: 1.0297  reward_mean: -2.1503  reward_min: -6.5257  value_loss: 254514561024000.0000
Step:  1660000  |  score: 6.00 ± 3.02  |  actor_loss: 98.4523  cost_loss: 0.9560  q_loss: 3.4373  reward_max: 0.8668  reward_mean: -2.1774  reward_min: -6.5216  value_loss: 1369547079680.0000
Step:  1670000  |  score: 5.05 ± 1.72  |  actor_loss: 106.8956  cost_loss: 0.9571  q_loss: 5.5131  reward_max: 0.8896  reward_mean: -2.1624  reward_min: -6.6269  value_loss: 13379990284402688.0000
Step:  1680000  |  score: 7.58 ± 3.23  |  actor_loss: 83.1368  cost_loss: 0.9633  q_loss: 5.1184  reward_max: 1.1486  reward_mean: -2.0883  reward_min: -6.5607  value_loss: 27390128422912.0000
Step:  1690000  |  score: 5.09 ± 2.51  |  actor_loss: 110.4819  cost_loss: 0.9869  q_loss: 3.8436  reward_max: 0.7567  reward_mean: -2.0637  reward_min: -6.4920  value_loss: 1794554128592925622272.0000
Step:  1700000  |  score: 6.35 ± 2.73  |  actor_loss: 113.1165  cost_loss: 0.9680  q_loss: 5.2413  reward_max: 0.8233  reward_mean: -2.1240  reward_min: -6.6506  value_loss: 381746893815808.0000
Step:  1710000  |  score: 5.64 ± 3.01  |  actor_loss: 97.9877  cost_loss: 0.9681  q_loss: 4.5622  reward_max: 1.6347  reward_mean: -2.0735  reward_min: -6.5353  value_loss: 44876787875840.0000
Step:  1720000  |  score: 7.22 ± 2.87  |  actor_loss: 99.4774  cost_loss: 0.9230  q_loss: 4.8093  reward_max: 0.8305  reward_mean: -2.3782  reward_min: -6.5393  value_loss: 191045279154176.0000
Step:  1730000  |  score: 7.32 ± 5.65  |  actor_loss: 101.9789  cost_loss: 0.9802  q_loss: 4.0746  reward_max: 0.9692  reward_mean: -2.0863  reward_min: -6.5463  value_loss: 2438357355331584.0000
Step:  1740000  |  score: 5.31 ± 2.81  |  actor_loss: 92.6216  cost_loss: 0.9411  q_loss: 5.7014  reward_max: 0.8581  reward_mean: -2.2482  reward_min: -6.5874  value_loss: 1080518342868992.0000
Step:  1750000  |  score: 8.57 ± 3.89  |  actor_loss: 102.1446  cost_loss: 0.9756  q_loss: 4.9593  reward_max: 1.0075  reward_mean: -2.0943  reward_min: -6.5318  value_loss: 484927476858880.0000
Step:  1760000  |  score: 3.45 ± 1.90  |  actor_loss: 106.7963  cost_loss: 0.9578  q_loss: 4.0307  reward_max: 0.7894  reward_mean: -2.2585  reward_min: -6.5736  value_loss: 59706384384.0000
Step:  1770000  |  score: 6.09 ± 4.33  |  actor_loss: 81.7868  cost_loss: 0.9526  q_loss: 4.5734  reward_max: 0.8582  reward_mean: -2.0953  reward_min: -6.4835  value_loss: 277087785058304.0000
Step:  1780000  |  score: 5.99 ± 2.58  |  actor_loss: 92.4797  cost_loss: 0.9599  q_loss: 4.4501  reward_max: 0.8587  reward_mean: -2.1835  reward_min: -6.5896  value_loss: 237058085879808.0000
Step:  1790000  |  score: 5.48 ± 3.11  |  actor_loss: 89.8951  cost_loss: 0.9694  q_loss: 4.9892  reward_max: 0.8252  reward_mean: -2.1669  reward_min: -6.4371  value_loss: 1743104424017920.0000
Step:  1800000  |  score: 6.91 ± 5.10  |  actor_loss: 100.2966  cost_loss: 0.9619  q_loss: 5.4683  reward_max: 0.9844  reward_mean: -2.2357  reward_min: -6.5863  value_loss: 4642875139200388480106496.0000
Step:  1810000  |  score: 4.47 ± 1.53  |  actor_loss: 102.1473  cost_loss: 0.9679  q_loss: 4.1588  reward_max: 0.7623  reward_mean: -2.1512  reward_min: -6.4615  value_loss: 3720604003860480.0000
Step:  1820000  |  score: 4.82 ± 3.33  |  actor_loss: 100.1053  cost_loss: 0.9708  q_loss: 4.4384  reward_max: 0.9563  reward_mean: -2.0684  reward_min: -6.4269  value_loss: 63738220642304.0000
Step:  1830000  |  score: 5.65 ± 1.78  |  actor_loss: 84.3785  cost_loss: 0.9871  q_loss: 4.4063  reward_max: 0.8883  reward_mean: -2.0441  reward_min: -6.5522  value_loss: 583988805632.0000
Step:  1840000  |  score: 5.59 ± 2.13  |  actor_loss: 81.7404  cost_loss: 0.9668  q_loss: 4.4913  reward_max: 0.9036  reward_mean: -2.1308  reward_min: -6.4753  value_loss: 7870837248.0000
Step:  1850000  |  score: 6.07 ± 3.28  |  actor_loss: 98.7372  cost_loss: 0.9556  q_loss: 4.6577  reward_max: 0.8488  reward_mean: -2.2063  reward_min: -6.6034  value_loss: 5074970476544.0000
Step:  1860000  |  score: 5.92 ± 1.82  |  actor_loss: 85.6646  cost_loss: 0.9867  q_loss: 3.6839  reward_max: 0.8088  reward_mean: -2.0620  reward_min: -6.5280  value_loss: 8555814547166855168.0000
Step:  1870000  |  score: 5.45 ± 4.18  |  actor_loss: 99.4005  cost_loss: 0.9460  q_loss: 4.7498  reward_max: 0.8720  reward_mean: -2.1921  reward_min: -6.4758  value_loss: 394616922232061952.0000
Step:  1880000  |  score: 4.90 ± 2.01  |  actor_loss: 99.3315  cost_loss: 0.9716  q_loss: 5.0725  reward_max: 0.8544  reward_mean: -2.1356  reward_min: -6.5283  value_loss: 841849828802560.0000
Step:  1890000  |  score: 6.05 ± 2.42  |  actor_loss: 100.5607  cost_loss: 0.9303  q_loss: 4.9231  reward_max: 0.9645  reward_mean: -2.3383  reward_min: -6.6212  value_loss: 1708623621259264.0000
Step:  1900000  |  score: 5.65 ± 1.94  |  actor_loss: 84.8352  cost_loss: 0.9775  q_loss: 4.8335  reward_max: 0.7759  reward_mean: -2.0716  reward_min: -6.4648  value_loss: 164804203380736.0000
Step:  1910000  |  score: 7.24 ± 5.56  |  actor_loss: 105.0523  cost_loss: 0.9774  q_loss: 4.9274  reward_max: 0.9448  reward_mean: -2.0655  reward_min: -6.6849  value_loss: 281069974716416.0000
Step:  1920000  |  score: 4.23 ± 1.82  |  actor_loss: 86.7924  cost_loss: 0.9700  q_loss: 3.8815  reward_max: 0.9699  reward_mean: -2.0951  reward_min: -6.4586  value_loss: 196558913536.0000
Step:  1930000  |  score: 5.72 ± 1.50  |  actor_loss: 80.7098  cost_loss: 0.9761  q_loss: 5.3338  reward_max: 0.9295  reward_mean: -2.0682  reward_min: -6.5540  value_loss: 619659132928.0000
Step:  1940000  |  score: 6.16 ± 2.77  |  actor_loss: 96.5404  cost_loss: 0.9723  q_loss: 4.0827  reward_max: 0.9242  reward_mean: -2.0874  reward_min: -6.5514  value_loss: 44209792876544.0000
Step:  1950000  |  score: 5.37 ± 2.75  |  actor_loss: 109.0037  cost_loss: 0.9804  q_loss: 4.2578  reward_max: 1.2022  reward_mean: -2.1929  reward_min: -6.5640  value_loss: 12940420841472.0000
Step:  1960000  |  score: 4.12 ± 1.59  |  actor_loss: 92.2946  cost_loss: 0.9882  q_loss: 4.5290  reward_max: 0.8524  reward_mean: -2.0798  reward_min: -6.6284  value_loss: 56151242786734080.0000
Step:  1970000  |  score: 4.67 ± 2.95  |  actor_loss: 98.7380  cost_loss: 0.9461  q_loss: 4.1619  reward_max: 0.8647  reward_mean: -2.2084  reward_min: -6.6099  value_loss: 200590424539136.0000
Step:  1980000  |  score: 7.98 ± 3.32  |  actor_loss: 106.1752  cost_loss: 0.9433  q_loss: 5.4840  reward_max: 1.2539  reward_mean: -2.2410  reward_min: -6.6199  value_loss: 49238754983936.0000
Step:  1990000  |  score: 7.38 ± 3.86  |  actor_loss: 81.2650  cost_loss: 0.9770  q_loss: 4.1569  reward_max: 0.9907  reward_mean: -2.0624  reward_min: -6.4968  value_loss: 20506317059784704.0000
Step:  2000000  |  score: 5.44 ± 1.60  |  actor_loss: 90.6235  cost_loss: 0.9726  q_loss: 3.9739  reward_max: 0.8106  reward_mean: -2.1316  reward_min: -6.5597  value_loss: 24002830608105472.0000
Final evaluation (13 iterations)...
Final score: 5.43 ± 2.83
wandb: WARNING Symlinked 1 file into the W&B run directory; call wandb.save again to sync new files.
wandb: updating run metadata
wandb: uploading final_returns/bdemodice_halfcheetah-expert-v2_2026-03-19_01-16-29.npz; uploading output.log; uploading wandb-summary.json; uploading config.yaml
wandb: uploading summary, console lines 214-215
wandb: 
wandb: Run history:
wandb:  actor_loss ▁▆▆▆▇▇▆▆▇▆▇▇▆▇▅▆▆▇▆▇▆▆▆▆▆▇▇▆▇▆█▆▇█▇▆▇▇▆▇
wandb:   cost_loss ▂▂▂▃▄▅▄▃▅▂▄▄▃▅▂▄▅▅▂▄▅▁▃█▁▂▃▃▆▂▆▂▄▃▁▃▅▂▄▂
wandb: num_updates ▁▁▁▁▁▁▁▂▂▂▂▂▂▃▃▃▃▄▄▄▅▅▅▅▅▆▆▆▆▇▇▇▇▇▇▇▇▇██
wandb:      q_loss ▁█▅▄▂▂▂▃▂▂▂▂▃▂▂▂▂▃▂▂▂▂▁▂▂▂▂▂▁▂▁▁▁▁▁▁▂▁▂▁
wandb:      return ▁▁▂▃▃▄▄▃▄▆▆▃▃▆▅▄▅▄▆▇▃▅▆▄▃▆▇█▅▅▅▆▃▆▄▆▅▃▅▅
wandb:  reward_max ▃▄▃▄▂▂▃▂▂▂▄▁▂▃▃▁▃▂▂▂▁▂▂▂▂▂▂▂▁▄▄▂▃▁█▃▂▂▃▂
wandb: reward_mean ▆▇▇▄▆▃▄▅█▆▃▂▁▇▇▃▂▅▄▅▁▆▂▃▄▅█▅▂▃▆▇▅▅▆▃▆▄▆▆
wandb:  reward_min ▇▄▄▃▅▁▆▃▆▂▆▅▂▃▄▆▆▄▄▆▆▆▆█▅▇▂▅▄▅█▆▆▅▇▄▇▆▃▆
wandb:       score ▁▁▃▃▃▄▅▄▄▄▆▃▃▇▅▅▄▅▅▅▃▇█▅▆▄▆▇▅▇▆▇▇▅▇▅▂▆█▄
wandb:   score_std ▂▃▂▁▄▃▃▃█▇▂▃▅▅▃▅▆▅▅▃▂▃▅▅▆▆▃▃▇▆▅▄▅▂▆▅▅▇▄▃
wandb:          +1 ...
wandb: 
wandb: Run summary:
wandb:  actor_loss 90.62345
wandb:   cost_loss 0.9726
wandb: num_updates 2000000
wandb:      q_loss 3.97391
wandb:      return 394.80485
wandb:  reward_max 0.81063
wandb: reward_mean -2.13164
wandb:  reward_min -6.55971
wandb:       score 5.43676
wandb:   score_std 1.59572
wandb:          +1 ...
wandb: 
wandb: 🚀 View run bdemodice_halfcheetah_M3_s1 at: https://wandb.ai/wsk208/DemoDICE/runs/vnqunwpu
wandb: ⭐️ View project at: https://wandb.ai/wsk208/DemoDICE
wandb: Synced 5 W&B file(s), 0 media file(s), 0 artifact file(s) and 1 other file(s)
wandb: Find logs at: ./wandb/run-20260319_005122-vnqunwpu/logs
