Warning: All of online environments libraries in D4RL have been moved ]8;;https://github.com/Farama-Foundation/Gymnasium\Gymnasium]8;;\, ]8;;https://github.com/Farama-Foundation/MiniGrid\MiniGrid]8;;\ and ]8;;https://github.com/Farama-Foundation/Gymnasium-Robotics\Gymnasium-Robotics]8;;\, and all offline datasets in D4RL have been moved to ]8;;https://github.com/Farama-Foundation/Minari\Minari]8;;\.
These new versions include large bug fixes, new versions of Python, and are where all new development will continue. Please upgrade these libraries as soon as you're able to do so.
If you'd like to read more about the story behind this switch, please check out ]8;;https://farama.org/Announcing-Minari\this blog post]8;;\.
Gym has been unmaintained since 2022 and does not support NumPy 2.0 amongst other critical functionality.
Please upgrade to Gymnasium, the maintained drop-in replacement of Gym, or contact the authors of your software and request that they upgrade.
See the migration guide at https://gymnasium.farama.org/introduction/migration_guide/ for additional information.
/opt/venv/lib/python3.10/site-packages/Cython/Distutils/old_build_ext.py:15: DeprecationWarning: dep_util is Deprecated. Use functions from setuptools instead.
  from distutils.dep_util import newer, newer_group
<frozen importlib._bootstrap>:283: DeprecationWarning: the load_module() method is deprecated and slated for removal in Python 3.12; use exec_module() instead
pybullet build time: Jan 29 2025 23:16:28
wandb: [wandb.login()] Loaded credentials for https://api.wandb.ai from /root/.netrc.
wandb: Currently logged in as: wsk208 to https://api.wandb.ai. Use `wandb login --relogin` to force relogin
/opt/venv/lib/python3.10/site-packages/wandb/analytics/sentry.py:268: DeprecationWarning: Read the `app_url` setting from the appropriate Settings object.
  app_url = wandb.util.app_url(tags["base_url"])  # type: ignore[index]
/opt/venv/lib/python3.10/site-packages/wandb/analytics/sentry.py:279: DeprecationWarning: The `Scope.user` setter is deprecated in favor of `Scope.set_user()`.
  self.scope.user = {"email": email}
wandb: setting up run f0te74vu
/opt/venv/lib/python3.10/site-packages/wandb/analytics/sentry.py:268: DeprecationWarning: Read the `app_url` setting from the appropriate Settings object.
  app_url = wandb.util.app_url(tags["base_url"])  # type: ignore[index]
/opt/venv/lib/python3.10/site-packages/wandb/analytics/sentry.py:279: DeprecationWarning: The `Scope.user` setter is deprecated in favor of `Scope.set_user()`.
  self.scope.user = {"email": email}
wandb: Tracking run with wandb version 0.25.1
wandb: Run data is saved locally in /app/wandb/run-20260319_003321-f0te74vu
wandb: Run `wandb offline` to turn off syncing.
wandb: Syncing run bdemodice_halfcheetah_M2_s3
wandb: ⭐️ View project at https://wandb.ai/wsk208/DemoDICE
wandb: 🚀 View run at https://wandb.ai/wsk208/DemoDICE/runs/f0te74vu
/opt/venv/lib/python3.10/site-packages/gym/spaces/box.py:84: UserWarning: [33mWARN: Box bound precision lowered by casting to float32[0m
  logger.warn(f"Box bound precision lowered by casting to {self.dtype}")
load datafile:   0%|          | 0/21 [00:00<?, ?it/s]load datafile:   5%|▍         | 1/21 [00:00<00:03,  5.93it/s]load datafile:  14%|█▍        | 3/21 [00:00<00:03,  5.29it/s]load datafile:  19%|█▉        | 4/21 [00:00<00:04,  3.99it/s]load datafile:  81%|████████  | 17/21 [00:01<00:00, 15.56it/s]load datafile:  90%|█████████ | 19/21 [00:01<00:00, 10.83it/s]load datafile: 100%|██████████| 21/21 [00:01<00:00, 11.21it/s]
Expert  :  999000 transitions  (halfcheetah-expert-v2, 400 traj)
load datafile:   0%|          | 0/9 [00:00<?, ?it/s]load datafile:  11%|█         | 1/9 [00:00<00:01,  5.98it/s]load datafile:  33%|███▎      | 3/9 [00:00<00:01,  5.51it/s]load datafile:  44%|████▍     | 4/9 [00:00<00:01,  4.11it/s]load datafile:  56%|█████▌    | 5/9 [00:01<00:01,  3.13it/s]load datafile:  67%|██████▋   | 6/9 [00:01<00:01,  2.76it/s]load datafile: 100%|██████████| 9/9 [00:01<00:00,  4.86it/s]
Imperfect:  999000 transitions  (halfcheetah-random-v2, 400 traj)
Union   : 1998000 transitions total
/root/.local/share/uv/python/cpython-3.10-linux-x86_64-gnu/lib/python3.10/multiprocessing/popen_fork.py:66: RuntimeWarning: os.fork() was called. os.fork() is incompatible with multithreaded code, and JAX is multithreaded, so this will likely lead to a deadlock.
  self.pid = os.fork()
/opt/venv/lib/python3.10/site-packages/tensorflow_probability/python/internal/backend/jax/ops.py:681: DeprecationWarning: jax.interpreters.xla.pytype_aval_mappings is deprecated.
  jax.interpreters.xla.pytype_aval_mappings[onp.ndarray])
/opt/venv/lib/python3.10/site-packages/gym/spaces/box.py:84: UserWarning: [33mWARN: Box bound precision lowered by casting to float32[0m
  logger.warn(f"Box bound precision lowered by casting to {self.dtype}")
Step:    10000  |  score: 2.22 ± 0.01  |  actor_loss: 2.9054  cost_loss: 0.9671  q_loss: 4.2860  reward_max: 0.9890  reward_mean: -1.8080  reward_min: -6.1660  value_loss: -7.5949
Step:    20000  |  score: 2.19 ± 0.01  |  actor_loss: 2.7966  cost_loss: 1.0084  q_loss: 3.7805  reward_max: 2.1500  reward_mean: -1.7766  reward_min: -6.3127  value_loss: 4.6013
Step:    30000  |  score: 2.79 ± 1.67  |  actor_loss: 1.0474  cost_loss: 0.9611  q_loss: 3.2681  reward_max: 1.3780  reward_mean: -2.0206  reward_min: -6.5044  value_loss: 10.6229
Step:    40000  |  score: 4.52 ± 2.82  |  actor_loss: 1.2928  cost_loss: 0.9663  q_loss: 2.1851  reward_max: 1.0788  reward_mean: -1.9721  reward_min: -6.7374  value_loss: 30.3956
Step:    50000  |  score: 3.65 ± 0.77  |  actor_loss: 0.9156  cost_loss: 0.9234  q_loss: 2.1040  reward_max: 1.4305  reward_mean: -2.1248  reward_min: -6.4993  value_loss: 46.0909
Step:    60000  |  score: 3.31 ± 2.52  |  actor_loss: 95.6066  cost_loss: 0.9597  q_loss: 15.7738  reward_max: 1.0106  reward_mean: -2.0894  reward_min: -6.6149  value_loss: 121327935488.0000
Step:    70000  |  score: 2.95 ± 0.37  |  actor_loss: 96.0396  cost_loss: 0.9582  q_loss: 17.4969  reward_max: 1.3788  reward_mean: -2.0304  reward_min: -6.6211  value_loss: 12918249087827968.0000
Step:    80000  |  score: 3.10 ± 0.36  |  actor_loss: 107.8533  cost_loss: 0.9407  q_loss: 13.2442  reward_max: 0.8693  reward_mean: -2.1018  reward_min: -6.5627  value_loss: 268581619105792.0000
Step:    90000  |  score: 3.14 ± 1.15  |  actor_loss: 97.5159  cost_loss: 0.9981  q_loss: 10.6131  reward_max: 2.0750  reward_mean: -1.8662  reward_min: -6.6473  value_loss: 672998148100063232.0000
Step:   100000  |  score: 4.61 ± 1.36  |  actor_loss: 107.8385  cost_loss: 0.9620  q_loss: 12.2226  reward_max: 0.9623  reward_mean: -1.9825  reward_min: -6.7596  value_loss: 1717899274223616.0000
Step:   110000  |  score: 3.53 ± 1.31  |  actor_loss: 101.4329  cost_loss: 0.9962  q_loss: 9.8663  reward_max: 0.8689  reward_mean: -1.9171  reward_min: -6.4628  value_loss: 185684819324174336.0000
Step:   120000  |  score: 4.78 ± 1.42  |  actor_loss: 94.0986  cost_loss: 0.9624  q_loss: 10.9283  reward_max: 0.8559  reward_mean: -2.0227  reward_min: -6.6911  value_loss: 10467788783091712.0000
Step:   130000  |  score: 6.09 ± 2.86  |  actor_loss: 99.9569  cost_loss: 0.9929  q_loss: 10.4157  reward_max: 0.9522  reward_mean: -1.8958  reward_min: -6.4838  value_loss: 881074332745334784.0000
Step:   140000  |  score: 6.11 ± 1.64  |  actor_loss: 93.1484  cost_loss: 0.9447  q_loss: 9.8590  reward_max: 0.8545  reward_mean: -2.1761  reward_min: -6.5949  value_loss: 103087796649984.0000
Step:   150000  |  score: 4.76 ± 1.34  |  actor_loss: 83.7903  cost_loss: 0.9914  q_loss: 9.8491  reward_max: 0.9003  reward_mean: -1.9220  reward_min: -6.8188  value_loss: 13172036557864960.0000
Step:   160000  |  score: 6.63 ± 4.38  |  actor_loss: 91.7574  cost_loss: 0.9607  q_loss: 9.7786  reward_max: 1.0914  reward_mean: -2.1296  reward_min: -6.6896  value_loss: 1180824753930240.0000
Step:   170000  |  score: 5.90 ± 1.76  |  actor_loss: 97.9734  cost_loss: 0.9592  q_loss: 9.6873  reward_max: 0.9563  reward_mean: -2.1121  reward_min: -6.7205  value_loss: 39821369105448960.0000
Step:   180000  |  score: 5.98 ± 2.55  |  actor_loss: 81.9431  cost_loss: 0.9351  q_loss: 7.8322  reward_max: 0.8766  reward_mean: -2.2771  reward_min: -6.7268  value_loss: 3320826032029696.0000
Step:   190000  |  score: 5.59 ± 2.69  |  actor_loss: 85.6029  cost_loss: 0.9549  q_loss: 11.4377  reward_max: 0.8960  reward_mean: -2.0562  reward_min: -6.5797  value_loss: 32417242771619840.0000
Step:   200000  |  score: 4.37 ± 1.30  |  actor_loss: 91.7409  cost_loss: 0.9848  q_loss: 9.1178  reward_max: 1.0160  reward_mean: -1.9930  reward_min: -6.6532  value_loss: 1469335692378112.0000
Step:   210000  |  score: 5.97 ± 2.78  |  actor_loss: 101.1256  cost_loss: 0.9331  q_loss: 11.1826  reward_max: 0.8815  reward_mean: -2.2411  reward_min: -6.6039  value_loss: 1104174381711491072.0000
Step:   220000  |  score: 4.23 ± 1.71  |  actor_loss: 100.6087  cost_loss: 0.9745  q_loss: 8.4855  reward_max: 1.9784  reward_mean: -1.9475  reward_min: -6.5915  value_loss: 5035960823709696.0000
Step:   230000  |  score: 6.06 ± 3.24  |  actor_loss: 89.9682  cost_loss: 0.9639  q_loss: 6.8631  reward_max: 0.8856  reward_mean: -2.1266  reward_min: -6.6081  value_loss: 28896095438372864.0000
Step:   240000  |  score: 3.82 ± 2.35  |  actor_loss: 83.9291  cost_loss: 0.9465  q_loss: 8.4495  reward_max: 0.8872  reward_mean: -2.1450  reward_min: -6.4744  value_loss: 119608499821871104.0000
Step:   250000  |  score: 4.55 ± 3.26  |  actor_loss: 99.1404  cost_loss: 0.9590  q_loss: 8.1143  reward_max: 1.0547  reward_mean: -2.1820  reward_min: -6.7595  value_loss: 12355604077084672.0000
Step:   260000  |  score: 4.19 ± 2.84  |  actor_loss: 88.1467  cost_loss: 0.9808  q_loss: 7.2936  reward_max: 0.8312  reward_mean: -1.9911  reward_min: -6.4326  value_loss: 539976676671488.0000
Step:   270000  |  score: 4.31 ± 1.54  |  actor_loss: 96.8292  cost_loss: 0.9346  q_loss: 7.3252  reward_max: 1.0263  reward_mean: -2.2016  reward_min: -6.4508  value_loss: 2589830114443264.0000
Step:   280000  |  score: 4.49 ± 2.32  |  actor_loss: 84.6135  cost_loss: 1.0014  q_loss: 8.1777  reward_max: 1.2421  reward_mean: -1.8985  reward_min: -6.7469  value_loss: 14916141172391936.0000
Step:   290000  |  score: 2.98 ± 1.72  |  actor_loss: 88.2000  cost_loss: 0.9446  q_loss: 6.1127  reward_max: 0.7874  reward_mean: -2.2118  reward_min: -6.4747  value_loss: 480306055272726528.0000
Step:   300000  |  score: 4.07 ± 2.83  |  actor_loss: 90.8690  cost_loss: 0.9718  q_loss: 8.5861  reward_max: 0.9679  reward_mean: -2.0521  reward_min: -6.7058  value_loss: 137577792584810496.0000
Step:   310000  |  score: 5.09 ± 2.57  |  actor_loss: 94.8311  cost_loss: 0.9874  q_loss: 7.8807  reward_max: 0.9102  reward_mean: -1.9964  reward_min: -6.7156  value_loss: 7141213132029952.0000
Step:   320000  |  score: 4.87 ± 2.71  |  actor_loss: 105.0963  cost_loss: 0.9385  q_loss: 8.4198  reward_max: 0.9430  reward_mean: -2.2899  reward_min: -6.5371  value_loss: 163414451821740032.0000
Step:   330000  |  score: 2.39 ± 0.90  |  actor_loss: 81.6566  cost_loss: 0.9778  q_loss: 6.1475  reward_max: 0.8788  reward_mean: -2.0312  reward_min: -6.6440  value_loss: 4250547670482944.0000
Step:   340000  |  score: 2.68 ± 1.84  |  actor_loss: 99.7384  cost_loss: 0.9786  q_loss: 7.0992  reward_max: 0.8741  reward_mean: -1.9970  reward_min: -6.6018  value_loss: 3121546528817152.0000
Step:   350000  |  score: 3.50 ± 2.25  |  actor_loss: 82.2811  cost_loss: 0.9727  q_loss: 8.3447  reward_max: 0.9157  reward_mean: -1.9852  reward_min: -6.8314  value_loss: 207243287407362048.0000
Step:   360000  |  score: 4.97 ± 6.75  |  actor_loss: 79.3004  cost_loss: 0.9864  q_loss: 6.9159  reward_max: 0.9946  reward_mean: -1.9257  reward_min: -6.5848  value_loss: 5208377990840320.0000
Step:   370000  |  score: 3.15 ± 1.93  |  actor_loss: 99.0926  cost_loss: 0.9554  q_loss: 7.5797  reward_max: 0.8118  reward_mean: -2.1949  reward_min: -6.5235  value_loss: 2331339118346240.0000
Step:   380000  |  score: 2.54 ± 1.09  |  actor_loss: 106.2559  cost_loss: 0.9805  q_loss: 8.2262  reward_max: 1.5806  reward_mean: -2.0503  reward_min: -6.7677  value_loss: 347254290634506240.0000
Step:   390000  |  score: 4.11 ± 2.62  |  actor_loss: 102.4721  cost_loss: 0.9866  q_loss: 7.0520  reward_max: 1.1529  reward_mean: -1.9566  reward_min: -6.3692  value_loss: 7846029076463616.0000
Step:   400000  |  score: 3.96 ± 3.46  |  actor_loss: 84.8884  cost_loss: 0.9355  q_loss: 6.4538  reward_max: 0.9668  reward_mean: -2.1916  reward_min: -6.4970  value_loss: 13589317326733312.0000
Step:   410000  |  score: 2.96 ± 1.56  |  actor_loss: 90.4855  cost_loss: 0.9873  q_loss: 6.6040  reward_max: 0.9235  reward_mean: -2.0296  reward_min: -6.5394  value_loss: 2797186572091392.0000
Step:   420000  |  score: 4.29 ± 2.00  |  actor_loss: 76.3928  cost_loss: 0.9493  q_loss: 5.2954  reward_max: 0.8351  reward_mean: -2.1772  reward_min: -6.6516  value_loss: 49890258505957376.0000
Step:   430000  |  score: 5.08 ± 4.47  |  actor_loss: 102.3824  cost_loss: 1.0271  q_loss: 6.1737  reward_max: 1.2271  reward_mean: -1.8395  reward_min: -6.5906  value_loss: 6358180464427008.0000
Step:   440000  |  score: 4.02 ± 2.39  |  actor_loss: 93.5840  cost_loss: 0.9625  q_loss: 6.9705  reward_max: 1.0126  reward_mean: -2.1835  reward_min: -6.7016  value_loss: 441442682917617664.0000
Step:   450000  |  score: 2.87 ± 2.67  |  actor_loss: 79.2807  cost_loss: 0.9677  q_loss: 7.0075  reward_max: 1.0560  reward_mean: -2.0869  reward_min: -6.5658  value_loss: 736530128976216064.0000
Step:   460000  |  score: 3.08 ± 2.30  |  actor_loss: 97.8308  cost_loss: 0.9328  q_loss: 7.1976  reward_max: 0.9178  reward_mean: -2.3111  reward_min: -6.6053  value_loss: 102866485373829120.0000
Step:   470000  |  score: 2.94 ± 1.40  |  actor_loss: 83.6608  cost_loss: 0.9898  q_loss: 5.7012  reward_max: 0.8308  reward_mean: -2.0504  reward_min: -6.6353  value_loss: 7859871756058624.0000
Step:   480000  |  score: 3.22 ± 3.17  |  actor_loss: 94.4732  cost_loss: 0.9826  q_loss: 5.9501  reward_max: 0.8266  reward_mean: -2.0567  reward_min: -6.7573  value_loss: 74684851302694912.0000
Step:   490000  |  score: 3.45 ± 1.95  |  actor_loss: 100.7768  cost_loss: 0.9637  q_loss: 7.7860  reward_max: 0.8886  reward_mean: -2.1450  reward_min: -6.6261  value_loss: 326892572238675968.0000
Step:   500000  |  score: 3.81 ± 2.22  |  actor_loss: 88.4623  cost_loss: 0.9478  q_loss: 5.4790  reward_max: 1.0337  reward_mean: -2.1436  reward_min: -6.6339  value_loss: 882907166015488.0000
Step:   510000  |  score: 3.04 ± 1.92  |  actor_loss: 92.1821  cost_loss: 0.9653  q_loss: 6.6517  reward_max: 0.8869  reward_mean: -2.1279  reward_min: -6.5471  value_loss: 172754940538650624.0000
Step:   520000  |  score: 5.85 ± 4.88  |  actor_loss: 93.1561  cost_loss: 1.0068  q_loss: 5.8335  reward_max: 0.7923  reward_mean: -1.9526  reward_min: -6.6065  value_loss: 1767772837117952.0000
Step:   530000  |  score: 5.06 ± 3.88  |  actor_loss: 99.4192  cost_loss: 0.9497  q_loss: 7.3957  reward_max: 1.2453  reward_mean: -2.2130  reward_min: -6.6589  value_loss: 779966949358995243008.0000
Step:   540000  |  score: 4.71 ± 3.75  |  actor_loss: 101.8300  cost_loss: 0.9655  q_loss: 6.1079  reward_max: 0.7932  reward_mean: -2.1514  reward_min: -6.6457  value_loss: 101550876761522176.0000
Step:   550000  |  score: 2.83 ± 1.41  |  actor_loss: 99.9586  cost_loss: 0.9746  q_loss: 6.6475  reward_max: 1.1477  reward_mean: -2.0640  reward_min: -6.7783  value_loss: 2283155548847210496.0000
Step:   560000  |  score: 4.05 ± 3.59  |  actor_loss: 103.1088  cost_loss: 0.9566  q_loss: 6.0853  reward_max: 0.9769  reward_mean: -2.2510  reward_min: -6.6788  value_loss: 14400081524424704.0000
Step:   570000  |  score: 3.92 ± 2.16  |  actor_loss: 76.6075  cost_loss: 0.9570  q_loss: 5.3971  reward_max: 1.1068  reward_mean: -2.1673  reward_min: -6.4544  value_loss: 6731494189957120.0000
Step:   580000  |  score: 4.93 ± 2.99  |  actor_loss: 75.0859  cost_loss: 0.9694  q_loss: 5.9400  reward_max: 0.8161  reward_mean: -2.2002  reward_min: -6.5257  value_loss: 99854449639424.0000
Step:   590000  |  score: 3.57 ± 2.47  |  actor_loss: 108.5493  cost_loss: 0.9292  q_loss: 6.1659  reward_max: 1.0574  reward_mean: -2.3054  reward_min: -6.5623  value_loss: 9124227449880576.0000
Step:   600000  |  score: 5.76 ± 2.92  |  actor_loss: 97.8686  cost_loss: 0.9775  q_loss: 5.3820  reward_max: 0.8351  reward_mean: -2.1056  reward_min: -6.5802  value_loss: 2075698101485568.0000
Step:   610000  |  score: 5.21 ± 3.12  |  actor_loss: 96.0249  cost_loss: 0.9954  q_loss: 6.4570  reward_max: 0.9001  reward_mean: -2.0520  reward_min: -6.6242  value_loss: 7130232511266816.0000
Step:   620000  |  score: 4.40 ± 4.44  |  actor_loss: 92.9629  cost_loss: 0.9663  q_loss: 6.4441  reward_max: 0.9026  reward_mean: -2.1547  reward_min: -6.6004  value_loss: 2231323691319296.0000
Step:   630000  |  score: 4.26 ± 3.67  |  actor_loss: 101.5108  cost_loss: 0.9792  q_loss: 4.4278  reward_max: 0.7998  reward_mean: -2.0957  reward_min: -6.6436  value_loss: 157734529371471872.0000
Step:   640000  |  score: 4.06 ± 2.24  |  actor_loss: 82.8113  cost_loss: 0.9405  q_loss: 5.9339  reward_max: 0.8825  reward_mean: -2.2633  reward_min: -6.5701  value_loss: 7435198274732032.0000
Step:   650000  |  score: 4.24 ± 1.61  |  actor_loss: 100.4138  cost_loss: 0.9151  q_loss: 4.9133  reward_max: 1.2303  reward_mean: -2.4016  reward_min: -6.5529  value_loss: 1660192326636535808.0000
Step:   660000  |  score: 5.09 ± 2.35  |  actor_loss: 89.3343  cost_loss: 0.9395  q_loss: 5.8025  reward_max: 0.9020  reward_mean: -2.2857  reward_min: -6.5826  value_loss: 87304418701082624.0000
Step:   670000  |  score: 4.54 ± 3.75  |  actor_loss: 99.5154  cost_loss: 0.9467  q_loss: 5.7164  reward_max: 0.9047  reward_mean: -2.1879  reward_min: -6.4883  value_loss: 40305734042255360.0000
Step:   680000  |  score: 4.90 ± 4.15  |  actor_loss: 90.4658  cost_loss: 0.9820  q_loss: 5.4044  reward_max: 0.7992  reward_mean: -2.0756  reward_min: -6.6905  value_loss: 15479163066515456.0000
Step:   690000  |  score: 4.49 ± 1.83  |  actor_loss: 97.6379  cost_loss: 0.9827  q_loss: 5.1947  reward_max: 0.9631  reward_mean: -2.0707  reward_min: -6.4862  value_loss: 6967371109498880.0000
Step:   700000  |  score: 3.79 ± 2.24  |  actor_loss: 91.6073  cost_loss: 0.9405  q_loss: 5.2970  reward_max: 0.8077  reward_mean: -2.2626  reward_min: -6.4433  value_loss: 10283405837074432.0000
Step:   710000  |  score: 3.86 ± 2.55  |  actor_loss: 88.2849  cost_loss: 0.9753  q_loss: 5.8138  reward_max: 0.9776  reward_mean: -2.0993  reward_min: -6.7070  value_loss: 740951265231503360.0000
Step:   720000  |  score: 6.62 ± 4.89  |  actor_loss: 83.4035  cost_loss: 0.9332  q_loss: 6.6641  reward_max: 0.8028  reward_mean: -2.2553  reward_min: -6.6734  value_loss: 27091824774479872.0000
Step:   730000  |  score: 5.70 ± 2.08  |  actor_loss: 93.0892  cost_loss: 0.9591  q_loss: 6.7267  reward_max: 1.1737  reward_mean: -2.1624  reward_min: -6.7640  value_loss: 80639711789449216.0000
Step:   740000  |  score: 4.38 ± 2.70  |  actor_loss: 91.4963  cost_loss: 0.9922  q_loss: 6.2353  reward_max: 0.9908  reward_mean: -1.9624  reward_min: -6.6338  value_loss: 7788869504204800.0000
Step:   750000  |  score: 3.56 ± 3.05  |  actor_loss: 90.1745  cost_loss: 1.0347  q_loss: 5.6064  reward_max: 0.9406  reward_mean: -1.8757  reward_min: -6.5054  value_loss: 590085154144256.0000
Step:   760000  |  score: 3.28 ± 2.14  |  actor_loss: 90.6823  cost_loss: 0.9661  q_loss: 6.3468  reward_max: 0.9739  reward_mean: -2.0873  reward_min: -6.3532  value_loss: 18678559367233536.0000
Step:   770000  |  score: 4.89 ± 3.16  |  actor_loss: 106.7109  cost_loss: 0.9561  q_loss: 5.5501  reward_max: 0.8112  reward_mean: -2.1128  reward_min: -6.6920  value_loss: 4756777212051456.0000
Step:   780000  |  score: 3.14 ± 1.85  |  actor_loss: 93.4861  cost_loss: 0.9680  q_loss: 4.9995  reward_max: 0.9447  reward_mean: -2.1603  reward_min: -6.7110  value_loss: 6664765430562816.0000
Step:   790000  |  score: 3.87 ± 2.56  |  actor_loss: 85.6378  cost_loss: 0.9418  q_loss: 5.7687  reward_max: 0.7255  reward_mean: -2.2653  reward_min: -6.6060  value_loss: 115135257023348736.0000
Step:   800000  |  score: 4.40 ± 3.64  |  actor_loss: 103.5516  cost_loss: 0.9421  q_loss: 4.9156  reward_max: 0.8149  reward_mean: -2.2708  reward_min: -6.5335  value_loss: 34863245974044672.0000
Step:   810000  |  score: 3.64 ± 2.80  |  actor_loss: 78.6650  cost_loss: 0.9585  q_loss: 5.1280  reward_max: 0.8030  reward_mean: -2.2034  reward_min: -6.6329  value_loss: 2043216159893536899072.0000
Step:   820000  |  score: 7.36 ± 7.35  |  actor_loss: 90.1424  cost_loss: 0.9984  q_loss: 5.9900  reward_max: 0.9391  reward_mean: -1.9372  reward_min: -6.5791  value_loss: 12118129966579712.0000
Step:   830000  |  score: 5.51 ± 2.69  |  actor_loss: 87.7147  cost_loss: 0.9497  q_loss: 5.7774  reward_max: 0.9287  reward_mean: -2.2249  reward_min: -6.5030  value_loss: 4252720118628352.0000
Step:   840000  |  score: 5.87 ± 3.81  |  actor_loss: 86.1866  cost_loss: 0.9795  q_loss: 5.1469  reward_max: 0.9094  reward_mean: -2.0879  reward_min: -6.6812  value_loss: 7181019962671104.0000
Step:   850000  |  score: 5.29 ± 1.51  |  actor_loss: 76.9801  cost_loss: 1.0004  q_loss: 4.9802  reward_max: 0.7983  reward_mean: -1.9606  reward_min: -6.6864  value_loss: 35958430422269952.0000
Step:   860000  |  score: 5.87 ± 4.16  |  actor_loss: 95.1427  cost_loss: 0.9662  q_loss: 5.3282  reward_max: 1.0048  reward_mean: -2.1171  reward_min: -6.5590  value_loss: 1384620683689984.0000
Step:   870000  |  score: 5.27 ± 2.52  |  actor_loss: 85.6570  cost_loss: 0.9655  q_loss: 4.9667  reward_max: 1.0696  reward_mean: -2.1521  reward_min: -6.5964  value_loss: 140470590497619968.0000
Step:   880000  |  score: 4.13 ± 3.39  |  actor_loss: 85.4936  cost_loss: 0.9596  q_loss: 5.7324  reward_max: 0.9270  reward_mean: -2.1448  reward_min: -6.5543  value_loss: 33719861255340032.0000
Step:   890000  |  score: 4.62 ± 3.16  |  actor_loss: 83.6725  cost_loss: 0.9995  q_loss: 6.2767  reward_max: 1.5620  reward_mean: -1.9800  reward_min: -6.6281  value_loss: 24547127518560256.0000
Step:   900000  |  score: 5.39 ± 2.53  |  actor_loss: 104.2476  cost_loss: 0.9471  q_loss: 5.0524  reward_max: 0.9170  reward_mean: -2.2069  reward_min: -6.6143  value_loss: 1784427914985472.0000
Step:   910000  |  score: 8.42 ± 5.77  |  actor_loss: 89.4982  cost_loss: 0.9837  q_loss: 4.2581  reward_max: 0.8040  reward_mean: -2.0022  reward_min: -6.6281  value_loss: 18621878683828224.0000
Step:   920000  |  score: 5.41 ± 3.86  |  actor_loss: 95.1967  cost_loss: 0.9351  q_loss: 6.1379  reward_max: 0.8573  reward_mean: -2.2495  reward_min: -6.7435  value_loss: 88834071303553024.0000
Step:   930000  |  score: 8.96 ± 5.81  |  actor_loss: 86.4133  cost_loss: 0.9452  q_loss: 4.9730  reward_max: 1.0698  reward_mean: -2.2608  reward_min: -6.6679  value_loss: 104965161013477376.0000
Step:   940000  |  score: 4.24 ± 1.61  |  actor_loss: 103.6750  cost_loss: 0.9984  q_loss: 4.0191  reward_max: 0.8363  reward_mean: -2.0024  reward_min: -6.5423  value_loss: 46599398729187328.0000
Step:   950000  |  score: 5.10 ± 4.28  |  actor_loss: 76.6224  cost_loss: 1.0045  q_loss: 4.9124  reward_max: 1.0517  reward_mean: -1.9438  reward_min: -6.4118  value_loss: 36499946341400576.0000
Step:   960000  |  score: 4.50 ± 3.19  |  actor_loss: 90.7932  cost_loss: 0.9824  q_loss: 5.8580  reward_max: 0.9066  reward_mean: -2.0266  reward_min: -6.6318  value_loss: 120517873247453184.0000
Step:   970000  |  score: 3.03 ± 2.21  |  actor_loss: 83.7843  cost_loss: 0.9725  q_loss: 4.7088  reward_max: 0.8806  reward_mean: -2.1974  reward_min: -6.6130  value_loss: 1620095889571840.0000
Step:   980000  |  score: 6.05 ± 3.94  |  actor_loss: 88.4331  cost_loss: 0.9828  q_loss: 4.7600  reward_max: 1.0244  reward_mean: -2.0426  reward_min: -6.6921  value_loss: 162633661127065600.0000
Step:   990000  |  score: 4.21 ± 1.88  |  actor_loss: 66.3776  cost_loss: 0.9966  q_loss: 4.3833  reward_max: 0.8379  reward_mean: -1.9573  reward_min: -6.5428  value_loss: 2710469571772416.0000
Step:  1000000  |  score: 4.50 ± 2.90  |  actor_loss: 88.5081  cost_loss: 0.9806  q_loss: 5.4887  reward_max: 1.0169  reward_mean: -2.0486  reward_min: -6.6176  value_loss: 7400814377172992.0000
Step:  1010000  |  score: 4.20 ± 0.97  |  actor_loss: 95.5431  cost_loss: 0.9885  q_loss: 5.0767  reward_max: 0.9914  reward_mean: -2.0316  reward_min: -6.6027  value_loss: 1102955779230531584.0000
Step:  1020000  |  score: 6.78 ± 5.58  |  actor_loss: 108.0778  cost_loss: 0.9259  q_loss: 5.0178  reward_max: 0.7959  reward_mean: -2.3452  reward_min: -6.6267  value_loss: 29262488360976384.0000
Step:  1030000  |  score: 9.58 ± 7.45  |  actor_loss: 88.2717  cost_loss: 0.9828  q_loss: 5.4840  reward_max: 0.9437  reward_mean: -2.0168  reward_min: -6.6293  value_loss: 3400712692170752.0000
Step:  1040000  |  score: 5.69 ± 3.24  |  actor_loss: 73.6305  cost_loss: 0.9305  q_loss: 5.1264  reward_max: 0.8765  reward_mean: -2.4108  reward_min: -6.6681  value_loss: 13992528856481792.0000
Step:  1050000  |  score: 5.00 ± 2.09  |  actor_loss: 81.0317  cost_loss: 0.9588  q_loss: 4.3498  reward_max: 0.9340  reward_mean: -2.2400  reward_min: -6.5043  value_loss: 303995002072072192.0000
Step:  1060000  |  score: 6.77 ± 3.91  |  actor_loss: 94.5357  cost_loss: 0.9813  q_loss: 5.2640  reward_max: 0.9195  reward_mean: -2.0820  reward_min: -6.5470  value_loss: 249744926558912512.0000
Step:  1070000  |  score: 8.59 ± 5.87  |  actor_loss: 85.3183  cost_loss: 0.9566  q_loss: 5.1029  reward_max: 0.9234  reward_mean: -2.1617  reward_min: -6.6842  value_loss: 308946459951104.0000
Step:  1080000  |  score: 6.38 ± 4.76  |  actor_loss: 79.2662  cost_loss: 0.9677  q_loss: 4.7959  reward_max: 0.9949  reward_mean: -2.1895  reward_min: -6.4143  value_loss: 1702846353375232.0000
Step:  1090000  |  score: 4.51 ± 2.89  |  actor_loss: 93.8592  cost_loss: 0.9183  q_loss: 6.9616  reward_max: 0.8350  reward_mean: -2.3272  reward_min: -6.6428  value_loss: 3765865442967552.0000
Step:  1100000  |  score: 4.56 ± 3.58  |  actor_loss: 84.5931  cost_loss: 0.9554  q_loss: 4.6957  reward_max: 0.8849  reward_mean: -2.1987  reward_min: -6.5712  value_loss: 48389446608879616.0000
Step:  1110000  |  score: 4.81 ± 3.04  |  actor_loss: 82.5678  cost_loss: 1.0060  q_loss: 5.4731  reward_max: 1.0346  reward_mean: -2.0456  reward_min: -6.6443  value_loss: 1344161420673024.0000
Step:  1120000  |  score: 5.33 ± 1.95  |  actor_loss: 93.0423  cost_loss: 0.9629  q_loss: 5.2983  reward_max: 1.0089  reward_mean: -2.1163  reward_min: -6.7925  value_loss: 121935813750554624.0000
Step:  1130000  |  score: 6.78 ± 3.07  |  actor_loss: 102.1694  cost_loss: 0.9898  q_loss: 4.3355  reward_max: 0.8876  reward_mean: -2.0465  reward_min: -6.6133  value_loss: 1630501526956933120.0000
Step:  1140000  |  score: 4.12 ± 1.48  |  actor_loss: 95.3638  cost_loss: 0.9772  q_loss: 4.8537  reward_max: 0.8667  reward_mean: -2.0708  reward_min: -6.5367  value_loss: 1232179141017600.0000
Step:  1150000  |  score: 3.73 ± 2.75  |  actor_loss: 69.2091  cost_loss: 1.0070  q_loss: 5.0139  reward_max: 0.8104  reward_mean: -1.9542  reward_min: -6.6321  value_loss: 7313814982754304.0000
Step:  1160000  |  score: 6.87 ± 4.38  |  actor_loss: 85.4023  cost_loss: 0.9797  q_loss: 5.2165  reward_max: 0.9161  reward_mean: -2.0446  reward_min: -6.6326  value_loss: 134783890588958720.0000
Step:  1170000  |  score: 6.75 ± 6.73  |  actor_loss: 96.5516  cost_loss: 0.9891  q_loss: 4.8292  reward_max: 1.0719  reward_mean: -2.0954  reward_min: -6.6287  value_loss: 256529978454179840.0000
Step:  1180000  |  score: 5.93 ± 3.98  |  actor_loss: 91.9963  cost_loss: 0.9629  q_loss: 4.9290  reward_max: 0.9396  reward_mean: -2.2281  reward_min: -6.6306  value_loss: 158561138777260032.0000
Step:  1190000  |  score: 6.74 ± 2.50  |  actor_loss: 83.5816  cost_loss: 0.9883  q_loss: 4.6314  reward_max: 1.0789  reward_mean: -2.0877  reward_min: -6.5708  value_loss: 6331798292803878912.0000
Step:  1200000  |  score: 3.74 ± 3.11  |  actor_loss: 86.1864  cost_loss: 0.9881  q_loss: 4.4677  reward_max: 0.9021  reward_mean: -2.0896  reward_min: -6.6218  value_loss: 415234723757948928.0000
Step:  1210000  |  score: 6.39 ± 3.41  |  actor_loss: 78.5915  cost_loss: 0.9531  q_loss: 5.2319  reward_max: 0.8536  reward_mean: -2.2594  reward_min: -6.6319  value_loss: 5509331717980160.0000
Step:  1220000  |  score: 3.99 ± 1.84  |  actor_loss: 79.6431  cost_loss: 0.9763  q_loss: 3.9238  reward_max: 0.9217  reward_mean: -2.1446  reward_min: -6.6616  value_loss: 113908296536031232.0000
Step:  1230000  |  score: 6.66 ± 2.79  |  actor_loss: 102.8305  cost_loss: 0.9757  q_loss: 5.7377  reward_max: 0.9226  reward_mean: -2.0755  reward_min: -6.6236  value_loss: 354721486415593472.0000
Step:  1240000  |  score: 9.57 ± 5.98  |  actor_loss: 83.7734  cost_loss: 0.9250  q_loss: 5.2755  reward_max: 0.8304  reward_mean: -2.3405  reward_min: -6.6339  value_loss: 161158717818011648.0000
Step:  1250000  |  score: 8.05 ± 7.33  |  actor_loss: 91.7878  cost_loss: 0.9958  q_loss: 4.2521  reward_max: 0.8531  reward_mean: -2.0243  reward_min: -6.6383  value_loss: 105499515074641920.0000
Step:  1260000  |  score: 3.70 ± 1.75  |  actor_loss: 91.4584  cost_loss: 0.9629  q_loss: 4.8257  reward_max: 1.2064  reward_mean: -2.1967  reward_min: -6.6286  value_loss: 323915461165056.0000
Step:  1270000  |  score: 5.21 ± 5.03  |  actor_loss: 94.4809  cost_loss: 0.9475  q_loss: 5.0963  reward_max: 0.7855  reward_mean: -2.2534  reward_min: -6.5302  value_loss: 464798130957713408.0000
Step:  1280000  |  score: 4.43 ± 1.77  |  actor_loss: 95.9894  cost_loss: 0.9263  q_loss: 4.8015  reward_max: 0.8256  reward_mean: -2.3423  reward_min: -6.6917  value_loss: 35213934348730368.0000
Step:  1290000  |  score: 4.96 ± 2.25  |  actor_loss: 89.3223  cost_loss: 0.9569  q_loss: 5.1452  reward_max: 0.8382  reward_mean: -2.0501  reward_min: -6.4891  value_loss: 69273639186333696.0000
Step:  1300000  |  score: 6.81 ± 3.05  |  actor_loss: 112.5468  cost_loss: 0.9449  q_loss: 5.1947  reward_max: 1.5684  reward_mean: -2.2242  reward_min: -6.5983  value_loss: 9189782609461248.0000
Step:  1310000  |  score: 7.08 ± 4.04  |  actor_loss: 90.2803  cost_loss: 1.0207  q_loss: 4.4373  reward_max: 0.8601  reward_mean: -1.9174  reward_min: -6.7023  value_loss: 2978663704297472.0000
Step:  1320000  |  score: 3.00 ± 1.76  |  actor_loss: 86.6767  cost_loss: 0.9704  q_loss: 5.0984  reward_max: 0.9868  reward_mean: -2.1543  reward_min: -6.6256  value_loss: 40536176217554944.0000
Step:  1330000  |  score: 3.51 ± 2.09  |  actor_loss: 103.5310  cost_loss: 0.9553  q_loss: 5.4485  reward_max: 0.8458  reward_mean: -2.2041  reward_min: -6.5653  value_loss: 540557952445054976.0000
Step:  1340000  |  score: 8.34 ± 5.90  |  actor_loss: 83.5405  cost_loss: 0.9388  q_loss: 4.5235  reward_max: 0.8583  reward_mean: -2.3342  reward_min: -6.6354  value_loss: 9016836087611392.0000
Step:  1350000  |  score: 8.31 ± 4.63  |  actor_loss: 92.6388  cost_loss: 0.9975  q_loss: 4.6598  reward_max: 0.8091  reward_mean: -1.9775  reward_min: -6.6202  value_loss: 11489549691650048.0000
Step:  1360000  |  score: 6.18 ± 5.66  |  actor_loss: 75.9423  cost_loss: 0.9841  q_loss: 4.3545  reward_max: 1.0443  reward_mean: -2.0321  reward_min: -6.6129  value_loss: 180673880979931136.0000
Step:  1370000  |  score: 6.83 ± 5.13  |  actor_loss: 97.7354  cost_loss: 1.0281  q_loss: 4.5282  reward_max: 0.9856  reward_mean: -1.8205  reward_min: -6.5271  value_loss: 260038245180506112.0000
Step:  1380000  |  score: 7.97 ± 7.14  |  actor_loss: 94.2024  cost_loss: 0.9429  q_loss: 4.7216  reward_max: 0.7665  reward_mean: -2.2673  reward_min: -6.6834  value_loss: 87929078744612864.0000
Step:  1390000  |  score: 6.59 ± 5.03  |  actor_loss: 96.5497  cost_loss: 0.9560  q_loss: 5.6603  reward_max: 0.8449  reward_mean: -2.1830  reward_min: -6.6301  value_loss: 1165278717149184.0000
Step:  1400000  |  score: 7.40 ± 3.97  |  actor_loss: 82.5829  cost_loss: 0.9647  q_loss: 4.6027  reward_max: 0.9071  reward_mean: -2.0519  reward_min: -6.4982  value_loss: 9242318649425920.0000
Step:  1410000  |  score: 3.29 ± 2.31  |  actor_loss: 83.0632  cost_loss: 0.9273  q_loss: 4.8735  reward_max: 0.9739  reward_mean: -2.3291  reward_min: -6.6631  value_loss: 142959566995324928.0000
Step:  1420000  |  score: 6.79 ± 5.10  |  actor_loss: 78.5095  cost_loss: 0.9815  q_loss: 4.0306  reward_max: 0.8769  reward_mean: -2.0587  reward_min: -6.5916  value_loss: 43318215513735168.0000
Step:  1430000  |  score: 8.87 ± 3.80  |  actor_loss: 100.9709  cost_loss: 0.9500  q_loss: 4.4583  reward_max: 1.3003  reward_mean: -2.2032  reward_min: -6.6452  value_loss: 170031811013902336.0000
Step:  1440000  |  score: 4.74 ± 2.51  |  actor_loss: 90.5975  cost_loss: 0.9509  q_loss: 4.3216  reward_max: 1.0986  reward_mean: -2.2161  reward_min: -6.7361  value_loss: 5481617175120961255505920.0000
Step:  1450000  |  score: 5.43 ± 4.57  |  actor_loss: 84.3018  cost_loss: 0.9697  q_loss: 4.8827  reward_max: 0.9287  reward_mean: -2.2165  reward_min: -6.6490  value_loss: 1174729630549016576.0000
Step:  1460000  |  score: 5.56 ± 4.33  |  actor_loss: 104.9626  cost_loss: 0.9580  q_loss: 4.9648  reward_max: 0.9519  reward_mean: -2.1969  reward_min: -6.6096  value_loss: 2584401256453767168.0000
Step:  1470000  |  score: 7.45 ± 4.15  |  actor_loss: 91.8754  cost_loss: 0.9968  q_loss: 4.8653  reward_max: 0.9438  reward_mean: -2.0506  reward_min: -6.5433  value_loss: 62281548392562688.0000
Step:  1480000  |  score: 5.18 ± 5.08  |  actor_loss: 90.6764  cost_loss: 0.9515  q_loss: 4.6633  reward_max: 1.2478  reward_mean: -2.2406  reward_min: -6.6876  value_loss: 4351373101498368.0000
Step:  1490000  |  score: 7.03 ± 3.04  |  actor_loss: 80.7885  cost_loss: 1.0057  q_loss: 3.9755  reward_max: 1.0187  reward_mean: -1.9985  reward_min: -6.4969  value_loss: 10359441790599168.0000
Step:  1500000  |  score: 5.53 ± 2.54  |  actor_loss: 96.6555  cost_loss: 0.9712  q_loss: 4.6338  reward_max: 1.1211  reward_mean: -2.1205  reward_min: -6.7093  value_loss: 204705528671109120.0000
Step:  1510000  |  score: 5.46 ± 3.15  |  actor_loss: 93.3368  cost_loss: 0.9345  q_loss: 5.3019  reward_max: 1.2381  reward_mean: -2.3499  reward_min: -6.5777  value_loss: 19552387643473920.0000
Step:  1520000  |  score: 6.15 ± 1.70  |  actor_loss: 84.0506  cost_loss: 0.9648  q_loss: 4.2749  reward_max: 1.0268  reward_mean: -2.2519  reward_min: -6.5651  value_loss: 12171783771783168.0000
Step:  1530000  |  score: 5.10 ± 2.29  |  actor_loss: 81.3870  cost_loss: 0.9541  q_loss: 5.4706  reward_max: 0.9401  reward_mean: -2.2577  reward_min: -6.5804  value_loss: 25714828194611200.0000
Step:  1540000  |  score: 8.14 ± 5.07  |  actor_loss: 89.1812  cost_loss: 0.9455  q_loss: 3.8781  reward_max: 0.9870  reward_mean: -2.2414  reward_min: -6.5266  value_loss: 203851764334592.0000
Step:  1550000  |  score: 6.84 ± 4.89  |  actor_loss: 80.9389  cost_loss: 0.9332  q_loss: 3.9934  reward_max: 0.7653  reward_mean: -2.3232  reward_min: -6.5500  value_loss: 10923199421210427392.0000
Step:  1560000  |  score: 9.22 ± 5.22  |  actor_loss: 102.5795  cost_loss: 0.9570  q_loss: 4.2012  reward_max: 0.9546  reward_mean: -2.2690  reward_min: -6.6178  value_loss: 1162446161521410048.0000
Step:  1570000  |  score: 5.27 ± 2.90  |  actor_loss: 77.4710  cost_loss: 1.0081  q_loss: 3.8734  reward_max: 0.8651  reward_mean: -1.9787  reward_min: -6.5019  value_loss: 10658716185526272.0000
Step:  1580000  |  score: 4.72 ± 2.68  |  actor_loss: 88.2392  cost_loss: 0.9731  q_loss: 4.3285  reward_max: 1.2071  reward_mean: -2.1659  reward_min: -6.5896  value_loss: 1278285212286976.0000
Step:  1590000  |  score: 5.45 ± 4.19  |  actor_loss: 90.9307  cost_loss: 0.9659  q_loss: 4.3589  reward_max: 1.0053  reward_mean: -2.1481  reward_min: -6.6232  value_loss: 16686468709744640.0000
Step:  1600000  |  score: 6.91 ± 5.14  |  actor_loss: 78.9796  cost_loss: 0.9406  q_loss: 4.1911  reward_max: 0.8887  reward_mean: -2.3187  reward_min: -6.5125  value_loss: 14403389722984448.0000
Step:  1610000  |  score: 7.97 ± 3.34  |  actor_loss: 84.3618  cost_loss: 0.9777  q_loss: 3.9336  reward_max: 0.9904  reward_mean: -2.0418  reward_min: -6.5354  value_loss: 674930333627449344.0000
Step:  1620000  |  score: 8.84 ± 4.11  |  actor_loss: 107.7270  cost_loss: 0.9605  q_loss: 4.6943  reward_max: 1.0784  reward_mean: -2.1157  reward_min: -6.4882  value_loss: 26834689377435648.0000
Step:  1630000  |  score: 7.28 ± 5.57  |  actor_loss: 82.1322  cost_loss: 0.9411  q_loss: 4.6939  reward_max: 1.3107  reward_mean: -2.2991  reward_min: -6.5338  value_loss: 3556568465408000.0000
Step:  1640000  |  score: 7.84 ± 3.33  |  actor_loss: 80.8512  cost_loss: 0.9672  q_loss: 3.8020  reward_max: 0.8146  reward_mean: -2.1202  reward_min: -6.5742  value_loss: 1589379104883343360.0000
Step:  1650000  |  score: 4.72 ± 1.63  |  actor_loss: 87.9198  cost_loss: 1.0200  q_loss: 4.6334  reward_max: 0.8800  reward_mean: -1.9333  reward_min: -6.5457  value_loss: 6576480767180800.0000
Step:  1660000  |  score: 7.40 ± 5.09  |  actor_loss: 85.3470  cost_loss: 0.9548  q_loss: 4.2572  reward_max: 0.9827  reward_mean: -2.1915  reward_min: -6.5118  value_loss: 9473129118171136.0000
Step:  1670000  |  score: 7.30 ± 3.37  |  actor_loss: 79.7633  cost_loss: 0.9957  q_loss: 3.7869  reward_max: 0.7749  reward_mean: -2.0169  reward_min: -6.7118  value_loss: 6059677553000448.0000
Step:  1680000  |  score: 8.69 ± 3.49  |  actor_loss: 86.2689  cost_loss: 0.9586  q_loss: 3.8069  reward_max: 0.8269  reward_mean: -2.2165  reward_min: -6.5648  value_loss: 10496766927437824.0000
Step:  1690000  |  score: 8.60 ± 3.66  |  actor_loss: 80.7366  cost_loss: 1.0044  q_loss: 5.1858  reward_max: 0.7853  reward_mean: -2.0232  reward_min: -6.7643  value_loss: 51154383345287168.0000
Step:  1700000  |  score: 8.03 ± 5.16  |  actor_loss: 64.7941  cost_loss: 0.9829  q_loss: 4.2014  reward_max: 1.1903  reward_mean: -2.1120  reward_min: -6.5575  value_loss: 287099150485422080.0000
Step:  1710000  |  score: 5.55 ± 3.69  |  actor_loss: 84.1535  cost_loss: 0.9903  q_loss: 3.8332  reward_max: 0.9224  reward_mean: -2.0744  reward_min: -6.5597  value_loss: 30543339950440448.0000
Step:  1720000  |  score: 6.32 ± 4.01  |  actor_loss: 86.3550  cost_loss: 0.9970  q_loss: 3.9170  reward_max: 0.9600  reward_mean: -2.0490  reward_min: -6.6645  value_loss: 521518568580317184.0000
Step:  1730000  |  score: 6.13 ± 4.19  |  actor_loss: 96.8948  cost_loss: 0.9539  q_loss: 4.4983  reward_max: 1.2914  reward_mean: -2.1953  reward_min: -6.6072  value_loss: 677549507763765248.0000
Step:  1740000  |  score: 7.54 ± 4.92  |  actor_loss: 82.0030  cost_loss: 0.9407  q_loss: 5.2950  reward_max: 0.9233  reward_mean: -2.2379  reward_min: -6.6204  value_loss: 4007782965575680.0000
Step:  1750000  |  score: 6.40 ± 3.30  |  actor_loss: 82.2882  cost_loss: 1.0021  q_loss: 4.1084  reward_max: 0.7783  reward_mean: -1.9727  reward_min: -6.5559  value_loss: 2111297474789376.0000
Step:  1760000  |  score: 7.69 ± 2.48  |  actor_loss: 85.9912  cost_loss: 0.9649  q_loss: 3.7683  reward_max: 0.9060  reward_mean: -2.1655  reward_min: -6.5450  value_loss: 3193577156902912.0000
Step:  1770000  |  score: 4.94 ± 4.68  |  actor_loss: 82.3817  cost_loss: 0.9811  q_loss: 4.3439  reward_max: 1.2317  reward_mean: -2.0861  reward_min: -6.5759  value_loss: 2650567394459648.0000
Step:  1780000  |  score: 5.59 ± 2.45  |  actor_loss: 93.5927  cost_loss: 0.9727  q_loss: 3.7906  reward_max: 0.8820  reward_mean: -2.1093  reward_min: -6.6174  value_loss: 8978105146277888.0000
Step:  1790000  |  score: 6.04 ± 4.77  |  actor_loss: 80.0611  cost_loss: 0.9401  q_loss: 4.9122  reward_max: 0.8495  reward_mean: -2.2280  reward_min: -6.6415  value_loss: 5041810032295936.0000
Step:  1800000  |  score: 11.01 ± 8.79  |  actor_loss: 98.9442  cost_loss: 0.9483  q_loss: 3.8014  reward_max: 0.9024  reward_mean: -2.2848  reward_min: -6.4424  value_loss: 184431592084061647011840.0000
Step:  1810000  |  score: 6.25 ± 3.32  |  actor_loss: 91.0724  cost_loss: 0.9586  q_loss: 4.6150  reward_max: 0.9358  reward_mean: -2.1647  reward_min: -6.5243  value_loss: 29733515276845056.0000
Step:  1820000  |  score: 8.44 ± 4.58  |  actor_loss: 65.5951  cost_loss: 0.9666  q_loss: 3.5874  reward_max: 0.8644  reward_mean: -2.1362  reward_min: -6.5855  value_loss: 206548980174159872.0000
Step:  1830000  |  score: 5.76 ± 3.17  |  actor_loss: 84.7211  cost_loss: 0.9442  q_loss: 4.5015  reward_max: 0.8639  reward_mean: -2.3145  reward_min: -6.5679  value_loss: 4371213166051328.0000
Step:  1840000  |  score: 6.69 ± 4.85  |  actor_loss: 77.7555  cost_loss: 0.9709  q_loss: 4.5444  reward_max: 0.8734  reward_mean: -2.1032  reward_min: -6.5771  value_loss: 180422144356777984.0000
Step:  1850000  |  score: 7.29 ± 3.76  |  actor_loss: 77.4984  cost_loss: 0.9423  q_loss: 4.6281  reward_max: 0.8428  reward_mean: -2.2439  reward_min: -6.6346  value_loss: 278007512039424.0000
Step:  1860000  |  score: 6.42 ± 5.07  |  actor_loss: 88.5876  cost_loss: 0.9516  q_loss: 4.5922  reward_max: 0.9616  reward_mean: -2.2842  reward_min: -6.6067  value_loss: 17742934027796480.0000
Step:  1870000  |  score: 7.06 ± 5.27  |  actor_loss: 79.5242  cost_loss: 0.9657  q_loss: 4.9125  reward_max: 0.9064  reward_mean: -2.1316  reward_min: -6.6288  value_loss: 3634947323592704.0000
Step:  1880000  |  score: 9.53 ± 4.65  |  actor_loss: 91.3059  cost_loss: 0.9459  q_loss: 4.1745  reward_max: 0.8662  reward_mean: -2.2413  reward_min: -6.5962  value_loss: 4501203572490240.0000
Step:  1890000  |  score: 5.53 ± 2.53  |  actor_loss: 99.8723  cost_loss: 0.8953  q_loss: 6.0762  reward_max: 0.7870  reward_mean: -2.4549  reward_min: -6.6419  value_loss: 10929916526723072.0000
Step:  1900000  |  score: 7.28 ± 5.41  |  actor_loss: 79.6619  cost_loss: 0.9587  q_loss: 3.4619  reward_max: 1.1109  reward_mean: -2.2200  reward_min: -6.5944  value_loss: 5513687888560128.0000
Step:  1910000  |  score: 5.18 ± 2.81  |  actor_loss: 81.2768  cost_loss: 0.9664  q_loss: 4.6758  reward_max: 0.9800  reward_mean: -2.1527  reward_min: -6.5470  value_loss: 19307014014369792.0000
Step:  1920000  |  score: 6.22 ± 3.58  |  actor_loss: 95.3062  cost_loss: 0.9568  q_loss: 4.3434  reward_max: 1.0999  reward_mean: -2.2591  reward_min: -6.6520  value_loss: 841512461268942848.0000
Step:  1930000  |  score: 8.35 ± 3.30  |  actor_loss: 85.0633  cost_loss: 0.9360  q_loss: 5.0011  reward_max: 1.4419  reward_mean: -2.3009  reward_min: -6.6914  value_loss: 3488197417893888.0000
Step:  1940000  |  score: 7.65 ± 4.04  |  actor_loss: 76.0421  cost_loss: 0.9844  q_loss: 4.7686  reward_max: 0.9062  reward_mean: -2.0201  reward_min: -6.6064  value_loss: 6691522539945984.0000
Step:  1950000  |  score: 5.89 ± 3.57  |  actor_loss: 92.8627  cost_loss: 0.9267  q_loss: 5.1548  reward_max: 0.9167  reward_mean: -2.3992  reward_min: -6.6826  value_loss: 81560303669608448.0000
Step:  1960000  |  score: 5.73 ± 2.82  |  actor_loss: 77.6050  cost_loss: 0.9893  q_loss: 4.5241  reward_max: 1.1985  reward_mean: -2.0321  reward_min: -6.7670  value_loss: 406547276228460544.0000
Step:  1970000  |  score: 6.07 ± 4.47  |  actor_loss: 88.9380  cost_loss: 0.9303  q_loss: 5.1391  reward_max: 0.9297  reward_mean: -2.3346  reward_min: -6.6149  value_loss: 411091489066582016.0000
Step:  1980000  |  score: 7.96 ± 6.62  |  actor_loss: 100.7404  cost_loss: 0.9706  q_loss: 4.4839  reward_max: 0.7895  reward_mean: -2.2108  reward_min: -6.5135  value_loss: 15410101066137600.0000
Step:  1990000  |  score: 6.72 ± 2.92  |  actor_loss: 88.2671  cost_loss: 0.9527  q_loss: 3.8885  reward_max: 1.2745  reward_mean: -2.2079  reward_min: -6.6534  value_loss: 2425136997170413568.0000
Step:  2000000  |  score: 7.64 ± 6.19  |  actor_loss: 93.5345  cost_loss: 0.9889  q_loss: 5.2086  reward_max: 0.9561  reward_mean: -1.9673  reward_min: -6.6540  value_loss: 42312510266671104.0000
Final evaluation (13 iterations)...
Final score: 7.45 ± 5.11
wandb: WARNING Symlinked 1 file into the W&B run directory; call wandb.save again to sync new files.
wandb: updating run metadata
wandb: uploading final_returns/bdemodice_halfcheetah-expert-v2_2026-03-19_00-57-11.npz; uploading output.log; uploading wandb-summary.json; uploading config.yaml
wandb: uploading output.log
wandb: uploading summary, console lines 214-215
wandb: 
wandb: Run history:
wandb:  actor_loss ▁▁▇▇█▇▇▆▆▇███▇█▇▇█▆▇▆█▇█▇▇▇█▇▆█▇█▇▆▆▆▇▆▇
wandb:   cost_loss ▇▄▁▃▄▄▄▃▅▆▅█▄▃▅▂▂▅▆▆▅▃▇▃▁▅▃▄▇▂▃▃▅▆▄▃▄▄▄▅
wandb: num_updates ▁▁▁▂▂▂▃▃▃▃▃▄▄▅▅▅▅▆▆▆▆▆▆▆▆▆▇▇▇▇▇▇▇▇▇█████
wandb:      q_loss ▇█▇▇█▄▃▃▃▃▄▂▃▃▂▂▄▃▂▁▂▂▂▂▂▂▂▁▂▁▁▂▁▁▂▂▂▁▂▁
wandb:      return ▁▄▅▄▂▁▁▃▂▂▅▄▄▄▂▃▅█▄▃▂█▆▄▃▅▇▅▅▅▅▄▄▆▄▅▃▄▄▆
wandb:  reward_max ▂█▂▂▂▅▃▂▂▂▁▃▃▂▂▁▂▅▁▁▂▂▂▂▃▁▁▂▄▂▂▂▄▁▁▂▁▁▁▁
wandb: reward_mean ▅▄▅▅▇▆▃▆▆▃▃█▄▅▂▄▅▃▂▃▄▃▃▂▂▅▁▆▅▅▁▃▃▃▆▅▄▁▂▃
wandb:  reward_min ▂▅▅▃▂▃▇▃▅▂▄▆▅▄██▃▅▆▆▃▅▄▁▅▄▅▇▅▅▆▄▄▅▇▆▄▆▄▅
wandb:       score ▂▂▁▄▄▂▃▃▁▂▁▄▃▃▃▄▃▄▄▄▃▃▁▄▃█▃▃▁▂▄▆▄▄▇▆▃▅▅▆
wandb:   score_std ▁▃▅▃▅▄▅▄▅▂▆▄▄▄█▅▄▅▅▆▇▅▆▃▅█▆▄▇▅█▅▇▃█▄▆▅█▆
wandb:          +1 ...
wandb: 
wandb: Run summary:
wandb:  actor_loss 93.53448
wandb:   cost_loss 0.98888
wandb: num_updates 2000000
wandb:      q_loss 5.2086
wandb:      return 668.62223
wandb:  reward_max 0.95609
wandb: reward_mean -1.96729
wandb:  reward_min -6.65395
wandb:       score 7.64227
wandb:   score_std 6.18655
wandb:          +1 ...
wandb: 
wandb: 🚀 View run bdemodice_halfcheetah_M2_s3 at: https://wandb.ai/wsk208/DemoDICE/runs/f0te74vu
wandb: ⭐️ View project at: https://wandb.ai/wsk208/DemoDICE
wandb: Synced 5 W&B file(s), 0 media file(s), 0 artifact file(s) and 1 other file(s)
wandb: Find logs at: ./wandb/run-20260319_003321-f0te74vu/logs
