Warning: All of online environments libraries in D4RL have been moved ]8;;https://github.com/Farama-Foundation/Gymnasium\Gymnasium]8;;\, ]8;;https://github.com/Farama-Foundation/MiniGrid\MiniGrid]8;;\ and ]8;;https://github.com/Farama-Foundation/Gymnasium-Robotics\Gymnasium-Robotics]8;;\, and all offline datasets in D4RL have been moved to ]8;;https://github.com/Farama-Foundation/Minari\Minari]8;;\.
These new versions include large bug fixes, new versions of Python, and are where all new development will continue. Please upgrade these libraries as soon as you're able to do so.
If you'd like to read more about the story behind this switch, please check out ]8;;https://farama.org/Announcing-Minari\this blog post]8;;\.
Gym has been unmaintained since 2022 and does not support NumPy 2.0 amongst other critical functionality.
Please upgrade to Gymnasium, the maintained drop-in replacement of Gym, or contact the authors of your software and request that they upgrade.
See the migration guide at https://gymnasium.farama.org/introduction/migration_guide/ for additional information.
/opt/venv/lib/python3.10/site-packages/Cython/Distutils/old_build_ext.py:15: DeprecationWarning: dep_util is Deprecated. Use functions from setuptools instead.
  from distutils.dep_util import newer, newer_group
<frozen importlib._bootstrap>:283: DeprecationWarning: the load_module() method is deprecated and slated for removal in Python 3.12; use exec_module() instead
pybullet build time: Jan 29 2025 23:16:28
wandb: [wandb.login()] Loaded credentials for https://api.wandb.ai from /root/.netrc.
wandb: Currently logged in as: wsk208 (roidice) to https://api.wandb.ai. Use `wandb login --relogin` to force relogin
/opt/venv/lib/python3.10/site-packages/wandb/analytics/sentry.py:268: DeprecationWarning: Read the `app_url` setting from the appropriate Settings object.
  app_url = wandb.util.app_url(tags["base_url"])  # type: ignore[index]
/opt/venv/lib/python3.10/site-packages/wandb/analytics/sentry.py:279: DeprecationWarning: The `Scope.user` setter is deprecated in favor of `Scope.set_user()`.
  self.scope.user = {"email": email}
wandb: setting up run quu695bm
/opt/venv/lib/python3.10/site-packages/wandb/analytics/sentry.py:268: DeprecationWarning: Read the `app_url` setting from the appropriate Settings object.
  app_url = wandb.util.app_url(tags["base_url"])  # type: ignore[index]
/opt/venv/lib/python3.10/site-packages/wandb/analytics/sentry.py:279: DeprecationWarning: The `Scope.user` setter is deprecated in favor of `Scope.set_user()`.
  self.scope.user = {"email": email}
wandb: Tracking run with wandb version 0.25.1
wandb: Run data is saved locally in /app/wandb/run-20260318_093159-quu695bm
wandb: Run `wandb offline` to turn off syncing.
wandb: Syncing run bdemodice_hopper_M1_s2
wandb: ⭐️ View project at https://wandb.ai/wsk208/DemoDICE
wandb: 🚀 View run at https://wandb.ai/wsk208/DemoDICE/runs/quu695bm
/opt/venv/lib/python3.10/site-packages/gym/spaces/box.py:84: UserWarning: [33mWARN: Box bound precision lowered by casting to float32[0m
  logger.warn(f"Box bound precision lowered by casting to {self.dtype}")
load datafile:   0%|          | 0/21 [00:00<?, ?it/s]load datafile:  10%|▉         | 2/21 [00:00<00:01, 17.84it/s]load datafile:  19%|█▉        | 4/21 [00:00<00:02,  6.02it/s]load datafile:  81%|████████  | 17/21 [00:00<00:00, 21.84it/s]load datafile:  95%|█████████▌| 20/21 [00:01<00:00, 16.80it/s]load datafile: 100%|██████████| 21/21 [00:01<00:00, 16.97it/s]
Expert  :  999061 transitions  (hopper-expert-v2, 400 traj)
load datafile:   0%|          | 0/9 [00:00<?, ?it/s]load datafile:  33%|███▎      | 3/9 [00:00<00:00,  8.97it/s]load datafile:  44%|████▍     | 4/9 [00:00<00:00,  6.50it/s]load datafile:  56%|█████▌    | 5/9 [00:00<00:00,  4.97it/s]load datafile:  67%|██████▋   | 6/9 [00:01<00:00,  4.28it/s]load datafile: 100%|██████████| 9/9 [00:01<00:00,  7.41it/s]
Imperfect:    2154 transitions  (hopper-random-v2, 100 traj)
Union   : 1001215 transitions total
/root/.local/share/uv/python/cpython-3.10-linux-x86_64-gnu/lib/python3.10/multiprocessing/popen_fork.py:66: RuntimeWarning: os.fork() was called. os.fork() is incompatible with multithreaded code, and JAX is multithreaded, so this will likely lead to a deadlock.
  self.pid = os.fork()
/opt/venv/lib/python3.10/site-packages/tensorflow_probability/python/internal/backend/jax/ops.py:681: DeprecationWarning: jax.interpreters.xla.pytype_aval_mappings is deprecated.
  jax.interpreters.xla.pytype_aval_mappings[onp.ndarray])
/opt/venv/lib/python3.10/site-packages/gym/spaces/box.py:84: UserWarning: [33mWARN: Box bound precision lowered by casting to float32[0m
  logger.warn(f"Box bound precision lowered by casting to {self.dtype}")
Step:    10000  |  score: 46.44 ± 9.69  |  actor_loss: 2.1014  cost_loss: 1.3888  q_loss: 0.0305  reward_max: 0.0839  reward_mean: -0.0489  reward_min: -0.2143  value_loss: 0.0827
Step:    20000  |  score: 45.42 ± 15.51  |  actor_loss: 1.3757  cost_loss: 1.3823  q_loss: 0.0056  reward_max: 0.1666  reward_mean: -0.0071  reward_min: -0.5616  value_loss: -0.0342
Step:    30000  |  score: 53.39 ± 25.01  |  actor_loss: 0.7222  cost_loss: 1.3811  q_loss: 0.0047  reward_max: 0.1148  reward_mean: 0.0161  reward_min: -0.1004  value_loss: -0.0084
Step:    40000  |  score: 79.80 ± 19.56  |  actor_loss: 0.2920  cost_loss: 1.3830  q_loss: 0.0028  reward_max: 0.1153  reward_mean: 0.0162  reward_min: -0.1463  value_loss: 0.0183
Step:    50000  |  score: 57.05 ± 21.97  |  actor_loss: 0.1476  cost_loss: 1.3831  q_loss: 0.0045  reward_max: 0.1398  reward_mean: 0.0032  reward_min: -0.7784  value_loss: 0.0738
Step:    60000  |  score: 77.39 ± 13.43  |  actor_loss: 0.2154  cost_loss: 1.3828  q_loss: 0.0027  reward_max: 0.1272  reward_mean: 0.0006  reward_min: -0.1945  value_loss: 0.1615
Step:    70000  |  score: 81.12 ± 14.54  |  actor_loss: 0.0410  cost_loss: 1.3830  q_loss: 0.0040  reward_max: 0.1897  reward_mean: 0.0054  reward_min: -0.2405  value_loss: 0.2363
Step:    80000  |  score: 75.83 ± 17.44  |  actor_loss: 0.0271  cost_loss: 1.3826  q_loss: 0.0020  reward_max: 0.1026  reward_mean: 0.0145  reward_min: -0.1412  value_loss: 0.2896
Step:    90000  |  score: 92.99 ± 21.91  |  actor_loss: 0.0360  cost_loss: 1.3837  q_loss: 0.0020  reward_max: 0.1158  reward_mean: 0.0392  reward_min: -0.1662  value_loss: 0.3417
Step:   100000  |  score: 79.27 ± 17.60  |  actor_loss: -0.0621  cost_loss: 1.3832  q_loss: 0.0028  reward_max: 0.1329  reward_mean: 0.0040  reward_min: -0.1589  value_loss: 0.3492
Step:   110000  |  score: 88.90 ± 24.88  |  actor_loss: 0.0199  cost_loss: 1.3811  q_loss: 0.0079  reward_max: 0.1477  reward_mean: 0.0127  reward_min: -3.7147  value_loss: 0.3822
Step:   120000  |  score: 83.34 ± 26.75  |  actor_loss: 0.0570  cost_loss: 1.3817  q_loss: 0.0024  reward_max: 0.0816  reward_mean: -0.0220  reward_min: -2.4557  value_loss: 0.4664
Step:   130000  |  score: 79.28 ± 19.26  |  actor_loss: -0.0082  cost_loss: 1.3807  q_loss: 0.0070  reward_max: 0.1017  reward_mean: 0.0049  reward_min: -2.4291  value_loss: 0.3393
Step:   140000  |  score: 102.67 ± 20.02  |  actor_loss: 0.1012  cost_loss: 1.3841  q_loss: 0.0024  reward_max: 0.1098  reward_mean: 0.0071  reward_min: -0.1495  value_loss: 0.4225
Step:   150000  |  score: 108.75 ± 8.51  |  actor_loss: -0.0720  cost_loss: 1.3840  q_loss: 0.0014  reward_max: 0.0751  reward_mean: -0.0034  reward_min: -0.1263  value_loss: 0.4550
Step:   160000  |  score: 85.16 ± 21.70  |  actor_loss: -0.0176  cost_loss: 1.3819  q_loss: 0.0016  reward_max: 0.0852  reward_mean: 0.0119  reward_min: -0.1033  value_loss: 0.4515
Step:   170000  |  score: 91.39 ± 15.25  |  actor_loss: -0.1100  cost_loss: 1.3831  q_loss: 0.0021  reward_max: 0.1442  reward_mean: 0.0037  reward_min: -0.2230  value_loss: 0.4362
Step:   180000  |  score: 106.23 ± 11.41  |  actor_loss: 0.0723  cost_loss: 1.3820  q_loss: 0.0023  reward_max: 0.1123  reward_mean: 0.0042  reward_min: -2.8154  value_loss: 0.4079
Step:   190000  |  score: 102.33 ± 19.42  |  actor_loss: -0.0249  cost_loss: 1.3833  q_loss: 0.0014  reward_max: 0.0709  reward_mean: 0.0102  reward_min: -0.1093  value_loss: 0.4235
Step:   200000  |  score: 107.20 ± 9.50  |  actor_loss: -0.2067  cost_loss: 1.3814  q_loss: 0.0105  reward_max: 0.0811  reward_mean: 0.0012  reward_min: -2.9211  value_loss: 0.4419
Step:   210000  |  score: 108.84 ± 9.22  |  actor_loss: -0.1618  cost_loss: 1.3819  q_loss: 0.0014  reward_max: 0.0697  reward_mean: 0.0038  reward_min: -0.2486  value_loss: 0.4182
Step:   220000  |  score: 96.36 ± 17.68  |  actor_loss: -0.0967  cost_loss: 1.3811  q_loss: 0.0015  reward_max: 0.1071  reward_mean: 0.0061  reward_min: -1.1288  value_loss: 0.4308
Step:   230000  |  score: 105.57 ± 17.07  |  actor_loss: -0.0458  cost_loss: 1.3793  q_loss: 0.0056  reward_max: 0.0944  reward_mean: -0.0198  reward_min: -2.0393  value_loss: 0.3845
Step:   240000  |  score: 96.33 ± 20.62  |  actor_loss: -0.1446  cost_loss: 1.3828  q_loss: 0.0017  reward_max: 0.0813  reward_mean: 0.0200  reward_min: -2.7909  value_loss: 0.4106
Step:   250000  |  score: 102.84 ± 18.04  |  actor_loss: -0.0322  cost_loss: 1.3813  q_loss: 0.0021  reward_max: 0.0636  reward_mean: 0.0061  reward_min: -1.8305  value_loss: 0.4263
Step:   260000  |  score: 106.85 ± 13.55  |  actor_loss: -0.0142  cost_loss: 1.3824  q_loss: 0.0018  reward_max: 0.0954  reward_mean: 0.0116  reward_min: -0.1636  value_loss: 0.4405
Step:   270000  |  score: 104.01 ± 14.62  |  actor_loss: 0.0039  cost_loss: 1.3781  q_loss: 0.0041  reward_max: 0.0635  reward_mean: -0.0184  reward_min: -3.1257  value_loss: 0.3751
Step:   280000  |  score: 100.21 ± 17.13  |  actor_loss: -0.0824  cost_loss: 1.3815  q_loss: 0.0020  reward_max: 0.0633  reward_mean: -0.0053  reward_min: -1.7883  value_loss: 0.4464
Step:   290000  |  score: 108.54 ± 10.13  |  actor_loss: -0.1422  cost_loss: 1.3816  q_loss: 0.0022  reward_max: 0.0758  reward_mean: 0.0015  reward_min: -2.5470  value_loss: 0.4297
Step:   300000  |  score: 107.51 ± 13.34  |  actor_loss: -0.1177  cost_loss: 1.3828  q_loss: 0.0016  reward_max: 0.1205  reward_mean: 0.0133  reward_min: -0.2245  value_loss: 0.4550
Step:   310000  |  score: 110.92 ± 0.61  |  actor_loss: -0.0865  cost_loss: 1.3835  q_loss: 0.0016  reward_max: 0.1041  reward_mean: 0.0221  reward_min: -0.2620  value_loss: 0.4611
Step:   320000  |  score: 105.11 ± 13.18  |  actor_loss: -0.0412  cost_loss: 1.3822  q_loss: 0.0036  reward_max: 0.0519  reward_mean: 0.0036  reward_min: -2.7944  value_loss: 0.4419
Step:   330000  |  score: 97.91 ± 27.00  |  actor_loss: -0.0999  cost_loss: 1.3825  q_loss: 0.0015  reward_max: 0.0865  reward_mean: 0.0046  reward_min: -0.0863  value_loss: 0.4451
Step:   340000  |  score: 111.58 ± 0.82  |  actor_loss: -0.1022  cost_loss: 1.3823  q_loss: 0.0020  reward_max: 0.0989  reward_mean: -0.0039  reward_min: -0.2667  value_loss: 0.4527
Step:   350000  |  score: 97.46 ± 32.53  |  actor_loss: 0.0199  cost_loss: 1.3807  q_loss: 0.0027  reward_max: 0.0734  reward_mean: -0.0056  reward_min: -1.3069  value_loss: 0.4388
Step:   360000  |  score: 111.84 ± 0.73  |  actor_loss: -0.1165  cost_loss: 1.3806  q_loss: 0.0031  reward_max: 0.1363  reward_mean: -0.0008  reward_min: -0.9231  value_loss: 0.4485
Step:   370000  |  score: 105.71 ± 5.97  |  actor_loss: -0.0377  cost_loss: 1.3804  q_loss: 0.0024  reward_max: 0.0993  reward_mean: -0.0046  reward_min: -3.9978  value_loss: 0.4048
Step:   380000  |  score: 110.83 ± 1.00  |  actor_loss: -0.0716  cost_loss: 1.3838  q_loss: 0.0012  reward_max: 0.0614  reward_mean: 0.0058  reward_min: -0.0905  value_loss: 0.5043
Step:   390000  |  score: 105.30 ± 12.69  |  actor_loss: -0.0167  cost_loss: 1.3823  q_loss: 0.0022  reward_max: 0.0619  reward_mean: 0.0089  reward_min: -0.7066  value_loss: 0.4479
Step:   400000  |  score: 89.81 ± 29.93  |  actor_loss: -0.1956  cost_loss: 1.3818  q_loss: 0.0044  reward_max: 0.1531  reward_mean: 0.0020  reward_min: -2.8631  value_loss: 0.4425
Step:   410000  |  score: 80.91 ± 32.87  |  actor_loss: -0.1102  cost_loss: 1.3825  q_loss: 0.0015  reward_max: 0.0583  reward_mean: 0.0060  reward_min: -0.1779  value_loss: 0.4664
Step:   420000  |  score: 111.64 ± 0.43  |  actor_loss: -0.2227  cost_loss: 1.3815  q_loss: 0.0049  reward_max: 0.0586  reward_mean: 0.0034  reward_min: -2.7001  value_loss: 0.4574
Step:   430000  |  score: 107.31 ± 11.26  |  actor_loss: -0.0962  cost_loss: 1.3838  q_loss: 0.0016  reward_max: 0.1402  reward_mean: 0.0108  reward_min: -0.2377  value_loss: 0.4910
Step:   440000  |  score: 101.82 ± 14.89  |  actor_loss: -0.1498  cost_loss: 1.3797  q_loss: 0.0048  reward_max: 0.0610  reward_mean: -0.0032  reward_min: -2.0191  value_loss: 0.4069
Step:   450000  |  score: 87.53 ± 38.72  |  actor_loss: -0.2028  cost_loss: 1.3814  q_loss: 0.0043  reward_max: 0.0772  reward_mean: -0.0087  reward_min: -2.5375  value_loss: 0.3969
Step:   460000  |  score: 100.18 ± 19.92  |  actor_loss: -0.1909  cost_loss: 1.3767  q_loss: 0.0068  reward_max: 0.1252  reward_mean: -0.0141  reward_min: -2.0815  value_loss: 0.3135
Step:   470000  |  score: 109.33 ± 5.35  |  actor_loss: -0.2514  cost_loss: 1.3809  q_loss: 0.0029  reward_max: 0.1294  reward_mean: -0.0028  reward_min: -3.7152  value_loss: 0.4235
Step:   480000  |  score: 87.78 ± 26.30  |  actor_loss: -0.0510  cost_loss: 1.3817  q_loss: 0.0017  reward_max: 0.1240  reward_mean: 0.0029  reward_min: -1.4100  value_loss: 0.4669
Step:   490000  |  score: 111.62 ± 3.17  |  actor_loss: -0.2018  cost_loss: 1.3817  q_loss: 0.0015  reward_max: 0.0626  reward_mean: 0.0016  reward_min: -0.1920  value_loss: 0.4642
Step:   500000  |  score: 109.02 ± 6.34  |  actor_loss: -0.1466  cost_loss: 1.3808  q_loss: 0.0027  reward_max: 0.0714  reward_mean: 0.0045  reward_min: -1.6831  value_loss: 0.4289
Step:   510000  |  score: 111.37 ± 0.47  |  actor_loss: -0.2906  cost_loss: 1.3803  q_loss: 0.0032  reward_max: 0.0868  reward_mean: -0.0027  reward_min: -2.7408  value_loss: 0.4126
Step:   520000  |  score: 111.56 ± 1.54  |  actor_loss: -0.1527  cost_loss: 1.3808  q_loss: 0.0019  reward_max: 0.0573  reward_mean: -0.0048  reward_min: -2.2928  value_loss: 0.4308
Step:   530000  |  score: 103.84 ± 15.42  |  actor_loss: -0.1390  cost_loss: 1.3818  q_loss: 0.0021  reward_max: 0.0739  reward_mean: -0.0022  reward_min: -1.3444  value_loss: 0.4195
Step:   540000  |  score: 111.11 ± 2.37  |  actor_loss: -0.0874  cost_loss: 1.3816  q_loss: 0.0026  reward_max: 0.1401  reward_mean: 0.0139  reward_min: -0.1105  value_loss: 0.4305
Step:   550000  |  score: 105.81 ± 10.61  |  actor_loss: -0.2310  cost_loss: 1.3772  q_loss: 0.0043  reward_max: 0.0576  reward_mean: -0.0085  reward_min: -3.3834  value_loss: 0.3409
Step:   560000  |  score: 86.75 ± 33.66  |  actor_loss: -0.1357  cost_loss: 1.3821  q_loss: 0.0013  reward_max: 0.1862  reward_mean: 0.0088  reward_min: -0.1821  value_loss: 0.4789
Step:   570000  |  score: 111.64 ± 0.57  |  actor_loss: -0.0845  cost_loss: 1.3813  q_loss: 0.0014  reward_max: 0.0540  reward_mean: 0.0018  reward_min: -2.1653  value_loss: 0.4543
Step:   580000  |  score: 92.25 ± 18.75  |  actor_loss: -0.1618  cost_loss: 1.3807  q_loss: 0.0032  reward_max: 0.0750  reward_mean: -0.0036  reward_min: -2.1804  value_loss: 0.4065
Step:   590000  |  score: 99.72 ± 12.78  |  actor_loss: -0.1789  cost_loss: 1.3800  q_loss: 0.0040  reward_max: 0.0488  reward_mean: -0.0033  reward_min: -3.9567  value_loss: 0.4349
Step:   600000  |  score: 106.57 ± 8.03  |  actor_loss: -0.1571  cost_loss: 1.3822  q_loss: 0.0028  reward_max: 0.0643  reward_mean: 0.0055  reward_min: -1.1413  value_loss: 0.4768
Step:   610000  |  score: 111.41 ± 0.48  |  actor_loss: -0.0673  cost_loss: 1.3806  q_loss: 0.0025  reward_max: 0.0862  reward_mean: 0.0007  reward_min: -2.4123  value_loss: 0.4637
Step:   620000  |  score: 106.35 ± 9.11  |  actor_loss: -0.1024  cost_loss: 1.3827  q_loss: 0.0021  reward_max: 0.0954  reward_mean: 0.0098  reward_min: -0.3227  value_loss: 0.4936
Step:   630000  |  score: 108.38 ± 9.20  |  actor_loss: -0.0638  cost_loss: 1.3813  q_loss: 0.0020  reward_max: 0.0969  reward_mean: 0.0007  reward_min: -2.8464  value_loss: 0.4191
Step:   640000  |  score: 108.55 ± 8.02  |  actor_loss: -0.2740  cost_loss: 1.3783  q_loss: 0.0037  reward_max: 0.0653  reward_mean: -0.0045  reward_min: -2.7163  value_loss: 0.3973
Step:   650000  |  score: 108.60 ± 8.64  |  actor_loss: -0.2118  cost_loss: 1.3830  q_loss: 0.0014  reward_max: 0.1450  reward_mean: -0.0013  reward_min: -0.1751  value_loss: 0.4751
Step:   660000  |  score: 104.80 ± 17.38  |  actor_loss: -0.3142  cost_loss: 1.3803  q_loss: 0.0046  reward_max: 0.0683  reward_mean: -0.0011  reward_min: -3.0162  value_loss: 0.3899
Step:   670000  |  score: 97.67 ± 24.43  |  actor_loss: -0.1703  cost_loss: 1.3801  q_loss: 0.0033  reward_max: 0.0574  reward_mean: 0.0028  reward_min: -2.7723  value_loss: 0.4223
Step:   680000  |  score: 99.88 ± 22.09  |  actor_loss: -0.2471  cost_loss: 1.3801  q_loss: 0.0059  reward_max: 0.1161  reward_mean: -0.0118  reward_min: -5.1029  value_loss: 0.4358
Step:   690000  |  score: 110.70 ± 4.73  |  actor_loss: -0.2516  cost_loss: 1.3826  q_loss: 0.0019  reward_max: 0.1283  reward_mean: -0.0013  reward_min: -3.0272  value_loss: 0.4523
Step:   700000  |  score: 111.41 ± 0.86  |  actor_loss: -0.2683  cost_loss: 1.3827  q_loss: 0.0013  reward_max: 0.0653  reward_mean: 0.0029  reward_min: -0.1657  value_loss: 0.4279
Step:   710000  |  score: 99.23 ± 16.97  |  actor_loss: -0.1209  cost_loss: 1.3798  q_loss: 0.0021  reward_max: 0.1151  reward_mean: -0.0133  reward_min: -4.3229  value_loss: 0.4102
Step:   720000  |  score: 111.94 ± 0.91  |  actor_loss: -0.0362  cost_loss: 1.3815  q_loss: 0.0033  reward_max: 0.0522  reward_mean: -0.0014  reward_min: -1.2721  value_loss: 0.4758
Step:   730000  |  score: 98.07 ± 19.35  |  actor_loss: -0.2073  cost_loss: 1.3801  q_loss: 0.0036  reward_max: 0.0471  reward_mean: -0.0104  reward_min: -2.7486  value_loss: 0.4345
Step:   740000  |  score: 111.69 ± 2.26  |  actor_loss: -0.1841  cost_loss: 1.3792  q_loss: 0.0021  reward_max: 0.0604  reward_mean: -0.0067  reward_min: -4.0728  value_loss: 0.4712
Step:   750000  |  score: 111.36 ± 0.96  |  actor_loss: -0.3088  cost_loss: 1.3832  q_loss: 0.0019  reward_max: 0.0490  reward_mean: 0.0105  reward_min: -0.2265  value_loss: 0.4922
Step:   760000  |  score: 83.16 ± 41.91  |  actor_loss: -0.1961  cost_loss: 1.3801  q_loss: 0.0033  reward_max: 0.0835  reward_mean: -0.0076  reward_min: -3.9739  value_loss: 0.4210
Step:   770000  |  score: 109.38 ± 5.97  |  actor_loss: -0.2022  cost_loss: 1.3800  q_loss: 0.0044  reward_max: 0.0655  reward_mean: -0.0063  reward_min: -2.6133  value_loss: 0.3954
Step:   780000  |  score: 94.03 ± 23.40  |  actor_loss: -0.0447  cost_loss: 1.3828  q_loss: 0.0014  reward_max: 0.0843  reward_mean: 0.0040  reward_min: -0.1379  value_loss: 0.4827
Step:   790000  |  score: 111.96 ± 1.26  |  actor_loss: -0.3183  cost_loss: 1.3819  q_loss: 0.0024  reward_max: 0.0450  reward_mean: 0.0006  reward_min: -0.3628  value_loss: 0.4834
Step:   800000  |  score: 101.47 ± 19.38  |  actor_loss: -0.2245  cost_loss: 1.3831  q_loss: 0.0016  reward_max: 0.1148  reward_mean: 0.0042  reward_min: -0.1567  value_loss: 0.4797
Step:   810000  |  score: 92.59 ± 28.29  |  actor_loss: -0.1216  cost_loss: 1.3826  q_loss: 0.0021  reward_max: 0.0953  reward_mean: 0.0069  reward_min: -0.2552  value_loss: 0.4988
Step:   820000  |  score: 106.75 ± 14.50  |  actor_loss: -0.2780  cost_loss: 1.3818  q_loss: 0.0015  reward_max: 0.0656  reward_mean: 0.0002  reward_min: -1.2738  value_loss: 0.4778
Step:   830000  |  score: 95.97 ± 27.63  |  actor_loss: -0.2445  cost_loss: 1.3804  q_loss: 0.0021  reward_max: 0.0499  reward_mean: -0.0034  reward_min: -1.4211  value_loss: 0.4519
Step:   840000  |  score: 111.37 ± 0.48  |  actor_loss: -0.2147  cost_loss: 1.3810  q_loss: 0.0032  reward_max: 0.0569  reward_mean: -0.0007  reward_min: -2.1689  value_loss: 0.4546
Step:   850000  |  score: 104.75 ± 11.61  |  actor_loss: -0.2479  cost_loss: 1.3817  q_loss: 0.0021  reward_max: 0.0928  reward_mean: 0.0011  reward_min: -0.6466  value_loss: 0.5006
Step:   860000  |  score: 111.38 ± 3.42  |  actor_loss: -0.3376  cost_loss: 1.3821  q_loss: 0.0016  reward_max: 0.0599  reward_mean: 0.0101  reward_min: -1.1436  value_loss: 0.4528
Step:   870000  |  score: 97.94 ± 19.78  |  actor_loss: -0.1964  cost_loss: 1.3814  q_loss: 0.0024  reward_max: 0.0787  reward_mean: 0.0042  reward_min: -0.2424  value_loss: 0.4908
Step:   880000  |  score: 98.06 ± 21.23  |  actor_loss: -0.2897  cost_loss: 1.3813  q_loss: 0.0020  reward_max: 0.0348  reward_mean: -0.0023  reward_min: -0.6288  value_loss: 0.4583
Step:   890000  |  score: 101.12 ± 15.36  |  actor_loss: -0.1707  cost_loss: 1.3773  q_loss: 0.0028  reward_max: 0.0894  reward_mean: -0.0223  reward_min: -3.7814  value_loss: 0.3977
Step:   900000  |  score: 104.31 ± 14.71  |  actor_loss: -0.3055  cost_loss: 1.3827  q_loss: 0.0028  reward_max: 0.0645  reward_mean: 0.0021  reward_min: -1.5309  value_loss: 0.4835
Step:   910000  |  score: 107.67 ± 9.00  |  actor_loss: -0.2499  cost_loss: 1.3825  q_loss: 0.0015  reward_max: 0.0640  reward_mean: 0.0034  reward_min: -0.4050  value_loss: 0.5125
Step:   920000  |  score: 113.00 ± 2.65  |  actor_loss: -0.3449  cost_loss: 1.3812  q_loss: 0.0044  reward_max: 0.0774  reward_mean: 0.0005  reward_min: -1.8988  value_loss: 0.4737
Step:   930000  |  score: 111.81 ± 0.75  |  actor_loss: -0.3032  cost_loss: 1.3828  q_loss: 0.0017  reward_max: 0.0713  reward_mean: 0.0038  reward_min: -0.0568  value_loss: 0.4925
Step:   940000  |  score: 111.45 ± 1.16  |  actor_loss: -0.3072  cost_loss: 1.3813  q_loss: 0.0021  reward_max: 0.1976  reward_mean: -0.0018  reward_min: -3.5564  value_loss: 0.4479
Step:   950000  |  score: 106.89 ± 8.12  |  actor_loss: -0.2721  cost_loss: 1.3818  q_loss: 0.0015  reward_max: 0.1067  reward_mean: 0.0059  reward_min: -0.6697  value_loss: 0.5007
Step:   960000  |  score: 80.49 ± 42.37  |  actor_loss: -0.1775  cost_loss: 1.3831  q_loss: 0.0021  reward_max: 0.0967  reward_mean: 0.0003  reward_min: -0.1326  value_loss: 0.4881
Step:   970000  |  score: 112.17 ± 1.36  |  actor_loss: -0.1524  cost_loss: 1.3811  q_loss: 0.0025  reward_max: 0.0760  reward_mean: 0.0019  reward_min: -1.1795  value_loss: 0.4475
Step:   980000  |  score: 97.96 ± 26.31  |  actor_loss: -0.3125  cost_loss: 1.3813  q_loss: 0.0026  reward_max: 0.0562  reward_mean: 0.0003  reward_min: -1.5862  value_loss: 0.4683
Step:   990000  |  score: 111.27 ± 2.12  |  actor_loss: -0.2590  cost_loss: 1.3815  q_loss: 0.0030  reward_max: 0.0455  reward_mean: 0.0006  reward_min: -1.9684  value_loss: 0.4925
Step:  1000000  |  score: 111.76 ± 0.91  |  actor_loss: -0.2598  cost_loss: 1.3820  q_loss: 0.0028  reward_max: 0.0672  reward_mean: 0.0042  reward_min: -0.2941  value_loss: 0.5003
Step:  1010000  |  score: 97.92 ± 19.55  |  actor_loss: -0.2685  cost_loss: 1.3809  q_loss: 0.0017  reward_max: 0.0823  reward_mean: 0.0045  reward_min: -1.2007  value_loss: 0.4793
Step:  1020000  |  score: 91.81 ± 27.04  |  actor_loss: -0.3673  cost_loss: 1.3816  q_loss: 0.0050  reward_max: 0.0845  reward_mean: 0.0037  reward_min: -1.2397  value_loss: 0.4832
Step:  1030000  |  score: 112.46 ± 0.97  |  actor_loss: -0.2458  cost_loss: 1.3810  q_loss: 0.0017  reward_max: 0.0806  reward_mean: -0.0011  reward_min: -1.9739  value_loss: 0.4347
Step:  1040000  |  score: 103.56 ± 11.93  |  actor_loss: -0.1673  cost_loss: 1.3806  q_loss: 0.0023  reward_max: 0.0849  reward_mean: -0.0024  reward_min: -2.6121  value_loss: 0.4779
Step:  1050000  |  score: 97.66 ± 22.54  |  actor_loss: -0.1981  cost_loss: 1.3804  q_loss: 0.0023  reward_max: 0.0537  reward_mean: -0.0023  reward_min: -1.3902  value_loss: 0.4480
Step:  1060000  |  score: 106.18 ± 14.36  |  actor_loss: -0.3429  cost_loss: 1.3837  q_loss: 0.0019  reward_max: 0.0808  reward_mean: 0.0019  reward_min: -0.1126  value_loss: 0.5006
Step:  1070000  |  score: 109.17 ± 4.33  |  actor_loss: -0.4080  cost_loss: 1.3825  q_loss: 0.0021  reward_max: 0.0659  reward_mean: 0.0068  reward_min: -0.1192  value_loss: 0.5101
Step:  1080000  |  score: 95.77 ± 26.13  |  actor_loss: -0.1610  cost_loss: 1.3800  q_loss: 0.0021  reward_max: 0.0836  reward_mean: -0.0029  reward_min: -3.1951  value_loss: 0.4345
Step:  1090000  |  score: 112.07 ± 1.17  |  actor_loss: -0.3199  cost_loss: 1.3818  q_loss: 0.0017  reward_max: 0.0588  reward_mean: 0.0045  reward_min: -0.1013  value_loss: 0.4966
Step:  1100000  |  score: 105.13 ± 17.93  |  actor_loss: -0.2744  cost_loss: 1.3822  q_loss: 0.0033  reward_max: 0.1268  reward_mean: 0.0004  reward_min: -1.2933  value_loss: 0.5006
Step:  1110000  |  score: 107.80 ± 12.59  |  actor_loss: -0.2363  cost_loss: 1.3815  q_loss: 0.0025  reward_max: 0.0933  reward_mean: -0.0066  reward_min: -5.4610  value_loss: 0.4995
Step:  1120000  |  score: 106.20 ± 14.27  |  actor_loss: -0.0985  cost_loss: 1.3795  q_loss: 0.0024  reward_max: 0.0507  reward_mean: -0.0116  reward_min: -5.4187  value_loss: 0.4584
Step:  1130000  |  score: 96.15 ± 21.15  |  actor_loss: -0.3416  cost_loss: 1.3803  q_loss: 0.0027  reward_max: 0.0790  reward_mean: 0.0001  reward_min: -2.9722  value_loss: 0.4901
Step:  1140000  |  score: 104.89 ± 17.51  |  actor_loss: -0.1573  cost_loss: 1.3801  q_loss: 0.0017  reward_max: 0.0823  reward_mean: -0.0042  reward_min: -3.8541  value_loss: 0.4401
Step:  1150000  |  score: 97.68 ± 28.11  |  actor_loss: -0.0722  cost_loss: 1.3813  q_loss: 0.0018  reward_max: 0.0999  reward_mean: -0.0063  reward_min: -6.0587  value_loss: 0.5256
Step:  1160000  |  score: 99.50 ± 15.52  |  actor_loss: -0.1771  cost_loss: 1.3826  q_loss: 0.0018  reward_max: 0.0626  reward_mean: 0.0006  reward_min: -0.2382  value_loss: 0.5349
Step:  1170000  |  score: 11.00 ± 0.16  |  actor_loss: -0.1728  cost_loss: 1.3818  q_loss: 0.0018  reward_max: 0.0485  reward_mean: -0.0009  reward_min: -0.2601  value_loss: 0.5236
Step:  1180000  |  score: 109.31 ± 6.01  |  actor_loss: -0.2542  cost_loss: 1.3813  q_loss: 0.0018  reward_max: 0.0981  reward_mean: 0.0017  reward_min: -0.7303  value_loss: 0.4717
Step:  1190000  |  score: 111.58 ± 0.69  |  actor_loss: -0.3529  cost_loss: 1.3822  q_loss: 0.0016  reward_max: 0.0500  reward_mean: 0.0032  reward_min: -0.1923  value_loss: 0.5424
Step:  1200000  |  score: 110.96 ± 1.87  |  actor_loss: -0.2649  cost_loss: 1.3816  q_loss: 0.0030  reward_max: 0.1714  reward_mean: 0.0032  reward_min: -2.1789  value_loss: 0.4832
Step:  1210000  |  score: 101.27 ± 10.62  |  actor_loss: -0.2327  cost_loss: 1.3808  q_loss: 0.0034  reward_max: 0.0396  reward_mean: -0.0041  reward_min: -2.4046  value_loss: 0.4225
Step:  1220000  |  score: 111.25 ± 1.03  |  actor_loss: -0.2351  cost_loss: 1.3791  q_loss: 0.0031  reward_max: 0.0934  reward_mean: -0.0107  reward_min: -4.1746  value_loss: 0.4450
Step:  1230000  |  score: 103.19 ± 13.11  |  actor_loss: -0.2113  cost_loss: 1.3823  q_loss: 0.0015  reward_max: 0.0418  reward_mean: 0.0036  reward_min: -0.2455  value_loss: 0.5385
Step:  1240000  |  score: 99.57 ± 16.59  |  actor_loss: -0.3430  cost_loss: 1.3817  q_loss: 0.0017  reward_max: 0.0856  reward_mean: 0.0034  reward_min: -0.4215  value_loss: 0.4990
Step:  1250000  |  score: 96.08 ± 26.92  |  actor_loss: -0.2544  cost_loss: 1.3818  q_loss: 0.0018  reward_max: 0.1101  reward_mean: 0.0044  reward_min: -0.1320  value_loss: 0.5248
Step:  1260000  |  score: 107.17 ± 7.07  |  actor_loss: -0.4052  cost_loss: 1.3827  q_loss: 0.0013  reward_max: 0.0857  reward_mean: 0.0014  reward_min: -0.0776  value_loss: 0.5323
Step:  1270000  |  score: 106.47 ± 12.97  |  actor_loss: -0.3467  cost_loss: 1.3820  q_loss: 0.0021  reward_max: 0.1441  reward_mean: 0.0055  reward_min: -0.3022  value_loss: 0.5143
Step:  1280000  |  score: 103.22 ± 13.93  |  actor_loss: -0.4028  cost_loss: 1.3800  q_loss: 0.0028  reward_max: 0.0642  reward_mean: -0.0012  reward_min: -1.6005  value_loss: 0.4676
Step:  1290000  |  score: 105.47 ± 11.32  |  actor_loss: -0.2545  cost_loss: 1.3805  q_loss: 0.0048  reward_max: 0.1199  reward_mean: -0.0091  reward_min: -3.9776  value_loss: 0.3983
Step:  1300000  |  score: 104.11 ± 10.48  |  actor_loss: -0.2288  cost_loss: 1.3805  q_loss: 0.0040  reward_max: 0.1309  reward_mean: -0.0037  reward_min: -1.9822  value_loss: 0.4174
Step:  1310000  |  score: 111.44 ± 0.62  |  actor_loss: -0.1349  cost_loss: 1.3826  q_loss: 0.0013  reward_max: 0.1406  reward_mean: 0.0050  reward_min: -0.3348  value_loss: 0.5029
Step:  1320000  |  score: 103.52 ± 17.07  |  actor_loss: -0.2052  cost_loss: 1.3806  q_loss: 0.0025  reward_max: 0.0842  reward_mean: 0.0002  reward_min: -2.2194  value_loss: 0.4518
Step:  1330000  |  score: 110.89 ± 0.38  |  actor_loss: -0.2895  cost_loss: 1.3828  q_loss: 0.0017  reward_max: 0.0639  reward_mean: 0.0043  reward_min: -0.1163  value_loss: 0.5142
Step:  1340000  |  score: 99.19 ± 21.14  |  actor_loss: -0.3004  cost_loss: 1.3802  q_loss: 0.0046  reward_max: 0.0647  reward_mean: -0.0015  reward_min: -1.9944  value_loss: 0.4088
Step:  1350000  |  score: 112.12 ± 0.68  |  actor_loss: -0.2645  cost_loss: 1.3811  q_loss: 0.0017  reward_max: 0.0956  reward_mean: -0.0082  reward_min: -4.9347  value_loss: 0.4821
Step:  1360000  |  score: 111.26 ± 0.64  |  actor_loss: -0.1393  cost_loss: 1.3802  q_loss: 0.0029  reward_max: 0.0697  reward_mean: -0.0023  reward_min: -2.1705  value_loss: 0.4104
Step:  1370000  |  score: 85.93 ± 20.98  |  actor_loss: -0.2447  cost_loss: 1.3819  q_loss: 0.0015  reward_max: 0.0656  reward_mean: 0.0029  reward_min: -0.1183  value_loss: 0.5411
Step:  1380000  |  score: 110.24 ± 3.87  |  actor_loss: -0.3732  cost_loss: 1.3815  q_loss: 0.0034  reward_max: 0.0428  reward_mean: 0.0027  reward_min: -1.4421  value_loss: 0.5305
Step:  1390000  |  score: 111.50 ± 0.78  |  actor_loss: -0.2277  cost_loss: 1.3809  q_loss: 0.0025  reward_max: 0.0465  reward_mean: -0.0004  reward_min: -3.4319  value_loss: 0.5128
Step:  1400000  |  score: 96.49 ± 27.80  |  actor_loss: -0.3054  cost_loss: 1.3817  q_loss: 0.0027  reward_max: 0.0906  reward_mean: -0.0004  reward_min: -1.9388  value_loss: 0.4791
Step:  1410000  |  score: 111.78 ± 1.12  |  actor_loss: -0.2366  cost_loss: 1.3816  q_loss: 0.0017  reward_max: 0.1440  reward_mean: 0.0048  reward_min: -0.2834  value_loss: 0.5410
Step:  1420000  |  score: 103.09 ± 23.84  |  actor_loss: -0.2988  cost_loss: 1.3805  q_loss: 0.0062  reward_max: 0.0641  reward_mean: -0.0035  reward_min: -3.0275  value_loss: 0.4620
Step:  1430000  |  score: 111.42 ± 0.86  |  actor_loss: -0.1837  cost_loss: 1.3826  q_loss: 0.0017  reward_max: 0.0555  reward_mean: 0.0046  reward_min: -0.1386  value_loss: 0.5334
Step:  1440000  |  score: 111.06 ± 0.47  |  actor_loss: -0.4404  cost_loss: 1.3821  q_loss: 0.0013  reward_max: 0.0734  reward_mean: 0.0012  reward_min: -0.1245  value_loss: 0.5447
Step:  1450000  |  score: 99.50 ± 24.37  |  actor_loss: -0.4232  cost_loss: 1.3807  q_loss: 0.0058  reward_max: 0.1536  reward_mean: -0.0002  reward_min: -1.6392  value_loss: 0.5091
Step:  1460000  |  score: 101.35 ± 19.76  |  actor_loss: -0.1700  cost_loss: 1.3834  q_loss: 0.0028  reward_max: 0.1289  reward_mean: 0.0032  reward_min: -0.4996  value_loss: 0.5290
Step:  1470000  |  score: 105.67 ± 16.06  |  actor_loss: -0.3098  cost_loss: 1.3823  q_loss: 0.0024  reward_max: 0.1582  reward_mean: 0.0031  reward_min: -0.1700  value_loss: 0.5561
Step:  1480000  |  score: 99.82 ± 20.69  |  actor_loss: -0.3343  cost_loss: 1.3835  q_loss: 0.0016  reward_max: 0.0599  reward_mean: 0.0036  reward_min: -0.0960  value_loss: 0.5318
Step:  1490000  |  score: 112.93 ± 2.03  |  actor_loss: -0.3477  cost_loss: 1.3821  q_loss: 0.0021  reward_max: 0.0842  reward_mean: -0.0035  reward_min: -3.4880  value_loss: 0.4949
Step:  1500000  |  score: 100.44 ± 12.08  |  actor_loss: -0.2526  cost_loss: 1.3819  q_loss: 0.0024  reward_max: 0.0733  reward_mean: 0.0022  reward_min: -1.4268  value_loss: 0.5135
Step:  1510000  |  score: 93.44 ± 30.82  |  actor_loss: -0.0766  cost_loss: 1.3799  q_loss: 0.0021  reward_max: 0.0542  reward_mean: -0.0061  reward_min: -3.2705  value_loss: 0.4958
Step:  1520000  |  score: 86.87 ± 31.97  |  actor_loss: -0.1827  cost_loss: 1.3817  q_loss: 0.0016  reward_max: 0.0810  reward_mean: 0.0027  reward_min: -0.2251  value_loss: 0.5817
Step:  1530000  |  score: 104.93 ± 17.36  |  actor_loss: -0.3260  cost_loss: 1.3802  q_loss: 0.0053  reward_max: 0.1037  reward_mean: -0.0109  reward_min: -3.3246  value_loss: 0.4839
Step:  1540000  |  score: 98.94 ± 22.22  |  actor_loss: -0.2224  cost_loss: 1.3816  q_loss: 0.0024  reward_max: 0.0841  reward_mean: 0.0023  reward_min: -0.1940  value_loss: 0.5646
Step:  1550000  |  score: 100.78 ± 15.88  |  actor_loss: -0.2601  cost_loss: 1.3803  q_loss: 0.0018  reward_max: 0.0885  reward_mean: -0.0052  reward_min: -5.3262  value_loss: 0.4950
Step:  1560000  |  score: 100.39 ± 15.60  |  actor_loss: -0.2643  cost_loss: 1.3831  q_loss: 0.0017  reward_max: 0.0427  reward_mean: 0.0039  reward_min: -0.1052  value_loss: 0.5870
Step:  1570000  |  score: 103.65 ± 11.51  |  actor_loss: -0.1709  cost_loss: 1.3812  q_loss: 0.0024  reward_max: 0.0691  reward_mean: 0.0040  reward_min: -0.4042  value_loss: 0.5162
Step:  1580000  |  score: 107.94 ± 7.55  |  actor_loss: -0.2860  cost_loss: 1.3807  q_loss: 0.0023  reward_max: 0.0621  reward_mean: 0.0009  reward_min: -1.4543  value_loss: 0.5349
Step:  1590000  |  score: 99.57 ± 16.33  |  actor_loss: -0.2229  cost_loss: 1.3807  q_loss: 0.0027  reward_max: 0.0838  reward_mean: -0.0029  reward_min: -3.5656  value_loss: 0.4803
Step:  1600000  |  score: 110.33 ± 4.65  |  actor_loss: -0.1295  cost_loss: 1.3781  q_loss: 0.0037  reward_max: 0.0783  reward_mean: -0.0130  reward_min: -4.0724  value_loss: 0.4494
Step:  1610000  |  score: 106.98 ± 12.52  |  actor_loss: -0.3262  cost_loss: 1.3823  q_loss: 0.0017  reward_max: 0.1626  reward_mean: 0.0031  reward_min: -0.0483  value_loss: 0.5531
Step:  1620000  |  score: 111.73 ± 1.04  |  actor_loss: -0.2033  cost_loss: 1.3806  q_loss: 0.0023  reward_max: 0.1741  reward_mean: -0.0048  reward_min: -2.1620  value_loss: 0.5027
Step:  1630000  |  score: 108.05 ± 10.93  |  actor_loss: -0.2406  cost_loss: 1.3797  q_loss: 0.0035  reward_max: 0.0399  reward_mean: -0.0067  reward_min: -3.5758  value_loss: 0.4738
Step:  1640000  |  score: 111.71 ± 0.88  |  actor_loss: -0.2357  cost_loss: 1.3812  q_loss: 0.0024  reward_max: 0.0655  reward_mean: 0.0020  reward_min: -0.1090  value_loss: 0.5416
Step:  1650000  |  score: 111.18 ± 0.45  |  actor_loss: -0.2307  cost_loss: 1.3795  q_loss: 0.0051  reward_max: 0.0693  reward_mean: -0.0064  reward_min: -2.6169  value_loss: 0.4823
Step:  1660000  |  score: 109.06 ± 6.07  |  actor_loss: -0.2996  cost_loss: 1.3815  q_loss: 0.0019  reward_max: 0.0501  reward_mean: 0.0038  reward_min: -0.1702  value_loss: 0.5287
Step:  1670000  |  score: 107.26 ± 9.51  |  actor_loss: -0.4054  cost_loss: 1.3811  q_loss: 0.0027  reward_max: 0.0772  reward_mean: 0.0015  reward_min: -1.8130  value_loss: 0.5107
Step:  1680000  |  score: 102.89 ± 13.69  |  actor_loss: -0.3062  cost_loss: 1.3818  q_loss: 0.0021  reward_max: 0.0454  reward_mean: 0.0048  reward_min: -0.1287  value_loss: 0.5430
Step:  1690000  |  score: 87.75 ± 25.78  |  actor_loss: -0.3357  cost_loss: 1.3793  q_loss: 0.0020  reward_max: 0.1568  reward_mean: -0.0038  reward_min: -3.5198  value_loss: 0.5266
Step:  1700000  |  score: 111.75 ± 0.57  |  actor_loss: -0.2157  cost_loss: 1.3816  q_loss: 0.0030  reward_max: 0.0657  reward_mean: 0.0040  reward_min: -0.6481  value_loss: 0.5181
Step:  1710000  |  score: 108.00 ± 6.99  |  actor_loss: -0.3602  cost_loss: 1.3804  q_loss: 0.0018  reward_max: 0.0424  reward_mean: -0.0020  reward_min: -1.4516  value_loss: 0.5216
Step:  1720000  |  score: 97.51 ± 23.46  |  actor_loss: -0.3679  cost_loss: 1.3824  q_loss: 0.0017  reward_max: 0.0889  reward_mean: 0.0054  reward_min: -0.1930  value_loss: 0.5536
Step:  1730000  |  score: 111.90 ± 1.03  |  actor_loss: -0.2184  cost_loss: 1.3819  q_loss: 0.0019  reward_max: 0.0694  reward_mean: -0.0002  reward_min: -1.6007  value_loss: 0.5040
Step:  1740000  |  score: 102.69 ± 23.77  |  actor_loss: -0.3071  cost_loss: 1.3824  q_loss: 0.0014  reward_max: 0.0584  reward_mean: 0.0047  reward_min: -0.1473  value_loss: 0.5514
Step:  1750000  |  score: 97.97 ± 24.32  |  actor_loss: -0.2012  cost_loss: 1.3815  q_loss: 0.0015  reward_max: 0.0524  reward_mean: 0.0033  reward_min: -0.3692  value_loss: 0.5688
Step:  1760000  |  score: 88.05 ± 21.92  |  actor_loss: -0.1969  cost_loss: 1.3811  q_loss: 0.0022  reward_max: 0.1129  reward_mean: -0.0076  reward_min: -4.3806  value_loss: 0.4836
Step:  1770000  |  score: 111.72 ± 0.67  |  actor_loss: -0.2473  cost_loss: 1.3811  q_loss: 0.0024  reward_max: 0.0396  reward_mean: 0.0035  reward_min: -0.1536  value_loss: 0.5188
Step:  1780000  |  score: 109.67 ± 6.24  |  actor_loss: -0.2151  cost_loss: 1.3826  q_loss: 0.0015  reward_max: 0.0394  reward_mean: 0.0038  reward_min: -0.0894  value_loss: 0.5624
Step:  1790000  |  score: 111.39 ± 0.63  |  actor_loss: -0.2209  cost_loss: 1.3814  q_loss: 0.0022  reward_max: 0.0486  reward_mean: -0.0020  reward_min: -2.1093  value_loss: 0.5176
Step:  1800000  |  score: 105.19 ± 10.83  |  actor_loss: -0.2413  cost_loss: 1.3803  q_loss: 0.0021  reward_max: 0.0597  reward_mean: -0.0033  reward_min: -3.0546  value_loss: 0.4807
Step:  1810000  |  score: 103.90 ± 11.12  |  actor_loss: -0.2910  cost_loss: 1.3818  q_loss: 0.0016  reward_max: 0.0797  reward_mean: 0.0029  reward_min: -0.2674  value_loss: 0.5280
Step:  1820000  |  score: 111.82 ± 0.69  |  actor_loss: -0.3592  cost_loss: 1.3800  q_loss: 0.0015  reward_max: 0.0501  reward_mean: 0.0012  reward_min: -1.4703  value_loss: 0.5307
Step:  1830000  |  score: 108.49 ± 7.68  |  actor_loss: -0.3734  cost_loss: 1.3827  q_loss: 0.0020  reward_max: 0.1072  reward_mean: 0.0030  reward_min: -0.1922  value_loss: 0.5798
Step:  1840000  |  score: 101.70 ± 23.61  |  actor_loss: -0.3209  cost_loss: 1.3812  q_loss: 0.0029  reward_max: 0.0765  reward_mean: 0.0010  reward_min: -1.9385  value_loss: 0.4808
Step:  1850000  |  score: 99.57 ± 23.77  |  actor_loss: -0.2824  cost_loss: 1.3808  q_loss: 0.0018  reward_max: 0.1023  reward_mean: -0.0036  reward_min: -3.5638  value_loss: 0.4776
Step:  1860000  |  score: 109.64 ± 5.81  |  actor_loss: -0.3401  cost_loss: 1.3812  q_loss: 0.0023  reward_max: 0.0837  reward_mean: 0.0012  reward_min: -1.5036  value_loss: 0.5178
Step:  1870000  |  score: 111.15 ± 0.33  |  actor_loss: -0.3363  cost_loss: 1.3805  q_loss: 0.0025  reward_max: 0.1021  reward_mean: 0.0020  reward_min: -2.1415  value_loss: 0.4899
Step:  1880000  |  score: 104.71 ± 13.64  |  actor_loss: -0.2640  cost_loss: 1.3791  q_loss: 0.0022  reward_max: 0.0799  reward_mean: -0.0056  reward_min: -2.8222  value_loss: 0.4802
Step:  1890000  |  score: 106.73 ± 12.36  |  actor_loss: -0.2770  cost_loss: 1.3818  q_loss: 0.0021  reward_max: 0.0757  reward_mean: -0.0018  reward_min: -3.7127  value_loss: 0.5271
Step:  1900000  |  score: 110.61 ± 0.28  |  actor_loss: -0.3638  cost_loss: 1.3822  q_loss: 0.0021  reward_max: 0.0575  reward_mean: 0.0034  reward_min: -0.7216  value_loss: 0.5411
Step:  1910000  |  score: 111.58 ± 0.99  |  actor_loss: -0.0769  cost_loss: 1.3829  q_loss: 0.0019  reward_max: 0.0442  reward_mean: 0.0071  reward_min: -0.1286  value_loss: 0.5286
Step:  1920000  |  score: 106.35 ± 12.95  |  actor_loss: -0.2669  cost_loss: 1.3819  q_loss: 0.0031  reward_max: 0.1206  reward_mean: 0.0022  reward_min: -1.5304  value_loss: 0.5321
Step:  1930000  |  score: 105.62 ± 15.66  |  actor_loss: -0.2176  cost_loss: 1.3789  q_loss: 0.0088  reward_max: 0.0477  reward_mean: -0.0183  reward_min: -3.6121  value_loss: 0.3805
Step:  1940000  |  score: 85.06 ± 26.02  |  actor_loss: -0.3378  cost_loss: 1.3792  q_loss: 0.0045  reward_max: 0.0669  reward_mean: -0.0167  reward_min: -3.1126  value_loss: 0.3893
Step:  1950000  |  score: 110.18 ± 3.36  |  actor_loss: -0.3295  cost_loss: 1.3814  q_loss: 0.0016  reward_max: 0.0513  reward_mean: 0.0001  reward_min: -0.8156  value_loss: 0.5121
Step:  1960000  |  score: 112.22 ± 1.59  |  actor_loss: -0.3815  cost_loss: 1.3810  q_loss: 0.0048  reward_max: 0.1227  reward_mean: -0.0058  reward_min: -3.9806  value_loss: 0.4886
Step:  1970000  |  score: 91.68 ± 25.05  |  actor_loss: -0.4059  cost_loss: 1.3794  q_loss: 0.0027  reward_max: 0.0420  reward_mean: -0.0055  reward_min: -2.5875  value_loss: 0.3954
Step:  1980000  |  score: 104.61 ± 17.39  |  actor_loss: -0.2870  cost_loss: 1.3816  q_loss: 0.0020  reward_max: 0.0956  reward_mean: 0.0028  reward_min: -1.5586  value_loss: 0.5204
Step:  1990000  |  score: 107.17 ± 14.97  |  actor_loss: -0.3086  cost_loss: 1.3826  q_loss: 0.0022  reward_max: 0.0628  reward_mean: 0.0028  reward_min: -0.3836  value_loss: 0.4995
Step:  2000000  |  score: 104.71 ± 14.54  |  actor_loss: -0.3257  cost_loss: 1.3812  q_loss: 0.0015  reward_max: 0.0478  reward_mean: -0.0012  reward_min: -3.3286  value_loss: 0.5267
Final evaluation (13 iterations)...
Final score: 108.64 ± 10.53
wandb: WARNING Symlinked 1 file into the W&B run directory; call wandb.save again to sync new files.
wandb: uploading data; updating run metadata
wandb: uploading data
wandb: uploading data; uploading final_returns/bdemodice_hopper-expert-v2_2026-03-18_09-56-47.npz; uploading output.log; uploading wandb-summary.json; uploading config.yaml
wandb: uploading data; uploading final_returns/bdemodice_hopper-expert-v2_2026-03-18_09-56-47.npz; uploading output.log; uploading config.yaml
wandb: uploading data
wandb: uploading summary, console lines 214-215
wandb: 
wandb: Run history:
wandb:  actor_loss █▆▅▄▅▅▃▃▂▂▄▂▂▃▃▃▂▂▁▄▅▃▂▂▂▂▂▂▁▁▂▂▄▃▃▁▁▂▂▂
wandb:   cost_loss ▇█▆▅▂▆▄▄▆▄▄▄▆▇▆▇▃▄▅▆▅▇▄▄▅▅▄▄▅▅▇▁▅▆▅▅▄▂▂▅
wandb: num_updates ▁▁▁▁▂▂▂▂▂▂▃▃▃▃▃▄▄▄▄▄▅▅▅▅▅▅▅▆▆▆▇▇▇▇▇▇████
wandb:      q_loss ▂▂▆▂█▁▂▁▂▂▁▂▂▃▁▅▁▃▂▂▁▂▁▂▂▃▂▁▄▂▁▃▁▂▃▂▁▂▂▂
wandb:      return ▁▂▅▂▆█▇▇██▇▆▅▇▇█▇█▅█▆█▇██▇█▅██▇█▇█▇██▇██
wandb:  reward_max ▇▆▅█▄▄▄▂▂▂▂▂▆▄▄▅▁▃▄▂▄▃▂▂▃▇▁▆▅▂▄▂▁▁▂▂▃▄▃▁
wandb: reward_mean ▁▇▇▇▆█▇▄▆▆▆▆▇▆▆▇▆▆▆▆▆▆▆▇▆▆▆▆▆▆▅▅▅▆▆▆▆▆▇▅
wandb:  reward_min ▇▄█▃▆▅█▃█▅▄▄▆▄█▅▂█▅▆▆██▆▁█▄█▁▅▃█▆▁█▆█▅▄▇
wandb:       score ▁▅▂▄█▇███████▇▇█▆██▇▇▆▆█▇█▇▅█▆▇▇▆▇▇▇███▇
wandb:   score_std ▆▃▆▅▅▁█▅▁▅▃▁▆▄▂▇▄▇▄▁▁▁▃▃▁▆▁▅▄▄▄▄▁▁▂▂▁▁▃▁
wandb:          +1 ...
wandb: 
wandb: Run summary:
wandb:  actor_loss -0.32566
wandb:   cost_loss 1.38116
wandb: num_updates 2000000
wandb:      q_loss 0.00151
wandb:      return 3387.55818
wandb:  reward_max 0.0478
wandb: reward_mean -0.00125
wandb:  reward_min -3.32862
wandb:       score 104.70901
wandb:   score_std 14.53673
wandb:          +1 ...
wandb: 
wandb: 🚀 View run bdemodice_hopper_M1_s2 at: https://wandb.ai/wsk208/DemoDICE/runs/quu695bm
wandb: ⭐️ View project at: https://wandb.ai/wsk208/DemoDICE
wandb: Synced 5 W&B file(s), 0 media file(s), 0 artifact file(s) and 1 other file(s)
wandb: Find logs at: ./wandb/run-20260318_093159-quu695bm/logs
