Warning: All of online environments libraries in D4RL have been moved ]8;;https://github.com/Farama-Foundation/Gymnasium\Gymnasium]8;;\, ]8;;https://github.com/Farama-Foundation/MiniGrid\MiniGrid]8;;\ and ]8;;https://github.com/Farama-Foundation/Gymnasium-Robotics\Gymnasium-Robotics]8;;\, and all offline datasets in D4RL have been moved to ]8;;https://github.com/Farama-Foundation/Minari\Minari]8;;\.
These new versions include large bug fixes, new versions of Python, and are where all new development will continue. Please upgrade these libraries as soon as you're able to do so.
If you'd like to read more about the story behind this switch, please check out ]8;;https://farama.org/Announcing-Minari\this blog post]8;;\.
Gym has been unmaintained since 2022 and does not support NumPy 2.0 amongst other critical functionality.
Please upgrade to Gymnasium, the maintained drop-in replacement of Gym, or contact the authors of your software and request that they upgrade.
See the migration guide at https://gymnasium.farama.org/introduction/migration_guide/ for additional information.
/opt/venv/lib/python3.10/site-packages/Cython/Distutils/old_build_ext.py:15: DeprecationWarning: dep_util is Deprecated. Use functions from setuptools instead.
  from distutils.dep_util import newer, newer_group
<frozen importlib._bootstrap>:283: DeprecationWarning: the load_module() method is deprecated and slated for removal in Python 3.12; use exec_module() instead
pybullet build time: Jan 29 2025 23:16:28
wandb: [wandb.login()] Loaded credentials for https://api.wandb.ai from /root/.netrc.
wandb: Currently logged in as: wsk208 to https://api.wandb.ai. Use `wandb login --relogin` to force relogin
/opt/venv/lib/python3.10/site-packages/wandb/analytics/sentry.py:268: DeprecationWarning: Read the `app_url` setting from the appropriate Settings object.
  app_url = wandb.util.app_url(tags["base_url"])  # type: ignore[index]
/opt/venv/lib/python3.10/site-packages/wandb/analytics/sentry.py:279: DeprecationWarning: The `Scope.user` setter is deprecated in favor of `Scope.set_user()`.
  self.scope.user = {"email": email}
wandb: setting up run joer7ykc
/opt/venv/lib/python3.10/site-packages/wandb/analytics/sentry.py:268: DeprecationWarning: Read the `app_url` setting from the appropriate Settings object.
  app_url = wandb.util.app_url(tags["base_url"])  # type: ignore[index]
/opt/venv/lib/python3.10/site-packages/wandb/analytics/sentry.py:279: DeprecationWarning: The `Scope.user` setter is deprecated in favor of `Scope.set_user()`.
  self.scope.user = {"email": email}
wandb: Tracking run with wandb version 0.25.1
wandb: Run data is saved locally in /app/wandb/run-20260318_162953-joer7ykc
wandb: Run `wandb offline` to turn off syncing.
wandb: Syncing run bdemodice_walker2d_M1_s0
wandb: ⭐️ View project at https://wandb.ai/wsk208/DemoDICE
wandb: 🚀 View run at https://wandb.ai/wsk208/DemoDICE/runs/joer7ykc
/opt/venv/lib/python3.10/site-packages/gym/spaces/box.py:84: UserWarning: [33mWARN: Box bound precision lowered by casting to float32[0m
  logger.warn(f"Box bound precision lowered by casting to {self.dtype}")
load datafile:   0%|          | 0/21 [00:00<?, ?it/s]load datafile:   5%|▍         | 1/21 [00:00<00:03,  5.91it/s]load datafile:  14%|█▍        | 3/21 [00:00<00:03,  5.24it/s]load datafile:  19%|█▉        | 4/21 [00:00<00:04,  3.98it/s]load datafile:  81%|████████  | 17/21 [00:01<00:00, 15.43it/s]load datafile:  90%|█████████ | 19/21 [00:01<00:00, 10.76it/s]load datafile: 100%|██████████| 21/21 [00:01<00:00, 11.14it/s]
Expert  :  999000 transitions  (walker2d-expert-v2, 400 traj)
load datafile:   0%|          | 0/9 [00:00<?, ?it/s]load datafile:  11%|█         | 1/9 [00:00<00:01,  6.55it/s]load datafile:  33%|███▎      | 3/9 [00:00<00:01,  5.49it/s]load datafile:  44%|████▍     | 4/9 [00:00<00:01,  4.11it/s]load datafile:  56%|█████▌    | 5/9 [00:01<00:01,  3.23it/s]load datafile:  67%|██████▋   | 6/9 [00:01<00:01,  2.82it/s]load datafile: 100%|██████████| 9/9 [00:01<00:00,  4.95it/s]
Imperfect:    2073 transitions  (walker2d-random-v2, 100 traj)
Union   : 1001073 transitions total
/root/.local/share/uv/python/cpython-3.10-linux-x86_64-gnu/lib/python3.10/multiprocessing/popen_fork.py:66: RuntimeWarning: os.fork() was called. os.fork() is incompatible with multithreaded code, and JAX is multithreaded, so this will likely lead to a deadlock.
  self.pid = os.fork()
/opt/venv/lib/python3.10/site-packages/tensorflow_probability/python/internal/backend/jax/ops.py:681: DeprecationWarning: jax.interpreters.xla.pytype_aval_mappings is deprecated.
  jax.interpreters.xla.pytype_aval_mappings[onp.ndarray])
/opt/venv/lib/python3.10/site-packages/gym/spaces/box.py:84: UserWarning: [33mWARN: Box bound precision lowered by casting to float32[0m
  logger.warn(f"Box bound precision lowered by casting to {self.dtype}")
Step:    10000  |  score: 36.30 ± 12.33  |  actor_loss: 3.9114  cost_loss: 1.3796  q_loss: 0.0131  reward_max: 0.1423  reward_mean: -0.0074  reward_min: -2.7640  value_loss: 0.1640
Step:    20000  |  score: 106.85 ± 0.26  |  actor_loss: 2.2700  cost_loss: 1.3835  q_loss: 0.0023  reward_max: 0.1541  reward_mean: 0.0009  reward_min: -0.1804  value_loss: 0.2900
Step:    30000  |  score: 29.61 ± 30.23  |  actor_loss: 0.7065  cost_loss: 1.3829  q_loss: 0.0014  reward_max: 0.1128  reward_mean: -0.0020  reward_min: -0.1627  value_loss: 0.4052
Step:    40000  |  score: 108.23 ± 0.32  |  actor_loss: -0.6335  cost_loss: 1.3820  q_loss: 0.0164  reward_max: 0.1353  reward_mean: -0.0003  reward_min: -1.3698  value_loss: 0.4895
Step:    50000  |  score: 106.99 ± 0.80  |  actor_loss: -1.5346  cost_loss: 1.3803  q_loss: 0.0042  reward_max: 0.0789  reward_mean: 0.0007  reward_min: -1.5800  value_loss: 0.4999
Step:    60000  |  score: 108.42 ± 0.20  |  actor_loss: -1.9635  cost_loss: 1.3829  q_loss: 0.0078  reward_max: 0.1157  reward_mean: -0.0052  reward_min: -4.5832  value_loss: 0.4997
Step:    70000  |  score: 106.60 ± 1.25  |  actor_loss: -1.9318  cost_loss: 1.3829  q_loss: 0.0020  reward_max: 0.1850  reward_mean: 0.0092  reward_min: -0.0921  value_loss: 0.5478
Step:    80000  |  score: 108.38 ± 0.38  |  actor_loss: -2.2968  cost_loss: 1.3831  q_loss: 0.0023  reward_max: 0.0990  reward_mean: 0.0090  reward_min: -0.1208  value_loss: 0.5684
Step:    90000  |  score: 108.24 ± 0.14  |  actor_loss: -1.9456  cost_loss: 1.3824  q_loss: 0.0280  reward_max: 0.0822  reward_mean: -0.0050  reward_min: -4.2033  value_loss: 0.5657
Step:   100000  |  score: 108.07 ± 0.21  |  actor_loss: -2.2038  cost_loss: 1.3821  q_loss: 0.0014  reward_max: 0.0827  reward_mean: 0.0037  reward_min: -0.0839  value_loss: 0.6104
Step:   110000  |  score: 107.71 ± 0.49  |  actor_loss: -2.3007  cost_loss: 1.3804  q_loss: 0.0181  reward_max: 0.0864  reward_mean: -0.0134  reward_min: -3.0716  value_loss: 0.5550
Step:   120000  |  score: 108.00 ± 0.34  |  actor_loss: -2.2528  cost_loss: 1.3784  q_loss: 0.0512  reward_max: 0.0878  reward_mean: -0.0274  reward_min: -3.9023  value_loss: 0.5294
Step:   130000  |  score: 108.02 ± 0.30  |  actor_loss: -2.0693  cost_loss: 1.3802  q_loss: 0.0042  reward_max: 0.0461  reward_mean: -0.0105  reward_min: -2.8388  value_loss: 0.6081
Step:   140000  |  score: 107.06 ± 0.93  |  actor_loss: -2.2565  cost_loss: 1.3797  q_loss: 0.0139  reward_max: 0.0529  reward_mean: -0.0120  reward_min: -4.1144  value_loss: 0.5156
Step:   150000  |  score: 97.59 ± 27.41  |  actor_loss: -2.1442  cost_loss: 1.3810  q_loss: 0.0038  reward_max: 0.0679  reward_mean: -0.0098  reward_min: -3.8989  value_loss: 0.5893
Step:   160000  |  score: 108.16 ± 0.44  |  actor_loss: -2.3533  cost_loss: 1.3833  q_loss: 0.0060  reward_max: 0.0416  reward_mean: 0.0042  reward_min: -0.1000  value_loss: 0.6454
Step:   170000  |  score: 97.67 ± 27.45  |  actor_loss: -2.3426  cost_loss: 1.3824  q_loss: 0.0016  reward_max: 0.0909  reward_mean: -0.0078  reward_min: -0.0956  value_loss: 0.6065
Step:   180000  |  score: 65.59 ± 41.68  |  actor_loss: -2.1181  cost_loss: 1.3812  q_loss: 0.0027  reward_max: 0.1024  reward_mean: -0.0137  reward_min: -5.0744  value_loss: 0.5723
Step:   190000  |  score: 108.20 ± 0.38  |  actor_loss: -2.3843  cost_loss: 1.3809  q_loss: 0.0070  reward_max: 0.0896  reward_mean: 0.0080  reward_min: -4.4246  value_loss: 0.5056
Step:   200000  |  score: 86.75 ± 35.92  |  actor_loss: -2.3287  cost_loss: 1.3819  q_loss: 0.0012  reward_max: 0.1189  reward_mean: 0.0090  reward_min: -0.2045  value_loss: 0.6240
Step:   210000  |  score: 76.37 ± 40.54  |  actor_loss: -2.4275  cost_loss: 1.3816  q_loss: 0.0019  reward_max: 0.1010  reward_mean: 0.0053  reward_min: -0.1145  value_loss: 0.6163
Step:   220000  |  score: 108.62 ± 0.27  |  actor_loss: -2.2262  cost_loss: 1.3808  q_loss: 0.0076  reward_max: 0.1250  reward_mean: 0.0020  reward_min: -5.6029  value_loss: 0.5447
Step:   230000  |  score: 107.00 ± 0.42  |  actor_loss: -2.5144  cost_loss: 1.3805  q_loss: 0.0112  reward_max: 0.0762  reward_mean: -0.0005  reward_min: -4.5256  value_loss: 0.6026
Step:   240000  |  score: 108.52 ± 0.24  |  actor_loss: -2.1622  cost_loss: 1.3806  q_loss: 0.0341  reward_max: 0.0870  reward_mean: -0.0173  reward_min: -5.6291  value_loss: 0.5078
Step:   250000  |  score: 107.98 ± 0.24  |  actor_loss: -2.4114  cost_loss: 1.3824  q_loss: 0.0015  reward_max: 0.0825  reward_mean: 0.0023  reward_min: -0.1677  value_loss: 0.5700
Step:   260000  |  score: 108.35 ± 0.27  |  actor_loss: -2.3393  cost_loss: 1.3814  q_loss: 0.0050  reward_max: 0.1008  reward_mean: 0.0044  reward_min: -1.1100  value_loss: 0.5900
Step:   270000  |  score: 108.19 ± 0.33  |  actor_loss: -2.2439  cost_loss: 1.3820  q_loss: 0.0018  reward_max: 0.1529  reward_mean: 0.0220  reward_min: -0.0608  value_loss: 0.5324
Step:   280000  |  score: 107.80 ± 0.13  |  actor_loss: -2.7719  cost_loss: 1.3813  q_loss: 0.0139  reward_max: 0.0731  reward_mean: -0.0078  reward_min: -3.9631  value_loss: 0.5476
Step:   290000  |  score: 107.93 ± 0.27  |  actor_loss: -2.5863  cost_loss: 1.3823  q_loss: 0.0030  reward_max: 0.0450  reward_mean: 0.0041  reward_min: -1.4402  value_loss: 0.5411
Step:   300000  |  score: 108.10 ± 0.38  |  actor_loss: -2.3048  cost_loss: 1.3827  q_loss: 0.0077  reward_max: 0.0979  reward_mean: 0.0110  reward_min: -2.8407  value_loss: 0.5259
Step:   310000  |  score: 97.67 ± 27.87  |  actor_loss: -2.5017  cost_loss: 1.3826  q_loss: 0.0028  reward_max: 0.0629  reward_mean: 0.0068  reward_min: -0.0980  value_loss: 0.5705
Step:   320000  |  score: 77.22 ± 41.64  |  actor_loss: -2.4847  cost_loss: 1.3783  q_loss: 0.0045  reward_max: 0.0767  reward_mean: -0.0253  reward_min: -6.4330  value_loss: 0.4359
Step:   330000  |  score: 108.78 ± 0.21  |  actor_loss: -2.5458  cost_loss: 1.3816  q_loss: 0.0048  reward_max: 0.1178  reward_mean: -0.0026  reward_min: -5.7269  value_loss: 0.5434
Step:   340000  |  score: 98.60 ± 26.10  |  actor_loss: -2.5576  cost_loss: 1.3824  q_loss: 0.0026  reward_max: 0.1032  reward_mean: 0.0063  reward_min: -0.1602  value_loss: 0.5220
Step:   350000  |  score: 87.45 ± 36.82  |  actor_loss: -2.6132  cost_loss: 1.3827  q_loss: 0.0018  reward_max: 0.0777  reward_mean: 0.0033  reward_min: -0.1356  value_loss: 0.5636
Step:   360000  |  score: 98.06 ± 26.55  |  actor_loss: -2.6434  cost_loss: 1.3826  q_loss: 0.0018  reward_max: 0.0681  reward_mean: 0.0102  reward_min: -0.1516  value_loss: 0.5566
Step:   370000  |  score: 108.15 ± 0.25  |  actor_loss: -2.1929  cost_loss: 1.3803  q_loss: 0.0223  reward_max: 0.0584  reward_mean: 0.0016  reward_min: -6.7323  value_loss: 0.5238
Step:   380000  |  score: 108.25 ± 0.47  |  actor_loss: -2.4540  cost_loss: 1.3835  q_loss: 0.0033  reward_max: 0.0606  reward_mean: 0.0045  reward_min: -0.0965  value_loss: 0.5404
Step:   390000  |  score: 107.89 ± 0.25  |  actor_loss: -2.5204  cost_loss: 1.3812  q_loss: 0.0147  reward_max: 0.0691  reward_mean: -0.0006  reward_min: -1.4633  value_loss: 0.5222
Step:   400000  |  score: 106.68 ± 1.40  |  actor_loss: -2.3995  cost_loss: 1.3807  q_loss: 0.0086  reward_max: 0.0799  reward_mean: -0.0041  reward_min: -5.2098  value_loss: 0.4316
Step:   410000  |  score: 108.05 ± 0.63  |  actor_loss: -2.6040  cost_loss: 1.3798  q_loss: 0.0126  reward_max: 0.0756  reward_mean: -0.0065  reward_min: -2.8489  value_loss: 0.4483
Step:   420000  |  score: 108.60 ± 0.39  |  actor_loss: -2.2908  cost_loss: 1.3783  q_loss: 0.0390  reward_max: 0.1162  reward_mean: -0.0195  reward_min: -6.3478  value_loss: 0.3650
Step:   430000  |  score: 109.29 ± 0.16  |  actor_loss: -2.4689  cost_loss: 1.3809  q_loss: 0.0075  reward_max: 0.0575  reward_mean: 0.0058  reward_min: -2.2157  value_loss: 0.4752
Step:   440000  |  score: 87.06 ± 36.66  |  actor_loss: -2.7530  cost_loss: 1.3821  q_loss: 0.0032  reward_max: 0.1070  reward_mean: -0.0016  reward_min: -3.0180  value_loss: 0.4759
Step:   450000  |  score: 98.70 ± 26.58  |  actor_loss: -2.4232  cost_loss: 1.3830  q_loss: 0.0029  reward_max: 0.0769  reward_mean: 0.0053  reward_min: -0.1004  value_loss: 0.5062
Step:   460000  |  score: 108.62 ± 0.42  |  actor_loss: -2.1977  cost_loss: 1.3803  q_loss: 0.0072  reward_max: 0.0750  reward_mean: -0.0088  reward_min: -5.1402  value_loss: 0.3979
Step:   470000  |  score: 108.53 ± 0.81  |  actor_loss: -2.7896  cost_loss: 1.3795  q_loss: 0.0308  reward_max: 0.0603  reward_mean: 0.0003  reward_min: -4.0818  value_loss: 0.4976
Step:   480000  |  score: 97.83 ± 28.47  |  actor_loss: -2.6162  cost_loss: 1.3812  q_loss: 0.0082  reward_max: 0.0688  reward_mean: -0.0135  reward_min: -4.7796  value_loss: 0.4746
Step:   490000  |  score: 108.42 ± 0.34  |  actor_loss: -2.4252  cost_loss: 1.3827  q_loss: 0.0025  reward_max: 0.1298  reward_mean: 0.0121  reward_min: -0.0838  value_loss: 0.4868
Step:   500000  |  score: 108.02 ± 0.34  |  actor_loss: -2.5105  cost_loss: 1.3827  q_loss: 0.0025  reward_max: 0.1208  reward_mean: 0.0090  reward_min: -0.0808  value_loss: 0.4778
Step:   510000  |  score: 97.48 ± 28.53  |  actor_loss: -2.3455  cost_loss: 1.3825  q_loss: 0.0028  reward_max: 0.0759  reward_mean: 0.0103  reward_min: -0.3639  value_loss: 0.4755
Step:   520000  |  score: 108.94 ± 0.29  |  actor_loss: -2.3116  cost_loss: 1.3813  q_loss: 0.0241  reward_max: 0.0924  reward_mean: -0.0054  reward_min: -3.7736  value_loss: 0.4375
Step:   530000  |  score: 109.04 ± 0.16  |  actor_loss: -2.8127  cost_loss: 1.3794  q_loss: 0.0066  reward_max: 0.0586  reward_mean: -0.0075  reward_min: -4.1023  value_loss: 0.3377
Step:   540000  |  score: 108.00 ± 0.73  |  actor_loss: -2.6627  cost_loss: 1.3825  q_loss: 0.0026  reward_max: 0.0904  reward_mean: 0.0173  reward_min: -0.2088  value_loss: 0.4959
Step:   550000  |  score: 107.84 ± 0.42  |  actor_loss: -2.4481  cost_loss: 1.3814  q_loss: 0.0189  reward_max: 0.1520  reward_mean: -0.0025  reward_min: -1.4437  value_loss: 0.5241
Step:   560000  |  score: 108.86 ± 0.11  |  actor_loss: -2.7511  cost_loss: 1.3811  q_loss: 0.0150  reward_max: 0.1292  reward_mean: 0.0003  reward_min: -2.0867  value_loss: 0.4471
Step:   570000  |  score: 107.76 ± 0.31  |  actor_loss: -2.5629  cost_loss: 1.3817  q_loss: 0.0024  reward_max: 0.1107  reward_mean: 0.0047  reward_min: -2.1320  value_loss: 0.4827
Step:   580000  |  score: 108.40 ± 0.24  |  actor_loss: -2.4874  cost_loss: 1.3812  q_loss: 0.0040  reward_max: 0.0566  reward_mean: 0.0059  reward_min: -0.0827  value_loss: 0.4461
Step:   590000  |  score: 108.30 ± 0.38  |  actor_loss: -2.3251  cost_loss: 1.3799  q_loss: 0.0032  reward_max: 0.0673  reward_mean: -0.0065  reward_min: -3.6591  value_loss: 0.3632
Step:   600000  |  score: 108.32 ± 0.35  |  actor_loss: -2.3692  cost_loss: 1.3814  q_loss: 0.0061  reward_max: 0.0520  reward_mean: -0.0084  reward_min: -1.7040  value_loss: 0.4633
Step:   610000  |  score: 108.47 ± 0.42  |  actor_loss: -2.4713  cost_loss: 1.3820  q_loss: 0.0015  reward_max: 0.0860  reward_mean: 0.0082  reward_min: -0.0796  value_loss: 0.4812
Step:   620000  |  score: 108.31 ± 0.55  |  actor_loss: -2.7515  cost_loss: 1.3809  q_loss: 0.0026  reward_max: 0.1389  reward_mean: -0.0087  reward_min: -6.2293  value_loss: 0.4502
Step:   630000  |  score: 108.31 ± 0.33  |  actor_loss: -2.5650  cost_loss: 1.3828  q_loss: 0.0024  reward_max: 0.0602  reward_mean: -0.0016  reward_min: -0.1646  value_loss: 0.5143
Step:   640000  |  score: 108.80 ± 0.21  |  actor_loss: -2.4398  cost_loss: 1.3811  q_loss: 0.0024  reward_max: 0.0706  reward_mean: 0.0131  reward_min: -3.0093  value_loss: 0.4208
Step:   650000  |  score: 108.32 ± 0.37  |  actor_loss: -2.7097  cost_loss: 1.3831  q_loss: 0.0023  reward_max: 0.1410  reward_mean: -0.0015  reward_min: -0.0939  value_loss: 0.5002
Step:   660000  |  score: 108.02 ± 0.34  |  actor_loss: -2.5952  cost_loss: 1.3789  q_loss: 0.0058  reward_max: 0.0727  reward_mean: -0.0221  reward_min: -5.9854  value_loss: 0.3292
Step:   670000  |  score: 107.90 ± 0.50  |  actor_loss: -2.7300  cost_loss: 1.3821  q_loss: 0.0024  reward_max: 0.0634  reward_mean: 0.0085  reward_min: -0.0968  value_loss: 0.4727
Step:   680000  |  score: 108.21 ± 0.35  |  actor_loss: -2.5518  cost_loss: 1.3814  q_loss: 0.0095  reward_max: 0.0678  reward_mean: -0.0022  reward_min: -6.2853  value_loss: 0.4599
Step:   690000  |  score: 108.11 ± 0.44  |  actor_loss: -2.6790  cost_loss: 1.3823  q_loss: 0.0025  reward_max: 0.0549  reward_mean: 0.0042  reward_min: -0.4600  value_loss: 0.4750
Step:   700000  |  score: 107.77 ± 0.54  |  actor_loss: -2.5515  cost_loss: 1.3824  q_loss: 0.0022  reward_max: 0.0500  reward_mean: 0.0077  reward_min: -0.1811  value_loss: 0.4886
Step:   710000  |  score: 108.47 ± 0.21  |  actor_loss: -2.6929  cost_loss: 1.3817  q_loss: 0.0057  reward_max: 0.0784  reward_mean: 0.0014  reward_min: -0.6120  value_loss: 0.4844
Step:   720000  |  score: 108.44 ± 0.19  |  actor_loss: -2.4919  cost_loss: 1.3807  q_loss: 0.0544  reward_max: 0.0702  reward_mean: -0.0092  reward_min: -5.1871  value_loss: 0.4370
Step:   730000  |  score: 108.84 ± 0.33  |  actor_loss: -2.3908  cost_loss: 1.3811  q_loss: 0.0018  reward_max: 0.0438  reward_mean: -0.0050  reward_min: -6.6267  value_loss: 0.4706
Step:   740000  |  score: 108.26 ± 0.43  |  actor_loss: -2.6787  cost_loss: 1.3809  q_loss: 0.0033  reward_max: 0.0409  reward_mean: -0.0077  reward_min: -4.6122  value_loss: 0.4955
Step:   750000  |  score: 108.12 ± 0.38  |  actor_loss: -2.7976  cost_loss: 1.3817  q_loss: 0.0112  reward_max: 0.0928  reward_mean: -0.0004  reward_min: -2.1245  value_loss: 0.4566
Step:   760000  |  score: 107.50 ± 0.29  |  actor_loss: -2.4896  cost_loss: 1.3812  q_loss: 0.0029  reward_max: 0.1085  reward_mean: -0.0037  reward_min: -4.5316  value_loss: 0.4716
Step:   770000  |  score: 108.46 ± 0.28  |  actor_loss: -2.6776  cost_loss: 1.3834  q_loss: 0.0026  reward_max: 0.0785  reward_mean: 0.0047  reward_min: -0.1280  value_loss: 0.5000
Step:   780000  |  score: 108.67 ± 0.26  |  actor_loss: -2.6821  cost_loss: 1.3829  q_loss: 0.0020  reward_max: 0.1300  reward_mean: 0.0023  reward_min: -0.0805  value_loss: 0.5009
Step:   790000  |  score: 108.59 ± 0.45  |  actor_loss: -2.6851  cost_loss: 1.3785  q_loss: 0.0088  reward_max: 0.0449  reward_mean: -0.0196  reward_min: -6.0222  value_loss: 0.3202
Step:   800000  |  score: 108.01 ± 0.78  |  actor_loss: -2.8395  cost_loss: 1.3811  q_loss: 0.0018  reward_max: 0.1159  reward_mean: -0.0111  reward_min: -3.4003  value_loss: 0.4663
Step:   810000  |  score: 108.34 ± 0.27  |  actor_loss: -2.6410  cost_loss: 1.3808  q_loss: 0.0030  reward_max: 0.0419  reward_mean: -0.0076  reward_min: -4.6827  value_loss: 0.4327
Step:   820000  |  score: 108.56 ± 0.37  |  actor_loss: -2.6988  cost_loss: 1.3809  q_loss: 0.0033  reward_max: 0.0979  reward_mean: -0.0021  reward_min: -5.7835  value_loss: 0.4699
Step:   830000  |  score: 108.12 ± 0.27  |  actor_loss: -2.7352  cost_loss: 1.3816  q_loss: 0.0021  reward_max: 0.1675  reward_mean: 0.0003  reward_min: -0.0905  value_loss: 0.5071
Step:   840000  |  score: 108.32 ± 0.32  |  actor_loss: -2.9136  cost_loss: 1.3777  q_loss: 0.0061  reward_max: 0.1285  reward_mean: -0.0164  reward_min: -3.8487  value_loss: 0.3693
Step:   850000  |  score: 108.55 ± 0.38  |  actor_loss: -2.6825  cost_loss: 1.3805  q_loss: 0.0157  reward_max: 0.0561  reward_mean: -0.0001  reward_min: -2.6616  value_loss: 0.4874
Step:   860000  |  score: 108.28 ± 0.25  |  actor_loss: -2.7867  cost_loss: 1.3808  q_loss: 0.0071  reward_max: 0.0358  reward_mean: -0.0092  reward_min: -5.6323  value_loss: 0.4966
Step:   870000  |  score: 108.42 ± 0.34  |  actor_loss: -2.3917  cost_loss: 1.3794  q_loss: 0.0081  reward_max: 0.1302  reward_mean: -0.0154  reward_min: -3.7369  value_loss: 0.2460
Step:   880000  |  score: 107.79 ± 1.20  |  actor_loss: -2.5410  cost_loss: 1.3817  q_loss: 0.0031  reward_max: 0.0635  reward_mean: 0.0051  reward_min: -0.7821  value_loss: 0.4826
Step:   890000  |  score: 108.22 ± 0.47  |  actor_loss: -2.4327  cost_loss: 1.3779  q_loss: 0.0039  reward_max: 0.0486  reward_mean: -0.0147  reward_min: -3.7555  value_loss: 0.2929
Step:   900000  |  score: 109.00 ± 0.24  |  actor_loss: -2.4774  cost_loss: 1.3804  q_loss: 0.0250  reward_max: 0.0520  reward_mean: -0.0011  reward_min: -2.9320  value_loss: 0.3789
Step:   910000  |  score: 108.61 ± 0.44  |  actor_loss: -2.4788  cost_loss: 1.3808  q_loss: 0.0037  reward_max: 0.0688  reward_mean: 0.0029  reward_min: -2.9455  value_loss: 0.3919
Step:   920000  |  score: 107.23 ± 1.76  |  actor_loss: -2.6567  cost_loss: 1.3810  q_loss: 0.0179  reward_max: 0.0477  reward_mean: -0.0012  reward_min: -2.4786  value_loss: 0.5159
Step:   930000  |  score: 108.46 ± 0.32  |  actor_loss: -2.6855  cost_loss: 1.3805  q_loss: 0.0029  reward_max: 0.0617  reward_mean: -0.0038  reward_min: -4.6799  value_loss: 0.4177
Step:   940000  |  score: 108.88 ± 0.28  |  actor_loss: -2.4971  cost_loss: 1.3827  q_loss: 0.0029  reward_max: 0.0727  reward_mean: 0.0016  reward_min: -0.1186  value_loss: 0.4701
Step:   950000  |  score: 108.17 ± 0.37  |  actor_loss: -2.7196  cost_loss: 1.3823  q_loss: 0.0028  reward_max: 0.0681  reward_mean: 0.0004  reward_min: -0.0792  value_loss: 0.5423
Step:   960000  |  score: 108.10 ± 1.39  |  actor_loss: -2.5523  cost_loss: 1.3830  q_loss: 0.0019  reward_max: 0.0814  reward_mean: 0.0002  reward_min: -0.0657  value_loss: 0.5219
Step:   970000  |  score: 108.99 ± 0.22  |  actor_loss: -2.5773  cost_loss: 1.3820  q_loss: 0.0019  reward_max: 0.0595  reward_mean: 0.0051  reward_min: -0.1121  value_loss: 0.5224
Step:   980000  |  score: 108.12 ± 0.39  |  actor_loss: -2.4508  cost_loss: 1.3814  q_loss: 0.0019  reward_max: 0.0452  reward_mean: -0.0016  reward_min: -2.8084  value_loss: 0.4992
Step:   990000  |  score: 107.81 ± 0.52  |  actor_loss: -2.5726  cost_loss: 1.3768  q_loss: 0.0056  reward_max: 0.0831  reward_mean: -0.0256  reward_min: -6.3930  value_loss: 0.3442
Step:  1000000  |  score: 108.67 ± 0.43  |  actor_loss: -2.6831  cost_loss: 1.3823  q_loss: 0.0024  reward_max: 0.0507  reward_mean: 0.0112  reward_min: -0.0840  value_loss: 0.4969
Step:  1010000  |  score: 108.35 ± 0.28  |  actor_loss: -2.6909  cost_loss: 1.3824  q_loss: 0.0026  reward_max: 0.0951  reward_mean: 0.0069  reward_min: -0.0633  value_loss: 0.4966
Step:  1020000  |  score: 107.48 ± 0.14  |  actor_loss: -2.7663  cost_loss: 1.3774  q_loss: 0.0107  reward_max: 0.0478  reward_mean: -0.0303  reward_min: -4.4274  value_loss: 0.3108
Step:  1030000  |  score: 108.60 ± 0.25  |  actor_loss: -2.7084  cost_loss: 1.3831  q_loss: 0.0024  reward_max: 0.0734  reward_mean: 0.0044  reward_min: -0.0579  value_loss: 0.5010
Step:  1040000  |  score: 108.29 ± 0.33  |  actor_loss: -2.5029  cost_loss: 1.3809  q_loss: 0.0042  reward_max: 0.1298  reward_mean: -0.0083  reward_min: -5.6238  value_loss: 0.5001
Step:  1050000  |  score: 108.28 ± 0.20  |  actor_loss: -2.5874  cost_loss: 1.3825  q_loss: 0.0029  reward_max: 0.0530  reward_mean: 0.0040  reward_min: -0.0532  value_loss: 0.4655
Step:  1060000  |  score: 108.57 ± 0.25  |  actor_loss: -2.9247  cost_loss: 1.3818  q_loss: 0.0046  reward_max: 0.0598  reward_mean: -0.0012  reward_min: -0.5875  value_loss: 0.5231
Step:  1070000  |  score: 108.61 ± 0.55  |  actor_loss: -2.6093  cost_loss: 1.3835  q_loss: 0.0014  reward_max: 0.1481  reward_mean: 0.0058  reward_min: -0.0773  value_loss: 0.5437
Step:  1080000  |  score: 108.66 ± 0.79  |  actor_loss: -2.4018  cost_loss: 1.3813  q_loss: 0.0221  reward_max: 0.0346  reward_mean: 0.0008  reward_min: -3.8903  value_loss: 0.4394
Step:  1090000  |  score: 108.10 ± 0.37  |  actor_loss: -2.7656  cost_loss: 1.3780  q_loss: 0.0082  reward_max: 0.0447  reward_mean: -0.0207  reward_min: -5.7651  value_loss: 0.3641
Step:  1100000  |  score: 108.45 ± 0.46  |  actor_loss: -2.6286  cost_loss: 1.3784  q_loss: 0.0039  reward_max: 0.0550  reward_mean: -0.0291  reward_min: -6.5538  value_loss: 0.3453
Step:  1110000  |  score: 108.10 ± 0.54  |  actor_loss: -2.5781  cost_loss: 1.3810  q_loss: 0.0026  reward_max: 0.0425  reward_mean: 0.0006  reward_min: -3.3144  value_loss: 0.4236
Step:  1120000  |  score: 108.33 ± 0.34  |  actor_loss: -2.5776  cost_loss: 1.3823  q_loss: 0.0022  reward_max: 0.1202  reward_mean: 0.0026  reward_min: -0.1490  value_loss: 0.5139
Step:  1130000  |  score: 108.26 ± 0.40  |  actor_loss: -2.6449  cost_loss: 1.3770  q_loss: 0.0176  reward_max: 0.0746  reward_mean: -0.0326  reward_min: -6.6136  value_loss: 0.3801
Step:  1140000  |  score: 108.22 ± 0.46  |  actor_loss: -2.3963  cost_loss: 1.3825  q_loss: 0.0038  reward_max: 0.1005  reward_mean: 0.0058  reward_min: -0.0581  value_loss: 0.5425
Step:  1150000  |  score: 107.43 ± 1.06  |  actor_loss: -2.6579  cost_loss: 1.3818  q_loss: 0.0025  reward_max: 0.0541  reward_mean: 0.0080  reward_min: -0.0574  value_loss: 0.5336
Step:  1160000  |  score: 108.78 ± 0.36  |  actor_loss: -2.4269  cost_loss: 1.3829  q_loss: 0.0021  reward_max: 0.0498  reward_mean: 0.0043  reward_min: -0.0793  value_loss: 0.5262
Step:  1170000  |  score: 109.00 ± 0.22  |  actor_loss: -2.6835  cost_loss: 1.3805  q_loss: 0.0073  reward_max: 0.0656  reward_mean: -0.0107  reward_min: -4.1267  value_loss: 0.4241
Step:  1180000  |  score: 108.25 ± 0.56  |  actor_loss: -2.8396  cost_loss: 1.3806  q_loss: 0.0022  reward_max: 0.0418  reward_mean: -0.0055  reward_min: -6.2705  value_loss: 0.4326
Step:  1190000  |  score: 108.74 ± 0.20  |  actor_loss: -2.7689  cost_loss: 1.3808  q_loss: 0.0026  reward_max: 0.1000  reward_mean: -0.0051  reward_min: -2.6553  value_loss: 0.4621
Step:  1200000  |  score: 108.67 ± 0.27  |  actor_loss: -2.5894  cost_loss: 1.3813  q_loss: 0.0027  reward_max: 0.0806  reward_mean: -0.0078  reward_min: -6.1681  value_loss: 0.4721
Step:  1210000  |  score: 108.17 ± 0.97  |  actor_loss: -2.6919  cost_loss: 1.3798  q_loss: 0.0080  reward_max: 0.0576  reward_mean: -0.0109  reward_min: -4.7303  value_loss: 0.4549
Step:  1220000  |  score: 108.40 ± 0.20  |  actor_loss: -2.8629  cost_loss: 1.3819  q_loss: 0.0019  reward_max: 0.0708  reward_mean: 0.0038  reward_min: -0.0943  value_loss: 0.5337
Step:  1230000  |  score: 108.53 ± 0.49  |  actor_loss: -2.5860  cost_loss: 1.3821  q_loss: 0.0019  reward_max: 0.0561  reward_mean: 0.0032  reward_min: -0.0641  value_loss: 0.5666
Step:  1240000  |  score: 107.80 ± 1.04  |  actor_loss: -2.4747  cost_loss: 1.3806  q_loss: 0.0027  reward_max: 0.1184  reward_mean: -0.0022  reward_min: -3.6763  value_loss: 0.4694
Step:  1250000  |  score: 108.28 ± 0.36  |  actor_loss: -2.6331  cost_loss: 1.3812  q_loss: 0.0037  reward_max: 0.0587  reward_mean: 0.0032  reward_min: -2.0796  value_loss: 0.5472
Step:  1260000  |  score: 108.73 ± 0.31  |  actor_loss: -2.7776  cost_loss: 1.3810  q_loss: 0.0033  reward_max: 0.1432  reward_mean: 0.0027  reward_min: -2.1273  value_loss: 0.5759
Step:  1270000  |  score: 108.65 ± 0.15  |  actor_loss: -2.5205  cost_loss: 1.3809  q_loss: 0.0061  reward_max: 0.0764  reward_mean: -0.0066  reward_min: -5.2776  value_loss: 0.4650
Step:  1280000  |  score: 108.92 ± 0.35  |  actor_loss: -2.8303  cost_loss: 1.3791  q_loss: 0.0099  reward_max: 0.0823  reward_mean: -0.0126  reward_min: -4.0546  value_loss: 0.3973
Step:  1290000  |  score: 108.19 ± 0.28  |  actor_loss: -2.5450  cost_loss: 1.3819  q_loss: 0.0025  reward_max: 0.0620  reward_mean: 0.0078  reward_min: -0.0617  value_loss: 0.5447
Step:  1300000  |  score: 107.93 ± 0.28  |  actor_loss: -2.9052  cost_loss: 1.3797  q_loss: 0.0024  reward_max: 0.0357  reward_mean: -0.0218  reward_min: -6.7988  value_loss: 0.5459
Step:  1310000  |  score: 108.52 ± 0.48  |  actor_loss: -2.6334  cost_loss: 1.3830  q_loss: 0.0028  reward_max: 0.1262  reward_mean: 0.0069  reward_min: -0.0489  value_loss: 0.5323
Step:  1320000  |  score: 108.40 ± 0.45  |  actor_loss: -2.6383  cost_loss: 1.3775  q_loss: 0.0063  reward_max: 0.1166  reward_mean: -0.0236  reward_min: -5.9364  value_loss: 0.3102
Step:  1330000  |  score: 109.12 ± 0.26  |  actor_loss: -2.8269  cost_loss: 1.3825  q_loss: 0.0018  reward_max: 0.0988  reward_mean: 0.0064  reward_min: -0.1326  value_loss: 0.5487
Step:  1340000  |  score: 108.75 ± 0.42  |  actor_loss: -2.4040  cost_loss: 1.3807  q_loss: 0.0045  reward_max: 0.0645  reward_mean: -0.0024  reward_min: -3.6933  value_loss: 0.4767
Step:  1350000  |  score: 108.64 ± 0.23  |  actor_loss: -2.5228  cost_loss: 1.3794  q_loss: 0.0038  reward_max: 0.0502  reward_mean: -0.0139  reward_min: -6.5147  value_loss: 0.4592
Step:  1360000  |  score: 108.74 ± 0.52  |  actor_loss: -2.7022  cost_loss: 1.3822  q_loss: 0.0016  reward_max: 0.0727  reward_mean: 0.0081  reward_min: -0.0854  value_loss: 0.5751
Step:  1370000  |  score: 108.85 ± 0.29  |  actor_loss: -2.4535  cost_loss: 1.3830  q_loss: 0.0023  reward_max: 0.1002  reward_mean: 0.0033  reward_min: -0.0635  value_loss: 0.5437
Step:  1380000  |  score: 108.36 ± 0.55  |  actor_loss: -2.6977  cost_loss: 1.3817  q_loss: 0.0034  reward_max: 0.0682  reward_mean: 0.0019  reward_min: -0.0521  value_loss: 0.5547
Step:  1390000  |  score: 108.29 ± 0.44  |  actor_loss: -2.5458  cost_loss: 1.3824  q_loss: 0.0018  reward_max: 0.0539  reward_mean: 0.0080  reward_min: -0.0995  value_loss: 0.5959
Step:  1400000  |  score: 108.66 ± 0.38  |  actor_loss: -2.7251  cost_loss: 1.3823  q_loss: 0.0019  reward_max: 0.0945  reward_mean: 0.0024  reward_min: -0.0715  value_loss: 0.6014
Step:  1410000  |  score: 108.48 ± 0.36  |  actor_loss: -2.7601  cost_loss: 1.3823  q_loss: 0.0025  reward_max: 0.0717  reward_mean: 0.0114  reward_min: -0.0967  value_loss: 0.5725
Step:  1420000  |  score: 108.35 ± 0.24  |  actor_loss: -2.7122  cost_loss: 1.3816  q_loss: 0.0027  reward_max: 0.1099  reward_mean: 0.0024  reward_min: -0.2498  value_loss: 0.5820
Step:  1430000  |  score: 108.25 ± 0.57  |  actor_loss: -2.8538  cost_loss: 1.3811  q_loss: 0.0043  reward_max: 0.0783  reward_mean: -0.0076  reward_min: -6.1813  value_loss: 0.4931
Step:  1440000  |  score: 109.09 ± 0.17  |  actor_loss: -2.7204  cost_loss: 1.3818  q_loss: 0.0091  reward_max: 0.2157  reward_mean: -0.0048  reward_min: -3.1577  value_loss: 0.5244
Step:  1450000  |  score: 108.20 ± 0.24  |  actor_loss: -2.4616  cost_loss: 1.3782  q_loss: 0.0049  reward_max: 0.0518  reward_mean: -0.0290  reward_min: -6.1004  value_loss: 0.2528
Step:  1460000  |  score: 108.45 ± 0.46  |  actor_loss: -2.2664  cost_loss: 1.3768  q_loss: 0.0327  reward_max: 0.0767  reward_mean: -0.0315  reward_min: -5.6535  value_loss: 0.4008
Step:  1470000  |  score: 107.97 ± 0.21  |  actor_loss: -2.6662  cost_loss: 1.3805  q_loss: 0.0043  reward_max: 0.0464  reward_mean: -0.0002  reward_min: -3.1369  value_loss: 0.5232
Step:  1480000  |  score: 108.11 ± 0.45  |  actor_loss: -2.5357  cost_loss: 1.3823  q_loss: 0.0024  reward_max: 0.0509  reward_mean: -0.0020  reward_min: -0.3923  value_loss: 0.5811
Step:  1490000  |  score: 108.83 ± 0.21  |  actor_loss: -2.6751  cost_loss: 1.3822  q_loss: 0.0026  reward_max: 0.0590  reward_mean: 0.0056  reward_min: -0.1112  value_loss: 0.5775
Step:  1500000  |  score: 108.48 ± 0.36  |  actor_loss: -2.7579  cost_loss: 1.3828  q_loss: 0.0018  reward_max: 0.1089  reward_mean: 0.0064  reward_min: -0.1443  value_loss: 0.6128
Step:  1510000  |  score: 99.74 ± 20.07  |  actor_loss: -2.8073  cost_loss: 1.3817  q_loss: 0.0054  reward_max: 0.0631  reward_mean: 0.0007  reward_min: -2.9470  value_loss: 0.5504
Step:  1520000  |  score: 108.65 ± 0.58  |  actor_loss: -2.4755  cost_loss: 1.3811  q_loss: 0.0031  reward_max: 0.0605  reward_mean: 0.0069  reward_min: -0.5383  value_loss: 0.5902
Step:  1530000  |  score: 108.26 ± 0.41  |  actor_loss: -2.7617  cost_loss: 1.3828  q_loss: 0.0020  reward_max: 0.0566  reward_mean: 0.0041  reward_min: -0.0480  value_loss: 0.6053
Step:  1540000  |  score: 108.22 ± 0.72  |  actor_loss: -2.3846  cost_loss: 1.3806  q_loss: 0.0024  reward_max: 0.0889  reward_mean: -0.0042  reward_min: -3.7119  value_loss: 0.4798
Step:  1550000  |  score: 108.46 ± 0.30  |  actor_loss: -2.7772  cost_loss: 1.3823  q_loss: 0.0025  reward_max: 0.0538  reward_mean: 0.0043  reward_min: -0.1292  value_loss: 0.5895
Step:  1560000  |  score: 108.02 ± 0.83  |  actor_loss: -2.7835  cost_loss: 1.3825  q_loss: 0.0017  reward_max: 0.0603  reward_mean: 0.0082  reward_min: -0.0894  value_loss: 0.6156
Step:  1570000  |  score: 108.32 ± 0.33  |  actor_loss: -2.5163  cost_loss: 1.3813  q_loss: 0.0033  reward_max: 0.0879  reward_mean: -0.0009  reward_min: -1.9847  value_loss: 0.5485
Step:  1580000  |  score: 108.08 ± 0.29  |  actor_loss: -2.8529  cost_loss: 1.3826  q_loss: 0.0027  reward_max: 0.0595  reward_mean: 0.0063  reward_min: -0.0866  value_loss: 0.5955
Step:  1590000  |  score: 108.11 ± 0.38  |  actor_loss: -2.5255  cost_loss: 1.3811  q_loss: 0.0036  reward_max: 0.0757  reward_mean: -0.0054  reward_min: -4.9065  value_loss: 0.4840
Step:  1600000  |  score: 108.37 ± 0.49  |  actor_loss: -2.6314  cost_loss: 1.3811  q_loss: 0.0036  reward_max: 0.0734  reward_mean: -0.0002  reward_min: -2.3697  value_loss: 0.5575
Step:  1610000  |  score: 108.35 ± 0.47  |  actor_loss: -2.5867  cost_loss: 1.3807  q_loss: 0.0034  reward_max: 0.0489  reward_mean: -0.0008  reward_min: -3.9852  value_loss: 0.5007
Step:  1620000  |  score: 107.79 ± 0.48  |  actor_loss: -2.4927  cost_loss: 1.3810  q_loss: 0.0034  reward_max: 0.0607  reward_mean: 0.0006  reward_min: -3.1624  value_loss: 0.5058
Step:  1630000  |  score: 107.75 ± 0.44  |  actor_loss: -2.7352  cost_loss: 1.3798  q_loss: 0.0088  reward_max: 0.0406  reward_mean: -0.0094  reward_min: -4.9552  value_loss: 0.4138
Step:  1640000  |  score: 108.43 ± 0.37  |  actor_loss: -2.7661  cost_loss: 1.3827  q_loss: 0.0023  reward_max: 0.1128  reward_mean: 0.0060  reward_min: -0.2308  value_loss: 0.6071
Step:  1650000  |  score: 108.27 ± 0.22  |  actor_loss: -2.6826  cost_loss: 1.3823  q_loss: 0.0021  reward_max: 0.0664  reward_mean: 0.0051  reward_min: -0.0922  value_loss: 0.6364
Step:  1660000  |  score: 108.69 ± 0.28  |  actor_loss: -2.4397  cost_loss: 1.3811  q_loss: 0.0014  reward_max: 0.0492  reward_mean: -0.0030  reward_min: -3.6061  value_loss: 0.6061
Step:  1670000  |  score: 108.94 ± 0.25  |  actor_loss: -2.5129  cost_loss: 1.3805  q_loss: 0.0032  reward_max: 0.0485  reward_mean: -0.0021  reward_min: -4.2802  value_loss: 0.4910
Step:  1680000  |  score: 108.86 ± 0.40  |  actor_loss: -2.6256  cost_loss: 1.3809  q_loss: 0.0020  reward_max: 0.0556  reward_mean: 0.0039  reward_min: -0.4221  value_loss: 0.6145
Step:  1690000  |  score: 108.48 ± 0.51  |  actor_loss: -2.5859  cost_loss: 1.3814  q_loss: 0.0022  reward_max: 0.0380  reward_mean: 0.0005  reward_min: -3.3810  value_loss: 0.5624
Step:  1700000  |  score: 107.96 ± 0.35  |  actor_loss: -2.7869  cost_loss: 1.3819  q_loss: 0.0018  reward_max: 0.0584  reward_mean: 0.0064  reward_min: -0.0879  value_loss: 0.6355
Step:  1710000  |  score: 108.03 ± 0.34  |  actor_loss: -2.8224  cost_loss: 1.3817  q_loss: 0.0018  reward_max: 0.0778  reward_mean: -0.0036  reward_min: -5.7173  value_loss: 0.5468
Step:  1720000  |  score: 108.53 ± 0.22  |  actor_loss: -2.4956  cost_loss: 1.3827  q_loss: 0.0032  reward_max: 0.0598  reward_mean: 0.0063  reward_min: -0.1381  value_loss: 0.6199
Step:  1730000  |  score: 108.93 ± 0.33  |  actor_loss: -2.5740  cost_loss: 1.3800  q_loss: 0.0049  reward_max: 0.0594  reward_mean: -0.0143  reward_min: -6.5877  value_loss: 0.5443
Step:  1740000  |  score: 108.25 ± 0.50  |  actor_loss: -2.5992  cost_loss: 1.3800  q_loss: 0.0019  reward_max: 0.0707  reward_mean: -0.0162  reward_min: -4.9180  value_loss: 0.5014
Step:  1750000  |  score: 108.54 ± 0.40  |  actor_loss: -2.5398  cost_loss: 1.3785  q_loss: 0.0025  reward_max: 0.0541  reward_mean: -0.0276  reward_min: -6.5291  value_loss: 0.4483
Step:  1760000  |  score: 108.49 ± 0.26  |  actor_loss: -2.3660  cost_loss: 1.3806  q_loss: 0.0039  reward_max: 0.0957  reward_mean: 0.0010  reward_min: -3.4709  value_loss: 0.5479
Step:  1770000  |  score: 108.11 ± 0.27  |  actor_loss: -2.6395  cost_loss: 1.3810  q_loss: 0.0027  reward_max: 0.1036  reward_mean: -0.0081  reward_min: -6.6914  value_loss: 0.5600
Step:  1780000  |  score: 108.54 ± 0.46  |  actor_loss: -2.8105  cost_loss: 1.3808  q_loss: 0.0036  reward_max: 0.0463  reward_mean: -0.0062  reward_min: -6.5400  value_loss: 0.5399
Step:  1790000  |  score: 108.45 ± 0.24  |  actor_loss: -2.9572  cost_loss: 1.3806  q_loss: 0.0065  reward_max: 0.0341  reward_mean: -0.0025  reward_min: -3.1960  value_loss: 0.4980
Step:  1800000  |  score: 108.44 ± 0.28  |  actor_loss: -2.9275  cost_loss: 1.3825  q_loss: 0.0014  reward_max: 0.0684  reward_mean: 0.0041  reward_min: -0.1508  value_loss: 0.6195
Step:  1810000  |  score: 108.00 ± 1.30  |  actor_loss: -2.7440  cost_loss: 1.3800  q_loss: 0.0024  reward_max: 0.0986  reward_mean: -0.0133  reward_min: -4.2911  value_loss: 0.4930
Step:  1820000  |  score: 108.10 ± 0.28  |  actor_loss: -2.5891  cost_loss: 1.3812  q_loss: 0.0020  reward_max: 0.0536  reward_mean: -0.0012  reward_min: -3.4144  value_loss: 0.5444
Step:  1830000  |  score: 108.56 ± 0.39  |  actor_loss: -2.8283  cost_loss: 1.3823  q_loss: 0.0026  reward_max: 0.0423  reward_mean: -0.0010  reward_min: -0.1177  value_loss: 0.6648
Step:  1840000  |  score: 108.45 ± 0.44  |  actor_loss: -2.6558  cost_loss: 1.3819  q_loss: 0.0022  reward_max: 0.2497  reward_mean: 0.0041  reward_min: -0.0773  value_loss: 0.6521
Step:  1850000  |  score: 108.61 ± 0.60  |  actor_loss: -2.4451  cost_loss: 1.3828  q_loss: 0.0024  reward_max: 0.0738  reward_mean: 0.0057  reward_min: -0.0955  value_loss: 0.6324
Step:  1860000  |  score: 108.33 ± 0.93  |  actor_loss: -2.7189  cost_loss: 1.3805  q_loss: 0.0025  reward_max: 0.0883  reward_mean: -0.0069  reward_min: -6.5384  value_loss: 0.5770
Step:  1870000  |  score: 108.46 ± 0.33  |  actor_loss: -2.7494  cost_loss: 1.3801  q_loss: 0.0025  reward_max: 0.0411  reward_mean: -0.0162  reward_min: -5.7484  value_loss: 0.5265
Step:  1880000  |  score: 108.30 ± 0.48  |  actor_loss: -2.7921  cost_loss: 1.3803  q_loss: 0.0039  reward_max: 0.0517  reward_mean: -0.0076  reward_min: -4.8789  value_loss: 0.6045
Step:  1890000  |  score: 108.14 ± 0.34  |  actor_loss: -2.6888  cost_loss: 1.3816  q_loss: 0.0028  reward_max: 0.0453  reward_mean: 0.0060  reward_min: -0.1281  value_loss: 0.6525
Step:  1900000  |  score: 108.21 ± 0.28  |  actor_loss: -2.5845  cost_loss: 1.3782  q_loss: 0.0073  reward_max: 0.0422  reward_mean: -0.0264  reward_min: -5.7344  value_loss: 0.4578
Step:  1910000  |  score: 108.72 ± 0.27  |  actor_loss: -2.8825  cost_loss: 1.3816  q_loss: 0.0101  reward_max: 0.0867  reward_mean: 0.0046  reward_min: -0.1878  value_loss: 0.6377
Step:  1920000  |  score: 108.50 ± 0.18  |  actor_loss: -2.7129  cost_loss: 1.3793  q_loss: 0.0060  reward_max: 0.0966  reward_mean: -0.0171  reward_min: -5.5516  value_loss: 0.4150
Step:  1930000  |  score: 107.90 ± 0.45  |  actor_loss: -2.8816  cost_loss: 1.3827  q_loss: 0.0032  reward_max: 0.0656  reward_mean: 0.0037  reward_min: -0.0636  value_loss: 0.6357
Step:  1940000  |  score: 108.05 ± 0.29  |  actor_loss: -2.8155  cost_loss: 1.3826  q_loss: 0.0021  reward_max: 0.0924  reward_mean: 0.0044  reward_min: -0.0660  value_loss: 0.6516
Step:  1950000  |  score: 108.58 ± 0.14  |  actor_loss: -2.5191  cost_loss: 1.3766  q_loss: 0.0035  reward_max: 0.0733  reward_mean: -0.0304  reward_min: -6.2101  value_loss: 0.3827
Step:  1960000  |  score: 108.72 ± 0.20  |  actor_loss: -2.7821  cost_loss: 1.3827  q_loss: 0.0042  reward_max: 0.0500  reward_mean: 0.0072  reward_min: -0.1557  value_loss: 0.6549
Step:  1970000  |  score: 108.56 ± 0.41  |  actor_loss: -2.7807  cost_loss: 1.3785  q_loss: 0.0068  reward_max: 0.1378  reward_mean: -0.0235  reward_min: -6.3717  value_loss: 0.5214
Step:  1980000  |  score: 108.68 ± 0.48  |  actor_loss: -2.4426  cost_loss: 1.3806  q_loss: 0.0029  reward_max: 0.0564  reward_mean: -0.0047  reward_min: -4.0816  value_loss: 0.5343
Step:  1990000  |  score: 108.05 ± 0.52  |  actor_loss: -2.7451  cost_loss: 1.3793  q_loss: 0.0030  reward_max: 0.0691  reward_mean: -0.0117  reward_min: -6.4604  value_loss: 0.5736
Step:  2000000  |  score: 108.67 ± 0.28  |  actor_loss: -2.5987  cost_loss: 1.3803  q_loss: 0.0020  reward_max: 0.0641  reward_mean: -0.0037  reward_min: -2.8344  value_loss: 0.5734
Final evaluation (13 iterations)...
Final score: 108.59 ± 0.36
wandb: WARNING Symlinked 1 file into the W&B run directory; call wandb.save again to sync new files.
wandb: updating run metadata
wandb: uploading final_returns/bdemodice_walker2d-expert-v2_2026-03-18_16-55-46.npz; uploading output.log; uploading wandb-summary.json; uploading config.yaml
wandb: uploading final_returns/bdemodice_walker2d-expert-v2_2026-03-18_16-55-46.npz; uploading output.log; uploading wandb-summary.json
wandb: uploading summary, console lines 214-215
wandb: 
wandb: Run history:
wandb:  actor_loss █▆▃▅▄▃▃▄▃▄▄▅▃▃▄▄▂▂▃▃▂▃▃▂▂▂▄▂▂▃▂▂▂▄▂▃▁▁▂▃
wandb:   cost_loss ▇▇▇▇▄▅▅▃▄▇▆█▇█▆▄▅▇▁▇█▇▅▆▅▄▇▄▇▆▅▇▇▅▇▄▅▆▆▄
wandb: num_updates ▁▁▁▂▂▂▂▂▂▂▃▃▃▃▃▃▃▃▃▃▃▃▄▄▅▅▅▅▅▆▆▆▇▇▇▇▇███
wandb:      q_loss ▃▁▁▄▂▂▁▇▂▁▁▁▅█▆▁▁▁▂▃▁▄▃▂▁▂▂▂▁▁▁▂▁▁▁▁▁▂▃▁
wandb:      return ▇▆▇▇▇▆▇▇▇▁██▇█▇▇▇▇▇▇▇█▇█▇▇▇▇▇▂▇▇▇▇▇▇▇▇▇█
wandb:  reward_max ▄▅▄▂▄▃▃▃▂▂▃▅▄▄▂▂▂▁▁▃▅▂▂▂▂▂▂▂▅▁▂▃█▂▃▂▂▂▁▂
wandb: reward_mean ▆▆▇▅▇▇▇▆▅▃▆▅▇▅██▆█▇▃▇▆▇▆▁▅▄█▇▁▆▅▇▆█▅▇▆▇▆
wandb:  reward_min ▇▆█▄▄█▁▇▅▆▆█▁▁▃▅██▂▇▅█▄▅█▆█████▆█▄█▁▁▃█▁
wandb:       score ▁███████▆▇▇█████████████████████████████
wandb:   score_std █▁▁▇▇█▁▁▁▁▁▁▁▁▁▁▁▁▁▁▁▁▁▁▁▁▁▁▁▁▁▁▁▁▁▁▁▁▁▁
wandb:          +1 ...
wandb: 
wandb: Run summary:
wandb:  actor_loss -2.59867
wandb:   cost_loss 1.38032
wandb: num_updates 2000000
wandb:      q_loss 0.00202
wandb:      return 4990.36588
wandb:  reward_max 0.06406
wandb: reward_mean -0.00374
wandb:  reward_min -2.83442
wandb:       score 108.67119
wandb:   score_std 0.27538
wandb:          +1 ...
wandb: 
wandb: 🚀 View run bdemodice_walker2d_M1_s0 at: https://wandb.ai/wsk208/DemoDICE/runs/joer7ykc
wandb: ⭐️ View project at: https://wandb.ai/wsk208/DemoDICE
wandb: Synced 5 W&B file(s), 0 media file(s), 0 artifact file(s) and 1 other file(s)
wandb: Find logs at: ./wandb/run-20260318_162953-joer7ykc/logs
