Warning: All of online environments libraries in D4RL have been moved ]8;;https://github.com/Farama-Foundation/Gymnasium\Gymnasium]8;;\, ]8;;https://github.com/Farama-Foundation/MiniGrid\MiniGrid]8;;\ and ]8;;https://github.com/Farama-Foundation/Gymnasium-Robotics\Gymnasium-Robotics]8;;\, and all offline datasets in D4RL have been moved to ]8;;https://github.com/Farama-Foundation/Minari\Minari]8;;\.
These new versions include large bug fixes, new versions of Python, and are where all new development will continue. Please upgrade these libraries as soon as you're able to do so.
If you'd like to read more about the story behind this switch, please check out ]8;;https://farama.org/Announcing-Minari\this blog post]8;;\.
Gym has been unmaintained since 2022 and does not support NumPy 2.0 amongst other critical functionality.
Please upgrade to Gymnasium, the maintained drop-in replacement of Gym, or contact the authors of your software and request that they upgrade.
See the migration guide at https://gymnasium.farama.org/introduction/migration_guide/ for additional information.
/opt/venv/lib/python3.10/site-packages/Cython/Distutils/old_build_ext.py:15: DeprecationWarning: dep_util is Deprecated. Use functions from setuptools instead.
  from distutils.dep_util import newer, newer_group
<frozen importlib._bootstrap>:283: DeprecationWarning: the load_module() method is deprecated and slated for removal in Python 3.12; use exec_module() instead
pybullet build time: Jan 29 2025 23:16:28
wandb: [wandb.login()] Loaded credentials for https://api.wandb.ai from /root/.netrc.
wandb: Currently logged in as: wsk208 to https://api.wandb.ai. Use `wandb login --relogin` to force relogin
/opt/venv/lib/python3.10/site-packages/wandb/analytics/sentry.py:268: DeprecationWarning: Read the `app_url` setting from the appropriate Settings object.
  app_url = wandb.util.app_url(tags["base_url"])  # type: ignore[index]
/opt/venv/lib/python3.10/site-packages/wandb/analytics/sentry.py:279: DeprecationWarning: The `Scope.user` setter is deprecated in favor of `Scope.set_user()`.
  self.scope.user = {"email": email}
wandb: setting up run 6tqbpj0y
/opt/venv/lib/python3.10/site-packages/wandb/analytics/sentry.py:268: DeprecationWarning: Read the `app_url` setting from the appropriate Settings object.
  app_url = wandb.util.app_url(tags["base_url"])  # type: ignore[index]
/opt/venv/lib/python3.10/site-packages/wandb/analytics/sentry.py:279: DeprecationWarning: The `Scope.user` setter is deprecated in favor of `Scope.set_user()`.
  self.scope.user = {"email": email}
wandb: Tracking run with wandb version 0.25.1
wandb: Run data is saved locally in /app/wandb/run-20260318_163153-6tqbpj0y
wandb: Run `wandb offline` to turn off syncing.
wandb: Syncing run bdemodice_walker2d_M1_s1
wandb: ⭐️ View project at https://wandb.ai/wsk208/DemoDICE
wandb: 🚀 View run at https://wandb.ai/wsk208/DemoDICE/runs/6tqbpj0y
/opt/venv/lib/python3.10/site-packages/gym/spaces/box.py:84: UserWarning: [33mWARN: Box bound precision lowered by casting to float32[0m
  logger.warn(f"Box bound precision lowered by casting to {self.dtype}")
load datafile:   0%|          | 0/21 [00:00<?, ?it/s]load datafile:   5%|▍         | 1/21 [00:00<00:03,  5.86it/s]load datafile:  14%|█▍        | 3/21 [00:00<00:03,  5.27it/s]load datafile:  19%|█▉        | 4/21 [00:00<00:04,  3.99it/s]load datafile:  81%|████████  | 17/21 [00:01<00:00, 15.46it/s]load datafile:  90%|█████████ | 19/21 [00:01<00:00, 10.78it/s]load datafile: 100%|██████████| 21/21 [00:01<00:00, 11.16it/s]
Expert  :  999000 transitions  (walker2d-expert-v2, 400 traj)
load datafile:   0%|          | 0/9 [00:00<?, ?it/s]load datafile:  11%|█         | 1/9 [00:00<00:01,  6.56it/s]load datafile:  33%|███▎      | 3/9 [00:00<00:01,  5.55it/s]load datafile:  44%|████▍     | 4/9 [00:00<00:01,  4.14it/s]load datafile:  56%|█████▌    | 5/9 [00:01<00:01,  3.22it/s]load datafile:  67%|██████▋   | 6/9 [00:01<00:01,  2.83it/s]load datafile: 100%|██████████| 9/9 [00:01<00:00,  4.97it/s]
Imperfect:    2073 transitions  (walker2d-random-v2, 100 traj)
Union   : 1001073 transitions total
/root/.local/share/uv/python/cpython-3.10-linux-x86_64-gnu/lib/python3.10/multiprocessing/popen_fork.py:66: RuntimeWarning: os.fork() was called. os.fork() is incompatible with multithreaded code, and JAX is multithreaded, so this will likely lead to a deadlock.
  self.pid = os.fork()
/opt/venv/lib/python3.10/site-packages/tensorflow_probability/python/internal/backend/jax/ops.py:681: DeprecationWarning: jax.interpreters.xla.pytype_aval_mappings is deprecated.
  jax.interpreters.xla.pytype_aval_mappings[onp.ndarray])
/opt/venv/lib/python3.10/site-packages/gym/spaces/box.py:84: UserWarning: [33mWARN: Box bound precision lowered by casting to float32[0m
  logger.warn(f"Box bound precision lowered by casting to {self.dtype}")
Step:    10000  |  score: 82.36 ± 18.00  |  actor_loss: 3.9398  cost_loss: 1.3832  q_loss: 0.0048  reward_max: 0.1745  reward_mean: 0.0032  reward_min: -0.3679  value_loss: 0.7021
Step:    20000  |  score: 105.70 ± 9.78  |  actor_loss: 2.2989  cost_loss: 1.3790  q_loss: 0.0065  reward_max: 0.1368  reward_mean: -0.0034  reward_min: -3.0085  value_loss: 0.5472
Step:    30000  |  score: 108.30 ± 0.14  |  actor_loss: 0.7672  cost_loss: 1.3786  q_loss: 0.0275  reward_max: 0.1271  reward_mean: -0.0207  reward_min: -3.5682  value_loss: 0.4311
Step:    40000  |  score: 108.18 ± 0.52  |  actor_loss: -0.4354  cost_loss: 1.3794  q_loss: 0.0581  reward_max: 0.0694  reward_mean: -0.0195  reward_min: -4.2018  value_loss: 0.4564
Step:    50000  |  score: 108.41 ± 0.32  |  actor_loss: -1.5253  cost_loss: 1.3825  q_loss: 0.0040  reward_max: 0.1832  reward_mean: 0.0092  reward_min: -2.2685  value_loss: 0.4694
Step:    60000  |  score: 108.77 ± 0.20  |  actor_loss: -1.2223  cost_loss: 1.3805  q_loss: 0.0066  reward_max: 0.0991  reward_mean: -0.0013  reward_min: -4.3254  value_loss: 0.4622
Step:    70000  |  score: 107.87 ± 0.20  |  actor_loss: -2.0847  cost_loss: 1.3809  q_loss: 0.0066  reward_max: 0.0760  reward_mean: -0.0098  reward_min: -3.6489  value_loss: 0.4278
Step:    80000  |  score: 108.40 ± 0.29  |  actor_loss: -2.1476  cost_loss: 1.3798  q_loss: 0.0042  reward_max: 0.1065  reward_mean: -0.0023  reward_min: -2.1681  value_loss: 0.4892
Step:    90000  |  score: 108.68 ± 0.63  |  actor_loss: -1.9684  cost_loss: 1.3809  q_loss: 0.0017  reward_max: 0.2101  reward_mean: 0.0069  reward_min: -2.4994  value_loss: 0.4896
Step:   100000  |  score: 108.41 ± 0.40  |  actor_loss: -2.2381  cost_loss: 1.3829  q_loss: 0.0016  reward_max: 0.0917  reward_mean: 0.0106  reward_min: -0.0671  value_loss: 0.5288
Step:   110000  |  score: 108.06 ± 0.42  |  actor_loss: -2.0967  cost_loss: 1.3765  q_loss: 0.0847  reward_max: 0.1948  reward_mean: -0.0347  reward_min: -5.3388  value_loss: 0.3799
Step:   120000  |  score: 108.93 ± 0.20  |  actor_loss: -2.1498  cost_loss: 1.3782  q_loss: 0.0086  reward_max: 0.0674  reward_mean: -0.0195  reward_min: -2.4108  value_loss: 0.4427
Step:   130000  |  score: 108.46 ± 0.35  |  actor_loss: -2.2238  cost_loss: 1.3812  q_loss: 0.0031  reward_max: 0.1335  reward_mean: -0.0029  reward_min: -2.4439  value_loss: 0.4866
Step:   140000  |  score: 107.70 ± 0.42  |  actor_loss: -1.8729  cost_loss: 1.3799  q_loss: 0.0648  reward_max: 0.1709  reward_mean: -0.0142  reward_min: -4.1542  value_loss: 0.4915
Step:   150000  |  score: 108.41 ± 0.21  |  actor_loss: -2.4110  cost_loss: 1.3829  q_loss: 0.0101  reward_max: 0.1074  reward_mean: -0.0054  reward_min: -2.6351  value_loss: 0.5344
Step:   160000  |  score: 109.19 ± 0.21  |  actor_loss: -2.1666  cost_loss: 1.3806  q_loss: 0.0022  reward_max: 0.0924  reward_mean: -0.0136  reward_min: -3.8327  value_loss: 0.5206
Step:   170000  |  score: 108.50 ± 0.61  |  actor_loss: -2.2983  cost_loss: 1.3809  q_loss: 0.0095  reward_max: 0.0943  reward_mean: -0.0006  reward_min: -2.3368  value_loss: 0.4919
Step:   180000  |  score: 109.65 ± 0.09  |  actor_loss: -1.8806  cost_loss: 1.3776  q_loss: 0.0399  reward_max: 0.0869  reward_mean: -0.0250  reward_min: -4.7304  value_loss: 0.4226
Step:   190000  |  score: 108.89 ± 0.22  |  actor_loss: -2.4355  cost_loss: 1.3795  q_loss: 0.0190  reward_max: 0.1096  reward_mean: -0.0046  reward_min: -4.6807  value_loss: 0.4359
Step:   200000  |  score: 108.64 ± 0.10  |  actor_loss: -2.2112  cost_loss: 1.3817  q_loss: 0.0025  reward_max: 0.0585  reward_mean: 0.0013  reward_min: -0.1296  value_loss: 0.5478
Step:   210000  |  score: 108.39 ± 0.52  |  actor_loss: -2.4043  cost_loss: 1.3816  q_loss: 0.0050  reward_max: 0.0934  reward_mean: -0.0039  reward_min: -2.6261  value_loss: 0.5118
Step:   220000  |  score: 109.04 ± 0.05  |  actor_loss: -2.2800  cost_loss: 1.3816  q_loss: 0.0041  reward_max: 0.1275  reward_mean: 0.0088  reward_min: -2.1242  value_loss: 0.5111
Step:   230000  |  score: 97.83 ± 28.40  |  actor_loss: -2.2666  cost_loss: 1.3813  q_loss: 0.0077  reward_max: 0.0856  reward_mean: 0.0118  reward_min: -3.8517  value_loss: 0.4994
Step:   240000  |  score: 108.65 ± 0.28  |  actor_loss: -2.2306  cost_loss: 1.3809  q_loss: 0.0025  reward_max: 0.1334  reward_mean: -0.0050  reward_min: -4.4622  value_loss: 0.5002
Step:   250000  |  score: 108.57 ± 0.15  |  actor_loss: -2.4165  cost_loss: 1.3816  q_loss: 0.0030  reward_max: 0.1657  reward_mean: 0.0067  reward_min: -0.1590  value_loss: 0.5394
Step:   260000  |  score: 108.69 ± 0.52  |  actor_loss: -2.3714  cost_loss: 1.3796  q_loss: 0.0257  reward_max: 0.0865  reward_mean: -0.0022  reward_min: -3.8834  value_loss: 0.4105
Step:   270000  |  score: 108.65 ± 0.42  |  actor_loss: -2.4720  cost_loss: 1.3829  q_loss: 0.0016  reward_max: 0.1361  reward_mean: 0.0165  reward_min: -0.2308  value_loss: 0.5547
Step:   280000  |  score: 108.89 ± 0.39  |  actor_loss: -2.2886  cost_loss: 1.3782  q_loss: 0.0077  reward_max: 0.1194  reward_mean: -0.0186  reward_min: -5.3689  value_loss: 0.3963
Step:   290000  |  score: 108.83 ± 0.17  |  actor_loss: -2.5405  cost_loss: 1.3813  q_loss: 0.0016  reward_max: 0.0973  reward_mean: -0.0000  reward_min: -6.0884  value_loss: 0.5300
Step:   300000  |  score: 109.17 ± 0.21  |  actor_loss: -2.4023  cost_loss: 1.3829  q_loss: 0.0026  reward_max: 0.1307  reward_mean: 0.0106  reward_min: -0.0980  value_loss: 0.5265
Step:   310000  |  score: 108.38 ± 0.42  |  actor_loss: -2.4555  cost_loss: 1.3796  q_loss: 0.0418  reward_max: 0.1387  reward_mean: -0.0071  reward_min: -3.4650  value_loss: 0.4618
Step:   320000  |  score: 108.24 ± 0.58  |  actor_loss: -2.3359  cost_loss: 1.3802  q_loss: 0.0049  reward_max: 0.0885  reward_mean: 0.0012  reward_min: -2.2206  value_loss: 0.4705
Step:   330000  |  score: 107.38 ± 0.60  |  actor_loss: -2.4617  cost_loss: 1.3812  q_loss: 0.0020  reward_max: 0.0950  reward_mean: -0.0108  reward_min: -4.9786  value_loss: 0.5236
Step:   340000  |  score: 108.80 ± 0.47  |  actor_loss: -2.4912  cost_loss: 1.3829  q_loss: 0.0028  reward_max: 0.1541  reward_mean: 0.0007  reward_min: -0.0961  value_loss: 0.5586
Step:   350000  |  score: 108.63 ± 0.29  |  actor_loss: -2.5052  cost_loss: 1.3810  q_loss: 0.0026  reward_max: 0.1187  reward_mean: -0.0100  reward_min: -2.4737  value_loss: 0.5077
Step:   360000  |  score: 108.28 ± 0.39  |  actor_loss: -2.4425  cost_loss: 1.3827  q_loss: 0.0025  reward_max: 0.1000  reward_mean: 0.0034  reward_min: -0.1109  value_loss: 0.5595
Step:   370000  |  score: 108.94 ± 0.18  |  actor_loss: -2.1334  cost_loss: 1.3797  q_loss: 0.0094  reward_max: 0.1239  reward_mean: -0.0158  reward_min: -4.3259  value_loss: 0.4167
Step:   380000  |  score: 108.69 ± 0.33  |  actor_loss: -2.4344  cost_loss: 1.3815  q_loss: 0.0033  reward_max: 0.1482  reward_mean: -0.0097  reward_min: -5.9760  value_loss: 0.4736
Step:   390000  |  score: 109.11 ± 0.37  |  actor_loss: -2.3901  cost_loss: 1.3820  q_loss: 0.0037  reward_max: 0.1466  reward_mean: -0.0111  reward_min: -3.7353  value_loss: 0.4887
Step:   400000  |  score: 108.46 ± 0.54  |  actor_loss: -2.5688  cost_loss: 1.3816  q_loss: 0.0025  reward_max: 0.1851  reward_mean: 0.0002  reward_min: -2.3286  value_loss: 0.5377
Step:   410000  |  score: 109.59 ± 0.17  |  actor_loss: -2.7848  cost_loss: 1.3795  q_loss: 0.0066  reward_max: 0.0917  reward_mean: -0.0162  reward_min: -5.4530  value_loss: 0.4960
Step:   420000  |  score: 109.13 ± 0.33  |  actor_loss: -2.4488  cost_loss: 1.3823  q_loss: 0.0033  reward_max: 0.0779  reward_mean: 0.0020  reward_min: -0.1225  value_loss: 0.5885
Step:   430000  |  score: 108.92 ± 0.17  |  actor_loss: -2.5408  cost_loss: 1.3812  q_loss: 0.0113  reward_max: 0.0969  reward_mean: -0.0171  reward_min: -5.3510  value_loss: 0.5401
Step:   440000  |  score: 108.78 ± 0.38  |  actor_loss: -2.8310  cost_loss: 1.3815  q_loss: 0.0024  reward_max: 0.0709  reward_mean: 0.0052  reward_min: -0.1817  value_loss: 0.5971
Step:   450000  |  score: 109.05 ± 0.17  |  actor_loss: -2.5348  cost_loss: 1.3793  q_loss: 0.0139  reward_max: 0.1598  reward_mean: -0.0066  reward_min: -3.9435  value_loss: 0.5097
Step:   460000  |  score: 108.85 ± 0.22  |  actor_loss: -2.3076  cost_loss: 1.3807  q_loss: 0.0123  reward_max: 0.1232  reward_mean: 0.0018  reward_min: -3.4387  value_loss: 0.5187
Step:   470000  |  score: 109.30 ± 0.12  |  actor_loss: -2.5253  cost_loss: 1.3828  q_loss: 0.0033  reward_max: 0.1159  reward_mean: 0.0023  reward_min: -0.0391  value_loss: 0.6122
Step:   480000  |  score: 109.07 ± 0.26  |  actor_loss: -2.5098  cost_loss: 1.3773  q_loss: 0.0119  reward_max: 0.0616  reward_mean: -0.0343  reward_min: -4.5980  value_loss: 0.4697
Step:   490000  |  score: 108.32 ± 0.39  |  actor_loss: -2.7111  cost_loss: 1.3809  q_loss: 0.0127  reward_max: 0.0957  reward_mean: 0.0071  reward_min: -3.3266  value_loss: 0.6077
Step:   500000  |  score: 108.71 ± 0.16  |  actor_loss: -2.2765  cost_loss: 1.3805  q_loss: 0.0070  reward_max: 0.1426  reward_mean: -0.0006  reward_min: -2.2638  value_loss: 0.5839
Step:   510000  |  score: 108.98 ± 0.14  |  actor_loss: -2.3001  cost_loss: 1.3796  q_loss: 0.0064  reward_max: 0.0598  reward_mean: -0.0261  reward_min: -6.5461  value_loss: 0.5590
Step:   520000  |  score: 108.38 ± 0.08  |  actor_loss: -2.3801  cost_loss: 1.3806  q_loss: 0.0026  reward_max: 0.1239  reward_mean: 0.0043  reward_min: -5.5054  value_loss: 0.5928
Step:   530000  |  score: 108.02 ± 0.30  |  actor_loss: -2.5136  cost_loss: 1.3812  q_loss: 0.0158  reward_max: 0.1636  reward_mean: 0.0019  reward_min: -3.6451  value_loss: 0.5526
Step:   540000  |  score: 108.91 ± 0.18  |  actor_loss: -2.4520  cost_loss: 1.3825  q_loss: 0.0039  reward_max: 0.0831  reward_mean: 0.0069  reward_min: -0.0913  value_loss: 0.6241
Step:   550000  |  score: 108.73 ± 0.18  |  actor_loss: -2.3236  cost_loss: 1.3790  q_loss: 0.0046  reward_max: 0.1225  reward_mean: -0.0181  reward_min: -6.2275  value_loss: 0.4961
Step:   560000  |  score: 108.70 ± 0.13  |  actor_loss: -2.6445  cost_loss: 1.3793  q_loss: 0.0418  reward_max: 0.0733  reward_mean: -0.0170  reward_min: -5.6827  value_loss: 0.5008
Step:   570000  |  score: 109.49 ± 0.16  |  actor_loss: -2.3444  cost_loss: 1.3806  q_loss: 0.0063  reward_max: 0.1699  reward_mean: 0.0062  reward_min: -3.6168  value_loss: 0.5130
Step:   580000  |  score: 109.07 ± 0.35  |  actor_loss: -2.6129  cost_loss: 1.3809  q_loss: 0.0064  reward_max: 0.1182  reward_mean: -0.0070  reward_min: -6.4393  value_loss: 0.5820
Step:   590000  |  score: 109.00 ± 0.20  |  actor_loss: -2.6121  cost_loss: 1.3810  q_loss: 0.0026  reward_max: 0.0807  reward_mean: 0.0012  reward_min: -4.4282  value_loss: 0.5793
Step:   600000  |  score: 108.91 ± 0.34  |  actor_loss: -2.5514  cost_loss: 1.3807  q_loss: 0.0045  reward_max: 0.1048  reward_mean: -0.0042  reward_min: -4.6057  value_loss: 0.6377
Step:   610000  |  score: 108.49 ± 0.39  |  actor_loss: -2.5958  cost_loss: 1.3830  q_loss: 0.0017  reward_max: 0.1402  reward_mean: 0.0052  reward_min: -0.0505  value_loss: 0.6561
Step:   620000  |  score: 108.90 ± 0.23  |  actor_loss: -2.4890  cost_loss: 1.3827  q_loss: 0.0020  reward_max: 0.0787  reward_mean: 0.0063  reward_min: -0.1475  value_loss: 0.6572
Step:   630000  |  score: 108.56 ± 0.40  |  actor_loss: -2.5494  cost_loss: 1.3821  q_loss: 0.0108  reward_max: 0.0933  reward_mean: 0.0039  reward_min: -0.4575  value_loss: 0.6396
Step:   640000  |  score: 108.81 ± 0.32  |  actor_loss: -2.4687  cost_loss: 1.3802  q_loss: 0.0039  reward_max: 0.0812  reward_mean: -0.0072  reward_min: -5.5126  value_loss: 0.6396
Step:   650000  |  score: 109.03 ± 0.14  |  actor_loss: -2.6619  cost_loss: 1.3821  q_loss: 0.0009  reward_max: 0.0507  reward_mean: 0.0017  reward_min: -0.0641  value_loss: 0.6741
Step:   660000  |  score: 108.77 ± 0.23  |  actor_loss: -2.5897  cost_loss: 1.3829  q_loss: 0.0015  reward_max: 0.0847  reward_mean: 0.0047  reward_min: -0.1649  value_loss: 0.6496
Step:   670000  |  score: 108.57 ± 0.22  |  actor_loss: -2.2970  cost_loss: 1.3813  q_loss: 0.0026  reward_max: 0.0741  reward_mean: -0.0064  reward_min: -6.2638  value_loss: 0.5848
Step:   680000  |  score: 108.78 ± 0.25  |  actor_loss: -2.4450  cost_loss: 1.3817  q_loss: 0.0018  reward_max: 0.0688  reward_mean: -0.0014  reward_min: -3.2415  value_loss: 0.6583
Step:   690000  |  score: 108.62 ± 0.48  |  actor_loss: -2.6710  cost_loss: 1.3824  q_loss: 0.0015  reward_max: 0.0857  reward_mean: 0.0013  reward_min: -0.0491  value_loss: 0.6657
Step:   700000  |  score: 108.80 ± 0.12  |  actor_loss: -2.6114  cost_loss: 1.3823  q_loss: 0.0017  reward_max: 0.1116  reward_mean: 0.0091  reward_min: -0.0633  value_loss: 0.6529
Step:   710000  |  score: 108.67 ± 0.25  |  actor_loss: -2.8314  cost_loss: 1.3822  q_loss: 0.0016  reward_max: 0.1144  reward_mean: 0.0090  reward_min: -0.0429  value_loss: 0.6911
Step:   720000  |  score: 108.82 ± 0.23  |  actor_loss: -2.6625  cost_loss: 1.3813  q_loss: 0.0041  reward_max: 0.0817  reward_mean: -0.0054  reward_min: -3.0773  value_loss: 0.6337
Step:   730000  |  score: 108.78 ± 0.27  |  actor_loss: -2.6758  cost_loss: 1.3807  q_loss: 0.0023  reward_max: 0.0900  reward_mean: -0.0035  reward_min: -5.8123  value_loss: 0.6672
Step:   740000  |  score: 108.85 ± 0.40  |  actor_loss: -2.6009  cost_loss: 1.3821  q_loss: 0.0019  reward_max: 0.0907  reward_mean: 0.0096  reward_min: -0.0678  value_loss: 0.6853
Step:   750000  |  score: 108.73 ± 0.13  |  actor_loss: -2.5284  cost_loss: 1.3820  q_loss: 0.0160  reward_max: 0.1552  reward_mean: -0.0004  reward_min: -2.3382  value_loss: 0.6672
Step:   760000  |  score: 108.66 ± 0.33  |  actor_loss: -2.5662  cost_loss: 1.3829  q_loss: 0.0014  reward_max: 0.1196  reward_mean: 0.0071  reward_min: -0.1375  value_loss: 0.7164
Step:   770000  |  score: 108.62 ± 0.42  |  actor_loss: -2.2835  cost_loss: 1.3761  q_loss: 0.0073  reward_max: 0.0568  reward_mean: -0.0335  reward_min: -6.0067  value_loss: 0.5310
Step:   780000  |  score: 108.40 ± 0.37  |  actor_loss: -2.5382  cost_loss: 1.3820  q_loss: 0.0020  reward_max: 0.0576  reward_mean: 0.0083  reward_min: -0.0332  value_loss: 0.6931
Step:   790000  |  score: 109.13 ± 0.19  |  actor_loss: -2.6230  cost_loss: 1.3801  q_loss: 0.0022  reward_max: 0.0724  reward_mean: -0.0111  reward_min: -4.6526  value_loss: 0.6070
Step:   800000  |  score: 109.03 ± 0.25  |  actor_loss: -2.6208  cost_loss: 1.3806  q_loss: 0.0017  reward_max: 0.0706  reward_mean: -0.0066  reward_min: -6.5106  value_loss: 0.6608
Step:   810000  |  score: 108.73 ± 0.47  |  actor_loss: -2.5711  cost_loss: 1.3829  q_loss: 0.0016  reward_max: 0.1222  reward_mean: 0.0053  reward_min: -0.0882  value_loss: 0.6888
Step:   820000  |  score: 108.68 ± 0.29  |  actor_loss: -2.4543  cost_loss: 1.3784  q_loss: 0.0058  reward_max: 0.0709  reward_mean: -0.0213  reward_min: -6.4703  value_loss: 0.5651
Step:   830000  |  score: 108.31 ± 0.19  |  actor_loss: -2.7313  cost_loss: 1.3825  q_loss: 0.0019  reward_max: 0.1078  reward_mean: 0.0080  reward_min: -0.0382  value_loss: 0.7098
Step:   840000  |  score: 108.62 ± 0.11  |  actor_loss: -2.7275  cost_loss: 1.3831  q_loss: 0.0019  reward_max: 0.0942  reward_mean: 0.0001  reward_min: -0.1339  value_loss: 0.7066
Step:   850000  |  score: 108.71 ± 0.33  |  actor_loss: -2.3434  cost_loss: 1.3801  q_loss: 0.0017  reward_max: 0.0743  reward_mean: -0.0051  reward_min: -5.1166  value_loss: 0.5705
Step:   860000  |  score: 109.10 ± 0.16  |  actor_loss: -2.5565  cost_loss: 1.3804  q_loss: 0.0026  reward_max: 0.0708  reward_mean: -0.0034  reward_min: -4.8244  value_loss: 0.6085
Step:   870000  |  score: 108.76 ± 0.38  |  actor_loss: -2.8157  cost_loss: 1.3824  q_loss: 0.0023  reward_max: 0.1101  reward_mean: 0.0019  reward_min: -0.1085  value_loss: 0.7287
Step:   880000  |  score: 108.56 ± 0.41  |  actor_loss: -2.7910  cost_loss: 1.3783  q_loss: 0.0039  reward_max: 0.1136  reward_mean: -0.0196  reward_min: -5.1815  value_loss: 0.5498
Step:   890000  |  score: 108.57 ± 0.52  |  actor_loss: -2.7079  cost_loss: 1.3817  q_loss: 0.0024  reward_max: 0.0566  reward_mean: 0.0042  reward_min: -2.6924  value_loss: 0.6378
Step:   900000  |  score: 108.49 ± 0.36  |  actor_loss: -2.3455  cost_loss: 1.3816  q_loss: 0.0275  reward_max: 0.0595  reward_mean: 0.0034  reward_min: -2.6864  value_loss: 0.6648
Step:   910000  |  score: 109.28 ± 0.23  |  actor_loss: -2.4686  cost_loss: 1.3799  q_loss: 0.0086  reward_max: 0.1375  reward_mean: -0.0114  reward_min: -4.1968  value_loss: 0.6367
Step:   920000  |  score: 108.52 ± 0.38  |  actor_loss: -2.8830  cost_loss: 1.3810  q_loss: 0.0038  reward_max: 0.1048  reward_mean: -0.0051  reward_min: -6.0678  value_loss: 0.7042
Step:   930000  |  score: 108.73 ± 0.25  |  actor_loss: -2.5555  cost_loss: 1.3829  q_loss: 0.0012  reward_max: 0.1012  reward_mean: 0.0105  reward_min: -0.0408  value_loss: 0.7358
Step:   940000  |  score: 108.60 ± 0.21  |  actor_loss: -2.4729  cost_loss: 1.3811  q_loss: 0.0020  reward_max: 0.0518  reward_mean: -0.0006  reward_min: -2.4650  value_loss: 0.6331
Step:   950000  |  score: 108.76 ± 0.39  |  actor_loss: -2.5833  cost_loss: 1.3816  q_loss: 0.0021  reward_max: 0.0466  reward_mean: -0.0088  reward_min: -4.5264  value_loss: 0.6466
Step:   960000  |  score: 108.87 ± 0.27  |  actor_loss: -2.6834  cost_loss: 1.3816  q_loss: 0.0020  reward_max: 0.0403  reward_mean: 0.0050  reward_min: -0.1685  value_loss: 0.7224
Step:   970000  |  score: 108.56 ± 0.37  |  actor_loss: -2.5439  cost_loss: 1.3829  q_loss: 0.0011  reward_max: 0.0766  reward_mean: -0.0004  reward_min: -0.0398  value_loss: 0.7380
Step:   980000  |  score: 108.39 ± 0.47  |  actor_loss: -2.4941  cost_loss: 1.3830  q_loss: 0.0013  reward_max: 0.0904  reward_mean: 0.0027  reward_min: -0.0880  value_loss: 0.7239
Step:   990000  |  score: 108.56 ± 0.19  |  actor_loss: -2.5705  cost_loss: 1.3814  q_loss: 0.0027  reward_max: 0.1191  reward_mean: -0.0003  reward_min: -3.2653  value_loss: 0.6563
Step:  1000000  |  score: 109.16 ± 0.21  |  actor_loss: -2.5094  cost_loss: 1.3812  q_loss: 0.0034  reward_max: 0.0821  reward_mean: -0.0084  reward_min: -4.7480  value_loss: 0.6675
Step:  1010000  |  score: 108.69 ± 0.18  |  actor_loss: -2.7459  cost_loss: 1.3811  q_loss: 0.0038  reward_max: 0.1132  reward_mean: -0.0048  reward_min: -3.8644  value_loss: 0.6756
Step:  1020000  |  score: 108.43 ± 0.40  |  actor_loss: -2.5013  cost_loss: 1.3821  q_loss: 0.0013  reward_max: 0.0748  reward_mean: 0.0016  reward_min: -0.2444  value_loss: 0.7643
Step:  1030000  |  score: 108.45 ± 0.21  |  actor_loss: -2.4461  cost_loss: 1.3810  q_loss: 0.0029  reward_max: 0.1097  reward_mean: -0.0051  reward_min: -4.6983  value_loss: 0.7326
Step:  1040000  |  score: 108.57 ± 0.35  |  actor_loss: -2.6572  cost_loss: 1.3830  q_loss: 0.0017  reward_max: 0.0860  reward_mean: 0.0039  reward_min: -0.0569  value_loss: 0.7672
Step:  1050000  |  score: 108.43 ± 0.34  |  actor_loss: -2.7132  cost_loss: 1.3795  q_loss: 0.0047  reward_max: 0.0759  reward_mean: -0.0068  reward_min: -3.4546  value_loss: 0.6189
Step:  1060000  |  score: 108.43 ± 0.44  |  actor_loss: -2.6197  cost_loss: 1.3810  q_loss: 0.0053  reward_max: 0.0937  reward_mean: 0.0010  reward_min: -3.7175  value_loss: 0.6685
Step:  1070000  |  score: 108.86 ± 0.23  |  actor_loss: -2.9010  cost_loss: 1.3833  q_loss: 0.0008  reward_max: 0.0916  reward_mean: 0.0034  reward_min: -0.0715  value_loss: 0.7838
Step:  1080000  |  score: 108.29 ± 0.58  |  actor_loss: -2.6392  cost_loss: 1.3790  q_loss: 0.0035  reward_max: 0.0656  reward_mean: -0.0089  reward_min: -4.8882  value_loss: 0.6642
Step:  1090000  |  score: 108.68 ± 0.34  |  actor_loss: -2.5924  cost_loss: 1.3799  q_loss: 0.0031  reward_max: 0.0734  reward_mean: -0.0072  reward_min: -3.0331  value_loss: 0.6573
Step:  1100000  |  score: 108.26 ± 0.38  |  actor_loss: -2.6172  cost_loss: 1.3810  q_loss: 0.0054  reward_max: 0.0843  reward_mean: -0.0091  reward_min: -6.3338  value_loss: 0.6686
Step:  1110000  |  score: 108.35 ± 0.37  |  actor_loss: -2.6824  cost_loss: 1.3812  q_loss: 0.0041  reward_max: 0.0990  reward_mean: -0.0001  reward_min: -5.7312  value_loss: 0.7084
Step:  1120000  |  score: 108.69 ± 0.16  |  actor_loss: -2.7262  cost_loss: 1.3810  q_loss: 0.0068  reward_max: 0.0647  reward_mean: 0.0024  reward_min: -2.2569  value_loss: 0.7646
Step:  1130000  |  score: 108.28 ± 0.43  |  actor_loss: -2.3693  cost_loss: 1.3800  q_loss: 0.0105  reward_max: 0.1128  reward_mean: -0.0072  reward_min: -3.0650  value_loss: 0.6833
Step:  1140000  |  score: 107.46 ± 0.28  |  actor_loss: -2.5307  cost_loss: 1.3780  q_loss: 0.0076  reward_max: 0.0762  reward_mean: -0.0180  reward_min: -6.1690  value_loss: 0.6181
Step:  1150000  |  score: 109.11 ± 0.29  |  actor_loss: -2.5645  cost_loss: 1.3807  q_loss: 0.0029  reward_max: 0.0787  reward_mean: -0.0010  reward_min: -3.4526  value_loss: 0.7010
Step:  1160000  |  score: 109.10 ± 0.26  |  actor_loss: -2.4431  cost_loss: 1.3794  q_loss: 0.0021  reward_max: 0.0970  reward_mean: -0.0128  reward_min: -6.1683  value_loss: 0.6608
Step:  1170000  |  score: 108.18 ± 0.46  |  actor_loss: -2.4671  cost_loss: 1.3792  q_loss: 0.0040  reward_max: 0.0738  reward_mean: -0.0160  reward_min: -6.0663  value_loss: 0.7167
Step:  1180000  |  score: 108.51 ± 0.12  |  actor_loss: -2.4244  cost_loss: 1.3815  q_loss: 0.0047  reward_max: 0.1177  reward_mean: 0.0022  reward_min: -2.2512  value_loss: 0.7066
Step:  1190000  |  score: 108.53 ± 0.27  |  actor_loss: -2.5316  cost_loss: 1.3817  q_loss: 0.0032  reward_max: 0.1215  reward_mean: -0.0109  reward_min: -3.9166  value_loss: 0.6914
Step:  1200000  |  score: 108.52 ± 0.31  |  actor_loss: -2.6198  cost_loss: 1.3811  q_loss: 0.0033  reward_max: 0.0713  reward_mean: 0.0012  reward_min: -3.5049  value_loss: 0.7007
Step:  1210000  |  score: 108.39 ± 0.54  |  actor_loss: -2.5498  cost_loss: 1.3811  q_loss: 0.0020  reward_max: 0.1618  reward_mean: -0.0035  reward_min: -3.3996  value_loss: 0.6971
Step:  1220000  |  score: 108.38 ± 0.19  |  actor_loss: -2.5729  cost_loss: 1.3821  q_loss: 0.0026  reward_max: 0.0806  reward_mean: 0.0053  reward_min: -0.1650  value_loss: 0.7783
Step:  1230000  |  score: 108.27 ± 0.45  |  actor_loss: -2.7270  cost_loss: 1.3829  q_loss: 0.0018  reward_max: 0.0835  reward_mean: 0.0060  reward_min: -0.0571  value_loss: 0.7988
Step:  1240000  |  score: 108.54 ± 0.38  |  actor_loss: -2.3871  cost_loss: 1.3817  q_loss: 0.0017  reward_max: 0.0824  reward_mean: 0.0031  reward_min: -0.2162  value_loss: 0.7837
Step:  1250000  |  score: 108.54 ± 0.23  |  actor_loss: -2.7244  cost_loss: 1.3821  q_loss: 0.0018  reward_max: 0.0838  reward_mean: 0.0034  reward_min: -0.0387  value_loss: 0.7840
Step:  1260000  |  score: 108.96 ± 0.25  |  actor_loss: -2.8377  cost_loss: 1.3824  q_loss: 0.0009  reward_max: 0.0690  reward_mean: 0.0057  reward_min: -0.0717  value_loss: 0.7918
Step:  1270000  |  score: 108.22 ± 0.49  |  actor_loss: -2.7458  cost_loss: 1.3815  q_loss: 0.0027  reward_max: 0.1883  reward_mean: -0.0047  reward_min: -5.6415  value_loss: 0.7354
Step:  1280000  |  score: 109.25 ± 0.23  |  actor_loss: -2.7200  cost_loss: 1.3790  q_loss: 0.0039  reward_max: 0.1187  reward_mean: -0.0131  reward_min: -5.8070  value_loss: 0.7176
Step:  1290000  |  score: 108.47 ± 0.40  |  actor_loss: -2.7470  cost_loss: 1.3808  q_loss: 0.0019  reward_max: 0.0701  reward_mean: -0.0051  reward_min: -2.7327  value_loss: 0.7371
Step:  1300000  |  score: 108.41 ± 0.35  |  actor_loss: -2.7069  cost_loss: 1.3817  q_loss: 0.0024  reward_max: 0.1151  reward_mean: -0.0025  reward_min: -3.9024  value_loss: 0.7050
Step:  1310000  |  score: 108.89 ± 0.20  |  actor_loss: -2.5829  cost_loss: 1.3816  q_loss: 0.0020  reward_max: 0.0614  reward_mean: 0.0037  reward_min: -0.4891  value_loss: 0.7804
Step:  1320000  |  score: 108.29 ± 0.25  |  actor_loss: -2.5804  cost_loss: 1.3822  q_loss: 0.0024  reward_max: 0.0976  reward_mean: 0.0080  reward_min: -0.1382  value_loss: 0.7858
Step:  1330000  |  score: 108.98 ± 0.20  |  actor_loss: -2.3205  cost_loss: 1.3798  q_loss: 0.0172  reward_max: 0.1417  reward_mean: -0.0048  reward_min: -3.6204  value_loss: 0.7093
Step:  1340000  |  score: 108.43 ± 0.40  |  actor_loss: -2.3850  cost_loss: 1.3825  q_loss: 0.0012  reward_max: 0.0799  reward_mean: 0.0018  reward_min: -0.0239  value_loss: 0.7994
Step:  1350000  |  score: 108.34 ± 0.57  |  actor_loss: -2.5502  cost_loss: 1.3777  q_loss: 0.0041  reward_max: 0.0476  reward_mean: -0.0173  reward_min: -3.9311  value_loss: 0.5333
Step:  1360000  |  score: 108.19 ± 0.52  |  actor_loss: -2.9469  cost_loss: 1.3824  q_loss: 0.0016  reward_max: 0.0841  reward_mean: 0.0001  reward_min: -0.0420  value_loss: 0.8209
Step:  1370000  |  score: 108.71 ± 0.30  |  actor_loss: -2.5689  cost_loss: 1.3806  q_loss: 0.0018  reward_max: 0.0480  reward_mean: -0.0020  reward_min: -3.3809  value_loss: 0.7279
Step:  1380000  |  score: 108.51 ± 0.24  |  actor_loss: -2.5806  cost_loss: 1.3824  q_loss: 0.0010  reward_max: 0.0449  reward_mean: 0.0003  reward_min: -0.0648  value_loss: 0.8121
Step:  1390000  |  score: 108.63 ± 0.45  |  actor_loss: -2.6445  cost_loss: 1.3813  q_loss: 0.0014  reward_max: 0.0665  reward_mean: -0.0034  reward_min: -3.8287  value_loss: 0.7697
Step:  1400000  |  score: 108.26 ± 0.49  |  actor_loss: -2.6140  cost_loss: 1.3819  q_loss: 0.0025  reward_max: 0.0910  reward_mean: 0.0024  reward_min: -0.2175  value_loss: 0.8324
Step:  1410000  |  score: 109.06 ± 0.19  |  actor_loss: -2.7431  cost_loss: 1.3805  q_loss: 0.0025  reward_max: 0.0523  reward_mean: -0.0066  reward_min: -3.9317  value_loss: 0.7739
Step:  1420000  |  score: 107.77 ± 0.49  |  actor_loss: -2.5990  cost_loss: 1.3803  q_loss: 0.0022  reward_max: 0.1060  reward_mean: -0.0053  reward_min: -6.3660  value_loss: 0.7858
Step:  1430000  |  score: 108.65 ± 0.17  |  actor_loss: -2.7307  cost_loss: 1.3821  q_loss: 0.0016  reward_max: 0.0835  reward_mean: 0.0042  reward_min: -0.0260  value_loss: 0.8585
Step:  1440000  |  score: 108.17 ± 0.19  |  actor_loss: -2.6023  cost_loss: 1.3808  q_loss: 0.0023  reward_max: 0.0999  reward_mean: -0.0086  reward_min: -5.4488  value_loss: 0.7647
Step:  1450000  |  score: 108.21 ± 0.37  |  actor_loss: -2.6738  cost_loss: 1.3810  q_loss: 0.0025  reward_max: 0.0375  reward_mean: -0.0079  reward_min: -4.1888  value_loss: 0.7848
Step:  1460000  |  score: 108.10 ± 0.48  |  actor_loss: -2.5552  cost_loss: 1.3808  q_loss: 0.0024  reward_max: 0.0665  reward_mean: -0.0093  reward_min: -5.5117  value_loss: 0.7809
Step:  1470000  |  score: 108.75 ± 0.21  |  actor_loss: -2.6097  cost_loss: 1.3796  q_loss: 0.0093  reward_max: 0.0630  reward_mean: -0.0083  reward_min: -4.1609  value_loss: 0.6984
Step:  1480000  |  score: 108.31 ± 0.35  |  actor_loss: -2.6049  cost_loss: 1.3800  q_loss: 0.0020  reward_max: 0.1184  reward_mean: -0.0116  reward_min: -5.7531  value_loss: 0.6846
Step:  1490000  |  score: 108.22 ± 0.50  |  actor_loss: -2.8038  cost_loss: 1.3801  q_loss: 0.0030  reward_max: 0.0692  reward_mean: -0.0130  reward_min: -5.8635  value_loss: 0.6797
Step:  1500000  |  score: 108.45 ± 0.23  |  actor_loss: -2.4664  cost_loss: 1.3821  q_loss: 0.0018  reward_max: 0.1129  reward_mean: 0.0026  reward_min: -0.0435  value_loss: 0.8439
Step:  1510000  |  score: 108.68 ± 0.20  |  actor_loss: -2.6886  cost_loss: 1.3792  q_loss: 0.0042  reward_max: 0.1073  reward_mean: -0.0105  reward_min: -4.1293  value_loss: 0.6520
Step:  1520000  |  score: 107.92 ± 0.68  |  actor_loss: -2.7119  cost_loss: 1.3796  q_loss: 0.0020  reward_max: 0.0490  reward_mean: -0.0111  reward_min: -6.1629  value_loss: 0.6846
Step:  1530000  |  score: 108.49 ± 0.14  |  actor_loss: -2.5594  cost_loss: 1.3825  q_loss: 0.0015  reward_max: 0.0753  reward_mean: 0.0044  reward_min: -0.1024  value_loss: 0.8322
Step:  1540000  |  score: 108.05 ± 0.94  |  actor_loss: -2.4501  cost_loss: 1.3817  q_loss: 0.0026  reward_max: 0.0635  reward_mean: 0.0031  reward_min: -0.0650  value_loss: 0.8450
Step:  1550000  |  score: 108.38 ± 0.89  |  actor_loss: -2.6587  cost_loss: 1.3798  q_loss: 0.0028  reward_max: 0.0937  reward_mean: -0.0181  reward_min: -5.9257  value_loss: 0.7390
Step:  1560000  |  score: 108.55 ± 0.50  |  actor_loss: -2.4494  cost_loss: 1.3819  q_loss: 0.0020  reward_max: 0.1145  reward_mean: 0.0037  reward_min: -2.4646  value_loss: 0.7665
Step:  1570000  |  score: 108.67 ± 0.26  |  actor_loss: -2.6978  cost_loss: 1.3820  q_loss: 0.0013  reward_max: 0.1080  reward_mean: 0.0071  reward_min: -0.6139  value_loss: 0.8523
Step:  1580000  |  score: 108.56 ± 0.26  |  actor_loss: -2.5800  cost_loss: 1.3830  q_loss: 0.0026  reward_max: 0.0796  reward_mean: 0.0098  reward_min: -0.0850  value_loss: 0.8370
Step:  1590000  |  score: 109.21 ± 0.23  |  actor_loss: -2.9292  cost_loss: 1.3808  q_loss: 0.0012  reward_max: 0.0606  reward_mean: -0.0027  reward_min: -2.8005  value_loss: 0.7922
Step:  1600000  |  score: 108.26 ± 0.35  |  actor_loss: -2.7545  cost_loss: 1.3809  q_loss: 0.0035  reward_max: 0.1103  reward_mean: -0.0055  reward_min: -5.4397  value_loss: 0.7723
Step:  1610000  |  score: 108.76 ± 0.23  |  actor_loss: -2.6307  cost_loss: 1.3807  q_loss: 0.0064  reward_max: 0.2195  reward_mean: -0.0149  reward_min: -5.6430  value_loss: 0.7240
Step:  1620000  |  score: 108.14 ± 0.37  |  actor_loss: -2.5561  cost_loss: 1.3820  q_loss: 0.0025  reward_max: 0.1045  reward_mean: 0.0044  reward_min: -0.0525  value_loss: 0.8422
Step:  1630000  |  score: 107.66 ± 0.39  |  actor_loss: -2.8684  cost_loss: 1.3814  q_loss: 0.0032  reward_max: 0.1014  reward_mean: -0.0005  reward_min: -2.7824  value_loss: 0.7150
Step:  1640000  |  score: 108.34 ± 0.23  |  actor_loss: -2.7935  cost_loss: 1.3823  q_loss: 0.0025  reward_max: 0.0954  reward_mean: 0.0043  reward_min: -0.1578  value_loss: 0.8526
Step:  1650000  |  score: 108.75 ± 0.26  |  actor_loss: -2.6024  cost_loss: 1.3804  q_loss: 0.0028  reward_max: 0.0538  reward_mean: -0.0086  reward_min: -4.5317  value_loss: 0.6921
Step:  1660000  |  score: 108.80 ± 0.30  |  actor_loss: -2.6648  cost_loss: 1.3824  q_loss: 0.0022  reward_max: 0.0603  reward_mean: 0.0032  reward_min: -0.0599  value_loss: 0.8803
Step:  1670000  |  score: 108.67 ± 0.18  |  actor_loss: -2.8280  cost_loss: 1.3819  q_loss: 0.0030  reward_max: 0.0549  reward_mean: 0.0038  reward_min: -0.0731  value_loss: 0.8508
Step:  1680000  |  score: 108.34 ± 0.09  |  actor_loss: -2.6800  cost_loss: 1.3824  q_loss: 0.0016  reward_max: 0.0964  reward_mean: 0.0020  reward_min: -0.0503  value_loss: 0.8459
Step:  1690000  |  score: 108.18 ± 0.19  |  actor_loss: -2.6713  cost_loss: 1.3814  q_loss: 0.0016  reward_max: 0.0822  reward_mean: -0.0065  reward_min: -5.8646  value_loss: 0.8220
Step:  1700000  |  score: 108.29 ± 0.44  |  actor_loss: -2.6105  cost_loss: 1.3829  q_loss: 0.0012  reward_max: 0.0615  reward_mean: 0.0056  reward_min: -0.0367  value_loss: 0.8620
Step:  1710000  |  score: 108.89 ± 0.29  |  actor_loss: -2.4303  cost_loss: 1.3806  q_loss: 0.0032  reward_max: 0.0677  reward_mean: -0.0046  reward_min: -5.8548  value_loss: 0.8619
Step:  1720000  |  score: 108.48 ± 0.56  |  actor_loss: -2.6515  cost_loss: 1.3814  q_loss: 0.0026  reward_max: 0.0473  reward_mean: -0.0058  reward_min: -4.3542  value_loss: 0.7537
Step:  1730000  |  score: 108.67 ± 0.30  |  actor_loss: -2.7425  cost_loss: 1.3809  q_loss: 0.0028  reward_max: 0.0709  reward_mean: -0.0041  reward_min: -4.6204  value_loss: 0.8225
Step:  1740000  |  score: 108.72 ± 0.25  |  actor_loss: -2.6156  cost_loss: 1.3811  q_loss: 0.0018  reward_max: 0.1216  reward_mean: -0.0052  reward_min: -6.2669  value_loss: 0.7995
Step:  1750000  |  score: 108.76 ± 0.37  |  actor_loss: -2.9113  cost_loss: 1.3824  q_loss: 0.0008  reward_max: 0.1067  reward_mean: 0.0078  reward_min: -0.0321  value_loss: 0.8620
Step:  1760000  |  score: 108.40 ± 0.21  |  actor_loss: -2.6779  cost_loss: 1.3782  q_loss: 0.0088  reward_max: 0.0446  reward_mean: -0.0170  reward_min: -4.9573  value_loss: 0.6090
Step:  1770000  |  score: 108.51 ± 0.18  |  actor_loss: -2.4086  cost_loss: 1.3783  q_loss: 0.0024  reward_max: 0.0593  reward_mean: -0.0142  reward_min: -3.9716  value_loss: 0.5949
Step:  1780000  |  score: 108.91 ± 0.28  |  actor_loss: -2.7953  cost_loss: 1.3808  q_loss: 0.0010  reward_max: 0.0319  reward_mean: -0.0073  reward_min: -4.3151  value_loss: 0.7283
Step:  1790000  |  score: 108.77 ± 0.27  |  actor_loss: -2.6433  cost_loss: 1.3826  q_loss: 0.0016  reward_max: 0.0502  reward_mean: 0.0089  reward_min: -0.0409  value_loss: 0.8723
Step:  1800000  |  score: 108.50 ± 0.61  |  actor_loss: -2.7623  cost_loss: 1.3828  q_loss: 0.0010  reward_max: 0.1002  reward_mean: 0.0072  reward_min: -0.0295  value_loss: 0.8693
Step:  1810000  |  score: 108.82 ± 0.20  |  actor_loss: -2.5703  cost_loss: 1.3822  q_loss: 0.0033  reward_max: 0.0695  reward_mean: 0.0056  reward_min: -0.0381  value_loss: 0.8641
Step:  1820000  |  score: 108.45 ± 0.63  |  actor_loss: -2.7239  cost_loss: 1.3826  q_loss: 0.0011  reward_max: 0.0748  reward_mean: 0.0046  reward_min: -0.0676  value_loss: 0.8593
Step:  1830000  |  score: 107.74 ± 0.22  |  actor_loss: -2.5459  cost_loss: 1.3812  q_loss: 0.0026  reward_max: 0.0582  reward_mean: -0.0035  reward_min: -2.7501  value_loss: 0.7892
Step:  1840000  |  score: 108.73 ± 0.52  |  actor_loss: -2.6297  cost_loss: 1.3817  q_loss: 0.0021  reward_max: 0.0359  reward_mean: 0.0029  reward_min: -0.0886  value_loss: 0.8493
Step:  1850000  |  score: 107.76 ± 0.40  |  actor_loss: -2.7239  cost_loss: 1.3828  q_loss: 0.0013  reward_max: 0.0903  reward_mean: 0.0057  reward_min: -0.0242  value_loss: 0.8810
Step:  1860000  |  score: 108.29 ± 1.13  |  actor_loss: -2.5586  cost_loss: 1.3827  q_loss: 0.0026  reward_max: 0.0865  reward_mean: 0.0035  reward_min: -0.0248  value_loss: 0.8423
Step:  1870000  |  score: 108.44 ± 0.20  |  actor_loss: -2.5323  cost_loss: 1.3820  q_loss: 0.0019  reward_max: 0.0687  reward_mean: 0.0033  reward_min: -0.0625  value_loss: 0.8691
Step:  1880000  |  score: 108.43 ± 0.27  |  actor_loss: -2.8015  cost_loss: 1.3824  q_loss: 0.0015  reward_max: 0.0879  reward_mean: 0.0052  reward_min: -0.0536  value_loss: 0.8752
Step:  1890000  |  score: 107.93 ± 0.56  |  actor_loss: -2.5498  cost_loss: 1.3810  q_loss: 0.0036  reward_max: 0.0945  reward_mean: -0.0070  reward_min: -6.2402  value_loss: 0.7968
Step:  1900000  |  score: 108.83 ± 0.24  |  actor_loss: -2.1826  cost_loss: 1.3783  q_loss: 0.0048  reward_max: 0.1437  reward_mean: -0.0115  reward_min: -3.9633  value_loss: 0.6694
Step:  1910000  |  score: 108.43 ± 0.31  |  actor_loss: -2.5586  cost_loss: 1.3799  q_loss: 0.0054  reward_max: 0.1138  reward_mean: -0.0108  reward_min: -5.7104  value_loss: 0.7587
Step:  1920000  |  score: 107.65 ± 0.92  |  actor_loss: -2.6299  cost_loss: 1.3821  q_loss: 0.0014  reward_max: 0.0801  reward_mean: 0.0024  reward_min: -0.0880  value_loss: 0.8615
Step:  1930000  |  score: 109.17 ± 0.16  |  actor_loss: -2.7905  cost_loss: 1.3807  q_loss: 0.0038  reward_max: 0.0514  reward_mean: -0.0047  reward_min: -2.9532  value_loss: 0.8194
Step:  1940000  |  score: 108.09 ± 0.35  |  actor_loss: -2.5903  cost_loss: 1.3827  q_loss: 0.0011  reward_max: 0.1182  reward_mean: 0.0051  reward_min: -0.0834  value_loss: 0.8741
Step:  1950000  |  score: 108.49 ± 0.38  |  actor_loss: -2.6482  cost_loss: 1.3823  q_loss: 0.0015  reward_max: 0.0974  reward_mean: 0.0048  reward_min: -0.0781  value_loss: 0.8654
Step:  1960000  |  score: 108.04 ± 0.49  |  actor_loss: -2.6848  cost_loss: 1.3831  q_loss: 0.0019  reward_max: 0.0376  reward_mean: 0.0083  reward_min: -0.1742  value_loss: 0.8793
Step:  1970000  |  score: 108.32 ± 0.32  |  actor_loss: -2.6541  cost_loss: 1.3796  q_loss: 0.0031  reward_max: 0.0721  reward_mean: -0.0114  reward_min: -4.9670  value_loss: 0.8313
Step:  1980000  |  score: 108.78 ± 0.36  |  actor_loss: -2.7205  cost_loss: 1.3794  q_loss: 0.0235  reward_max: 0.0598  reward_mean: -0.0081  reward_min: -5.2213  value_loss: 0.7656
Step:  1990000  |  score: 108.45 ± 0.29  |  actor_loss: -2.6372  cost_loss: 1.3825  q_loss: 0.0026  reward_max: 0.0639  reward_mean: 0.0063  reward_min: -0.0354  value_loss: 0.9098
Step:  2000000  |  score: 108.35 ± 0.20  |  actor_loss: -2.5520  cost_loss: 1.3799  q_loss: 0.0048  reward_max: 0.0726  reward_mean: -0.0099  reward_min: -4.1560  value_loss: 0.7080
Final evaluation (13 iterations)...
Final score: 108.02 ± 0.75
wandb: WARNING Symlinked 1 file into the W&B run directory; call wandb.save again to sync new files.
wandb: uploading data; updating run metadata
wandb: uploading data
wandb: uploading data; uploading config.yaml; uploading final_returns/bdemodice_walker2d-expert-v2_2026-03-18_16-58-06.npz; uploading output.log; uploading wandb-summary.json
wandb: uploading data; uploading final_returns/bdemodice_walker2d-expert-v2_2026-03-18_16-58-06.npz; uploading output.log
wandb: uploading data
wandb: uploading summary, console lines 214-215
wandb: 
wandb: Run history:
wandb:  actor_loss █▃▂▂▂▂▂▂▁▂▂▁▂▁▂▁▁▁▁▁▁▁▁▁▂▁▁▁▁▁▁▁▂▁▁▁▁▁▂▁
wandb:   cost_loss █▄▄▆▁▄▆▆▄▆▇▄▄█▄▇▆▅▇█▆▆█▄█▆▅▆▇▅█▅▇▇▆▆▇▅▇▄
wandb: num_updates ▁▁▁▁▁▁▂▂▂▂▂▂▂▂▂▃▃▃▃▃▄▄▅▅▅▅▆▆▆▆▇▇▇▇▇▇▇▇██
wandb:      q_loss ▄█▂▁▃▁▄▁▆▁▂▁▂▁▁▁▁▂▁▂▁▁▁▁▁▁▁▁▁▁▁▁▁▁▁▁▁▁▁▁
wandb:      return ▆▇▇▇▇█▇▇▁▇████▇█▇████████▇█▇▇▇█▇▇██▇█▇█▇
wandb:  reward_max ▅▄█▂▃▅▅▆▄▆▅▄▂▃▃▅▂▄▄▄▃▄▂▃▃▄▁▁▁▂▄▄▂▂▄▄▃▅▁▂
wandb: reward_mean ▆█▁█▅▆▆▆▇▅▂▇▇▆▅▇▇▇▇▇▅▆▆▅▆▇▆▇▅▆▇▅▅▄▅▇▅▇▄▅
wandb:  reward_min ▅▄▄▆▅█▄▆▃███▃▁▁█▂█▁▅▅▃▅▁▆▅▁█▂▄█▇▂█▅█▂▄▁▄
wandb:       score ▁▆▅▇▅▇█▇▆▇▆█▇▆▆▇▇▆▆▆▇▆▆▆▆▅▇▇▆▆▅▆▆▆▆▆▇▆▆▅
wandb:   score_std █▁▁▁▁▁▁▁▁▁▁▁▁▁▁▁▁▁▁▁▁▁▁▁▁▁▁▁▁▁▁▁▁▁▁▁▁▁▁▁
wandb:          +1 ...
wandb: 
wandb: Run summary:
wandb:  actor_loss -2.55203
wandb:   cost_loss 1.37987
wandb: num_updates 2000000
wandb:      q_loss 0.00475
wandb:      return 4975.53641
wandb:  reward_max 0.07262
wandb: reward_mean -0.00992
wandb:  reward_min -4.15599
wandb:       score 108.34816
wandb:   score_std 0.19908
wandb:          +1 ...
wandb: 
wandb: 🚀 View run bdemodice_walker2d_M1_s1 at: https://wandb.ai/wsk208/DemoDICE/runs/6tqbpj0y
wandb: ⭐️ View project at: https://wandb.ai/wsk208/DemoDICE
wandb: Synced 5 W&B file(s), 0 media file(s), 0 artifact file(s) and 1 other file(s)
wandb: Find logs at: ./wandb/run-20260318_163153-6tqbpj0y/logs
