Warning: All of online environments libraries in D4RL have been moved ]8;;https://github.com/Farama-Foundation/Gymnasium\Gymnasium]8;;\, ]8;;https://github.com/Farama-Foundation/MiniGrid\MiniGrid]8;;\ and ]8;;https://github.com/Farama-Foundation/Gymnasium-Robotics\Gymnasium-Robotics]8;;\, and all offline datasets in D4RL have been moved to ]8;;https://github.com/Farama-Foundation/Minari\Minari]8;;\.
These new versions include large bug fixes, new versions of Python, and are where all new development will continue. Please upgrade these libraries as soon as you're able to do so.
If you'd like to read more about the story behind this switch, please check out ]8;;https://farama.org/Announcing-Minari\this blog post]8;;\.
Gym has been unmaintained since 2022 and does not support NumPy 2.0 amongst other critical functionality.
Please upgrade to Gymnasium, the maintained drop-in replacement of Gym, or contact the authors of your software and request that they upgrade.
See the migration guide at https://gymnasium.farama.org/introduction/migration_guide/ for additional information.
/opt/venv/lib/python3.10/site-packages/Cython/Distutils/old_build_ext.py:15: DeprecationWarning: dep_util is Deprecated. Use functions from setuptools instead.
  from distutils.dep_util import newer, newer_group
<frozen importlib._bootstrap>:283: DeprecationWarning: the load_module() method is deprecated and slated for removal in Python 3.12; use exec_module() instead
pybullet build time: Jan 29 2025 23:16:28
wandb: [wandb.login()] Loaded credentials for https://api.wandb.ai from /root/.netrc.
wandb: Currently logged in as: wsk208 to https://api.wandb.ai. Use `wandb login --relogin` to force relogin
/opt/venv/lib/python3.10/site-packages/wandb/analytics/sentry.py:268: DeprecationWarning: Read the `app_url` setting from the appropriate Settings object.
  app_url = wandb.util.app_url(tags["base_url"])  # type: ignore[index]
/opt/venv/lib/python3.10/site-packages/wandb/analytics/sentry.py:279: DeprecationWarning: The `Scope.user` setter is deprecated in favor of `Scope.set_user()`.
  self.scope.user = {"email": email}
wandb: setting up run r8as81oe
/opt/venv/lib/python3.10/site-packages/wandb/analytics/sentry.py:268: DeprecationWarning: Read the `app_url` setting from the appropriate Settings object.
  app_url = wandb.util.app_url(tags["base_url"])  # type: ignore[index]
/opt/venv/lib/python3.10/site-packages/wandb/analytics/sentry.py:279: DeprecationWarning: The `Scope.user` setter is deprecated in favor of `Scope.set_user()`.
  self.scope.user = {"email": email}
wandb: Tracking run with wandb version 0.25.1
wandb: Run data is saved locally in /app/wandb/run-20260318_183130-r8as81oe
wandb: Run `wandb offline` to turn off syncing.
wandb: Syncing run bdemodice_walker2d_M4_s4
wandb: ⭐️ View project at https://wandb.ai/wsk208/DemoDICE
wandb: 🚀 View run at https://wandb.ai/wsk208/DemoDICE/runs/r8as81oe
/opt/venv/lib/python3.10/site-packages/gym/spaces/box.py:84: UserWarning: [33mWARN: Box bound precision lowered by casting to float32[0m
  logger.warn(f"Box bound precision lowered by casting to {self.dtype}")
load datafile:   0%|          | 0/21 [00:00<?, ?it/s]load datafile:   5%|▍         | 1/21 [00:00<00:03,  5.90it/s]load datafile:  14%|█▍        | 3/21 [00:00<00:03,  5.27it/s]load datafile:  19%|█▉        | 4/21 [00:00<00:04,  4.02it/s]load datafile:  81%|████████  | 17/21 [00:01<00:00, 15.49it/s]load datafile:  90%|█████████ | 19/21 [00:01<00:00, 10.78it/s]load datafile: 100%|██████████| 21/21 [00:01<00:00, 11.17it/s]
Expert  :  999000 transitions  (walker2d-expert-v2, 100 traj)
load datafile:   0%|          | 0/9 [00:00<?, ?it/s]load datafile:  11%|█         | 1/9 [00:00<00:01,  6.32it/s]load datafile:  33%|███▎      | 3/9 [00:00<00:01,  5.40it/s]load datafile:  44%|████▍     | 4/9 [00:00<00:01,  4.05it/s]load datafile:  56%|█████▌    | 5/9 [00:01<00:01,  3.21it/s]load datafile:  67%|██████▋   | 6/9 [00:01<00:01,  2.83it/s]load datafile: 100%|██████████| 9/9 [00:01<00:00,  4.93it/s]
Imperfect:   31801 transitions  (walker2d-random-v2, 1600 traj)
Union   : 1030801 transitions total
/root/.local/share/uv/python/cpython-3.10-linux-x86_64-gnu/lib/python3.10/multiprocessing/popen_fork.py:66: RuntimeWarning: os.fork() was called. os.fork() is incompatible with multithreaded code, and JAX is multithreaded, so this will likely lead to a deadlock.
  self.pid = os.fork()
/opt/venv/lib/python3.10/site-packages/tensorflow_probability/python/internal/backend/jax/ops.py:681: DeprecationWarning: jax.interpreters.xla.pytype_aval_mappings is deprecated.
  jax.interpreters.xla.pytype_aval_mappings[onp.ndarray])
/opt/venv/lib/python3.10/site-packages/gym/spaces/box.py:84: UserWarning: [33mWARN: Box bound precision lowered by casting to float32[0m
  logger.warn(f"Box bound precision lowered by casting to {self.dtype}")
Step:    10000  |  score: 9.74 ± 0.36  |  actor_loss: 3.8283  cost_loss: 1.3607  q_loss: 0.2489  reward_max: 0.1641  reward_mean: -0.0991  reward_min: -5.3035  value_loss: 0.4346
Step:    20000  |  score: 9.97 ± 0.45  |  actor_loss: 2.3377  cost_loss: 1.3624  q_loss: 0.2355  reward_max: 0.3809  reward_mean: -0.0805  reward_min: -5.3360  value_loss: 1.0168
Step:    30000  |  score: 22.56 ± 18.88  |  actor_loss: 0.8278  cost_loss: 1.3648  q_loss: 0.1577  reward_max: 0.2618  reward_mean: -0.0575  reward_min: -5.4614  value_loss: 1.4274
Step:    40000  |  score: 108.11 ± 0.71  |  actor_loss: -0.3212  cost_loss: 1.3529  q_loss: 0.3078  reward_max: 0.1999  reward_mean: -0.1499  reward_min: -6.4347  value_loss: 1.2784
Step:    50000  |  score: 107.96 ± 0.30  |  actor_loss: -1.0976  cost_loss: 1.3614  q_loss: 0.1592  reward_max: 0.1906  reward_mean: -0.0860  reward_min: -6.1057  value_loss: 1.6807
Step:    60000  |  score: 59.60 ± 47.40  |  actor_loss: -1.3571  cost_loss: 1.3582  q_loss: 0.2737  reward_max: 0.3500  reward_mean: -0.0963  reward_min: -5.8130  value_loss: 1.5959
Step:    70000  |  score: 108.49 ± 0.32  |  actor_loss: -1.5956  cost_loss: 1.3601  q_loss: 0.1780  reward_max: 0.1486  reward_mean: -0.1304  reward_min: -6.3171  value_loss: 1.7806
Step:    80000  |  score: 108.04 ± 0.15  |  actor_loss: -1.9260  cost_loss: 1.3640  q_loss: 0.1568  reward_max: 0.1720  reward_mean: -0.0945  reward_min: -6.2962  value_loss: 1.8317
Step:    90000  |  score: 108.10 ± 1.41  |  actor_loss: -1.4101  cost_loss: 1.3634  q_loss: 0.1920  reward_max: 0.1833  reward_mean: -0.1208  reward_min: -6.3905  value_loss: 1.8502
Step:   100000  |  score: 109.37 ± 0.14  |  actor_loss: -1.8161  cost_loss: 1.3658  q_loss: 0.1943  reward_max: 0.1029  reward_mean: -0.0864  reward_min: -6.5766  value_loss: 1.8916
Step:   110000  |  score: 108.20 ± 0.80  |  actor_loss: -1.0852  cost_loss: 1.3542  q_loss: 0.1829  reward_max: 0.1707  reward_mean: -0.1423  reward_min: -6.6197  value_loss: 1.7057
Step:   120000  |  score: 109.22 ± 0.23  |  actor_loss: -2.0633  cost_loss: 1.3524  q_loss: 0.2114  reward_max: 0.2478  reward_mean: -0.1273  reward_min: -6.5424  value_loss: 1.6845
Step:   130000  |  score: 108.55 ± 0.17  |  actor_loss: -1.8122  cost_loss: 1.3538  q_loss: 0.2824  reward_max: 0.2899  reward_mean: -0.1740  reward_min: -6.7056  value_loss: 1.6047
Step:   140000  |  score: 108.60 ± 0.19  |  actor_loss: -1.9941  cost_loss: 1.3585  q_loss: 0.1137  reward_max: 0.2005  reward_mean: -0.1270  reward_min: -6.6663  value_loss: 1.7561
Step:   150000  |  score: 107.75 ± 1.29  |  actor_loss: -2.0886  cost_loss: 1.3598  q_loss: 0.1459  reward_max: 0.1942  reward_mean: -0.1327  reward_min: -6.4943  value_loss: 1.8198
Step:   160000  |  score: 109.07 ± 0.33  |  actor_loss: -1.3565  cost_loss: 1.3594  q_loss: 0.2038  reward_max: 0.1652  reward_mean: -0.1340  reward_min: -6.2929  value_loss: 1.9632
Step:   170000  |  score: 108.86 ± 0.18  |  actor_loss: -1.7092  cost_loss: 1.3654  q_loss: 0.1500  reward_max: 0.1271  reward_mean: -0.0751  reward_min: -6.2783  value_loss: 2.0487
Step:   180000  |  score: 107.94 ± 0.84  |  actor_loss: -1.8440  cost_loss: 1.3628  q_loss: 0.1832  reward_max: 0.2353  reward_mean: -0.1031  reward_min: -5.6510  value_loss: 1.9112
Step:   190000  |  score: 108.91 ± 0.27  |  actor_loss: -2.1596  cost_loss: 1.3712  q_loss: 0.0730  reward_max: 0.1620  reward_mean: -0.0275  reward_min: -6.3067  value_loss: 2.2719
Step:   200000  |  score: 108.19 ± 0.63  |  actor_loss: -2.3020  cost_loss: 1.3674  q_loss: 0.1352  reward_max: 0.2171  reward_mean: -0.0577  reward_min: -6.3663  value_loss: 2.2586
Step:   210000  |  score: 109.12 ± 0.22  |  actor_loss: -1.8997  cost_loss: 1.3638  q_loss: 0.0687  reward_max: 0.1247  reward_mean: -0.1020  reward_min: -6.5961  value_loss: 1.9793
Step:   220000  |  score: 108.71 ± 0.41  |  actor_loss: -1.5696  cost_loss: 1.3541  q_loss: 0.3455  reward_max: 0.2307  reward_mean: -0.1566  reward_min: -6.5611  value_loss: 1.6497
Step:   230000  |  score: 108.90 ± 0.42  |  actor_loss: -1.6535  cost_loss: 1.3628  q_loss: 0.1496  reward_max: 0.1791  reward_mean: -0.0796  reward_min: -6.3830  value_loss: 2.0265
Step:   240000  |  score: 108.33 ± 0.51  |  actor_loss: -1.7842  cost_loss: 1.3619  q_loss: 0.1361  reward_max: 0.1499  reward_mean: -0.1165  reward_min: -6.3085  value_loss: 1.8444
Step:   250000  |  score: 109.23 ± 0.25  |  actor_loss: -2.4712  cost_loss: 1.3685  q_loss: 0.1389  reward_max: 0.1645  reward_mean: -0.0691  reward_min: -6.5157  value_loss: 2.2253
Step:   260000  |  score: 109.08 ± 0.26  |  actor_loss: -1.8900  cost_loss: 1.3602  q_loss: 0.1271  reward_max: 0.1137  reward_mean: -0.1093  reward_min: -6.5994  value_loss: 1.9594
Step:   270000  |  score: 107.62 ± 0.82  |  actor_loss: -2.0088  cost_loss: 1.3698  q_loss: 0.0377  reward_max: 0.1688  reward_mean: -0.0748  reward_min: -6.5071  value_loss: 2.2890
Step:   280000  |  score: 109.07 ± 0.34  |  actor_loss: -1.9407  cost_loss: 1.3721  q_loss: 0.0504  reward_max: 0.1160  reward_mean: -0.0555  reward_min: -6.0877  value_loss: 2.2432
Step:   290000  |  score: 107.84 ± 0.30  |  actor_loss: -2.2683  cost_loss: 1.3621  q_loss: 0.2436  reward_max: 0.1443  reward_mean: -0.1215  reward_min: -6.4585  value_loss: 1.9375
Step:   300000  |  score: 108.81 ± 0.28  |  actor_loss: -1.7863  cost_loss: 1.3501  q_loss: 0.1351  reward_max: 0.1402  reward_mean: -0.1883  reward_min: -6.5104  value_loss: 1.5939
Step:   310000  |  score: 108.87 ± 0.21  |  actor_loss: -1.2587  cost_loss: 1.3581  q_loss: 0.1920  reward_max: 0.1385  reward_mean: -0.1177  reward_min: -6.4186  value_loss: 1.8513
Step:   320000  |  score: 108.01 ± 0.39  |  actor_loss: -2.1940  cost_loss: 1.3687  q_loss: 0.0626  reward_max: 0.1521  reward_mean: -0.0742  reward_min: -6.5865  value_loss: 2.2012
Step:   330000  |  score: 108.26 ± 0.43  |  actor_loss: -2.2532  cost_loss: 1.3671  q_loss: 0.0953  reward_max: 0.2035  reward_mean: -0.0840  reward_min: -6.3999  value_loss: 2.2088
Step:   340000  |  score: 108.57 ± 0.51  |  actor_loss: -2.2131  cost_loss: 1.3670  q_loss: 0.0277  reward_max: 0.0994  reward_mean: -0.0879  reward_min: -6.0703  value_loss: 2.1730
Step:   350000  |  score: 109.04 ± 0.35  |  actor_loss: -1.8408  cost_loss: 1.3608  q_loss: 0.1539  reward_max: 0.2654  reward_mean: -0.0999  reward_min: -6.2231  value_loss: 1.8196
Step:   360000  |  score: 108.57 ± 0.37  |  actor_loss: -1.9121  cost_loss: 1.3659  q_loss: 0.1587  reward_max: 0.1632  reward_mean: -0.0804  reward_min: -5.9963  value_loss: 2.1736
Step:   370000  |  score: 108.91 ± 0.10  |  actor_loss: -2.0294  cost_loss: 1.3632  q_loss: 0.0680  reward_max: 0.1138  reward_mean: -0.1056  reward_min: -6.4697  value_loss: 2.0072
Step:   380000  |  score: 109.07 ± 0.27  |  actor_loss: -1.9672  cost_loss: 1.3617  q_loss: 0.0988  reward_max: 0.1839  reward_mean: -0.1211  reward_min: -6.6112  value_loss: 1.9842
Step:   390000  |  score: 108.02 ± 0.27  |  actor_loss: -1.9294  cost_loss: 1.3680  q_loss: 0.0643  reward_max: 0.1353  reward_mean: -0.0647  reward_min: -6.5878  value_loss: 2.2197
Step:   400000  |  score: 108.98 ± 0.33  |  actor_loss: -2.1353  cost_loss: 1.3641  q_loss: 0.0516  reward_max: 0.1177  reward_mean: -0.1122  reward_min: -6.3304  value_loss: 1.9843
Step:   410000  |  score: 108.47 ± 0.25  |  actor_loss: -2.3132  cost_loss: 1.3775  q_loss: 0.0517  reward_max: 0.2634  reward_mean: -0.0217  reward_min: -6.3676  value_loss: 2.5547
Step:   420000  |  score: 108.52 ± 0.43  |  actor_loss: -1.5841  cost_loss: 1.3448  q_loss: 0.1312  reward_max: 0.1577  reward_mean: -0.2056  reward_min: -6.4130  value_loss: 1.3899
Step:   430000  |  score: 108.55 ± 0.32  |  actor_loss: -1.7210  cost_loss: 1.3574  q_loss: 0.1011  reward_max: 0.1175  reward_mean: -0.1542  reward_min: -6.6533  value_loss: 1.6811
Step:   440000  |  score: 109.16 ± 0.44  |  actor_loss: -1.6702  cost_loss: 1.3679  q_loss: 0.0613  reward_max: 0.1030  reward_mean: -0.0625  reward_min: -6.4811  value_loss: 2.1685
Step:   450000  |  score: 108.22 ± 0.56  |  actor_loss: -1.9144  cost_loss: 1.3615  q_loss: 0.0549  reward_max: 0.1114  reward_mean: -0.1271  reward_min: -6.4270  value_loss: 2.0013
Step:   460000  |  score: 109.59 ± 0.18  |  actor_loss: -1.7486  cost_loss: 1.3595  q_loss: 0.0675  reward_max: 0.1148  reward_mean: -0.1206  reward_min: -6.6820  value_loss: 1.9632
Step:   470000  |  score: 109.13 ± 0.45  |  actor_loss: -1.8136  cost_loss: 1.3466  q_loss: 0.1291  reward_max: 0.1465  reward_mean: -0.2389  reward_min: -6.7015  value_loss: 1.5522
Step:   480000  |  score: 108.21 ± 0.60  |  actor_loss: -2.1329  cost_loss: 1.3616  q_loss: 0.1798  reward_max: 0.1540  reward_mean: -0.1236  reward_min: -6.5751  value_loss: 2.0753
Step:   490000  |  score: 109.23 ± 0.26  |  actor_loss: -2.0629  cost_loss: 1.3602  q_loss: 0.1614  reward_max: 0.1855  reward_mean: -0.1196  reward_min: -6.5526  value_loss: 2.1637
Step:   500000  |  score: 107.79 ± 0.39  |  actor_loss: -2.1980  cost_loss: 1.3631  q_loss: 0.0718  reward_max: 0.1548  reward_mean: -0.0941  reward_min: -6.5195  value_loss: 2.1522
Step:   510000  |  score: 109.04 ± 0.18  |  actor_loss: -0.8622  cost_loss: 1.3599  q_loss: 0.1291  reward_max: 0.1287  reward_mean: -0.1249  reward_min: -6.4803  value_loss: 2.0275
Step:   520000  |  score: 108.76 ± 0.31  |  actor_loss: -1.3886  cost_loss: 1.3639  q_loss: 0.1028  reward_max: 0.1581  reward_mean: -0.1100  reward_min: -6.3473  value_loss: 2.1122
Step:   530000  |  score: 108.87 ± 0.25  |  actor_loss: -2.1110  cost_loss: 1.3668  q_loss: 0.0371  reward_max: 0.3661  reward_mean: -0.0811  reward_min: -6.5209  value_loss: 2.2782
Step:   540000  |  score: 108.23 ± 0.27  |  actor_loss: -2.0842  cost_loss: 1.3604  q_loss: 0.0783  reward_max: 0.1416  reward_mean: -0.1186  reward_min: -6.4024  value_loss: 2.0743
Step:   550000  |  score: 109.12 ± 0.48  |  actor_loss: -1.7692  cost_loss: 1.3611  q_loss: 0.1006  reward_max: 0.1399  reward_mean: -0.1208  reward_min: -6.4847  value_loss: 1.9933
Step:   560000  |  score: 109.40 ± 0.35  |  actor_loss: -2.2363  cost_loss: 1.3640  q_loss: 0.1369  reward_max: 0.2196  reward_mean: -0.0823  reward_min: -6.4205  value_loss: 2.0619
Step:   570000  |  score: 109.21 ± 0.21  |  actor_loss: -2.0568  cost_loss: 1.3672  q_loss: 0.0715  reward_max: 0.2719  reward_mean: -0.0781  reward_min: -6.2152  value_loss: 2.3787
Step:   580000  |  score: 108.94 ± 0.41  |  actor_loss: -2.2545  cost_loss: 1.3662  q_loss: 0.0928  reward_max: 0.1828  reward_mean: -0.0857  reward_min: -6.5515  value_loss: 2.1494
Step:   590000  |  score: 109.33 ± 0.41  |  actor_loss: -2.0089  cost_loss: 1.3566  q_loss: 0.0637  reward_max: 0.2211  reward_mean: -0.1462  reward_min: -6.5631  value_loss: 1.8404
Step:   600000  |  score: 107.73 ± 1.04  |  actor_loss: -2.3416  cost_loss: 1.3650  q_loss: 0.0733  reward_max: 0.1732  reward_mean: -0.0859  reward_min: -6.3044  value_loss: 2.1888
Step:   610000  |  score: 109.06 ± 0.18  |  actor_loss: -1.8765  cost_loss: 1.3565  q_loss: 0.1941  reward_max: 0.2638  reward_mean: -0.1388  reward_min: -6.4432  value_loss: 1.7577
Step:   620000  |  score: 108.96 ± 0.28  |  actor_loss: -1.8928  cost_loss: 1.3565  q_loss: 0.1439  reward_max: 0.1516  reward_mean: -0.1700  reward_min: -6.4975  value_loss: 1.8164
Step:   630000  |  score: 108.88 ± 0.39  |  actor_loss: -1.5227  cost_loss: 1.3559  q_loss: 0.0290  reward_max: 0.1172  reward_mean: -0.1613  reward_min: -6.5518  value_loss: 1.8090
Step:   640000  |  score: 108.64 ± 0.73  |  actor_loss: -1.0020  cost_loss: 1.3559  q_loss: 0.0564  reward_max: 0.1940  reward_mean: -0.1442  reward_min: -6.5148  value_loss: 1.6950
Step:   650000  |  score: 109.15 ± 0.22  |  actor_loss: -2.3265  cost_loss: 1.3618  q_loss: 0.0960  reward_max: 0.2026  reward_mean: -0.0884  reward_min: -6.2271  value_loss: 2.0625
Step:   660000  |  score: 109.05 ± 0.30  |  actor_loss: -2.0751  cost_loss: 1.3586  q_loss: 0.0880  reward_max: 0.1550  reward_mean: -0.1399  reward_min: -6.6253  value_loss: 1.9401
Step:   670000  |  score: 109.64 ± 0.21  |  actor_loss: -1.8009  cost_loss: 1.3612  q_loss: 0.0583  reward_max: 0.1010  reward_mean: -0.1194  reward_min: -6.5518  value_loss: 1.9014
Step:   680000  |  score: 108.41 ± 0.28  |  actor_loss: -2.2417  cost_loss: 1.3622  q_loss: 0.0385  reward_max: 0.0737  reward_mean: -0.1266  reward_min: -6.4394  value_loss: 2.1374
Step:   690000  |  score: 108.47 ± 0.33  |  actor_loss: -2.0330  cost_loss: 1.3586  q_loss: 0.0856  reward_max: 0.1341  reward_mean: -0.1492  reward_min: -6.5029  value_loss: 1.8593
Step:   700000  |  score: 108.90 ± 0.29  |  actor_loss: -2.0477  cost_loss: 1.3589  q_loss: 0.0796  reward_max: 0.1141  reward_mean: -0.1367  reward_min: -6.4452  value_loss: 1.9133
Step:   710000  |  score: 108.77 ± 0.61  |  actor_loss: -2.0651  cost_loss: 1.3564  q_loss: 0.0653  reward_max: 0.2508  reward_mean: -0.1620  reward_min: -6.5910  value_loss: 1.7862
Step:   720000  |  score: 108.41 ± 0.16  |  actor_loss: -2.1853  cost_loss: 1.3645  q_loss: 0.0583  reward_max: 0.2831  reward_mean: -0.1019  reward_min: -6.4425  value_loss: 2.2509
Step:   730000  |  score: 108.61 ± 0.43  |  actor_loss: -1.9504  cost_loss: 1.3655  q_loss: 0.1091  reward_max: 0.1630  reward_mean: -0.0937  reward_min: -6.6194  value_loss: 2.1744
Step:   740000  |  score: 109.01 ± 0.49  |  actor_loss: -2.1821  cost_loss: 1.3653  q_loss: 0.0745  reward_max: 0.1935  reward_mean: -0.0990  reward_min: -6.6068  value_loss: 2.2973
Step:   750000  |  score: 108.91 ± 0.47  |  actor_loss: -1.8672  cost_loss: 1.3639  q_loss: 0.0636  reward_max: 0.2434  reward_mean: -0.0980  reward_min: -6.4495  value_loss: 2.3203
Step:   760000  |  score: 108.95 ± 0.14  |  actor_loss: -1.9593  cost_loss: 1.3541  q_loss: 0.1365  reward_max: 0.1382  reward_mean: -0.1640  reward_min: -6.4702  value_loss: 1.9126
Step:   770000  |  score: 109.19 ± 0.32  |  actor_loss: -2.4967  cost_loss: 1.3653  q_loss: 0.0904  reward_max: 0.1075  reward_mean: -0.0757  reward_min: -5.9271  value_loss: 2.1251
Step:   780000  |  score: 109.16 ± 0.22  |  actor_loss: -2.2840  cost_loss: 1.3694  q_loss: 0.0335  reward_max: 0.1979  reward_mean: -0.0755  reward_min: -6.3650  value_loss: 2.3581
Step:   790000  |  score: 108.83 ± 0.41  |  actor_loss: -1.8909  cost_loss: 1.3659  q_loss: 0.0598  reward_max: 0.2218  reward_mean: -0.0814  reward_min: -6.4402  value_loss: 2.1811
Step:   800000  |  score: 108.86 ± 0.22  |  actor_loss: -1.5860  cost_loss: 1.3738  q_loss: 0.0421  reward_max: 0.1692  reward_mean: -0.0377  reward_min: -6.4451  value_loss: 2.5607
Step:   810000  |  score: 108.99 ± 0.54  |  actor_loss: -1.9547  cost_loss: 1.3555  q_loss: 0.0981  reward_max: 0.2707  reward_mean: -0.1859  reward_min: -6.5922  value_loss: 1.6441
Step:   820000  |  score: 109.17 ± 0.29  |  actor_loss: -2.0106  cost_loss: 1.3531  q_loss: 0.1013  reward_max: 0.1564  reward_mean: -0.1854  reward_min: -6.4282  value_loss: 1.7961
Step:   830000  |  score: 109.00 ± 0.25  |  actor_loss: -1.9507  cost_loss: 1.3572  q_loss: 0.0911  reward_max: 0.1691  reward_mean: -0.1541  reward_min: -6.6401  value_loss: 1.7423
Step:   840000  |  score: 108.63 ± 0.65  |  actor_loss: -1.8280  cost_loss: 1.3632  q_loss: 0.1225  reward_max: 0.3280  reward_mean: -0.0946  reward_min: -6.2736  value_loss: 2.3118
Step:   850000  |  score: 109.21 ± 0.32  |  actor_loss: -2.4073  cost_loss: 1.3701  q_loss: 0.0645  reward_max: 0.0997  reward_mean: -0.0325  reward_min: -6.3151  value_loss: 2.6316
Step:   860000  |  score: 109.36 ± 0.12  |  actor_loss: -2.1325  cost_loss: 1.3617  q_loss: 0.0700  reward_max: 0.2369  reward_mean: -0.1287  reward_min: -6.2736  value_loss: 1.8714
Step:   870000  |  score: 108.93 ± 0.27  |  actor_loss: -1.7584  cost_loss: 1.3615  q_loss: 0.0456  reward_max: 0.1393  reward_mean: -0.1175  reward_min: -6.5831  value_loss: 1.8764
Step:   880000  |  score: 109.40 ± 0.31  |  actor_loss: -1.5172  cost_loss: 1.3671  q_loss: 0.0621  reward_max: 0.1156  reward_mean: -0.0843  reward_min: -6.4656  value_loss: 2.3498
Step:   890000  |  score: 109.12 ± 0.29  |  actor_loss: -2.1387  cost_loss: 1.3594  q_loss: 0.0709  reward_max: 0.1443  reward_mean: -0.1539  reward_min: -6.4522  value_loss: 2.1650
Step:   900000  |  score: 109.12 ± 0.19  |  actor_loss: -2.0231  cost_loss: 1.3589  q_loss: 0.1004  reward_max: 0.1570  reward_mean: -0.1332  reward_min: -6.4890  value_loss: 1.7974
Step:   910000  |  score: 108.68 ± 0.17  |  actor_loss: -2.0773  cost_loss: 1.3585  q_loss: 0.0585  reward_max: 0.3487  reward_mean: -0.1270  reward_min: -6.5189  value_loss: 1.8764
Step:   920000  |  score: 109.10 ± 0.15  |  actor_loss: -2.3730  cost_loss: 1.3655  q_loss: 0.0522  reward_max: 0.1206  reward_mean: -0.0978  reward_min: -6.5221  value_loss: 2.2673
Step:   930000  |  score: 109.39 ± 0.20  |  actor_loss: -1.8694  cost_loss: 1.3567  q_loss: 0.0869  reward_max: 0.1032  reward_mean: -0.1553  reward_min: -6.5634  value_loss: 2.0025
Step:   940000  |  score: 108.54 ± 0.19  |  actor_loss: -2.1131  cost_loss: 1.3628  q_loss: 0.1303  reward_max: 0.1850  reward_mean: -0.1098  reward_min: -6.4224  value_loss: 2.0966
Step:   950000  |  score: 109.02 ± 0.20  |  actor_loss: -2.4022  cost_loss: 1.3582  q_loss: 0.0800  reward_max: 0.1491  reward_mean: -0.1488  reward_min: -6.6023  value_loss: 1.9883
Step:   960000  |  score: 108.68 ± 0.43  |  actor_loss: -2.2901  cost_loss: 1.3723  q_loss: 0.0231  reward_max: 0.1101  reward_mean: -0.0504  reward_min: -6.2052  value_loss: 2.4343
Step:   970000  |  score: 109.00 ± 0.22  |  actor_loss: -1.5344  cost_loss: 1.3532  q_loss: 0.1122  reward_max: 0.1378  reward_mean: -0.1862  reward_min: -6.5385  value_loss: 1.6917
Step:   980000  |  score: 109.05 ± 0.13  |  actor_loss: -2.1635  cost_loss: 1.3563  q_loss: 0.0834  reward_max: 0.1443  reward_mean: -0.1506  reward_min: -6.4527  value_loss: 1.6415
Step:   990000  |  score: 108.91 ± 0.20  |  actor_loss: -2.1110  cost_loss: 1.3594  q_loss: 0.0451  reward_max: 0.1453  reward_mean: -0.1205  reward_min: -6.3566  value_loss: 1.8056
Step:  1000000  |  score: 108.71 ± 0.19  |  actor_loss: -1.9557  cost_loss: 1.3566  q_loss: 0.0906  reward_max: 0.1154  reward_mean: -0.1709  reward_min: -6.5877  value_loss: 1.9203
Step:  1010000  |  score: 108.88 ± 0.24  |  actor_loss: -2.1898  cost_loss: 1.3566  q_loss: 0.1000  reward_max: 0.2058  reward_mean: -0.1664  reward_min: -6.6584  value_loss: 1.6911
Step:  1020000  |  score: 108.84 ± 0.28  |  actor_loss: -2.1164  cost_loss: 1.3634  q_loss: 0.0770  reward_max: 0.2108  reward_mean: -0.1167  reward_min: -6.6388  value_loss: 2.3049
Step:  1030000  |  score: 107.93 ± 0.48  |  actor_loss: -2.0758  cost_loss: 1.3584  q_loss: 0.1743  reward_max: 0.1841  reward_mean: -0.1331  reward_min: -6.4378  value_loss: 1.8560
Step:  1040000  |  score: 108.68 ± 0.17  |  actor_loss: -1.7756  cost_loss: 1.3654  q_loss: 0.0610  reward_max: 0.1595  reward_mean: -0.0918  reward_min: -6.4491  value_loss: 2.1194
Step:  1050000  |  score: 109.05 ± 0.28  |  actor_loss: -2.0664  cost_loss: 1.3581  q_loss: 0.0718  reward_max: 0.1945  reward_mean: -0.1465  reward_min: -6.3989  value_loss: 1.8254
Step:  1060000  |  score: 108.86 ± 0.33  |  actor_loss: -2.1487  cost_loss: 1.3644  q_loss: 0.0468  reward_max: 0.1469  reward_mean: -0.0950  reward_min: -6.2904  value_loss: 2.1601
Step:  1070000  |  score: 108.85 ± 0.43  |  actor_loss: -2.2586  cost_loss: 1.3691  q_loss: 0.0490  reward_max: 0.1146  reward_mean: -0.0602  reward_min: -6.4287  value_loss: 2.4851
Step:  1080000  |  score: 109.26 ± 0.17  |  actor_loss: -2.4724  cost_loss: 1.3646  q_loss: 0.1082  reward_max: 0.1224  reward_mean: -0.0809  reward_min: -6.1929  value_loss: 2.3358
Step:  1090000  |  score: 108.67 ± 0.26  |  actor_loss: -1.4857  cost_loss: 1.3573  q_loss: 0.1099  reward_max: 0.1692  reward_mean: -0.1682  reward_min: -6.6162  value_loss: 1.7607
Step:  1100000  |  score: 109.16 ± 0.14  |  actor_loss: -1.7195  cost_loss: 1.3563  q_loss: 0.0547  reward_max: 0.1791  reward_mean: -0.1479  reward_min: -6.4222  value_loss: 1.9328
Step:  1110000  |  score: 108.27 ± 0.33  |  actor_loss: -2.1808  cost_loss: 1.3614  q_loss: 0.0608  reward_max: 0.1892  reward_mean: -0.1181  reward_min: -6.3736  value_loss: 1.8979
Step:  1120000  |  score: 108.63 ± 0.65  |  actor_loss: -2.2982  cost_loss: 1.3656  q_loss: 0.0286  reward_max: 0.1765  reward_mean: -0.1142  reward_min: -6.5636  value_loss: 2.1852
Step:  1130000  |  score: 109.09 ± 0.21  |  actor_loss: -1.9617  cost_loss: 1.3627  q_loss: 0.1143  reward_max: 0.2927  reward_mean: -0.1391  reward_min: -6.5432  value_loss: 2.0444
Step:  1140000  |  score: 109.04 ± 0.15  |  actor_loss: -1.9303  cost_loss: 1.3554  q_loss: 0.0759  reward_max: 0.2693  reward_mean: -0.1640  reward_min: -6.5407  value_loss: 1.8110
Step:  1150000  |  score: 108.48 ± 0.24  |  actor_loss: -1.9293  cost_loss: 1.3553  q_loss: 0.0275  reward_max: 0.2313  reward_mean: -0.1501  reward_min: -6.4850  value_loss: 1.8746
Step:  1160000  |  score: 108.54 ± 0.14  |  actor_loss: -2.0310  cost_loss: 1.3679  q_loss: 0.0538  reward_max: 0.2026  reward_mean: -0.0829  reward_min: -6.5603  value_loss: 2.3379
Step:  1170000  |  score: 108.63 ± 0.43  |  actor_loss: -2.2351  cost_loss: 1.3656  q_loss: 0.0524  reward_max: 0.0950  reward_mean: -0.0986  reward_min: -6.4686  value_loss: 2.2520
Step:  1180000  |  score: 108.28 ± 0.59  |  actor_loss: -2.4351  cost_loss: 1.3650  q_loss: 0.0955  reward_max: 0.1011  reward_mean: -0.0936  reward_min: -6.1739  value_loss: 2.1738
Step:  1190000  |  score: 108.47 ± 0.55  |  actor_loss: -2.2175  cost_loss: 1.3597  q_loss: 0.0497  reward_max: 0.1275  reward_mean: -0.1563  reward_min: -6.4255  value_loss: 1.9665
Step:  1200000  |  score: 108.84 ± 0.40  |  actor_loss: -1.9610  cost_loss: 1.3603  q_loss: 0.1023  reward_max: 0.2161  reward_mean: -0.1440  reward_min: -6.5374  value_loss: 2.1108
Step:  1210000  |  score: 108.20 ± 0.14  |  actor_loss: -2.3113  cost_loss: 1.3612  q_loss: 0.0744  reward_max: 0.1212  reward_mean: -0.1272  reward_min: -6.4853  value_loss: 2.1274
Step:  1220000  |  score: 109.09 ± 0.17  |  actor_loss: -1.8293  cost_loss: 1.3628  q_loss: 0.0426  reward_max: 0.1694  reward_mean: -0.1062  reward_min: -6.5132  value_loss: 2.1144
Step:  1230000  |  score: 107.97 ± 1.06  |  actor_loss: -2.2246  cost_loss: 1.3485  q_loss: 0.0885  reward_max: 0.1008  reward_mean: -0.2371  reward_min: -6.6318  value_loss: 1.6988
Step:  1240000  |  score: 108.66 ± 0.50  |  actor_loss: -1.7469  cost_loss: 1.3687  q_loss: 0.0464  reward_max: 0.0908  reward_mean: -0.0661  reward_min: -6.3798  value_loss: 2.3000
Step:  1250000  |  score: 108.51 ± 0.52  |  actor_loss: -2.2774  cost_loss: 1.3621  q_loss: 0.0534  reward_max: 0.1541  reward_mean: -0.1367  reward_min: -6.3486  value_loss: 2.0000
Step:  1260000  |  score: 108.89 ± 0.21  |  actor_loss: -1.9651  cost_loss: 1.3643  q_loss: 0.0592  reward_max: 0.1622  reward_mean: -0.1145  reward_min: -6.4767  value_loss: 2.1245
Step:  1270000  |  score: 109.00 ± 0.30  |  actor_loss: -2.2565  cost_loss: 1.3668  q_loss: 0.0463  reward_max: 0.1028  reward_mean: -0.0863  reward_min: -6.5161  value_loss: 2.3106
Step:  1280000  |  score: 108.50 ± 0.42  |  actor_loss: -2.1173  cost_loss: 1.3615  q_loss: 0.0703  reward_max: 0.1202  reward_mean: -0.1223  reward_min: -6.7507  value_loss: 2.1313
Step:  1290000  |  score: 108.66 ± 0.17  |  actor_loss: -2.0894  cost_loss: 1.3609  q_loss: 0.0435  reward_max: 0.1889  reward_mean: -0.1240  reward_min: -6.4659  value_loss: 2.1796
Step:  1300000  |  score: 109.36 ± 0.27  |  actor_loss: -2.3993  cost_loss: 1.3656  q_loss: 0.0485  reward_max: 0.1858  reward_mean: -0.0936  reward_min: -6.5096  value_loss: 2.4966
Step:  1310000  |  score: 109.06 ± 0.19  |  actor_loss: -2.1569  cost_loss: 1.3588  q_loss: 0.0721  reward_max: 0.2079  reward_mean: -0.1275  reward_min: -6.5450  value_loss: 1.8950
Step:  1320000  |  score: 108.30 ± 0.35  |  actor_loss: -2.1749  cost_loss: 1.3613  q_loss: 0.0338  reward_max: 0.1788  reward_mean: -0.1122  reward_min: -6.4187  value_loss: 2.0119
Step:  1330000  |  score: 108.79 ± 0.31  |  actor_loss: -2.0241  cost_loss: 1.3581  q_loss: 0.0899  reward_max: 0.2480  reward_mean: -0.1612  reward_min: -6.5732  value_loss: 1.9318
Step:  1340000  |  score: 108.91 ± 0.23  |  actor_loss: -2.4155  cost_loss: 1.3708  q_loss: 0.0390  reward_max: 0.2918  reward_mean: -0.0613  reward_min: -6.2691  value_loss: 2.4783
Step:  1350000  |  score: 109.12 ± 0.34  |  actor_loss: -2.1776  cost_loss: 1.3605  q_loss: 0.0551  reward_max: 0.2504  reward_mean: -0.1440  reward_min: -6.5078  value_loss: 2.0754
Step:  1360000  |  score: 108.90 ± 0.19  |  actor_loss: -2.5038  cost_loss: 1.3690  q_loss: 0.0428  reward_max: 0.1719  reward_mean: -0.0574  reward_min: -6.5727  value_loss: 2.4419
Step:  1370000  |  score: 108.95 ± 0.28  |  actor_loss: -2.2797  cost_loss: 1.3550  q_loss: 0.0755  reward_max: 0.1064  reward_mean: -0.1848  reward_min: -6.5858  value_loss: 1.8336
Step:  1380000  |  score: 108.92 ± 0.16  |  actor_loss: -2.1972  cost_loss: 1.3644  q_loss: 0.0571  reward_max: 0.2532  reward_mean: -0.1120  reward_min: -6.4269  value_loss: 2.1110
Step:  1390000  |  score: 109.09 ± 0.33  |  actor_loss: -2.3978  cost_loss: 1.3677  q_loss: 0.0551  reward_max: 0.1358  reward_mean: -0.0574  reward_min: -6.2160  value_loss: 2.3249
Step:  1400000  |  score: 108.97 ± 0.29  |  actor_loss: -2.1531  cost_loss: 1.3668  q_loss: 0.0356  reward_max: 0.2260  reward_mean: -0.1031  reward_min: -6.5277  value_loss: 2.3605
Step:  1410000  |  score: 108.85 ± 0.34  |  actor_loss: -2.0780  cost_loss: 1.3631  q_loss: 0.0351  reward_max: 0.1345  reward_mean: -0.1217  reward_min: -6.5296  value_loss: 2.1366
Step:  1420000  |  score: 109.12 ± 0.14  |  actor_loss: -2.1673  cost_loss: 1.3655  q_loss: 0.0438  reward_max: 0.2740  reward_mean: -0.0850  reward_min: -6.4767  value_loss: 2.2576
Step:  1430000  |  score: 108.79 ± 0.31  |  actor_loss: -1.9144  cost_loss: 1.3550  q_loss: 0.1335  reward_max: 0.1808  reward_mean: -0.1472  reward_min: -6.3732  value_loss: 1.7737
Step:  1440000  |  score: 108.42 ± 0.32  |  actor_loss: -2.0350  cost_loss: 1.3601  q_loss: 0.0467  reward_max: 0.1456  reward_mean: -0.1277  reward_min: -6.4104  value_loss: 2.0634
Step:  1450000  |  score: 108.74 ± 0.26  |  actor_loss: -2.2724  cost_loss: 1.3637  q_loss: 0.0653  reward_max: 0.2044  reward_mean: -0.1020  reward_min: -6.4512  value_loss: 2.4049
Step:  1460000  |  score: 108.79 ± 0.31  |  actor_loss: -2.6099  cost_loss: 1.3653  q_loss: 0.0498  reward_max: 0.0985  reward_mean: -0.0864  reward_min: -6.4644  value_loss: 2.3331
Step:  1470000  |  score: 109.13 ± 0.27  |  actor_loss: -2.0225  cost_loss: 1.3643  q_loss: 0.0465  reward_max: 0.1708  reward_mean: -0.0994  reward_min: -6.3397  value_loss: 2.1970
Step:  1480000  |  score: 109.08 ± 0.21  |  actor_loss: -1.5991  cost_loss: 1.3543  q_loss: 0.0624  reward_max: 0.0942  reward_mean: -0.1880  reward_min: -6.6108  value_loss: 1.6825
Step:  1490000  |  score: 108.52 ± 0.18  |  actor_loss: -2.2921  cost_loss: 1.3635  q_loss: 0.0734  reward_max: 0.1663  reward_mean: -0.1085  reward_min: -6.5398  value_loss: 2.1188
Step:  1500000  |  score: 108.00 ± 0.55  |  actor_loss: -2.0654  cost_loss: 1.3553  q_loss: 0.0404  reward_max: 0.0948  reward_mean: -0.1774  reward_min: -6.5846  value_loss: 1.6768
Step:  1510000  |  score: 109.00 ± 0.17  |  actor_loss: -1.9216  cost_loss: 1.3579  q_loss: 0.1157  reward_max: 0.2119  reward_mean: -0.1389  reward_min: -6.4686  value_loss: 1.9041
Step:  1520000  |  score: 109.24 ± 0.29  |  actor_loss: -2.1283  cost_loss: 1.3619  q_loss: 0.1495  reward_max: 0.1764  reward_mean: -0.1051  reward_min: -6.5020  value_loss: 2.2323
Step:  1530000  |  score: 108.70 ± 0.43  |  actor_loss: -2.3815  cost_loss: 1.3695  q_loss: 0.0321  reward_max: 0.3368  reward_mean: -0.0747  reward_min: -6.4429  value_loss: 2.3886
Step:  1540000  |  score: 108.99 ± 0.30  |  actor_loss: -2.1511  cost_loss: 1.3660  q_loss: 0.0618  reward_max: 0.1405  reward_mean: -0.0898  reward_min: -6.3641  value_loss: 2.3862
Step:  1550000  |  score: 108.74 ± 0.33  |  actor_loss: -1.9611  cost_loss: 1.3540  q_loss: 0.0720  reward_max: 0.1483  reward_mean: -0.1718  reward_min: -6.5134  value_loss: 1.9571
Step:  1560000  |  score: 108.96 ± 0.22  |  actor_loss: -2.3673  cost_loss: 1.3735  q_loss: 0.0325  reward_max: 0.1458  reward_mean: -0.0339  reward_min: -6.0413  value_loss: 2.5787
Step:  1570000  |  score: 109.18 ± 0.18  |  actor_loss: -2.5973  cost_loss: 1.3700  q_loss: 0.0221  reward_max: 0.3105  reward_mean: -0.0636  reward_min: -6.2614  value_loss: 2.5317
Step:  1580000  |  score: 108.62 ± 0.33  |  actor_loss: -1.5693  cost_loss: 1.3528  q_loss: 0.1508  reward_max: 0.0863  reward_mean: -0.1871  reward_min: -6.5509  value_loss: 1.6139
Step:  1590000  |  score: 108.16 ± 0.27  |  actor_loss: -2.1491  cost_loss: 1.3539  q_loss: 0.1325  reward_max: 0.1923  reward_mean: -0.1791  reward_min: -6.4852  value_loss: 1.7971
Step:  1600000  |  score: 108.72 ± 0.27  |  actor_loss: -1.7942  cost_loss: 1.3529  q_loss: 0.0680  reward_max: 0.2891  reward_mean: -0.1826  reward_min: -6.6517  value_loss: 1.6739
Step:  1610000  |  score: 108.25 ± 0.55  |  actor_loss: -1.8382  cost_loss: 1.3560  q_loss: 0.0656  reward_max: 0.1413  reward_mean: -0.1834  reward_min: -6.5735  value_loss: 1.9454
Step:  1620000  |  score: 108.56 ± 0.43  |  actor_loss: -2.1631  cost_loss: 1.3664  q_loss: 0.0476  reward_max: 0.2409  reward_mean: -0.0781  reward_min: -6.2705  value_loss: 2.2556
Step:  1630000  |  score: 108.93 ± 0.15  |  actor_loss: -2.5405  cost_loss: 1.3702  q_loss: 0.0646  reward_max: 0.2289  reward_mean: -0.0476  reward_min: -6.3272  value_loss: 2.6393
Step:  1640000  |  score: 108.46 ± 0.23  |  actor_loss: -2.1775  cost_loss: 1.3663  q_loss: 0.0906  reward_max: 0.1110  reward_mean: -0.0860  reward_min: -6.3858  value_loss: 2.3719
Step:  1650000  |  score: 108.70 ± 0.12  |  actor_loss: -2.2615  cost_loss: 1.3652  q_loss: 0.0392  reward_max: 0.3257  reward_mean: -0.0963  reward_min: -6.4274  value_loss: 2.1981
Step:  1660000  |  score: 108.75 ± 0.38  |  actor_loss: -2.3148  cost_loss: 1.3559  q_loss: 0.0806  reward_max: 0.1325  reward_mean: -0.1499  reward_min: -6.4692  value_loss: 1.8636
Step:  1670000  |  score: 108.66 ± 0.25  |  actor_loss: -2.1894  cost_loss: 1.3549  q_loss: 0.1036  reward_max: 0.1263  reward_mean: -0.1591  reward_min: -6.6145  value_loss: 1.9103
Step:  1680000  |  score: 108.36 ± 0.35  |  actor_loss: -2.0001  cost_loss: 1.3644  q_loss: 0.0430  reward_max: 0.1529  reward_mean: -0.0994  reward_min: -6.6356  value_loss: 2.0952
Step:  1690000  |  score: 108.77 ± 0.52  |  actor_loss: -2.0380  cost_loss: 1.3537  q_loss: 0.1374  reward_max: 0.1374  reward_mean: -0.1924  reward_min: -6.5359  value_loss: 1.7246
Step:  1700000  |  score: 109.26 ± 0.28  |  actor_loss: -2.1071  cost_loss: 1.3626  q_loss: 0.0800  reward_max: 0.1562  reward_mean: -0.1202  reward_min: -6.5139  value_loss: 2.1452
Step:  1710000  |  score: 108.41 ± 0.56  |  actor_loss: -2.1839  cost_loss: 1.3564  q_loss: 0.0977  reward_max: 0.1911  reward_mean: -0.1554  reward_min: -6.5477  value_loss: 1.8755
Step:  1720000  |  score: 108.44 ± 0.34  |  actor_loss: -2.3248  cost_loss: 1.3664  q_loss: 0.0288  reward_max: 0.1553  reward_mean: -0.0867  reward_min: -6.5374  value_loss: 2.4065
Step:  1730000  |  score: 109.20 ± 0.45  |  actor_loss: -1.4625  cost_loss: 1.3624  q_loss: 0.0791  reward_max: 0.1128  reward_mean: -0.1357  reward_min: -6.6515  value_loss: 2.1736
Step:  1740000  |  score: 109.29 ± 0.25  |  actor_loss: -2.5388  cost_loss: 1.3625  q_loss: 0.0426  reward_max: 0.0845  reward_mean: -0.0989  reward_min: -6.5664  value_loss: 2.1667
Step:  1750000  |  score: 109.22 ± 0.21  |  actor_loss: -2.2421  cost_loss: 1.3504  q_loss: 0.0681  reward_max: 0.1528  reward_mean: -0.2076  reward_min: -6.4099  value_loss: 1.4691
Step:  1760000  |  score: 108.63 ± 0.34  |  actor_loss: -2.3872  cost_loss: 1.3591  q_loss: 0.0885  reward_max: 0.3152  reward_mean: -0.1404  reward_min: -6.4736  value_loss: 2.0360
Step:  1770000  |  score: 108.74 ± 0.21  |  actor_loss: -2.2020  cost_loss: 1.3642  q_loss: 0.0773  reward_max: 0.2507  reward_mean: -0.1101  reward_min: -6.5599  value_loss: 2.2862
Step:  1780000  |  score: 109.34 ± 0.26  |  actor_loss: -1.8961  cost_loss: 1.3577  q_loss: 0.0892  reward_max: 0.0943  reward_mean: -0.1407  reward_min: -6.4488  value_loss: 1.8191
Step:  1790000  |  score: 108.26 ± 0.33  |  actor_loss: -2.4143  cost_loss: 1.3558  q_loss: 0.0757  reward_max: 0.2111  reward_mean: -0.1636  reward_min: -6.4546  value_loss: 1.8184
Step:  1800000  |  score: 108.96 ± 0.34  |  actor_loss: -2.4932  cost_loss: 1.3641  q_loss: 0.0570  reward_max: 0.1041  reward_mean: -0.1131  reward_min: -6.6317  value_loss: 2.4575
Step:  1810000  |  score: 108.88 ± 0.23  |  actor_loss: -2.3851  cost_loss: 1.3596  q_loss: 0.0688  reward_max: 0.1431  reward_mean: -0.1336  reward_min: -6.4140  value_loss: 1.9987
Step:  1820000  |  score: 109.22 ± 0.23  |  actor_loss: -2.3656  cost_loss: 1.3604  q_loss: 0.1311  reward_max: 0.0876  reward_mean: -0.1272  reward_min: -6.5429  value_loss: 2.2519
Step:  1830000  |  score: 108.80 ± 0.35  |  actor_loss: -2.2565  cost_loss: 1.3557  q_loss: 0.0340  reward_max: 0.2209  reward_mean: -0.1777  reward_min: -6.5797  value_loss: 2.0195
Step:  1840000  |  score: 108.62 ± 0.17  |  actor_loss: -2.2564  cost_loss: 1.3609  q_loss: 0.0418  reward_max: 0.0846  reward_mean: -0.1445  reward_min: -6.4347  value_loss: 2.0847
Step:  1850000  |  score: 109.17 ± 0.32  |  actor_loss: -1.8782  cost_loss: 1.3516  q_loss: 0.0960  reward_max: 0.1396  reward_mean: -0.1815  reward_min: -6.6398  value_loss: 1.6420
Step:  1860000  |  score: 108.83 ± 0.44  |  actor_loss: -2.1319  cost_loss: 1.3634  q_loss: 0.0443  reward_max: 0.2072  reward_mean: -0.0988  reward_min: -6.5116  value_loss: 2.1522
Step:  1870000  |  score: 109.01 ± 0.20  |  actor_loss: -2.1338  cost_loss: 1.3627  q_loss: 0.1447  reward_max: 0.1301  reward_mean: -0.1147  reward_min: -6.5208  value_loss: 2.3549
Step:  1880000  |  score: 108.80 ± 0.24  |  actor_loss: -1.9257  cost_loss: 1.3610  q_loss: 0.0509  reward_max: 0.1508  reward_mean: -0.1316  reward_min: -6.4717  value_loss: 2.1942
Step:  1890000  |  score: 108.95 ± 0.24  |  actor_loss: -2.3469  cost_loss: 1.3674  q_loss: 0.0405  reward_max: 0.3010  reward_mean: -0.0949  reward_min: -6.4344  value_loss: 2.4268
Step:  1900000  |  score: 108.83 ± 0.21  |  actor_loss: -2.1823  cost_loss: 1.3604  q_loss: 0.0951  reward_max: 0.2770  reward_mean: -0.1312  reward_min: -6.5724  value_loss: 2.0137
Step:  1910000  |  score: 109.01 ± 0.26  |  actor_loss: -2.1027  cost_loss: 1.3578  q_loss: 0.0890  reward_max: 0.1574  reward_mean: -0.1484  reward_min: -6.5032  value_loss: 2.3021
Step:  1920000  |  score: 108.76 ± 0.24  |  actor_loss: -2.4624  cost_loss: 1.3684  q_loss: 0.0198  reward_max: 0.1418  reward_mean: -0.0685  reward_min: -6.3319  value_loss: 2.3684
Step:  1930000  |  score: 109.15 ± 0.20  |  actor_loss: -1.9849  cost_loss: 1.3558  q_loss: 0.0721  reward_max: 0.1295  reward_mean: -0.1506  reward_min: -6.4743  value_loss: 1.7014
Step:  1940000  |  score: 108.63 ± 0.35  |  actor_loss: -2.2473  cost_loss: 1.3603  q_loss: 0.0990  reward_max: 0.0925  reward_mean: -0.1229  reward_min: -6.5216  value_loss: 1.9561
Step:  1950000  |  score: 108.46 ± 0.29  |  actor_loss: -1.8866  cost_loss: 1.3627  q_loss: 0.0569  reward_max: 0.1609  reward_mean: -0.0992  reward_min: -6.5533  value_loss: 2.2419
Step:  1960000  |  score: 108.82 ± 0.45  |  actor_loss: -2.4554  cost_loss: 1.3692  q_loss: 0.0615  reward_max: 0.2056  reward_mean: -0.0756  reward_min: -6.2455  value_loss: 2.3628
Step:  1970000  |  score: 108.86 ± 0.63  |  actor_loss: -2.2627  cost_loss: 1.3649  q_loss: 0.0458  reward_max: 0.0752  reward_mean: -0.0960  reward_min: -6.3743  value_loss: 2.1573
Step:  1980000  |  score: 108.99 ± 0.40  |  actor_loss: -2.0584  cost_loss: 1.3536  q_loss: 0.0796  reward_max: 0.0908  reward_mean: -0.1856  reward_min: -6.4801  value_loss: 1.8646
Step:  1990000  |  score: 108.66 ± 0.28  |  actor_loss: -1.6066  cost_loss: 1.3535  q_loss: 0.0993  reward_max: 0.0797  reward_mean: -0.1910  reward_min: -6.4970  value_loss: 1.8454
Step:  2000000  |  score: 108.54 ± 0.26  |  actor_loss: -1.8489  cost_loss: 1.3690  q_loss: 0.0307  reward_max: 0.1221  reward_mean: -0.0459  reward_min: -6.0472  value_loss: 2.3935
Final evaluation (13 iterations)...
Final score: 108.67 ± 0.54
wandb: WARNING Symlinked 1 file into the W&B run directory; call wandb.save again to sync new files.
wandb: updating run metadata
wandb: uploading final_returns/bdemodice_walker2d-expert-v2_2026-03-18_18-57-04.npz; uploading output.log; uploading wandb-summary.json; uploading config.yaml
wandb: uploading final_returns/bdemodice_walker2d-expert-v2_2026-03-18_18-57-04.npz; uploading output.log; uploading wandb-summary.json
wandb: uploading summary, console lines 214-215
wandb: 
wandb: Run history:
wandb:  actor_loss █▃▂▂▂▂▁▁▂▂▂▃▁▂▂▁▂▂▂▂▂▂▂▂▃▂▂▁▂▁▂▂▂▁▁▂▃▁▂▁
wandb:   cost_loss ▄▄▅▅█▇▅▇▇▁▄▅▆▄▆█▄▄▅▅▅▄▄█▄▅▆▂▅█▃▃▆▆▆▄▅▅▄▆
wandb: num_updates ▁▁▁▂▂▂▂▂▂▃▃▃▃▃▃▄▄▄▄▄▅▅▅▅▅▅▆▆▆▆▆▆▆▆▇▇▇▇██
wandb:      q_loss ▆▇▇█▃▂▂▄▇▆▆▂▄▂▃▁▃▄▃▄▂▄▂▄▂▃▂▂▃▁▃▅▁▆▂▂▃▂▄▄
wandb:      return ▁█▄█████████████████████████████████████
wandb:  reward_max ▅▄█▂▃▄▅▂▃▃▅▂▃▃█▃▁▅▄▂▃▁▁▁▂▂▂▂▄▁▂▄▂▃▇▄▄▁▃▁
wandb: reward_mean ▆▆▄▅▅▇▅▃▅▆▇▅█▇▅▆▆▄▅▆▆▆▆▅▆▄▅▁▅▅▅▅▅▃▆▅▃▄▃▆
wandb:  reward_min █▄▆▁▂▃▁▃▄▂▄▃▁▂▂▂▃▂▃▂▂▂▂▂▂▁▃▁▃▂▂▂▂▂▃▂▂▂▂▃
wandb:       score ▁▁██████████████████████████████████████
wandb:   score_std █▁▁▁▁▁▁▁▁▁▁▁▁▁▁▁▁▁▁▁▁▁▁▁▁▁▁▁▁▁▁▁▁▁▁▁▁▁▁▁
wandb:          +1 ...
wandb: 
wandb: Run summary:
wandb:  actor_loss -1.84895
wandb:   cost_loss 1.36898
wandb: num_updates 2000000
wandb:      q_loss 0.03068
wandb:      return 4984.46819
wandb:  reward_max 0.12206
wandb: reward_mean -0.04592
wandb:  reward_min -6.04722
wandb:       score 108.54272
wandb:   score_std 0.26122
wandb:          +1 ...
wandb: 
wandb: 🚀 View run bdemodice_walker2d_M4_s4 at: https://wandb.ai/wsk208/DemoDICE/runs/r8as81oe
wandb: ⭐️ View project at: https://wandb.ai/wsk208/DemoDICE
wandb: Synced 5 W&B file(s), 0 media file(s), 0 artifact file(s) and 1 other file(s)
wandb: Find logs at: ./wandb/run-20260318_183130-r8as81oe/logs
