Warning: All of online environments libraries in D4RL have been moved ]8;;https://github.com/Farama-Foundation/Gymnasium\Gymnasium]8;;\, ]8;;https://github.com/Farama-Foundation/MiniGrid\MiniGrid]8;;\ and ]8;;https://github.com/Farama-Foundation/Gymnasium-Robotics\Gymnasium-Robotics]8;;\, and all offline datasets in D4RL have been moved to ]8;;https://github.com/Farama-Foundation/Minari\Minari]8;;\.
These new versions include large bug fixes, new versions of Python, and are where all new development will continue. Please upgrade these libraries as soon as you're able to do so.
If you'd like to read more about the story behind this switch, please check out ]8;;https://farama.org/Announcing-Minari\this blog post]8;;\.
Gym has been unmaintained since 2022 and does not support NumPy 2.0 amongst other critical functionality.
Please upgrade to Gymnasium, the maintained drop-in replacement of Gym, or contact the authors of your software and request that they upgrade.
See the migration guide at https://gymnasium.farama.org/introduction/migration_guide/ for additional information.
/opt/venv/lib/python3.10/site-packages/Cython/Distutils/old_build_ext.py:15: DeprecationWarning: dep_util is Deprecated. Use functions from setuptools instead.
  from distutils.dep_util import newer, newer_group
<frozen importlib._bootstrap>:283: DeprecationWarning: the load_module() method is deprecated and slated for removal in Python 3.12; use exec_module() instead
pybullet build time: Jan 29 2025 23:16:28
wandb: [wandb.login()] Loaded credentials for https://api.wandb.ai from /root/.netrc.
wandb: Currently logged in as: wsk208 to https://api.wandb.ai. Use `wandb login --relogin` to force relogin
/opt/venv/lib/python3.10/site-packages/wandb/analytics/sentry.py:268: DeprecationWarning: Read the `app_url` setting from the appropriate Settings object.
  app_url = wandb.util.app_url(tags["base_url"])  # type: ignore[index]
/opt/venv/lib/python3.10/site-packages/wandb/analytics/sentry.py:279: DeprecationWarning: The `Scope.user` setter is deprecated in favor of `Scope.set_user()`.
  self.scope.user = {"email": email}
wandb: setting up run wti0hfv0
/opt/venv/lib/python3.10/site-packages/wandb/analytics/sentry.py:268: DeprecationWarning: Read the `app_url` setting from the appropriate Settings object.
  app_url = wandb.util.app_url(tags["base_url"])  # type: ignore[index]
/opt/venv/lib/python3.10/site-packages/wandb/analytics/sentry.py:279: DeprecationWarning: The `Scope.user` setter is deprecated in favor of `Scope.set_user()`.
  self.scope.user = {"email": email}
wandb: Tracking run with wandb version 0.25.1
wandb: Run data is saved locally in /app/wandb/run-20260318_165854-wti0hfv0
wandb: Run `wandb offline` to turn off syncing.
wandb: Syncing run bdemodice_walker2d_M2_s0
wandb: ⭐️ View project at https://wandb.ai/wsk208/DemoDICE
wandb: 🚀 View run at https://wandb.ai/wsk208/DemoDICE/runs/wti0hfv0
/opt/venv/lib/python3.10/site-packages/gym/spaces/box.py:84: UserWarning: [33mWARN: Box bound precision lowered by casting to float32[0m
  logger.warn(f"Box bound precision lowered by casting to {self.dtype}")
load datafile:   0%|          | 0/21 [00:00<?, ?it/s]load datafile:   5%|▍         | 1/21 [00:00<00:03,  5.78it/s]load datafile:  14%|█▍        | 3/21 [00:00<00:03,  5.24it/s]load datafile:  19%|█▉        | 4/21 [00:00<00:04,  4.02it/s]load datafile:  81%|████████  | 17/21 [00:01<00:00, 15.67it/s]load datafile:  90%|█████████ | 19/21 [00:01<00:00, 10.93it/s]load datafile: 100%|██████████| 21/21 [00:01<00:00, 11.28it/s]
Expert  :  999000 transitions  (walker2d-expert-v2, 400 traj)
load datafile:   0%|          | 0/9 [00:00<?, ?it/s]load datafile:  11%|█         | 1/9 [00:00<00:01,  6.36it/s]load datafile:  33%|███▎      | 3/9 [00:00<00:01,  5.50it/s]load datafile:  44%|████▍     | 4/9 [00:00<00:01,  4.12it/s]load datafile:  56%|█████▌    | 5/9 [00:01<00:01,  3.19it/s]load datafile:  67%|██████▋   | 6/9 [00:01<00:01,  2.78it/s]load datafile: 100%|██████████| 9/9 [00:01<00:00,  4.90it/s]
Imperfect:    8083 transitions  (walker2d-random-v2, 400 traj)
Union   : 1007083 transitions total
/root/.local/share/uv/python/cpython-3.10-linux-x86_64-gnu/lib/python3.10/multiprocessing/popen_fork.py:66: RuntimeWarning: os.fork() was called. os.fork() is incompatible with multithreaded code, and JAX is multithreaded, so this will likely lead to a deadlock.
  self.pid = os.fork()
/opt/venv/lib/python3.10/site-packages/tensorflow_probability/python/internal/backend/jax/ops.py:681: DeprecationWarning: jax.interpreters.xla.pytype_aval_mappings is deprecated.
  jax.interpreters.xla.pytype_aval_mappings[onp.ndarray])
/opt/venv/lib/python3.10/site-packages/gym/spaces/box.py:84: UserWarning: [33mWARN: Box bound precision lowered by casting to float32[0m
  logger.warn(f"Box bound precision lowered by casting to {self.dtype}")
Step:    10000  |  score: 36.17 ± 21.21  |  actor_loss: 3.9154  cost_loss: 1.3760  q_loss: 0.1122  reward_max: 0.1284  reward_mean: -0.0215  reward_min: -2.9849  value_loss: 0.1798
Step:    20000  |  score: 12.01 ± 0.41  |  actor_loss: 2.3122  cost_loss: 1.3785  q_loss: 0.1202  reward_max: 0.1127  reward_mean: -0.0317  reward_min: -2.7385  value_loss: 0.3320
Step:    30000  |  score: 102.89 ± 11.33  |  actor_loss: 0.7643  cost_loss: 1.3821  q_loss: 0.0176  reward_max: 0.1882  reward_mean: 0.0211  reward_min: -2.8233  value_loss: 0.5644
Step:    40000  |  score: 107.53 ± 0.33  |  actor_loss: -0.5713  cost_loss: 1.3784  q_loss: 0.0385  reward_max: 0.1670  reward_mean: 0.0048  reward_min: -5.3817  value_loss: 0.5706
Step:    50000  |  score: 51.84 ± 43.51  |  actor_loss: -1.2814  cost_loss: 1.3753  q_loss: 0.0085  reward_max: 0.0975  reward_mean: -0.0086  reward_min: -4.3436  value_loss: 0.6409
Step:    60000  |  score: 108.94 ± 0.39  |  actor_loss: -1.8165  cost_loss: 1.3801  q_loss: 0.0279  reward_max: 0.1603  reward_mean: -0.0107  reward_min: -2.9689  value_loss: 0.8248
Step:    70000  |  score: 109.25 ± 0.30  |  actor_loss: -1.7167  cost_loss: 1.3793  q_loss: 0.0294  reward_max: 0.1234  reward_mean: -0.0177  reward_min: -5.3349  value_loss: 0.7957
Step:    80000  |  score: 108.92 ± 0.41  |  actor_loss: -1.8794  cost_loss: 1.3766  q_loss: 0.0395  reward_max: 0.0956  reward_mean: -0.0292  reward_min: -5.9420  value_loss: 0.7316
Step:    90000  |  score: 108.27 ± 0.16  |  actor_loss: -1.8344  cost_loss: 1.3760  q_loss: 0.0232  reward_max: 0.0546  reward_mean: -0.0599  reward_min: -5.3297  value_loss: 0.6988
Step:   100000  |  score: 108.75 ± 0.42  |  actor_loss: -1.9130  cost_loss: 1.3753  q_loss: 0.0404  reward_max: 0.1173  reward_mean: -0.0499  reward_min: -5.4724  value_loss: 0.8258
Step:   110000  |  score: 107.82 ± 0.09  |  actor_loss: -2.2313  cost_loss: 1.3808  q_loss: 0.0044  reward_max: 0.0602  reward_mean: -0.0247  reward_min: -5.1019  value_loss: 0.9064
Step:   120000  |  score: 108.38 ± 0.26  |  actor_loss: -1.9521  cost_loss: 1.3745  q_loss: 0.0490  reward_max: 0.0991  reward_mean: -0.0242  reward_min: -6.0015  value_loss: 0.8191
Step:   130000  |  score: 108.49 ± 0.29  |  actor_loss: -2.3336  cost_loss: 1.3811  q_loss: 0.0222  reward_max: 0.0976  reward_mean: -0.0180  reward_min: -5.4589  value_loss: 0.8866
Step:   140000  |  score: 107.57 ± 0.43  |  actor_loss: -2.1016  cost_loss: 1.3770  q_loss: 0.0345  reward_max: 0.1332  reward_mean: -0.0274  reward_min: -5.6305  value_loss: 0.8956
Step:   150000  |  score: 108.42 ± 0.40  |  actor_loss: -2.2529  cost_loss: 1.3752  q_loss: 0.0930  reward_max: 0.1140  reward_mean: -0.0171  reward_min: -5.6287  value_loss: 0.8019
Step:   160000  |  score: 107.46 ± 0.63  |  actor_loss: -1.7910  cost_loss: 1.3744  q_loss: 0.1144  reward_max: 0.1706  reward_mean: -0.0392  reward_min: -5.8152  value_loss: 0.7399
Step:   170000  |  score: 108.82 ± 0.26  |  actor_loss: -2.0804  cost_loss: 1.3760  q_loss: 0.0176  reward_max: 0.3290  reward_mean: -0.0407  reward_min: -6.0385  value_loss: 0.7183
Step:   180000  |  score: 108.84 ± 0.70  |  actor_loss: -2.3750  cost_loss: 1.3813  q_loss: 0.0107  reward_max: 0.1548  reward_mean: 0.0011  reward_min: -3.5913  value_loss: 0.8816
Step:   190000  |  score: 107.33 ± 0.91  |  actor_loss: -2.3651  cost_loss: 1.3827  q_loss: 0.0256  reward_max: 0.1136  reward_mean: 0.0124  reward_min: -5.7540  value_loss: 0.8592
Step:   200000  |  score: 108.70 ± 0.30  |  actor_loss: -2.5774  cost_loss: 1.3739  q_loss: 0.0997  reward_max: 0.1031  reward_mean: -0.0304  reward_min: -4.1588  value_loss: 0.6863
Step:   210000  |  score: 108.29 ± 0.34  |  actor_loss: -2.1824  cost_loss: 1.3738  q_loss: 0.0507  reward_max: 0.2702  reward_mean: -0.0468  reward_min: -5.9775  value_loss: 0.7018
Step:   220000  |  score: 107.84 ± 0.34  |  actor_loss: -2.1010  cost_loss: 1.3779  q_loss: 0.0675  reward_max: 0.1618  reward_mean: -0.0212  reward_min: -6.1662  value_loss: 0.7529
Step:   230000  |  score: 107.96 ± 0.42  |  actor_loss: -1.9670  cost_loss: 1.3733  q_loss: 0.0736  reward_max: 0.2119  reward_mean: -0.0427  reward_min: -6.1835  value_loss: 0.6556
Step:   240000  |  score: 108.78 ± 0.40  |  actor_loss: -2.4754  cost_loss: 1.3788  q_loss: 0.0381  reward_max: 0.0659  reward_mean: -0.0262  reward_min: -5.1600  value_loss: 0.7481
Step:   250000  |  score: 107.54 ± 0.79  |  actor_loss: -1.9533  cost_loss: 1.3768  q_loss: 0.0170  reward_max: 0.0917  reward_mean: -0.0107  reward_min: -5.9855  value_loss: 0.6875
Step:   260000  |  score: 108.56 ± 0.18  |  actor_loss: -2.3304  cost_loss: 1.3762  q_loss: 0.0282  reward_max: 0.0997  reward_mean: -0.0182  reward_min: -5.3695  value_loss: 0.6502
Step:   270000  |  score: 108.31 ± 0.32  |  actor_loss: -2.6428  cost_loss: 1.3797  q_loss: 0.0366  reward_max: 0.1289  reward_mean: -0.0088  reward_min: -6.4229  value_loss: 0.7944
Step:   280000  |  score: 108.39 ± 0.23  |  actor_loss: -2.1682  cost_loss: 1.3759  q_loss: 0.0198  reward_max: 0.1592  reward_mean: -0.0342  reward_min: -5.8426  value_loss: 0.6826
Step:   290000  |  score: 108.38 ± 0.29  |  actor_loss: -2.4966  cost_loss: 1.3771  q_loss: 0.0299  reward_max: 0.0586  reward_mean: -0.0342  reward_min: -5.5827  value_loss: 0.6579
Step:   300000  |  score: 108.79 ± 0.30  |  actor_loss: -2.5734  cost_loss: 1.3778  q_loss: 0.0293  reward_max: 0.1265  reward_mean: -0.0103  reward_min: -3.5345  value_loss: 0.6895
Step:   310000  |  score: 109.01 ± 0.22  |  actor_loss: -2.2164  cost_loss: 1.3757  q_loss: 0.0357  reward_max: 0.2118  reward_mean: -0.0245  reward_min: -5.7175  value_loss: 0.6378
Step:   320000  |  score: 107.97 ± 0.26  |  actor_loss: -2.6090  cost_loss: 1.3817  q_loss: 0.0071  reward_max: 0.0824  reward_mean: 0.0083  reward_min: -0.9782  value_loss: 0.8230
Step:   330000  |  score: 108.94 ± 0.30  |  actor_loss: -2.3297  cost_loss: 1.3798  q_loss: 0.0062  reward_max: 0.0703  reward_mean: -0.0047  reward_min: -3.4969  value_loss: 0.7718
Step:   340000  |  score: 109.05 ± 0.46  |  actor_loss: -1.7175  cost_loss: 1.3735  q_loss: 0.0981  reward_max: 0.0706  reward_mean: -0.0477  reward_min: -5.5640  value_loss: 0.4837
Step:   350000  |  score: 108.81 ± 0.30  |  actor_loss: -2.3135  cost_loss: 1.3803  q_loss: 0.0104  reward_max: 0.0654  reward_mean: -0.0112  reward_min: -5.5384  value_loss: 0.7088
Step:   360000  |  score: 108.27 ± 0.45  |  actor_loss: -2.5955  cost_loss: 1.3795  q_loss: 0.0164  reward_max: 0.1025  reward_mean: -0.0148  reward_min: -5.9626  value_loss: 0.7241
Step:   370000  |  score: 108.61 ± 0.41  |  actor_loss: -2.2146  cost_loss: 1.3776  q_loss: 0.0301  reward_max: 0.0742  reward_mean: -0.0276  reward_min: -6.3679  value_loss: 0.6480
Step:   380000  |  score: 108.14 ± 0.24  |  actor_loss: -2.0885  cost_loss: 1.3760  q_loss: 0.0650  reward_max: 0.1969  reward_mean: -0.0466  reward_min: -6.3398  value_loss: 0.5639
Step:   390000  |  score: 108.54 ± 0.50  |  actor_loss: -2.4215  cost_loss: 1.3750  q_loss: 0.0343  reward_max: 0.0920  reward_mean: -0.0252  reward_min: -4.5464  value_loss: 0.5544
Step:   400000  |  score: 108.63 ± 0.20  |  actor_loss: -2.5285  cost_loss: 1.3812  q_loss: 0.0072  reward_max: 0.2234  reward_mean: 0.0073  reward_min: -2.7955  value_loss: 0.7932
Step:   410000  |  score: 108.27 ± 0.32  |  actor_loss: -2.4645  cost_loss: 1.3777  q_loss: 0.0316  reward_max: 0.1209  reward_mean: -0.0148  reward_min: -4.4367  value_loss: 0.6805
Step:   420000  |  score: 108.88 ± 0.22  |  actor_loss: -1.7644  cost_loss: 1.3789  q_loss: 0.0188  reward_max: 0.1645  reward_mean: -0.0056  reward_min: -4.5001  value_loss: 0.7189
Step:   430000  |  score: 108.65 ± 0.31  |  actor_loss: -2.6604  cost_loss: 1.3795  q_loss: 0.0060  reward_max: 0.1302  reward_mean: -0.0010  reward_min: -4.2324  value_loss: 0.7243
Step:   440000  |  score: 107.67 ± 1.07  |  actor_loss: -2.5389  cost_loss: 1.3785  q_loss: 0.0389  reward_max: 0.1114  reward_mean: -0.0156  reward_min: -3.6519  value_loss: 0.6684
Step:   450000  |  score: 107.87 ± 0.37  |  actor_loss: -2.4354  cost_loss: 1.3783  q_loss: 0.0112  reward_max: 0.0725  reward_mean: -0.0208  reward_min: -4.8465  value_loss: 0.6649
Step:   460000  |  score: 108.40 ± 0.31  |  actor_loss: -2.5469  cost_loss: 1.3812  q_loss: 0.0223  reward_max: 0.1225  reward_mean: -0.0075  reward_min: -6.1777  value_loss: 0.7187
Step:   470000  |  score: 108.64 ± 0.27  |  actor_loss: -2.1703  cost_loss: 1.3728  q_loss: 0.0544  reward_max: 0.1133  reward_mean: -0.0413  reward_min: -5.8666  value_loss: 0.4258
Step:   480000  |  score: 108.64 ± 0.34  |  actor_loss: -2.0776  cost_loss: 1.3747  q_loss: 0.0723  reward_max: 0.0724  reward_mean: -0.0391  reward_min: -6.4337  value_loss: 0.5151
Step:   490000  |  score: 108.59 ± 0.15  |  actor_loss: -2.2695  cost_loss: 1.3830  q_loss: 0.0086  reward_max: 0.1007  reward_mean: 0.0164  reward_min: -0.2776  value_loss: 0.8337
Step:   500000  |  score: 108.28 ± 0.26  |  actor_loss: -2.3796  cost_loss: 1.3781  q_loss: 0.0175  reward_max: 0.1910  reward_mean: -0.0143  reward_min: -5.1968  value_loss: 0.7198
Step:   510000  |  score: 108.46 ± 0.30  |  actor_loss: -2.1845  cost_loss: 1.3737  q_loss: 0.0777  reward_max: 0.0995  reward_mean: -0.0382  reward_min: -4.8964  value_loss: 0.5067
Step:   520000  |  score: 108.46 ± 0.62  |  actor_loss: -2.3692  cost_loss: 1.3785  q_loss: 0.0700  reward_max: 0.1241  reward_mean: -0.0282  reward_min: -6.0841  value_loss: 0.7110
Step:   530000  |  score: 108.93 ± 0.23  |  actor_loss: -2.3706  cost_loss: 1.3742  q_loss: 0.0161  reward_max: 0.0724  reward_mean: -0.0400  reward_min: -6.2171  value_loss: 0.6029
Step:   540000  |  score: 108.73 ± 0.17  |  actor_loss: -2.5702  cost_loss: 1.3796  q_loss: 0.0207  reward_max: 0.1094  reward_mean: -0.0009  reward_min: -4.2456  value_loss: 0.7512
Step:   550000  |  score: 108.95 ± 0.31  |  actor_loss: -2.4125  cost_loss: 1.3810  q_loss: 0.0102  reward_max: 0.1016  reward_mean: -0.0067  reward_min: -4.4061  value_loss: 0.8225
Step:   560000  |  score: 108.07 ± 0.23  |  actor_loss: -2.2711  cost_loss: 1.3755  q_loss: 0.0179  reward_max: 0.1294  reward_mean: -0.0215  reward_min: -4.7495  value_loss: 0.6012
Step:   570000  |  score: 108.68 ± 0.16  |  actor_loss: -2.4282  cost_loss: 1.3780  q_loss: 0.0836  reward_max: 0.1370  reward_mean: -0.0324  reward_min: -6.0871  value_loss: 0.6539
Step:   580000  |  score: 98.16 ± 27.73  |  actor_loss: -2.5231  cost_loss: 1.3718  q_loss: 0.0208  reward_max: 0.1992  reward_mean: -0.0625  reward_min: -6.2708  value_loss: 0.3911
Step:   590000  |  score: 108.28 ± 0.38  |  actor_loss: -2.6662  cost_loss: 1.3796  q_loss: 0.0043  reward_max: 0.1259  reward_mean: -0.0079  reward_min: -4.2954  value_loss: 0.7169
Step:   600000  |  score: 108.42 ± 0.19  |  actor_loss: -2.4096  cost_loss: 1.3784  q_loss: 0.0107  reward_max: 0.0755  reward_mean: -0.0230  reward_min: -6.2938  value_loss: 0.6573
Step:   610000  |  score: 108.75 ± 0.25  |  actor_loss: -2.4537  cost_loss: 1.3791  q_loss: 0.0176  reward_max: 0.1468  reward_mean: -0.0021  reward_min: -3.1943  value_loss: 0.7806
Step:   620000  |  score: 108.80 ± 0.29  |  actor_loss: -2.4180  cost_loss: 1.3795  q_loss: 0.0055  reward_max: 0.1203  reward_mean: -0.0091  reward_min: -6.3182  value_loss: 0.7454
Step:   630000  |  score: 108.41 ± 0.35  |  actor_loss: -2.2848  cost_loss: 1.3759  q_loss: 0.0441  reward_max: 0.0504  reward_mean: -0.0415  reward_min: -6.2356  value_loss: 0.4827
Step:   640000  |  score: 108.51 ± 0.19  |  actor_loss: -2.2994  cost_loss: 1.3740  q_loss: 0.0347  reward_max: 0.1705  reward_mean: -0.0550  reward_min: -6.2005  value_loss: 0.4385
Step:   650000  |  score: 108.36 ± 0.42  |  actor_loss: -2.2901  cost_loss: 1.3769  q_loss: 0.0375  reward_max: 0.1371  reward_mean: -0.0257  reward_min: -4.5289  value_loss: 0.5619
Step:   660000  |  score: 108.32 ± 0.44  |  actor_loss: -2.3204  cost_loss: 1.3791  q_loss: 0.0189  reward_max: 0.2070  reward_mean: -0.0073  reward_min: -2.9762  value_loss: 0.6330
Step:   670000  |  score: 108.64 ± 0.32  |  actor_loss: -2.6646  cost_loss: 1.3770  q_loss: 0.0097  reward_max: 0.1807  reward_mean: -0.0258  reward_min: -6.4219  value_loss: 0.6506
Step:   680000  |  score: 108.63 ± 0.18  |  actor_loss: -2.5280  cost_loss: 1.3789  q_loss: 0.0118  reward_max: 0.0580  reward_mean: -0.0183  reward_min: -5.1240  value_loss: 0.6454
Step:   690000  |  score: 108.70 ± 0.17  |  actor_loss: -2.6047  cost_loss: 1.3805  q_loss: 0.0092  reward_max: 0.1123  reward_mean: -0.0120  reward_min: -6.2129  value_loss: 0.7528
Step:   700000  |  score: 108.45 ± 0.31  |  actor_loss: -2.3584  cost_loss: 1.3775  q_loss: 0.0302  reward_max: 0.2081  reward_mean: -0.0277  reward_min: -6.3711  value_loss: 0.6269
Step:   710000  |  score: 108.67 ± 0.33  |  actor_loss: -2.3418  cost_loss: 1.3776  q_loss: 0.0253  reward_max: 0.0784  reward_mean: -0.0243  reward_min: -4.7842  value_loss: 0.6022
Step:   720000  |  score: 107.90 ± 0.25  |  actor_loss: -2.4099  cost_loss: 1.3792  q_loss: 0.0082  reward_max: 0.1135  reward_mean: -0.0122  reward_min: -6.1248  value_loss: 0.7196
Step:   730000  |  score: 108.88 ± 0.24  |  actor_loss: -2.3281  cost_loss: 1.3728  q_loss: 0.0391  reward_max: 0.0743  reward_mean: -0.0478  reward_min: -5.8734  value_loss: 0.4438
Step:   740000  |  score: 108.26 ± 0.18  |  actor_loss: -2.5854  cost_loss: 1.3785  q_loss: 0.0118  reward_max: 0.1175  reward_mean: -0.0094  reward_min: -4.0390  value_loss: 0.6791
Step:   750000  |  score: 108.41 ± 0.17  |  actor_loss: -2.4579  cost_loss: 1.3782  q_loss: 0.0263  reward_max: 0.0791  reward_mean: -0.0278  reward_min: -6.3561  value_loss: 0.5981
Step:   760000  |  score: 109.34 ± 0.26  |  actor_loss: -2.4654  cost_loss: 1.3751  q_loss: 0.0334  reward_max: 0.1137  reward_mean: -0.0350  reward_min: -5.9016  value_loss: 0.5933
Step:   770000  |  score: 108.40 ± 0.34  |  actor_loss: -2.4080  cost_loss: 1.3784  q_loss: 0.0059  reward_max: 0.0667  reward_mean: -0.0173  reward_min: -5.7344  value_loss: 0.7490
Step:   780000  |  score: 108.79 ± 0.32  |  actor_loss: -2.4332  cost_loss: 1.3804  q_loss: 0.0088  reward_max: 0.1216  reward_mean: -0.0051  reward_min: -6.6601  value_loss: 0.8055
Step:   790000  |  score: 108.65 ± 0.13  |  actor_loss: -2.5538  cost_loss: 1.3741  q_loss: 0.0704  reward_max: 0.1033  reward_mean: -0.0405  reward_min: -6.3515  value_loss: 0.4601
Step:   800000  |  score: 108.77 ± 0.57  |  actor_loss: -2.5705  cost_loss: 1.3720  q_loss: 0.0218  reward_max: 0.1552  reward_mean: -0.0632  reward_min: -6.0898  value_loss: 0.3851
Step:   810000  |  score: 108.72 ± 0.32  |  actor_loss: -2.4172  cost_loss: 1.3809  q_loss: 0.0059  reward_max: 0.1487  reward_mean: 0.0066  reward_min: -3.9509  value_loss: 0.8143
Step:   820000  |  score: 108.85 ± 0.14  |  actor_loss: -2.5325  cost_loss: 1.3785  q_loss: 0.0313  reward_max: 0.0609  reward_mean: 0.0009  reward_min: -3.9014  value_loss: 0.7327
Step:   830000  |  score: 108.59 ± 0.10  |  actor_loss: -2.6907  cost_loss: 1.3817  q_loss: 0.0054  reward_max: 0.0980  reward_mean: 0.0060  reward_min: -0.1765  value_loss: 0.8686
Step:   840000  |  score: 108.57 ± 0.33  |  actor_loss: -2.4222  cost_loss: 1.3768  q_loss: 0.0231  reward_max: 0.2290  reward_mean: -0.0307  reward_min: -6.4816  value_loss: 0.6331
Step:   850000  |  score: 108.68 ± 0.15  |  actor_loss: -2.4922  cost_loss: 1.3760  q_loss: 0.0274  reward_max: 0.0946  reward_mean: -0.0358  reward_min: -6.0359  value_loss: 0.6548
Step:   860000  |  score: 108.19 ± 0.30  |  actor_loss: -2.5803  cost_loss: 1.3810  q_loss: 0.0082  reward_max: 0.1103  reward_mean: -0.0073  reward_min: -5.8287  value_loss: 0.7280
Step:   870000  |  score: 108.71 ± 0.29  |  actor_loss: -2.4412  cost_loss: 1.3809  q_loss: 0.0045  reward_max: 0.1053  reward_mean: -0.0017  reward_min: -6.1386  value_loss: 0.7599
Step:   880000  |  score: 108.38 ± 0.51  |  actor_loss: -2.1050  cost_loss: 1.3733  q_loss: 0.0184  reward_max: 0.1402  reward_mean: -0.0398  reward_min: -5.4468  value_loss: 0.4266
Step:   890000  |  score: 108.57 ± 0.53  |  actor_loss: -2.4457  cost_loss: 1.3797  q_loss: 0.0053  reward_max: 0.0625  reward_mean: -0.0067  reward_min: -5.0402  value_loss: 0.7198
Step:   900000  |  score: 109.02 ± 0.16  |  actor_loss: -2.2639  cost_loss: 1.3758  q_loss: 0.0196  reward_max: 0.1435  reward_mean: -0.0279  reward_min: -5.4834  value_loss: 0.4868
Step:   910000  |  score: 108.39 ± 0.24  |  actor_loss: -2.5252  cost_loss: 1.3778  q_loss: 0.0136  reward_max: 0.0682  reward_mean: -0.0203  reward_min: -5.6615  value_loss: 0.6610
Step:   920000  |  score: 108.28 ± 0.30  |  actor_loss: -2.6143  cost_loss: 1.3753  q_loss: 0.0293  reward_max: 0.0457  reward_mean: -0.0401  reward_min: -6.4184  value_loss: 0.5761
Step:   930000  |  score: 108.53 ± 0.43  |  actor_loss: -2.8822  cost_loss: 1.3765  q_loss: 0.0324  reward_max: 0.1101  reward_mean: -0.0248  reward_min: -6.2101  value_loss: 0.6167
Step:   940000  |  score: 108.66 ± 0.41  |  actor_loss: -2.3553  cost_loss: 1.3779  q_loss: 0.0191  reward_max: 0.0676  reward_mean: -0.0314  reward_min: -6.6025  value_loss: 0.6735
Step:   950000  |  score: 108.91 ± 0.22  |  actor_loss: -2.3902  cost_loss: 1.3765  q_loss: 0.0109  reward_max: 0.0465  reward_mean: -0.0398  reward_min: -6.5176  value_loss: 0.7026
Step:   960000  |  score: 108.72 ± 0.17  |  actor_loss: -2.1813  cost_loss: 1.3792  q_loss: 0.0310  reward_max: 0.2336  reward_mean: -0.0191  reward_min: -4.5756  value_loss: 0.7098
Step:   970000  |  score: 108.69 ± 0.14  |  actor_loss: -2.5517  cost_loss: 1.3751  q_loss: 0.0232  reward_max: 0.0673  reward_mean: -0.0375  reward_min: -6.2189  value_loss: 0.6877
Step:   980000  |  score: 108.73 ± 0.49  |  actor_loss: -2.6361  cost_loss: 1.3772  q_loss: 0.0325  reward_max: 0.0647  reward_mean: -0.0183  reward_min: -5.8242  value_loss: 0.6138
Step:   990000  |  score: 108.55 ± 0.22  |  actor_loss: -2.4647  cost_loss: 1.3797  q_loss: 0.0237  reward_max: 0.1264  reward_mean: -0.0003  reward_min: -3.3025  value_loss: 0.7653
Step:  1000000  |  score: 108.58 ± 0.44  |  actor_loss: -2.4680  cost_loss: 1.3791  q_loss: 0.0104  reward_max: 0.0704  reward_mean: -0.0130  reward_min: -6.1939  value_loss: 0.7478
Step:  1010000  |  score: 108.48 ± 0.35  |  actor_loss: -2.5356  cost_loss: 1.3779  q_loss: 0.0117  reward_max: 0.2589  reward_mean: -0.0268  reward_min: -6.2764  value_loss: 0.6157
Step:  1020000  |  score: 108.71 ± 0.27  |  actor_loss: -2.6538  cost_loss: 1.3810  q_loss: 0.0098  reward_max: 0.0717  reward_mean: -0.0101  reward_min: -6.1974  value_loss: 0.7929
Step:  1030000  |  score: 108.34 ± 0.44  |  actor_loss: -2.8230  cost_loss: 1.3784  q_loss: 0.0098  reward_max: 0.1312  reward_mean: -0.0239  reward_min: -6.2483  value_loss: 0.7841
Step:  1040000  |  score: 108.78 ± 0.26  |  actor_loss: -2.5428  cost_loss: 1.3766  q_loss: 0.0279  reward_max: 0.1470  reward_mean: -0.0334  reward_min: -6.0398  value_loss: 0.6092
Step:  1050000  |  score: 108.35 ± 0.37  |  actor_loss: -2.3458  cost_loss: 1.3762  q_loss: 0.0132  reward_max: 0.1042  reward_mean: -0.0409  reward_min: -6.6680  value_loss: 0.6384
Step:  1060000  |  score: 108.44 ± 0.26  |  actor_loss: -2.2360  cost_loss: 1.3829  q_loss: 0.0065  reward_max: 0.0595  reward_mean: 0.0051  reward_min: -0.0937  value_loss: 0.8416
Step:  1070000  |  score: 109.07 ± 0.24  |  actor_loss: -2.2128  cost_loss: 1.3716  q_loss: 0.0133  reward_max: 0.0446  reward_mean: -0.0701  reward_min: -6.5354  value_loss: 0.3799
Step:  1080000  |  score: 109.08 ± 0.27  |  actor_loss: -2.5097  cost_loss: 1.3749  q_loss: 0.0126  reward_max: 0.1274  reward_mean: -0.0347  reward_min: -6.2485  value_loss: 0.5188
Step:  1090000  |  score: 108.53 ± 0.24  |  actor_loss: -2.5370  cost_loss: 1.3803  q_loss: 0.0105  reward_max: 0.1783  reward_mean: 0.0010  reward_min: -3.2402  value_loss: 0.6648
Step:  1100000  |  score: 109.01 ± 0.28  |  actor_loss: -2.3779  cost_loss: 1.3788  q_loss: 0.0050  reward_max: 0.0883  reward_mean: -0.0053  reward_min: -4.6359  value_loss: 0.7406
Step:  1110000  |  score: 108.94 ± 0.15  |  actor_loss: -2.4469  cost_loss: 1.3801  q_loss: 0.0063  reward_max: 0.0720  reward_mean: -0.0002  reward_min: -3.6912  value_loss: 0.7917
Step:  1120000  |  score: 108.56 ± 0.37  |  actor_loss: -2.5347  cost_loss: 1.3743  q_loss: 0.0144  reward_max: 0.0781  reward_mean: -0.0460  reward_min: -6.0194  value_loss: 0.5208
Step:  1130000  |  score: 108.21 ± 0.44  |  actor_loss: -2.4975  cost_loss: 1.3781  q_loss: 0.0067  reward_max: 0.0831  reward_mean: -0.0286  reward_min: -5.9738  value_loss: 0.6585
Step:  1140000  |  score: 108.92 ± 0.20  |  actor_loss: -2.5728  cost_loss: 1.3770  q_loss: 0.0237  reward_max: 0.1339  reward_mean: -0.0235  reward_min: -5.7167  value_loss: 0.6438
Step:  1150000  |  score: 108.70 ± 0.18  |  actor_loss: -2.4961  cost_loss: 1.3745  q_loss: 0.0298  reward_max: 0.0652  reward_mean: -0.0368  reward_min: -6.2271  value_loss: 0.4550
Step:  1160000  |  score: 108.74 ± 0.27  |  actor_loss: -2.6767  cost_loss: 1.3771  q_loss: 0.0100  reward_max: 0.0989  reward_mean: -0.0203  reward_min: -4.7292  value_loss: 0.6228
Step:  1170000  |  score: 108.50 ± 0.46  |  actor_loss: -2.5426  cost_loss: 1.3791  q_loss: 0.0168  reward_max: 0.0961  reward_mean: -0.0230  reward_min: -6.0735  value_loss: 0.7306
Step:  1180000  |  score: 108.77 ± 0.37  |  actor_loss: -2.6221  cost_loss: 1.3777  q_loss: 0.0250  reward_max: 0.1788  reward_mean: -0.0121  reward_min: -5.3135  value_loss: 0.6150
Step:  1190000  |  score: 108.69 ± 0.25  |  actor_loss: -2.7467  cost_loss: 1.3797  q_loss: 0.0198  reward_max: 0.2013  reward_mean: -0.0159  reward_min: -6.4003  value_loss: 0.7449
Step:  1200000  |  score: 108.46 ± 0.48  |  actor_loss: -2.4529  cost_loss: 1.3795  q_loss: 0.0074  reward_max: 0.0761  reward_mean: -0.0108  reward_min: -6.0878  value_loss: 0.7358
Step:  1210000  |  score: 108.77 ± 0.22  |  actor_loss: -2.2016  cost_loss: 1.3707  q_loss: 0.0603  reward_max: 0.1407  reward_mean: -0.0707  reward_min: -6.3098  value_loss: 0.2928
Step:  1220000  |  score: 108.23 ± 0.22  |  actor_loss: -2.3950  cost_loss: 1.3785  q_loss: 0.0074  reward_max: 0.0491  reward_mean: -0.0111  reward_min: -6.3323  value_loss: 0.6409
Step:  1230000  |  score: 108.61 ± 0.24  |  actor_loss: -2.4963  cost_loss: 1.3778  q_loss: 0.0263  reward_max: 0.0746  reward_mean: -0.0291  reward_min: -5.8578  value_loss: 0.6425
Step:  1240000  |  score: 108.51 ± 0.33  |  actor_loss: -2.6137  cost_loss: 1.3791  q_loss: 0.0070  reward_max: 0.1636  reward_mean: -0.0083  reward_min: -4.5311  value_loss: 0.6991
Step:  1250000  |  score: 108.38 ± 0.32  |  actor_loss: -2.5202  cost_loss: 1.3748  q_loss: 0.0273  reward_max: 0.0681  reward_mean: -0.0524  reward_min: -6.4634  value_loss: 0.4051
Step:  1260000  |  score: 108.46 ± 0.34  |  actor_loss: -2.5302  cost_loss: 1.3717  q_loss: 0.0437  reward_max: 0.1016  reward_mean: -0.0495  reward_min: -5.6158  value_loss: 0.4761
Step:  1270000  |  score: 108.43 ± 0.47  |  actor_loss: -2.6801  cost_loss: 1.3803  q_loss: 0.0044  reward_max: 0.1118  reward_mean: -0.0037  reward_min: -6.0210  value_loss: 0.8127
Step:  1280000  |  score: 108.72 ± 0.52  |  actor_loss: -2.4330  cost_loss: 1.3780  q_loss: 0.0180  reward_max: 0.0549  reward_mean: -0.0201  reward_min: -6.1996  value_loss: 0.6829
Step:  1290000  |  score: 108.25 ± 0.30  |  actor_loss: -2.5282  cost_loss: 1.3812  q_loss: 0.0097  reward_max: 0.1314  reward_mean: 0.0043  reward_min: -4.6561  value_loss: 0.7317
Step:  1300000  |  score: 108.90 ± 0.34  |  actor_loss: -2.5323  cost_loss: 1.3788  q_loss: 0.0085  reward_max: 0.1164  reward_mean: -0.0081  reward_min: -3.8071  value_loss: 0.7048
Step:  1310000  |  score: 108.56 ± 0.33  |  actor_loss: -2.8204  cost_loss: 1.3709  q_loss: 0.0256  reward_max: 0.0979  reward_mean: -0.0628  reward_min: -6.2360  value_loss: 0.3993
Step:  1320000  |  score: 108.13 ± 0.96  |  actor_loss: -2.1217  cost_loss: 1.3744  q_loss: 0.0274  reward_max: 0.1924  reward_mean: -0.0551  reward_min: -6.1972  value_loss: 0.5537
Step:  1330000  |  score: 108.92 ± 0.12  |  actor_loss: -2.6492  cost_loss: 1.3802  q_loss: 0.0127  reward_max: 0.1518  reward_mean: -0.0066  reward_min: -4.5792  value_loss: 0.7496
Step:  1340000  |  score: 107.77 ± 0.27  |  actor_loss: -2.4030  cost_loss: 1.3780  q_loss: 0.0111  reward_max: 0.0907  reward_mean: -0.0161  reward_min: -6.2244  value_loss: 0.6790
Step:  1350000  |  score: 108.68 ± 0.17  |  actor_loss: -2.2734  cost_loss: 1.3779  q_loss: 0.0150  reward_max: 0.0705  reward_mean: -0.0339  reward_min: -6.3407  value_loss: 0.6195
Step:  1360000  |  score: 108.16 ± 0.77  |  actor_loss: -2.4302  cost_loss: 1.3746  q_loss: 0.0160  reward_max: 0.0630  reward_mean: -0.0440  reward_min: -6.4500  value_loss: 0.6809
Step:  1370000  |  score: 108.75 ± 0.48  |  actor_loss: -2.6857  cost_loss: 1.3776  q_loss: 0.0048  reward_max: 0.1109  reward_mean: -0.0243  reward_min: -6.0340  value_loss: 0.7015
Step:  1380000  |  score: 108.71 ± 0.29  |  actor_loss: -2.5021  cost_loss: 1.3772  q_loss: 0.0221  reward_max: 0.0671  reward_mean: -0.0137  reward_min: -6.0613  value_loss: 0.6822
Step:  1390000  |  score: 107.49 ± 0.78  |  actor_loss: -2.5327  cost_loss: 1.3685  q_loss: 0.0208  reward_max: 0.0536  reward_mean: -0.0795  reward_min: -6.0816  value_loss: 0.3587
Step:  1400000  |  score: 108.08 ± 1.08  |  actor_loss: -2.3256  cost_loss: 1.3782  q_loss: 0.0101  reward_max: 0.1469  reward_mean: -0.0260  reward_min: -5.9046  value_loss: 0.7007
Step:  1410000  |  score: 108.74 ± 0.45  |  actor_loss: -2.5727  cost_loss: 1.3788  q_loss: 0.0247  reward_max: 0.0804  reward_mean: -0.0192  reward_min: -6.5135  value_loss: 0.7327
Step:  1420000  |  score: 108.76 ± 0.29  |  actor_loss: -2.7254  cost_loss: 1.3814  q_loss: 0.0024  reward_max: 0.2486  reward_mean: -0.0077  reward_min: -5.1749  value_loss: 0.7581
Step:  1430000  |  score: 108.61 ± 0.43  |  actor_loss: -2.4402  cost_loss: 1.3731  q_loss: 0.0315  reward_max: 0.0644  reward_mean: -0.0511  reward_min: -6.3157  value_loss: 0.4877
Step:  1440000  |  score: 108.54 ± 0.08  |  actor_loss: -2.3878  cost_loss: 1.3769  q_loss: 0.0159  reward_max: 0.1041  reward_mean: -0.0169  reward_min: -6.2008  value_loss: 0.7681
Step:  1450000  |  score: 108.57 ± 0.28  |  actor_loss: -2.2403  cost_loss: 1.3786  q_loss: 0.0062  reward_max: 0.0601  reward_mean: -0.0191  reward_min: -5.4333  value_loss: 0.7378
Step:  1460000  |  score: 108.77 ± 0.15  |  actor_loss: -2.5753  cost_loss: 1.3755  q_loss: 0.0248  reward_max: 0.0824  reward_mean: -0.0317  reward_min: -6.5129  value_loss: 0.5483
Step:  1470000  |  score: 108.47 ± 0.41  |  actor_loss: -2.7562  cost_loss: 1.3722  q_loss: 0.0175  reward_max: 0.0821  reward_mean: -0.0555  reward_min: -5.9442  value_loss: 0.3508
Step:  1480000  |  score: 109.13 ± 0.27  |  actor_loss: -2.4617  cost_loss: 1.3759  q_loss: 0.0263  reward_max: 0.0594  reward_mean: -0.0402  reward_min: -6.3352  value_loss: 0.5913
Step:  1490000  |  score: 108.63 ± 0.42  |  actor_loss: -2.7248  cost_loss: 1.3787  q_loss: 0.0057  reward_max: 0.0701  reward_mean: -0.0159  reward_min: -6.2923  value_loss: 0.7082
Step:  1500000  |  score: 108.44 ± 0.34  |  actor_loss: -2.6473  cost_loss: 1.3802  q_loss: 0.0098  reward_max: 0.0508  reward_mean: -0.0086  reward_min: -4.4711  value_loss: 0.7447
Step:  1510000  |  score: 108.67 ± 0.26  |  actor_loss: -2.6879  cost_loss: 1.3780  q_loss: 0.0316  reward_max: 0.0576  reward_mean: -0.0194  reward_min: -6.1367  value_loss: 0.7189
Step:  1520000  |  score: 108.95 ± 0.31  |  actor_loss: -2.6477  cost_loss: 1.3744  q_loss: 0.0204  reward_max: 0.0915  reward_mean: -0.0467  reward_min: -6.2661  value_loss: 0.5620
Step:  1530000  |  score: 109.36 ± 0.33  |  actor_loss: -2.6243  cost_loss: 1.3800  q_loss: 0.0077  reward_max: 0.0625  reward_mean: -0.0093  reward_min: -5.9196  value_loss: 0.7737
Step:  1540000  |  score: 108.65 ± 0.22  |  actor_loss: -2.6349  cost_loss: 1.3791  q_loss: 0.0221  reward_max: 0.1772  reward_mean: -0.0140  reward_min: -5.8934  value_loss: 0.6883
Step:  1550000  |  score: 108.06 ± 0.46  |  actor_loss: -2.6024  cost_loss: 1.3777  q_loss: 0.0164  reward_max: 0.2173  reward_mean: -0.0338  reward_min: -6.2891  value_loss: 0.6295
Step:  1560000  |  score: 109.12 ± 0.20  |  actor_loss: -2.2232  cost_loss: 1.3724  q_loss: 0.0807  reward_max: 0.0791  reward_mean: -0.0408  reward_min: -5.0621  value_loss: 0.4248
Step:  1570000  |  score: 108.90 ± 0.14  |  actor_loss: -2.5964  cost_loss: 1.3771  q_loss: 0.0205  reward_max: 0.1855  reward_mean: -0.0174  reward_min: -4.9600  value_loss: 0.7016
Step:  1580000  |  score: 108.48 ± 0.98  |  actor_loss: -2.6687  cost_loss: 1.3802  q_loss: 0.0754  reward_max: 0.0918  reward_mean: -0.0078  reward_min: -6.4205  value_loss: 0.9121
Step:  1590000  |  score: 108.79 ± 0.24  |  actor_loss: -2.6509  cost_loss: 1.3794  q_loss: 0.0079  reward_max: 0.0963  reward_mean: -0.0108  reward_min: -5.8161  value_loss: 0.7454
Step:  1600000  |  score: 108.17 ± 0.43  |  actor_loss: -2.6423  cost_loss: 1.3778  q_loss: 0.0176  reward_max: 0.1559  reward_mean: -0.0186  reward_min: -6.0925  value_loss: 0.6814
Step:  1610000  |  score: 108.88 ± 0.20  |  actor_loss: -2.4856  cost_loss: 1.3786  q_loss: 0.0056  reward_max: 0.1216  reward_mean: -0.0179  reward_min: -6.2420  value_loss: 0.7299
Step:  1620000  |  score: 108.61 ± 0.16  |  actor_loss: -2.6171  cost_loss: 1.3788  q_loss: 0.0130  reward_max: 0.0768  reward_mean: -0.0154  reward_min: -5.7012  value_loss: 0.6775
Step:  1630000  |  score: 108.24 ± 0.23  |  actor_loss: -2.7061  cost_loss: 1.3777  q_loss: 0.0189  reward_max: 0.0623  reward_mean: -0.0106  reward_min: -3.9042  value_loss: 0.5349
Step:  1640000  |  score: 108.36 ± 0.19  |  actor_loss: -2.7164  cost_loss: 1.3807  q_loss: 0.0098  reward_max: 0.1229  reward_mean: 0.0076  reward_min: -3.4400  value_loss: 0.7820
Step:  1650000  |  score: 108.61 ± 0.36  |  actor_loss: -2.6094  cost_loss: 1.3749  q_loss: 0.0314  reward_max: 0.0637  reward_mean: -0.0383  reward_min: -6.2557  value_loss: 0.6725
Step:  1660000  |  score: 108.50 ± 0.29  |  actor_loss: -2.6558  cost_loss: 1.3775  q_loss: 0.0093  reward_max: 0.0572  reward_mean: -0.0229  reward_min: -5.8882  value_loss: 0.6837
Step:  1670000  |  score: 107.83 ± 0.34  |  actor_loss: -2.7658  cost_loss: 1.3818  q_loss: 0.0129  reward_max: 0.1691  reward_mean: 0.0001  reward_min: -5.9585  value_loss: 0.8156
Step:  1680000  |  score: 108.98 ± 0.16  |  actor_loss: -2.6309  cost_loss: 1.3778  q_loss: 0.0181  reward_max: 0.1461  reward_mean: -0.0148  reward_min: -4.5953  value_loss: 0.6653
Step:  1690000  |  score: 108.90 ± 0.16  |  actor_loss: -2.5510  cost_loss: 1.3763  q_loss: 0.0204  reward_max: 0.0705  reward_mean: -0.0529  reward_min: -6.2972  value_loss: 0.6915
Step:  1700000  |  score: 107.37 ± 0.50  |  actor_loss: -2.5231  cost_loss: 1.3791  q_loss: 0.0227  reward_max: 0.0738  reward_mean: -0.0014  reward_min: -4.7376  value_loss: 0.7003
Step:  1710000  |  score: 107.95 ± 0.41  |  actor_loss: -2.4880  cost_loss: 1.3774  q_loss: 0.0092  reward_max: 0.1961  reward_mean: -0.0301  reward_min: -6.3880  value_loss: 0.5714
Step:  1720000  |  score: 108.72 ± 0.26  |  actor_loss: -2.4462  cost_loss: 1.3705  q_loss: 0.0242  reward_max: 0.1198  reward_mean: -0.0540  reward_min: -5.8575  value_loss: 0.4423
Step:  1730000  |  score: 108.60 ± 0.24  |  actor_loss: -2.4069  cost_loss: 1.3770  q_loss: 0.0173  reward_max: 0.1528  reward_mean: -0.0238  reward_min: -5.9449  value_loss: 0.6323
Step:  1740000  |  score: 108.72 ± 0.44  |  actor_loss: -2.5625  cost_loss: 1.3772  q_loss: 0.0211  reward_max: 0.1157  reward_mean: -0.0288  reward_min: -4.9905  value_loss: 0.6062
Step:  1750000  |  score: 108.89 ± 0.29  |  actor_loss: -2.4937  cost_loss: 1.3728  q_loss: 0.0319  reward_max: 0.0873  reward_mean: -0.0532  reward_min: -6.5290  value_loss: 0.4440
Step:  1760000  |  score: 108.46 ± 0.33  |  actor_loss: -2.4921  cost_loss: 1.3765  q_loss: 0.0225  reward_max: 0.0880  reward_mean: -0.0218  reward_min: -6.3183  value_loss: 0.6157
Step:  1770000  |  score: 108.24 ± 0.23  |  actor_loss: -2.6673  cost_loss: 1.3784  q_loss: 0.0133  reward_max: 0.1343  reward_mean: -0.0150  reward_min: -5.9662  value_loss: 0.6865
Step:  1780000  |  score: 108.40 ± 0.27  |  actor_loss: -2.4071  cost_loss: 1.3756  q_loss: 0.0192  reward_max: 0.0618  reward_mean: -0.0254  reward_min: -4.9694  value_loss: 0.6412
Step:  1790000  |  score: 108.55 ± 0.27  |  actor_loss: -2.6339  cost_loss: 1.3803  q_loss: 0.0126  reward_max: 0.1843  reward_mean: -0.0082  reward_min: -6.3131  value_loss: 0.7477
Step:  1800000  |  score: 107.91 ± 0.38  |  actor_loss: -2.8713  cost_loss: 1.3783  q_loss: 0.0152  reward_max: 0.0583  reward_mean: -0.0171  reward_min: -5.7879  value_loss: 0.6017
Step:  1810000  |  score: 108.49 ± 0.37  |  actor_loss: -2.6497  cost_loss: 1.3766  q_loss: 0.0297  reward_max: 0.1031  reward_mean: -0.0323  reward_min: -6.0681  value_loss: 0.4743
Step:  1820000  |  score: 109.03 ± 0.21  |  actor_loss: -2.4336  cost_loss: 1.3710  q_loss: 0.0219  reward_max: 0.0929  reward_mean: -0.0741  reward_min: -6.5050  value_loss: 0.2144
Step:  1830000  |  score: 108.40 ± 0.27  |  actor_loss: -2.6529  cost_loss: 1.3796  q_loss: 0.0386  reward_max: 0.1206  reward_mean: -0.0085  reward_min: -4.1400  value_loss: 0.7802
Step:  1840000  |  score: 107.61 ± 1.00  |  actor_loss: -2.4299  cost_loss: 1.3798  q_loss: 0.0042  reward_max: 0.1129  reward_mean: -0.0026  reward_min: -5.3907  value_loss: 0.7325
Step:  1850000  |  score: 108.46 ± 0.44  |  actor_loss: -2.6583  cost_loss: 1.3745  q_loss: 0.0389  reward_max: 0.0817  reward_mean: -0.0389  reward_min: -5.8880  value_loss: 0.4530
Step:  1860000  |  score: 109.10 ± 0.16  |  actor_loss: -2.4108  cost_loss: 1.3739  q_loss: 0.0164  reward_max: 0.0872  reward_mean: -0.0509  reward_min: -6.2851  value_loss: 0.5886
Step:  1870000  |  score: 108.39 ± 0.38  |  actor_loss: -2.6179  cost_loss: 1.3807  q_loss: 0.0111  reward_max: 0.1297  reward_mean: -0.0061  reward_min: -6.0495  value_loss: 0.7442
Step:  1880000  |  score: 109.37 ± 0.12  |  actor_loss: -1.9869  cost_loss: 1.3773  q_loss: 0.0177  reward_max: 0.1439  reward_mean: -0.0210  reward_min: -5.4321  value_loss: 0.6538
Step:  1890000  |  score: 108.54 ± 0.38  |  actor_loss: -2.5025  cost_loss: 1.3792  q_loss: 0.0081  reward_max: 0.1608  reward_mean: -0.0131  reward_min: -5.6145  value_loss: 0.6528
Step:  1900000  |  score: 108.28 ± 1.48  |  actor_loss: -2.6483  cost_loss: 1.3799  q_loss: 0.0115  reward_max: 0.1414  reward_mean: -0.0040  reward_min: -6.2939  value_loss: 0.7419
Step:  1910000  |  score: 108.37 ± 0.28  |  actor_loss: -2.6914  cost_loss: 1.3779  q_loss: 0.0354  reward_max: 0.0892  reward_mean: -0.0188  reward_min: -6.4312  value_loss: 0.7670
Step:  1920000  |  score: 107.97 ± 0.41  |  actor_loss: -2.4588  cost_loss: 1.3772  q_loss: 0.0103  reward_max: 0.0985  reward_mean: -0.0275  reward_min: -6.2286  value_loss: 0.4875
Step:  1930000  |  score: 108.55 ± 0.81  |  actor_loss: -2.5077  cost_loss: 1.3789  q_loss: 0.0158  reward_max: 0.0721  reward_mean: -0.0091  reward_min: -3.6776  value_loss: 0.7610
Step:  1940000  |  score: 108.56 ± 0.34  |  actor_loss: -2.4999  cost_loss: 1.3764  q_loss: 0.0123  reward_max: 0.1464  reward_mean: -0.0252  reward_min: -5.9303  value_loss: 0.5939
Step:  1950000  |  score: 108.97 ± 0.29  |  actor_loss: -2.5782  cost_loss: 1.3746  q_loss: 0.0196  reward_max: 0.0644  reward_mean: -0.0366  reward_min: -6.2429  value_loss: 0.5676
Step:  1960000  |  score: 108.15 ± 0.46  |  actor_loss: -2.5701  cost_loss: 1.3815  q_loss: 0.0119  reward_max: 0.0686  reward_mean: 0.0027  reward_min: -5.2944  value_loss: 0.7963
Step:  1970000  |  score: 108.18 ± 0.19  |  actor_loss: -2.4985  cost_loss: 1.3754  q_loss: 0.0150  reward_max: 0.1671  reward_mean: -0.0335  reward_min: -6.2398  value_loss: 0.5565
Step:  1980000  |  score: 108.07 ± 0.59  |  actor_loss: -2.4166  cost_loss: 1.3753  q_loss: 0.0169  reward_max: 0.2724  reward_mean: -0.0330  reward_min: -4.9261  value_loss: 0.6090
Step:  1990000  |  score: 108.74 ± 0.30  |  actor_loss: -2.9167  cost_loss: 1.3762  q_loss: 0.0164  reward_max: 0.0802  reward_mean: -0.0332  reward_min: -6.6411  value_loss: 0.6785
Step:  2000000  |  score: 108.69 ± 0.32  |  actor_loss: -2.1040  cost_loss: 1.3772  q_loss: 0.0134  reward_max: 0.1156  reward_mean: -0.0163  reward_min: -4.3776  value_loss: 0.6123
Final evaluation (13 iterations)...
Final score: 108.77 ± 0.32
wandb: WARNING Symlinked 1 file into the W&B run directory; call wandb.save again to sync new files.
wandb: uploading data; updating run metadata
wandb: uploading data
wandb: uploading data; uploading final_returns/bdemodice_walker2d-expert-v2_2026-03-18_17-24-35.npz; uploading output.log; uploading wandb-summary.json; uploading config.yaml
wandb: uploading data; uploading final_returns/bdemodice_walker2d-expert-v2_2026-03-18_17-24-35.npz; uploading output.log; uploading wandb-summary.json
wandb: uploading summary, console lines 214-215
wandb: 
wandb: Run history:
wandb:  actor_loss █▄▃▄▃▃▃▄▃▂▂▃▃▃▃▂▂▂▂▂▂▂▂▂▂▂▂▂▂▂▃▁▂▂▂▂▂▁▂▃
wandb:   cost_loss ▇▅█▃▅▄▇▂▄▆▅▆▆▇▃▅▃▅▆▇▁▆▇█▆▂▇▆▇▆█▅▆▅▆▃▇▅▅▄
wandb: num_updates ▁▁▁▁▂▂▂▂▂▂▂▃▃▃▃▄▄▄▄▄▄▅▅▅▅▅▅▅▆▆▆▆▇▇▇▇▇███
wandb:      q_loss ▄▅▅▃▃█▃▁▅▃▃▂▄▃▃▂▄▁▂▂▇▂▆▃▂▁▁▃▃▃▂▂▃▃▄▄▃▂▂▃
wandb:      return ▁▇██████████████████████████████████████
wandb:  reward_max ▄▁▄█▄▂▁▃▅▅▂▂▃▁▃▂▂▄▂▃▃▁▁▃▂▃▁▂▁▂▂▁▁▂▄▂▃▃▂▇
wandb: reward_mean █▆▅▆▄▆▄▅▃▆▄▇▇▇▂█▇▇▇▅▇▅▁▆▅▆▆▅▆▃▆▆▆▅▅▅▃█▄▆
wandb:  reward_min ██▃▄▃▃▂▁▁▅▂▁▄▅▂▂▂▂▆▂▂▁▂▂▂▂▆▃▃▂▄▂▃▁▂▂▄▂▁▃
wandb:       score ▁█▇▇▇▇▇▇▆▇▇▇▇▇▇▇█▇▇▇▇▇▇██▇▇▇▇▇▆▇▇▇█▇▇▆▇▇
wandb:   score_std ▆▁▁▁▁▁▁▁▁▁▁▁█▁▁▁▁▁▁▁▁▁▁▁▁▁▁▁▁▁▁▁▁▁▁▁▁▁▁▁
wandb:          +1 ...
wandb: 
wandb: Run summary:
wandb:  actor_loss -2.10403
wandb:   cost_loss 1.37715
wandb: num_updates 2000000
wandb:      q_loss 0.01336
wandb:      return 4991.27061
wandb:  reward_max 0.11555
wandb: reward_mean -0.01631
wandb:  reward_min -4.37764
wandb:       score 108.6909
wandb:   score_std 0.32287
wandb:          +1 ...
wandb: 
wandb: 🚀 View run bdemodice_walker2d_M2_s0 at: https://wandb.ai/wsk208/DemoDICE/runs/wti0hfv0
wandb: ⭐️ View project at: https://wandb.ai/wsk208/DemoDICE
wandb: Synced 5 W&B file(s), 0 media file(s), 0 artifact file(s) and 1 other file(s)
wandb: Find logs at: ./wandb/run-20260318_165854-wti0hfv0/logs
