Warning: All of online environments libraries in D4RL have been moved ]8;;https://github.com/Farama-Foundation/Gymnasium\Gymnasium]8;;\, ]8;;https://github.com/Farama-Foundation/MiniGrid\MiniGrid]8;;\ and ]8;;https://github.com/Farama-Foundation/Gymnasium-Robotics\Gymnasium-Robotics]8;;\, and all offline datasets in D4RL have been moved to ]8;;https://github.com/Farama-Foundation/Minari\Minari]8;;\.
These new versions include large bug fixes, new versions of Python, and are where all new development will continue. Please upgrade these libraries as soon as you're able to do so.
If you'd like to read more about the story behind this switch, please check out ]8;;https://farama.org/Announcing-Minari\this blog post]8;;\.
Gym has been unmaintained since 2022 and does not support NumPy 2.0 amongst other critical functionality.
Please upgrade to Gymnasium, the maintained drop-in replacement of Gym, or contact the authors of your software and request that they upgrade.
See the migration guide at https://gymnasium.farama.org/introduction/migration_guide/ for additional information.
/opt/venv/lib/python3.10/site-packages/Cython/Distutils/old_build_ext.py:15: DeprecationWarning: dep_util is Deprecated. Use functions from setuptools instead.
  from distutils.dep_util import newer, newer_group
<frozen importlib._bootstrap>:283: DeprecationWarning: the load_module() method is deprecated and slated for removal in Python 3.12; use exec_module() instead
pybullet build time: Jan 29 2025 23:16:28
wandb: [wandb.login()] Loaded credentials for https://api.wandb.ai from /root/.netrc.
wandb: Currently logged in as: wsk208 to https://api.wandb.ai. Use `wandb login --relogin` to force relogin
/opt/venv/lib/python3.10/site-packages/wandb/analytics/sentry.py:268: DeprecationWarning: Read the `app_url` setting from the appropriate Settings object.
  app_url = wandb.util.app_url(tags["base_url"])  # type: ignore[index]
/opt/venv/lib/python3.10/site-packages/wandb/analytics/sentry.py:279: DeprecationWarning: The `Scope.user` setter is deprecated in favor of `Scope.set_user()`.
  self.scope.user = {"email": email}
wandb: setting up run 55d3bj4z
/opt/venv/lib/python3.10/site-packages/wandb/analytics/sentry.py:268: DeprecationWarning: Read the `app_url` setting from the appropriate Settings object.
  app_url = wandb.util.app_url(tags["base_url"])  # type: ignore[index]
/opt/venv/lib/python3.10/site-packages/wandb/analytics/sentry.py:279: DeprecationWarning: The `Scope.user` setter is deprecated in favor of `Scope.set_user()`.
  self.scope.user = {"email": email}
wandb: Tracking run with wandb version 0.25.1
wandb: Run data is saved locally in /app/wandb/run-20260319_003451-55d3bj4z
wandb: Run `wandb offline` to turn off syncing.
wandb: Syncing run bdemodice_halfcheetah_M2_s4
wandb: ⭐️ View project at https://wandb.ai/wsk208/DemoDICE
wandb: 🚀 View run at https://wandb.ai/wsk208/DemoDICE/runs/55d3bj4z
/opt/venv/lib/python3.10/site-packages/gym/spaces/box.py:84: UserWarning: [33mWARN: Box bound precision lowered by casting to float32[0m
  logger.warn(f"Box bound precision lowered by casting to {self.dtype}")
load datafile:   0%|          | 0/21 [00:00<?, ?it/s]load datafile:   5%|▍         | 1/21 [00:00<00:03,  5.91it/s]load datafile:  14%|█▍        | 3/21 [00:00<00:03,  5.27it/s]load datafile:  19%|█▉        | 4/21 [00:00<00:04,  3.99it/s]load datafile:  81%|████████  | 17/21 [00:01<00:00, 15.50it/s]load datafile:  90%|█████████ | 19/21 [00:01<00:00, 10.82it/s]load datafile: 100%|██████████| 21/21 [00:01<00:00, 11.19it/s]
Expert  :  999000 transitions  (halfcheetah-expert-v2, 400 traj)
load datafile:   0%|          | 0/9 [00:00<?, ?it/s]load datafile:  11%|█         | 1/9 [00:00<00:01,  5.93it/s]load datafile:  33%|███▎      | 3/9 [00:00<00:01,  5.47it/s]load datafile:  44%|████▍     | 4/9 [00:00<00:01,  4.08it/s]load datafile:  56%|█████▌    | 5/9 [00:01<00:01,  3.14it/s]load datafile:  67%|██████▋   | 6/9 [00:01<00:01,  2.76it/s]load datafile: 100%|██████████| 9/9 [00:01<00:00,  4.85it/s]
Imperfect:  999000 transitions  (halfcheetah-random-v2, 400 traj)
Union   : 1998000 transitions total
/root/.local/share/uv/python/cpython-3.10-linux-x86_64-gnu/lib/python3.10/multiprocessing/popen_fork.py:66: RuntimeWarning: os.fork() was called. os.fork() is incompatible with multithreaded code, and JAX is multithreaded, so this will likely lead to a deadlock.
  self.pid = os.fork()
/opt/venv/lib/python3.10/site-packages/tensorflow_probability/python/internal/backend/jax/ops.py:681: DeprecationWarning: jax.interpreters.xla.pytype_aval_mappings is deprecated.
  jax.interpreters.xla.pytype_aval_mappings[onp.ndarray])
/opt/venv/lib/python3.10/site-packages/gym/spaces/box.py:84: UserWarning: [33mWARN: Box bound precision lowered by casting to float32[0m
  logger.warn(f"Box bound precision lowered by casting to {self.dtype}")
Step:    10000  |  score: 2.20 ± 0.01  |  actor_loss: 3.2503  cost_loss: 0.9427  q_loss: 4.6416  reward_max: 1.1771  reward_mean: -1.9145  reward_min: -6.4338  value_loss: -8.0827
Step:    20000  |  score: 2.15 ± 0.01  |  actor_loss: 3.0364  cost_loss: 1.0027  q_loss: 2.3938  reward_max: 2.9437  reward_mean: -1.7204  reward_min: -6.3370  value_loss: 6.3604
Step:    30000  |  score: 1.98 ± 0.03  |  actor_loss: 1.5156  cost_loss: 0.9876  q_loss: 2.7783  reward_max: 0.9258  reward_mean: -1.8203  reward_min: -6.5315  value_loss: 17.0196
Step:    40000  |  score: 4.96 ± 3.57  |  actor_loss: 7.9136  cost_loss: 0.9528  q_loss: 5.0813  reward_max: 1.0443  reward_mean: -2.0006  reward_min: -6.3882  value_loss: 2216.4036
Step:    50000  |  score: 2.16 ± 0.01  |  actor_loss: 93.8387  cost_loss: 0.9761  q_loss: 20.5907  reward_max: 1.1194  reward_mean: -1.9199  reward_min: -6.4469  value_loss: 13730020589568.0000
Step:    60000  |  score: 2.14 ± 0.01  |  actor_loss: 96.5569  cost_loss: 0.9203  q_loss: 19.2281  reward_max: 0.9358  reward_mean: -2.1442  reward_min: -6.6060  value_loss: 66839462176358400.0000
Step:    70000  |  score: 2.10 ± 0.02  |  actor_loss: 94.6610  cost_loss: 0.9759  q_loss: 14.6427  reward_max: 1.1156  reward_mean: -1.9896  reward_min: -6.5751  value_loss: 1614334996250624.0000
Step:    80000  |  score: 2.09 ± 0.03  |  actor_loss: 95.3209  cost_loss: 0.9755  q_loss: 15.4927  reward_max: 2.0358  reward_mean: -1.9163  reward_min: -6.6457  value_loss: 24002502328320.0000
Step:    90000  |  score: 2.09 ± 0.03  |  actor_loss: 88.4817  cost_loss: 1.0022  q_loss: 13.6174  reward_max: 1.0873  reward_mean: -1.8571  reward_min: -6.6372  value_loss: 14047057761271808.0000
Step:   100000  |  score: 2.07 ± 0.03  |  actor_loss: 104.4836  cost_loss: 0.9835  q_loss: 13.8636  reward_max: 1.8047  reward_mean: -1.9307  reward_min: -6.6094  value_loss: 19376715595776.0000
Step:   110000  |  score: 2.41 ± 0.89  |  actor_loss: 100.6569  cost_loss: 0.9558  q_loss: 13.4520  reward_max: 1.0053  reward_mean: -2.0738  reward_min: -6.5083  value_loss: 5711157063057408.0000
Step:   120000  |  score: 2.38 ± 0.75  |  actor_loss: 108.4829  cost_loss: 1.0116  q_loss: 11.8165  reward_max: 0.9479  reward_mean: -1.7955  reward_min: -6.6604  value_loss: 1046869958459392.0000
Step:   130000  |  score: 2.80 ± 1.37  |  actor_loss: 100.8784  cost_loss: 0.9542  q_loss: 11.0175  reward_max: 1.1583  reward_mean: -2.0621  reward_min: -6.5538  value_loss: 87163551088640.0000
Step:   140000  |  score: 4.93 ± 2.67  |  actor_loss: 79.9153  cost_loss: 1.0066  q_loss: 9.5289  reward_max: 0.8287  reward_mean: -1.9152  reward_min: -6.7163  value_loss: 1184193576960.0000
Step:   150000  |  score: 3.61 ± 1.67  |  actor_loss: 84.4503  cost_loss: 0.9598  q_loss: 11.7704  reward_max: 0.7907  reward_mean: -2.0785  reward_min: -6.4685  value_loss: 1805009415447773184.0000
Step:   160000  |  score: 2.49 ± 0.68  |  actor_loss: 84.9398  cost_loss: 1.0042  q_loss: 11.6842  reward_max: 1.4286  reward_mean: -1.8774  reward_min: -6.6605  value_loss: 32803771121664.0000
Step:   170000  |  score: 3.09 ± 0.98  |  actor_loss: 110.2527  cost_loss: 0.9715  q_loss: 10.8499  reward_max: 0.9394  reward_mean: -2.0648  reward_min: -6.6380  value_loss: 1254636585484288.0000
Step:   180000  |  score: 3.92 ± 1.55  |  actor_loss: 74.7545  cost_loss: 0.9600  q_loss: 9.6464  reward_max: 0.8526  reward_mean: -2.1626  reward_min: -6.7613  value_loss: 1612402191174205440.0000
Step:   190000  |  score: 6.03 ± 1.71  |  actor_loss: 91.0482  cost_loss: 1.0319  q_loss: 9.3959  reward_max: 0.8551  reward_mean: -1.8595  reward_min: -6.3612  value_loss: 13214141196009472.0000
Step:   200000  |  score: 3.26 ± 1.47  |  actor_loss: 83.9602  cost_loss: 1.0027  q_loss: 9.5047  reward_max: 0.7688  reward_mean: -1.9826  reward_min: -6.7246  value_loss: 17190337118208.0000
Step:   210000  |  score: 2.52 ± 0.60  |  actor_loss: 88.1473  cost_loss: 0.9656  q_loss: 10.8845  reward_max: 0.9654  reward_mean: -2.2217  reward_min: -6.5822  value_loss: 10360765714268160.0000
Step:   220000  |  score: 7.17 ± 4.34  |  actor_loss: 87.9922  cost_loss: 0.9757  q_loss: 9.4503  reward_max: 0.7855  reward_mean: -2.0765  reward_min: -6.4417  value_loss: 42307831201792.0000
Step:   230000  |  score: 4.69 ± 1.61  |  actor_loss: 108.6176  cost_loss: 0.9587  q_loss: 12.1914  reward_max: 0.8584  reward_mean: -2.0935  reward_min: -6.6500  value_loss: 2770281823207424.0000
Step:   240000  |  score: 5.93 ± 3.05  |  actor_loss: 91.3032  cost_loss: 0.9873  q_loss: 10.3057  reward_max: 0.9610  reward_mean: -1.8999  reward_min: -6.5258  value_loss: 22774663872512.0000
Step:   250000  |  score: 5.40 ± 1.83  |  actor_loss: 109.4237  cost_loss: 0.9643  q_loss: 8.5928  reward_max: 1.0238  reward_mean: -2.1589  reward_min: -6.4931  value_loss: 22529302490775552.0000
Step:   260000  |  score: 5.29 ± 2.12  |  actor_loss: 86.5654  cost_loss: 0.9928  q_loss: 9.1581  reward_max: 0.9477  reward_mean: -1.9289  reward_min: -6.6070  value_loss: 4563480598282240.0000
Step:   270000  |  score: 4.95 ± 2.16  |  actor_loss: 79.6818  cost_loss: 1.0047  q_loss: 7.0372  reward_max: 0.9539  reward_mean: -1.8658  reward_min: -6.6179  value_loss: 7267880307523584.0000
Step:   280000  |  score: 6.17 ± 2.01  |  actor_loss: 85.3931  cost_loss: 0.9628  q_loss: 8.0947  reward_max: 0.8614  reward_mean: -2.1310  reward_min: -6.6777  value_loss: 33282830500267819008.0000
Step:   290000  |  score: 4.83 ± 2.39  |  actor_loss: 117.9895  cost_loss: 0.9174  q_loss: 8.1365  reward_max: 0.9040  reward_mean: -2.3947  reward_min: -6.6149  value_loss: 4618087886225408.0000
Step:   300000  |  score: 5.41 ± 4.76  |  actor_loss: 95.2849  cost_loss: 0.9638  q_loss: 7.6695  reward_max: 0.9230  reward_mean: -2.0952  reward_min: -6.5801  value_loss: 42119150839005184.0000
Step:   310000  |  score: 3.66 ± 1.27  |  actor_loss: 102.1232  cost_loss: 0.9531  q_loss: 6.9991  reward_max: 0.7762  reward_mean: -2.1038  reward_min: -6.5475  value_loss: 1508618601433661440.0000
Step:   320000  |  score: 4.17 ± 2.39  |  actor_loss: 83.5004  cost_loss: 0.9614  q_loss: 9.1974  reward_max: 0.9169  reward_mean: -2.1318  reward_min: -6.6301  value_loss: 4271055306752.0000
Step:   330000  |  score: 5.30 ± 2.44  |  actor_loss: 93.7143  cost_loss: 0.9860  q_loss: 8.4225  reward_max: 0.9944  reward_mean: -2.0476  reward_min: -6.8470  value_loss: 7204020049412096.0000
Step:   340000  |  score: 4.40 ± 1.39  |  actor_loss: 98.6957  cost_loss: 0.9726  q_loss: 8.9468  reward_max: 0.8519  reward_mean: -2.1405  reward_min: -6.6065  value_loss: 95621502610702336.0000
Step:   350000  |  score: 6.50 ± 5.64  |  actor_loss: 102.9652  cost_loss: 0.9308  q_loss: 7.4768  reward_max: 0.8704  reward_mean: -2.3066  reward_min: -6.6031  value_loss: 37207151361392640.0000
Step:   360000  |  score: 5.26 ± 2.10  |  actor_loss: 103.1314  cost_loss: 0.9596  q_loss: 6.8332  reward_max: 0.8331  reward_mean: -2.1790  reward_min: -6.5875  value_loss: 359705538264563712.0000
Step:   370000  |  score: 6.18 ± 3.67  |  actor_loss: 106.5983  cost_loss: 0.9586  q_loss: 6.7340  reward_max: 0.8267  reward_mean: -2.2164  reward_min: -6.5145  value_loss: 5710595227648.0000
Step:   380000  |  score: 3.96 ± 1.28  |  actor_loss: 104.1001  cost_loss: 0.9031  q_loss: 7.2714  reward_max: 1.0662  reward_mean: -2.4474  reward_min: -6.5847  value_loss: 10762909317578358784.0000
Step:   390000  |  score: 5.75 ± 1.83  |  actor_loss: 78.5565  cost_loss: 0.9912  q_loss: 7.4105  reward_max: 0.8247  reward_mean: -2.0291  reward_min: -6.6468  value_loss: 300132750852096.0000
Step:   400000  |  score: 6.93 ± 4.24  |  actor_loss: 74.5769  cost_loss: 0.9349  q_loss: 7.6568  reward_max: 0.9056  reward_mean: -2.2737  reward_min: -6.6599  value_loss: 759109699764224.0000
Step:   410000  |  score: 5.87 ± 3.59  |  actor_loss: 98.7670  cost_loss: 0.9610  q_loss: 8.0803  reward_max: 0.8630  reward_mean: -2.1878  reward_min: -6.5303  value_loss: 445782851584.0000
Step:   420000  |  score: 7.59 ± 7.13  |  actor_loss: 95.2852  cost_loss: 0.9549  q_loss: 7.3168  reward_max: 1.1205  reward_mean: -2.1852  reward_min: -6.6481  value_loss: 4000140492800.0000
Step:   430000  |  score: 4.67 ± 1.50  |  actor_loss: 102.6185  cost_loss: 0.9441  q_loss: 7.3032  reward_max: 0.9385  reward_mean: -2.2541  reward_min: -6.7679  value_loss: 31108307615744.0000
Step:   440000  |  score: 3.99 ± 1.18  |  actor_loss: 97.0322  cost_loss: 0.9697  q_loss: 6.7770  reward_max: 0.8427  reward_mean: -2.0573  reward_min: -6.5704  value_loss: 2751297225945513984.0000
Step:   450000  |  score: 5.72 ± 2.30  |  actor_loss: 105.7783  cost_loss: 0.9580  q_loss: 6.4750  reward_max: 0.9284  reward_mean: -2.1125  reward_min: -6.6502  value_loss: 9505045741568.0000
Step:   460000  |  score: 2.25 ± 0.01  |  actor_loss: nan  cost_loss: 0.9623  q_loss: nan  reward_max: 0.9985  reward_mean: -2.1441  reward_min: -6.4178  value_loss: nan
Step:   470000  |  score: 2.26 ± 0.00  |  actor_loss: nan  cost_loss: 0.9472  q_loss: nan  reward_max: 0.8987  reward_mean: -2.1879  reward_min: -6.6429  value_loss: nan
Step:   480000  |  score: 2.26 ± 0.01  |  actor_loss: nan  cost_loss: 0.9855  q_loss: nan  reward_max: 0.9668  reward_mean: -2.0427  reward_min: -6.6017  value_loss: nan
Step:   490000  |  score: 2.25 ± 0.00  |  actor_loss: nan  cost_loss: 0.9262  q_loss: nan  reward_max: 0.9376  reward_mean: -2.2551  reward_min: -6.5561  value_loss: nan
Step:   500000  |  score: 2.26 ± 0.01  |  actor_loss: nan  cost_loss: 0.9386  q_loss: nan  reward_max: 1.0299  reward_mean: -2.2652  reward_min: -6.7676  value_loss: nan
Step:   510000  |  score: 2.25 ± 0.01  |  actor_loss: nan  cost_loss: 0.9796  q_loss: nan  reward_max: 0.9538  reward_mean: -2.1093  reward_min: -6.5466  value_loss: nan
Step:   520000  |  score: 2.25 ± 0.00  |  actor_loss: nan  cost_loss: 0.9639  q_loss: nan  reward_max: 0.8353  reward_mean: -2.1349  reward_min: -6.5139  value_loss: nan
Step:   530000  |  score: 2.25 ± 0.01  |  actor_loss: nan  cost_loss: 0.9832  q_loss: nan  reward_max: 0.8268  reward_mean: -2.0439  reward_min: -6.5132  value_loss: nan
Step:   540000  |  score: 2.25 ± 0.00  |  actor_loss: nan  cost_loss: 0.9789  q_loss: nan  reward_max: 0.7906  reward_mean: -2.0613  reward_min: -6.5682  value_loss: nan
Step:   550000  |  score: 2.25 ± 0.01  |  actor_loss: nan  cost_loss: 0.9751  q_loss: nan  reward_max: 0.9694  reward_mean: -2.1171  reward_min: -6.6155  value_loss: nan
Step:   560000  |  score: 2.26 ± 0.00  |  actor_loss: nan  cost_loss: 0.9402  q_loss: nan  reward_max: 0.8162  reward_mean: -2.2805  reward_min: -6.5817  value_loss: nan
Step:   570000  |  score: 2.26 ± 0.00  |  actor_loss: nan  cost_loss: 0.9916  q_loss: nan  reward_max: 1.0991  reward_mean: -2.0410  reward_min: -6.6863  value_loss: nan
Step:   580000  |  score: 2.25 ± 0.00  |  actor_loss: nan  cost_loss: 0.9657  q_loss: nan  reward_max: 0.9078  reward_mean: -2.1097  reward_min: -6.7456  value_loss: nan
Step:   590000  |  score: 2.25 ± 0.01  |  actor_loss: nan  cost_loss: 0.9782  q_loss: nan  reward_max: 0.9554  reward_mean: -2.0628  reward_min: -6.7031  value_loss: nan
Step:   600000  |  score: 2.25 ± 0.01  |  actor_loss: nan  cost_loss: 0.9442  q_loss: nan  reward_max: 1.2165  reward_mean: -2.2264  reward_min: -6.5631  value_loss: nan
Step:   610000  |  score: 2.25 ± 0.00  |  actor_loss: nan  cost_loss: 0.9312  q_loss: nan  reward_max: 0.9277  reward_mean: -2.2393  reward_min: -6.5447  value_loss: nan
Step:   620000  |  score: 2.25 ± 0.00  |  actor_loss: nan  cost_loss: 0.9877  q_loss: nan  reward_max: 0.8647  reward_mean: -2.0588  reward_min: -6.4836  value_loss: nan
Step:   630000  |  score: 2.26 ± 0.01  |  actor_loss: nan  cost_loss: 0.9499  q_loss: nan  reward_max: 0.8444  reward_mean: -2.2195  reward_min: -6.5609  value_loss: nan
Step:   640000  |  score: 2.25 ± 0.01  |  actor_loss: nan  cost_loss: 0.9295  q_loss: nan  reward_max: 0.8763  reward_mean: -2.2575  reward_min: -6.5391  value_loss: nan
Step:   650000  |  score: 2.26 ± 0.01  |  actor_loss: nan  cost_loss: 0.9944  q_loss: nan  reward_max: 1.1272  reward_mean: -2.0354  reward_min: -6.4743  value_loss: nan
Step:   660000  |  score: 2.26 ± 0.00  |  actor_loss: nan  cost_loss: 0.9799  q_loss: nan  reward_max: 1.0494  reward_mean: -2.0648  reward_min: -6.5247  value_loss: nan
Step:   670000  |  score: 2.25 ± 0.01  |  actor_loss: nan  cost_loss: 0.9830  q_loss: nan  reward_max: 0.8871  reward_mean: -2.0966  reward_min: -6.5758  value_loss: nan
Step:   680000  |  score: 2.26 ± 0.01  |  actor_loss: nan  cost_loss: 0.9666  q_loss: nan  reward_max: 0.8451  reward_mean: -2.0626  reward_min: -6.4798  value_loss: nan
Step:   690000  |  score: 2.25 ± 0.01  |  actor_loss: nan  cost_loss: 0.9583  q_loss: nan  reward_max: 0.9486  reward_mean: -2.2199  reward_min: -6.5203  value_loss: nan
Step:   700000  |  score: 2.26 ± 0.01  |  actor_loss: nan  cost_loss: 0.8966  q_loss: nan  reward_max: 1.0809  reward_mean: -2.4445  reward_min: -6.4481  value_loss: nan
Step:   710000  |  score: 2.25 ± 0.01  |  actor_loss: nan  cost_loss: 0.9395  q_loss: nan  reward_max: 0.7653  reward_mean: -2.2894  reward_min: -6.4499  value_loss: nan
Step:   720000  |  score: 2.25 ± 0.01  |  actor_loss: nan  cost_loss: 0.9745  q_loss: nan  reward_max: 0.9274  reward_mean: -2.1452  reward_min: -6.5151  value_loss: nan
Step:   730000  |  score: 2.25 ± 0.01  |  actor_loss: nan  cost_loss: 0.9471  q_loss: nan  reward_max: 0.9972  reward_mean: -2.2191  reward_min: -6.5895  value_loss: nan
Step:   740000  |  score: 2.25 ± 0.01  |  actor_loss: nan  cost_loss: 1.0109  q_loss: nan  reward_max: 0.8891  reward_mean: -1.9425  reward_min: -6.5906  value_loss: nan
Step:   750000  |  score: 2.25 ± 0.00  |  actor_loss: nan  cost_loss: 1.0129  q_loss: nan  reward_max: 0.9125  reward_mean: -1.9961  reward_min: -6.5389  value_loss: nan
Step:   760000  |  score: 2.26 ± 0.01  |  actor_loss: nan  cost_loss: 0.9728  q_loss: nan  reward_max: 0.9605  reward_mean: -2.0988  reward_min: -6.5466  value_loss: nan
Step:   770000  |  score: 2.25 ± 0.01  |  actor_loss: nan  cost_loss: 0.9910  q_loss: nan  reward_max: 0.7931  reward_mean: -2.0100  reward_min: -6.4397  value_loss: nan
Step:   780000  |  score: 2.25 ± 0.00  |  actor_loss: nan  cost_loss: 0.9583  q_loss: nan  reward_max: 0.8635  reward_mean: -2.1845  reward_min: -6.6195  value_loss: nan
Step:   790000  |  score: 2.25 ± 0.00  |  actor_loss: nan  cost_loss: 0.9397  q_loss: nan  reward_max: 0.9520  reward_mean: -2.3181  reward_min: -6.5838  value_loss: nan
Step:   800000  |  score: 2.25 ± 0.01  |  actor_loss: nan  cost_loss: 0.9679  q_loss: nan  reward_max: 0.9002  reward_mean: -2.1419  reward_min: -6.5426  value_loss: nan
Step:   810000  |  score: 2.26 ± 0.00  |  actor_loss: nan  cost_loss: 1.0027  q_loss: nan  reward_max: 1.0433  reward_mean: -1.9478  reward_min: -6.5360  value_loss: nan
Step:   820000  |  score: 2.25 ± 0.00  |  actor_loss: nan  cost_loss: 0.9648  q_loss: nan  reward_max: 0.9389  reward_mean: -2.1268  reward_min: -6.4628  value_loss: nan
Step:   830000  |  score: 2.25 ± 0.00  |  actor_loss: nan  cost_loss: 0.9775  q_loss: nan  reward_max: 0.8115  reward_mean: -2.1654  reward_min: -6.6476  value_loss: nan
Step:   840000  |  score: 2.25 ± 0.00  |  actor_loss: nan  cost_loss: 0.9891  q_loss: nan  reward_max: 0.8003  reward_mean: -2.1068  reward_min: -6.5895  value_loss: nan
Step:   850000  |  score: 2.25 ± 0.00  |  actor_loss: nan  cost_loss: 0.9652  q_loss: nan  reward_max: 1.0494  reward_mean: -2.1167  reward_min: -6.6110  value_loss: nan
Step:   860000  |  score: 2.25 ± 0.01  |  actor_loss: nan  cost_loss: 0.9232  q_loss: nan  reward_max: 0.9565  reward_mean: -2.4391  reward_min: -6.6034  value_loss: nan
Step:   870000  |  score: 2.26 ± 0.00  |  actor_loss: nan  cost_loss: 0.9317  q_loss: nan  reward_max: 1.1529  reward_mean: -2.3142  reward_min: -6.4834  value_loss: nan
Step:   880000  |  score: 2.25 ± 0.01  |  actor_loss: nan  cost_loss: 0.9663  q_loss: nan  reward_max: 1.0876  reward_mean: -2.1413  reward_min: -6.4410  value_loss: nan
Step:   890000  |  score: 2.26 ± 0.00  |  actor_loss: nan  cost_loss: 0.9653  q_loss: nan  reward_max: 0.8043  reward_mean: -2.0917  reward_min: -6.4168  value_loss: nan
Step:   900000  |  score: 2.26 ± 0.01  |  actor_loss: nan  cost_loss: 0.9499  q_loss: nan  reward_max: 0.7697  reward_mean: -2.2812  reward_min: -6.6189  value_loss: nan
Step:   910000  |  score: 2.26 ± 0.01  |  actor_loss: nan  cost_loss: 0.9526  q_loss: nan  reward_max: 0.7909  reward_mean: -2.2669  reward_min: -6.5216  value_loss: nan
Step:   920000  |  score: 2.25 ± 0.01  |  actor_loss: nan  cost_loss: 0.9630  q_loss: nan  reward_max: 0.8722  reward_mean: -2.1277  reward_min: -6.5079  value_loss: nan
Step:   930000  |  score: 2.25 ± 0.01  |  actor_loss: nan  cost_loss: 0.9262  q_loss: nan  reward_max: 0.9279  reward_mean: -2.3709  reward_min: -6.6404  value_loss: nan
Step:   940000  |  score: 2.26 ± 0.00  |  actor_loss: nan  cost_loss: 0.9930  q_loss: nan  reward_max: 0.7868  reward_mean: -1.9997  reward_min: -6.6566  value_loss: nan
Step:   950000  |  score: 2.25 ± 0.00  |  actor_loss: nan  cost_loss: 0.9717  q_loss: nan  reward_max: 0.9419  reward_mean: -2.1398  reward_min: -6.6386  value_loss: nan
Step:   960000  |  score: 2.25 ± 0.01  |  actor_loss: nan  cost_loss: 0.9861  q_loss: nan  reward_max: 0.9727  reward_mean: -2.0401  reward_min: -6.6808  value_loss: nan
Step:   970000  |  score: 2.26 ± 0.01  |  actor_loss: nan  cost_loss: 0.9616  q_loss: nan  reward_max: 0.8513  reward_mean: -2.0818  reward_min: -6.4925  value_loss: nan
Step:   980000  |  score: 2.25 ± 0.00  |  actor_loss: nan  cost_loss: 0.9634  q_loss: nan  reward_max: 0.8543  reward_mean: -2.1436  reward_min: -6.5618  value_loss: nan
Step:   990000  |  score: 2.26 ± 0.00  |  actor_loss: nan  cost_loss: 1.0249  q_loss: nan  reward_max: 1.2827  reward_mean: -1.8668  reward_min: -6.5512  value_loss: nan
Step:  1000000  |  score: 2.26 ± 0.01  |  actor_loss: nan  cost_loss: 0.9729  q_loss: nan  reward_max: 0.7777  reward_mean: -2.1109  reward_min: -6.6036  value_loss: nan
Step:  1010000  |  score: 2.25 ± 0.01  |  actor_loss: nan  cost_loss: 0.9679  q_loss: nan  reward_max: 0.9338  reward_mean: -2.1282  reward_min: -6.6136  value_loss: nan
Step:  1020000  |  score: 2.26 ± 0.01  |  actor_loss: nan  cost_loss: 0.9140  q_loss: nan  reward_max: 0.9328  reward_mean: -2.3763  reward_min: -6.6168  value_loss: nan
Step:  1030000  |  score: 2.26 ± 0.00  |  actor_loss: nan  cost_loss: 0.9916  q_loss: nan  reward_max: 0.8763  reward_mean: -2.0351  reward_min: -6.5793  value_loss: nan
Step:  1040000  |  score: 2.25 ± 0.00  |  actor_loss: nan  cost_loss: 0.9198  q_loss: nan  reward_max: 0.8781  reward_mean: -2.3748  reward_min: -6.6624  value_loss: nan
Step:  1050000  |  score: 2.26 ± 0.00  |  actor_loss: nan  cost_loss: 0.9825  q_loss: nan  reward_max: 1.0044  reward_mean: -2.0482  reward_min: -6.5714  value_loss: nan
Step:  1060000  |  score: 2.25 ± 0.00  |  actor_loss: nan  cost_loss: 0.9480  q_loss: nan  reward_max: 0.8720  reward_mean: -2.2396  reward_min: -6.5197  value_loss: nan
Step:  1070000  |  score: 2.26 ± 0.01  |  actor_loss: nan  cost_loss: 0.9859  q_loss: nan  reward_max: 0.8569  reward_mean: -2.0594  reward_min: -6.5206  value_loss: nan
Step:  1080000  |  score: 2.25 ± 0.01  |  actor_loss: nan  cost_loss: 1.0159  q_loss: nan  reward_max: 0.8543  reward_mean: -2.0681  reward_min: -6.6614  value_loss: nan
Step:  1090000  |  score: 2.25 ± 0.01  |  actor_loss: nan  cost_loss: 0.9304  q_loss: nan  reward_max: 0.9632  reward_mean: -2.2961  reward_min: -6.5091  value_loss: nan
Step:  1100000  |  score: 2.26 ± 0.00  |  actor_loss: nan  cost_loss: 0.9603  q_loss: nan  reward_max: 1.1111  reward_mean: -2.1689  reward_min: -6.5837  value_loss: nan
Step:  1110000  |  score: 2.25 ± 0.01  |  actor_loss: nan  cost_loss: 0.9470  q_loss: nan  reward_max: 0.8166  reward_mean: -2.2481  reward_min: -6.5707  value_loss: nan
Step:  1120000  |  score: 2.25 ± 0.00  |  actor_loss: nan  cost_loss: 0.9912  q_loss: nan  reward_max: 0.8143  reward_mean: -1.9372  reward_min: -6.4559  value_loss: nan
Step:  1130000  |  score: 2.25 ± 0.00  |  actor_loss: nan  cost_loss: 0.9618  q_loss: nan  reward_max: 0.9847  reward_mean: -2.1042  reward_min: -6.6497  value_loss: nan
Step:  1140000  |  score: 2.26 ± 0.01  |  actor_loss: nan  cost_loss: 0.9938  q_loss: nan  reward_max: 1.0094  reward_mean: -1.9604  reward_min: -6.6771  value_loss: nan
Step:  1150000  |  score: 2.25 ± 0.01  |  actor_loss: nan  cost_loss: 0.9223  q_loss: nan  reward_max: 0.8246  reward_mean: -2.3400  reward_min: -6.5649  value_loss: nan
Step:  1160000  |  score: 2.26 ± 0.01  |  actor_loss: nan  cost_loss: 0.9556  q_loss: nan  reward_max: 0.7795  reward_mean: -2.2180  reward_min: -6.6360  value_loss: nan
Step:  1170000  |  score: 2.25 ± 0.00  |  actor_loss: nan  cost_loss: 0.9317  q_loss: nan  reward_max: 0.8147  reward_mean: -2.4153  reward_min: -6.7337  value_loss: nan
Step:  1180000  |  score: 2.25 ± 0.01  |  actor_loss: nan  cost_loss: 0.9653  q_loss: nan  reward_max: 0.8227  reward_mean: -2.1490  reward_min: -6.5544  value_loss: nan
Step:  1190000  |  score: 2.26 ± 0.01  |  actor_loss: nan  cost_loss: 0.9421  q_loss: nan  reward_max: 0.9349  reward_mean: -2.2518  reward_min: -6.5948  value_loss: nan
Step:  1200000  |  score: 2.26 ± 0.01  |  actor_loss: nan  cost_loss: 0.8987  q_loss: nan  reward_max: 0.9266  reward_mean: -2.5047  reward_min: -6.4435  value_loss: nan
Step:  1210000  |  score: 2.26 ± 0.01  |  actor_loss: nan  cost_loss: 0.9560  q_loss: nan  reward_max: 0.8790  reward_mean: -2.1562  reward_min: -6.6082  value_loss: nan
Step:  1220000  |  score: 2.26 ± 0.01  |  actor_loss: nan  cost_loss: 0.9836  q_loss: nan  reward_max: 1.2101  reward_mean: -2.0739  reward_min: -6.5928  value_loss: nan
Step:  1230000  |  score: 2.25 ± 0.01  |  actor_loss: nan  cost_loss: 0.9337  q_loss: nan  reward_max: 0.7404  reward_mean: -2.3328  reward_min: -6.6041  value_loss: nan
Step:  1240000  |  score: 2.25 ± 0.00  |  actor_loss: nan  cost_loss: 0.9781  q_loss: nan  reward_max: 0.8450  reward_mean: -2.0741  reward_min: -6.5219  value_loss: nan
Step:  1250000  |  score: 2.25 ± 0.00  |  actor_loss: nan  cost_loss: 0.9485  q_loss: nan  reward_max: 0.9115  reward_mean: -2.2617  reward_min: -6.4526  value_loss: nan
Step:  1260000  |  score: 2.25 ± 0.00  |  actor_loss: nan  cost_loss: 0.9428  q_loss: nan  reward_max: 1.0721  reward_mean: -2.2475  reward_min: -6.5153  value_loss: nan
Step:  1270000  |  score: 2.25 ± 0.00  |  actor_loss: nan  cost_loss: 0.9963  q_loss: nan  reward_max: 0.8619  reward_mean: -1.9755  reward_min: -6.5885  value_loss: nan
Step:  1280000  |  score: 2.26 ± 0.00  |  actor_loss: nan  cost_loss: 0.9694  q_loss: nan  reward_max: 0.7736  reward_mean: -2.1248  reward_min: -6.4504  value_loss: nan
Step:  1290000  |  score: 2.25 ± 0.00  |  actor_loss: nan  cost_loss: 0.9667  q_loss: nan  reward_max: 0.8047  reward_mean: -2.1558  reward_min: -6.5330  value_loss: nan
Step:  1300000  |  score: 2.26 ± 0.00  |  actor_loss: nan  cost_loss: 0.9394  q_loss: nan  reward_max: 0.8931  reward_mean: -2.3275  reward_min: -6.5719  value_loss: nan
Step:  1310000  |  score: 2.25 ± 0.01  |  actor_loss: nan  cost_loss: 0.9538  q_loss: nan  reward_max: 0.9207  reward_mean: -2.2347  reward_min: -6.6328  value_loss: nan
Step:  1320000  |  score: 2.25 ± 0.01  |  actor_loss: nan  cost_loss: 0.9798  q_loss: nan  reward_max: 0.9009  reward_mean: -2.1766  reward_min: -6.4326  value_loss: nan
Step:  1330000  |  score: 2.26 ± 0.00  |  actor_loss: nan  cost_loss: 0.9889  q_loss: nan  reward_max: 0.7595  reward_mean: -2.0385  reward_min: -6.6497  value_loss: nan
Step:  1340000  |  score: 2.25 ± 0.00  |  actor_loss: nan  cost_loss: 0.9712  q_loss: nan  reward_max: 0.9856  reward_mean: -2.0785  reward_min: -6.5357  value_loss: nan
Step:  1350000  |  score: 2.25 ± 0.01  |  actor_loss: nan  cost_loss: 0.9807  q_loss: nan  reward_max: 1.1004  reward_mean: -2.0553  reward_min: -6.5871  value_loss: nan
Step:  1360000  |  score: 2.26 ± 0.01  |  actor_loss: nan  cost_loss: 0.9576  q_loss: nan  reward_max: 0.9028  reward_mean: -2.1597  reward_min: -6.6549  value_loss: nan
Step:  1370000  |  score: 2.26 ± 0.00  |  actor_loss: nan  cost_loss: 0.9477  q_loss: nan  reward_max: 0.8129  reward_mean: -2.2448  reward_min: -6.5294  value_loss: nan
Step:  1380000  |  score: 2.25 ± 0.00  |  actor_loss: nan  cost_loss: 0.9631  q_loss: nan  reward_max: 0.9599  reward_mean: -2.1454  reward_min: -6.5447  value_loss: nan
Step:  1390000  |  score: 2.25 ± 0.01  |  actor_loss: nan  cost_loss: 1.0019  q_loss: nan  reward_max: 0.8421  reward_mean: -2.1396  reward_min: -6.6456  value_loss: nan
Step:  1400000  |  score: 2.26 ± 0.01  |  actor_loss: nan  cost_loss: 0.9098  q_loss: nan  reward_max: 0.9775  reward_mean: -2.4165  reward_min: -6.5064  value_loss: nan
Step:  1410000  |  score: 2.26 ± 0.00  |  actor_loss: nan  cost_loss: 0.9764  q_loss: nan  reward_max: 0.8589  reward_mean: -2.1003  reward_min: -6.5741  value_loss: nan
Step:  1420000  |  score: 2.25 ± 0.01  |  actor_loss: nan  cost_loss: 0.9976  q_loss: nan  reward_max: 0.9025  reward_mean: -1.9265  reward_min: -6.4591  value_loss: nan
Step:  1430000  |  score: 2.25 ± 0.00  |  actor_loss: nan  cost_loss: 0.9932  q_loss: nan  reward_max: 0.8807  reward_mean: -2.0014  reward_min: -6.6304  value_loss: nan
Step:  1440000  |  score: 2.25 ± 0.01  |  actor_loss: nan  cost_loss: 0.9495  q_loss: nan  reward_max: 0.7820  reward_mean: -2.2012  reward_min: -6.5034  value_loss: nan
Step:  1450000  |  score: 2.25 ± 0.01  |  actor_loss: nan  cost_loss: 0.9858  q_loss: nan  reward_max: 1.0854  reward_mean: -2.0620  reward_min: -6.5953  value_loss: nan
Step:  1460000  |  score: 2.26 ± 0.00  |  actor_loss: nan  cost_loss: 1.0143  q_loss: nan  reward_max: 0.9314  reward_mean: -1.9413  reward_min: -6.5509  value_loss: nan
Step:  1470000  |  score: 2.26 ± 0.00  |  actor_loss: nan  cost_loss: 1.0009  q_loss: nan  reward_max: 0.7514  reward_mean: -1.9977  reward_min: -6.4237  value_loss: nan
Step:  1480000  |  score: 2.26 ± 0.01  |  actor_loss: nan  cost_loss: 1.0200  q_loss: nan  reward_max: 0.8133  reward_mean: -1.8599  reward_min: -6.6218  value_loss: nan
Step:  1490000  |  score: 2.26 ± 0.01  |  actor_loss: nan  cost_loss: 0.9885  q_loss: nan  reward_max: 0.8724  reward_mean: -2.0584  reward_min: -6.5935  value_loss: nan
Step:  1500000  |  score: 2.26 ± 0.01  |  actor_loss: nan  cost_loss: 0.9913  q_loss: nan  reward_max: 0.7719  reward_mean: -1.9924  reward_min: -6.5092  value_loss: nan
Step:  1510000  |  score: 2.25 ± 0.00  |  actor_loss: nan  cost_loss: 1.0111  q_loss: nan  reward_max: 0.8558  reward_mean: -1.9861  reward_min: -6.5450  value_loss: nan
Step:  1520000  |  score: 2.25 ± 0.01  |  actor_loss: nan  cost_loss: 0.9548  q_loss: nan  reward_max: 0.8561  reward_mean: -2.2139  reward_min: -6.6275  value_loss: nan
Step:  1530000  |  score: 2.25 ± 0.01  |  actor_loss: nan  cost_loss: 0.8967  q_loss: nan  reward_max: 0.9490  reward_mean: -2.5512  reward_min: -6.5462  value_loss: nan
Step:  1540000  |  score: 2.25 ± 0.01  |  actor_loss: nan  cost_loss: 0.9522  q_loss: nan  reward_max: 0.7792  reward_mean: -2.2250  reward_min: -6.6296  value_loss: nan
Step:  1550000  |  score: 2.26 ± 0.00  |  actor_loss: nan  cost_loss: 0.9661  q_loss: nan  reward_max: 0.9977  reward_mean: -2.1856  reward_min: -6.6181  value_loss: nan
Step:  1560000  |  score: 2.25 ± 0.00  |  actor_loss: nan  cost_loss: 0.9379  q_loss: nan  reward_max: 1.5453  reward_mean: -2.3158  reward_min: -6.5630  value_loss: nan
Step:  1570000  |  score: 2.26 ± 0.00  |  actor_loss: nan  cost_loss: 0.9964  q_loss: nan  reward_max: 0.9243  reward_mean: -2.0551  reward_min: -6.5609  value_loss: nan
Step:  1580000  |  score: 2.26 ± 0.00  |  actor_loss: nan  cost_loss: 0.9658  q_loss: nan  reward_max: 1.2195  reward_mean: -2.1846  reward_min: -6.7027  value_loss: nan
Step:  1590000  |  score: 2.26 ± 0.01  |  actor_loss: nan  cost_loss: 0.9868  q_loss: nan  reward_max: 0.9613  reward_mean: -2.0123  reward_min: -6.5291  value_loss: nan
Step:  1600000  |  score: 2.26 ± 0.01  |  actor_loss: nan  cost_loss: 0.9433  q_loss: nan  reward_max: 0.9315  reward_mean: -2.2527  reward_min: -6.5614  value_loss: nan
Step:  1610000  |  score: 2.26 ± 0.00  |  actor_loss: nan  cost_loss: 0.9573  q_loss: nan  reward_max: 0.8852  reward_mean: -2.1883  reward_min: -6.5735  value_loss: nan
Step:  1620000  |  score: 2.25 ± 0.01  |  actor_loss: nan  cost_loss: 0.9684  q_loss: nan  reward_max: 0.8863  reward_mean: -2.0902  reward_min: -6.5419  value_loss: nan
Step:  1630000  |  score: 2.25 ± 0.00  |  actor_loss: nan  cost_loss: 0.9757  q_loss: nan  reward_max: 0.9260  reward_mean: -2.1123  reward_min: -6.5529  value_loss: nan
Step:  1640000  |  score: 2.26 ± 0.00  |  actor_loss: nan  cost_loss: 0.9874  q_loss: nan  reward_max: 0.9234  reward_mean: -2.0343  reward_min: -6.6054  value_loss: nan
Step:  1650000  |  score: 2.26 ± 0.01  |  actor_loss: nan  cost_loss: 0.9253  q_loss: nan  reward_max: 0.8407  reward_mean: -2.3184  reward_min: -6.5899  value_loss: nan
Step:  1660000  |  score: 2.26 ± 0.00  |  actor_loss: nan  cost_loss: 0.9754  q_loss: nan  reward_max: 0.9097  reward_mean: -2.1039  reward_min: -6.6130  value_loss: nan
Step:  1670000  |  score: 2.26 ± 0.01  |  actor_loss: nan  cost_loss: 0.9471  q_loss: nan  reward_max: 0.9523  reward_mean: -2.3258  reward_min: -6.6142  value_loss: nan
Step:  1680000  |  score: 2.25 ± 0.00  |  actor_loss: nan  cost_loss: 0.9613  q_loss: nan  reward_max: 0.9920  reward_mean: -2.1200  reward_min: -6.5933  value_loss: nan
Step:  1690000  |  score: 2.25 ± 0.00  |  actor_loss: nan  cost_loss: 0.9308  q_loss: nan  reward_max: 0.8476  reward_mean: -2.2998  reward_min: -6.5525  value_loss: nan
Step:  1700000  |  score: 2.26 ± 0.00  |  actor_loss: nan  cost_loss: 0.9415  q_loss: nan  reward_max: 0.7947  reward_mean: -2.2870  reward_min: -6.4776  value_loss: nan
Step:  1710000  |  score: 2.26 ± 0.01  |  actor_loss: nan  cost_loss: 0.8982  q_loss: nan  reward_max: 0.8521  reward_mean: -2.5669  reward_min: -6.5250  value_loss: nan
Step:  1720000  |  score: 2.25 ± 0.01  |  actor_loss: nan  cost_loss: 0.9697  q_loss: nan  reward_max: 0.9069  reward_mean: -2.0677  reward_min: -6.4925  value_loss: nan
Step:  1730000  |  score: 2.26 ± 0.00  |  actor_loss: nan  cost_loss: 0.9350  q_loss: nan  reward_max: 1.2601  reward_mean: -2.3330  reward_min: -6.5410  value_loss: nan
Step:  1740000  |  score: 2.25 ± 0.00  |  actor_loss: nan  cost_loss: 0.9442  q_loss: nan  reward_max: 0.8342  reward_mean: -2.2791  reward_min: -6.5847  value_loss: nan
Step:  1750000  |  score: 2.26 ± 0.01  |  actor_loss: nan  cost_loss: 0.9782  q_loss: nan  reward_max: 0.9591  reward_mean: -2.0770  reward_min: -6.6097  value_loss: nan
Step:  1760000  |  score: 2.26 ± 0.01  |  actor_loss: nan  cost_loss: 0.9403  q_loss: nan  reward_max: 0.7898  reward_mean: -2.3400  reward_min: -6.5657  value_loss: nan
Step:  1770000  |  score: 2.26 ± 0.00  |  actor_loss: nan  cost_loss: 0.9310  q_loss: nan  reward_max: 0.8164  reward_mean: -2.2891  reward_min: -6.7308  value_loss: nan
Step:  1780000  |  score: 2.25 ± 0.00  |  actor_loss: nan  cost_loss: 0.9783  q_loss: nan  reward_max: 0.8868  reward_mean: -2.0413  reward_min: -6.5484  value_loss: nan
Step:  1790000  |  score: 2.25 ± 0.01  |  actor_loss: nan  cost_loss: 0.9437  q_loss: nan  reward_max: 1.1822  reward_mean: -2.2604  reward_min: -6.4793  value_loss: nan
Step:  1800000  |  score: 2.25 ± 0.01  |  actor_loss: nan  cost_loss: 1.0014  q_loss: nan  reward_max: 1.1244  reward_mean: -2.0567  reward_min: -6.5568  value_loss: nan
Step:  1810000  |  score: 2.25 ± 0.00  |  actor_loss: nan  cost_loss: 1.0058  q_loss: nan  reward_max: 1.1602  reward_mean: -2.0217  reward_min: -6.6406  value_loss: nan
Step:  1820000  |  score: 2.25 ± 0.00  |  actor_loss: nan  cost_loss: 0.9357  q_loss: nan  reward_max: 0.8783  reward_mean: -2.2847  reward_min: -6.6240  value_loss: nan
Step:  1830000  |  score: 2.26 ± 0.00  |  actor_loss: nan  cost_loss: 0.9929  q_loss: nan  reward_max: 0.8456  reward_mean: -2.0459  reward_min: -6.7010  value_loss: nan
Step:  1840000  |  score: 2.26 ± 0.01  |  actor_loss: nan  cost_loss: 0.9893  q_loss: nan  reward_max: 0.7981  reward_mean: -2.0440  reward_min: -6.6425  value_loss: nan
Step:  1850000  |  score: 2.26 ± 0.00  |  actor_loss: nan  cost_loss: 0.9795  q_loss: nan  reward_max: 0.8531  reward_mean: -2.1249  reward_min: -6.6607  value_loss: nan
Step:  1860000  |  score: 2.25 ± 0.00  |  actor_loss: nan  cost_loss: 0.9611  q_loss: nan  reward_max: 0.8938  reward_mean: -2.3131  reward_min: -6.5485  value_loss: nan
Step:  1870000  |  score: 2.25 ± 0.01  |  actor_loss: nan  cost_loss: 1.0175  q_loss: nan  reward_max: 0.8521  reward_mean: -1.8853  reward_min: -6.6641  value_loss: nan
Step:  1880000  |  score: 2.25 ± 0.00  |  actor_loss: nan  cost_loss: 0.9764  q_loss: nan  reward_max: 1.1560  reward_mean: -2.2321  reward_min: -6.6444  value_loss: nan
Step:  1890000  |  score: 2.25 ± 0.00  |  actor_loss: nan  cost_loss: 0.9825  q_loss: nan  reward_max: 0.8976  reward_mean: -2.1371  reward_min: -6.6192  value_loss: nan
Step:  1900000  |  score: 2.25 ± 0.01  |  actor_loss: nan  cost_loss: 0.9509  q_loss: nan  reward_max: 0.8725  reward_mean: -2.2286  reward_min: -6.5835  value_loss: nan
Step:  1910000  |  score: 2.25 ± 0.00  |  actor_loss: nan  cost_loss: 0.9300  q_loss: nan  reward_max: 0.9217  reward_mean: -2.4001  reward_min: -6.4295  value_loss: nan
Step:  1920000  |  score: 2.26 ± 0.01  |  actor_loss: nan  cost_loss: 0.9543  q_loss: nan  reward_max: 0.8523  reward_mean: -2.2508  reward_min: -6.5096  value_loss: nan
Step:  1930000  |  score: 2.26 ± 0.00  |  actor_loss: nan  cost_loss: 0.9997  q_loss: nan  reward_max: 0.8019  reward_mean: -2.0099  reward_min: -6.5755  value_loss: nan
Step:  1940000  |  score: 2.25 ± 0.01  |  actor_loss: nan  cost_loss: 1.0025  q_loss: nan  reward_max: 0.9323  reward_mean: -2.0276  reward_min: -6.5654  value_loss: nan
Step:  1950000  |  score: 2.25 ± 0.00  |  actor_loss: nan  cost_loss: 0.9470  q_loss: nan  reward_max: 1.0075  reward_mean: -2.2269  reward_min: -6.6075  value_loss: nan
Step:  1960000  |  score: 2.26 ± 0.00  |  actor_loss: nan  cost_loss: 0.9704  q_loss: nan  reward_max: 1.1757  reward_mean: -2.1041  reward_min: -6.5676  value_loss: nan
Step:  1970000  |  score: 2.25 ± 0.01  |  actor_loss: nan  cost_loss: 0.9836  q_loss: nan  reward_max: 0.8373  reward_mean: -2.1092  reward_min: -6.5997  value_loss: nan
Step:  1980000  |  score: 2.26 ± 0.00  |  actor_loss: nan  cost_loss: 0.9636  q_loss: nan  reward_max: 0.9511  reward_mean: -2.1585  reward_min: -6.6640  value_loss: nan
Step:  1990000  |  score: 2.25 ± 0.01  |  actor_loss: nan  cost_loss: 0.9609  q_loss: nan  reward_max: 0.7544  reward_mean: -2.1782  reward_min: -6.5660  value_loss: nan
Step:  2000000  |  score: 2.25 ± 0.00  |  actor_loss: nan  cost_loss: 0.9772  q_loss: nan  reward_max: 0.7777  reward_mean: -2.1029  reward_min: -6.4484  value_loss: nan
Final evaluation (13 iterations)...
Final score: 2.26 ± 0.01
wandb: WARNING Symlinked 1 file into the W&B run directory; call wandb.save again to sync new files.
wandb: updating run metadata
wandb: uploading output.log; uploading wandb-summary.json; uploading config.yaml; uploading final_returns/bdemodice_halfcheetah-expert-v2_2026-03-19_00-58-56.npz
wandb: uploading output.log
wandb: uploading summary, console lines 214-215
wandb: 
wandb: Run history:
wandb:  actor_loss ▁▁▁▁▇▇▇▇▇▇▇▇▆▆▆█▆▆▆▆▇▆▇▆▆█▇▇▆▇▇▇▇▇▆▅▇▇▇▇
wandb:   cost_loss ▅▂▅▄█▇▄▄▆▅▃▆▅▇▇▅▂▄▄▆▅▅▆▁▅▅▄▆▆▇▆▃▃▅▃▃▆▇▆▄
wandb: num_updates ▁▁▁▁▁▂▂▂▂▂▃▃▃▃▃▃▄▄▄▄▅▅▅▅▅▆▆▆▆▆▆▆▆▇▇▇████
wandb:      q_loss ▂▁▁▂█▇▆▆▅▅▅▄▄▅▅▄▄▄▄▄▅▄▃▄▃▃▃▃▄▃▄▃▃▃▃▃▃▃▃▃
wandb:      return ▁▁▂▄▃▇█▇▁▁▁▁▁▁▁▁▁▁▁▁▁▁▁▁▁▁▁▁▁▁▁▁▁▁▁▁▁▁▁▁
wandb:  reward_max ▄▁▂▄▅▃▁▄▂▆▄▂▂▅▃▃▂▁▄▁▃▄▅▄█▆▃▄▂▂▃▂▄█▃▃▇▁▃▃
wandb: reward_mean █▇▅▄█▅▁▄▅▅▅▅▅▄▇▅▅▂▅▂▆▂▅▅▄▇▆▅▄▆▇▆▆▅▃▂▂▃▃▅
wandb:  reward_min ▇█▇▄▅▆▄▅▁▅▅▅▇▆▇▆▇▅▄▅▇█▆▄▄▅▄▅▆▅▄▅▅▅▅▆▃▃▅▅
wandb:       score ▁▁▂▂▇▂▇▃▄█▁▁▁▁▁▁▁▁▁▁▁▁▁▁▁▁▁▁▁▁▁▁▁▁▁▁▁▁▁▁
wandb:   score_std ▁▁▁▁▁▃▆▅▃▆█▇▁▁▁▁▁▁▁▁▁▁▁▁▁▁▁▁▁▁▁▁▁▁▁▁▁▁▁▁
wandb:          +1 ...
wandb: 
wandb: Run summary:
wandb:   cost_loss 0.97723
wandb: num_updates 2000000
wandb:      return -0.51996
wandb:  reward_max 0.7777
wandb: reward_mean -2.10291
wandb:  reward_min -6.44842
wandb:       score 2.25256
wandb:   score_std 0.00357
wandb: 
wandb: 🚀 View run bdemodice_halfcheetah_M2_s4 at: https://wandb.ai/wsk208/DemoDICE/runs/55d3bj4z
wandb: ⭐️ View project at: https://wandb.ai/wsk208/DemoDICE
wandb: Synced 5 W&B file(s), 0 media file(s), 0 artifact file(s) and 1 other file(s)
wandb: Find logs at: ./wandb/run-20260319_003451-55d3bj4z/logs
