Warning: All of online environments libraries in D4RL have been moved ]8;;https://github.com/Farama-Foundation/Gymnasium\Gymnasium]8;;\, ]8;;https://github.com/Farama-Foundation/MiniGrid\MiniGrid]8;;\ and ]8;;https://github.com/Farama-Foundation/Gymnasium-Robotics\Gymnasium-Robotics]8;;\, and all offline datasets in D4RL have been moved to ]8;;https://github.com/Farama-Foundation/Minari\Minari]8;;\.
These new versions include large bug fixes, new versions of Python, and are where all new development will continue. Please upgrade these libraries as soon as you're able to do so.
If you'd like to read more about the story behind this switch, please check out ]8;;https://farama.org/Announcing-Minari\this blog post]8;;\.
Gym has been unmaintained since 2022 and does not support NumPy 2.0 amongst other critical functionality.
Please upgrade to Gymnasium, the maintained drop-in replacement of Gym, or contact the authors of your software and request that they upgrade.
See the migration guide at https://gymnasium.farama.org/introduction/migration_guide/ for additional information.
/opt/venv/lib/python3.10/site-packages/Cython/Distutils/old_build_ext.py:15: DeprecationWarning: dep_util is Deprecated. Use functions from setuptools instead.
  from distutils.dep_util import newer, newer_group
<frozen importlib._bootstrap>:283: DeprecationWarning: the load_module() method is deprecated and slated for removal in Python 3.12; use exec_module() instead
pybullet build time: Jan 29 2025 23:16:28
wandb: [wandb.login()] Loaded credentials for https://api.wandb.ai from /root/.netrc.
wandb: Currently logged in as: wsk208 to https://api.wandb.ai. Use `wandb login --relogin` to force relogin
/opt/venv/lib/python3.10/site-packages/wandb/analytics/sentry.py:268: DeprecationWarning: Read the `app_url` setting from the appropriate Settings object.
  app_url = wandb.util.app_url(tags["base_url"])  # type: ignore[index]
/opt/venv/lib/python3.10/site-packages/wandb/analytics/sentry.py:279: DeprecationWarning: The `Scope.user` setter is deprecated in favor of `Scope.set_user()`.
  self.scope.user = {"email": email}
wandb: setting up run fty0jk37
/opt/venv/lib/python3.10/site-packages/wandb/analytics/sentry.py:268: DeprecationWarning: Read the `app_url` setting from the appropriate Settings object.
  app_url = wandb.util.app_url(tags["base_url"])  # type: ignore[index]
/opt/venv/lib/python3.10/site-packages/wandb/analytics/sentry.py:279: DeprecationWarning: The `Scope.user` setter is deprecated in favor of `Scope.set_user()`.
  self.scope.user = {"email": email}
wandb: Tracking run with wandb version 0.25.1
wandb: Run data is saved locally in /app/wandb/run-20260318_200505-fty0jk37
wandb: Run `wandb offline` to turn off syncing.
wandb: Syncing run cdemodice_walker2d_M3_s1
wandb: ⭐️ View project at https://wandb.ai/wsk208/DemoDICE
wandb: 🚀 View run at https://wandb.ai/wsk208/DemoDICE/runs/fty0jk37
/opt/venv/lib/python3.10/site-packages/gym/spaces/box.py:84: UserWarning: [33mWARN: Box bound precision lowered by casting to float32[0m
  logger.warn(f"Box bound precision lowered by casting to {self.dtype}")
load datafile:   0%|          | 0/21 [00:00<?, ?it/s]load datafile:   5%|▍         | 1/21 [00:00<00:03,  5.84it/s]load datafile:  14%|█▍        | 3/21 [00:00<00:03,  5.26it/s]load datafile:  19%|█▉        | 4/21 [00:00<00:04,  4.02it/s]load datafile:  81%|████████  | 17/21 [00:01<00:00, 15.57it/s]load datafile:  90%|█████████ | 19/21 [00:01<00:00, 10.84it/s]load datafile: 100%|██████████| 21/21 [00:01<00:00, 11.22it/s]
Expert  :  999000 transitions  (walker2d-expert-v2, 400 traj)
load datafile:   0%|          | 0/9 [00:00<?, ?it/s]load datafile:  11%|█         | 1/9 [00:00<00:01,  6.71it/s]load datafile:  33%|███▎      | 3/9 [00:00<00:01,  5.55it/s]load datafile:  44%|████▍     | 4/9 [00:00<00:01,  4.13it/s]load datafile:  56%|█████▌    | 5/9 [00:01<00:01,  3.24it/s]load datafile:  67%|██████▋   | 6/9 [00:01<00:01,  2.82it/s]load datafile: 100%|██████████| 9/9 [00:01<00:00,  4.96it/s]
Imperfect:   31801 transitions  (walker2d-random-v2, 1600 traj)
Union   : 1030801 transitions total
/root/.local/share/uv/python/cpython-3.10-linux-x86_64-gnu/lib/python3.10/multiprocessing/popen_fork.py:66: RuntimeWarning: os.fork() was called. os.fork() is incompatible with multithreaded code, and JAX is multithreaded, so this will likely lead to a deadlock.
  self.pid = os.fork()
/opt/venv/lib/python3.10/site-packages/tensorflow_probability/python/internal/backend/jax/ops.py:681: DeprecationWarning: jax.interpreters.xla.pytype_aval_mappings is deprecated.
  jax.interpreters.xla.pytype_aval_mappings[onp.ndarray])
/opt/venv/lib/python3.10/site-packages/gym/spaces/box.py:84: UserWarning: [33mWARN: Box bound precision lowered by casting to float32[0m
  logger.warn(f"Box bound precision lowered by casting to {self.dtype}")
Step:    10000  |  score: 11.73 ± 4.75  |  actor_loss: 3.9648  cost_loss: 1.3662  q_loss: 0.0079  reward_max: 0.6007  reward_mean: -0.0197  reward_min: -1.1383  state_cost_loss: 1.3658  value_loss: 0.4030
Step:    20000  |  score: 57.32 ± 20.36  |  actor_loss: 2.4050  cost_loss: 1.3608  q_loss: 0.0044  reward_max: 0.8155  reward_mean: -0.0044  reward_min: -0.4396  state_cost_loss: 1.3619  value_loss: 0.2613
Step:    30000  |  score: 93.13 ± 13.01  |  actor_loss: 0.9930  cost_loss: 1.3664  q_loss: 0.0041  reward_max: 0.7994  reward_mean: -0.0047  reward_min: -1.0027  state_cost_loss: 1.3710  value_loss: 0.2029
Step:    40000  |  score: 101.86 ± 10.42  |  actor_loss: -0.1841  cost_loss: 1.3585  q_loss: 0.0060  reward_max: 0.8049  reward_mean: -0.0032  reward_min: -0.6324  state_cost_loss: 1.3583  value_loss: 0.2008
Step:    50000  |  score: 108.55 ± 0.40  |  actor_loss: -0.6815  cost_loss: 1.3498  q_loss: 0.0081  reward_max: 1.0852  reward_mean: -0.0007  reward_min: -1.2198  state_cost_loss: 1.3487  value_loss: 0.1921
Step:    60000  |  score: 109.02 ± 0.20  |  actor_loss: -1.4647  cost_loss: 1.3683  q_loss: 0.0052  reward_max: 0.8207  reward_mean: -0.0011  reward_min: -1.6082  state_cost_loss: 1.3678  value_loss: 0.1969
Step:    70000  |  score: 109.12 ± 0.24  |  actor_loss: -1.1981  cost_loss: 1.3565  q_loss: 0.0063  reward_max: 0.9621  reward_mean: -0.0068  reward_min: -2.0884  state_cost_loss: 1.3569  value_loss: 0.2252
Step:    80000  |  score: 106.91 ± 0.81  |  actor_loss: -0.8953  cost_loss: 1.3602  q_loss: 0.0041  reward_max: 0.8935  reward_mean: 0.0040  reward_min: -0.9481  state_cost_loss: 1.3627  value_loss: 0.2420
Step:    90000  |  score: 108.13 ± 0.25  |  actor_loss: -1.4821  cost_loss: 1.3609  q_loss: 0.0021  reward_max: 0.5716  reward_mean: -0.0054  reward_min: -1.7699  state_cost_loss: 1.3625  value_loss: 0.2767
Step:   100000  |  score: 108.73 ± 0.54  |  actor_loss: -1.4447  cost_loss: 1.3646  q_loss: 0.0035  reward_max: 0.3902  reward_mean: -0.0205  reward_min: -1.7850  state_cost_loss: 1.3661  value_loss: 0.2708
Step:   110000  |  score: 108.54 ± 0.19  |  actor_loss: -1.1878  cost_loss: 1.3592  q_loss: 0.0049  reward_max: 0.5600  reward_mean: -0.0139  reward_min: -1.6267  state_cost_loss: 1.3619  value_loss: 0.2931
Step:   120000  |  score: 97.65 ± 24.53  |  actor_loss: -1.2029  cost_loss: 1.3631  q_loss: 0.0049  reward_max: 0.6270  reward_mean: -0.0121  reward_min: -2.0576  state_cost_loss: 1.3651  value_loss: 0.2988
Step:   130000  |  score: 107.60 ± 0.33  |  actor_loss: -1.3636  cost_loss: 1.3642  q_loss: 0.0042  reward_max: 0.8229  reward_mean: -0.0107  reward_min: -1.6910  state_cost_loss: 1.3664  value_loss: 0.3320
Step:   140000  |  score: 107.92 ± 0.18  |  actor_loss: -1.9882  cost_loss: 1.3752  q_loss: 0.0013  reward_max: 0.7866  reward_mean: 0.0059  reward_min: -1.0409  state_cost_loss: 1.3756  value_loss: 0.3453
Step:   150000  |  score: 108.67 ± 0.24  |  actor_loss: -1.1525  cost_loss: 1.3601  q_loss: 0.0031  reward_max: 0.9752  reward_mean: -0.0031  reward_min: -1.8817  state_cost_loss: 1.3612  value_loss: 0.3597
Step:   160000  |  score: 108.45 ± 0.18  |  actor_loss: -1.2484  cost_loss: 1.3614  q_loss: 0.0038  reward_max: 1.1049  reward_mean: -0.0062  reward_min: -1.3891  state_cost_loss: 1.3623  value_loss: 0.3740
Step:   170000  |  score: 108.75 ± 0.33  |  actor_loss: -1.1955  cost_loss: 1.3585  q_loss: 0.0035  reward_max: 0.8947  reward_mean: -0.0101  reward_min: -1.9473  state_cost_loss: 1.3606  value_loss: 0.3707
Step:   180000  |  score: 108.65 ± 0.23  |  actor_loss: -1.5595  cost_loss: 1.3580  q_loss: 0.0033  reward_max: 0.5862  reward_mean: -0.0036  reward_min: -1.3677  state_cost_loss: 1.3593  value_loss: 0.3908
Step:   190000  |  score: 86.06 ± 36.34  |  actor_loss: -1.5942  cost_loss: 1.3614  q_loss: 0.0031  reward_max: 0.7712  reward_mean: -0.0043  reward_min: -1.9802  state_cost_loss: 1.3633  value_loss: 0.3855
Step:   200000  |  score: 108.97 ± 0.18  |  actor_loss: -1.3893  cost_loss: 1.3617  q_loss: 0.0022  reward_max: 0.4009  reward_mean: -0.0015  reward_min: -2.0857  state_cost_loss: 1.3622  value_loss: 0.4119
Step:   210000  |  score: 91.13 ± 29.84  |  actor_loss: -1.4720  cost_loss: 1.3549  q_loss: 0.0020  reward_max: 0.4187  reward_mean: -0.0128  reward_min: -1.1113  state_cost_loss: 1.3552  value_loss: 0.4097
Step:   220000  |  score: 98.40 ± 23.24  |  actor_loss: -1.4867  cost_loss: 1.3622  q_loss: 0.0056  reward_max: 1.0321  reward_mean: -0.0105  reward_min: -2.3605  state_cost_loss: 1.3635  value_loss: 0.3946
Step:   230000  |  score: 108.78 ± 0.21  |  actor_loss: -1.8023  cost_loss: 1.3569  q_loss: 0.0032  reward_max: 1.0906  reward_mean: -0.0025  reward_min: -2.1840  state_cost_loss: 1.3576  value_loss: 0.4175
Step:   240000  |  score: 108.26 ± 0.20  |  actor_loss: -1.5757  cost_loss: 1.3667  q_loss: 0.0020  reward_max: 0.6055  reward_mean: -0.0012  reward_min: -0.5627  state_cost_loss: 1.3672  value_loss: 0.4073
Step:   250000  |  score: 108.30 ± 0.10  |  actor_loss: -1.3379  cost_loss: 1.3584  q_loss: 0.0028  reward_max: 0.6392  reward_mean: -0.0021  reward_min: -1.7018  state_cost_loss: 1.3594  value_loss: 0.4132
Step:   260000  |  score: 108.08 ± 0.18  |  actor_loss: -1.4592  cost_loss: 1.3591  q_loss: 0.0033  reward_max: 0.4407  reward_mean: -0.0047  reward_min: -2.4560  state_cost_loss: 1.3612  value_loss: 0.4170
Step:   270000  |  score: 108.67 ± 0.40  |  actor_loss: -1.1962  cost_loss: 1.3586  q_loss: 0.0033  reward_max: 0.8522  reward_mean: -0.0136  reward_min: -1.9832  state_cost_loss: 1.3600  value_loss: 0.4134
Step:   280000  |  score: 108.39 ± 0.71  |  actor_loss: -1.5213  cost_loss: 1.3603  q_loss: 0.0031  reward_max: 1.0719  reward_mean: -0.0103  reward_min: -2.0802  state_cost_loss: 1.3599  value_loss: 0.4274
Step:   290000  |  score: 107.51 ± 0.31  |  actor_loss: -1.5198  cost_loss: 1.3632  q_loss: 0.0028  reward_max: 0.9612  reward_mean: 0.0082  reward_min: -0.5134  state_cost_loss: 1.3639  value_loss: 0.4165
Step:   300000  |  score: 108.41 ± 0.34  |  actor_loss: -1.6968  cost_loss: 1.3655  q_loss: 0.0015  reward_max: 0.2609  reward_mean: -0.0020  reward_min: -0.4698  state_cost_loss: 1.3643  value_loss: 0.4244
Step:   310000  |  score: 98.67 ± 24.26  |  actor_loss: -1.2541  cost_loss: 1.3579  q_loss: 0.0042  reward_max: 1.0150  reward_mean: -0.0010  reward_min: -2.1584  state_cost_loss: 1.3561  value_loss: 0.4214
Step:   320000  |  score: 108.68 ± 0.24  |  actor_loss: -1.5960  cost_loss: 1.3592  q_loss: 0.0025  reward_max: 0.5717  reward_mean: -0.0071  reward_min: -2.0480  state_cost_loss: 1.3597  value_loss: 0.4326
Step:   330000  |  score: 108.74 ± 0.19  |  actor_loss: -1.6592  cost_loss: 1.3655  q_loss: 0.0016  reward_max: 0.3832  reward_mean: -0.0012  reward_min: -0.9903  state_cost_loss: 1.3649  value_loss: 0.4268
Step:   340000  |  score: 108.84 ± 0.17  |  actor_loss: -1.5501  cost_loss: 1.3617  q_loss: 0.0033  reward_max: 0.9117  reward_mean: -0.0050  reward_min: -2.2731  state_cost_loss: 1.3628  value_loss: 0.4403
Step:   350000  |  score: 108.73 ± 0.13  |  actor_loss: -1.5872  cost_loss: 1.3632  q_loss: 0.0029  reward_max: 0.9843  reward_mean: 0.0066  reward_min: -1.5466  state_cost_loss: 1.3629  value_loss: 0.4460
Step:   360000  |  score: 108.41 ± 0.42  |  actor_loss: -1.3066  cost_loss: 1.3607  q_loss: 0.0044  reward_max: 1.1938  reward_mean: -0.0122  reward_min: -1.6162  state_cost_loss: 1.3640  value_loss: 0.4229
Step:   370000  |  score: 108.55 ± 0.34  |  actor_loss: -1.3542  cost_loss: 1.3552  q_loss: 0.0044  reward_max: 0.6933  reward_mean: -0.0041  reward_min: -1.9242  state_cost_loss: 1.3563  value_loss: 0.4630
Step:   380000  |  score: 108.75 ± 0.19  |  actor_loss: -1.4927  cost_loss: 1.3558  q_loss: 0.0026  reward_max: 0.9246  reward_mean: 0.0063  reward_min: -1.6807  state_cost_loss: 1.3552  value_loss: 0.4501
Step:   390000  |  score: 108.59 ± 0.39  |  actor_loss: -1.4539  cost_loss: 1.3645  q_loss: 0.0019  reward_max: 0.9503  reward_mean: 0.0072  reward_min: -0.9427  state_cost_loss: 1.3627  value_loss: 0.4385
Step:   400000  |  score: 108.36 ± 0.35  |  actor_loss: -1.6975  cost_loss: 1.3623  q_loss: 0.0027  reward_max: 0.9715  reward_mean: -0.0073  reward_min: -2.2005  state_cost_loss: 1.3641  value_loss: 0.4537
Step:   410000  |  score: 108.50 ± 0.40  |  actor_loss: -1.7394  cost_loss: 1.3645  q_loss: 0.0027  reward_max: 0.8920  reward_mean: -0.0020  reward_min: -2.0681  state_cost_loss: 1.3645  value_loss: 0.4449
Step:   420000  |  score: 108.80 ± 0.25  |  actor_loss: -1.5378  cost_loss: 1.3573  q_loss: 0.0022  reward_max: 0.5291  reward_mean: -0.0052  reward_min: -1.8783  state_cost_loss: 1.3588  value_loss: 0.4450
Step:   430000  |  score: 108.86 ± 0.23  |  actor_loss: -1.6610  cost_loss: 1.3624  q_loss: 0.0030  reward_max: 1.4416  reward_mean: 0.0056  reward_min: -0.6952  state_cost_loss: 1.3615  value_loss: 0.4692
Step:   440000  |  score: 108.62 ± 0.66  |  actor_loss: -1.8728  cost_loss: 1.3726  q_loss: 0.0015  reward_max: 1.0228  reward_mean: -0.0002  reward_min: -1.7252  state_cost_loss: 1.3727  value_loss: 0.4285
Step:   450000  |  score: 108.44 ± 0.47  |  actor_loss: -1.5660  cost_loss: 1.3625  q_loss: 0.0018  reward_max: 0.9290  reward_mean: 0.0031  reward_min: -0.5708  state_cost_loss: 1.3615  value_loss: 0.4510
Step:   460000  |  score: 108.48 ± 0.54  |  actor_loss: -1.4380  cost_loss: 1.3546  q_loss: 0.0026  reward_max: 0.9345  reward_mean: -0.0081  reward_min: -2.0872  state_cost_loss: 1.3558  value_loss: 0.4481
Step:   470000  |  score: 108.51 ± 0.50  |  actor_loss: -1.8768  cost_loss: 1.3733  q_loss: 0.0015  reward_max: 0.9646  reward_mean: -0.0081  reward_min: -2.2566  state_cost_loss: 1.3747  value_loss: 0.4426
Step:   480000  |  score: 109.41 ± 0.30  |  actor_loss: -1.2394  cost_loss: 1.3570  q_loss: 0.0021  reward_max: 0.6883  reward_mean: -0.0025  reward_min: -1.0431  state_cost_loss: 1.3594  value_loss: 0.4399
Step:   490000  |  score: 108.40 ± 0.36  |  actor_loss: -1.4760  cost_loss: 1.3571  q_loss: 0.0034  reward_max: 0.8372  reward_mean: -0.0119  reward_min: -2.3532  state_cost_loss: 1.3586  value_loss: 0.4372
Step:   500000  |  score: 108.19 ± 0.29  |  actor_loss: -1.7329  cost_loss: 1.3635  q_loss: 0.0011  reward_max: 0.5070  reward_mean: -0.0007  reward_min: -0.2731  state_cost_loss: 1.3651  value_loss: 0.4567
Step:   510000  |  score: 109.01 ± 0.20  |  actor_loss: -1.8937  cost_loss: 1.3696  q_loss: 0.0013  reward_max: 1.1231  reward_mean: 0.0012  reward_min: -1.8943  state_cost_loss: 1.3701  value_loss: 0.4584
Step:   520000  |  score: 108.72 ± 0.30  |  actor_loss: -1.7879  cost_loss: 1.3689  q_loss: 0.0020  reward_max: 0.4708  reward_mean: -0.0086  reward_min: -2.2995  state_cost_loss: 1.3716  value_loss: 0.4391
Step:   530000  |  score: 108.77 ± 0.25  |  actor_loss: -1.5302  cost_loss: 1.3626  q_loss: 0.0022  reward_max: 0.7641  reward_mean: -0.0070  reward_min: -2.1138  state_cost_loss: 1.3633  value_loss: 0.4683
Step:   540000  |  score: 108.72 ± 0.39  |  actor_loss: -1.5590  cost_loss: 1.3603  q_loss: 0.0027  reward_max: 1.3118  reward_mean: 0.0028  reward_min: -2.1553  state_cost_loss: 1.3601  value_loss: 0.4723
Step:   550000  |  score: 108.09 ± 0.28  |  actor_loss: -1.4305  cost_loss: 1.3579  q_loss: 0.0031  reward_max: 0.7650  reward_mean: -0.0079  reward_min: -1.0409  state_cost_loss: 1.3596  value_loss: 0.4504
Step:   560000  |  score: 108.74 ± 0.17  |  actor_loss: -1.2126  cost_loss: 1.3580  q_loss: 0.0032  reward_max: 0.9986  reward_mean: -0.0059  reward_min: -2.1714  state_cost_loss: 1.3580  value_loss: 0.4586
Step:   570000  |  score: 109.28 ± 0.29  |  actor_loss: -2.0794  cost_loss: 1.3750  q_loss: 0.0013  reward_max: 0.8880  reward_mean: -0.0054  reward_min: -2.3711  state_cost_loss: 1.3759  value_loss: 0.4666
Step:   580000  |  score: 108.63 ± 0.20  |  actor_loss: -1.5276  cost_loss: 1.3577  q_loss: 0.0053  reward_max: 0.8160  reward_mean: 0.0019  reward_min: -0.9584  state_cost_loss: 1.3566  value_loss: 0.4639
Step:   590000  |  score: 108.29 ± 0.46  |  actor_loss: -1.3942  cost_loss: 1.3581  q_loss: 0.0024  reward_max: 0.7874  reward_mean: -0.0083  reward_min: -2.2479  state_cost_loss: 1.3620  value_loss: 0.4823
Step:   600000  |  score: 108.94 ± 0.38  |  actor_loss: -1.3377  cost_loss: 1.3633  q_loss: 0.0032  reward_max: 0.4010  reward_mean: -0.0033  reward_min: -1.9563  state_cost_loss: 1.3647  value_loss: 0.4589
Step:   610000  |  score: 109.01 ± 0.24  |  actor_loss: -1.4073  cost_loss: 1.3556  q_loss: 0.0031  reward_max: 0.9642  reward_mean: -0.0056  reward_min: -1.6749  state_cost_loss: 1.3554  value_loss: 0.4762
Step:   620000  |  score: 108.49 ± 0.20  |  actor_loss: -1.8446  cost_loss: 1.3704  q_loss: 0.0021  reward_max: 0.7093  reward_mean: -0.0012  reward_min: -0.6135  state_cost_loss: 1.3698  value_loss: 0.4709
Step:   630000  |  score: 108.69 ± 0.55  |  actor_loss: -1.9025  cost_loss: 1.3679  q_loss: 0.0018  reward_max: 0.4452  reward_mean: -0.0037  reward_min: -2.0234  state_cost_loss: 1.3676  value_loss: 0.4796
Step:   640000  |  score: 108.21 ± 0.44  |  actor_loss: -1.9919  cost_loss: 1.3691  q_loss: 0.0012  reward_max: 0.7337  reward_mean: -0.0093  reward_min: -1.8347  state_cost_loss: 1.3709  value_loss: 0.4730
Step:   650000  |  score: 108.64 ± 0.46  |  actor_loss: -1.4370  cost_loss: 1.3628  q_loss: 0.0020  reward_max: 0.8413  reward_mean: 0.0040  reward_min: -1.7781  state_cost_loss: 1.3646  value_loss: 0.4763
Step:   660000  |  score: 108.30 ± 0.54  |  actor_loss: -1.6493  cost_loss: 1.3609  q_loss: 0.0025  reward_max: 0.9924  reward_mean: 0.0036  reward_min: -0.6567  state_cost_loss: 1.3616  value_loss: 0.4692
Step:   670000  |  score: 108.53 ± 0.25  |  actor_loss: -1.3651  cost_loss: 1.3607  q_loss: 0.0028  reward_max: 1.0411  reward_mean: 0.0019  reward_min: -0.6320  state_cost_loss: 1.3605  value_loss: 0.4660
Step:   680000  |  score: 108.80 ± 0.41  |  actor_loss: -1.6189  cost_loss: 1.3540  q_loss: 0.0043  reward_max: 0.9855  reward_mean: -0.0058  reward_min: -2.1913  state_cost_loss: 1.3542  value_loss: 0.4534
Step:   690000  |  score: 108.86 ± 0.29  |  actor_loss: -1.6654  cost_loss: 1.3632  q_loss: 0.0029  reward_max: 0.8841  reward_mean: -0.0010  reward_min: -0.5465  state_cost_loss: 1.3634  value_loss: 0.4880
Step:   700000  |  score: 108.49 ± 0.27  |  actor_loss: -1.9334  cost_loss: 1.3644  q_loss: 0.0036  reward_max: 0.4512  reward_mean: -0.0018  reward_min: -0.5924  state_cost_loss: 1.3641  value_loss: 0.4823
Step:   710000  |  score: 108.63 ± 0.23  |  actor_loss: -1.7471  cost_loss: 1.3594  q_loss: 0.0045  reward_max: 1.2084  reward_mean: -0.0084  reward_min: -2.2671  state_cost_loss: 1.3618  value_loss: 0.4650
Step:   720000  |  score: 108.46 ± 0.31  |  actor_loss: -1.9889  cost_loss: 1.3696  q_loss: 0.0015  reward_max: 0.2115  reward_mean: -0.0019  reward_min: -0.8862  state_cost_loss: 1.3710  value_loss: 0.4776
Step:   730000  |  score: 108.56 ± 0.34  |  actor_loss: -1.8390  cost_loss: 1.3693  q_loss: 0.0017  reward_max: 0.7396  reward_mean: 0.0006  reward_min: -2.1708  state_cost_loss: 1.3690  value_loss: 0.4737
Step:   740000  |  score: 107.74 ± 0.80  |  actor_loss: -1.5409  cost_loss: 1.3601  q_loss: 0.0034  reward_max: 0.8990  reward_mean: 0.0072  reward_min: -0.7930  state_cost_loss: 1.3589  value_loss: 0.4803
Step:   750000  |  score: 108.60 ± 0.25  |  actor_loss: -1.7968  cost_loss: 1.3591  q_loss: 0.0029  reward_max: 0.2752  reward_mean: -0.0021  reward_min: -1.9329  state_cost_loss: 1.3608  value_loss: 0.4576
Step:   760000  |  score: 108.38 ± 0.29  |  actor_loss: -1.8039  cost_loss: 1.3639  q_loss: 0.0016  reward_max: 0.5933  reward_mean: -0.0051  reward_min: -2.3231  state_cost_loss: 1.3659  value_loss: 0.4920
Step:   770000  |  score: 108.76 ± 0.49  |  actor_loss: -1.0312  cost_loss: 1.3471  q_loss: 0.0032  reward_max: 0.8856  reward_mean: -0.0145  reward_min: -1.9679  state_cost_loss: 1.3497  value_loss: 0.4791
Step:   780000  |  score: 108.77 ± 0.18  |  actor_loss: -1.4798  cost_loss: 1.3620  q_loss: 0.0017  reward_max: 0.9301  reward_mean: -0.0040  reward_min: -2.3348  state_cost_loss: 1.3634  value_loss: 0.4762
Step:   790000  |  score: 108.71 ± 0.26  |  actor_loss: -1.2343  cost_loss: 1.3554  q_loss: 0.0029  reward_max: 0.9989  reward_mean: 0.0047  reward_min: -0.9061  state_cost_loss: 1.3569  value_loss: 0.4722
Step:   800000  |  score: 109.07 ± 0.15  |  actor_loss: -1.5165  cost_loss: 1.3570  q_loss: 0.0028  reward_max: 0.5126  reward_mean: -0.0067  reward_min: -1.5562  state_cost_loss: 1.3583  value_loss: 0.4550
Step:   810000  |  score: 108.83 ± 0.32  |  actor_loss: -1.9771  cost_loss: 1.3697  q_loss: 0.0010  reward_max: 0.9183  reward_mean: 0.0031  reward_min: -0.4508  state_cost_loss: 1.3706  value_loss: 0.4726
Step:   820000  |  score: 108.59 ± 0.27  |  actor_loss: -2.0798  cost_loss: 1.3648  q_loss: 0.0026  reward_max: 1.5360  reward_mean: 0.0003  reward_min: -2.0078  state_cost_loss: 1.3654  value_loss: 0.4718
Step:   830000  |  score: 109.11 ± 0.27  |  actor_loss: -1.7153  cost_loss: 1.3568  q_loss: 0.0023  reward_max: 1.0064  reward_mean: -0.0037  reward_min: -2.4374  state_cost_loss: 1.3555  value_loss: 0.4744
Step:   840000  |  score: 108.45 ± 0.15  |  actor_loss: -1.6661  cost_loss: 1.3579  q_loss: 0.0031  reward_max: 0.7355  reward_mean: 0.0010  reward_min: -1.9339  state_cost_loss: 1.3589  value_loss: 0.4773
Step:   850000  |  score: 107.79 ± 0.53  |  actor_loss: -1.8119  cost_loss: 1.3631  q_loss: 0.0023  reward_max: 0.9609  reward_mean: -0.0118  reward_min: -2.1759  state_cost_loss: 1.3658  value_loss: 0.4784
Step:   860000  |  score: 108.22 ± 0.46  |  actor_loss: -1.3954  cost_loss: 1.3635  q_loss: 0.0048  reward_max: 1.1891  reward_mean: 0.0097  reward_min: -0.2732  state_cost_loss: 1.3647  value_loss: 0.4793
Step:   870000  |  score: 108.98 ± 0.20  |  actor_loss: -1.6320  cost_loss: 1.3630  q_loss: 0.0035  reward_max: 0.4044  reward_mean: -0.0110  reward_min: -1.5128  state_cost_loss: 1.3631  value_loss: 0.4636
Step:   880000  |  score: 108.13 ± 0.36  |  actor_loss: -1.6844  cost_loss: 1.3604  q_loss: 0.0023  reward_max: 0.2944  reward_mean: -0.0091  reward_min: -2.0937  state_cost_loss: 1.3629  value_loss: 0.4860
Step:   890000  |  score: 108.34 ± 0.26  |  actor_loss: -1.8318  cost_loss: 1.3595  q_loss: 0.0031  reward_max: 0.6480  reward_mean: -0.0088  reward_min: -2.2635  state_cost_loss: 1.3612  value_loss: 0.4705
Step:   900000  |  score: 107.24 ± 1.27  |  actor_loss: -1.1348  cost_loss: 1.3528  q_loss: 0.0016  reward_max: 0.8906  reward_mean: -0.0066  reward_min: -2.2830  state_cost_loss: 1.3535  value_loss: 0.4936
Step:   910000  |  score: 108.19 ± 0.44  |  actor_loss: -1.8717  cost_loss: 1.3667  q_loss: 0.0020  reward_max: 0.8977  reward_mean: 0.0057  reward_min: -0.8828  state_cost_loss: 1.3656  value_loss: 0.4775
Step:   920000  |  score: 107.88 ± 0.62  |  actor_loss: -1.3059  cost_loss: 1.3585  q_loss: 0.0026  reward_max: 0.9503  reward_mean: 0.0078  reward_min: -0.3273  state_cost_loss: 1.3579  value_loss: 0.4962
Step:   930000  |  score: 108.47 ± 0.46  |  actor_loss: -1.8441  cost_loss: 1.3660  q_loss: 0.0030  reward_max: 0.7063  reward_mean: -0.0067  reward_min: -1.9940  state_cost_loss: 1.3669  value_loss: 0.4841
Step:   940000  |  score: 108.72 ± 0.35  |  actor_loss: -1.5725  cost_loss: 1.3623  q_loss: 0.0011  reward_max: 0.4927  reward_mean: -0.0137  reward_min: -2.3506  state_cost_loss: 1.3650  value_loss: 0.4699
Step:   950000  |  score: 108.70 ± 0.59  |  actor_loss: -1.6882  cost_loss: 1.3631  q_loss: 0.0022  reward_max: 1.1184  reward_mean: 0.0144  reward_min: -0.1424  state_cost_loss: 1.3602  value_loss: 0.4880
Step:   960000  |  score: 107.69 ± 0.42  |  actor_loss: -1.7594  cost_loss: 1.3582  q_loss: 0.0020  reward_max: 0.5774  reward_mean: -0.0046  reward_min: -1.3632  state_cost_loss: 1.3589  value_loss: 0.4801
Step:   970000  |  score: 108.94 ± 0.31  |  actor_loss: -1.5898  cost_loss: 1.3646  q_loss: 0.0019  reward_max: 0.4987  reward_mean: -0.0001  reward_min: -1.3264  state_cost_loss: 1.3661  value_loss: 0.4712
Step:   980000  |  score: 108.83 ± 0.20  |  actor_loss: -2.0015  cost_loss: 1.3699  q_loss: 0.0017  reward_max: 0.2073  reward_mean: -0.0091  reward_min: -2.0694  state_cost_loss: 1.3713  value_loss: 0.4630
Step:   990000  |  score: 108.48 ± 0.44  |  actor_loss: -1.4315  cost_loss: 1.3528  q_loss: 0.0025  reward_max: 0.4482  reward_mean: -0.0100  reward_min: -1.7508  state_cost_loss: 1.3544  value_loss: 0.4728
Step:  1000000  |  score: 108.84 ± 0.32  |  actor_loss: -1.3681  cost_loss: 1.3634  q_loss: 0.0032  reward_max: 1.0199  reward_mean: -0.0025  reward_min: -2.2474  state_cost_loss: 1.3649  value_loss: 0.4469
Step:  1010000  |  score: 108.17 ± 0.26  |  actor_loss: -1.8509  cost_loss: 1.3609  q_loss: 0.0019  reward_max: 0.3986  reward_mean: -0.0079  reward_min: -1.0233  state_cost_loss: 1.3621  value_loss: 0.4584
Step:  1020000  |  score: 108.95 ± 0.36  |  actor_loss: -1.7097  cost_loss: 1.3600  q_loss: 0.0025  reward_max: 0.8307  reward_mean: -0.0063  reward_min: -2.5636  state_cost_loss: 1.3609  value_loss: 0.4369
Step:  1030000  |  score: 108.85 ± 0.35  |  actor_loss: -2.0171  cost_loss: 1.3694  q_loss: 0.0014  reward_max: 0.6895  reward_mean: 0.0038  reward_min: -0.2146  state_cost_loss: 1.3689  value_loss: 0.4628
Step:  1040000  |  score: 108.58 ± 0.43  |  actor_loss: -1.6422  cost_loss: 1.3633  q_loss: 0.0027  reward_max: 0.2403  reward_mean: -0.0033  reward_min: -2.0353  state_cost_loss: 1.3652  value_loss: 0.4509
Step:  1050000  |  score: 108.39 ± 0.28  |  actor_loss: -1.8053  cost_loss: 1.3635  q_loss: 0.0019  reward_max: 1.0686  reward_mean: 0.0013  reward_min: -1.3382  state_cost_loss: 1.3645  value_loss: 0.4413
Step:  1060000  |  score: 108.19 ± 0.31  |  actor_loss: -1.2036  cost_loss: 1.3569  q_loss: 0.0031  reward_max: 0.9327  reward_mean: -0.0103  reward_min: -2.2748  state_cost_loss: 1.3577  value_loss: 0.4409
Step:  1070000  |  score: 108.37 ± 0.44  |  actor_loss: -1.3843  cost_loss: 1.3574  q_loss: 0.0033  reward_max: 1.2068  reward_mean: -0.0062  reward_min: -1.8166  state_cost_loss: 1.3579  value_loss: 0.4479
Step:  1080000  |  score: 108.36 ± 0.23  |  actor_loss: -1.8820  cost_loss: 1.3635  q_loss: 0.0018  reward_max: 0.7676  reward_mean: -0.0004  reward_min: -0.5320  state_cost_loss: 1.3637  value_loss: 0.4533
Step:  1090000  |  score: 108.71 ± 0.33  |  actor_loss: -1.6732  cost_loss: 1.3620  q_loss: 0.0024  reward_max: 0.7616  reward_mean: 0.0056  reward_min: -0.4006  state_cost_loss: 1.3619  value_loss: 0.4554
Step:  1100000  |  score: 108.92 ± 0.36  |  actor_loss: -1.9865  cost_loss: 1.3602  q_loss: 0.0036  reward_max: 0.5999  reward_mean: -0.0163  reward_min: -2.4581  state_cost_loss: 1.3617  value_loss: 0.4478
Step:  1110000  |  score: 108.16 ± 0.28  |  actor_loss: -1.5327  cost_loss: 1.3579  q_loss: 0.0019  reward_max: 0.7509  reward_mean: 0.0071  reward_min: -0.4563  state_cost_loss: 1.3577  value_loss: 0.4503
Step:  1120000  |  score: 108.51 ± 0.15  |  actor_loss: -1.6658  cost_loss: 1.3615  q_loss: 0.0022  reward_max: 0.9279  reward_mean: 0.0057  reward_min: -0.9154  state_cost_loss: 1.3628  value_loss: 0.4367
Step:  1130000  |  score: 108.97 ± 0.19  |  actor_loss: -1.3156  cost_loss: 1.3507  q_loss: 0.0024  reward_max: 1.0211  reward_mean: 0.0004  reward_min: -1.7335  state_cost_loss: 1.3504  value_loss: 0.4376
Step:  1140000  |  score: 109.35 ± 0.27  |  actor_loss: -1.5498  cost_loss: 1.3544  q_loss: 0.0035  reward_max: 0.4645  reward_mean: -0.0068  reward_min: -1.5571  state_cost_loss: 1.3580  value_loss: 0.4134
Step:  1150000  |  score: 109.40 ± 0.17  |  actor_loss: -1.6232  cost_loss: 1.3529  q_loss: 0.0031  reward_max: 1.0161  reward_mean: -0.0293  reward_min: -2.4239  state_cost_loss: 1.3586  value_loss: 0.4138
Step:  1160000  |  score: 109.17 ± 0.12  |  actor_loss: -1.8103  cost_loss: 1.3632  q_loss: 0.0030  reward_max: 1.0833  reward_mean: 0.0082  reward_min: -0.6392  state_cost_loss: 1.3627  value_loss: 0.4370
Step:  1170000  |  score: 109.09 ± 0.30  |  actor_loss: -1.8587  cost_loss: 1.3648  q_loss: 0.0038  reward_max: 0.5305  reward_mean: -0.0032  reward_min: -1.6947  state_cost_loss: 1.3673  value_loss: 0.4065
Step:  1180000  |  score: 108.48 ± 0.41  |  actor_loss: -1.2607  cost_loss: 1.3515  q_loss: 0.0027  reward_max: 0.9448  reward_mean: 0.0068  reward_min: -0.7897  state_cost_loss: 1.3529  value_loss: 0.4405
Step:  1190000  |  score: 108.23 ± 0.40  |  actor_loss: -1.8912  cost_loss: 1.3648  q_loss: 0.0029  reward_max: 0.8166  reward_mean: -0.0035  reward_min: -2.0975  state_cost_loss: 1.3671  value_loss: 0.4053
Step:  1200000  |  score: 108.52 ± 0.19  |  actor_loss: -1.6718  cost_loss: 1.3596  q_loss: 0.0024  reward_max: 1.0854  reward_mean: 0.0006  reward_min: -1.4421  state_cost_loss: 1.3606  value_loss: 0.4189
Step:  1210000  |  score: 108.20 ± 0.31  |  actor_loss: -1.4441  cost_loss: 1.3513  q_loss: 0.0034  reward_max: 0.9803  reward_mean: -0.0078  reward_min: -2.1487  state_cost_loss: 1.3530  value_loss: 0.4276
Step:  1220000  |  score: 108.56 ± 0.24  |  actor_loss: -1.5098  cost_loss: 1.3551  q_loss: 0.0022  reward_max: 0.8745  reward_mean: 0.0012  reward_min: -1.0422  state_cost_loss: 1.3547  value_loss: 0.4221
Step:  1230000  |  score: 108.63 ± 0.39  |  actor_loss: -1.4617  cost_loss: 1.3609  q_loss: 0.0043  reward_max: 0.8878  reward_mean: -0.0006  reward_min: -1.6670  state_cost_loss: 1.3628  value_loss: 0.4192
Step:  1240000  |  score: 108.14 ± 0.53  |  actor_loss: -2.0918  cost_loss: 1.3690  q_loss: 0.0016  reward_max: 0.4171  reward_mean: -0.0001  reward_min: -0.4385  state_cost_loss: 1.3702  value_loss: 0.4344
Step:  1250000  |  score: 108.41 ± 0.36  |  actor_loss: -1.5827  cost_loss: 1.3628  q_loss: 0.0032  reward_max: 1.0530  reward_mean: 0.0024  reward_min: -1.5133  state_cost_loss: 1.3618  value_loss: 0.4463
Step:  1260000  |  score: 108.62 ± 0.34  |  actor_loss: -1.6219  cost_loss: 1.3609  q_loss: 0.0018  reward_max: 0.5188  reward_mean: -0.0004  reward_min: -0.6262  state_cost_loss: 1.3614  value_loss: 0.4271
Step:  1270000  |  score: 107.19 ± 0.23  |  actor_loss: -1.7212  cost_loss: 1.3624  q_loss: 0.0023  reward_max: 0.8890  reward_mean: -0.0077  reward_min: -1.8647  state_cost_loss: 1.3633  value_loss: 0.4246
Step:  1280000  |  score: 109.07 ± 0.22  |  actor_loss: -1.4969  cost_loss: 1.3570  q_loss: 0.0018  reward_max: 0.4252  reward_mean: 0.0005  reward_min: -0.4702  state_cost_loss: 1.3584  value_loss: 0.4468
Step:  1290000  |  score: 108.76 ± 0.18  |  actor_loss: -0.9285  cost_loss: 1.3490  q_loss: 0.0030  reward_max: 1.0215  reward_mean: -0.0017  reward_min: -2.0034  state_cost_loss: 1.3489  value_loss: 0.4638
Step:  1300000  |  score: 108.57 ± 0.24  |  actor_loss: -1.6013  cost_loss: 1.3603  q_loss: 0.0026  reward_max: 0.6293  reward_mean: 0.0030  reward_min: -0.5107  state_cost_loss: 1.3618  value_loss: 0.4325
Step:  1310000  |  score: 108.71 ± 0.42  |  actor_loss: -1.3627  cost_loss: 1.3569  q_loss: 0.0024  reward_max: 1.0258  reward_mean: -0.0023  reward_min: -1.5025  state_cost_loss: 1.3561  value_loss: 0.4144
Step:  1320000  |  score: 108.71 ± 0.28  |  actor_loss: -1.4076  cost_loss: 1.3577  q_loss: 0.0023  reward_max: 0.6371  reward_mean: -0.0050  reward_min: -1.8598  state_cost_loss: 1.3600  value_loss: 0.4438
Step:  1330000  |  score: 108.14 ± 0.67  |  actor_loss: -2.0902  cost_loss: 1.3692  q_loss: 0.0019  reward_max: 0.3894  reward_mean: -0.0001  reward_min: -0.1160  state_cost_loss: 1.3699  value_loss: 0.4318
Step:  1340000  |  score: 108.17 ± 0.43  |  actor_loss: -1.5452  cost_loss: 1.3582  q_loss: 0.0029  reward_max: 1.3536  reward_mean: -0.0005  reward_min: -1.0080  state_cost_loss: 1.3605  value_loss: 0.4326
Step:  1350000  |  score: 109.01 ± 0.22  |  actor_loss: -1.4880  cost_loss: 1.3539  q_loss: 0.0038  reward_max: 0.5542  reward_mean: 0.0006  reward_min: -1.0110  state_cost_loss: 1.3540  value_loss: 0.4249
Step:  1360000  |  score: 108.66 ± 0.26  |  actor_loss: -2.2709  cost_loss: 1.3730  q_loss: 0.0010  reward_max: 0.2086  reward_mean: -0.0071  reward_min: -2.2889  state_cost_loss: 1.3735  value_loss: 0.4180
Step:  1370000  |  score: 108.44 ± 0.32  |  actor_loss: -1.9178  cost_loss: 1.3699  q_loss: 0.0015  reward_max: 0.7536  reward_mean: 0.0022  reward_min: -0.3315  state_cost_loss: 1.3718  value_loss: 0.4336
Step:  1380000  |  score: 108.61 ± 0.38  |  actor_loss: -1.5876  cost_loss: 1.3619  q_loss: 0.0026  reward_max: 0.6317  reward_mean: -0.0083  reward_min: -0.8963  state_cost_loss: 1.3629  value_loss: 0.4295
Step:  1390000  |  score: 108.81 ± 0.21  |  actor_loss: -1.9333  cost_loss: 1.3633  q_loss: 0.0021  reward_max: 0.5263  reward_mean: -0.0061  reward_min: -2.1163  state_cost_loss: 1.3643  value_loss: 0.4131
Step:  1400000  |  score: 108.78 ± 0.28  |  actor_loss: -1.8821  cost_loss: 1.3705  q_loss: 0.0015  reward_max: 0.6347  reward_mean: 0.0048  reward_min: -0.2945  state_cost_loss: 1.3711  value_loss: 0.4195
Step:  1410000  |  score: 108.70 ± 0.23  |  actor_loss: -1.9659  cost_loss: 1.3689  q_loss: 0.0014  reward_max: 0.3623  reward_mean: -0.0032  reward_min: -2.2121  state_cost_loss: 1.3707  value_loss: 0.4211
Step:  1420000  |  score: 108.04 ± 0.26  |  actor_loss: -1.8434  cost_loss: 1.3623  q_loss: 0.0027  reward_max: 0.6031  reward_mean: -0.0003  reward_min: -0.8106  state_cost_loss: 1.3627  value_loss: 0.4167
Step:  1430000  |  score: 108.86 ± 0.13  |  actor_loss: -1.7065  cost_loss: 1.3597  q_loss: 0.0022  reward_max: 0.4312  reward_mean: -0.0089  reward_min: -1.9648  state_cost_loss: 1.3604  value_loss: 0.4034
Step:  1440000  |  score: 108.62 ± 0.43  |  actor_loss: -1.7798  cost_loss: 1.3596  q_loss: 0.0028  reward_max: 0.5237  reward_mean: -0.0019  reward_min: -2.1883  state_cost_loss: 1.3600  value_loss: 0.4245
Step:  1450000  |  score: 108.33 ± 0.55  |  actor_loss: -1.8247  cost_loss: 1.3654  q_loss: 0.0015  reward_max: 0.4999  reward_mean: -0.0059  reward_min: -2.2083  state_cost_loss: 1.3662  value_loss: 0.4244
Step:  1460000  |  score: 108.04 ± 0.23  |  actor_loss: -1.8220  cost_loss: 1.3612  q_loss: 0.0016  reward_max: 0.9566  reward_mean: 0.0021  reward_min: -0.9461  state_cost_loss: 1.3617  value_loss: 0.4236
Step:  1470000  |  score: 109.07 ± 0.16  |  actor_loss: -1.9820  cost_loss: 1.3644  q_loss: 0.0029  reward_max: 0.3440  reward_mean: -0.0117  reward_min: -2.4643  state_cost_loss: 1.3656  value_loss: 0.4217
Step:  1480000  |  score: 108.35 ± 0.33  |  actor_loss: -1.8896  cost_loss: 1.3654  q_loss: 0.0019  reward_max: 0.2323  reward_mean: -0.0074  reward_min: -2.2773  state_cost_loss: 1.3671  value_loss: 0.4051
Step:  1490000  |  score: 108.50 ± 0.20  |  actor_loss: -1.5683  cost_loss: 1.3499  q_loss: 0.0031  reward_max: 0.9290  reward_mean: 0.0005  reward_min: -0.9595  state_cost_loss: 1.3491  value_loss: 0.4240
Step:  1500000  |  score: 108.58 ± 0.33  |  actor_loss: -1.9670  cost_loss: 1.3630  q_loss: 0.0018  reward_max: 0.5561  reward_mean: -0.0152  reward_min: -2.0448  state_cost_loss: 1.3629  value_loss: 0.4288
Step:  1510000  |  score: 108.18 ± 0.32  |  actor_loss: -1.6666  cost_loss: 1.3527  q_loss: 0.0035  reward_max: 1.2675  reward_mean: -0.0075  reward_min: -2.5591  state_cost_loss: 1.3544  value_loss: 0.4301
Step:  1520000  |  score: 108.57 ± 0.19  |  actor_loss: -1.6732  cost_loss: 1.3672  q_loss: 0.0015  reward_max: 1.1441  reward_mean: -0.0047  reward_min: -2.5600  state_cost_loss: 1.3684  value_loss: 0.4111
Step:  1530000  |  score: 108.61 ± 0.20  |  actor_loss: -1.6658  cost_loss: 1.3619  q_loss: 0.0013  reward_max: 1.0172  reward_mean: -0.0051  reward_min: -2.2340  state_cost_loss: 1.3625  value_loss: 0.4244
Step:  1540000  |  score: 108.72 ± 0.25  |  actor_loss: -1.9022  cost_loss: 1.3638  q_loss: 0.0020  reward_max: 0.9565  reward_mean: 0.0051  reward_min: -1.2350  state_cost_loss: 1.3614  value_loss: 0.4321
Step:  1550000  |  score: 108.60 ± 0.31  |  actor_loss: -2.0165  cost_loss: 1.3685  q_loss: 0.0024  reward_max: 0.9322  reward_mean: -0.0039  reward_min: -2.1410  state_cost_loss: 1.3690  value_loss: 0.4200
Step:  1560000  |  score: 108.60 ± 0.20  |  actor_loss: -1.4181  cost_loss: 1.3611  q_loss: 0.0020  reward_max: 1.0503  reward_mean: 0.0024  reward_min: -2.2126  state_cost_loss: 1.3608  value_loss: 0.4196
Step:  1570000  |  score: 108.61 ± 0.36  |  actor_loss: -1.5889  cost_loss: 1.3591  q_loss: 0.0022  reward_max: 0.2636  reward_mean: -0.0161  reward_min: -2.3862  state_cost_loss: 1.3642  value_loss: 0.4213
Step:  1580000  |  score: 108.49 ± 0.32  |  actor_loss: -1.5105  cost_loss: 1.3601  q_loss: 0.0023  reward_max: 0.7721  reward_mean: -0.0100  reward_min: -2.1385  state_cost_loss: 1.3614  value_loss: 0.4169
Step:  1590000  |  score: 108.65 ± 0.35  |  actor_loss: -1.7173  cost_loss: 1.3616  q_loss: 0.0022  reward_max: 0.9173  reward_mean: 0.0002  reward_min: -1.6113  state_cost_loss: 1.3617  value_loss: 0.4302
Step:  1600000  |  score: 109.39 ± 0.29  |  actor_loss: -2.0534  cost_loss: 1.3652  q_loss: 0.0022  reward_max: 0.8822  reward_mean: -0.0001  reward_min: -1.1076  state_cost_loss: 1.3665  value_loss: 0.4001
Step:  1610000  |  score: 108.62 ± 0.26  |  actor_loss: -1.7177  cost_loss: 1.3625  q_loss: 0.0017  reward_max: 0.4925  reward_mean: -0.0014  reward_min: -1.2221  state_cost_loss: 1.3625  value_loss: 0.4074
Step:  1620000  |  score: 108.71 ± 0.25  |  actor_loss: -1.6029  cost_loss: 1.3599  q_loss: 0.0023  reward_max: 1.2180  reward_mean: -0.0096  reward_min: -2.4104  state_cost_loss: 1.3597  value_loss: 0.4220
Step:  1630000  |  score: 108.52 ± 0.50  |  actor_loss: -1.7109  cost_loss: 1.3638  q_loss: 0.0016  reward_max: 0.7841  reward_mean: -0.0070  reward_min: -2.3212  state_cost_loss: 1.3644  value_loss: 0.4131
Step:  1640000  |  score: 108.86 ± 0.39  |  actor_loss: -1.6332  cost_loss: 1.3565  q_loss: 0.0039  reward_max: 0.6568  reward_mean: -0.0018  reward_min: -0.7284  state_cost_loss: 1.3559  value_loss: 0.4336
Step:  1650000  |  score: 108.79 ± 0.22  |  actor_loss: -1.7307  cost_loss: 1.3630  q_loss: 0.0023  reward_max: 0.3174  reward_mean: -0.0147  reward_min: -2.3060  state_cost_loss: 1.3666  value_loss: 0.4019
Step:  1660000  |  score: 108.51 ± 0.35  |  actor_loss: -1.7190  cost_loss: 1.3571  q_loss: 0.0045  reward_max: 0.9436  reward_mean: -0.0078  reward_min: -2.1314  state_cost_loss: 1.3584  value_loss: 0.4139
Step:  1670000  |  score: 109.18 ± 0.19  |  actor_loss: -1.8913  cost_loss: 1.3658  q_loss: 0.0022  reward_max: 0.8856  reward_mean: -0.0014  reward_min: -1.6675  state_cost_loss: 1.3658  value_loss: 0.4310
Step:  1680000  |  score: 108.70 ± 0.23  |  actor_loss: -1.9561  cost_loss: 1.3607  q_loss: 0.0021  reward_max: 0.5539  reward_mean: -0.0067  reward_min: -2.6859  state_cost_loss: 1.3625  value_loss: 0.4220
Step:  1690000  |  score: 99.70 ± 22.83  |  actor_loss: -1.8313  cost_loss: 1.3611  q_loss: 0.0020  reward_max: 0.4523  reward_mean: -0.0058  reward_min: -1.9920  state_cost_loss: 1.3626  value_loss: 0.4001
Step:  1700000  |  score: 108.22 ± 0.53  |  actor_loss: -1.7803  cost_loss: 1.3582  q_loss: 0.0023  reward_max: 1.0021  reward_mean: -0.0121  reward_min: -2.3527  state_cost_loss: 1.3613  value_loss: 0.4086
Step:  1710000  |  score: 109.21 ± 0.27  |  actor_loss: -1.7412  cost_loss: 1.3608  q_loss: 0.0018  reward_max: 0.3057  reward_mean: 0.0013  reward_min: -0.6979  state_cost_loss: 1.3608  value_loss: 0.4183
Step:  1720000  |  score: 109.20 ± 0.14  |  actor_loss: -1.8629  cost_loss: 1.3647  q_loss: 0.0013  reward_max: 0.3328  reward_mean: -0.0008  reward_min: -1.9432  state_cost_loss: 1.3650  value_loss: 0.4027
Step:  1730000  |  score: 109.23 ± 0.34  |  actor_loss: -1.6877  cost_loss: 1.3625  q_loss: 0.0025  reward_max: 0.4399  reward_mean: -0.0000  reward_min: -1.2227  state_cost_loss: 1.3636  value_loss: 0.4159
Step:  1740000  |  score: 108.85 ± 0.31  |  actor_loss: -2.1062  cost_loss: 1.3607  q_loss: 0.0026  reward_max: 1.0254  reward_mean: -0.0028  reward_min: -2.1882  state_cost_loss: 1.3608  value_loss: 0.4288
Step:  1750000  |  score: 108.39 ± 0.43  |  actor_loss: -1.7241  cost_loss: 1.3634  q_loss: 0.0017  reward_max: 0.8923  reward_mean: -0.0052  reward_min: -2.2865  state_cost_loss: 1.3640  value_loss: 0.4169
Step:  1760000  |  score: 108.48 ± 0.19  |  actor_loss: -1.0622  cost_loss: 1.3485  q_loss: 0.0027  reward_max: 0.7481  reward_mean: -0.0077  reward_min: -2.1630  state_cost_loss: 1.3489  value_loss: 0.4249
Step:  1770000  |  score: 108.87 ± 0.33  |  actor_loss: -1.8060  cost_loss: 1.3642  q_loss: 0.0022  reward_max: 0.4646  reward_mean: 0.0013  reward_min: -0.4097  state_cost_loss: 1.3642  value_loss: 0.4086
Step:  1780000  |  score: 108.58 ± 0.25  |  actor_loss: -1.5230  cost_loss: 1.3561  q_loss: 0.0023  reward_max: 0.5456  reward_mean: -0.0076  reward_min: -1.9018  state_cost_loss: 1.3598  value_loss: 0.3905
Step:  1790000  |  score: 108.62 ± 0.38  |  actor_loss: -1.7178  cost_loss: 1.3589  q_loss: 0.0021  reward_max: 0.8442  reward_mean: 0.0044  reward_min: -0.3469  state_cost_loss: 1.3589  value_loss: 0.4113
Step:  1800000  |  score: 108.85 ± 0.24  |  actor_loss: -1.5681  cost_loss: 1.3559  q_loss: 0.0020  reward_max: 0.3441  reward_mean: -0.0048  reward_min: -1.0389  state_cost_loss: 1.3569  value_loss: 0.3814
Step:  1810000  |  score: 107.95 ± 0.27  |  actor_loss: -2.3445  cost_loss: 1.3698  q_loss: 0.0011  reward_max: 0.9928  reward_mean: 0.0035  reward_min: -0.5091  state_cost_loss: 1.3689  value_loss: 0.4157
Step:  1820000  |  score: 108.45 ± 0.33  |  actor_loss: -1.7382  cost_loss: 1.3619  q_loss: 0.0020  reward_max: 0.7673  reward_mean: -0.0084  reward_min: -2.4130  state_cost_loss: 1.3627  value_loss: 0.4124
Step:  1830000  |  score: 108.58 ± 0.28  |  actor_loss: -1.9053  cost_loss: 1.3676  q_loss: 0.0014  reward_max: 0.3693  reward_mean: -0.0052  reward_min: -2.0966  state_cost_loss: 1.3682  value_loss: 0.4201
Step:  1840000  |  score: 108.64 ± 0.24  |  actor_loss: -1.6779  cost_loss: 1.3608  q_loss: 0.0021  reward_max: 0.5547  reward_mean: -0.0015  reward_min: -1.5283  state_cost_loss: 1.3621  value_loss: 0.4166
Step:  1850000  |  score: 108.99 ± 0.27  |  actor_loss: -2.0947  cost_loss: 1.3639  q_loss: 0.0018  reward_max: 0.8216  reward_mean: -0.0072  reward_min: -2.2835  state_cost_loss: 1.3650  value_loss: 0.4190
Step:  1860000  |  score: 108.77 ± 0.36  |  actor_loss: -2.0293  cost_loss: 1.3693  q_loss: 0.0022  reward_max: 0.8482  reward_mean: 0.0025  reward_min: -0.8590  state_cost_loss: 1.3690  value_loss: 0.4174
Step:  1870000  |  score: 107.74 ± 0.93  |  actor_loss: -2.2011  cost_loss: 1.3654  q_loss: 0.0019  reward_max: 0.4294  reward_mean: -0.0072  reward_min: -2.3661  state_cost_loss: 1.3677  value_loss: 0.4140
Step:  1880000  |  score: 108.46 ± 0.58  |  actor_loss: -1.9265  cost_loss: 1.3700  q_loss: 0.0014  reward_max: 0.2328  reward_mean: -0.0067  reward_min: -1.7239  state_cost_loss: 1.3701  value_loss: 0.4221
Step:  1890000  |  score: 108.19 ± 0.56  |  actor_loss: -1.9721  cost_loss: 1.3670  q_loss: 0.0037  reward_max: 0.8629  reward_mean: -0.0080  reward_min: -2.3060  state_cost_loss: 1.3674  value_loss: 0.4097
Step:  1900000  |  score: 97.85 ± 24.78  |  actor_loss: -1.4233  cost_loss: 1.3533  q_loss: 0.0036  reward_max: 0.5677  reward_mean: -0.0100  reward_min: -1.9548  state_cost_loss: 1.3559  value_loss: 0.4122
Step:  1910000  |  score: 108.72 ± 0.22  |  actor_loss: -1.5625  cost_loss: 1.3609  q_loss: 0.0019  reward_max: 0.5995  reward_mean: -0.0010  reward_min: -1.2067  state_cost_loss: 1.3611  value_loss: 0.4101
Step:  1920000  |  score: 108.89 ± 0.32  |  actor_loss: -1.9783  cost_loss: 1.3723  q_loss: 0.0011  reward_max: 0.8857  reward_mean: 0.0016  reward_min: -0.4651  state_cost_loss: 1.3725  value_loss: 0.4116
Step:  1930000  |  score: 108.81 ± 0.26  |  actor_loss: -1.5686  cost_loss: 1.3606  q_loss: 0.0027  reward_max: 1.0337  reward_mean: -0.0059  reward_min: -1.6200  state_cost_loss: 1.3611  value_loss: 0.4013
Step:  1940000  |  score: 108.47 ± 0.60  |  actor_loss: -2.2820  cost_loss: 1.3705  q_loss: 0.0014  reward_max: 0.4961  reward_mean: 0.0001  reward_min: -0.6228  state_cost_loss: 1.3724  value_loss: 0.4136
Step:  1950000  |  score: 108.09 ± 0.64  |  actor_loss: -2.0377  cost_loss: 1.3671  q_loss: 0.0025  reward_max: 1.1129  reward_mean: 0.0030  reward_min: -1.7345  state_cost_loss: 1.3662  value_loss: 0.4310
Step:  1960000  |  score: 109.34 ± 0.37  |  actor_loss: -1.6703  cost_loss: 1.3587  q_loss: 0.0024  reward_max: 0.9942  reward_mean: -0.0049  reward_min: -2.1239  state_cost_loss: 1.3602  value_loss: 0.4177
Step:  1970000  |  score: 108.74 ± 0.36  |  actor_loss: -1.4836  cost_loss: 1.3541  q_loss: 0.0032  reward_max: 0.4154  reward_mean: -0.0045  reward_min: -1.9775  state_cost_loss: 1.3562  value_loss: 0.4255
Step:  1980000  |  score: 108.99 ± 0.21  |  actor_loss: -1.4366  cost_loss: 1.3631  q_loss: 0.0015  reward_max: 1.0184  reward_mean: 0.0011  reward_min: -0.5312  state_cost_loss: 1.3622  value_loss: 0.4199
Step:  1990000  |  score: 108.34 ± 0.36  |  actor_loss: -1.7223  cost_loss: 1.3560  q_loss: 0.0025  reward_max: 0.6434  reward_mean: -0.0097  reward_min: -2.3718  state_cost_loss: 1.3583  value_loss: 0.4237
Step:  2000000  |  score: 108.67 ± 0.22  |  actor_loss: -1.8616  cost_loss: 1.3660  q_loss: 0.0017  reward_max: 0.4666  reward_mean: -0.0031  reward_min: -1.4917  state_cost_loss: 1.3668  value_loss: 0.4089
Final evaluation (13 iterations)...
Final score: 108.50 ± 0.40
wandb: WARNING Symlinked 1 file into the W&B run directory; call wandb.save again to sync new files.
wandb: updating run metadata
wandb: uploading wandb-summary.json; uploading config.yaml; uploading final_returns/cdemodice_walker2d-expert-v2_2026-03-18_20-37-31.npz; uploading output.log
wandb: uploading wandb-summary.json; uploading config.yaml; uploading output.log
wandb: uploading summary, console lines 214-215
wandb: 
wandb: Run history:
wandb:  actor_loss █▇▆▅▄▃▆▅▃▃▃▂▅▄▂▆▆▃▄▃▄▄▃▅▅▃▃▃▂▄▃▃▃▆▃▃▂▂▁▅
wandb:   cost_loss ▃▃▃▃▄▃▂▄▄▄▂▇▄▃▁▅▄▃▃▅▄▂▅▃▇█▄▃▅▅▄▅▃▅▂▃▃▃▅▃
wandb: num_updates ▁▁▁▁▁▂▂▂▂▂▂▂▂▃▃▃▄▄▄▅▅▅▅▅▅▆▆▆▆▆▇▇▇▇▇▇▇▇██
wandb:      q_loss ▇▃▄▄█▄▄▂▃▃▁█▃▄▁▆▄▃▃▃▁▃▄▄▂▂▂▃▄▁▃▃▂▂▃▃▃▃▃▃
wandb:      return ██▇█▁▇████▇███████▇▇▇██▇▇███▇██▇████▇█▇█
wandb:  reward_max ▃▄▅▆▅▃▅▅█▅▃▄▅▄▄▄▁▅▁▅▇▁▄▄▆▆▃▃▃▅▄▅▃▂▃▃▅▃▅▃
wandb: reward_mean ▁▄▆▂▆▅▂▅▅▃▄▄▄▆▆▅▄▂▃█▇▆▄▅▅▅▅▆▅▄▅▃▄▂▄▄▄▃▄▅
wandb:  reward_min ▃▃▃▆▂▂▄▄▄▇▃▂▂▆▂▇▆▄█▂▅▁▃▂▄▄▃▂█▂▅▂▂▅▂▂▂▂▂▄
wandb:       score █▄▁▆▆▄▆▅▁▆▆▇▅▅▆▆▇▆▅▆▅▄▃▅▄▇█▆▆▄▅▆▆▆▆▄▇▄▅▆
wandb:   score_std ▂▁▁▁▁█▁▁▁▁▁▁▁▁▁▁▁▁▁▁▁▁▁▁▁▁▁▁▁▁▁▁▁▁▁▁▁▁▁▁
wandb:          +2 ...
wandb: 
wandb: Run summary:
wandb:  actor_loss -1.8616
wandb:   cost_loss 1.36605
wandb: num_updates 2000000
wandb:      q_loss 0.00168
wandb:      return 4990.24598
wandb:  reward_max 0.46657
wandb: reward_mean -0.0031
wandb:  reward_min -1.49174
wandb:       score 108.66858
wandb:   score_std 0.22204
wandb:          +2 ...
wandb: 
wandb: 🚀 View run cdemodice_walker2d_M3_s1 at: https://wandb.ai/wsk208/DemoDICE/runs/fty0jk37
wandb: ⭐️ View project at: https://wandb.ai/wsk208/DemoDICE
wandb: Synced 5 W&B file(s), 0 media file(s), 0 artifact file(s) and 1 other file(s)
wandb: Find logs at: ./wandb/run-20260318_200505-fty0jk37/logs
