Warning: All of online environments libraries in D4RL have been moved ]8;;https://github.com/Farama-Foundation/Gymnasium\Gymnasium]8;;\, ]8;;https://github.com/Farama-Foundation/MiniGrid\MiniGrid]8;;\ and ]8;;https://github.com/Farama-Foundation/Gymnasium-Robotics\Gymnasium-Robotics]8;;\, and all offline datasets in D4RL have been moved to ]8;;https://github.com/Farama-Foundation/Minari\Minari]8;;\.
These new versions include large bug fixes, new versions of Python, and are where all new development will continue. Please upgrade these libraries as soon as you're able to do so.
If you'd like to read more about the story behind this switch, please check out ]8;;https://farama.org/Announcing-Minari\this blog post]8;;\.
Gym has been unmaintained since 2022 and does not support NumPy 2.0 amongst other critical functionality.
Please upgrade to Gymnasium, the maintained drop-in replacement of Gym, or contact the authors of your software and request that they upgrade.
See the migration guide at https://gymnasium.farama.org/introduction/migration_guide/ for additional information.
/opt/venv/lib/python3.10/site-packages/Cython/Distutils/old_build_ext.py:15: DeprecationWarning: dep_util is Deprecated. Use functions from setuptools instead.
  from distutils.dep_util import newer, newer_group
<frozen importlib._bootstrap>:283: DeprecationWarning: the load_module() method is deprecated and slated for removal in Python 3.12; use exec_module() instead
pybullet build time: Jan 29 2025 23:16:28
wandb: [wandb.login()] Loaded credentials for https://api.wandb.ai from /root/.netrc.
wandb: Currently logged in as: wsk208 to https://api.wandb.ai. Use `wandb login --relogin` to force relogin
/opt/venv/lib/python3.10/site-packages/wandb/analytics/sentry.py:268: DeprecationWarning: Read the `app_url` setting from the appropriate Settings object.
  app_url = wandb.util.app_url(tags["base_url"])  # type: ignore[index]
/opt/venv/lib/python3.10/site-packages/wandb/analytics/sentry.py:279: DeprecationWarning: The `Scope.user` setter is deprecated in favor of `Scope.set_user()`.
  self.scope.user = {"email": email}
wandb: setting up run rf9znx2r
/opt/venv/lib/python3.10/site-packages/wandb/analytics/sentry.py:268: DeprecationWarning: Read the `app_url` setting from the appropriate Settings object.
  app_url = wandb.util.app_url(tags["base_url"])  # type: ignore[index]
/opt/venv/lib/python3.10/site-packages/wandb/analytics/sentry.py:279: DeprecationWarning: The `Scope.user` setter is deprecated in favor of `Scope.set_user()`.
  self.scope.user = {"email": email}
wandb: Tracking run with wandb version 0.25.1
wandb: Run data is saved locally in /app/wandb/run-20260318_203807-rf9znx2r
wandb: Run `wandb offline` to turn off syncing.
wandb: Syncing run cdemodice_walker2d_M4_s0
wandb: ⭐️ View project at https://wandb.ai/wsk208/DemoDICE
wandb: 🚀 View run at https://wandb.ai/wsk208/DemoDICE/runs/rf9znx2r
/opt/venv/lib/python3.10/site-packages/gym/spaces/box.py:84: UserWarning: [33mWARN: Box bound precision lowered by casting to float32[0m
  logger.warn(f"Box bound precision lowered by casting to {self.dtype}")
load datafile:   0%|          | 0/21 [00:00<?, ?it/s]load datafile:   5%|▍         | 1/21 [00:00<00:03,  5.72it/s]load datafile:  14%|█▍        | 3/21 [00:00<00:03,  5.21it/s]load datafile:  19%|█▉        | 4/21 [00:00<00:04,  4.00it/s]load datafile:  81%|████████  | 17/21 [00:01<00:00, 15.31it/s]load datafile:  90%|█████████ | 19/21 [00:01<00:00, 10.63it/s]load datafile: 100%|██████████| 21/21 [00:01<00:00, 11.03it/s]
Expert  :  999000 transitions  (walker2d-expert-v2, 100 traj)
load datafile:   0%|          | 0/9 [00:00<?, ?it/s]load datafile:  11%|█         | 1/9 [00:00<00:01,  6.41it/s]load datafile:  33%|███▎      | 3/9 [00:00<00:01,  5.54it/s]load datafile:  44%|████▍     | 4/9 [00:00<00:01,  4.14it/s]load datafile:  56%|█████▌    | 5/9 [00:01<00:01,  3.20it/s]load datafile:  67%|██████▋   | 6/9 [00:01<00:01,  2.78it/s]load datafile: 100%|██████████| 9/9 [00:01<00:00,  4.91it/s]
Imperfect:   31801 transitions  (walker2d-random-v2, 1600 traj)
Union   : 1030801 transitions total
/root/.local/share/uv/python/cpython-3.10-linux-x86_64-gnu/lib/python3.10/multiprocessing/popen_fork.py:66: RuntimeWarning: os.fork() was called. os.fork() is incompatible with multithreaded code, and JAX is multithreaded, so this will likely lead to a deadlock.
  self.pid = os.fork()
/opt/venv/lib/python3.10/site-packages/tensorflow_probability/python/internal/backend/jax/ops.py:681: DeprecationWarning: jax.interpreters.xla.pytype_aval_mappings is deprecated.
  jax.interpreters.xla.pytype_aval_mappings[onp.ndarray])
/opt/venv/lib/python3.10/site-packages/gym/spaces/box.py:84: UserWarning: [33mWARN: Box bound precision lowered by casting to float32[0m
  logger.warn(f"Box bound precision lowered by casting to {self.dtype}")
Step:    10000  |  score: 18.08 ± 14.86  |  actor_loss: 3.9588  cost_loss: 1.3693  q_loss: 0.0097  reward_max: 0.6083  reward_mean: 0.0046  reward_min: -0.9961  state_cost_loss: 1.3687  value_loss: -0.1231
Step:    20000  |  score: 0.00 ± 0.00  |  actor_loss: 2.4371  cost_loss: 1.3652  q_loss: 0.0137  reward_max: 0.4566  reward_mean: -0.0182  reward_min: -1.4191  state_cost_loss: 1.3639  value_loss: -0.0109
Step:    30000  |  score: 0.01 ± 0.00  |  actor_loss: 1.0244  cost_loss: 1.3734  q_loss: 0.0056  reward_max: 0.9120  reward_mean: -0.0023  reward_min: -1.4727  state_cost_loss: 1.3776  value_loss: 0.0356
Step:    40000  |  score: 108.07 ± 2.44  |  actor_loss: -0.1915  cost_loss: 1.3636  q_loss: 0.0034  reward_max: 0.9158  reward_mean: -0.0030  reward_min: -1.8002  state_cost_loss: 1.3655  value_loss: 0.0872
Step:    50000  |  score: 108.04 ± 0.48  |  actor_loss: -0.9852  cost_loss: 1.3698  q_loss: 0.0036  reward_max: 0.9643  reward_mean: 0.0040  reward_min: -1.0627  state_cost_loss: 1.3708  value_loss: 0.1449
Step:    60000  |  score: 109.38 ± 0.22  |  actor_loss: -1.2065  cost_loss: 1.3652  q_loss: 0.0035  reward_max: 0.7981  reward_mean: -0.0017  reward_min: -1.2805  state_cost_loss: 1.3678  value_loss: 0.2004
Step:    70000  |  score: 108.97 ± 0.41  |  actor_loss: -1.2472  cost_loss: 1.3636  q_loss: 0.0026  reward_max: 0.7179  reward_mean: -0.0077  reward_min: -1.3603  state_cost_loss: 1.3677  value_loss: 0.2300
Step:    80000  |  score: 108.87 ± 0.10  |  actor_loss: -1.1942  cost_loss: 1.3593  q_loss: 0.0056  reward_max: 0.9921  reward_mean: -0.0087  reward_min: -1.6310  state_cost_loss: 1.3599  value_loss: 0.2352
Step:    90000  |  score: 108.92 ± 0.19  |  actor_loss: -0.8737  cost_loss: 1.3554  q_loss: 0.0049  reward_max: 0.5031  reward_mean: -0.0053  reward_min: -1.8087  state_cost_loss: 1.3576  value_loss: 0.2830
Step:   100000  |  score: 109.10 ± 0.11  |  actor_loss: -0.9545  cost_loss: 1.3585  q_loss: 0.0030  reward_max: 0.7498  reward_mean: -0.0063  reward_min: -2.1898  state_cost_loss: 1.3593  value_loss: 0.3058
Step:   110000  |  score: 108.24 ± 0.67  |  actor_loss: -1.3172  cost_loss: 1.3622  q_loss: 0.0041  reward_max: 0.6161  reward_mean: -0.0044  reward_min: -1.5067  state_cost_loss: 1.3637  value_loss: 0.2994
Step:   120000  |  score: 108.92 ± 0.28  |  actor_loss: -0.5502  cost_loss: 1.3523  q_loss: 0.0075  reward_max: 1.1881  reward_mean: -0.0061  reward_min: -1.7283  state_cost_loss: 1.3537  value_loss: 0.3085
Step:   130000  |  score: 108.55 ± 0.21  |  actor_loss: -1.3434  cost_loss: 1.3641  q_loss: 0.0035  reward_max: 1.0423  reward_mean: 0.0053  reward_min: -0.4300  state_cost_loss: 1.3639  value_loss: 0.3338
Step:   140000  |  score: 108.50 ± 0.23  |  actor_loss: -0.8369  cost_loss: 1.3518  q_loss: 0.0048  reward_max: 0.7692  reward_mean: -0.0175  reward_min: -1.8986  state_cost_loss: 1.3539  value_loss: 0.3425
Step:   150000  |  score: 108.99 ± 0.56  |  actor_loss: -1.2171  cost_loss: 1.3646  q_loss: 0.0043  reward_max: 0.4250  reward_mean: -0.0054  reward_min: -1.1003  state_cost_loss: 1.3662  value_loss: 0.3174
Step:   160000  |  score: 108.44 ± 0.70  |  actor_loss: -0.9394  cost_loss: 1.3518  q_loss: 0.0055  reward_max: 0.9367  reward_mean: -0.0100  reward_min: -1.5316  state_cost_loss: 1.3529  value_loss: 0.3574
Step:   170000  |  score: 108.48 ± 0.19  |  actor_loss: -1.1722  cost_loss: 1.3538  q_loss: 0.0037  reward_max: 1.0652  reward_mean: -0.0040  reward_min: -2.0186  state_cost_loss: 1.3531  value_loss: 0.3615
Step:   180000  |  score: 108.44 ± 0.27  |  actor_loss: -1.4576  cost_loss: 1.3645  q_loss: 0.0037  reward_max: 0.8934  reward_mean: -0.0151  reward_min: -2.1363  state_cost_loss: 1.3654  value_loss: 0.3718
Step:   190000  |  score: 108.75 ± 0.23  |  actor_loss: -1.3480  cost_loss: 1.3579  q_loss: 0.0029  reward_max: 0.3721  reward_mean: -0.0004  reward_min: -1.6597  state_cost_loss: 1.3577  value_loss: 0.3901
Step:   200000  |  score: 108.53 ± 0.16  |  actor_loss: -1.8233  cost_loss: 1.3679  q_loss: 0.0041  reward_max: 0.7040  reward_mean: -0.0019  reward_min: -1.7830  state_cost_loss: 1.3672  value_loss: 0.3893
Step:   210000  |  score: 108.48 ± 0.28  |  actor_loss: -1.0127  cost_loss: 1.3570  q_loss: 0.0051  reward_max: 0.8363  reward_mean: -0.0020  reward_min: -1.7075  state_cost_loss: 1.3590  value_loss: 0.3811
Step:   220000  |  score: 109.57 ± 0.22  |  actor_loss: -1.5789  cost_loss: 1.3674  q_loss: 0.0022  reward_max: 0.8887  reward_mean: 0.0016  reward_min: -1.7614  state_cost_loss: 1.3670  value_loss: 0.3947
Step:   230000  |  score: 109.16 ± 0.16  |  actor_loss: -1.4590  cost_loss: 1.3679  q_loss: 0.0016  reward_max: 0.8191  reward_mean: 0.0011  reward_min: -1.2483  state_cost_loss: 1.3704  value_loss: 0.3985
Step:   240000  |  score: 108.50 ± 0.32  |  actor_loss: -1.8534  cost_loss: 1.3704  q_loss: 0.0021  reward_max: 0.7511  reward_mean: 0.0055  reward_min: -1.3198  state_cost_loss: 1.3728  value_loss: 0.4069
Step:   250000  |  score: 108.78 ± 0.14  |  actor_loss: -1.3114  cost_loss: 1.3544  q_loss: 0.0046  reward_max: 0.4034  reward_mean: -0.0116  reward_min: -2.6615  state_cost_loss: 1.3558  value_loss: 0.3996
Step:   260000  |  score: 108.92 ± 0.27  |  actor_loss: -1.7457  cost_loss: 1.3695  q_loss: 0.0019  reward_max: 0.6572  reward_mean: 0.0056  reward_min: -1.0204  state_cost_loss: 1.3695  value_loss: 0.4154
Step:   270000  |  score: 109.01 ± 0.12  |  actor_loss: -1.4629  cost_loss: 1.3622  q_loss: 0.0067  reward_max: 0.9348  reward_mean: -0.0056  reward_min: -1.3560  state_cost_loss: 1.3624  value_loss: 0.3985
Step:   280000  |  score: 108.85 ± 0.24  |  actor_loss: -1.7425  cost_loss: 1.3654  q_loss: 0.0018  reward_max: 0.9526  reward_mean: -0.0008  reward_min: -1.3493  state_cost_loss: 1.3651  value_loss: 0.4212
Step:   290000  |  score: 108.25 ± 0.35  |  actor_loss: -0.9762  cost_loss: 1.3543  q_loss: 0.0049  reward_max: 1.1006  reward_mean: 0.0054  reward_min: -1.3541  state_cost_loss: 1.3557  value_loss: 0.4242
Step:   300000  |  score: 108.99 ± 0.34  |  actor_loss: -0.8329  cost_loss: 1.3508  q_loss: 0.0039  reward_max: 0.6449  reward_mean: -0.0081  reward_min: -1.9983  state_cost_loss: 1.3517  value_loss: 0.4231
Step:   310000  |  score: 108.43 ± 0.28  |  actor_loss: -1.4532  cost_loss: 1.3591  q_loss: 0.0039  reward_max: 0.5113  reward_mean: -0.0056  reward_min: -0.9510  state_cost_loss: 1.3594  value_loss: 0.4313
Step:   320000  |  score: 108.15 ± 0.71  |  actor_loss: -1.6096  cost_loss: 1.3619  q_loss: 0.0041  reward_max: 0.6970  reward_mean: -0.0034  reward_min: -1.7387  state_cost_loss: 1.3618  value_loss: 0.4071
Step:   330000  |  score: 108.41 ± 0.72  |  actor_loss: -1.7498  cost_loss: 1.3674  q_loss: 0.0027  reward_max: 1.0990  reward_mean: -0.0041  reward_min: -1.4932  state_cost_loss: 1.3687  value_loss: 0.4151
Step:   340000  |  score: 108.35 ± 0.39  |  actor_loss: -1.1241  cost_loss: 1.3639  q_loss: 0.0040  reward_max: 1.1465  reward_mean: -0.0041  reward_min: -1.1598  state_cost_loss: 1.3641  value_loss: 0.3942
Step:   350000  |  score: 108.52 ± 0.11  |  actor_loss: -1.4567  cost_loss: 1.3610  q_loss: 0.0039  reward_max: 0.8865  reward_mean: -0.0107  reward_min: -2.2111  state_cost_loss: 1.3635  value_loss: 0.4242
Step:   360000  |  score: 89.09 ± 32.32  |  actor_loss: -1.8031  cost_loss: 1.3656  q_loss: 0.0015  reward_max: 0.9644  reward_mean: -0.0116  reward_min: -2.5814  state_cost_loss: 1.3662  value_loss: 0.4237
Step:   370000  |  score: 98.63 ± 25.28  |  actor_loss: -1.7339  cost_loss: 1.3681  q_loss: 0.0016  reward_max: 0.6014  reward_mean: -0.0079  reward_min: -2.1111  state_cost_loss: 1.3684  value_loss: 0.4095
Step:   380000  |  score: 108.56 ± 0.39  |  actor_loss: -1.6132  cost_loss: 1.3636  q_loss: 0.0044  reward_max: 0.5957  reward_mean: -0.0105  reward_min: -1.8981  state_cost_loss: 1.3679  value_loss: 0.4239
Step:   390000  |  score: 109.10 ± 0.27  |  actor_loss: -1.4448  cost_loss: 1.3607  q_loss: 0.0027  reward_max: 0.8128  reward_mean: -0.0079  reward_min: -2.3607  state_cost_loss: 1.3621  value_loss: 0.4344
Step:   400000  |  score: 108.54 ± 0.07  |  actor_loss: -1.5160  cost_loss: 1.3595  q_loss: 0.0039  reward_max: 0.9185  reward_mean: -0.0018  reward_min: -1.9686  state_cost_loss: 1.3600  value_loss: 0.4497
Step:   410000  |  score: 108.93 ± 0.28  |  actor_loss: -1.6156  cost_loss: 1.3674  q_loss: 0.0033  reward_max: 0.9687  reward_mean: -0.0061  reward_min: -1.8586  state_cost_loss: 1.3680  value_loss: 0.4303
Step:   420000  |  score: 108.60 ± 0.27  |  actor_loss: -2.0145  cost_loss: 1.3689  q_loss: 0.0013  reward_max: 0.5450  reward_mean: -0.0048  reward_min: -2.0962  state_cost_loss: 1.3701  value_loss: 0.4578
Step:   430000  |  score: 108.26 ± 0.36  |  actor_loss: -1.0612  cost_loss: 1.3538  q_loss: 0.0035  reward_max: 0.7351  reward_mean: -0.0078  reward_min: -2.2854  state_cost_loss: 1.3548  value_loss: 0.4348
Step:   440000  |  score: 107.88 ± 0.83  |  actor_loss: -1.5654  cost_loss: 1.3622  q_loss: 0.0025  reward_max: 0.3867  reward_mean: -0.0087  reward_min: -2.0567  state_cost_loss: 1.3645  value_loss: 0.4284
Step:   450000  |  score: 108.09 ± 0.40  |  actor_loss: -1.5750  cost_loss: 1.3601  q_loss: 0.0025  reward_max: 1.0705  reward_mean: -0.0073  reward_min: -2.2503  state_cost_loss: 1.3617  value_loss: 0.4561
Step:   460000  |  score: 108.86 ± 0.33  |  actor_loss: -1.3352  cost_loss: 1.3550  q_loss: 0.0035  reward_max: 0.8517  reward_mean: -0.0035  reward_min: -1.3857  state_cost_loss: 1.3560  value_loss: 0.4443
Step:   470000  |  score: 108.53 ± 0.69  |  actor_loss: -0.9847  cost_loss: 1.3489  q_loss: 0.0029  reward_max: 0.9982  reward_mean: -0.0065  reward_min: -2.0851  state_cost_loss: 1.3499  value_loss: 0.4572
Step:   480000  |  score: 108.03 ± 0.39  |  actor_loss: -1.7140  cost_loss: 1.3618  q_loss: 0.0027  reward_max: 0.9088  reward_mean: -0.0038  reward_min: -0.8005  state_cost_loss: 1.3625  value_loss: 0.4535
Step:   490000  |  score: 108.99 ± 0.14  |  actor_loss: -1.5596  cost_loss: 1.3592  q_loss: 0.0032  reward_max: 0.5448  reward_mean: -0.0044  reward_min: -2.0717  state_cost_loss: 1.3620  value_loss: 0.4386
Step:   500000  |  score: 108.37 ± 0.33  |  actor_loss: -1.5548  cost_loss: 1.3661  q_loss: 0.0021  reward_max: 0.9822  reward_mean: 0.0004  reward_min: -2.1654  state_cost_loss: 1.3667  value_loss: 0.4472
Step:   510000  |  score: 107.94 ± 0.22  |  actor_loss: -1.6604  cost_loss: 1.3610  q_loss: 0.0038  reward_max: 0.8599  reward_mean: -0.0052  reward_min: -1.9420  state_cost_loss: 1.3608  value_loss: 0.4384
Step:   520000  |  score: 109.04 ± 0.26  |  actor_loss: -1.4763  cost_loss: 1.3589  q_loss: 0.0023  reward_max: 1.0163  reward_mean: -0.0106  reward_min: -1.8645  state_cost_loss: 1.3581  value_loss: 0.4551
Step:   530000  |  score: 108.93 ± 0.16  |  actor_loss: -1.5454  cost_loss: 1.3604  q_loss: 0.0033  reward_max: 0.5637  reward_mean: -0.0062  reward_min: -1.7721  state_cost_loss: 1.3609  value_loss: 0.4393
Step:   540000  |  score: 108.11 ± 0.36  |  actor_loss: -1.6894  cost_loss: 1.3624  q_loss: 0.0024  reward_max: 0.8284  reward_mean: 0.0020  reward_min: -1.0820  state_cost_loss: 1.3644  value_loss: 0.4438
Step:   550000  |  score: 108.71 ± 0.25  |  actor_loss: -1.6760  cost_loss: 1.3664  q_loss: 0.0024  reward_max: 0.5603  reward_mean: -0.0148  reward_min: -2.2380  state_cost_loss: 1.3686  value_loss: 0.4347
Step:   560000  |  score: 108.24 ± 0.38  |  actor_loss: -1.4868  cost_loss: 1.3544  q_loss: 0.0037  reward_max: 1.1688  reward_mean: -0.0156  reward_min: -2.4820  state_cost_loss: 1.3567  value_loss: 0.4207
Step:   570000  |  score: 109.33 ± 0.28  |  actor_loss: -1.7067  cost_loss: 1.3709  q_loss: 0.0020  reward_max: 0.9210  reward_mean: -0.0032  reward_min: -1.7635  state_cost_loss: 1.3699  value_loss: 0.4397
Step:   580000  |  score: 108.54 ± 0.30  |  actor_loss: -1.5079  cost_loss: 1.3588  q_loss: 0.0026  reward_max: 0.9364  reward_mean: 0.0015  reward_min: -2.2612  state_cost_loss: 1.3596  value_loss: 0.4394
Step:   590000  |  score: 108.73 ± 0.16  |  actor_loss: -1.6529  cost_loss: 1.3663  q_loss: 0.0023  reward_max: 1.1443  reward_mean: 0.0026  reward_min: -1.0361  state_cost_loss: 1.3660  value_loss: 0.4492
Step:   600000  |  score: 108.45 ± 0.34  |  actor_loss: -1.5946  cost_loss: 1.3604  q_loss: 0.0024  reward_max: 0.9089  reward_mean: 0.0015  reward_min: -1.7940  state_cost_loss: 1.3592  value_loss: 0.4241
Step:   610000  |  score: 108.24 ± 0.25  |  actor_loss: -1.8193  cost_loss: 1.3630  q_loss: 0.0016  reward_max: 0.8692  reward_mean: -0.0011  reward_min: -1.4796  state_cost_loss: 1.3632  value_loss: 0.4552
Step:   620000  |  score: 108.61 ± 0.27  |  actor_loss: -1.8078  cost_loss: 1.3617  q_loss: 0.0017  reward_max: 0.3863  reward_mean: -0.0101  reward_min: -1.7141  state_cost_loss: 1.3634  value_loss: 0.4466
Step:   630000  |  score: 108.97 ± 0.39  |  actor_loss: -1.5271  cost_loss: 1.3575  q_loss: 0.0025  reward_max: 0.9222  reward_mean: 0.0060  reward_min: -0.5730  state_cost_loss: 1.3570  value_loss: 0.4673
Step:   640000  |  score: 109.28 ± 0.24  |  actor_loss: -1.7571  cost_loss: 1.3644  q_loss: 0.0012  reward_max: 0.2314  reward_mean: -0.0112  reward_min: -2.3247  state_cost_loss: 1.3655  value_loss: 0.4526
Step:   650000  |  score: 108.21 ± 0.34  |  actor_loss: -1.1642  cost_loss: 1.3548  q_loss: 0.0026  reward_max: 0.6993  reward_mean: -0.0076  reward_min: -1.9613  state_cost_loss: 1.3558  value_loss: 0.4526
Step:   660000  |  score: 108.83 ± 0.31  |  actor_loss: -1.8695  cost_loss: 1.3705  q_loss: 0.0015  reward_max: 0.5440  reward_mean: -0.0018  reward_min: -1.9947  state_cost_loss: 1.3710  value_loss: 0.4448
Step:   670000  |  score: 108.79 ± 0.10  |  actor_loss: -1.4885  cost_loss: 1.3649  q_loss: 0.0025  reward_max: 0.3896  reward_mean: 0.0009  reward_min: -0.7215  state_cost_loss: 1.3651  value_loss: 0.4669
Step:   680000  |  score: 108.14 ± 0.44  |  actor_loss: -1.8053  cost_loss: 1.3663  q_loss: 0.0025  reward_max: 0.6430  reward_mean: -0.0045  reward_min: -2.0031  state_cost_loss: 1.3688  value_loss: 0.4578
Step:   690000  |  score: 108.63 ± 0.67  |  actor_loss: -1.6980  cost_loss: 1.3683  q_loss: 0.0035  reward_max: 0.1424  reward_mean: -0.0049  reward_min: -1.4876  state_cost_loss: 1.3684  value_loss: 0.4542
Step:   700000  |  score: 108.15 ± 0.39  |  actor_loss: -1.4512  cost_loss: 1.3588  q_loss: 0.0030  reward_max: 0.5441  reward_mean: -0.0191  reward_min: -2.0125  state_cost_loss: 1.3603  value_loss: 0.4399
Step:   710000  |  score: 108.86 ± 0.27  |  actor_loss: -1.7997  cost_loss: 1.3657  q_loss: 0.0017  reward_max: 0.9731  reward_mean: -0.0005  reward_min: -1.2008  state_cost_loss: 1.3673  value_loss: 0.4703
Step:   720000  |  score: 108.24 ± 0.38  |  actor_loss: -1.4809  cost_loss: 1.3549  q_loss: 0.0016  reward_max: 0.6499  reward_mean: -0.0097  reward_min: -2.1033  state_cost_loss: 1.3560  value_loss: 0.4518
Step:   730000  |  score: 108.81 ± 0.30  |  actor_loss: -1.8297  cost_loss: 1.3683  q_loss: 0.0014  reward_max: 0.9515  reward_mean: 0.0031  reward_min: -1.8006  state_cost_loss: 1.3669  value_loss: 0.4569
Step:   740000  |  score: 108.80 ± 0.34  |  actor_loss: -1.5604  cost_loss: 1.3600  q_loss: 0.0030  reward_max: 0.6631  reward_mean: -0.0114  reward_min: -2.2335  state_cost_loss: 1.3616  value_loss: 0.4654
Step:   750000  |  score: 108.12 ± 0.72  |  actor_loss: -2.0050  cost_loss: 1.3641  q_loss: 0.0034  reward_max: 0.9266  reward_mean: 0.0022  reward_min: -1.0733  state_cost_loss: 1.3630  value_loss: 0.4745
Step:   760000  |  score: 108.74 ± 0.18  |  actor_loss: -1.7214  cost_loss: 1.3657  q_loss: 0.0016  reward_max: 0.2966  reward_mean: -0.0070  reward_min: -2.0172  state_cost_loss: 1.3671  value_loss: 0.4771
Step:   770000  |  score: 108.24 ± 0.25  |  actor_loss: -1.7041  cost_loss: 1.3610  q_loss: 0.0039  reward_max: 0.4275  reward_mean: -0.0101  reward_min: -2.2822  state_cost_loss: 1.3615  value_loss: 0.4604
Step:   780000  |  score: 107.61 ± 0.61  |  actor_loss: -1.5650  cost_loss: 1.3629  q_loss: 0.0016  reward_max: 0.7688  reward_mean: -0.0118  reward_min: -3.0690  state_cost_loss: 1.3637  value_loss: 0.4659
Step:   790000  |  score: 108.54 ± 0.38  |  actor_loss: -1.2132  cost_loss: 1.3523  q_loss: 0.0024  reward_max: 0.6401  reward_mean: -0.0060  reward_min: -2.3139  state_cost_loss: 1.3544  value_loss: 0.4758
Step:   800000  |  score: 108.94 ± 0.24  |  actor_loss: -1.6567  cost_loss: 1.3633  q_loss: 0.0019  reward_max: 0.7166  reward_mean: -0.0105  reward_min: -2.2081  state_cost_loss: 1.3649  value_loss: 0.4722
Step:   810000  |  score: 108.69 ± 0.31  |  actor_loss: -1.8102  cost_loss: 1.3651  q_loss: 0.0016  reward_max: 0.9097  reward_mean: 0.0030  reward_min: -1.0074  state_cost_loss: 1.3673  value_loss: 0.4660
Step:   820000  |  score: 108.88 ± 0.23  |  actor_loss: -1.1857  cost_loss: 1.3605  q_loss: 0.0021  reward_max: 0.9772  reward_mean: -0.0028  reward_min: -2.2839  state_cost_loss: 1.3608  value_loss: 0.4655
Step:   830000  |  score: 108.54 ± 0.58  |  actor_loss: -1.8211  cost_loss: 1.3651  q_loss: 0.0028  reward_max: 0.9974  reward_mean: -0.0068  reward_min: -1.7161  state_cost_loss: 1.3664  value_loss: 0.4515
Step:   840000  |  score: 108.73 ± 0.34  |  actor_loss: -1.9224  cost_loss: 1.3691  q_loss: 0.0018  reward_max: 0.4297  reward_mean: -0.0061  reward_min: -2.2229  state_cost_loss: 1.3698  value_loss: 0.4647
Step:   850000  |  score: 108.58 ± 0.28  |  actor_loss: -1.4559  cost_loss: 1.3544  q_loss: 0.0024  reward_max: 0.4531  reward_mean: -0.0061  reward_min: -2.0639  state_cost_loss: 1.3572  value_loss: 0.4551
Step:   860000  |  score: 108.79 ± 0.20  |  actor_loss: -1.6376  cost_loss: 1.3614  q_loss: 0.0025  reward_max: 0.1872  reward_mean: -0.0119  reward_min: -2.6581  state_cost_loss: 1.3643  value_loss: 0.4539
Step:   870000  |  score: 107.73 ± 0.79  |  actor_loss: -1.4868  cost_loss: 1.3601  q_loss: 0.0026  reward_max: 0.7489  reward_mean: -0.0049  reward_min: -1.9049  state_cost_loss: 1.3603  value_loss: 0.4457
Step:   880000  |  score: 108.58 ± 0.29  |  actor_loss: -1.6336  cost_loss: 1.3629  q_loss: 0.0033  reward_max: 0.9982  reward_mean: 0.0029  reward_min: -0.6659  state_cost_loss: 1.3618  value_loss: 0.4793
Step:   890000  |  score: 109.10 ± 0.14  |  actor_loss: -1.3951  cost_loss: 1.3620  q_loss: 0.0036  reward_max: 1.1959  reward_mean: 0.0062  reward_min: -0.5769  state_cost_loss: 1.3617  value_loss: 0.4615
Step:   900000  |  score: 108.56 ± 0.13  |  actor_loss: -1.8088  cost_loss: 1.3617  q_loss: 0.0019  reward_max: 0.9671  reward_mean: 0.0031  reward_min: -0.6603  state_cost_loss: 1.3605  value_loss: 0.4766
Step:   910000  |  score: 107.95 ± 0.32  |  actor_loss: -1.2906  cost_loss: 1.3567  q_loss: 0.0029  reward_max: 0.5123  reward_mean: -0.0061  reward_min: -1.0119  state_cost_loss: 1.3583  value_loss: 0.4558
Step:   920000  |  score: 109.23 ± 0.18  |  actor_loss: -1.7421  cost_loss: 1.3635  q_loss: 0.0019  reward_max: 0.4575  reward_mean: 0.0014  reward_min: -0.3205  state_cost_loss: 1.3659  value_loss: 0.4659
Step:   930000  |  score: 108.50 ± 0.32  |  actor_loss: -1.7664  cost_loss: 1.3564  q_loss: 0.0026  reward_max: 1.0406  reward_mean: -0.0095  reward_min: -2.2174  state_cost_loss: 1.3563  value_loss: 0.4876
Step:   940000  |  score: 108.46 ± 0.55  |  actor_loss: -1.4676  cost_loss: 1.3554  q_loss: 0.0031  reward_max: 0.9014  reward_mean: 0.0028  reward_min: -0.7589  state_cost_loss: 1.3556  value_loss: 0.4652
Step:   950000  |  score: 108.64 ± 0.33  |  actor_loss: -1.5793  cost_loss: 1.3577  q_loss: 0.0030  reward_max: 0.7058  reward_mean: -0.0050  reward_min: -2.1220  state_cost_loss: 1.3584  value_loss: 0.4529
Step:   960000  |  score: 108.33 ± 0.48  |  actor_loss: -1.6942  cost_loss: 1.3668  q_loss: 0.0030  reward_max: 0.9948  reward_mean: 0.0006  reward_min: -1.8749  state_cost_loss: 1.3659  value_loss: 0.4496
Step:   970000  |  score: 108.86 ± 0.36  |  actor_loss: -1.6193  cost_loss: 1.3594  q_loss: 0.0021  reward_max: 0.5184  reward_mean: -0.0001  reward_min: -0.6098  state_cost_loss: 1.3604  value_loss: 0.4792
Step:   980000  |  score: 108.40 ± 0.49  |  actor_loss: -1.5265  cost_loss: 1.3585  q_loss: 0.0032  reward_max: 0.7232  reward_mean: -0.0074  reward_min: -2.0744  state_cost_loss: 1.3605  value_loss: 0.4680
Step:   990000  |  score: 108.77 ± 0.55  |  actor_loss: -1.8866  cost_loss: 1.3645  q_loss: 0.0025  reward_max: 0.3112  reward_mean: -0.0025  reward_min: -1.1032  state_cost_loss: 1.3646  value_loss: 0.4571
Step:  1000000  |  score: 108.74 ± 0.36  |  actor_loss: -1.8920  cost_loss: 1.3651  q_loss: 0.0021  reward_max: 0.2269  reward_mean: -0.0099  reward_min: -2.3430  state_cost_loss: 1.3679  value_loss: 0.4663
Step:  1010000  |  score: 108.48 ± 0.22  |  actor_loss: -1.5331  cost_loss: 1.3595  q_loss: 0.0031  reward_max: 0.7226  reward_mean: -0.0050  reward_min: -1.9021  state_cost_loss: 1.3600  value_loss: 0.4641
Step:  1020000  |  score: 107.56 ± 0.20  |  actor_loss: -2.1202  cost_loss: 1.3688  q_loss: 0.0014  reward_max: 0.8305  reward_mean: -0.0016  reward_min: -2.2613  state_cost_loss: 1.3694  value_loss: 0.4853
Step:  1030000  |  score: 108.43 ± 0.59  |  actor_loss: -1.8615  cost_loss: 1.3614  q_loss: 0.0034  reward_max: 0.6455  reward_mean: -0.0059  reward_min: -2.4203  state_cost_loss: 1.3632  value_loss: 0.4836
Step:  1040000  |  score: 108.82 ± 0.40  |  actor_loss: -1.9285  cost_loss: 1.3664  q_loss: 0.0024  reward_max: 0.4786  reward_mean: -0.0018  reward_min: -0.4849  state_cost_loss: 1.3659  value_loss: 0.4835
Step:  1050000  |  score: 108.06 ± 0.55  |  actor_loss: -2.0137  cost_loss: 1.3670  q_loss: 0.0022  reward_max: 0.4610  reward_mean: -0.0076  reward_min: -2.0460  state_cost_loss: 1.3703  value_loss: 0.4450
Step:  1060000  |  score: 108.60 ± 0.27  |  actor_loss: -1.6301  cost_loss: 1.3618  q_loss: 0.0024  reward_max: 0.6798  reward_mean: 0.0001  reward_min: -1.4303  state_cost_loss: 1.3625  value_loss: 0.4690
Step:  1070000  |  score: 109.29 ± 0.15  |  actor_loss: -1.9941  cost_loss: 1.3686  q_loss: 0.0025  reward_max: 1.0455  reward_mean: -0.0016  reward_min: -2.0872  state_cost_loss: 1.3700  value_loss: 0.4695
Step:  1080000  |  score: 109.00 ± 0.28  |  actor_loss: -2.0018  cost_loss: 1.3706  q_loss: 0.0021  reward_max: 0.7441  reward_mean: 0.0015  reward_min: -1.0216  state_cost_loss: 1.3710  value_loss: 0.4474
Step:  1090000  |  score: 107.65 ± 0.50  |  actor_loss: -1.5277  cost_loss: 1.3634  q_loss: 0.0029  reward_max: 0.6586  reward_mean: -0.0046  reward_min: -1.0562  state_cost_loss: 1.3643  value_loss: 0.4703
Step:  1100000  |  score: 108.39 ± 0.41  |  actor_loss: -1.7593  cost_loss: 1.3652  q_loss: 0.0021  reward_max: 0.9896  reward_mean: 0.0045  reward_min: -0.6343  state_cost_loss: 1.3638  value_loss: 0.4844
Step:  1110000  |  score: 108.87 ± 0.29  |  actor_loss: -1.1191  cost_loss: 1.3567  q_loss: 0.0028  reward_max: 0.7004  reward_mean: 0.0076  reward_min: -0.4721  state_cost_loss: 1.3565  value_loss: 0.4697
Step:  1120000  |  score: 108.39 ± 0.47  |  actor_loss: -1.6187  cost_loss: 1.3649  q_loss: 0.0038  reward_max: 0.9632  reward_mean: -0.0001  reward_min: -0.7709  state_cost_loss: 1.3645  value_loss: 0.4539
Step:  1130000  |  score: 107.95 ± 0.22  |  actor_loss: -1.8320  cost_loss: 1.3640  q_loss: 0.0022  reward_max: 0.8289  reward_mean: -0.0012  reward_min: -1.6667  state_cost_loss: 1.3645  value_loss: 0.4703
Step:  1140000  |  score: 108.56 ± 0.30  |  actor_loss: -1.9029  cost_loss: 1.3640  q_loss: 0.0023  reward_max: 0.7794  reward_mean: -0.0088  reward_min: -2.3936  state_cost_loss: 1.3661  value_loss: 0.4682
Step:  1150000  |  score: 109.08 ± 0.21  |  actor_loss: -1.6646  cost_loss: 1.3591  q_loss: 0.0028  reward_max: 1.1652  reward_mean: -0.0054  reward_min: -2.5429  state_cost_loss: 1.3602  value_loss: 0.4769
Step:  1160000  |  score: 108.57 ± 0.31  |  actor_loss: -1.6498  cost_loss: 1.3558  q_loss: 0.0031  reward_max: 0.8860  reward_mean: -0.0033  reward_min: -2.3689  state_cost_loss: 1.3563  value_loss: 0.4737
Step:  1170000  |  score: 108.70 ± 0.39  |  actor_loss: -1.1805  cost_loss: 1.3569  q_loss: 0.0044  reward_max: 0.7393  reward_mean: -0.0045  reward_min: -1.1470  state_cost_loss: 1.3570  value_loss: 0.4672
Step:  1180000  |  score: 108.39 ± 0.36  |  actor_loss: -1.7296  cost_loss: 1.3606  q_loss: 0.0041  reward_max: 0.4802  reward_mean: -0.0075  reward_min: -2.2275  state_cost_loss: 1.3636  value_loss: 0.4648
Step:  1190000  |  score: 108.92 ± 0.18  |  actor_loss: -2.0220  cost_loss: 1.3700  q_loss: 0.0024  reward_max: 0.8066  reward_mean: 0.0011  reward_min: -0.9706  state_cost_loss: 1.3720  value_loss: 0.4829
Step:  1200000  |  score: 108.23 ± 0.40  |  actor_loss: -1.4585  cost_loss: 1.3472  q_loss: 0.0035  reward_max: 0.4502  reward_mean: -0.0257  reward_min: -2.1100  state_cost_loss: 1.3517  value_loss: 0.4589
Step:  1210000  |  score: 107.85 ± 0.58  |  actor_loss: -1.8019  cost_loss: 1.3636  q_loss: 0.0029  reward_max: 0.8897  reward_mean: -0.0033  reward_min: -1.8604  state_cost_loss: 1.3657  value_loss: 0.4868
Step:  1220000  |  score: 108.85 ± 0.35  |  actor_loss: -1.7590  cost_loss: 1.3638  q_loss: 0.0028  reward_max: 0.3667  reward_mean: -0.0087  reward_min: -2.5827  state_cost_loss: 1.3646  value_loss: 0.4539
Step:  1230000  |  score: 108.75 ± 0.37  |  actor_loss: -1.8032  cost_loss: 1.3651  q_loss: 0.0063  reward_max: 1.0396  reward_mean: -0.0045  reward_min: -2.1199  state_cost_loss: 1.3646  value_loss: 0.4509
Step:  1240000  |  score: 108.76 ± 0.28  |  actor_loss: -1.5745  cost_loss: 1.3536  q_loss: 0.0031  reward_max: 0.7751  reward_mean: -0.0049  reward_min: -0.7381  state_cost_loss: 1.3540  value_loss: 0.4700
Step:  1250000  |  score: 108.62 ± 0.25  |  actor_loss: -1.4500  cost_loss: 1.3544  q_loss: 0.0031  reward_max: 0.3729  reward_mean: -0.0118  reward_min: -2.0267  state_cost_loss: 1.3558  value_loss: 0.4736
Step:  1260000  |  score: 109.29 ± 0.28  |  actor_loss: -1.7155  cost_loss: 1.3614  q_loss: 0.0022  reward_max: 0.9285  reward_mean: -0.0067  reward_min: -1.2520  state_cost_loss: 1.3609  value_loss: 0.4560
Step:  1270000  |  score: 108.67 ± 0.25  |  actor_loss: -1.2643  cost_loss: 1.3460  q_loss: 0.0030  reward_max: 0.5879  reward_mean: -0.0198  reward_min: -2.5645  state_cost_loss: 1.3484  value_loss: 0.4190
Step:  1280000  |  score: 107.99 ± 0.44  |  actor_loss: -1.5545  cost_loss: 1.3599  q_loss: 0.0026  reward_max: 0.7950  reward_mean: -0.0049  reward_min: -2.0689  state_cost_loss: 1.3633  value_loss: 0.4612
Step:  1290000  |  score: 107.77 ± 0.42  |  actor_loss: -1.5769  cost_loss: 1.3671  q_loss: 0.0013  reward_max: 0.2824  reward_mean: -0.0075  reward_min: -1.8762  state_cost_loss: 1.3672  value_loss: 0.4450
Step:  1300000  |  score: 109.16 ± 0.22  |  actor_loss: -1.5400  cost_loss: 1.3514  q_loss: 0.0032  reward_max: 0.9042  reward_mean: -0.0044  reward_min: -2.0414  state_cost_loss: 1.3520  value_loss: 0.4768
Step:  1310000  |  score: 108.33 ± 0.26  |  actor_loss: -1.5259  cost_loss: 1.3548  q_loss: 0.0068  reward_max: 1.7521  reward_mean: 0.0077  reward_min: -1.1518  state_cost_loss: 1.3557  value_loss: 0.4561
Step:  1320000  |  score: 107.75 ± 0.90  |  actor_loss: -1.7667  cost_loss: 1.3612  q_loss: 0.0023  reward_max: 0.7202  reward_mean: -0.0054  reward_min: -2.3212  state_cost_loss: 1.3616  value_loss: 0.4739
Step:  1330000  |  score: 108.01 ± 0.27  |  actor_loss: -1.9455  cost_loss: 1.3637  q_loss: 0.0028  reward_max: 0.4709  reward_mean: -0.0018  reward_min: -1.4484  state_cost_loss: 1.3642  value_loss: 0.4630
Step:  1340000  |  score: 108.23 ± 0.36  |  actor_loss: -1.6954  cost_loss: 1.3537  q_loss: 0.0028  reward_max: 0.7590  reward_mean: -0.0225  reward_min: -2.6233  state_cost_loss: 1.3556  value_loss: 0.4626
Step:  1350000  |  score: 108.90 ± 0.16  |  actor_loss: -1.8883  cost_loss: 1.3644  q_loss: 0.0029  reward_max: 0.5545  reward_mean: -0.0007  reward_min: -2.3228  state_cost_loss: 1.3655  value_loss: 0.4669
Step:  1360000  |  score: 108.85 ± 0.20  |  actor_loss: -1.4858  cost_loss: 1.3593  q_loss: 0.0028  reward_max: 1.0584  reward_mean: -0.0027  reward_min: -0.9777  state_cost_loss: 1.3619  value_loss: 0.4808
Step:  1370000  |  score: 107.20 ± 0.90  |  actor_loss: -1.6573  cost_loss: 1.3625  q_loss: 0.0020  reward_max: 0.2851  reward_mean: -0.0117  reward_min: -2.3112  state_cost_loss: 1.3641  value_loss: 0.4741
Step:  1380000  |  score: 108.53 ± 0.35  |  actor_loss: -1.8001  cost_loss: 1.3648  q_loss: 0.0026  reward_max: 0.8735  reward_mean: -0.0081  reward_min: -1.7787  state_cost_loss: 1.3656  value_loss: 0.4629
Step:  1390000  |  score: 107.93 ± 0.31  |  actor_loss: -1.6594  cost_loss: 1.3578  q_loss: 0.0027  reward_max: 0.7237  reward_mean: -0.0027  reward_min: -1.1659  state_cost_loss: 1.3610  value_loss: 0.4730
Step:  1400000  |  score: 107.47 ± 0.41  |  actor_loss: -1.6537  cost_loss: 1.3574  q_loss: 0.0021  reward_max: 0.7275  reward_mean: -0.0050  reward_min: -2.1678  state_cost_loss: 1.3584  value_loss: 0.4532
Step:  1410000  |  score: 107.97 ± 0.45  |  actor_loss: -1.5054  cost_loss: 1.3606  q_loss: 0.0024  reward_max: 0.6381  reward_mean: -0.0036  reward_min: -1.3458  state_cost_loss: 1.3626  value_loss: 0.4486
Step:  1420000  |  score: 107.99 ± 0.40  |  actor_loss: -1.7952  cost_loss: 1.3561  q_loss: 0.0027  reward_max: 1.0707  reward_mean: -0.0024  reward_min: -1.8873  state_cost_loss: 1.3578  value_loss: 0.4633
Step:  1430000  |  score: 108.58 ± 0.37  |  actor_loss: -1.9148  cost_loss: 1.3686  q_loss: 0.0017  reward_max: 0.5182  reward_mean: -0.0024  reward_min: -0.7628  state_cost_loss: 1.3700  value_loss: 0.4528
Step:  1440000  |  score: 107.88 ± 0.33  |  actor_loss: -1.7387  cost_loss: 1.3614  q_loss: 0.0037  reward_max: 0.5970  reward_mean: -0.0038  reward_min: -0.7461  state_cost_loss: 1.3625  value_loss: 0.4643
Step:  1450000  |  score: 109.30 ± 0.36  |  actor_loss: -1.2680  cost_loss: 1.3552  q_loss: 0.0028  reward_max: 0.3337  reward_mean: -0.0024  reward_min: -0.7555  state_cost_loss: 1.3566  value_loss: 0.4640
Step:  1460000  |  score: 108.89 ± 0.21  |  actor_loss: -1.7463  cost_loss: 1.3601  q_loss: 0.0065  reward_max: 0.9171  reward_mean: -0.0093  reward_min: -2.1334  state_cost_loss: 1.3601  value_loss: 0.4569
Step:  1470000  |  score: 108.32 ± 0.27  |  actor_loss: -1.6070  cost_loss: 1.3616  q_loss: 0.0037  reward_max: 0.5731  reward_mean: -0.0153  reward_min: -2.1024  state_cost_loss: 1.3658  value_loss: 0.4378
Step:  1480000  |  score: 108.64 ± 0.24  |  actor_loss: -1.4998  cost_loss: 1.3580  q_loss: 0.0035  reward_max: 0.5605  reward_mean: -0.0074  reward_min: -2.5694  state_cost_loss: 1.3593  value_loss: 0.4667
Step:  1490000  |  score: 108.51 ± 0.55  |  actor_loss: -1.6983  cost_loss: 1.3550  q_loss: 0.0032  reward_max: 1.0406  reward_mean: -0.0095  reward_min: -2.3341  state_cost_loss: 1.3568  value_loss: 0.4447
Step:  1500000  |  score: 107.85 ± 0.22  |  actor_loss: -1.7644  cost_loss: 1.3671  q_loss: 0.0019  reward_max: 0.8652  reward_mean: 0.0012  reward_min: -0.8614  state_cost_loss: 1.3673  value_loss: 0.4717
Step:  1510000  |  score: 109.14 ± 0.19  |  actor_loss: -1.7940  cost_loss: 1.3610  q_loss: 0.0031  reward_max: 0.7127  reward_mean: -0.0073  reward_min: -2.2685  state_cost_loss: 1.3634  value_loss: 0.4559
Step:  1520000  |  score: 107.17 ± 0.85  |  actor_loss: -1.8878  cost_loss: 1.3636  q_loss: 0.0020  reward_max: 0.7483  reward_mean: -0.0072  reward_min: -2.5296  state_cost_loss: 1.3654  value_loss: 0.4700
Step:  1530000  |  score: 108.69 ± 0.26  |  actor_loss: -1.6920  cost_loss: 1.3612  q_loss: 0.0047  reward_max: 1.5451  reward_mean: -0.0071  reward_min: -2.0437  state_cost_loss: 1.3619  value_loss: 0.4503
Step:  1540000  |  score: 109.35 ± 0.20  |  actor_loss: -1.5624  cost_loss: 1.3555  q_loss: 0.0045  reward_max: 1.0965  reward_mean: -0.0062  reward_min: -1.9980  state_cost_loss: 1.3556  value_loss: 0.4450
Step:  1550000  |  score: 108.60 ± 0.19  |  actor_loss: -2.0893  cost_loss: 1.3726  q_loss: 0.0022  reward_max: 0.3967  reward_mean: -0.0031  reward_min: -0.5875  state_cost_loss: 1.3715  value_loss: 0.4380
Step:  1560000  |  score: 108.75 ± 0.15  |  actor_loss: -1.7392  cost_loss: 1.3584  q_loss: 0.0038  reward_max: 0.9329  reward_mean: -0.0057  reward_min: -2.2406  state_cost_loss: 1.3604  value_loss: 0.4497
Step:  1570000  |  score: 107.94 ± 0.30  |  actor_loss: -1.8985  cost_loss: 1.3597  q_loss: 0.0033  reward_max: 0.9465  reward_mean: -0.0147  reward_min: -2.7395  state_cost_loss: 1.3613  value_loss: 0.4513
Step:  1580000  |  score: 108.63 ± 0.14  |  actor_loss: -2.1547  cost_loss: 1.3691  q_loss: 0.0022  reward_max: 0.9950  reward_mean: -0.0041  reward_min: -1.3102  state_cost_loss: 1.3704  value_loss: 0.4554
Step:  1590000  |  score: 107.96 ± 0.39  |  actor_loss: -1.9293  cost_loss: 1.3643  q_loss: 0.0045  reward_max: 0.8316  reward_mean: 0.0015  reward_min: -0.9120  state_cost_loss: 1.3641  value_loss: 0.4448
Step:  1600000  |  score: 108.16 ± 0.35  |  actor_loss: -1.8552  cost_loss: 1.3644  q_loss: 0.0040  reward_max: 1.1584  reward_mean: 0.0035  reward_min: -0.9202  state_cost_loss: 1.3647  value_loss: 0.4639
Step:  1610000  |  score: 108.47 ± 0.47  |  actor_loss: -1.7245  cost_loss: 1.3645  q_loss: 0.0024  reward_max: 0.7387  reward_mean: -0.0088  reward_min: -2.2929  state_cost_loss: 1.3655  value_loss: 0.4547
Step:  1620000  |  score: 108.72 ± 0.24  |  actor_loss: -1.6991  cost_loss: 1.3617  q_loss: 0.0028  reward_max: 1.0790  reward_mean: -0.0120  reward_min: -2.3661  state_cost_loss: 1.3636  value_loss: 0.4377
Step:  1630000  |  score: 108.36 ± 0.24  |  actor_loss: -1.7741  cost_loss: 1.3632  q_loss: 0.0012  reward_max: 0.6874  reward_mean: 0.0028  reward_min: -0.8735  state_cost_loss: 1.3631  value_loss: 0.4612
Step:  1640000  |  score: 108.28 ± 0.51  |  actor_loss: -1.8698  cost_loss: 1.3629  q_loss: 0.0030  reward_max: 1.0000  reward_mean: -0.0082  reward_min: -2.2203  state_cost_loss: 1.3651  value_loss: 0.4396
Step:  1650000  |  score: 108.62 ± 0.36  |  actor_loss: -2.0424  cost_loss: 1.3654  q_loss: 0.0022  reward_max: 0.6772  reward_mean: -0.0049  reward_min: -2.2814  state_cost_loss: 1.3672  value_loss: 0.4521
Step:  1660000  |  score: 108.55 ± 0.28  |  actor_loss: -1.5727  cost_loss: 1.3529  q_loss: 0.0048  reward_max: 0.3511  reward_mean: -0.0012  reward_min: -0.4641  state_cost_loss: 1.3540  value_loss: 0.4558
Step:  1670000  |  score: 108.43 ± 0.53  |  actor_loss: -1.3152  cost_loss: 1.3469  q_loss: 0.0032  reward_max: 0.9413  reward_mean: -0.0086  reward_min: -2.4314  state_cost_loss: 1.3474  value_loss: 0.4123
Step:  1680000  |  score: 108.55 ± 0.56  |  actor_loss: -1.7136  cost_loss: 1.3642  q_loss: 0.0029  reward_max: 0.4895  reward_mean: -0.0089  reward_min: -1.9307  state_cost_loss: 1.3669  value_loss: 0.4374
Step:  1690000  |  score: 108.99 ± 0.32  |  actor_loss: -1.9894  cost_loss: 1.3676  q_loss: 0.0016  reward_max: 1.0386  reward_mean: -0.0072  reward_min: -2.0502  state_cost_loss: 1.3701  value_loss: 0.4240
Step:  1700000  |  score: 108.73 ± 0.15  |  actor_loss: -1.9823  cost_loss: 1.3613  q_loss: 0.0024  reward_max: 1.0368  reward_mean: -0.0050  reward_min: -2.3715  state_cost_loss: 1.3614  value_loss: 0.4362
Step:  1710000  |  score: 108.66 ± 0.29  |  actor_loss: -1.5427  cost_loss: 1.3608  q_loss: 0.0033  reward_max: 1.0107  reward_mean: 0.0061  reward_min: -2.6206  state_cost_loss: 1.3602  value_loss: 0.4374
Step:  1720000  |  score: 108.71 ± 0.18  |  actor_loss: -1.7702  cost_loss: 1.3573  q_loss: 0.0028  reward_max: 0.5739  reward_mean: -0.0036  reward_min: -0.4067  state_cost_loss: 1.3584  value_loss: 0.4079
Step:  1730000  |  score: 109.07 ± 0.32  |  actor_loss: -1.7946  cost_loss: 1.3561  q_loss: 0.0034  reward_max: 1.1453  reward_mean: -0.0079  reward_min: -1.9027  state_cost_loss: 1.3571  value_loss: 0.4394
Step:  1740000  |  score: 107.89 ± 0.32  |  actor_loss: -1.8511  cost_loss: 1.3642  q_loss: 0.0029  reward_max: 1.0209  reward_mean: 0.0051  reward_min: -1.1169  state_cost_loss: 1.3634  value_loss: 0.4279
Step:  1750000  |  score: 108.41 ± 0.39  |  actor_loss: -1.4487  cost_loss: 1.3551  q_loss: 0.0034  reward_max: 0.7945  reward_mean: -0.0077  reward_min: -2.2802  state_cost_loss: 1.3563  value_loss: 0.4248
Step:  1760000  |  score: 108.54 ± 0.21  |  actor_loss: -1.5860  cost_loss: 1.3603  q_loss: 0.0024  reward_max: 0.9581  reward_mean: -0.0023  reward_min: -0.5263  state_cost_loss: 1.3595  value_loss: 0.4234
Step:  1770000  |  score: 108.54 ± 0.23  |  actor_loss: -1.7998  cost_loss: 1.3632  q_loss: 0.0025  reward_max: 0.5124  reward_mean: -0.0099  reward_min: -1.0407  state_cost_loss: 1.3635  value_loss: 0.4217
Step:  1780000  |  score: 108.40 ± 0.33  |  actor_loss: -1.5720  cost_loss: 1.3590  q_loss: 0.0026  reward_max: 0.9154  reward_mean: -0.0139  reward_min: -2.2016  state_cost_loss: 1.3620  value_loss: 0.4233
Step:  1790000  |  score: 107.99 ± 0.27  |  actor_loss: -2.0688  cost_loss: 1.3641  q_loss: 0.0027  reward_max: 0.2578  reward_mean: -0.0067  reward_min: -1.8203  state_cost_loss: 1.3654  value_loss: 0.4492
Step:  1800000  |  score: 108.67 ± 0.24  |  actor_loss: -1.8547  cost_loss: 1.3620  q_loss: 0.0038  reward_max: 0.9277  reward_mean: -0.0039  reward_min: -2.1462  state_cost_loss: 1.3647  value_loss: 0.4221
Step:  1810000  |  score: 108.54 ± 0.32  |  actor_loss: -1.5002  cost_loss: 1.3571  q_loss: 0.0034  reward_max: 0.9556  reward_mean: 0.0021  reward_min: -1.4434  state_cost_loss: 1.3578  value_loss: 0.4598
Step:  1820000  |  score: 108.22 ± 0.39  |  actor_loss: -1.3911  cost_loss: 1.3566  q_loss: 0.0021  reward_max: 0.3640  reward_mean: -0.0031  reward_min: -1.6955  state_cost_loss: 1.3574  value_loss: 0.4356
Step:  1830000  |  score: 108.38 ± 0.42  |  actor_loss: -2.0004  cost_loss: 1.3649  q_loss: 0.0036  reward_max: 1.0127  reward_mean: -0.0063  reward_min: -2.1273  state_cost_loss: 1.3670  value_loss: 0.4352
Step:  1840000  |  score: 108.79 ± 0.39  |  actor_loss: -1.7447  cost_loss: 1.3607  q_loss: 0.0031  reward_max: 0.8853  reward_mean: -0.0035  reward_min: -1.4248  state_cost_loss: 1.3612  value_loss: 0.4375
Step:  1850000  |  score: 108.63 ± 0.26  |  actor_loss: -1.9425  cost_loss: 1.3613  q_loss: 0.0035  reward_max: 0.7181  reward_mean: -0.0089  reward_min: -2.3096  state_cost_loss: 1.3629  value_loss: 0.4250
Step:  1860000  |  score: 108.46 ± 0.26  |  actor_loss: -1.6058  cost_loss: 1.3633  q_loss: 0.0015  reward_max: 0.2009  reward_mean: -0.0118  reward_min: -2.4072  state_cost_loss: 1.3648  value_loss: 0.4263
Step:  1870000  |  score: 109.05 ± 0.32  |  actor_loss: -1.7549  cost_loss: 1.3593  q_loss: 0.0050  reward_max: 0.5716  reward_mean: -0.0014  reward_min: -1.0358  state_cost_loss: 1.3609  value_loss: 0.4242
Step:  1880000  |  score: 108.53 ± 0.23  |  actor_loss: -1.3083  cost_loss: 1.3493  q_loss: 0.0029  reward_max: 0.5937  reward_mean: -0.0108  reward_min: -2.3662  state_cost_loss: 1.3510  value_loss: 0.4088
Step:  1890000  |  score: 109.01 ± 0.30  |  actor_loss: -2.0961  cost_loss: 1.3676  q_loss: 0.0028  reward_max: 1.0353  reward_mean: -0.0033  reward_min: -0.9639  state_cost_loss: 1.3672  value_loss: 0.4368
Step:  1900000  |  score: 108.47 ± 0.20  |  actor_loss: -1.6344  cost_loss: 1.3579  q_loss: 0.0039  reward_max: 0.6529  reward_mean: -0.0053  reward_min: -1.4294  state_cost_loss: 1.3593  value_loss: 0.4395
Step:  1910000  |  score: 108.78 ± 0.27  |  actor_loss: -1.6873  cost_loss: 1.3601  q_loss: 0.0034  reward_max: 0.3193  reward_mean: -0.0084  reward_min: -1.9228  state_cost_loss: 1.3605  value_loss: 0.4068
Step:  1920000  |  score: 108.30 ± 0.24  |  actor_loss: -1.8641  cost_loss: 1.3667  q_loss: 0.0022  reward_max: 0.9618  reward_mean: -0.0029  reward_min: -0.9652  state_cost_loss: 1.3672  value_loss: 0.4468
Step:  1930000  |  score: 108.82 ± 0.33  |  actor_loss: -1.5772  cost_loss: 1.3562  q_loss: 0.0028  reward_max: 0.9359  reward_mean: 0.0050  reward_min: -0.6902  state_cost_loss: 1.3573  value_loss: 0.4209
Step:  1940000  |  score: 108.94 ± 0.28  |  actor_loss: -1.8635  cost_loss: 1.3670  q_loss: 0.0016  reward_max: 0.9072  reward_mean: 0.0067  reward_min: -0.5461  state_cost_loss: 1.3644  value_loss: 0.4598
Step:  1950000  |  score: 108.69 ± 0.19  |  actor_loss: -1.5003  cost_loss: 1.3521  q_loss: 0.0032  reward_max: 0.6686  reward_mean: -0.0100  reward_min: -2.4913  state_cost_loss: 1.3525  value_loss: 0.4223
Step:  1960000  |  score: 108.02 ± 0.55  |  actor_loss: -1.6944  cost_loss: 1.3620  q_loss: 0.0029  reward_max: 0.8611  reward_mean: -0.0035  reward_min: -1.1673  state_cost_loss: 1.3628  value_loss: 0.4049
Step:  1970000  |  score: 108.60 ± 0.28  |  actor_loss: -1.3905  cost_loss: 1.3518  q_loss: 0.0047  reward_max: 0.7472  reward_mean: -0.0107  reward_min: -2.3472  state_cost_loss: 1.3524  value_loss: 0.4051
Step:  1980000  |  score: 108.47 ± 0.24  |  actor_loss: -1.7100  cost_loss: 1.3589  q_loss: 0.0046  reward_max: 0.2345  reward_mean: -0.0091  reward_min: -2.2687  state_cost_loss: 1.3602  value_loss: 0.4089
Step:  1990000  |  score: 108.92 ± 0.28  |  actor_loss: -1.3945  cost_loss: 1.3559  q_loss: 0.0030  reward_max: 0.7986  reward_mean: -0.0011  reward_min: -1.1294  state_cost_loss: 1.3571  value_loss: 0.4145
Step:  2000000  |  score: 108.55 ± 0.24  |  actor_loss: -1.9084  cost_loss: 1.3613  q_loss: 0.0036  reward_max: 1.0459  reward_mean: -0.0051  reward_min: -2.3720  state_cost_loss: 1.3615  value_loss: 0.4352
Final evaluation (13 iterations)...
Final score: 108.77 ± 0.20
wandb: WARNING Symlinked 1 file into the W&B run directory; call wandb.save again to sync new files.
wandb: updating run metadata
wandb: uploading summary, console lines 214-215
wandb: uploading final_returns/cdemodice_walker2d-expert-v2_2026-03-18_21-10-08.npz; uploading output.log; uploading wandb-summary.json; uploading config.yaml
wandb: uploading output.log; uploading config.yaml
wandb: uploading data
wandb: 
wandb: Run history:
wandb:  actor_loss █▃▃▃▃▁▂▃▃▂▂▂▂▂▂▂▂▁▂▂▁▂▂▁▁▁▂▂▂▁▂▁▁▁▁▁▂▂▂▂
wandb:   cost_loss █▆▆▅▃▇▅▆▆▆▄▆▄▄▇▆▄▆▅▃▁▆▂▃▅▇▃▄▃▅▄▇▆▅▅▅▄▅▄▄
wandb: num_updates ▁▁▂▂▂▂▂▂▂▃▃▃▃▄▄▄▄▄▄▄▅▅▅▅▅▅▅▆▆▆▆▇▇▇▇▇▇███
wandb:      q_loss █▃▃▆▄▄▃▃▁▂▃▁▂▃▃▂▁▃▁▂▃▂▂▁▂▂▂▂▂▂▅▁▂▄▂▂▂▃▄▂
wandb:      return ▁███████████████████████████████████████
wandb:  reward_max ▄▄▅▄▂▃▃▃▂▄▄▄▄▂▄▃▃▁▃▅▃▁▅▄▄▄▄▅▄█▃▅▄▃▃▄▃▅▅▅
wandb: reward_mean ▁██▄▅▄▇▅▅▇▃▃▄▅▅▆▆▆▇█▄▅▄▅▅▃▄▆▆▂▆▄▅▄▅▃▅▄▆▅
wandb:  reward_min ▃▆▅▄▆▅▄▄▄▄▄▄▃▄▄▄▄▆▁▃▃▇▇▃▅█▇▄▆▂▅▄▇▄▇▃▂▃█▃
wandb:       score ███▇█▇▁▇▇█▇██▇████▇▇▇██▇▇██▇█▇▇██▇▇▇▇▇█▇
wandb:   score_std █▁▂▁▁▁▁▁▁▁▁▁▁▁▁▁▁▁▁▁▁▁▁▁▁▁▁▁▁▁▁▁▁▁▁▁▁▁▁▁
wandb:          +2 ...
wandb: 
wandb: Run summary:
wandb:  actor_loss -1.90839
wandb:   cost_loss 1.36128
wandb: num_updates 2000000
wandb:      q_loss 0.00359
wandb:      return 4985.00851
wandb:  reward_max 1.04594
wandb: reward_mean -0.00511
wandb:  reward_min -2.37202
wandb:       score 108.55449
wandb:   score_std 0.24239
wandb:          +2 ...
wandb: 
wandb: 🚀 View run cdemodice_walker2d_M4_s0 at: https://wandb.ai/wsk208/DemoDICE/runs/rf9znx2r
wandb: ⭐️ View project at: https://wandb.ai/wsk208/DemoDICE
wandb: Synced 5 W&B file(s), 0 media file(s), 0 artifact file(s) and 1 other file(s)
wandb: Find logs at: ./wandb/run-20260318_203807-rf9znx2r/logs
