Warning: All of online environments libraries in D4RL have been moved ]8;;https://github.com/Farama-Foundation/Gymnasium\Gymnasium]8;;\, ]8;;https://github.com/Farama-Foundation/MiniGrid\MiniGrid]8;;\ and ]8;;https://github.com/Farama-Foundation/Gymnasium-Robotics\Gymnasium-Robotics]8;;\, and all offline datasets in D4RL have been moved to ]8;;https://github.com/Farama-Foundation/Minari\Minari]8;;\.
These new versions include large bug fixes, new versions of Python, and are where all new development will continue. Please upgrade these libraries as soon as you're able to do so.
If you'd like to read more about the story behind this switch, please check out ]8;;https://farama.org/Announcing-Minari\this blog post]8;;\.
Gym has been unmaintained since 2022 and does not support NumPy 2.0 amongst other critical functionality.
Please upgrade to Gymnasium, the maintained drop-in replacement of Gym, or contact the authors of your software and request that they upgrade.
See the migration guide at https://gymnasium.farama.org/introduction/migration_guide/ for additional information.
/opt/venv/lib/python3.10/site-packages/Cython/Distutils/old_build_ext.py:15: DeprecationWarning: dep_util is Deprecated. Use functions from setuptools instead.
  from distutils.dep_util import newer, newer_group
<frozen importlib._bootstrap>:283: DeprecationWarning: the load_module() method is deprecated and slated for removal in Python 3.12; use exec_module() instead
pybullet build time: Jan 29 2025 23:16:28
wandb: [wandb.login()] Loaded credentials for https://api.wandb.ai from /root/.netrc.
wandb: Currently logged in as: wsk208 to https://api.wandb.ai. Use `wandb login --relogin` to force relogin
/opt/venv/lib/python3.10/site-packages/wandb/analytics/sentry.py:268: DeprecationWarning: Read the `app_url` setting from the appropriate Settings object.
  app_url = wandb.util.app_url(tags["base_url"])  # type: ignore[index]
/opt/venv/lib/python3.10/site-packages/wandb/analytics/sentry.py:279: DeprecationWarning: The `Scope.user` setter is deprecated in favor of `Scope.set_user()`.
  self.scope.user = {"email": email}
wandb: setting up run 1ypjyttd
/opt/venv/lib/python3.10/site-packages/wandb/analytics/sentry.py:268: DeprecationWarning: Read the `app_url` setting from the appropriate Settings object.
  app_url = wandb.util.app_url(tags["base_url"])  # type: ignore[index]
/opt/venv/lib/python3.10/site-packages/wandb/analytics/sentry.py:279: DeprecationWarning: The `Scope.user` setter is deprecated in favor of `Scope.set_user()`.
  self.scope.user = {"email": email}
wandb: Tracking run with wandb version 0.25.1
wandb: Run data is saved locally in /app/wandb/run-20260319_022057-1ypjyttd
wandb: Run `wandb offline` to turn off syncing.
wandb: Syncing run cdemodice_halfcheetah_M2_s0
wandb: ⭐️ View project at https://wandb.ai/wsk208/DemoDICE
wandb: 🚀 View run at https://wandb.ai/wsk208/DemoDICE/runs/1ypjyttd
/opt/venv/lib/python3.10/site-packages/gym/spaces/box.py:84: UserWarning: [33mWARN: Box bound precision lowered by casting to float32[0m
  logger.warn(f"Box bound precision lowered by casting to {self.dtype}")
load datafile:   0%|          | 0/21 [00:00<?, ?it/s]load datafile:   5%|▍         | 1/21 [00:00<00:03,  5.81it/s]load datafile:  14%|█▍        | 3/21 [00:00<00:03,  5.23it/s]load datafile:  19%|█▉        | 4/21 [00:00<00:04,  3.97it/s]load datafile:  81%|████████  | 17/21 [00:01<00:00, 15.53it/s]load datafile:  90%|█████████ | 19/21 [00:01<00:00, 10.83it/s]load datafile: 100%|██████████| 21/21 [00:01<00:00, 11.19it/s]
Expert  :  999000 transitions  (halfcheetah-expert-v2, 400 traj)
load datafile:   0%|          | 0/9 [00:00<?, ?it/s]load datafile:  11%|█         | 1/9 [00:00<00:01,  6.19it/s]load datafile:  33%|███▎      | 3/9 [00:00<00:01,  5.55it/s]load datafile:  44%|████▍     | 4/9 [00:00<00:01,  4.11it/s]load datafile:  56%|█████▌    | 5/9 [00:01<00:01,  3.16it/s]load datafile:  67%|██████▋   | 6/9 [00:01<00:01,  2.78it/s]load datafile: 100%|██████████| 9/9 [00:01<00:00,  4.88it/s]
Imperfect:  999000 transitions  (halfcheetah-random-v2, 400 traj)
Union   : 1998000 transitions total
/root/.local/share/uv/python/cpython-3.10-linux-x86_64-gnu/lib/python3.10/multiprocessing/popen_fork.py:66: RuntimeWarning: os.fork() was called. os.fork() is incompatible with multithreaded code, and JAX is multithreaded, so this will likely lead to a deadlock.
  self.pid = os.fork()
/opt/venv/lib/python3.10/site-packages/tensorflow_probability/python/internal/backend/jax/ops.py:681: DeprecationWarning: jax.interpreters.xla.pytype_aval_mappings is deprecated.
  jax.interpreters.xla.pytype_aval_mappings[onp.ndarray])
/opt/venv/lib/python3.10/site-packages/gym/spaces/box.py:84: UserWarning: [33mWARN: Box bound precision lowered by casting to float32[0m
  logger.warn(f"Box bound precision lowered by casting to {self.dtype}")
Step:    10000  |  score: 2.24 ± 0.01  |  actor_loss: 4.6144  cost_loss: 0.9716  q_loss: 0.0616  reward_max: 1.4640  reward_mean: -0.0844  reward_min: -1.7277  state_cost_loss: 0.9767  value_loss: -2.1652
Step:    20000  |  score: 2.20 ± 0.01  |  actor_loss: 3.7718  cost_loss: 0.9299  q_loss: 0.0758  reward_max: 1.7029  reward_mean: -0.0876  reward_min: -1.7408  state_cost_loss: 0.9323  value_loss: -3.4386
Step:    30000  |  score: 2.15 ± 0.03  |  actor_loss: 3.4134  cost_loss: 0.9853  q_loss: 0.0665  reward_max: 1.2781  reward_mean: -0.0421  reward_min: -2.3209  state_cost_loss: 0.9943  value_loss: -3.9227
Step:    40000  |  score: 4.40 ± 2.61  |  actor_loss: 3.5566  cost_loss: 0.9420  q_loss: 0.0763  reward_max: 1.0473  reward_mean: -0.0707  reward_min: -1.5414  state_cost_loss: 0.9444  value_loss: -4.2816
Step:    50000  |  score: 3.73 ± 1.22  |  actor_loss: 3.3727  cost_loss: 0.9577  q_loss: 0.0528  reward_max: 1.1931  reward_mean: -0.0700  reward_min: -2.0070  state_cost_loss: 0.9649  value_loss: -4.1238
Step:    60000  |  score: 3.91 ± 1.65  |  actor_loss: 3.3245  cost_loss: 0.9699  q_loss: 0.0698  reward_max: 1.6349  reward_mean: -0.0474  reward_min: -1.6675  state_cost_loss: 0.9786  value_loss: -3.8349
Step:    70000  |  score: 6.37 ± 4.96  |  actor_loss: 3.5342  cost_loss: 0.9514  q_loss: 0.0669  reward_max: 1.2398  reward_mean: -0.0345  reward_min: -1.4520  state_cost_loss: 0.9589  value_loss: -3.5364
Step:    80000  |  score: 10.67 ± 9.75  |  actor_loss: 3.2683  cost_loss: 0.9705  q_loss: 0.0509  reward_max: 1.2338  reward_mean: -0.0284  reward_min: -1.5062  state_cost_loss: 0.9710  value_loss: -2.9909
Step:    90000  |  score: 7.03 ± 5.29  |  actor_loss: 3.4175  cost_loss: 0.9580  q_loss: 0.0605  reward_max: 1.1684  reward_mean: -0.0319  reward_min: -2.4826  state_cost_loss: 0.9615  value_loss: -2.6757
Step:   100000  |  score: 6.02 ± 4.23  |  actor_loss: 3.2377  cost_loss: 0.9846  q_loss: 0.0479  reward_max: 1.1352  reward_mean: -0.0268  reward_min: -1.4203  state_cost_loss: 0.9913  value_loss: -2.5949
Step:   110000  |  score: 14.00 ± 15.16  |  actor_loss: 3.5172  cost_loss: 0.9612  q_loss: 0.0606  reward_max: 1.1570  reward_mean: -0.0377  reward_min: -1.7481  state_cost_loss: 0.9644  value_loss: -2.3407
Step:   120000  |  score: 9.00 ± 8.19  |  actor_loss: 3.4623  cost_loss: 0.9622  q_loss: 0.0573  reward_max: 1.8408  reward_mean: -0.0239  reward_min: -1.7799  state_cost_loss: 0.9625  value_loss: -2.1936
Step:   130000  |  score: 7.45 ± 7.73  |  actor_loss: 3.3792  cost_loss: 0.9840  q_loss: 0.0485  reward_max: 1.0943  reward_mean: -0.0182  reward_min: -1.4342  state_cost_loss: 0.9869  value_loss: -2.1029
Step:   140000  |  score: 28.45 ± 33.31  |  actor_loss: 3.5756  cost_loss: 0.9370  q_loss: 0.0602  reward_max: 0.8329  reward_mean: -0.0215  reward_min: -1.4312  state_cost_loss: 0.9405  value_loss: -2.1840
Step:   150000  |  score: 12.03 ± 15.90  |  actor_loss: 3.5105  cost_loss: 0.9441  q_loss: 0.0519  reward_max: 1.0532  reward_mean: -0.0313  reward_min: -2.7363  state_cost_loss: 0.9449  value_loss: -2.2556
Step:   160000  |  score: 36.99 ± 34.94  |  actor_loss: 3.5561  cost_loss: 0.9707  q_loss: 0.0428  reward_max: 1.1093  reward_mean: -0.0048  reward_min: -1.6062  state_cost_loss: 0.9748  value_loss: -2.2674
Step:   170000  |  score: 33.83 ± 25.12  |  actor_loss: 3.4108  cost_loss: 0.9638  q_loss: 0.0444  reward_max: 0.9732  reward_mean: -0.0281  reward_min: -1.5952  state_cost_loss: 0.9703  value_loss: -2.3481
Step:   180000  |  score: 18.54 ± 25.07  |  actor_loss: 3.2120  cost_loss: 0.9824  q_loss: 0.0459  reward_max: 1.4670  reward_mean: -0.0482  reward_min: -2.1581  state_cost_loss: 0.9925  value_loss: -2.2445
Step:   190000  |  score: 35.24 ± 32.78  |  actor_loss: 3.3817  cost_loss: 0.9635  q_loss: 0.0442  reward_max: 1.2086  reward_mean: -0.0218  reward_min: -1.3501  state_cost_loss: 0.9611  value_loss: -2.3326
Step:   200000  |  score: 23.17 ± 29.77  |  actor_loss: 3.3909  cost_loss: 0.9514  q_loss: 0.0386  reward_max: 1.0796  reward_mean: -0.0540  reward_min: -1.7106  state_cost_loss: 0.9525  value_loss: -2.6611
Step:   210000  |  score: 38.63 ± 22.64  |  actor_loss: 3.0744  cost_loss: 1.0096  q_loss: 0.0428  reward_max: 1.0288  reward_mean: -0.0278  reward_min: -1.3700  state_cost_loss: 1.0145  value_loss: -2.3700
Step:   220000  |  score: 26.54 ± 33.57  |  actor_loss: 3.5005  cost_loss: 0.9716  q_loss: 0.0448  reward_max: 1.1982  reward_mean: -0.0315  reward_min: -1.4588  state_cost_loss: 0.9742  value_loss: -2.5812
Step:   230000  |  score: 63.98 ± 35.60  |  actor_loss: 3.3896  cost_loss: 0.9536  q_loss: 0.0517  reward_max: 0.9944  reward_mean: -0.0314  reward_min: -1.5700  state_cost_loss: 0.9539  value_loss: -2.8245
Step:   240000  |  score: 30.68 ± 29.03  |  actor_loss: 3.8244  cost_loss: 0.8938  q_loss: 0.0568  reward_max: 1.9970  reward_mean: -0.0270  reward_min: -2.0700  state_cost_loss: 0.8946  value_loss: -3.1252
Step:   250000  |  score: 25.47 ± 29.22  |  actor_loss: 3.3650  cost_loss: 0.9436  q_loss: 0.0386  reward_max: 1.3250  reward_mean: -0.0558  reward_min: -1.7523  state_cost_loss: 0.9444  value_loss: -3.1190
Step:   260000  |  score: 51.76 ± 36.64  |  actor_loss: 3.3869  cost_loss: 0.9682  q_loss: 0.0420  reward_max: 1.2339  reward_mean: -0.0270  reward_min: -1.4231  state_cost_loss: 0.9711  value_loss: -2.9368
Step:   270000  |  score: 53.37 ± 38.72  |  actor_loss: 3.3889  cost_loss: 0.9985  q_loss: 0.0481  reward_max: 1.0936  reward_mean: -0.0412  reward_min: -1.4855  state_cost_loss: 1.0048  value_loss: -3.0052
Step:   280000  |  score: 64.60 ± 35.51  |  actor_loss: 3.2155  cost_loss: 0.9944  q_loss: 0.0382  reward_max: 1.2223  reward_mean: -0.0208  reward_min: -1.8253  state_cost_loss: 0.9981  value_loss: -2.9134
Step:   290000  |  score: 41.10 ± 33.91  |  actor_loss: 3.2452  cost_loss: 0.9761  q_loss: 0.0528  reward_max: 0.9069  reward_mean: -0.0310  reward_min: -1.6938  state_cost_loss: 0.9779  value_loss: -3.1224
Step:   300000  |  score: 65.24 ± 36.11  |  actor_loss: 3.3034  cost_loss: 0.9888  q_loss: 0.0435  reward_max: 1.1030  reward_mean: -0.0429  reward_min: -2.1398  state_cost_loss: 0.9954  value_loss: -2.9539
Step:   310000  |  score: 76.34 ± 27.95  |  actor_loss: 3.4096  cost_loss: 0.9633  q_loss: 0.0535  reward_max: 0.9517  reward_mean: -0.0307  reward_min: -1.4239  state_cost_loss: 0.9629  value_loss: -3.0529
Step:   320000  |  score: 44.19 ± 40.30  |  actor_loss: 3.3231  cost_loss: 0.9483  q_loss: 0.0392  reward_max: 1.3645  reward_mean: -0.0342  reward_min: -2.2578  state_cost_loss: 0.9469  value_loss: -3.1615
Step:   330000  |  score: 64.39 ± 34.37  |  actor_loss: 3.5668  cost_loss: 0.9602  q_loss: 0.0552  reward_max: 1.5901  reward_mean: -0.0205  reward_min: -1.6175  state_cost_loss: 0.9607  value_loss: -2.9957
Step:   340000  |  score: 50.96 ± 39.39  |  actor_loss: 3.3732  cost_loss: 0.9150  q_loss: 0.0361  reward_max: 0.8847  reward_mean: -0.0488  reward_min: -1.8758  state_cost_loss: 0.9181  value_loss: -3.5014
Step:   350000  |  score: 64.69 ± 32.81  |  actor_loss: 3.3031  cost_loss: 0.9674  q_loss: 0.0385  reward_max: 0.9286  reward_mean: -0.0210  reward_min: -1.7664  state_cost_loss: 0.9673  value_loss: -2.9999
Step:   360000  |  score: 65.53 ± 36.88  |  actor_loss: 3.4160  cost_loss: 0.9663  q_loss: 0.0395  reward_max: 1.0379  reward_mean: -0.0459  reward_min: -2.1072  state_cost_loss: 0.9669  value_loss: -3.1834
Step:   370000  |  score: 60.61 ± 36.43  |  actor_loss: 3.6784  cost_loss: 0.9065  q_loss: 0.0383  reward_max: 1.0910  reward_mean: -0.0354  reward_min: -1.8470  state_cost_loss: 0.9056  value_loss: -3.4800
Step:   380000  |  score: 58.61 ± 36.85  |  actor_loss: 3.4791  cost_loss: 0.9775  q_loss: 0.0541  reward_max: 1.5724  reward_mean: -0.0197  reward_min: -1.5476  state_cost_loss: 0.9842  value_loss: -2.9569
Step:   390000  |  score: 77.79 ± 28.44  |  actor_loss: 3.1421  cost_loss: 1.0240  q_loss: 0.0316  reward_max: 0.9927  reward_mean: -0.0399  reward_min: -1.6477  state_cost_loss: 1.0271  value_loss: -2.7098
Step:   400000  |  score: 84.32 ± 8.15  |  actor_loss: 3.3369  cost_loss: 0.9621  q_loss: 0.0416  reward_max: 1.0528  reward_mean: -0.0388  reward_min: -1.7754  state_cost_loss: 0.9647  value_loss: -2.9365
Step:   410000  |  score: 67.09 ± 37.17  |  actor_loss: 3.4359  cost_loss: 0.9713  q_loss: 0.0335  reward_max: 1.5469  reward_mean: -0.0602  reward_min: -2.5854  state_cost_loss: 0.9762  value_loss: -3.1130
Step:   420000  |  score: 65.21 ± 35.50  |  actor_loss: 3.3030  cost_loss: 0.9687  q_loss: 0.0393  reward_max: 1.4109  reward_mean: -0.0040  reward_min: -1.9582  state_cost_loss: 0.9685  value_loss: -2.8790
Step:   430000  |  score: 55.80 ± 30.35  |  actor_loss: 3.4328  cost_loss: 0.9539  q_loss: 0.0530  reward_max: 1.5271  reward_mean: -0.0390  reward_min: -1.5362  state_cost_loss: 0.9561  value_loss: -2.9964
Step:   440000  |  score: 57.16 ± 34.62  |  actor_loss: 3.3419  cost_loss: 0.9411  q_loss: 0.0461  reward_max: 1.0029  reward_mean: -0.0225  reward_min: -1.1094  state_cost_loss: 0.9472  value_loss: -3.0729
Step:   450000  |  score: 82.00 ± 10.99  |  actor_loss: 3.3742  cost_loss: 0.9502  q_loss: 0.0334  reward_max: 1.4576  reward_mean: -0.0136  reward_min: -1.9564  state_cost_loss: 0.9553  value_loss: -3.0095
Step:   460000  |  score: 46.05 ± 43.37  |  actor_loss: 3.3517  cost_loss: 0.9811  q_loss: 0.0375  reward_max: 1.1360  reward_mean: -0.0326  reward_min: -1.5345  state_cost_loss: 0.9861  value_loss: -2.9185
Step:   470000  |  score: 74.10 ± 29.66  |  actor_loss: 3.3440  cost_loss: 0.9618  q_loss: 0.0651  reward_max: 1.5390  reward_mean: -0.0123  reward_min: -1.8539  state_cost_loss: 0.9689  value_loss: -3.0922
Step:   480000  |  score: 66.09 ± 36.39  |  actor_loss: 3.2250  cost_loss: 0.9478  q_loss: 0.0400  reward_max: 1.0585  reward_mean: -0.0189  reward_min: -1.8323  state_cost_loss: 0.9461  value_loss: -3.1109
Step:   490000  |  score: 81.78 ± 19.73  |  actor_loss: 3.3785  cost_loss: 0.9394  q_loss: 0.0415  reward_max: 0.8587  reward_mean: -0.0427  reward_min: -1.9349  state_cost_loss: 0.9412  value_loss: -3.2372
Step:   500000  |  score: 48.81 ± 35.55  |  actor_loss: 3.2986  cost_loss: 0.9778  q_loss: 0.0373  reward_max: 1.5375  reward_mean: -0.0137  reward_min: -1.5688  state_cost_loss: 0.9805  value_loss: -2.7853
Step:   510000  |  score: 58.52 ± 39.23  |  actor_loss: 3.1276  cost_loss: 0.9798  q_loss: 0.0426  reward_max: 1.1393  reward_mean: -0.0449  reward_min: -1.8575  state_cost_loss: 0.9856  value_loss: -2.9204
Step:   520000  |  score: 72.87 ± 27.37  |  actor_loss: 3.4162  cost_loss: 0.9832  q_loss: 0.0407  reward_max: 1.2890  reward_mean: -0.0339  reward_min: -3.0015  state_cost_loss: 0.9855  value_loss: -2.8493
Step:   530000  |  score: 75.88 ± 27.50  |  actor_loss: 3.4218  cost_loss: 0.9804  q_loss: 0.0368  reward_max: 1.4622  reward_mean: -0.0187  reward_min: -1.4463  state_cost_loss: 0.9825  value_loss: -2.9703
Step:   540000  |  score: 88.04 ± 3.02  |  actor_loss: 3.1796  cost_loss: 0.9919  q_loss: 0.0377  reward_max: 1.0880  reward_mean: -0.0308  reward_min: -1.7648  state_cost_loss: 0.9961  value_loss: -2.8921
Step:   550000  |  score: 89.64 ± 2.63  |  actor_loss: 3.5226  cost_loss: 0.9271  q_loss: 0.0411  reward_max: 1.2850  reward_mean: -0.0085  reward_min: -1.5023  state_cost_loss: 0.9275  value_loss: -3.2052
Step:   560000  |  score: 56.38 ± 37.15  |  actor_loss: 3.3975  cost_loss: 0.9390  q_loss: 0.0348  reward_max: 0.8833  reward_mean: -0.0203  reward_min: -1.8862  state_cost_loss: 0.9419  value_loss: -3.2485
Step:   570000  |  score: 78.20 ± 28.58  |  actor_loss: 3.6193  cost_loss: 0.9502  q_loss: 0.0360  reward_max: 1.4864  reward_mean: -0.0407  reward_min: -1.5694  state_cost_loss: 0.9492  value_loss: -3.2357
Step:   580000  |  score: 77.89 ± 27.88  |  actor_loss: 3.5106  cost_loss: 0.9297  q_loss: 0.0425  reward_max: 1.0454  reward_mean: -0.0452  reward_min: -2.2773  state_cost_loss: 0.9317  value_loss: -3.1228
Step:   590000  |  score: 68.82 ± 37.48  |  actor_loss: 3.2871  cost_loss: 0.9937  q_loss: 0.0418  reward_max: 0.9860  reward_mean: -0.0387  reward_min: -2.9201  state_cost_loss: 1.0010  value_loss: -2.8907
Step:   600000  |  score: 91.30 ± 1.34  |  actor_loss: 3.6194  cost_loss: 0.9456  q_loss: 0.0335  reward_max: 1.4953  reward_mean: -0.0241  reward_min: -1.2773  state_cost_loss: 0.9498  value_loss: -3.1363
Step:   610000  |  score: 79.06 ± 28.85  |  actor_loss: 3.3022  cost_loss: 0.9811  q_loss: 0.0359  reward_max: 1.1905  reward_mean: -0.0162  reward_min: -1.9675  state_cost_loss: 0.9854  value_loss: -3.0063
Step:   620000  |  score: 80.32 ± 22.45  |  actor_loss: 3.2514  cost_loss: 0.9849  q_loss: 0.0295  reward_max: 0.9875  reward_mean: -0.0217  reward_min: -2.3425  state_cost_loss: 0.9854  value_loss: -3.0204
Step:   630000  |  score: 80.59 ± 27.84  |  actor_loss: 3.0630  cost_loss: 1.0073  q_loss: 0.0321  reward_max: 0.8895  reward_mean: -0.0243  reward_min: -1.2951  state_cost_loss: 1.0101  value_loss: -2.7970
Step:   640000  |  score: 80.38 ± 29.27  |  actor_loss: 3.6302  cost_loss: 0.9020  q_loss: 0.0313  reward_max: 1.1876  reward_mean: -0.0355  reward_min: -2.2544  state_cost_loss: 0.9022  value_loss: -3.5378
Step:   650000  |  score: 87.17 ± 2.68  |  actor_loss: 3.7058  cost_loss: 0.9214  q_loss: 0.0305  reward_max: 1.2888  reward_mean: -0.0573  reward_min: -1.3361  state_cost_loss: 0.9252  value_loss: -3.5160
Step:   660000  |  score: 70.90 ± 34.80  |  actor_loss: 3.4260  cost_loss: 0.9346  q_loss: 0.0396  reward_max: 1.0549  reward_mean: -0.0266  reward_min: -1.2938  state_cost_loss: 0.9368  value_loss: -3.4495
Step:   670000  |  score: 77.27 ± 27.61  |  actor_loss: 3.4181  cost_loss: 0.9588  q_loss: 0.0439  reward_max: 1.3388  reward_mean: -0.0462  reward_min: -1.6620  state_cost_loss: 0.9621  value_loss: -3.3307
Step:   680000  |  score: 90.35 ± 3.14  |  actor_loss: 3.3762  cost_loss: 0.9458  q_loss: 0.0385  reward_max: 0.9625  reward_mean: -0.0548  reward_min: -1.4455  state_cost_loss: 0.9469  value_loss: -3.2529
Step:   690000  |  score: 90.40 ± 3.24  |  actor_loss: 3.2736  cost_loss: 0.9784  q_loss: 0.0286  reward_max: 0.9349  reward_mean: -0.0318  reward_min: -1.3062  state_cost_loss: 0.9779  value_loss: -3.1659
Step:   700000  |  score: 91.00 ± 1.12  |  actor_loss: 3.3472  cost_loss: 0.9366  q_loss: 0.0362  reward_max: 1.1717  reward_mean: -0.0498  reward_min: -2.9327  state_cost_loss: 0.9360  value_loss: -3.4247
Step:   710000  |  score: 92.14 ± 1.28  |  actor_loss: 3.4101  cost_loss: 0.9587  q_loss: 0.0358  reward_max: 1.3114  reward_mean: -0.0222  reward_min: -1.5691  state_cost_loss: 0.9615  value_loss: -3.3588
Step:   720000  |  score: 79.29 ± 27.65  |  actor_loss: 3.3842  cost_loss: 0.9629  q_loss: 0.0375  reward_max: 1.0146  reward_mean: -0.0574  reward_min: -2.0147  state_cost_loss: 0.9728  value_loss: -3.3123
Step:   730000  |  score: 90.45 ± 1.07  |  actor_loss: 3.5485  cost_loss: 0.9415  q_loss: 0.0366  reward_max: 1.2552  reward_mean: -0.0432  reward_min: -1.7574  state_cost_loss: 0.9468  value_loss: -3.3551
Step:   740000  |  score: 81.27 ± 23.87  |  actor_loss: 3.4738  cost_loss: 0.9365  q_loss: 0.0378  reward_max: 0.8073  reward_mean: -0.0360  reward_min: -1.5296  state_cost_loss: 0.9363  value_loss: -3.4384
Step:   750000  |  score: 86.54 ± 11.45  |  actor_loss: 3.3470  cost_loss: 0.9629  q_loss: 0.0330  reward_max: 1.1727  reward_mean: -0.0401  reward_min: -2.2385  state_cost_loss: 0.9651  value_loss: -3.2780
Step:   760000  |  score: 78.70 ± 28.34  |  actor_loss: 3.5184  cost_loss: 0.9291  q_loss: 0.0324  reward_max: 1.2830  reward_mean: -0.0280  reward_min: -1.7733  state_cost_loss: 0.9310  value_loss: -3.4968
Step:   770000  |  score: 89.41 ± 3.32  |  actor_loss: 2.9980  cost_loss: 1.0188  q_loss: 0.0288  reward_max: 2.0885  reward_mean: -0.0202  reward_min: -1.7632  state_cost_loss: 1.0205  value_loss: -2.9106
Step:   780000  |  score: 90.89 ± 1.71  |  actor_loss: 3.2732  cost_loss: 0.9631  q_loss: 0.0393  reward_max: 1.0908  reward_mean: -0.0292  reward_min: -1.2441  state_cost_loss: 0.9671  value_loss: -3.5306
Step:   790000  |  score: 77.52 ± 28.19  |  actor_loss: 3.5011  cost_loss: 0.9768  q_loss: 0.0336  reward_max: 1.3231  reward_mean: -0.0444  reward_min: -3.0074  state_cost_loss: 0.9851  value_loss: -3.4336
Step:   800000  |  score: 81.24 ± 29.50  |  actor_loss: 3.5622  cost_loss: 0.9656  q_loss: 0.0357  reward_max: 1.2397  reward_mean: -0.0402  reward_min: -1.9306  state_cost_loss: 0.9680  value_loss: -3.4324
Step:   810000  |  score: 80.12 ± 20.29  |  actor_loss: 3.3463  cost_loss: 0.9716  q_loss: 0.0367  reward_max: 0.9665  reward_mean: -0.0552  reward_min: -1.4952  state_cost_loss: 0.9741  value_loss: -3.3668
Step:   820000  |  score: 74.49 ± 27.81  |  actor_loss: 3.3492  cost_loss: 0.9635  q_loss: 0.0367  reward_max: 1.0977  reward_mean: -0.0444  reward_min: -1.4666  state_cost_loss: 0.9652  value_loss: -3.3536
Step:   830000  |  score: 90.70 ± 2.53  |  actor_loss: 3.2587  cost_loss: 0.9967  q_loss: 0.0259  reward_max: 0.9196  reward_mean: -0.0351  reward_min: -1.4415  state_cost_loss: 1.0026  value_loss: -3.2117
Step:   840000  |  score: 79.76 ± 28.96  |  actor_loss: 3.8460  cost_loss: 0.9158  q_loss: 0.0313  reward_max: 1.4028  reward_mean: -0.0424  reward_min: -3.0097  state_cost_loss: 0.9170  value_loss: -3.6662
Step:   850000  |  score: 78.60 ± 28.50  |  actor_loss: 3.3411  cost_loss: 0.9877  q_loss: 0.0322  reward_max: 0.8628  reward_mean: -0.0430  reward_min: -1.7700  state_cost_loss: 0.9902  value_loss: -3.1456
Step:   860000  |  score: 92.40 ± 1.08  |  actor_loss: 3.1147  cost_loss: 1.0077  q_loss: 0.0259  reward_max: 0.9966  reward_mean: -0.0194  reward_min: -1.8116  state_cost_loss: 1.0064  value_loss: -3.1437
Step:   870000  |  score: 80.30 ± 29.37  |  actor_loss: 3.6522  cost_loss: 0.9155  q_loss: 0.0438  reward_max: 1.1367  reward_mean: -0.0343  reward_min: -1.6837  state_cost_loss: 0.9159  value_loss: -3.6755
Step:   880000  |  score: 90.57 ± 1.08  |  actor_loss: 3.4426  cost_loss: 0.9687  q_loss: 0.0329  reward_max: 1.3331  reward_mean: -0.0398  reward_min: -1.9673  state_cost_loss: 0.9720  value_loss: -3.3210
Step:   890000  |  score: 89.35 ± 1.36  |  actor_loss: 3.3462  cost_loss: 0.9406  q_loss: 0.0331  reward_max: 1.4779  reward_mean: -0.0540  reward_min: -1.8084  state_cost_loss: 0.9452  value_loss: -3.4681
Step:   900000  |  score: 79.86 ± 29.22  |  actor_loss: 3.4378  cost_loss: 0.9846  q_loss: 0.0338  reward_max: 1.1889  reward_mean: -0.0083  reward_min: -1.7123  state_cost_loss: 0.9845  value_loss: -3.2199
Step:   910000  |  score: 87.15 ± 9.09  |  actor_loss: 3.4309  cost_loss: 0.9321  q_loss: 0.0357  reward_max: 0.9873  reward_mean: -0.0287  reward_min: -1.0921  state_cost_loss: 0.9330  value_loss: -3.3788
Step:   920000  |  score: 88.78 ± 1.34  |  actor_loss: 2.9974  cost_loss: 0.9989  q_loss: 0.0319  reward_max: 1.2348  reward_mean: -0.0436  reward_min: -2.1656  state_cost_loss: 1.0017  value_loss: -3.0269
Step:   930000  |  score: 90.18 ± 1.59  |  actor_loss: 3.2189  cost_loss: 0.9817  q_loss: 0.0301  reward_max: 0.9864  reward_mean: -0.0413  reward_min: -2.2225  state_cost_loss: 0.9852  value_loss: -3.0871
Step:   940000  |  score: 81.31 ± 28.66  |  actor_loss: 3.2577  cost_loss: 0.9652  q_loss: 0.0430  reward_max: 1.1733  reward_mean: -0.0308  reward_min: -1.7647  state_cost_loss: 0.9670  value_loss: -3.1223
Step:   950000  |  score: 89.01 ± 1.15  |  actor_loss: 3.6352  cost_loss: 0.9319  q_loss: 0.0348  reward_max: 1.2070  reward_mean: -0.0530  reward_min: -2.4812  state_cost_loss: 0.9352  value_loss: -3.3424
Step:   960000  |  score: 90.94 ± 2.03  |  actor_loss: 3.5036  cost_loss: 0.9562  q_loss: 0.0346  reward_max: 1.0160  reward_mean: -0.0161  reward_min: -2.0593  state_cost_loss: 0.9586  value_loss: -3.1838
Step:   970000  |  score: 89.90 ± 2.85  |  actor_loss: 3.5525  cost_loss: 0.9364  q_loss: 0.0407  reward_max: 1.0230  reward_mean: -0.0125  reward_min: -0.8948  state_cost_loss: 0.9370  value_loss: -3.3184
Step:   980000  |  score: 77.36 ± 28.43  |  actor_loss: 3.4543  cost_loss: 0.9613  q_loss: 0.0286  reward_max: 1.0028  reward_mean: -0.0350  reward_min: -2.0954  state_cost_loss: 0.9662  value_loss: -3.3381
Step:   990000  |  score: 90.62 ± 1.83  |  actor_loss: 3.2447  cost_loss: 0.9999  q_loss: 0.0278  reward_max: 1.5834  reward_mean: -0.0262  reward_min: -2.0678  state_cost_loss: 1.0034  value_loss: -3.0081
Step:  1000000  |  score: 91.23 ± 1.08  |  actor_loss: 3.3588  cost_loss: 0.9322  q_loss: 0.0352  reward_max: 1.1263  reward_mean: -0.0175  reward_min: -1.3792  state_cost_loss: 0.9321  value_loss: -3.3793
Step:  1010000  |  score: 84.68 ± 18.71  |  actor_loss: 3.1799  cost_loss: 0.9893  q_loss: 0.0329  reward_max: 1.0636  reward_mean: -0.0560  reward_min: -2.5951  state_cost_loss: 0.9945  value_loss: -3.0796
Step:  1020000  |  score: 81.14 ± 27.67  |  actor_loss: 3.3468  cost_loss: 0.9343  q_loss: 0.0371  reward_max: 1.0313  reward_mean: -0.0414  reward_min: -2.6087  state_cost_loss: 0.9407  value_loss: -3.4236
Step:  1030000  |  score: 90.01 ± 1.67  |  actor_loss: 3.2105  cost_loss: 1.0283  q_loss: 0.0322  reward_max: 1.7684  reward_mean: -0.0173  reward_min: -2.0725  state_cost_loss: 1.0289  value_loss: -2.7847
Step:  1040000  |  score: 89.16 ± 0.71  |  actor_loss: 3.4527  cost_loss: 0.9568  q_loss: 0.0333  reward_max: 1.6145  reward_mean: -0.0197  reward_min: -2.2553  state_cost_loss: 0.9576  value_loss: -3.1212
Step:  1050000  |  score: 80.22 ± 29.07  |  actor_loss: 3.1657  cost_loss: 0.9893  q_loss: 0.0270  reward_max: 0.8099  reward_mean: -0.0243  reward_min: -1.8628  state_cost_loss: 0.9966  value_loss: -2.9649
Step:  1060000  |  score: 91.25 ± 1.72  |  actor_loss: 3.5238  cost_loss: 0.9520  q_loss: 0.0271  reward_max: 1.2596  reward_mean: -0.0245  reward_min: -1.6460  state_cost_loss: 0.9586  value_loss: -3.2321
Step:  1070000  |  score: 90.07 ± 1.29  |  actor_loss: 3.1628  cost_loss: 0.9607  q_loss: 0.0310  reward_max: 1.0071  reward_mean: -0.0509  reward_min: -2.3871  state_cost_loss: 0.9637  value_loss: -3.1366
Step:  1080000  |  score: 86.36 ± 13.44  |  actor_loss: 3.1059  cost_loss: 0.9936  q_loss: 0.0327  reward_max: 0.9192  reward_mean: -0.0275  reward_min: -1.3460  state_cost_loss: 0.9954  value_loss: -3.0079
Step:  1090000  |  score: 91.51 ± 1.91  |  actor_loss: 3.2147  cost_loss: 0.9693  q_loss: 0.0297  reward_max: 1.0438  reward_mean: -0.0432  reward_min: -1.8978  state_cost_loss: 0.9722  value_loss: -3.2827
Step:  1100000  |  score: 88.92 ± 7.26  |  actor_loss: 3.6756  cost_loss: 0.9357  q_loss: 0.0379  reward_max: 1.0292  reward_mean: -0.0388  reward_min: -2.5447  state_cost_loss: 0.9366  value_loss: -3.4718
Step:  1110000  |  score: 90.00 ± 0.84  |  actor_loss: 3.4335  cost_loss: 0.9502  q_loss: 0.0360  reward_max: 1.2206  reward_mean: -0.0241  reward_min: -1.9512  state_cost_loss: 0.9521  value_loss: -3.3432
Step:  1120000  |  score: 79.88 ± 28.92  |  actor_loss: 3.3325  cost_loss: 0.9623  q_loss: 0.0295  reward_max: 0.8121  reward_mean: -0.0387  reward_min: -2.1953  state_cost_loss: 0.9644  value_loss: -3.3793
Step:  1130000  |  score: 80.03 ± 29.34  |  actor_loss: 3.4725  cost_loss: 0.9513  q_loss: 0.0390  reward_max: 1.8603  reward_mean: -0.0358  reward_min: -1.6478  state_cost_loss: 0.9548  value_loss: -3.3336
Step:  1140000  |  score: 91.35 ± 0.57  |  actor_loss: 3.2444  cost_loss: 0.9781  q_loss: 0.0369  reward_max: 1.1659  reward_mean: -0.0352  reward_min: -2.1376  state_cost_loss: 0.9826  value_loss: -3.1815
Step:  1150000  |  score: 89.11 ± 1.19  |  actor_loss: 3.5668  cost_loss: 0.9641  q_loss: 0.0346  reward_max: 1.7832  reward_mean: -0.0558  reward_min: -3.0079  state_cost_loss: 0.9681  value_loss: -3.2331
Step:  1160000  |  score: 85.62 ± 7.82  |  actor_loss: 3.2859  cost_loss: 0.9847  q_loss: 0.0317  reward_max: 1.4373  reward_mean: -0.0398  reward_min: -1.5557  state_cost_loss: 0.9827  value_loss: -3.0533
Step:  1170000  |  score: 90.65 ± 1.21  |  actor_loss: 3.3626  cost_loss: 0.9714  q_loss: 0.0310  reward_max: 1.3972  reward_mean: -0.0267  reward_min: -1.2979  state_cost_loss: 0.9727  value_loss: -3.2304
Step:  1180000  |  score: 90.42 ± 1.65  |  actor_loss: 3.5107  cost_loss: 0.9687  q_loss: 0.0326  reward_max: 1.0106  reward_mean: -0.0237  reward_min: -1.4350  state_cost_loss: 0.9725  value_loss: -3.2148
Step:  1190000  |  score: 92.30 ± 1.50  |  actor_loss: 3.6519  cost_loss: 0.9360  q_loss: 0.0313  reward_max: 0.8126  reward_mean: -0.0407  reward_min: -1.1841  state_cost_loss: 0.9381  value_loss: -3.3711
Step:  1200000  |  score: 91.55 ± 0.71  |  actor_loss: 3.1580  cost_loss: 1.0088  q_loss: 0.0350  reward_max: 1.0257  reward_mean: -0.0463  reward_min: -2.0033  state_cost_loss: 1.0143  value_loss: -3.0134
Step:  1210000  |  score: 79.99 ± 29.02  |  actor_loss: 3.4970  cost_loss: 0.9507  q_loss: 0.0340  reward_max: 1.2315  reward_mean: -0.0390  reward_min: -1.6386  state_cost_loss: 0.9559  value_loss: -3.3324
Step:  1220000  |  score: 91.63 ± 0.60  |  actor_loss: 3.7236  cost_loss: 0.9386  q_loss: 0.0338  reward_max: 0.9302  reward_mean: -0.0300  reward_min: -1.7984  state_cost_loss: 0.9430  value_loss: -3.3074
Step:  1230000  |  score: 92.81 ± 1.30  |  actor_loss: 3.4713  cost_loss: 0.9587  q_loss: 0.0383  reward_max: 1.3585  reward_mean: -0.0341  reward_min: -2.5076  state_cost_loss: 0.9608  value_loss: -3.1775
Step:  1240000  |  score: 90.59 ± 1.75  |  actor_loss: 3.4579  cost_loss: 0.9476  q_loss: 0.0496  reward_max: 1.1768  reward_mean: -0.0384  reward_min: -1.6481  state_cost_loss: 0.9510  value_loss: -3.2669
Step:  1250000  |  score: 90.61 ± 2.38  |  actor_loss: 3.0245  cost_loss: 0.9956  q_loss: 0.0347  reward_max: 1.4494  reward_mean: -0.0346  reward_min: -1.4692  state_cost_loss: 0.9989  value_loss: -3.0166
Step:  1260000  |  score: 91.69 ± 0.87  |  actor_loss: 3.1671  cost_loss: 0.9897  q_loss: 0.0316  reward_max: 1.1736  reward_mean: -0.0280  reward_min: -1.9430  state_cost_loss: 0.9915  value_loss: -3.1136
Step:  1270000  |  score: 92.74 ± 0.78  |  actor_loss: 3.3837  cost_loss: 0.9285  q_loss: 0.0358  reward_max: 1.2846  reward_mean: -0.0320  reward_min: -2.3007  state_cost_loss: 0.9344  value_loss: -3.4731
Step:  1280000  |  score: 88.22 ± 5.48  |  actor_loss: 3.1133  cost_loss: 1.0001  q_loss: 0.0291  reward_max: 1.0602  reward_mean: -0.0411  reward_min: -1.7532  state_cost_loss: 1.0058  value_loss: -3.0666
Step:  1290000  |  score: 90.90 ± 0.82  |  actor_loss: 3.3464  cost_loss: 0.9538  q_loss: 0.0361  reward_max: 1.6343  reward_mean: -0.0275  reward_min: -1.5289  state_cost_loss: 0.9598  value_loss: -3.2203
Step:  1300000  |  score: 89.05 ± 2.07  |  actor_loss: 3.1282  cost_loss: 1.0079  q_loss: 0.0304  reward_max: 0.9209  reward_mean: -0.0521  reward_min: -1.8860  state_cost_loss: 1.0076  value_loss: -2.8325
Step:  1310000  |  score: 91.43 ± 1.69  |  actor_loss: 3.5764  cost_loss: 0.9012  q_loss: 0.0358  reward_max: 1.3477  reward_mean: -0.0461  reward_min: -1.9308  state_cost_loss: 0.9073  value_loss: -3.5247
Step:  1320000  |  score: 92.70 ± 0.99  |  actor_loss: 3.1661  cost_loss: 0.9828  q_loss: 0.0275  reward_max: 1.0326  reward_mean: -0.0490  reward_min: -1.6127  state_cost_loss: 0.9886  value_loss: -3.0538
Step:  1330000  |  score: 91.01 ± 1.40  |  actor_loss: 3.1834  cost_loss: 0.9881  q_loss: 0.0294  reward_max: 0.9083  reward_mean: -0.0558  reward_min: -1.4169  state_cost_loss: 0.9899  value_loss: -2.9514
Step:  1340000  |  score: 92.58 ± 1.72  |  actor_loss: 3.2421  cost_loss: 0.9782  q_loss: 0.0283  reward_max: 1.0260  reward_mean: -0.0230  reward_min: -1.1516  state_cost_loss: 0.9812  value_loss: -2.8658
Step:  1350000  |  score: 88.96 ± 1.36  |  actor_loss: 3.1941  cost_loss: 0.9809  q_loss: 0.0351  reward_max: 1.4366  reward_mean: -0.0097  reward_min: -1.6795  state_cost_loss: 0.9829  value_loss: -2.8706
Step:  1360000  |  score: 90.93 ± 1.02  |  actor_loss: 3.3620  cost_loss: 0.9940  q_loss: 0.0245  reward_max: 1.1295  reward_mean: -0.0210  reward_min: -1.3387  state_cost_loss: 1.0005  value_loss: -2.8875
Step:  1370000  |  score: 79.50 ± 28.81  |  actor_loss: 3.1478  cost_loss: 0.9907  q_loss: 0.0339  reward_max: 0.9622  reward_mean: -0.0433  reward_min: -2.0343  state_cost_loss: 0.9927  value_loss: -2.9405
Step:  1380000  |  score: 92.25 ± 1.87  |  actor_loss: 3.1525  cost_loss: 0.9775  q_loss: 0.0351  reward_max: 1.0561  reward_mean: -0.0626  reward_min: -1.7653  state_cost_loss: 0.9839  value_loss: -3.0102
Step:  1390000  |  score: 90.23 ± 1.13  |  actor_loss: 3.3375  cost_loss: 0.9488  q_loss: 0.0320  reward_max: 1.3231  reward_mean: -0.0374  reward_min: -2.7252  state_cost_loss: 0.9540  value_loss: -3.2000
Step:  1400000  |  score: 90.77 ± 2.57  |  actor_loss: 3.2194  cost_loss: 0.9989  q_loss: 0.0338  reward_max: 1.1295  reward_mean: -0.0255  reward_min: -1.8383  state_cost_loss: 1.0056  value_loss: -2.9038
Step:  1410000  |  score: 79.46 ± 28.81  |  actor_loss: 3.5109  cost_loss: 0.9328  q_loss: 0.0341  reward_max: 1.1956  reward_mean: -0.0449  reward_min: -2.3134  state_cost_loss: 0.9393  value_loss: -3.3544
Step:  1420000  |  score: 92.41 ± 0.55  |  actor_loss: 3.4517  cost_loss: 0.9767  q_loss: 0.0346  reward_max: 1.1447  reward_mean: -0.0443  reward_min: -1.5855  state_cost_loss: 0.9835  value_loss: -3.1426
Step:  1430000  |  score: 91.27 ± 1.00  |  actor_loss: 3.3294  cost_loss: 0.9664  q_loss: 0.0310  reward_max: 1.4444  reward_mean: -0.0221  reward_min: -1.6521  state_cost_loss: 0.9686  value_loss: -3.1600
Step:  1440000  |  score: 91.54 ± 0.98  |  actor_loss: 3.4252  cost_loss: 0.9646  q_loss: 0.0258  reward_max: 1.3329  reward_mean: -0.0137  reward_min: -2.3384  state_cost_loss: 0.9675  value_loss: -3.0889
Step:  1450000  |  score: 86.51 ± 15.68  |  actor_loss: 3.2209  cost_loss: 0.9663  q_loss: 0.0319  reward_max: 0.8648  reward_mean: -0.0340  reward_min: -1.3636  state_cost_loss: 0.9677  value_loss: -3.1213
Step:  1460000  |  score: 89.18 ± 1.92  |  actor_loss: 3.0894  cost_loss: 0.9795  q_loss: 0.0443  reward_max: 0.8373  reward_mean: -0.0425  reward_min: -1.6099  state_cost_loss: 0.9828  value_loss: -3.1003
Step:  1470000  |  score: 90.72 ± 0.99  |  actor_loss: 3.3564  cost_loss: 1.0096  q_loss: 0.0311  reward_max: 1.1623  reward_mean: -0.0286  reward_min: -2.2820  state_cost_loss: 1.0160  value_loss: -2.8330
Step:  1480000  |  score: 91.75 ± 1.68  |  actor_loss: 3.4443  cost_loss: 0.9352  q_loss: 0.0367  reward_max: 1.3279  reward_mean: -0.0320  reward_min: -2.0304  state_cost_loss: 0.9366  value_loss: -3.2846
Step:  1490000  |  score: 90.91 ± 1.79  |  actor_loss: 3.5521  cost_loss: 0.9518  q_loss: 0.0319  reward_max: 0.9369  reward_mean: -0.0185  reward_min: -1.3659  state_cost_loss: 0.9541  value_loss: -3.0380
Step:  1500000  |  score: 92.06 ± 0.59  |  actor_loss: 3.1850  cost_loss: 0.9936  q_loss: 0.0294  reward_max: 1.2742  reward_mean: -0.0156  reward_min: -1.8235  state_cost_loss: 0.9932  value_loss: -2.8733
Step:  1510000  |  score: 85.33 ± 12.13  |  actor_loss: 3.2368  cost_loss: 0.9871  q_loss: 0.0424  reward_max: 1.1482  reward_mean: -0.0497  reward_min: -2.0197  state_cost_loss: 0.9879  value_loss: -2.9768
Step:  1520000  |  score: 91.63 ± 1.24  |  actor_loss: 3.2086  cost_loss: 0.9841  q_loss: 0.0288  reward_max: 1.0302  reward_mean: -0.0365  reward_min: -1.4619  state_cost_loss: 0.9850  value_loss: -3.1218
Step:  1530000  |  score: 91.73 ± 1.00  |  actor_loss: 3.4789  cost_loss: 0.9478  q_loss: 0.0420  reward_max: 1.4418  reward_mean: -0.0262  reward_min: -1.3068  state_cost_loss: 0.9471  value_loss: -3.2873
Step:  1540000  |  score: 92.80 ± 0.66  |  actor_loss: 3.4818  cost_loss: 0.9360  q_loss: 0.0284  reward_max: 1.3519  reward_mean: -0.0464  reward_min: -1.7866  state_cost_loss: 0.9429  value_loss: -3.2843
Step:  1550000  |  score: 92.55 ± 0.85  |  actor_loss: 3.5017  cost_loss: 0.9468  q_loss: 0.0372  reward_max: 1.4142  reward_mean: -0.0051  reward_min: -2.2561  state_cost_loss: 0.9463  value_loss: -3.1772
Step:  1560000  |  score: 90.86 ± 0.60  |  actor_loss: 3.3631  cost_loss: 0.9375  q_loss: 0.0373  reward_max: 0.8485  reward_mean: -0.0458  reward_min: -2.1425  state_cost_loss: 0.9387  value_loss: -3.2498
Step:  1570000  |  score: 90.39 ± 0.76  |  actor_loss: 3.2278  cost_loss: 1.0210  q_loss: 0.0308  reward_max: 1.3215  reward_mean: -0.0189  reward_min: -2.0608  state_cost_loss: 1.0247  value_loss: -2.7781
Step:  1580000  |  score: 89.96 ± 0.86  |  actor_loss: 3.2123  cost_loss: 1.0127  q_loss: 0.0323  reward_max: 0.9049  reward_mean: -0.0478  reward_min: -1.9163  state_cost_loss: 1.0192  value_loss: -2.8699
Step:  1590000  |  score: 90.55 ± 1.11  |  actor_loss: 3.5837  cost_loss: 0.9431  q_loss: 0.0395  reward_max: 1.5904  reward_mean: -0.0259  reward_min: -1.4154  state_cost_loss: 0.9475  value_loss: -3.1339
Step:  1600000  |  score: 92.06 ± 0.89  |  actor_loss: 3.3113  cost_loss: 0.9642  q_loss: 0.0355  reward_max: 1.1841  reward_mean: -0.0332  reward_min: -2.4323  state_cost_loss: 0.9680  value_loss: -3.0502
Step:  1610000  |  score: 91.80 ± 2.04  |  actor_loss: 3.2930  cost_loss: 0.9586  q_loss: 0.0341  reward_max: 1.3187  reward_mean: -0.0289  reward_min: -2.0540  state_cost_loss: 0.9615  value_loss: -3.0513
Step:  1620000  |  score: 81.10 ± 28.95  |  actor_loss: 3.5486  cost_loss: 0.9527  q_loss: 0.0344  reward_max: 1.7391  reward_mean: -0.0392  reward_min: -2.4347  state_cost_loss: 0.9595  value_loss: -3.0248
Step:  1630000  |  score: 88.71 ± 11.22  |  actor_loss: 3.4327  cost_loss: 0.9597  q_loss: 0.0398  reward_max: 1.6740  reward_mean: -0.0217  reward_min: -1.4380  state_cost_loss: 0.9584  value_loss: -2.8668
Step:  1640000  |  score: 91.12 ± 0.82  |  actor_loss: 3.2207  cost_loss: 0.9966  q_loss: 0.0308  reward_max: 1.1917  reward_mean: -0.0438  reward_min: -1.5035  state_cost_loss: 0.9992  value_loss: -2.6458
Step:  1650000  |  score: 91.39 ± 1.06  |  actor_loss: 3.5275  cost_loss: 0.9604  q_loss: 0.0419  reward_max: 1.6995  reward_mean: -0.0038  reward_min: -2.1848  state_cost_loss: 0.9634  value_loss: -2.5017
Step:  1660000  |  score: 91.92 ± 0.82  |  actor_loss: 3.4235  cost_loss: 0.9449  q_loss: 0.0473  reward_max: 1.1434  reward_mean: -0.0501  reward_min: -1.5069  state_cost_loss: 0.9452  value_loss: -2.8369
Step:  1670000  |  score: 90.14 ± 1.40  |  actor_loss: 3.3769  cost_loss: 0.9711  q_loss: 0.0448  reward_max: 1.4221  reward_mean: -0.0324  reward_min: -1.6969  state_cost_loss: 0.9756  value_loss: -2.6971
Step:  1680000  |  score: 90.50 ± 1.65  |  actor_loss: 3.3399  cost_loss: 0.9831  q_loss: 0.0330  reward_max: 1.5318  reward_mean: -0.0398  reward_min: -1.7530  state_cost_loss: 0.9847  value_loss: -2.6597
Step:  1690000  |  score: 90.50 ± 1.05  |  actor_loss: 3.2344  cost_loss: 0.9880  q_loss: 0.0324  reward_max: 1.1417  reward_mean: -0.0044  reward_min: -1.5717  state_cost_loss: 0.9928  value_loss: -2.6480
Step:  1700000  |  score: 91.97 ± 0.55  |  actor_loss: 3.5518  cost_loss: 0.9477  q_loss: 0.0354  reward_max: 0.8833  reward_mean: -0.0393  reward_min: -1.6082  state_cost_loss: 0.9552  value_loss: -2.9665
Step:  1710000  |  score: 89.53 ± 1.11  |  actor_loss: 3.3995  cost_loss: 0.9624  q_loss: 0.0329  reward_max: 1.4986  reward_mean: -0.0223  reward_min: -2.3654  state_cost_loss: 0.9628  value_loss: -2.9120
Step:  1720000  |  score: 91.86 ± 2.40  |  actor_loss: 3.4026  cost_loss: 0.9640  q_loss: 0.0350  reward_max: 1.9796  reward_mean: -0.0157  reward_min: -1.3767  state_cost_loss: 0.9662  value_loss: -2.9363
Step:  1730000  |  score: 91.47 ± 0.91  |  actor_loss: 3.2980  cost_loss: 0.9671  q_loss: 0.0430  reward_max: 1.8861  reward_mean: 0.0011  reward_min: -1.2403  state_cost_loss: 0.9690  value_loss: -3.0576
Step:  1740000  |  score: 91.21 ± 1.03  |  actor_loss: 3.6623  cost_loss: 0.9005  q_loss: 0.0394  reward_max: 1.4334  reward_mean: -0.0441  reward_min: -1.6235  state_cost_loss: 0.8989  value_loss: -3.4762
Step:  1750000  |  score: 75.93 ± 31.46  |  actor_loss: 3.3215  cost_loss: 0.9778  q_loss: 0.0369  reward_max: 1.0032  reward_mean: -0.0423  reward_min: -1.8424  state_cost_loss: 0.9793  value_loss: -3.0939
Step:  1760000  |  score: 91.79 ± 1.28  |  actor_loss: 3.3424  cost_loss: 0.9706  q_loss: 0.0420  reward_max: 1.2165  reward_mean: -0.0314  reward_min: -1.1363  state_cost_loss: 0.9720  value_loss: -3.1016
Step:  1770000  |  score: 91.38 ± 1.13  |  actor_loss: 3.2302  cost_loss: 0.9526  q_loss: 0.0359  reward_max: 1.5931  reward_mean: -0.0361  reward_min: -2.3259  state_cost_loss: 0.9543  value_loss: -3.1768
Step:  1780000  |  score: 89.23 ± 1.95  |  actor_loss: 3.1025  cost_loss: 0.9869  q_loss: 0.0279  reward_max: 1.0119  reward_mean: -0.0491  reward_min: -1.5791  state_cost_loss: 0.9871  value_loss: -2.9658
Step:  1790000  |  score: 75.51 ± 31.59  |  actor_loss: 3.5067  cost_loss: 0.9677  q_loss: 0.0295  reward_max: 1.3814  reward_mean: -0.0293  reward_min: -2.3860  state_cost_loss: 0.9684  value_loss: -3.0185
Step:  1800000  |  score: 91.51 ± 0.66  |  actor_loss: 3.4546  cost_loss: 0.9835  q_loss: 0.0293  reward_max: 1.4010  reward_mean: -0.0224  reward_min: -1.7881  state_cost_loss: 0.9888  value_loss: -3.1380
Step:  1810000  |  score: 91.62 ± 1.03  |  actor_loss: 3.3026  cost_loss: 0.9850  q_loss: 0.0649  reward_max: 0.7533  reward_mean: -0.0570  reward_min: -2.1457  state_cost_loss: 0.9862  value_loss: -3.0322
Step:  1820000  |  score: 86.39 ± 13.50  |  actor_loss: 3.1145  cost_loss: 0.9795  q_loss: 0.0361  reward_max: 1.0962  reward_mean: -0.0176  reward_min: -2.9499  state_cost_loss: 0.9829  value_loss: -3.0077
Step:  1830000  |  score: 91.29 ± 0.82  |  actor_loss: 3.4807  cost_loss: 0.9144  q_loss: 0.0378  reward_max: 0.7925  reward_mean: -0.0669  reward_min: -2.0825  state_cost_loss: 0.9143  value_loss: -3.3746
Step:  1840000  |  score: 91.99 ± 1.28  |  actor_loss: 3.5165  cost_loss: 0.9426  q_loss: 0.0365  reward_max: 1.0621  reward_mean: -0.0175  reward_min: -2.3239  state_cost_loss: 0.9451  value_loss: -3.0449
Step:  1850000  |  score: 91.59 ± 1.53  |  actor_loss: 3.2196  cost_loss: 0.9656  q_loss: 0.0293  reward_max: 0.9568  reward_mean: -0.0394  reward_min: -2.0497  state_cost_loss: 0.9669  value_loss: -2.9140
Step:  1860000  |  score: 86.62 ± 8.78  |  actor_loss: 3.4763  cost_loss: 0.9623  q_loss: 0.0272  reward_max: 0.9905  reward_mean: -0.0470  reward_min: -2.1626  state_cost_loss: 0.9663  value_loss: -3.0151
Step:  1870000  |  score: 79.02 ± 19.49  |  actor_loss: 3.3637  cost_loss: 0.9726  q_loss: 0.0293  reward_max: 0.9893  reward_mean: -0.0281  reward_min: -2.5221  state_cost_loss: 0.9761  value_loss: -2.8931
Step:  1880000  |  score: 90.13 ± 0.62  |  actor_loss: 3.5090  cost_loss: 0.9884  q_loss: 0.0302  reward_max: 1.4507  reward_mean: -0.0147  reward_min: -1.3201  state_cost_loss: 0.9903  value_loss: -2.8664
Step:  1890000  |  score: 92.22 ± 0.80  |  actor_loss: 3.1972  cost_loss: 0.9987  q_loss: 0.0320  reward_max: 1.0095  reward_mean: -0.0367  reward_min: -1.6204  state_cost_loss: 1.0020  value_loss: -2.8098
Step:  1900000  |  score: 89.98 ± 0.59  |  actor_loss: 3.5455  cost_loss: 0.9199  q_loss: 0.0326  reward_max: 1.0100  reward_mean: -0.0192  reward_min: -1.7399  state_cost_loss: 0.9180  value_loss: -3.0562
Step:  1910000  |  score: 90.81 ± 0.89  |  actor_loss: 3.4334  cost_loss: 0.9711  q_loss: 0.0372  reward_max: 1.1134  reward_mean: -0.0594  reward_min: -3.0275  state_cost_loss: 0.9752  value_loss: -2.8978
Step:  1920000  |  score: 91.76 ± 1.05  |  actor_loss: 3.2726  cost_loss: 0.9875  q_loss: 0.0375  reward_max: 1.0764  reward_mean: -0.0199  reward_min: -1.7949  state_cost_loss: 0.9875  value_loss: -2.6005
Step:  1930000  |  score: 90.36 ± 1.49  |  actor_loss: 3.1642  cost_loss: 0.9753  q_loss: 0.0305  reward_max: 0.9429  reward_mean: -0.0360  reward_min: -1.5850  state_cost_loss: 0.9774  value_loss: -2.9215
Step:  1940000  |  score: 92.11 ± 0.94  |  actor_loss: 3.2899  cost_loss: 0.9572  q_loss: 0.0303  reward_max: 1.0663  reward_mean: -0.0434  reward_min: -1.6841  state_cost_loss: 0.9599  value_loss: -2.8290
Step:  1950000  |  score: 92.27 ± 0.96  |  actor_loss: 3.4788  cost_loss: 0.9188  q_loss: 0.0365  reward_max: 0.9492  reward_mean: -0.0312  reward_min: -1.4805  state_cost_loss: 0.9228  value_loss: -3.0181
Step:  1960000  |  score: 92.53 ± 1.19  |  actor_loss: 3.3228  cost_loss: 0.9569  q_loss: 0.0381  reward_max: 1.7953  reward_mean: -0.0127  reward_min: -2.1295  state_cost_loss: 0.9565  value_loss: -2.8202
Step:  1970000  |  score: 92.04 ± 0.61  |  actor_loss: 3.3575  cost_loss: 0.9772  q_loss: 0.0300  reward_max: 1.0796  reward_mean: -0.0313  reward_min: -1.4615  state_cost_loss: 0.9781  value_loss: -2.7024
Step:  1980000  |  score: 92.08 ± 0.89  |  actor_loss: 3.2367  cost_loss: 0.9903  q_loss: 0.0352  reward_max: 1.3504  reward_mean: -0.0335  reward_min: -1.4577  state_cost_loss: 0.9931  value_loss: -2.6618
Step:  1990000  |  score: 92.67 ± 0.64  |  actor_loss: 3.5212  cost_loss: 0.9269  q_loss: 0.0303  reward_max: 1.0316  reward_mean: -0.0292  reward_min: -2.1358  state_cost_loss: 0.9332  value_loss: -2.9594
Step:  2000000  |  score: 91.58 ± 2.19  |  actor_loss: 3.4741  cost_loss: 0.9427  q_loss: 0.0345  reward_max: 1.2877  reward_mean: -0.0047  reward_min: -1.9817  state_cost_loss: 0.9453  value_loss: -2.9439
Final evaluation (13 iterations)...
Final score: 90.17 ± 10.14
wandb: WARNING Symlinked 1 file into the W&B run directory; call wandb.save again to sync new files.
wandb: updating run metadata
wandb: uploading final_returns/cdemodice_halfcheetah-expert-v2_2026-03-19_02-52-56.npz; uploading output.log; uploading wandb-summary.json; uploading config.yaml; uploading summary, console lines 214-215
wandb: uploading final_returns/cdemodice_halfcheetah-expert-v2_2026-03-19_02-52-56.npz; uploading output.log; uploading config.yaml
wandb: uploading data
wandb: 
wandb: Run history:
wandb:  actor_loss ▇▄▃▃▅█▄▄▃▄▃▃▃▁▂▆▄▅▆▄▄▄▂▇▂▁▂▂▂▁▅▄▄▄▄▄▃▄▃▅
wandb:   cost_loss ▅▆▃▆▆█▆▄▅▅▅▅▆▂▂▅▇▃▆▅█▇▄▁▆▆▆▇▆▄▄▆▅▁▆▅▂▇▆▆
wandb: num_updates ▁▁▂▂▂▂▂▂▂▂▂▃▃▃▃▄▄▄▅▅▅▅▅▅▅▆▆▆▆▆▆▆▆▆▆▇▇▇▇█
wandb:      q_loss █▇▇▅▃▃▃▅▃▃▃▂▂▂▄▂▃▂▂▃▁▂▃▃▃▂▂▃▃▁▁▂▂▂▂▂▂▁▃▂
wandb:      return ▁▁▁▂▃▅▇█▅█▆█▇▇▇█▇█▇███▇▇████████████▇█▇█
wandb:  reward_max ▆▄▄▃▄▄▆▂▆▂▅▃▄▁▅▄▃▂▃█▄▃▂▅▄▅▃▂▆▃▃▅▄▃▂▇▃▂▂▃
wandb: reward_mean ▅▄▆▂▅▆▅▆▂▅▄▄▅▄▄▅▆▄▅▆▆▅▃▅▅▃▁▄▆▆▅▅▄▆▁▆▂▄▅█
wandb:  reward_min ▆▄▆▅▆▇▆▄▅▆▃▅▅▄▁▆▇▇▁▄▄▅▆▃▄▆▅▅▆█▅▆▄█▆▆▅▁▄▄
wandb:       score ▁▁▁▂▃▅▆▄▆▅▇▇████▇▇█▇▇█████████████████▇█
wandb:   score_std ▃▂▂▇▇▅▇▆▇▆█▁▁▆▅▅▁▅▃▁▁▆▁▁▁▆▁▁▁▁▁▆▁▁▁▁▁▁▂▁
wandb:          +2 ...
wandb: 
wandb: Run summary:
wandb:  actor_loss 3.47412
wandb:   cost_loss 0.94268
wandb: num_updates 2000000
wandb:      q_loss 0.03453
wandb:      return 11089.85347
wandb:  reward_max 1.28765
wandb: reward_mean -0.00471
wandb:  reward_min -1.98167
wandb:       score 91.5817
wandb:   score_std 2.19112
wandb:          +2 ...
wandb: 
wandb: 🚀 View run cdemodice_halfcheetah_M2_s0 at: https://wandb.ai/wsk208/DemoDICE/runs/1ypjyttd
wandb: ⭐️ View project at: https://wandb.ai/wsk208/DemoDICE
wandb: Synced 5 W&B file(s), 0 media file(s), 0 artifact file(s) and 1 other file(s)
wandb: Find logs at: ./wandb/run-20260319_022057-1ypjyttd/logs
