Warning: All of online environments libraries in D4RL have been moved ]8;;https://github.com/Farama-Foundation/Gymnasium\Gymnasium]8;;\, ]8;;https://github.com/Farama-Foundation/MiniGrid\MiniGrid]8;;\ and ]8;;https://github.com/Farama-Foundation/Gymnasium-Robotics\Gymnasium-Robotics]8;;\, and all offline datasets in D4RL have been moved to ]8;;https://github.com/Farama-Foundation/Minari\Minari]8;;\.
These new versions include large bug fixes, new versions of Python, and are where all new development will continue. Please upgrade these libraries as soon as you're able to do so.
If you'd like to read more about the story behind this switch, please check out ]8;;https://farama.org/Announcing-Minari\this blog post]8;;\.
Gym has been unmaintained since 2022 and does not support NumPy 2.0 amongst other critical functionality.
Please upgrade to Gymnasium, the maintained drop-in replacement of Gym, or contact the authors of your software and request that they upgrade.
See the migration guide at https://gymnasium.farama.org/introduction/migration_guide/ for additional information.
/opt/venv/lib/python3.10/site-packages/Cython/Distutils/old_build_ext.py:15: DeprecationWarning: dep_util is Deprecated. Use functions from setuptools instead.
  from distutils.dep_util import newer, newer_group
<frozen importlib._bootstrap>:283: DeprecationWarning: the load_module() method is deprecated and slated for removal in Python 3.12; use exec_module() instead
pybullet build time: Jan 29 2025 23:16:28
wandb: [wandb.login()] Loaded credentials for https://api.wandb.ai from /root/.netrc.
wandb: Currently logged in as: wsk208 to https://api.wandb.ai. Use `wandb login --relogin` to force relogin
/opt/venv/lib/python3.10/site-packages/wandb/analytics/sentry.py:268: DeprecationWarning: Read the `app_url` setting from the appropriate Settings object.
  app_url = wandb.util.app_url(tags["base_url"])  # type: ignore[index]
/opt/venv/lib/python3.10/site-packages/wandb/analytics/sentry.py:279: DeprecationWarning: The `Scope.user` setter is deprecated in favor of `Scope.set_user()`.
  self.scope.user = {"email": email}
wandb: setting up run nnyyow5b
/opt/venv/lib/python3.10/site-packages/wandb/analytics/sentry.py:268: DeprecationWarning: Read the `app_url` setting from the appropriate Settings object.
  app_url = wandb.util.app_url(tags["base_url"])  # type: ignore[index]
/opt/venv/lib/python3.10/site-packages/wandb/analytics/sentry.py:279: DeprecationWarning: The `Scope.user` setter is deprecated in favor of `Scope.set_user()`.
  self.scope.user = {"email": email}
wandb: Tracking run with wandb version 0.25.1
wandb: Run data is saved locally in /app/wandb/run-20260318_194934-nnyyow5b
wandb: Run `wandb offline` to turn off syncing.
wandb: Syncing run cdemodice_walker2d_M2_s3
wandb: ⭐️ View project at https://wandb.ai/wsk208/DemoDICE
wandb: 🚀 View run at https://wandb.ai/wsk208/DemoDICE/runs/nnyyow5b
/opt/venv/lib/python3.10/site-packages/gym/spaces/box.py:84: UserWarning: [33mWARN: Box bound precision lowered by casting to float32[0m
  logger.warn(f"Box bound precision lowered by casting to {self.dtype}")
load datafile:   0%|          | 0/21 [00:00<?, ?it/s]load datafile:   5%|▍         | 1/21 [00:00<00:03,  5.94it/s]load datafile:  14%|█▍        | 3/21 [00:00<00:03,  5.27it/s]load datafile:  19%|█▉        | 4/21 [00:00<00:04,  4.01it/s]load datafile:  81%|████████  | 17/21 [00:01<00:00, 15.49it/s]load datafile:  90%|█████████ | 19/21 [00:01<00:00, 10.80it/s]load datafile: 100%|██████████| 21/21 [00:01<00:00, 11.19it/s]
Expert  :  999000 transitions  (walker2d-expert-v2, 400 traj)
load datafile:   0%|          | 0/9 [00:00<?, ?it/s]load datafile:  11%|█         | 1/9 [00:00<00:01,  6.36it/s]load datafile:  33%|███▎      | 3/9 [00:00<00:01,  5.54it/s]load datafile:  44%|████▍     | 4/9 [00:00<00:01,  4.12it/s]load datafile:  56%|█████▌    | 5/9 [00:01<00:01,  3.21it/s]load datafile:  67%|██████▋   | 6/9 [00:01<00:01,  2.81it/s]load datafile: 100%|██████████| 9/9 [00:01<00:00,  4.94it/s]
Imperfect:    8083 transitions  (walker2d-random-v2, 400 traj)
Union   : 1007083 transitions total
/root/.local/share/uv/python/cpython-3.10-linux-x86_64-gnu/lib/python3.10/multiprocessing/popen_fork.py:66: RuntimeWarning: os.fork() was called. os.fork() is incompatible with multithreaded code, and JAX is multithreaded, so this will likely lead to a deadlock.
  self.pid = os.fork()
/opt/venv/lib/python3.10/site-packages/tensorflow_probability/python/internal/backend/jax/ops.py:681: DeprecationWarning: jax.interpreters.xla.pytype_aval_mappings is deprecated.
  jax.interpreters.xla.pytype_aval_mappings[onp.ndarray])
/opt/venv/lib/python3.10/site-packages/gym/spaces/box.py:84: UserWarning: [33mWARN: Box bound precision lowered by casting to float32[0m
  logger.warn(f"Box bound precision lowered by casting to {self.dtype}")
Step:    10000  |  score: 28.13 ± 8.45  |  actor_loss: 3.9084  cost_loss: 1.3819  q_loss: 0.0035  reward_max: 0.2874  reward_mean: 0.0052  reward_min: -0.2008  state_cost_loss: 1.3813  value_loss: -0.1025
Step:    20000  |  score: 68.68 ± 8.74  |  actor_loss: 2.2871  cost_loss: 1.3789  q_loss: 0.0053  reward_max: 0.2548  reward_mean: -0.0007  reward_min: -0.9678  state_cost_loss: 1.3785  value_loss: -0.0470
Step:    30000  |  score: 92.35 ± 10.66  |  actor_loss: 0.7465  cost_loss: 1.3801  q_loss: 0.0010  reward_max: 0.1533  reward_mean: 0.0030  reward_min: -0.1473  state_cost_loss: 1.3808  value_loss: 0.0623
Step:    40000  |  score: 109.11 ± 0.32  |  actor_loss: -0.4678  cost_loss: 1.3760  q_loss: 0.0020  reward_max: 0.6918  reward_mean: 0.0018  reward_min: -0.2162  state_cost_loss: 1.3747  value_loss: 0.1446
Step:    50000  |  score: 108.57 ± 0.64  |  actor_loss: -1.3859  cost_loss: 1.3806  q_loss: 0.0016  reward_max: 0.6078  reward_mean: 0.0075  reward_min: -0.0859  state_cost_loss: 1.3796  value_loss: 0.2193
Step:    60000  |  score: 109.24 ± 0.14  |  actor_loss: -1.6150  cost_loss: 1.3719  q_loss: 0.0022  reward_max: 0.5255  reward_mean: -0.0083  reward_min: -1.2887  state_cost_loss: 1.3724  value_loss: 0.2757
Step:    70000  |  score: 109.12 ± 0.17  |  actor_loss: -1.8062  cost_loss: 1.3784  q_loss: 0.0014  reward_max: 0.3592  reward_mean: -0.0085  reward_min: -2.1036  state_cost_loss: 1.3797  value_loss: 0.3082
Step:    80000  |  score: 108.26 ± 0.14  |  actor_loss: -1.8850  cost_loss: 1.3773  q_loss: 0.0025  reward_max: 0.4038  reward_mean: -0.0011  reward_min: -0.6352  state_cost_loss: 1.3773  value_loss: 0.3554
Step:    90000  |  score: 108.62 ± 0.25  |  actor_loss: -1.9387  cost_loss: 1.3802  q_loss: 0.0007  reward_max: 0.5065  reward_mean: -0.0075  reward_min: -1.6424  state_cost_loss: 1.3796  value_loss: 0.3864
Step:   100000  |  score: 108.87 ± 0.47  |  actor_loss: -1.5988  cost_loss: 1.3753  q_loss: 0.0015  reward_max: 0.4221  reward_mean: 0.0011  reward_min: -1.0301  state_cost_loss: 1.3755  value_loss: 0.4004
Step:   110000  |  score: 108.63 ± 0.28  |  actor_loss: -1.9126  cost_loss: 1.3786  q_loss: 0.0017  reward_max: 0.0578  reward_mean: -0.0062  reward_min: -0.6488  state_cost_loss: 1.3789  value_loss: 0.4348
Step:   120000  |  score: 108.91 ± 0.40  |  actor_loss: -2.1767  cost_loss: 1.3735  q_loss: 0.0018  reward_max: 0.3790  reward_mean: -0.0075  reward_min: -0.7471  state_cost_loss: 1.3742  value_loss: 0.4583
Step:   130000  |  score: 108.34 ± 0.16  |  actor_loss: -1.7341  cost_loss: 1.3744  q_loss: 0.0018  reward_max: 0.1718  reward_mean: -0.0030  reward_min: -1.1479  state_cost_loss: 1.3743  value_loss: 0.4436
Step:   140000  |  score: 108.27 ± 0.93  |  actor_loss: -2.0848  cost_loss: 1.3769  q_loss: 0.0014  reward_max: 0.0994  reward_mean: -0.0084  reward_min: -1.5369  state_cost_loss: 1.3772  value_loss: 0.4764
Step:   150000  |  score: 108.51 ± 0.92  |  actor_loss: -2.0216  cost_loss: 1.3767  q_loss: 0.0006  reward_max: 0.2294  reward_mean: 0.0010  reward_min: -0.5191  state_cost_loss: 1.3775  value_loss: 0.4830
Step:   160000  |  score: 108.44 ± 0.45  |  actor_loss: -2.0787  cost_loss: 1.3813  q_loss: 0.0006  reward_max: 0.3277  reward_mean: -0.0039  reward_min: -0.2225  state_cost_loss: 1.3805  value_loss: 0.4963
Step:   170000  |  score: 108.47 ± 0.34  |  actor_loss: -2.1223  cost_loss: 1.3802  q_loss: 0.0008  reward_max: 1.0296  reward_mean: 0.0036  reward_min: -0.2017  state_cost_loss: 1.3813  value_loss: 0.5072
Step:   180000  |  score: 108.71 ± 0.13  |  actor_loss: -2.0675  cost_loss: 1.3783  q_loss: 0.0013  reward_max: 0.9034  reward_mean: 0.0040  reward_min: -1.4632  state_cost_loss: 1.3792  value_loss: 0.5218
Step:   190000  |  score: 108.26 ± 0.40  |  actor_loss: -2.1808  cost_loss: 1.3763  q_loss: 0.0031  reward_max: 0.6135  reward_mean: -0.0020  reward_min: -0.7516  state_cost_loss: 1.3757  value_loss: 0.5055
Step:   200000  |  score: 108.28 ± 0.18  |  actor_loss: -2.3274  cost_loss: 1.3746  q_loss: 0.0017  reward_max: 0.2594  reward_mean: -0.0058  reward_min: -2.4002  state_cost_loss: 1.3760  value_loss: 0.5110
Step:   210000  |  score: 108.51 ± 0.18  |  actor_loss: -2.2476  cost_loss: 1.3815  q_loss: 0.0018  reward_max: 0.3412  reward_mean: 0.0002  reward_min: -0.4091  state_cost_loss: 1.3822  value_loss: 0.5302
Step:   220000  |  score: 108.66 ± 0.39  |  actor_loss: -2.2604  cost_loss: 1.3718  q_loss: 0.0017  reward_max: 0.1001  reward_mean: -0.0116  reward_min: -2.3687  state_cost_loss: 1.3733  value_loss: 0.5323
Step:   230000  |  score: 107.83 ± 0.39  |  actor_loss: -2.0720  cost_loss: 1.3785  q_loss: 0.0006  reward_max: 0.3719  reward_mean: -0.0034  reward_min: -0.6996  state_cost_loss: 1.3785  value_loss: 0.5380
Step:   240000  |  score: 108.37 ± 0.34  |  actor_loss: -2.4080  cost_loss: 1.3828  q_loss: 0.0004  reward_max: 0.0872  reward_mean: -0.0001  reward_min: -0.0994  state_cost_loss: 1.3833  value_loss: 0.5384
Step:   250000  |  score: 108.69 ± 0.55  |  actor_loss: -2.2353  cost_loss: 1.3774  q_loss: 0.0008  reward_max: 0.7106  reward_mean: -0.0060  reward_min: -0.9136  state_cost_loss: 1.3779  value_loss: 0.5329
Step:   260000  |  score: 108.48 ± 0.22  |  actor_loss: -1.8550  cost_loss: 1.3749  q_loss: 0.0025  reward_max: 0.6057  reward_mean: -0.0081  reward_min: -2.3720  state_cost_loss: 1.3762  value_loss: 0.5338
Step:   270000  |  score: 108.07 ± 0.26  |  actor_loss: -2.2704  cost_loss: 1.3781  q_loss: 0.0015  reward_max: 0.6141  reward_mean: 0.0025  reward_min: -0.1327  state_cost_loss: 1.3782  value_loss: 0.5512
Step:   280000  |  score: 108.80 ± 0.54  |  actor_loss: -2.3910  cost_loss: 1.3830  q_loss: 0.0004  reward_max: 0.1972  reward_mean: 0.0011  reward_min: -0.1534  state_cost_loss: 1.3833  value_loss: 0.5572
Step:   290000  |  score: 108.11 ± 0.43  |  actor_loss: -2.4138  cost_loss: 1.3791  q_loss: 0.0010  reward_max: 0.3291  reward_mean: -0.0061  reward_min: -0.2369  state_cost_loss: 1.3797  value_loss: 0.5575
Step:   300000  |  score: 107.78 ± 1.03  |  actor_loss: -2.1915  cost_loss: 1.3789  q_loss: 0.0007  reward_max: 0.1479  reward_mean: -0.0147  reward_min: -1.8723  state_cost_loss: 1.3803  value_loss: 0.5641
Step:   310000  |  score: 109.05 ± 0.16  |  actor_loss: -2.1351  cost_loss: 1.3790  q_loss: 0.0011  reward_max: 0.2053  reward_mean: 0.0058  reward_min: -0.3345  state_cost_loss: 1.3791  value_loss: 0.5675
Step:   320000  |  score: 109.08 ± 0.28  |  actor_loss: -2.4811  cost_loss: 1.3818  q_loss: 0.0003  reward_max: 0.2566  reward_mean: -0.0010  reward_min: -0.0648  state_cost_loss: 1.3812  value_loss: 0.5670
Step:   330000  |  score: 87.99 ± 32.60  |  actor_loss: -2.1120  cost_loss: 1.3815  q_loss: 0.0004  reward_max: 0.3590  reward_mean: -0.0029  reward_min: -0.2100  state_cost_loss: 1.3816  value_loss: 0.5723
Step:   340000  |  score: 108.22 ± 0.30  |  actor_loss: -1.9634  cost_loss: 1.3760  q_loss: 0.0017  reward_max: 0.8813  reward_mean: 0.0010  reward_min: -0.6880  state_cost_loss: 1.3768  value_loss: 0.5655
Step:   350000  |  score: 108.45 ± 0.68  |  actor_loss: -2.4341  cost_loss: 1.3786  q_loss: 0.0008  reward_max: 0.1731  reward_mean: 0.0023  reward_min: -0.3593  state_cost_loss: 1.3792  value_loss: 0.5787
Step:   360000  |  score: 108.54 ± 0.18  |  actor_loss: -2.6574  cost_loss: 1.3802  q_loss: 0.0003  reward_max: 0.3483  reward_mean: 0.0076  reward_min: -0.0402  state_cost_loss: 1.3807  value_loss: 0.5933
Step:   370000  |  score: 107.99 ± 0.44  |  actor_loss: -2.4746  cost_loss: 1.3790  q_loss: 0.0006  reward_max: 1.0329  reward_mean: 0.0047  reward_min: -0.0613  state_cost_loss: 1.3785  value_loss: 0.5946
Step:   380000  |  score: 109.09 ± 0.57  |  actor_loss: -2.3853  cost_loss: 1.3751  q_loss: 0.0017  reward_max: 0.3643  reward_mean: -0.0035  reward_min: -0.7582  state_cost_loss: 1.3761  value_loss: 0.5822
Step:   390000  |  score: 76.66 ± 40.57  |  actor_loss: -2.1689  cost_loss: 1.3719  q_loss: 0.0014  reward_max: 0.4616  reward_mean: -0.0078  reward_min: -0.8500  state_cost_loss: 1.3719  value_loss: 0.5769
Step:   400000  |  score: 86.86 ± 37.06  |  actor_loss: -2.0235  cost_loss: 1.3709  q_loss: 0.0013  reward_max: 0.8266  reward_mean: -0.0006  reward_min: -1.6367  state_cost_loss: 1.3715  value_loss: 0.5764
Step:   410000  |  score: 108.70 ± 0.49  |  actor_loss: -2.0462  cost_loss: 1.3743  q_loss: 0.0007  reward_max: 0.5933  reward_mean: 0.0025  reward_min: -0.4147  state_cost_loss: 1.3749  value_loss: 0.5806
Step:   420000  |  score: 108.85 ± 0.14  |  actor_loss: -2.1580  cost_loss: 1.3806  q_loss: 0.0009  reward_max: 0.3229  reward_mean: -0.0002  reward_min: -0.5533  state_cost_loss: 1.3798  value_loss: 0.5855
Step:   430000  |  score: 109.12 ± 0.39  |  actor_loss: -2.2615  cost_loss: 1.3758  q_loss: 0.0024  reward_max: 1.0972  reward_mean: 0.0057  reward_min: -0.8883  state_cost_loss: 1.3757  value_loss: 0.5950
Step:   440000  |  score: 108.03 ± 0.25  |  actor_loss: -2.3140  cost_loss: 1.3798  q_loss: 0.0009  reward_max: 0.1269  reward_mean: 0.0030  reward_min: -0.2154  state_cost_loss: 1.3794  value_loss: 0.5950
Step:   450000  |  score: 108.88 ± 0.26  |  actor_loss: -2.2808  cost_loss: 1.3799  q_loss: 0.0008  reward_max: 0.2907  reward_mean: -0.0034  reward_min: -2.1273  state_cost_loss: 1.3805  value_loss: 0.5991
Step:   460000  |  score: 108.45 ± 0.33  |  actor_loss: -2.2961  cost_loss: 1.3777  q_loss: 0.0005  reward_max: 0.5888  reward_mean: -0.0019  reward_min: -0.1309  state_cost_loss: 1.3776  value_loss: 0.5992
Step:   470000  |  score: 107.54 ± 0.30  |  actor_loss: -2.0079  cost_loss: 1.3741  q_loss: 0.0011  reward_max: 0.2286  reward_mean: 0.0009  reward_min: -0.6352  state_cost_loss: 1.3738  value_loss: 0.5976
Step:   480000  |  score: 108.66 ± 0.43  |  actor_loss: -2.2910  cost_loss: 1.3742  q_loss: 0.0014  reward_max: 0.7772  reward_mean: 0.0036  reward_min: -0.3924  state_cost_loss: 1.3737  value_loss: 0.6037
Step:   490000  |  score: 108.40 ± 0.11  |  actor_loss: -2.2894  cost_loss: 1.3795  q_loss: 0.0013  reward_max: 0.1342  reward_mean: -0.0021  reward_min: -0.5440  state_cost_loss: 1.3791  value_loss: 0.5979
Step:   500000  |  score: 109.10 ± 0.18  |  actor_loss: -1.8720  cost_loss: 1.3782  q_loss: 0.0013  reward_max: 0.1929  reward_mean: -0.0030  reward_min: -0.5846  state_cost_loss: 1.3781  value_loss: 0.6123
Step:   510000  |  score: 108.26 ± 0.41  |  actor_loss: -2.1902  cost_loss: 1.3742  q_loss: 0.0006  reward_max: 0.3867  reward_mean: 0.0008  reward_min: -0.3672  state_cost_loss: 1.3752  value_loss: 0.6033
Step:   520000  |  score: 108.98 ± 0.28  |  actor_loss: -2.2544  cost_loss: 1.3776  q_loss: 0.0005  reward_max: 0.4184  reward_mean: 0.0022  reward_min: -0.4013  state_cost_loss: 1.3790  value_loss: 0.6124
Step:   530000  |  score: 108.08 ± 0.75  |  actor_loss: -2.1985  cost_loss: 1.3780  q_loss: 0.0005  reward_max: 0.7355  reward_mean: -0.0037  reward_min: -0.2697  state_cost_loss: 1.3784  value_loss: 0.6068
Step:   540000  |  score: 89.82 ± 31.08  |  actor_loss: -1.7905  cost_loss: 1.3735  q_loss: 0.0012  reward_max: 0.3968  reward_mean: 0.0007  reward_min: -0.8827  state_cost_loss: 1.3733  value_loss: 0.6007
Step:   550000  |  score: 98.06 ± 28.23  |  actor_loss: -2.5333  cost_loss: 1.3773  q_loss: 0.0009  reward_max: 0.4737  reward_mean: -0.0020  reward_min: -2.3471  state_cost_loss: 1.3783  value_loss: 0.6126
Step:   560000  |  score: 108.52 ± 0.22  |  actor_loss: -2.2256  cost_loss: 1.3735  q_loss: 0.0010  reward_max: 0.2374  reward_mean: -0.0026  reward_min: -2.2187  state_cost_loss: 1.3747  value_loss: 0.6089
Step:   570000  |  score: 76.28 ± 41.41  |  actor_loss: -2.2920  cost_loss: 1.3778  q_loss: 0.0009  reward_max: 0.9782  reward_mean: -0.0038  reward_min: -2.6010  state_cost_loss: 1.3795  value_loss: 0.6122
Step:   580000  |  score: 108.14 ± 0.30  |  actor_loss: -2.2977  cost_loss: 1.3790  q_loss: 0.0006  reward_max: 0.5296  reward_mean: -0.0012  reward_min: -2.2130  state_cost_loss: 1.3807  value_loss: 0.6220
Step:   590000  |  score: 108.52 ± 0.27  |  actor_loss: -2.4065  cost_loss: 1.3787  q_loss: 0.0005  reward_max: 0.0591  reward_mean: -0.0056  reward_min: -1.3317  state_cost_loss: 1.3797  value_loss: 0.6211
Step:   600000  |  score: 108.85 ± 0.19  |  actor_loss: -2.3257  cost_loss: 1.3771  q_loss: 0.0007  reward_max: 0.4896  reward_mean: -0.0086  reward_min: -2.6281  state_cost_loss: 1.3780  value_loss: 0.6148
Step:   610000  |  score: 98.20 ± 27.69  |  actor_loss: -2.3603  cost_loss: 1.3748  q_loss: 0.0005  reward_max: 0.5338  reward_mean: -0.0045  reward_min: -1.3003  state_cost_loss: 1.3753  value_loss: 0.6268
Step:   620000  |  score: 108.11 ± 0.53  |  actor_loss: -2.1912  cost_loss: 1.3768  q_loss: 0.0014  reward_max: 0.2345  reward_mean: -0.0038  reward_min: -1.5782  state_cost_loss: 1.3769  value_loss: 0.6200
Step:   630000  |  score: 108.68 ± 0.21  |  actor_loss: -2.5459  cost_loss: 1.3794  q_loss: 0.0015  reward_max: 0.4441  reward_mean: -0.0001  reward_min: -0.6307  state_cost_loss: 1.3794  value_loss: 0.6223
Step:   640000  |  score: 97.27 ± 27.39  |  actor_loss: -2.5689  cost_loss: 1.3768  q_loss: 0.0010  reward_max: 0.9090  reward_mean: -0.0051  reward_min: -1.4072  state_cost_loss: 1.3765  value_loss: 0.6241
Step:   650000  |  score: 108.35 ± 0.15  |  actor_loss: -2.5448  cost_loss: 1.3791  q_loss: 0.0009  reward_max: 0.1535  reward_mean: -0.0003  reward_min: -0.7499  state_cost_loss: 1.3794  value_loss: 0.6249
Step:   660000  |  score: 108.74 ± 0.17  |  actor_loss: -2.1277  cost_loss: 1.3777  q_loss: 0.0007  reward_max: 0.1029  reward_mean: -0.0005  reward_min: -0.2110  state_cost_loss: 1.3782  value_loss: 0.6249
Step:   670000  |  score: 108.82 ± 0.23  |  actor_loss: -2.1784  cost_loss: 1.3712  q_loss: 0.0013  reward_max: 0.4729  reward_mean: -0.0027  reward_min: -2.1386  state_cost_loss: 1.3729  value_loss: 0.6171
Step:   680000  |  score: 97.87 ± 28.66  |  actor_loss: -2.1720  cost_loss: 1.3737  q_loss: 0.0005  reward_max: 0.8388  reward_mean: 0.0002  reward_min: -1.7251  state_cost_loss: 1.3747  value_loss: 0.6219
Step:   690000  |  score: 108.60 ± 0.46  |  actor_loss: -2.2880  cost_loss: 1.3772  q_loss: 0.0011  reward_max: 0.6039  reward_mean: 0.0010  reward_min: -0.5252  state_cost_loss: 1.3770  value_loss: 0.6325
Step:   700000  |  score: 88.18 ± 35.55  |  actor_loss: -2.6341  cost_loss: 1.3778  q_loss: 0.0004  reward_max: 0.0961  reward_mean: -0.0015  reward_min: -0.1682  state_cost_loss: 1.3776  value_loss: 0.6305
Step:   710000  |  score: 108.25 ± 0.60  |  actor_loss: -2.0816  cost_loss: 1.3751  q_loss: 0.0007  reward_max: 0.7659  reward_mean: -0.0135  reward_min: -2.6243  state_cost_loss: 1.3765  value_loss: 0.6233
Step:   720000  |  score: 108.46 ± 0.19  |  actor_loss: -2.3657  cost_loss: 1.3811  q_loss: 0.0007  reward_max: 0.4564  reward_mean: -0.0010  reward_min: -0.9388  state_cost_loss: 1.3800  value_loss: 0.6208
Step:   730000  |  score: 108.54 ± 0.20  |  actor_loss: -2.4892  cost_loss: 1.3771  q_loss: 0.0004  reward_max: 0.4145  reward_mean: -0.0017  reward_min: -1.1563  state_cost_loss: 1.3776  value_loss: 0.6291
Step:   740000  |  score: 108.94 ± 0.23  |  actor_loss: -2.2889  cost_loss: 1.3769  q_loss: 0.0008  reward_max: 0.2315  reward_mean: -0.0026  reward_min: -0.9574  state_cost_loss: 1.3757  value_loss: 0.6283
Step:   750000  |  score: 108.33 ± 0.38  |  actor_loss: -2.4108  cost_loss: 1.3785  q_loss: 0.0005  reward_max: 0.3667  reward_mean: 0.0008  reward_min: -0.5484  state_cost_loss: 1.3778  value_loss: 0.6290
Step:   760000  |  score: 108.61 ± 0.44  |  actor_loss: -2.1487  cost_loss: 1.3766  q_loss: 0.0009  reward_max: 0.3243  reward_mean: -0.0009  reward_min: -0.5905  state_cost_loss: 1.3770  value_loss: 0.6318
Step:   770000  |  score: 108.64 ± 0.17  |  actor_loss: -1.9946  cost_loss: 1.3758  q_loss: 0.0010  reward_max: 0.4246  reward_mean: -0.0022  reward_min: -2.1516  state_cost_loss: 1.3750  value_loss: 0.6370
Step:   780000  |  score: 98.10 ± 28.77  |  actor_loss: -2.0816  cost_loss: 1.3714  q_loss: 0.0018  reward_max: 0.7947  reward_mean: -0.0007  reward_min: -1.0293  state_cost_loss: 1.3718  value_loss: 0.6210
Step:   790000  |  score: 109.10 ± 0.23  |  actor_loss: -2.3605  cost_loss: 1.3784  q_loss: 0.0005  reward_max: 0.2259  reward_mean: -0.0003  reward_min: -0.8568  state_cost_loss: 1.3783  value_loss: 0.6415
Step:   800000  |  score: 108.00 ± 0.87  |  actor_loss: -2.1491  cost_loss: 1.3741  q_loss: 0.0024  reward_max: 0.5900  reward_mean: 0.0021  reward_min: -0.7319  state_cost_loss: 1.3737  value_loss: 0.6349
Step:   810000  |  score: 108.49 ± 0.47  |  actor_loss: -2.1605  cost_loss: 1.3782  q_loss: 0.0006  reward_max: 0.4310  reward_mean: 0.0038  reward_min: -0.6995  state_cost_loss: 1.3772  value_loss: 0.6463
Step:   820000  |  score: 108.55 ± 0.44  |  actor_loss: -2.5287  cost_loss: 1.3831  q_loss: 0.0002  reward_max: 0.0447  reward_mean: -0.0015  reward_min: -0.0522  state_cost_loss: 1.3829  value_loss: 0.6532
Step:   830000  |  score: 108.60 ± 0.17  |  actor_loss: -2.6696  cost_loss: 1.3799  q_loss: 0.0005  reward_max: 0.4305  reward_mean: 0.0014  reward_min: -0.1281  state_cost_loss: 1.3800  value_loss: 0.6425
Step:   840000  |  score: 108.19 ± 0.34  |  actor_loss: -2.5180  cost_loss: 1.3745  q_loss: 0.0008  reward_max: 0.7897  reward_mean: -0.0039  reward_min: -2.2146  state_cost_loss: 1.3759  value_loss: 0.6342
Step:   850000  |  score: 108.68 ± 0.34  |  actor_loss: -2.6572  cost_loss: 1.3797  q_loss: 0.0006  reward_max: 0.1554  reward_mean: -0.0004  reward_min: -0.2445  state_cost_loss: 1.3809  value_loss: 0.6449
Step:   860000  |  score: 108.16 ± 0.76  |  actor_loss: -2.4514  cost_loss: 1.3805  q_loss: 0.0006  reward_max: 0.0605  reward_mean: -0.0086  reward_min: -2.1711  state_cost_loss: 1.3817  value_loss: 0.6424
Step:   870000  |  score: 108.41 ± 0.26  |  actor_loss: -2.4346  cost_loss: 1.3740  q_loss: 0.0012  reward_max: 0.3436  reward_mean: -0.0020  reward_min: -2.8871  state_cost_loss: 1.3747  value_loss: 0.6404
Step:   880000  |  score: 108.33 ± 0.53  |  actor_loss: -2.2792  cost_loss: 1.3758  q_loss: 0.0015  reward_max: 0.3438  reward_mean: -0.0046  reward_min: -0.4666  state_cost_loss: 1.3762  value_loss: 0.6426
Step:   890000  |  score: 108.82 ± 0.31  |  actor_loss: -2.4854  cost_loss: 1.3788  q_loss: 0.0009  reward_max: 1.0507  reward_mean: -0.0017  reward_min: -2.7065  state_cost_loss: 1.3802  value_loss: 0.6473
Step:   900000  |  score: 108.61 ± 0.40  |  actor_loss: -2.1217  cost_loss: 1.3721  q_loss: 0.0007  reward_max: 0.7334  reward_mean: -0.0019  reward_min: -0.5620  state_cost_loss: 1.3724  value_loss: 0.6459
Step:   910000  |  score: 108.82 ± 0.14  |  actor_loss: -2.3437  cost_loss: 1.3783  q_loss: 0.0006  reward_max: 1.5355  reward_mean: 0.0052  reward_min: -0.0636  state_cost_loss: 1.3789  value_loss: 0.6391
Step:   920000  |  score: 108.07 ± 0.94  |  actor_loss: -2.7334  cost_loss: 1.3780  q_loss: 0.0006  reward_max: 0.1984  reward_mean: -0.0058  reward_min: -2.1679  state_cost_loss: 1.3788  value_loss: 0.6395
Step:   930000  |  score: 108.52 ± 0.24  |  actor_loss: -2.4017  cost_loss: 1.3736  q_loss: 0.0007  reward_max: 0.4347  reward_mean: -0.0008  reward_min: -0.4815  state_cost_loss: 1.3753  value_loss: 0.6340
Step:   940000  |  score: 108.47 ± 0.19  |  actor_loss: -2.4118  cost_loss: 1.3754  q_loss: 0.0010  reward_max: 0.7673  reward_mean: -0.0023  reward_min: -2.2581  state_cost_loss: 1.3759  value_loss: 0.6403
Step:   950000  |  score: 108.56 ± 0.76  |  actor_loss: -2.2809  cost_loss: 1.3760  q_loss: 0.0011  reward_max: 0.3264  reward_mean: -0.0033  reward_min: -1.1330  state_cost_loss: 1.3753  value_loss: 0.6326
Step:   960000  |  score: 98.32 ± 26.87  |  actor_loss: -2.0415  cost_loss: 1.3752  q_loss: 0.0008  reward_max: 0.4222  reward_mean: 0.0016  reward_min: -0.4346  state_cost_loss: 1.3760  value_loss: 0.6411
Step:   970000  |  score: 108.41 ± 0.21  |  actor_loss: -2.3180  cost_loss: 1.3777  q_loss: 0.0004  reward_max: 0.3388  reward_mean: -0.0001  reward_min: -0.8222  state_cost_loss: 1.3773  value_loss: 0.6417
Step:   980000  |  score: 108.43 ± 0.25  |  actor_loss: -2.3670  cost_loss: 1.3760  q_loss: 0.0009  reward_max: 0.4225  reward_mean: -0.0023  reward_min: -2.7463  state_cost_loss: 1.3771  value_loss: 0.6453
Step:   990000  |  score: 107.80 ± 0.51  |  actor_loss: -2.1084  cost_loss: 1.3725  q_loss: 0.0008  reward_max: 0.8426  reward_mean: 0.0027  reward_min: -0.3971  state_cost_loss: 1.3730  value_loss: 0.6308
Step:  1000000  |  score: 108.24 ± 0.22  |  actor_loss: -2.4592  cost_loss: 1.3789  q_loss: 0.0004  reward_max: 0.5204  reward_mean: -0.0011  reward_min: -0.2824  state_cost_loss: 1.3795  value_loss: 0.6423
Step:  1010000  |  score: 107.92 ± 0.97  |  actor_loss: -2.2225  cost_loss: 1.3758  q_loss: 0.0011  reward_max: 0.7544  reward_mean: -0.0005  reward_min: -1.2540  state_cost_loss: 1.3761  value_loss: 0.6447
Step:  1020000  |  score: 108.39 ± 0.37  |  actor_loss: -2.5959  cost_loss: 1.3805  q_loss: 0.0005  reward_max: 0.5361  reward_mean: 0.0006  reward_min: -0.1295  state_cost_loss: 1.3806  value_loss: 0.6491
Step:  1030000  |  score: 108.41 ± 0.52  |  actor_loss: -2.4309  cost_loss: 1.3790  q_loss: 0.0006  reward_max: 0.1193  reward_mean: 0.0002  reward_min: -0.4206  state_cost_loss: 1.3792  value_loss: 0.6404
Step:  1040000  |  score: 108.18 ± 0.17  |  actor_loss: -2.4108  cost_loss: 1.3758  q_loss: 0.0010  reward_max: 0.4967  reward_mean: -0.0012  reward_min: -0.9807  state_cost_loss: 1.3762  value_loss: 0.6397
Step:  1050000  |  score: 108.30 ± 0.39  |  actor_loss: -2.5514  cost_loss: 1.3783  q_loss: 0.0005  reward_max: 0.4263  reward_mean: -0.0007  reward_min: -0.7811  state_cost_loss: 1.3778  value_loss: 0.6515
Step:  1060000  |  score: 108.70 ± 0.24  |  actor_loss: -2.2002  cost_loss: 1.3762  q_loss: 0.0008  reward_max: 0.4734  reward_mean: -0.0006  reward_min: -1.2549  state_cost_loss: 1.3767  value_loss: 0.6456
Step:  1070000  |  score: 108.86 ± 0.19  |  actor_loss: -2.1398  cost_loss: 1.3759  q_loss: 0.0008  reward_max: 0.8375  reward_mean: -0.0043  reward_min: -2.1603  state_cost_loss: 1.3775  value_loss: 0.6457
Step:  1080000  |  score: 108.49 ± 0.30  |  actor_loss: -1.8958  cost_loss: 1.3701  q_loss: 0.0005  reward_max: 0.5725  reward_mean: -0.0006  reward_min: -0.6518  state_cost_loss: 1.3704  value_loss: 0.6431
Step:  1090000  |  score: 108.74 ± 0.22  |  actor_loss: -2.4901  cost_loss: 1.3818  q_loss: 0.0003  reward_max: 0.3676  reward_mean: -0.0019  reward_min: -0.1728  state_cost_loss: 1.3818  value_loss: 0.6568
Step:  1100000  |  score: 108.30 ± 0.43  |  actor_loss: -2.6606  cost_loss: 1.3819  q_loss: 0.0005  reward_max: 0.1424  reward_mean: -0.0034  reward_min: -0.3538  state_cost_loss: 1.3825  value_loss: 0.6443
Step:  1110000  |  score: 108.30 ± 0.31  |  actor_loss: -2.5053  cost_loss: 1.3747  q_loss: 0.0005  reward_max: 0.3988  reward_mean: -0.0142  reward_min: -2.5535  state_cost_loss: 1.3772  value_loss: 0.6412
Step:  1120000  |  score: 108.92 ± 0.08  |  actor_loss: -2.3045  cost_loss: 1.3777  q_loss: 0.0004  reward_max: 0.3760  reward_mean: 0.0048  reward_min: -0.1210  state_cost_loss: 1.3768  value_loss: 0.6463
Step:  1130000  |  score: 108.52 ± 0.36  |  actor_loss: -2.4943  cost_loss: 1.3778  q_loss: 0.0007  reward_max: 0.3935  reward_mean: -0.0004  reward_min: -1.3026  state_cost_loss: 1.3776  value_loss: 0.6482
Step:  1140000  |  score: 107.92 ± 0.38  |  actor_loss: -2.5748  cost_loss: 1.3764  q_loss: 0.0004  reward_max: 0.4988  reward_mean: 0.0015  reward_min: -0.1396  state_cost_loss: 1.3769  value_loss: 0.6542
Step:  1150000  |  score: 109.07 ± 0.21  |  actor_loss: -2.5032  cost_loss: 1.3753  q_loss: 0.0003  reward_max: 0.3487  reward_mean: -0.0032  reward_min: -0.8029  state_cost_loss: 1.3756  value_loss: 0.6555
Step:  1160000  |  score: 108.66 ± 0.48  |  actor_loss: -2.3131  cost_loss: 1.3783  q_loss: 0.0004  reward_max: 0.0810  reward_mean: -0.0063  reward_min: -2.8228  state_cost_loss: 1.3809  value_loss: 0.6442
Step:  1170000  |  score: 108.62 ± 0.69  |  actor_loss: -2.2288  cost_loss: 1.3719  q_loss: 0.0011  reward_max: 0.8160  reward_mean: -0.0064  reward_min: -2.3447  state_cost_loss: 1.3727  value_loss: 0.6308
Step:  1180000  |  score: 108.91 ± 0.20  |  actor_loss: -2.2283  cost_loss: 1.3725  q_loss: 0.0012  reward_max: 0.3585  reward_mean: -0.0013  reward_min: -0.5013  state_cost_loss: 1.3717  value_loss: 0.6429
Step:  1190000  |  score: 109.08 ± 0.20  |  actor_loss: -2.4158  cost_loss: 1.3759  q_loss: 0.0009  reward_max: 0.1196  reward_mean: -0.0031  reward_min: -1.8265  state_cost_loss: 1.3761  value_loss: 0.6473
Step:  1200000  |  score: 108.20 ± 0.44  |  actor_loss: -2.3448  cost_loss: 1.3807  q_loss: 0.0004  reward_max: 0.1077  reward_mean: -0.0007  reward_min: -0.1094  state_cost_loss: 1.3808  value_loss: 0.6473
Step:  1210000  |  score: 108.74 ± 0.15  |  actor_loss: -2.3904  cost_loss: 1.3798  q_loss: 0.0009  reward_max: 0.1998  reward_mean: -0.0028  reward_min: -2.0997  state_cost_loss: 1.3799  value_loss: 0.6471
Step:  1220000  |  score: 108.59 ± 0.13  |  actor_loss: -2.4978  cost_loss: 1.3775  q_loss: 0.0004  reward_max: 0.3673  reward_mean: 0.0007  reward_min: -0.8692  state_cost_loss: 1.3770  value_loss: 0.6570
Step:  1230000  |  score: 108.64 ± 0.56  |  actor_loss: -2.2934  cost_loss: 1.3770  q_loss: 0.0018  reward_max: 0.5899  reward_mean: 0.0007  reward_min: -0.2495  state_cost_loss: 1.3769  value_loss: 0.6378
Step:  1240000  |  score: 108.60 ± 0.14  |  actor_loss: -2.4959  cost_loss: 1.3797  q_loss: 0.0012  reward_max: 0.7413  reward_mean: -0.0003  reward_min: -0.2151  state_cost_loss: 1.3800  value_loss: 0.6476
Step:  1250000  |  score: 108.65 ± 0.63  |  actor_loss: -2.5390  cost_loss: 1.3806  q_loss: 0.0004  reward_max: 0.1022  reward_mean: -0.0015  reward_min: -0.1126  state_cost_loss: 1.3801  value_loss: 0.6474
Step:  1260000  |  score: 108.34 ± 0.17  |  actor_loss: -2.3502  cost_loss: 1.3785  q_loss: 0.0007  reward_max: 0.4389  reward_mean: -0.0004  reward_min: -0.4852  state_cost_loss: 1.3798  value_loss: 0.6479
Step:  1270000  |  score: 108.51 ± 0.18  |  actor_loss: -2.3371  cost_loss: 1.3769  q_loss: 0.0009  reward_max: 0.3908  reward_mean: 0.0023  reward_min: -0.6203  state_cost_loss: 1.3775  value_loss: 0.6482
Step:  1280000  |  score: 109.19 ± 0.42  |  actor_loss: -2.8285  cost_loss: 1.3796  q_loss: 0.0009  reward_max: 0.3764  reward_mean: -0.0041  reward_min: -1.9482  state_cost_loss: 1.3794  value_loss: 0.6525
Step:  1290000  |  score: 108.59 ± 0.22  |  actor_loss: -2.4132  cost_loss: 1.3742  q_loss: 0.0010  reward_max: 0.2932  reward_mean: -0.0047  reward_min: -2.2507  state_cost_loss: 1.3759  value_loss: 0.6372
Step:  1300000  |  score: 108.57 ± 0.45  |  actor_loss: -2.2487  cost_loss: 1.3774  q_loss: 0.0006  reward_max: 0.4499  reward_mean: 0.0002  reward_min: -0.6115  state_cost_loss: 1.3776  value_loss: 0.6420
Step:  1310000  |  score: 108.52 ± 0.45  |  actor_loss: -2.1099  cost_loss: 1.3708  q_loss: 0.0007  reward_max: 0.3093  reward_mean: -0.0055  reward_min: -1.4630  state_cost_loss: 1.3714  value_loss: 0.6509
Step:  1320000  |  score: 108.43 ± 0.24  |  actor_loss: -2.5147  cost_loss: 1.3778  q_loss: 0.0008  reward_max: 0.9959  reward_mean: 0.0013  reward_min: -0.3500  state_cost_loss: 1.3784  value_loss: 0.6580
Step:  1330000  |  score: 108.61 ± 0.30  |  actor_loss: -2.3884  cost_loss: 1.3791  q_loss: 0.0007  reward_max: 0.1451  reward_mean: 0.0010  reward_min: -0.2277  state_cost_loss: 1.3793  value_loss: 0.6487
Step:  1340000  |  score: 108.63 ± 0.40  |  actor_loss: -2.3884  cost_loss: 1.3807  q_loss: 0.0003  reward_max: 0.2073  reward_mean: 0.0025  reward_min: -0.0374  state_cost_loss: 1.3814  value_loss: 0.6533
Step:  1350000  |  score: 108.69 ± 0.14  |  actor_loss: -2.5293  cost_loss: 1.3792  q_loss: 0.0006  reward_max: 0.3788  reward_mean: -0.0022  reward_min: -2.4039  state_cost_loss: 1.3802  value_loss: 0.6638
Step:  1360000  |  score: 108.16 ± 0.27  |  actor_loss: -2.1721  cost_loss: 1.3719  q_loss: 0.0006  reward_max: 0.3955  reward_mean: -0.0043  reward_min: -1.5064  state_cost_loss: 1.3722  value_loss: 0.6482
Step:  1370000  |  score: 108.70 ± 0.24  |  actor_loss: -2.2336  cost_loss: 1.3800  q_loss: 0.0006  reward_max: 0.3489  reward_mean: -0.0025  reward_min: -0.6386  state_cost_loss: 1.3804  value_loss: 0.6508
Step:  1380000  |  score: 108.69 ± 0.17  |  actor_loss: -2.2260  cost_loss: 1.3787  q_loss: 0.0007  reward_max: 0.2882  reward_mean: -0.0021  reward_min: -0.9502  state_cost_loss: 1.3782  value_loss: 0.6547
Step:  1390000  |  score: 108.47 ± 0.21  |  actor_loss: -2.2489  cost_loss: 1.3776  q_loss: 0.0016  reward_max: 0.2261  reward_mean: -0.0030  reward_min: -1.7374  state_cost_loss: 1.3779  value_loss: 0.6519
Step:  1400000  |  score: 108.36 ± 0.38  |  actor_loss: -2.5553  cost_loss: 1.3768  q_loss: 0.0009  reward_max: 0.6580  reward_mean: 0.0013  reward_min: -0.4821  state_cost_loss: 1.3759  value_loss: 0.6510
Step:  1410000  |  score: 108.37 ± 0.35  |  actor_loss: -2.4694  cost_loss: 1.3780  q_loss: 0.0004  reward_max: 0.3223  reward_mean: 0.0018  reward_min: -0.2492  state_cost_loss: 1.3779  value_loss: 0.6723
Step:  1420000  |  score: 108.62 ± 0.10  |  actor_loss: -2.6285  cost_loss: 1.3793  q_loss: 0.0005  reward_max: 0.1631  reward_mean: -0.0014  reward_min: -1.7396  state_cost_loss: 1.3795  value_loss: 0.6506
Step:  1430000  |  score: 108.66 ± 0.30  |  actor_loss: -2.4685  cost_loss: 1.3758  q_loss: 0.0013  reward_max: 0.2493  reward_mean: -0.0016  reward_min: -1.0223  state_cost_loss: 1.3757  value_loss: 0.6455
Step:  1440000  |  score: 109.14 ± 0.20  |  actor_loss: -2.6208  cost_loss: 1.3793  q_loss: 0.0003  reward_max: 0.6627  reward_mean: 0.0008  reward_min: -0.1960  state_cost_loss: 1.3785  value_loss: 0.6638
Step:  1450000  |  score: 108.48 ± 0.29  |  actor_loss: -2.3127  cost_loss: 1.3739  q_loss: 0.0012  reward_max: 0.3121  reward_mean: 0.0077  reward_min: -1.3963  state_cost_loss: 1.3732  value_loss: 0.6547
Step:  1460000  |  score: 108.75 ± 0.28  |  actor_loss: -2.6281  cost_loss: 1.3780  q_loss: 0.0003  reward_max: 0.0684  reward_mean: -0.0008  reward_min: -0.7836  state_cost_loss: 1.3785  value_loss: 0.6535
Step:  1470000  |  score: 109.20 ± 0.25  |  actor_loss: -2.2473  cost_loss: 1.3750  q_loss: 0.0009  reward_max: 0.3119  reward_mean: 0.0006  reward_min: -0.3800  state_cost_loss: 1.3751  value_loss: 0.6490
Step:  1480000  |  score: 108.85 ± 0.14  |  actor_loss: -2.3553  cost_loss: 1.3736  q_loss: 0.0010  reward_max: 0.5936  reward_mean: 0.0027  reward_min: -0.0852  state_cost_loss: 1.3732  value_loss: 0.6567
Step:  1490000  |  score: 108.55 ± 0.08  |  actor_loss: -2.3881  cost_loss: 1.3733  q_loss: 0.0007  reward_max: 0.4206  reward_mean: 0.0030  reward_min: -0.9053  state_cost_loss: 1.3730  value_loss: 0.6608
Step:  1500000  |  score: 108.76 ± 0.09  |  actor_loss: -2.2591  cost_loss: 1.3747  q_loss: 0.0009  reward_max: 0.6721  reward_mean: -0.0030  reward_min: -2.6557  state_cost_loss: 1.3748  value_loss: 0.6591
Step:  1510000  |  score: 108.26 ± 0.20  |  actor_loss: -2.3674  cost_loss: 1.3769  q_loss: 0.0011  reward_max: 0.3796  reward_mean: -0.0009  reward_min: -0.4386  state_cost_loss: 1.3773  value_loss: 0.6557
Step:  1520000  |  score: 108.68 ± 0.59  |  actor_loss: -2.3442  cost_loss: 1.3754  q_loss: 0.0009  reward_max: 0.1341  reward_mean: -0.0013  reward_min: -0.3210  state_cost_loss: 1.3750  value_loss: 0.6578
Step:  1530000  |  score: 108.71 ± 0.24  |  actor_loss: -2.6562  cost_loss: 1.3813  q_loss: 0.0003  reward_max: 0.6395  reward_mean: 0.0003  reward_min: -0.0733  state_cost_loss: 1.3817  value_loss: 0.6556
Step:  1540000  |  score: 108.84 ± 0.22  |  actor_loss: -2.6357  cost_loss: 1.3788  q_loss: 0.0004  reward_max: 0.5578  reward_mean: 0.0001  reward_min: -1.0259  state_cost_loss: 1.3788  value_loss: 0.6492
Step:  1550000  |  score: 108.87 ± 0.21  |  actor_loss: -2.5505  cost_loss: 1.3763  q_loss: 0.0006  reward_max: 0.6474  reward_mean: -0.0009  reward_min: -0.8824  state_cost_loss: 1.3768  value_loss: 0.6436
Step:  1560000  |  score: 108.60 ± 0.65  |  actor_loss: -2.1805  cost_loss: 1.3707  q_loss: 0.0016  reward_max: 0.8895  reward_mean: -0.0015  reward_min: -1.6698  state_cost_loss: 1.3707  value_loss: 0.6494
Step:  1570000  |  score: 108.52 ± 0.21  |  actor_loss: -2.5973  cost_loss: 1.3770  q_loss: 0.0007  reward_max: 0.2108  reward_mean: -0.0002  reward_min: -0.6678  state_cost_loss: 1.3767  value_loss: 0.6615
Step:  1580000  |  score: 108.66 ± 0.30  |  actor_loss: -2.3767  cost_loss: 1.3728  q_loss: 0.0007  reward_max: 0.1416  reward_mean: -0.0077  reward_min: -1.6424  state_cost_loss: 1.3735  value_loss: 0.6577
Step:  1590000  |  score: 108.13 ± 0.25  |  actor_loss: -2.5113  cost_loss: 1.3786  q_loss: 0.0007  reward_max: 0.2064  reward_mean: 0.0000  reward_min: -0.0970  state_cost_loss: 1.3794  value_loss: 0.6644
Step:  1600000  |  score: 108.34 ± 0.34  |  actor_loss: -2.6018  cost_loss: 1.3778  q_loss: 0.0005  reward_max: 0.3661  reward_mean: -0.0038  reward_min: -1.4438  state_cost_loss: 1.3773  value_loss: 0.6513
Step:  1610000  |  score: 108.69 ± 0.21  |  actor_loss: -2.1922  cost_loss: 1.3746  q_loss: 0.0010  reward_max: 0.3619  reward_mean: -0.0015  reward_min: -1.6622  state_cost_loss: 1.3741  value_loss: 0.6534
Step:  1620000  |  score: 108.39 ± 0.56  |  actor_loss: -2.1426  cost_loss: 1.3760  q_loss: 0.0007  reward_max: 0.3631  reward_mean: -0.0009  reward_min: -0.4227  state_cost_loss: 1.3764  value_loss: 0.6495
Step:  1630000  |  score: 108.36 ± 0.37  |  actor_loss: -2.4216  cost_loss: 1.3788  q_loss: 0.0011  reward_max: 0.4268  reward_mean: -0.0001  reward_min: -0.2346  state_cost_loss: 1.3791  value_loss: 0.6554
Step:  1640000  |  score: 107.52 ± 0.50  |  actor_loss: -2.4325  cost_loss: 1.3764  q_loss: 0.0005  reward_max: 0.2161  reward_mean: -0.0029  reward_min: -0.7670  state_cost_loss: 1.3768  value_loss: 0.6633
Step:  1650000  |  score: 108.23 ± 0.30  |  actor_loss: -2.3077  cost_loss: 1.3759  q_loss: 0.0009  reward_max: 0.4088  reward_mean: -0.0059  reward_min: -2.5968  state_cost_loss: 1.3766  value_loss: 0.6471
Step:  1660000  |  score: 108.50 ± 0.25  |  actor_loss: -2.5637  cost_loss: 1.3766  q_loss: 0.0006  reward_max: 0.3862  reward_mean: 0.0045  reward_min: -0.1556  state_cost_loss: 1.3767  value_loss: 0.6660
Step:  1670000  |  score: 108.80 ± 0.22  |  actor_loss: -2.4080  cost_loss: 1.3762  q_loss: 0.0018  reward_max: 0.1533  reward_mean: -0.0028  reward_min: -1.0909  state_cost_loss: 1.3764  value_loss: 0.6518
Step:  1680000  |  score: 108.65 ± 0.53  |  actor_loss: -2.0255  cost_loss: 1.3747  q_loss: 0.0008  reward_max: 0.3118  reward_mean: 0.0000  reward_min: -0.4966  state_cost_loss: 1.3753  value_loss: 0.6575
Step:  1690000  |  score: 108.99 ± 0.12  |  actor_loss: -2.3133  cost_loss: 1.3759  q_loss: 0.0008  reward_max: 0.3500  reward_mean: 0.0021  reward_min: -0.2868  state_cost_loss: 1.3756  value_loss: 0.6613
Step:  1700000  |  score: 108.04 ± 0.31  |  actor_loss: -2.4890  cost_loss: 1.3809  q_loss: 0.0004  reward_max: 0.4017  reward_mean: 0.0013  reward_min: -0.1112  state_cost_loss: 1.3804  value_loss: 0.6663
Step:  1710000  |  score: 108.99 ± 0.21  |  actor_loss: -2.3561  cost_loss: 1.3755  q_loss: 0.0004  reward_max: 0.1988  reward_mean: -0.0081  reward_min: -1.4186  state_cost_loss: 1.3768  value_loss: 0.6498
Step:  1720000  |  score: 108.16 ± 0.47  |  actor_loss: -2.6509  cost_loss: 1.3778  q_loss: 0.0005  reward_max: 0.2393  reward_mean: -0.0042  reward_min: -2.6534  state_cost_loss: 1.3788  value_loss: 0.6544
Step:  1730000  |  score: 108.76 ± 0.20  |  actor_loss: -2.3818  cost_loss: 1.3810  q_loss: 0.0004  reward_max: 0.2989  reward_mean: -0.0007  reward_min: -1.5426  state_cost_loss: 1.3810  value_loss: 0.6683
Step:  1740000  |  score: 108.43 ± 0.23  |  actor_loss: -2.6062  cost_loss: 1.3792  q_loss: 0.0003  reward_max: 0.3705  reward_mean: -0.0015  reward_min: -1.1814  state_cost_loss: 1.3786  value_loss: 0.6634
Step:  1750000  |  score: 108.26 ± 0.29  |  actor_loss: -2.2304  cost_loss: 1.3786  q_loss: 0.0003  reward_max: 0.3034  reward_mean: -0.0004  reward_min: -0.1624  state_cost_loss: 1.3785  value_loss: 0.6619
Step:  1760000  |  score: 108.33 ± 0.52  |  actor_loss: -1.9390  cost_loss: 1.3743  q_loss: 0.0012  reward_max: 0.1644  reward_mean: -0.0011  reward_min: -0.6375  state_cost_loss: 1.3747  value_loss: 0.6543
Step:  1770000  |  score: 107.58 ± 0.45  |  actor_loss: -2.5672  cost_loss: 1.3790  q_loss: 0.0006  reward_max: 0.3509  reward_mean: 0.0011  reward_min: -0.1189  state_cost_loss: 1.3788  value_loss: 0.6532
Step:  1780000  |  score: 108.90 ± 0.12  |  actor_loss: -2.2873  cost_loss: 1.3731  q_loss: 0.0007  reward_max: 0.6062  reward_mean: 0.0001  reward_min: -0.3713  state_cost_loss: 1.3729  value_loss: 0.6665
Step:  1790000  |  score: 108.09 ± 0.35  |  actor_loss: -2.2495  cost_loss: 1.3735  q_loss: 0.0009  reward_max: 0.5554  reward_mean: -0.0039  reward_min: -0.9955  state_cost_loss: 1.3737  value_loss: 0.6360
Step:  1800000  |  score: 108.34 ± 0.37  |  actor_loss: -2.3840  cost_loss: 1.3732  q_loss: 0.0006  reward_max: 0.3424  reward_mean: -0.0012  reward_min: -0.6968  state_cost_loss: 1.3734  value_loss: 0.6513
Step:  1810000  |  score: 108.70 ± 0.22  |  actor_loss: -2.3695  cost_loss: 1.3753  q_loss: 0.0006  reward_max: 0.3618  reward_mean: -0.0007  reward_min: -1.8024  state_cost_loss: 1.3749  value_loss: 0.6528
Step:  1820000  |  score: 108.66 ± 0.41  |  actor_loss: -2.6888  cost_loss: 1.3768  q_loss: 0.0011  reward_max: 0.2115  reward_mean: -0.0063  reward_min: -2.3317  state_cost_loss: 1.3781  value_loss: 0.6478
Step:  1830000  |  score: 108.15 ± 0.24  |  actor_loss: -2.4969  cost_loss: 1.3792  q_loss: 0.0008  reward_max: 0.2847  reward_mean: -0.0023  reward_min: -0.7625  state_cost_loss: 1.3801  value_loss: 0.6534
Step:  1840000  |  score: 108.64 ± 0.41  |  actor_loss: -2.1683  cost_loss: 1.3782  q_loss: 0.0005  reward_max: 0.3192  reward_mean: -0.0015  reward_min: -0.5884  state_cost_loss: 1.3780  value_loss: 0.6475
Step:  1850000  |  score: 109.01 ± 0.34  |  actor_loss: -2.5413  cost_loss: 1.3773  q_loss: 0.0006  reward_max: 0.3204  reward_mean: -0.0013  reward_min: -1.1143  state_cost_loss: 1.3766  value_loss: 0.6537
Step:  1860000  |  score: 108.34 ± 0.13  |  actor_loss: -2.4655  cost_loss: 1.3761  q_loss: 0.0008  reward_max: 0.3989  reward_mean: -0.0019  reward_min: -1.3746  state_cost_loss: 1.3767  value_loss: 0.6387
Step:  1870000  |  score: 109.00 ± 0.17  |  actor_loss: -2.6683  cost_loss: 1.3812  q_loss: 0.0006  reward_max: 0.5028  reward_mean: 0.0015  reward_min: -0.0535  state_cost_loss: 1.3806  value_loss: 0.6554
Step:  1880000  |  score: 108.92 ± 0.45  |  actor_loss: -2.5082  cost_loss: 1.3780  q_loss: 0.0007  reward_max: 0.4169  reward_mean: 0.0026  reward_min: -0.2208  state_cost_loss: 1.3770  value_loss: 0.6746
Step:  1890000  |  score: 108.88 ± 0.19  |  actor_loss: -2.3056  cost_loss: 1.3751  q_loss: 0.0004  reward_max: 0.5675  reward_mean: -0.0017  reward_min: -0.9218  state_cost_loss: 1.3760  value_loss: 0.6599
Step:  1900000  |  score: 108.30 ± 0.45  |  actor_loss: -2.7062  cost_loss: 1.3741  q_loss: 0.0010  reward_max: 0.2685  reward_mean: -0.0014  reward_min: -0.5980  state_cost_loss: 1.3745  value_loss: 0.6668
Step:  1910000  |  score: 108.46 ± 0.33  |  actor_loss: -2.6975  cost_loss: 1.3773  q_loss: 0.0004  reward_max: 0.4000  reward_mean: 0.0005  reward_min: -0.3357  state_cost_loss: 1.3768  value_loss: 0.6731
Step:  1920000  |  score: 108.45 ± 0.63  |  actor_loss: -2.4390  cost_loss: 1.3752  q_loss: 0.0004  reward_max: 0.3672  reward_mean: -0.0027  reward_min: -0.7484  state_cost_loss: 1.3755  value_loss: 0.6536
Step:  1930000  |  score: 108.37 ± 0.61  |  actor_loss: -2.5618  cost_loss: 1.3761  q_loss: 0.0005  reward_max: 0.4966  reward_mean: 0.0034  reward_min: -0.0983  state_cost_loss: 1.3755  value_loss: 0.6457
Step:  1940000  |  score: 108.14 ± 0.33  |  actor_loss: -2.5674  cost_loss: 1.3775  q_loss: 0.0007  reward_max: 0.3206  reward_mean: -0.0045  reward_min: -2.6187  state_cost_loss: 1.3769  value_loss: 0.6490
Step:  1950000  |  score: 109.06 ± 0.23  |  actor_loss: -2.6843  cost_loss: 1.3795  q_loss: 0.0005  reward_max: 0.4531  reward_mean: -0.0032  reward_min: -1.9119  state_cost_loss: 1.3793  value_loss: 0.6547
Step:  1960000  |  score: 108.36 ± 0.28  |  actor_loss: -2.5924  cost_loss: 1.3797  q_loss: 0.0004  reward_max: 0.1259  reward_mean: 0.0007  reward_min: -0.0967  state_cost_loss: 1.3799  value_loss: 0.6659
Step:  1970000  |  score: 108.73 ± 0.19  |  actor_loss: -2.6778  cost_loss: 1.3790  q_loss: 0.0005  reward_max: 0.2476  reward_mean: -0.0088  reward_min: -3.0304  state_cost_loss: 1.3790  value_loss: 0.6531
Step:  1980000  |  score: 107.68 ± 0.33  |  actor_loss: -2.3862  cost_loss: 1.3738  q_loss: 0.0004  reward_max: 0.6006  reward_mean: -0.0022  reward_min: -0.7770  state_cost_loss: 1.3744  value_loss: 0.6536
Step:  1990000  |  score: 108.57 ± 0.18  |  actor_loss: -2.5369  cost_loss: 1.3767  q_loss: 0.0005  reward_max: 0.0904  reward_mean: -0.0036  reward_min: -0.4795  state_cost_loss: 1.3770  value_loss: 0.6475
Step:  2000000  |  score: 108.62 ± 0.25  |  actor_loss: -2.5924  cost_loss: 1.3773  q_loss: 0.0009  reward_max: 0.4103  reward_mean: -0.0028  reward_min: -2.4120  state_cost_loss: 1.3775  value_loss: 0.6552
Final evaluation (13 iterations)...
Final score: 108.65 ± 0.25
wandb: WARNING Symlinked 1 file into the W&B run directory; call wandb.save again to sync new files.
wandb: updating run metadata
wandb: uploading summary, console lines 214-215
wandb: uploading final_returns/cdemodice_walker2d-expert-v2_2026-03-18_20-22-05.npz; uploading output.log; uploading wandb-summary.json; uploading config.yaml
wandb: uploading final_returns/cdemodice_walker2d-expert-v2_2026-03-18_20-22-05.npz; uploading output.log; uploading wandb-summary.json
wandb: uploading data
wandb: 
wandb: Run history:
wandb:  actor_loss █▄▅▅▃▄▄▂▂▅▄▃▁▃▃▄▃▂▄▃▄▂▂▃▃▅▄▁▃▃▂▄▂▃▂▃▂▃▁▁
wandb:   cost_loss ▁▃▄▇▅▅▇▅▆▆▅▄▆▅▅▅▂█▅▃▅▆▄▁▇▅▅▆▅▂▂▅▄▄▄▅▅▂▅▄
wandb: num_updates ▁▁▁▁▂▂▂▂▂▂▃▃▃▃▃▄▄▄▄▄▄▄▄▅▅▆▆▆▆▆▆▆▆▆▇▇▇███
wandb:      q_loss █▂▃▃▃▂▃▃▃▂▁▃▁▃▁▃▂▁▂▁▁▂▁▂▁▁▂▃▁▂▁▂▂▃▂▂▁▂▁▂
wandb:      return ▁█████▄█████▆█▆▄████████████████████████
wandb:  reward_max ▂▅▁▂▃▂▃▄█▃▆▂▃▂▃▆▃▄▄▁▁▃▃▃▇▃▂▂▃▅▅▃▅▅▂▃▃▂▃▁
wandb: reward_mean █▄█▄█▆▇▅▁▆▇▆▆▆▄▇▇▇▇▇▇▇█▄▇▅▇▇▇▅▇█▆█▇▇▇▅▆▆
wandb:  reward_min ▇▃▆▃▃▅█▇▇▃▇▁▆▅▄▄▄▅▅▆▆▄▁▅█▁▇▇█▃▇▃▅▆█▅▆▇▆▆
wandb:       score ▇▇████▇█▇▇▇▁▇▇▇████▁█▇████▇██▇█▇▇▇▇▇███▇
wandb:   score_std ▁▁▁▁▁▁▁▁▁▁▁█▇▁▁▇▁▁▁▁▁▁▁▁▁▁▁▁▁▁▁▁▁▁▁▁▁▁▁▁
wandb:          +2 ...
wandb: 
wandb: Run summary:
wandb:  actor_loss -2.59236
wandb:   cost_loss 1.37731
wandb: num_updates 2000000
wandb:      q_loss 0.00091
wandb:      return 4988.23202
wandb:  reward_max 0.41034
wandb: reward_mean -0.00278
wandb:  reward_min -2.41203
wandb:       score 108.62471
wandb:   score_std 0.25124
wandb:          +2 ...
wandb: 
wandb: 🚀 View run cdemodice_walker2d_M2_s3 at: https://wandb.ai/wsk208/DemoDICE/runs/nnyyow5b
wandb: ⭐️ View project at: https://wandb.ai/wsk208/DemoDICE
wandb: Synced 5 W&B file(s), 0 media file(s), 0 artifact file(s) and 1 other file(s)
wandb: Find logs at: ./wandb/run-20260318_194934-nnyyow5b/logs
