Warning: All of online environments libraries in D4RL have been moved ]8;;https://github.com/Farama-Foundation/Gymnasium\Gymnasium]8;;\, ]8;;https://github.com/Farama-Foundation/MiniGrid\MiniGrid]8;;\ and ]8;;https://github.com/Farama-Foundation/Gymnasium-Robotics\Gymnasium-Robotics]8;;\, and all offline datasets in D4RL have been moved to ]8;;https://github.com/Farama-Foundation/Minari\Minari]8;;\.
These new versions include large bug fixes, new versions of Python, and are where all new development will continue. Please upgrade these libraries as soon as you're able to do so.
If you'd like to read more about the story behind this switch, please check out ]8;;https://farama.org/Announcing-Minari\this blog post]8;;\.
Gym has been unmaintained since 2022 and does not support NumPy 2.0 amongst other critical functionality.
Please upgrade to Gymnasium, the maintained drop-in replacement of Gym, or contact the authors of your software and request that they upgrade.
See the migration guide at https://gymnasium.farama.org/introduction/migration_guide/ for additional information.
/opt/venv/lib/python3.10/site-packages/Cython/Distutils/old_build_ext.py:15: DeprecationWarning: dep_util is Deprecated. Use functions from setuptools instead.
  from distutils.dep_util import newer, newer_group
<frozen importlib._bootstrap>:283: DeprecationWarning: the load_module() method is deprecated and slated for removal in Python 3.12; use exec_module() instead
pybullet build time: Jan 29 2025 23:16:28
wandb: [wandb.login()] Loaded credentials for https://api.wandb.ai from /root/.netrc.
wandb: Currently logged in as: wsk208 to https://api.wandb.ai. Use `wandb login --relogin` to force relogin
/opt/venv/lib/python3.10/site-packages/wandb/analytics/sentry.py:268: DeprecationWarning: Read the `app_url` setting from the appropriate Settings object.
  app_url = wandb.util.app_url(tags["base_url"])  # type: ignore[index]
/opt/venv/lib/python3.10/site-packages/wandb/analytics/sentry.py:279: DeprecationWarning: The `Scope.user` setter is deprecated in favor of `Scope.set_user()`.
  self.scope.user = {"email": email}
wandb: setting up run vd0z87m7
/opt/venv/lib/python3.10/site-packages/wandb/analytics/sentry.py:268: DeprecationWarning: Read the `app_url` setting from the appropriate Settings object.
  app_url = wandb.util.app_url(tags["base_url"])  # type: ignore[index]
/opt/venv/lib/python3.10/site-packages/wandb/analytics/sentry.py:279: DeprecationWarning: The `Scope.user` setter is deprecated in favor of `Scope.set_user()`.
  self.scope.user = {"email": email}
wandb: Tracking run with wandb version 0.25.1
wandb: Run data is saved locally in /app/wandb/run-20260318_113805-vd0z87m7
wandb: Run `wandb offline` to turn off syncing.
wandb: Syncing run cdemodice_hopper_M1_s2
wandb: ⭐️ View project at https://wandb.ai/wsk208/DemoDICE
wandb: 🚀 View run at https://wandb.ai/wsk208/DemoDICE/runs/vd0z87m7
/opt/venv/lib/python3.10/site-packages/gym/spaces/box.py:84: UserWarning: [33mWARN: Box bound precision lowered by casting to float32[0m
  logger.warn(f"Box bound precision lowered by casting to {self.dtype}")
load datafile:   0%|          | 0/21 [00:00<?, ?it/s]load datafile:   5%|▍         | 1/21 [00:00<00:02,  7.99it/s]load datafile:  14%|█▍        | 3/21 [00:00<00:03,  5.37it/s]load datafile:  19%|█▉        | 4/21 [00:00<00:04,  3.80it/s]load datafile:  81%|████████  | 17/21 [00:01<00:00, 14.84it/s]load datafile:  90%|█████████ | 19/21 [00:01<00:00, 10.74it/s]load datafile: 100%|██████████| 21/21 [00:01<00:00, 11.09it/s]
Expert  :  999061 transitions  (hopper-expert-v2, 400 traj)
load datafile:   0%|          | 0/9 [00:00<?, ?it/s]load datafile:  33%|███▎      | 3/9 [00:00<00:00,  8.98it/s]load datafile:  44%|████▍     | 4/9 [00:00<00:00,  6.47it/s]load datafile:  56%|█████▌    | 5/9 [00:00<00:00,  5.05it/s]load datafile:  67%|██████▋   | 6/9 [00:01<00:00,  4.36it/s]load datafile: 100%|██████████| 9/9 [00:01<00:00,  7.51it/s]
Imperfect:    2154 transitions  (hopper-random-v2, 100 traj)
Union   : 1001215 transitions total
/root/.local/share/uv/python/cpython-3.10-linux-x86_64-gnu/lib/python3.10/multiprocessing/popen_fork.py:66: RuntimeWarning: os.fork() was called. os.fork() is incompatible with multithreaded code, and JAX is multithreaded, so this will likely lead to a deadlock.
  self.pid = os.fork()
/opt/venv/lib/python3.10/site-packages/tensorflow_probability/python/internal/backend/jax/ops.py:681: DeprecationWarning: jax.interpreters.xla.pytype_aval_mappings is deprecated.
  jax.interpreters.xla.pytype_aval_mappings[onp.ndarray])
/opt/venv/lib/python3.10/site-packages/gym/spaces/box.py:84: UserWarning: [33mWARN: Box bound precision lowered by casting to float32[0m
  logger.warn(f"Box bound precision lowered by casting to {self.dtype}")
Step:    10000  |  score: 43.62 ± 10.09  |  actor_loss: 2.0987  cost_loss: 1.3850  q_loss: 0.0031  reward_max: 0.5091  reward_mean: -0.0009  reward_min: -0.2151  state_cost_loss: 1.3879  value_loss: -0.1931
Step:    20000  |  score: 52.74 ± 22.22  |  actor_loss: 1.3808  cost_loss: 1.3851  q_loss: 0.0028  reward_max: 0.1775  reward_mean: -0.0007  reward_min: -0.2731  state_cost_loss: 1.3845  value_loss: -0.3195
Step:    30000  |  score: 44.74 ± 3.51  |  actor_loss: 0.8386  cost_loss: 1.3812  q_loss: 0.0040  reward_max: 0.8413  reward_mean: -0.0087  reward_min: -0.1828  state_cost_loss: 1.3810  value_loss: -0.3925
Step:    40000  |  score: 0.69 ± 0.06  |  actor_loss: 0.4029  cost_loss: 1.3817  q_loss: 0.0035  reward_max: 0.3645  reward_mean: -0.0090  reward_min: -0.1341  state_cost_loss: 1.3822  value_loss: -0.4366
Step:    50000  |  score: 0.63 ± 0.02  |  actor_loss: 0.2561  cost_loss: 1.3847  q_loss: 0.0042  reward_max: 0.1003  reward_mean: -0.0044  reward_min: -0.1783  state_cost_loss: 1.3835  value_loss: -0.3429
Step:    60000  |  score: 0.59 ± 0.01  |  actor_loss: 0.1353  cost_loss: 1.3806  q_loss: 0.0040  reward_max: 0.4769  reward_mean: 0.0126  reward_min: -0.0982  state_cost_loss: 1.3809  value_loss: -0.2667
Step:    70000  |  score: 0.60 ± 0.01  |  actor_loss: 0.5806  cost_loss: 1.3794  q_loss: 0.0785  reward_max: 0.3751  reward_mean: -0.0143  reward_min: -0.7094  state_cost_loss: 1.3794  value_loss: 11.3415
Step:    80000  |  score: 0.70 ± 0.02  |  actor_loss: -0.6972  cost_loss: 1.3791  q_loss: 43.5296  reward_max: 0.2711  reward_mean: -0.0113  reward_min: -0.1811  state_cost_loss: 1.3807  value_loss: 67.3863
Step:    90000  |  score: 1.67 ± 0.09  |  actor_loss: -25.2883  cost_loss: 1.3804  q_loss: 14.5232  reward_max: 0.1712  reward_mean: 0.0019  reward_min: -0.0991  state_cost_loss: 1.3795  value_loss: 1314683224064.0000
Step:   100000  |  score: 0.92 ± 0.02  |  actor_loss: -18.4075  cost_loss: 1.3791  q_loss: 11.4672  reward_max: 0.3316  reward_mean: 0.0010  reward_min: -0.1087  state_cost_loss: 1.3815  value_loss: 774128135461950871044096.0000
Step:   110000  |  score: 0.94 ± 0.01  |  actor_loss: -19.9690  cost_loss: 1.3812  q_loss: 10.8134  reward_max: 0.1405  reward_mean: 0.0050  reward_min: -0.1817  state_cost_loss: 1.3811  value_loss: 425065952826760364032.0000
Step:   120000  |  score: 1.00 ± 0.02  |  actor_loss: -21.0714  cost_loss: 1.3824  q_loss: 7.5584  reward_max: 0.1117  reward_mean: 0.0050  reward_min: -0.1465  state_cost_loss: 1.3819  value_loss: 264599952878101732524032.0000
Step:   130000  |  score: 1.27 ± 0.55  |  actor_loss: -24.3271  cost_loss: 1.3829  q_loss: 13.7916  reward_max: 0.2184  reward_mean: -0.0102  reward_min: -0.2619  state_cost_loss: 1.3840  value_loss: 2031041930644684800.0000
Step:   140000  |  score: 2.01 ± 0.77  |  actor_loss: -32.2737  cost_loss: 1.3807  q_loss: 1216.6453  reward_max: 0.1428  reward_mean: 0.0004  reward_min: -0.2746  state_cost_loss: 1.3814  value_loss: 1251705889853800448.0000
Step:   150000  |  score: 2.52 ± 0.08  |  actor_loss: -26.6119  cost_loss: 1.3808  q_loss: 153.7980  reward_max: 0.1168  reward_mean: -0.0131  reward_min: -0.1907  state_cost_loss: 1.3820  value_loss: 7658116226575822258962432.0000
Step:   160000  |  score: 2.49 ± 0.07  |  actor_loss: -21.9148  cost_loss: 1.3784  q_loss: 42.2139  reward_max: 0.0837  reward_mean: 0.0005  reward_min: -0.6161  state_cost_loss: 1.3792  value_loss: 147258970831738120437760.0000
Step:   170000  |  score: 2.57 ± 0.07  |  actor_loss: -23.9488  cost_loss: 1.3823  q_loss: 6.6940  reward_max: 0.2283  reward_mean: -0.0026  reward_min: -0.1036  state_cost_loss: 1.3813  value_loss: 51145683110987204395008.0000
Step:   180000  |  score: 1.81 ± 0.64  |  actor_loss: -26.5546  cost_loss: 1.3820  q_loss: 10.9250  reward_max: 0.0976  reward_mean: 0.0079  reward_min: -0.1892  state_cost_loss: 1.3810  value_loss: 1109798658565472256.0000
Step:   190000  |  score: 1.14 ± 0.23  |  actor_loss: -34.6278  cost_loss: 1.3827  q_loss: 91.7378  reward_max: 0.1054  reward_mean: 0.0030  reward_min: -0.1734  state_cost_loss: 1.3829  value_loss: 11027718996546813952.0000
Step:   200000  |  score: 2.17 ± 0.65  |  actor_loss: -24.9476  cost_loss: 1.3833  q_loss: 7.0314  reward_max: 0.1297  reward_mean: 0.0024  reward_min: -0.0966  state_cost_loss: 1.3827  value_loss: 233490635609023184896.0000
Step:   210000  |  score: 1.35 ± 0.56  |  actor_loss: -31.2766  cost_loss: 1.3792  q_loss: 10.7228  reward_max: 0.0922  reward_mean: 0.0014  reward_min: -0.4270  state_cost_loss: 1.3801  value_loss: 1415808296067996319744.0000
Step:   220000  |  score: 2.71 ± 0.12  |  actor_loss: -34.3842  cost_loss: 1.3835  q_loss: 14.4330  reward_max: 0.1101  reward_mean: 0.0054  reward_min: -0.3963  state_cost_loss: 1.3833  value_loss: 86478770955651907584.0000
Step:   230000  |  score: 3.70 ± 2.85  |  actor_loss: -17.7616  cost_loss: 1.3816  q_loss: 43.2854  reward_max: 0.1637  reward_mean: 0.0011  reward_min: -0.5351  state_cost_loss: 1.3821  value_loss: 186811629764083712.0000
Step:   240000  |  score: 1.87 ± 0.74  |  actor_loss: -18.8706  cost_loss: 1.3806  q_loss: 8.3837  reward_max: 0.1492  reward_mean: -0.0056  reward_min: -0.3905  state_cost_loss: 1.3815  value_loss: 128037742026422222848.0000
Step:   250000  |  score: 2.75 ± 0.20  |  actor_loss: -25.3784  cost_loss: 1.3830  q_loss: 7.2437  reward_max: 0.1437  reward_mean: 0.0008  reward_min: -0.6782  state_cost_loss: 1.3823  value_loss: 34396200372600307712.0000
Step:   260000  |  score: 3.69 ± 2.65  |  actor_loss: -19.2830  cost_loss: 1.3818  q_loss: 8.6583  reward_max: 0.2519  reward_mean: -0.0079  reward_min: -0.4396  state_cost_loss: 1.3810  value_loss: 35077572126379606016.0000
Step:   270000  |  score: 3.97 ± 2.75  |  actor_loss: -31.6585  cost_loss: 1.3821  q_loss: 4.6237  reward_max: 0.1132  reward_mean: 0.0028  reward_min: -0.1339  state_cost_loss: 1.3837  value_loss: 1179009942454529949696.0000
Step:   280000  |  score: 0.96 ± 0.16  |  actor_loss: -33.0604  cost_loss: 1.3824  q_loss: 85.1175  reward_max: 0.1629  reward_mean: 0.0018  reward_min: -0.1212  state_cost_loss: 1.3820  value_loss: 70114163255368744960.0000
Step:   290000  |  score: 1.05 ± 0.20  |  actor_loss: -26.0131  cost_loss: 1.3811  q_loss: 5.3359  reward_max: 0.1176  reward_mean: -0.0012  reward_min: -0.3889  state_cost_loss: 1.3821  value_loss: 151133098117066391552.0000
Step:   300000  |  score: 1.68 ± 0.59  |  actor_loss: -29.3791  cost_loss: 1.3809  q_loss: 4.1872  reward_max: 0.1229  reward_mean: -0.0028  reward_min: -0.3665  state_cost_loss: 1.3819  value_loss: 17553029136816013312.0000
Step:   310000  |  score: 3.06 ± 0.67  |  actor_loss: -33.9133  cost_loss: 1.3820  q_loss: 5.7424  reward_max: 0.1697  reward_mean: 0.0013  reward_min: -0.6437  state_cost_loss: 1.3832  value_loss: 309029080094819263447040.0000
Step:   320000  |  score: 2.63 ± 0.44  |  actor_loss: -16.4122  cost_loss: 1.3828  q_loss: 128.2873  reward_max: 0.1836  reward_mean: -0.0049  reward_min: -0.1808  state_cost_loss: 1.3829  value_loss: 29539729200871846707200.0000
Step:   330000  |  score: 3.92 ± 2.95  |  actor_loss: -25.6393  cost_loss: 1.3799  q_loss: 1001.5604  reward_max: 0.1075  reward_mean: -0.0077  reward_min: -0.5887  state_cost_loss: 1.3799  value_loss: 8123682288195076096.0000
Step:   340000  |  score: 2.82 ± 0.13  |  actor_loss: -30.4346  cost_loss: 1.3807  q_loss: 32.2781  reward_max: 0.1064  reward_mean: -0.0018  reward_min: -0.4929  state_cost_loss: 1.3809  value_loss: 109832901115674613782675456.0000
Step:   350000  |  score: 1.65 ± 0.77  |  actor_loss: -27.2236  cost_loss: 1.3815  q_loss: 4.5478  reward_max: 0.2535  reward_mean: 0.0077  reward_min: -0.1802  state_cost_loss: 1.3818  value_loss: 32489057783843305553920.0000
Step:   360000  |  score: 1.26 ± 0.57  |  actor_loss: -29.1698  cost_loss: 1.3822  q_loss: 6.9542  reward_max: 0.1296  reward_mean: 0.0016  reward_min: -0.0822  state_cost_loss: 1.3819  value_loss: 23388921297213849600.0000
Step:   370000  |  score: 0.86 ± 0.04  |  actor_loss: -37.3599  cost_loss: 1.3814  q_loss: 12.3673  reward_max: 0.1332  reward_mean: -0.0004  reward_min: -0.4610  state_cost_loss: 1.3805  value_loss: 17204354208438943744.0000
Step:   380000  |  score: 1.15 ± 0.23  |  actor_loss: -42.0757  cost_loss: 1.3804  q_loss: 12.4424  reward_max: 0.1564  reward_mean: 0.0003  reward_min: -0.5361  state_cost_loss: 1.3801  value_loss: 50706885823634079744.0000
Step:   390000  |  score: 3.82 ± 2.89  |  actor_loss: -28.7179  cost_loss: 1.3791  q_loss: 4.9280  reward_max: 0.1509  reward_mean: -0.0084  reward_min: -1.0341  state_cost_loss: 1.3811  value_loss: 419272775593589997568.0000
Step:   400000  |  score: 2.56 ± 3.18  |  actor_loss: -34.0201  cost_loss: 1.3822  q_loss: 4.9151  reward_max: 0.1260  reward_mean: 0.0005  reward_min: -0.3500  state_cost_loss: 1.3826  value_loss: 25937718992770695168.0000
Step:   410000  |  score: 0.89 ± 0.02  |  actor_loss: -33.6833  cost_loss: 1.3838  q_loss: 6.6985  reward_max: 0.1056  reward_mean: -0.0031  reward_min: -0.2002  state_cost_loss: 1.3835  value_loss: 6111314077899605902622720.0000
Step:   420000  |  score: 0.84 ± 0.03  |  actor_loss: -24.4204  cost_loss: 1.3808  q_loss: 5.2347  reward_max: 0.3267  reward_mean: 0.0002  reward_min: -0.4105  state_cost_loss: 1.3812  value_loss: 235966433652779336236793856.0000
Step:   430000  |  score: 1.42 ± 0.64  |  actor_loss: -28.6530  cost_loss: 1.3804  q_loss: 5.0155  reward_max: 0.1302  reward_mean: 0.0002  reward_min: -0.1928  state_cost_loss: 1.3796  value_loss: 329422342335758336.0000
Step:   440000  |  score: 1.07 ± 0.22  |  actor_loss: -36.3314  cost_loss: 1.3823  q_loss: 5.1773  reward_max: 0.2129  reward_mean: -0.0032  reward_min: -0.2632  state_cost_loss: 1.3836  value_loss: 55684000987885099548672.0000
Step:   450000  |  score: 2.86 ± 3.04  |  actor_loss: -24.8553  cost_loss: 1.3824  q_loss: 5.1728  reward_max: 0.0866  reward_mean: 0.0017  reward_min: -0.2230  state_cost_loss: 1.3821  value_loss: 3243448064154303855591424.0000
Step:   460000  |  score: 1.17 ± 0.33  |  actor_loss: -24.6243  cost_loss: 1.3816  q_loss: 4.5181  reward_max: 0.1759  reward_mean: 0.0044  reward_min: -0.0976  state_cost_loss: 1.3814  value_loss: 2747140144233405279633408.0000
Step:   470000  |  score: 1.32 ± 0.55  |  actor_loss: -38.3844  cost_loss: 1.3824  q_loss: 4.2882  reward_max: 0.2332  reward_mean: -0.0020  reward_min: -0.1750  state_cost_loss: 1.3818  value_loss: 401766650523303280640.0000
Step:   480000  |  score: 0.94 ± 0.22  |  actor_loss: -34.0918  cost_loss: 1.3819  q_loss: 38.3396  reward_max: 0.1189  reward_mean: 0.0059  reward_min: -0.2309  state_cost_loss: 1.3814  value_loss: 1921112033521477615616.0000
Step:   490000  |  score: 0.91 ± 0.02  |  actor_loss: -29.8722  cost_loss: 1.3820  q_loss: 4.8749  reward_max: 0.1271  reward_mean: -0.0011  reward_min: -0.1304  state_cost_loss: 1.3821  value_loss: 13236921530748764160.0000
Step:   500000  |  score: 0.88 ± 0.02  |  actor_loss: -30.1525  cost_loss: 1.3799  q_loss: 4.6662  reward_max: 0.2199  reward_mean: -0.0039  reward_min: -0.2567  state_cost_loss: 1.3801  value_loss: 6611041810665963520.0000
Step:   510000  |  score: 1.08 ± 0.53  |  actor_loss: -24.0788  cost_loss: 1.3807  q_loss: 5.8503  reward_max: 0.1643  reward_mean: -0.0056  reward_min: -0.7135  state_cost_loss: 1.3820  value_loss: 30836711797582462976.0000
Step:   520000  |  score: 0.79 ± 0.02  |  actor_loss: -33.5133  cost_loss: 1.3815  q_loss: 4.7433  reward_max: 0.2605  reward_mean: 0.0017  reward_min: -0.0980  state_cost_loss: 1.3817  value_loss: 5079659162990316305252352.0000
Step:   530000  |  score: 2.60 ± 3.21  |  actor_loss: -9.1894  cost_loss: 1.3802  q_loss: 302.6906  reward_max: 0.1172  reward_mean: -0.0055  reward_min: -0.3666  state_cost_loss: 1.3817  value_loss: 575151070367678257254367232.0000
Step:   540000  |  score: 0.81 ± 0.04  |  actor_loss: -36.1536  cost_loss: 1.3807  q_loss: 8.7648  reward_max: 0.0928  reward_mean: -0.0007  reward_min: -0.2581  state_cost_loss: 1.3814  value_loss: 30572625974371184464101376.0000
Step:   550000  |  score: 0.89 ± 0.04  |  actor_loss: -31.3678  cost_loss: 1.3821  q_loss: 3.7737  reward_max: 0.1143  reward_mean: 0.0027  reward_min: -0.1333  state_cost_loss: 1.3825  value_loss: 18769037320089763840.0000
Step:   560000  |  score: 0.80 ± 0.04  |  actor_loss: -38.1176  cost_loss: 1.3792  q_loss: 4.2319  reward_max: 0.1968  reward_mean: -0.0048  reward_min: -1.0941  state_cost_loss: 1.3812  value_loss: 447552875191599104.0000
Step:   570000  |  score: 0.82 ± 0.03  |  actor_loss: -27.3552  cost_loss: 1.3769  q_loss: 4.8944  reward_max: 0.0827  reward_mean: -0.0037  reward_min: -0.6463  state_cost_loss: 1.3787  value_loss: 1990766819719249920.0000
Step:   580000  |  score: 0.84 ± 0.01  |  actor_loss: -32.4381  cost_loss: 1.3820  q_loss: 4.2228  reward_max: 0.1016  reward_mean: -0.0008  reward_min: -0.1164  state_cost_loss: 1.3820  value_loss: 4202813927941210112.0000
Step:   590000  |  score: 0.88 ± 0.02  |  actor_loss: -35.1077  cost_loss: 1.3822  q_loss: 4.6484  reward_max: 0.0851  reward_mean: 0.0005  reward_min: -0.0988  state_cost_loss: 1.3832  value_loss: 12902453392114188288.0000
Step:   600000  |  score: 0.79 ± 0.03  |  actor_loss: -41.7504  cost_loss: 1.3833  q_loss: 3.5633  reward_max: 0.1404  reward_mean: -0.0008  reward_min: -0.1071  state_cost_loss: 1.3831  value_loss: 5377506312533835776.0000
Step:   610000  |  score: 1.01 ± 0.36  |  actor_loss: -33.0030  cost_loss: 1.3825  q_loss: 4.5603  reward_max: 0.1651  reward_mean: -0.0011  reward_min: -0.1663  state_cost_loss: 1.3823  value_loss: 146813934968185552896.0000
Step:   620000  |  score: 0.84 ± 0.04  |  actor_loss: -36.6265  cost_loss: 1.3824  q_loss: 3.5042  reward_max: 0.1978  reward_mean: 0.0016  reward_min: -0.1042  state_cost_loss: 1.3816  value_loss: 1561200044563303509035843584.0000
Step:   630000  |  score: 0.94 ± 0.12  |  actor_loss: -33.8638  cost_loss: 1.3814  q_loss: 5.0695  reward_max: 0.1232  reward_mean: -0.0016  reward_min: -0.2447  state_cost_loss: 1.3818  value_loss: 2646041802452238336.0000
Step:   640000  |  score: 1.38 ± 0.55  |  actor_loss: -26.3391  cost_loss: 1.3818  q_loss: 5.2039  reward_max: 0.1303  reward_mean: -0.0003  reward_min: -0.4753  state_cost_loss: 1.3822  value_loss: 61686816072944352371933184.0000
Step:   650000  |  score: 0.83 ± 0.06  |  actor_loss: -38.3357  cost_loss: 1.3826  q_loss: 4.6923  reward_max: 0.1758  reward_mean: -0.0018  reward_min: -0.1290  state_cost_loss: 1.3834  value_loss: 42197567424182616064.0000
Step:   660000  |  score: 1.15 ± 0.22  |  actor_loss: -26.6565  cost_loss: 1.3819  q_loss: 9.4685  reward_max: 0.1870  reward_mean: -0.0013  reward_min: -0.1790  state_cost_loss: 1.3826  value_loss: 129709858150907014354567168.0000
Step:   670000  |  score: 1.06 ± 0.20  |  actor_loss: -24.2780  cost_loss: 1.3812  q_loss: 6.0565  reward_max: 0.1077  reward_mean: -0.0002  reward_min: -0.1403  state_cost_loss: 1.3820  value_loss: 68053511339149099008.0000
Step:   680000  |  score: 1.33 ± 0.46  |  actor_loss: -30.4034  cost_loss: 1.3829  q_loss: 4.7777  reward_max: 0.1468  reward_mean: -0.0016  reward_min: -0.1860  state_cost_loss: 1.3832  value_loss: 21424037037991227178352640.0000
Step:   690000  |  score: 0.72 ± 0.03  |  actor_loss: -34.4326  cost_loss: 1.3824  q_loss: 3.2200  reward_max: 0.1027  reward_mean: 0.0020  reward_min: -0.1563  state_cost_loss: 1.3829  value_loss: 75693142429308813312.0000
Step:   700000  |  score: 0.82 ± 0.19  |  actor_loss: -33.6261  cost_loss: 1.3815  q_loss: 3.7434  reward_max: 0.0713  reward_mean: -0.0010  reward_min: -0.4429  state_cost_loss: 1.3818  value_loss: 140571945884650045440.0000
Step:   710000  |  score: 0.72 ± 0.04  |  actor_loss: -30.6961  cost_loss: 1.3815  q_loss: 4.0852  reward_max: 0.1624  reward_mean: 0.0007  reward_min: -0.4449  state_cost_loss: 1.3816  value_loss: 666354618478371650142208.0000
Step:   720000  |  score: 0.77 ± 0.04  |  actor_loss: -30.1477  cost_loss: 1.3808  q_loss: 3.8356  reward_max: 0.1287  reward_mean: -0.0025  reward_min: -0.2589  state_cost_loss: 1.3818  value_loss: 43164640677369741312.0000
Step:   730000  |  score: 0.83 ± 0.13  |  actor_loss: -34.0205  cost_loss: 1.3825  q_loss: 3.7849  reward_max: 0.0771  reward_mean: -0.0003  reward_min: -0.1350  state_cost_loss: 1.3816  value_loss: 5302422862496268288.0000
Step:   740000  |  score: 0.83 ± 0.07  |  actor_loss: -22.3680  cost_loss: 1.3823  q_loss: 3.3073  reward_max: 0.1300  reward_mean: -0.0019  reward_min: -0.2397  state_cost_loss: 1.3825  value_loss: 447313511776314082721792.0000
Step:   750000  |  score: 0.71 ± 0.07  |  actor_loss: -30.1361  cost_loss: 1.3814  q_loss: 4.4634  reward_max: 0.4111  reward_mean: 0.0011  reward_min: -0.2780  state_cost_loss: 1.3813  value_loss: 107887340960561382817792.0000
Step:   760000  |  score: 1.00 ± 0.17  |  actor_loss: -24.7904  cost_loss: 1.3812  q_loss: 4.3690  reward_max: 0.1079  reward_mean: -0.0013  reward_min: -0.1333  state_cost_loss: 1.3821  value_loss: 1120029201945067520.0000
Step:   770000  |  score: 0.73 ± 0.05  |  actor_loss: -30.6365  cost_loss: 1.3812  q_loss: 26.4380  reward_max: 0.0738  reward_mean: 0.0011  reward_min: -0.1745  state_cost_loss: 1.3807  value_loss: 11067378380960694272.0000
Step:   780000  |  score: 0.65 ± 0.01  |  actor_loss: -41.2113  cost_loss: 1.3819  q_loss: 452.8175  reward_max: 0.1945  reward_mean: 0.0026  reward_min: -0.1458  state_cost_loss: 1.3804  value_loss: 55251178042097030660096.0000
Step:   790000  |  score: 0.70 ± 0.03  |  actor_loss: -37.2378  cost_loss: 1.3819  q_loss: 3.6808  reward_max: 0.0723  reward_mean: -0.0054  reward_min: -0.1777  state_cost_loss: 1.3830  value_loss: 2074103204034904064.0000
Step:   800000  |  score: 0.76 ± 0.03  |  actor_loss: -44.1649  cost_loss: 1.3814  q_loss: 3.3913  reward_max: 0.2194  reward_mean: -0.0015  reward_min: -0.2171  state_cost_loss: 1.3822  value_loss: 1461008110778146881536.0000
Step:   810000  |  score: 0.68 ± 0.02  |  actor_loss: -28.8665  cost_loss: 1.3797  q_loss: 4.0582  reward_max: 0.1474  reward_mean: -0.0022  reward_min: -0.7471  state_cost_loss: 1.3817  value_loss: 49317520940543770624.0000
Step:   820000  |  score: 0.85 ± 0.31  |  actor_loss: -39.5281  cost_loss: 1.3806  q_loss: 3.2941  reward_max: 0.1734  reward_mean: 0.0011  reward_min: -0.7322  state_cost_loss: 1.3803  value_loss: 39942016076823396352.0000
Step:   830000  |  score: 0.68 ± 0.04  |  actor_loss: -35.5979  cost_loss: 1.3797  q_loss: 4.5431  reward_max: 0.1617  reward_mean: -0.0035  reward_min: -0.5385  state_cost_loss: 1.3804  value_loss: 4232065220937353527296.0000
Step:   840000  |  score: 0.70 ± 0.03  |  actor_loss: -44.1310  cost_loss: 1.3817  q_loss: 7.0167  reward_max: 0.1516  reward_mean: 0.0007  reward_min: -0.3216  state_cost_loss: 1.3812  value_loss: 8122550987487117836288.0000
Step:   850000  |  score: 0.66 ± 0.03  |  actor_loss: -37.4853  cost_loss: 1.3835  q_loss: 4.3544  reward_max: 0.1064  reward_mean: 0.0014  reward_min: -0.0826  state_cost_loss: 1.3837  value_loss: 19623080777941516288.0000
Step:   860000  |  score: 0.69 ± 0.04  |  actor_loss: -40.9011  cost_loss: 1.3820  q_loss: 3.7748  reward_max: 0.0888  reward_mean: -0.0019  reward_min: -0.2622  state_cost_loss: 1.3822  value_loss: 375671271733592064.0000
Step:   870000  |  score: 0.64 ± 0.01  |  actor_loss: -37.1094  cost_loss: 1.3833  q_loss: 4.8117  reward_max: 0.0918  reward_mean: 0.0006  reward_min: -0.2994  state_cost_loss: 1.3830  value_loss: 10080591983799173120.0000
Step:   880000  |  score: 0.67 ± 0.02  |  actor_loss: -38.2071  cost_loss: 1.3816  q_loss: 3.3792  reward_max: 0.5038  reward_mean: 0.0012  reward_min: -0.1469  state_cost_loss: 1.3812  value_loss: 4787167524464623616.0000
Step:   890000  |  score: 0.70 ± 0.04  |  actor_loss: -36.1393  cost_loss: 1.3808  q_loss: 8.6777  reward_max: 0.4168  reward_mean: 0.0044  reward_min: -0.1942  state_cost_loss: 1.3806  value_loss: 3605240078483324928.0000
Step:   900000  |  score: 0.74 ± 0.04  |  actor_loss: -34.8742  cost_loss: 1.3807  q_loss: 4.8195  reward_max: 0.1794  reward_mean: -0.0033  reward_min: -0.9000  state_cost_loss: 1.3812  value_loss: 4618203923356844032.0000
Step:   910000  |  score: 0.68 ± 0.04  |  actor_loss: -40.2192  cost_loss: 1.3807  q_loss: 295.4554  reward_max: 0.2898  reward_mean: -0.0016  reward_min: -0.7724  state_cost_loss: 1.3820  value_loss: 1532521846782558208.0000
Step:   920000  |  score: 0.67 ± 0.01  |  actor_loss: -36.5303  cost_loss: 1.3815  q_loss: 4.5499  reward_max: 0.1264  reward_mean: -0.0003  reward_min: -0.3195  state_cost_loss: 1.3823  value_loss: 88458366874671906816.0000
Step:   930000  |  score: 0.77 ± 0.12  |  actor_loss: -45.1089  cost_loss: 1.3814  q_loss: 3.9132  reward_max: 0.1339  reward_mean: -0.0008  reward_min: -0.2292  state_cost_loss: 1.3811  value_loss: 1929954992127307939840.0000
Step:   940000  |  score: 0.72 ± 0.03  |  actor_loss: -36.1894  cost_loss: 1.3810  q_loss: 6.0342  reward_max: 0.0834  reward_mean: 0.0015  reward_min: -0.3700  state_cost_loss: 1.3812  value_loss: 3625647931287545053184.0000
Step:   950000  |  score: 0.75 ± 0.13  |  actor_loss: -30.8762  cost_loss: 1.3817  q_loss: 3.3909  reward_max: 0.0754  reward_mean: -0.0002  reward_min: -0.1612  state_cost_loss: 1.3814  value_loss: 184592609140801536.0000
Step:   960000  |  score: 0.88 ± 0.14  |  actor_loss: -33.6846  cost_loss: 1.3816  q_loss: 4.3178  reward_max: 0.1115  reward_mean: 0.0003  reward_min: -0.1579  state_cost_loss: 1.3823  value_loss: 72456712360764112896.0000
Step:   970000  |  score: 0.65 ± 0.01  |  actor_loss: -34.9226  cost_loss: 1.3827  q_loss: 3.1538  reward_max: 0.1000  reward_mean: -0.0012  reward_min: -0.1705  state_cost_loss: 1.3831  value_loss: 42306181580820840448.0000
Step:   980000  |  score: 0.74 ± 0.15  |  actor_loss: -34.9418  cost_loss: 1.3814  q_loss: 3.9696  reward_max: 0.1177  reward_mean: -0.0014  reward_min: -0.4927  state_cost_loss: 1.3824  value_loss: 214584471596763709440.0000
Step:   990000  |  score: 0.67 ± 0.04  |  actor_loss: -45.2843  cost_loss: 1.3826  q_loss: 3.8576  reward_max: 0.1421  reward_mean: 0.0032  reward_min: -0.1102  state_cost_loss: 1.3810  value_loss: 1120722048743400300110413824.0000
Step:  1000000  |  score: 0.67 ± 0.04  |  actor_loss: -33.9859  cost_loss: 1.3796  q_loss: 3.9426  reward_max: 0.3869  reward_mean: 0.0005  reward_min: -0.1981  state_cost_loss: 1.3792  value_loss: 43134892290768633856.0000
Step:  1010000  |  score: 0.66 ± 0.02  |  actor_loss: -36.3603  cost_loss: 1.3811  q_loss: 4.1770  reward_max: 0.1553  reward_mean: -0.0003  reward_min: -0.1101  state_cost_loss: 1.3820  value_loss: 3516263303328669752098816.0000
Step:  1020000  |  score: 0.72 ± 0.08  |  actor_loss: -43.6051  cost_loss: 1.3827  q_loss: 4.3410  reward_max: 0.1395  reward_mean: -0.0005  reward_min: -0.0883  state_cost_loss: 1.3822  value_loss: 253658139981774848.0000
Step:  1030000  |  score: 0.65 ± 0.02  |  actor_loss: -30.7189  cost_loss: 1.3815  q_loss: 5.8423  reward_max: 0.1210  reward_mean: -0.0001  reward_min: -0.1780  state_cost_loss: 1.3808  value_loss: 8389709126535479296.0000
Step:  1040000  |  score: 0.69 ± 0.04  |  actor_loss: -38.4825  cost_loss: 1.3771  q_loss: 3.9244  reward_max: 0.1904  reward_mean: -0.0015  reward_min: -0.4125  state_cost_loss: 1.3782  value_loss: 69184372242456248320.0000
Step:  1050000  |  score: 0.68 ± 0.03  |  actor_loss: -39.3499  cost_loss: 1.3815  q_loss: 6.2334  reward_max: 0.1017  reward_mean: -0.0021  reward_min: -0.3424  state_cost_loss: 1.3816  value_loss: 128028541313120993280.0000
Step:  1060000  |  score: 0.67 ± 0.02  |  actor_loss: -32.7779  cost_loss: 1.3812  q_loss: 5.1616  reward_max: 0.1392  reward_mean: -0.0011  reward_min: -1.3432  state_cost_loss: 1.3818  value_loss: 51837804264085643411324928.0000
Step:  1070000  |  score: 0.67 ± 0.02  |  actor_loss: -35.1981  cost_loss: 1.3810  q_loss: 3.8420  reward_max: 0.1430  reward_mean: -0.0026  reward_min: -1.1717  state_cost_loss: 1.3815  value_loss: 1924925177230000128.0000
Step:  1080000  |  score: 0.66 ± 0.01  |  actor_loss: -36.7268  cost_loss: 1.3826  q_loss: 4.8756  reward_max: 0.1216  reward_mean: 0.0014  reward_min: -0.2282  state_cost_loss: 1.3828  value_loss: 2684345763906977792.0000
Step:  1090000  |  score: 0.65 ± 0.02  |  actor_loss: -27.8797  cost_loss: 1.3807  q_loss: 5.1420  reward_max: 0.0744  reward_mean: -0.0027  reward_min: -1.2033  state_cost_loss: 1.3819  value_loss: 4835847060380220129280.0000
Step:  1100000  |  score: 0.66 ± 0.01  |  actor_loss: -36.9553  cost_loss: 1.3828  q_loss: 3.5040  reward_max: 0.1797  reward_mean: -0.0003  reward_min: -0.1790  state_cost_loss: 1.3818  value_loss: 595573562929053696.0000
Step:  1110000  |  score: 0.66 ± 0.02  |  actor_loss: -30.8105  cost_loss: 1.3834  q_loss: 3.9939  reward_max: 0.1257  reward_mean: 0.0007  reward_min: -0.1199  state_cost_loss: 1.3822  value_loss: 105989722235971060105216.0000
Step:  1120000  |  score: 0.78 ± 0.21  |  actor_loss: -31.1716  cost_loss: 1.3804  q_loss: 4.3620  reward_max: 0.2338  reward_mean: 0.0003  reward_min: -0.1901  state_cost_loss: 1.3798  value_loss: 1193953260379864280596480.0000
Step:  1130000  |  score: 0.68 ± 0.05  |  actor_loss: -53.3795  cost_loss: 1.3812  q_loss: 4.2921  reward_max: 0.1503  reward_mean: -0.0017  reward_min: -0.5521  state_cost_loss: 1.3808  value_loss: 33221367800275140608.0000
Step:  1140000  |  score: 0.66 ± 0.02  |  actor_loss: -17.3847  cost_loss: 1.3809  q_loss: 6.5803  reward_max: 0.4168  reward_mean: -0.0024  reward_min: -1.1705  state_cost_loss: 1.3821  value_loss: 2088398092146573312.0000
Step:  1150000  |  score: 0.65 ± 0.03  |  actor_loss: -40.9266  cost_loss: 1.3809  q_loss: 15.1100  reward_max: 0.1638  reward_mean: -0.0000  reward_min: -0.1780  state_cost_loss: 1.3805  value_loss: 15751094505635315712.0000
Step:  1160000  |  score: 0.87 ± 0.21  |  actor_loss: -40.0483  cost_loss: 1.3821  q_loss: 3.4881  reward_max: 0.0965  reward_mean: -0.0017  reward_min: -1.3555  state_cost_loss: 1.3831  value_loss: 805944222183063552.0000
Step:  1170000  |  score: 0.65 ± 0.01  |  actor_loss: -37.1858  cost_loss: 1.3785  q_loss: 3.7424  reward_max: 0.5355  reward_mean: -0.0004  reward_min: -0.4897  state_cost_loss: 1.3790  value_loss: 780695969548675842048.0000
Step:  1180000  |  score: 0.65 ± 0.03  |  actor_loss: -33.0815  cost_loss: 1.3821  q_loss: 5.3048  reward_max: 0.2514  reward_mean: 0.0032  reward_min: -0.0929  state_cost_loss: 1.3814  value_loss: 2151597745633230848.0000
Step:  1190000  |  score: 0.66 ± 0.02  |  actor_loss: -34.2917  cost_loss: 1.3827  q_loss: 4.5702  reward_max: 0.1241  reward_mean: -0.0000  reward_min: -0.0600  state_cost_loss: 1.3823  value_loss: 24494365889733328896.0000
Step:  1200000  |  score: 0.66 ± 0.01  |  actor_loss: -42.5048  cost_loss: 1.3823  q_loss: 3.7597  reward_max: 0.0873  reward_mean: 0.0005  reward_min: -0.0753  state_cost_loss: 1.3829  value_loss: 7764744748390138804961280.0000
Step:  1210000  |  score: 0.66 ± 0.02  |  actor_loss: -35.9966  cost_loss: 1.3831  q_loss: 2.8361  reward_max: 0.0876  reward_mean: 0.0007  reward_min: -0.0848  state_cost_loss: 1.3829  value_loss: 13475898184022622208.0000
Step:  1220000  |  score: 0.65 ± 0.01  |  actor_loss: -33.3089  cost_loss: 1.3831  q_loss: 4.6171  reward_max: 0.0961  reward_mean: 0.0013  reward_min: -0.0806  state_cost_loss: 1.3818  value_loss: 11286948191540919184392192.0000
Step:  1230000  |  score: 0.67 ± 0.03  |  actor_loss: -24.3513  cost_loss: 1.3811  q_loss: 5.3401  reward_max: 0.2200  reward_mean: -0.0003  reward_min: -0.1643  state_cost_loss: 1.3815  value_loss: 2647437159639500814649655296.0000
Step:  1240000  |  score: 0.66 ± 0.03  |  actor_loss: -30.4882  cost_loss: 1.3817  q_loss: 2.8536  reward_max: 0.3547  reward_mean: 0.0002  reward_min: -0.2992  state_cost_loss: 1.3820  value_loss: 1478096673912932827922432.0000
Step:  1250000  |  score: 0.67 ± 0.02  |  actor_loss: -39.4691  cost_loss: 1.3812  q_loss: 4.1973  reward_max: 0.3708  reward_mean: -0.0011  reward_min: -0.1027  state_cost_loss: 1.3806  value_loss: 93471921171007364313120768.0000
Step:  1260000  |  score: 0.81 ± 0.21  |  actor_loss: -42.8978  cost_loss: 1.3817  q_loss: 3.9378  reward_max: 0.1664  reward_mean: 0.0018  reward_min: -0.1423  state_cost_loss: 1.3817  value_loss: 722863268162437120.0000
Step:  1270000  |  score: 0.65 ± 0.02  |  actor_loss: -29.8505  cost_loss: 1.3822  q_loss: 3.7937  reward_max: 0.1301  reward_mean: 0.0002  reward_min: -0.1603  state_cost_loss: 1.3814  value_loss: 2200541955987865600.0000
Step:  1280000  |  score: 0.64 ± 0.01  |  actor_loss: -29.1272  cost_loss: 1.3810  q_loss: 6.0500  reward_max: 0.0933  reward_mean: -0.0026  reward_min: -0.9462  state_cost_loss: 1.3807  value_loss: 290105439301255823360.0000
Step:  1290000  |  score: 0.79 ± 0.22  |  actor_loss: -44.0019  cost_loss: 1.3814  q_loss: 4.0471  reward_max: 0.2422  reward_mean: 0.0026  reward_min: -0.1347  state_cost_loss: 1.3809  value_loss: 1164074146666473234366464.0000
Step:  1300000  |  score: 0.66 ± 0.02  |  actor_loss: -49.4989  cost_loss: 1.3798  q_loss: 4.0510  reward_max: 0.1151  reward_mean: -0.0009  reward_min: -0.6042  state_cost_loss: 1.3810  value_loss: 379820045744748502188032.0000
Step:  1310000  |  score: 0.87 ± 0.27  |  actor_loss: -31.3844  cost_loss: 1.3821  q_loss: 4.1089  reward_max: 0.1493  reward_mean: 0.0018  reward_min: -0.1477  state_cost_loss: 1.3814  value_loss: 24068791118109605888.0000
Step:  1320000  |  score: 0.81 ± 0.25  |  actor_loss: -37.7953  cost_loss: 1.3813  q_loss: 2.8074  reward_max: 0.1585  reward_mean: -0.0007  reward_min: -0.4212  state_cost_loss: 1.3810  value_loss: 871743602194120704.0000
Step:  1330000  |  score: 0.66 ± 0.01  |  actor_loss: -37.2162  cost_loss: 1.3811  q_loss: 4.1805  reward_max: 0.0933  reward_mean: -0.0024  reward_min: -0.3204  state_cost_loss: 1.3817  value_loss: 452105882211791574925312.0000
Step:  1340000  |  score: 0.66 ± 0.01  |  actor_loss: -34.7420  cost_loss: 1.3800  q_loss: 4.1639  reward_max: 0.1594  reward_mean: -0.0014  reward_min: -0.6064  state_cost_loss: 1.3808  value_loss: 2153693258665120759808.0000
Step:  1350000  |  score: 0.66 ± 0.02  |  actor_loss: -29.6638  cost_loss: 1.3804  q_loss: 5.2081  reward_max: 0.0685  reward_mean: -0.0016  reward_min: -0.6715  state_cost_loss: 1.3804  value_loss: 26045276164005787416395776.0000
Step:  1360000  |  score: 0.64 ± 0.01  |  actor_loss: -37.6953  cost_loss: 1.3810  q_loss: 5.1306  reward_max: 0.0795  reward_mean: 0.0009  reward_min: -0.0711  state_cost_loss: 1.3820  value_loss: 3313719138907586560.0000
Step:  1370000  |  score: 0.66 ± 0.03  |  actor_loss: -41.5896  cost_loss: 1.3787  q_loss: 4.1473  reward_max: 0.1573  reward_mean: -0.0012  reward_min: -0.7484  state_cost_loss: 1.3781  value_loss: 10357615987907010494464.0000
Step:  1380000  |  score: 0.63 ± 0.02  |  actor_loss: -27.9962  cost_loss: 1.3817  q_loss: 4.3076  reward_max: 0.2181  reward_mean: -0.0019  reward_min: -0.2033  state_cost_loss: 1.3826  value_loss: 4970016048679028260864.0000
Step:  1390000  |  score: 0.65 ± 0.01  |  actor_loss: -22.7466  cost_loss: 1.3789  q_loss: 5.8706  reward_max: 0.1438  reward_mean: -0.0041  reward_min: -0.3586  state_cost_loss: 1.3801  value_loss: 33631420599123782402048.0000
Step:  1400000  |  score: 0.66 ± 0.02  |  actor_loss: -29.0538  cost_loss: 1.3833  q_loss: 3.9192  reward_max: 0.1282  reward_mean: 0.0003  reward_min: -0.4714  state_cost_loss: 1.3832  value_loss: 529123524706523261435904.0000
Step:  1410000  |  score: 0.65 ± 0.02  |  actor_loss: -37.1988  cost_loss: 1.3815  q_loss: 3.1040  reward_max: 0.1065  reward_mean: -0.0002  reward_min: -0.1513  state_cost_loss: 1.3819  value_loss: 3951567824412999680.0000
Step:  1420000  |  score: 0.63 ± 0.01  |  actor_loss: -32.3854  cost_loss: 1.3791  q_loss: 3.5725  reward_max: 0.1787  reward_mean: -0.0039  reward_min: -0.7555  state_cost_loss: 1.3799  value_loss: 132848140582314311680.0000
Step:  1430000  |  score: 0.72 ± 0.18  |  actor_loss: -28.5539  cost_loss: 1.3804  q_loss: 4.1408  reward_max: 0.2144  reward_mean: 0.0015  reward_min: -0.1312  state_cost_loss: 1.3810  value_loss: 38964963832024436572160.0000
Step:  1440000  |  score: 0.66 ± 0.02  |  actor_loss: -43.4900  cost_loss: 1.3825  q_loss: 47.3117  reward_max: 0.1277  reward_mean: 0.0007  reward_min: -0.0575  state_cost_loss: 1.3820  value_loss: 21475500585023176704.0000
Step:  1450000  |  score: 0.64 ± 0.02  |  actor_loss: -37.2212  cost_loss: 1.3821  q_loss: 4.3969  reward_max: 0.1229  reward_mean: 0.0013  reward_min: -0.2127  state_cost_loss: 1.3813  value_loss: 624941720817090166784.0000
Step:  1460000  |  score: 0.63 ± 0.01  |  actor_loss: -41.2120  cost_loss: 1.3807  q_loss: 3.7360  reward_max: 0.1795  reward_mean: -0.0008  reward_min: -0.7933  state_cost_loss: 1.3816  value_loss: 89151041607984742400.0000
Step:  1470000  |  score: 0.64 ± 0.01  |  actor_loss: -41.0614  cost_loss: 1.3831  q_loss: 3.0020  reward_max: 0.0862  reward_mean: -0.0006  reward_min: -0.1017  state_cost_loss: 1.3830  value_loss: 5065038060166871777280.0000
Step:  1480000  |  score: 0.64 ± 0.01  |  actor_loss: -45.9921  cost_loss: 1.3827  q_loss: 3.5456  reward_max: 0.1405  reward_mean: 0.0030  reward_min: -0.1155  state_cost_loss: 1.3821  value_loss: 1237418835762479104.0000
Step:  1490000  |  score: 0.64 ± 0.02  |  actor_loss: -46.6279  cost_loss: 1.3824  q_loss: 4.1392  reward_max: 0.1530  reward_mean: -0.0030  reward_min: -0.3155  state_cost_loss: 1.3823  value_loss: 74943045815584585416704.0000
Step:  1500000  |  score: 0.72 ± 0.16  |  actor_loss: -45.7880  cost_loss: 1.3826  q_loss: 4.7755  reward_max: 0.1367  reward_mean: 0.0023  reward_min: -0.1446  state_cost_loss: 1.3819  value_loss: 1806799695255699456.0000
Step:  1510000  |  score: 0.63 ± 0.01  |  actor_loss: -48.8923  cost_loss: 1.3823  q_loss: 4.0897  reward_max: 0.1125  reward_mean: 0.0019  reward_min: -0.1373  state_cost_loss: 1.3816  value_loss: 26468513648346960941285376.0000
Step:  1520000  |  score: 0.82 ± 0.22  |  actor_loss: -31.5105  cost_loss: 1.3796  q_loss: 3.4732  reward_max: 0.1995  reward_mean: -0.0001  reward_min: -0.2094  state_cost_loss: 1.3804  value_loss: 55779882623951817408512.0000
Step:  1530000  |  score: 0.65 ± 0.02  |  actor_loss: -37.8951  cost_loss: 1.3811  q_loss: 418.1468  reward_max: 0.3809  reward_mean: 0.0053  reward_min: -0.1444  state_cost_loss: 1.3801  value_loss: 153659792866931730546688.0000
Step:  1540000  |  score: 0.65 ± 0.01  |  actor_loss: -38.6511  cost_loss: 1.3816  q_loss: 4.1954  reward_max: 0.1151  reward_mean: -0.0020  reward_min: -0.3099  state_cost_loss: 1.3820  value_loss: 25942231388491087872.0000
Step:  1550000  |  score: 0.64 ± 0.01  |  actor_loss: -33.9643  cost_loss: 1.3796  q_loss: 3.8382  reward_max: 0.3458  reward_mean: 0.0006  reward_min: -0.1368  state_cost_loss: 1.3795  value_loss: 6398119734679699456.0000
Step:  1560000  |  score: 0.64 ± 0.02  |  actor_loss: -48.8770  cost_loss: 1.3799  q_loss: 2.7531  reward_max: 0.2499  reward_mean: 0.0005  reward_min: -0.6002  state_cost_loss: 1.3796  value_loss: 5472524880351261097984.0000
Step:  1570000  |  score: 0.65 ± 0.02  |  actor_loss: -38.6569  cost_loss: 1.3825  q_loss: 3.6444  reward_max: 0.1081  reward_mean: -0.0002  reward_min: -0.4428  state_cost_loss: 1.3828  value_loss: 25967647699278757888.0000
Step:  1580000  |  score: 0.64 ± 0.02  |  actor_loss: -43.0302  cost_loss: 1.3832  q_loss: 3.2667  reward_max: 0.2046  reward_mean: 0.0023  reward_min: -0.0908  state_cost_loss: 1.3824  value_loss: 1360835992323358720.0000
Step:  1590000  |  score: 0.68 ± 0.09  |  actor_loss: -41.2886  cost_loss: 1.3829  q_loss: 3.8384  reward_max: 0.1536  reward_mean: 0.0030  reward_min: -0.1108  state_cost_loss: 1.3819  value_loss: 285729347838335254528.0000
Step:  1600000  |  score: 0.68 ± 0.04  |  actor_loss: -39.3961  cost_loss: 1.3797  q_loss: 4.6903  reward_max: 0.1354  reward_mean: -0.0024  reward_min: -0.2742  state_cost_loss: 1.3803  value_loss: 3262001960227700736.0000
Step:  1610000  |  score: 0.65 ± 0.01  |  actor_loss: -35.7281  cost_loss: 1.3794  q_loss: 3.7240  reward_max: 0.2737  reward_mean: 0.0018  reward_min: -0.1634  state_cost_loss: 1.3800  value_loss: 382803086022730642882560.0000
Step:  1620000  |  score: 0.64 ± 0.01  |  actor_loss: -27.1621  cost_loss: 1.3828  q_loss: 4.0035  reward_max: 0.1311  reward_mean: 0.0002  reward_min: -0.1167  state_cost_loss: 1.3831  value_loss: 23573876745191817216.0000
Step:  1630000  |  score: 0.63 ± 0.01  |  actor_loss: -37.8020  cost_loss: 1.3818  q_loss: 3.0811  reward_max: 0.2407  reward_mean: 0.0026  reward_min: -0.2552  state_cost_loss: 1.3816  value_loss: 34798381934831468544.0000
Step:  1640000  |  score: 0.63 ± 0.01  |  actor_loss: -49.2576  cost_loss: 1.3809  q_loss: 4.1439  reward_max: 0.2230  reward_mean: -0.0021  reward_min: -0.8407  state_cost_loss: 1.3822  value_loss: 346955169045925593088.0000
Step:  1650000  |  score: 0.64 ± 0.01  |  actor_loss: -39.6273  cost_loss: 1.3820  q_loss: 3.5860  reward_max: 0.0677  reward_mean: 0.0004  reward_min: -0.1139  state_cost_loss: 1.3827  value_loss: 26336257987328243400704.0000
Step:  1660000  |  score: 0.66 ± 0.02  |  actor_loss: -28.5995  cost_loss: 1.3811  q_loss: 4.6302  reward_max: 0.1395  reward_mean: 0.0008  reward_min: -0.0706  state_cost_loss: 1.3807  value_loss: 17604317615912229273600.0000
Step:  1670000  |  score: 0.63 ± 0.02  |  actor_loss: -32.4359  cost_loss: 1.3820  q_loss: 3.5794  reward_max: 0.0915  reward_mean: 0.0011  reward_min: -0.2554  state_cost_loss: 1.3817  value_loss: 2322069876694319104.0000
Step:  1680000  |  score: 0.64 ± 0.01  |  actor_loss: -31.8522  cost_loss: 1.3820  q_loss: 3.9179  reward_max: 0.1224  reward_mean: -0.0007  reward_min: -0.7064  state_cost_loss: 1.3824  value_loss: 6534890185082011648.0000
Step:  1690000  |  score: 0.78 ± 0.14  |  actor_loss: -35.3161  cost_loss: 1.3834  q_loss: 3.1003  reward_max: 0.1059  reward_mean: 0.0008  reward_min: -0.1384  state_cost_loss: 1.3834  value_loss: 193779707633641498297237504.0000
Step:  1700000  |  score: 0.66 ± 0.02  |  actor_loss: -35.4842  cost_loss: 1.3818  q_loss: 2.9965  reward_max: 0.3472  reward_mean: 0.0010  reward_min: -0.0822  state_cost_loss: 1.3820  value_loss: 1784468888973475840.0000
Step:  1710000  |  score: 0.65 ± 0.02  |  actor_loss: -37.4477  cost_loss: 1.3817  q_loss: 4.3420  reward_max: 0.1526  reward_mean: -0.0004  reward_min: -0.5452  state_cost_loss: 1.3826  value_loss: 42737318491498412507136.0000
Step:  1720000  |  score: 0.64 ± 0.01  |  actor_loss: -38.3422  cost_loss: 1.3827  q_loss: 3.5907  reward_max: 0.1354  reward_mean: 0.0009  reward_min: -0.0794  state_cost_loss: 1.3828  value_loss: 130629581204159987712.0000
Step:  1730000  |  score: 0.64 ± 0.01  |  actor_loss: -37.7139  cost_loss: 1.3799  q_loss: 3.4261  reward_max: 0.0817  reward_mean: -0.0012  reward_min: -0.2218  state_cost_loss: 1.3815  value_loss: 10042557677571145728.0000
Step:  1740000  |  score: 0.68 ± 0.10  |  actor_loss: -36.3174  cost_loss: 1.3821  q_loss: 4.3621  reward_max: 0.1681  reward_mean: 0.0001  reward_min: -0.4960  state_cost_loss: 1.3816  value_loss: 1724806887919238191775744.0000
Step:  1750000  |  score: 0.63 ± 0.01  |  actor_loss: -52.3275  cost_loss: 1.3826  q_loss: 3.6305  reward_max: 0.1026  reward_mean: -0.0005  reward_min: -0.1272  state_cost_loss: 1.3825  value_loss: 33386440541993523216384.0000
Step:  1760000  |  score: 0.64 ± 0.02  |  actor_loss: -40.2352  cost_loss: 1.3828  q_loss: 3.1010  reward_max: 0.2078  reward_mean: -0.0004  reward_min: -0.1163  state_cost_loss: 1.3828  value_loss: 3384514229714036981760.0000
Step:  1770000  |  score: 0.65 ± 0.01  |  actor_loss: -44.7664  cost_loss: 1.3814  q_loss: 3.5065  reward_max: 0.1209  reward_mean: -0.0014  reward_min: -0.7256  state_cost_loss: 1.3813  value_loss: 76449198149764982505472.0000
Step:  1780000  |  score: 0.64 ± 0.01  |  actor_loss: -25.6855  cost_loss: 1.3827  q_loss: 7.1050  reward_max: 0.1449  reward_mean: 0.0005  reward_min: -0.2363  state_cost_loss: 1.3819  value_loss: 9129760166621741056.0000
Step:  1790000  |  score: 0.64 ± 0.01  |  actor_loss: -39.0126  cost_loss: 1.3808  q_loss: 5.1489  reward_max: 0.1682  reward_mean: -0.0009  reward_min: -0.4077  state_cost_loss: 1.3813  value_loss: 184635586851308044288.0000
Step:  1800000  |  score: 0.64 ± 0.01  |  actor_loss: -30.6046  cost_loss: 1.3821  q_loss: 249.8219  reward_max: 0.1368  reward_mean: -0.0014  reward_min: -0.2088  state_cost_loss: 1.3832  value_loss: 3972254134694219192729600.0000
Step:  1810000  |  score: 0.65 ± 0.01  |  actor_loss: -40.8033  cost_loss: 1.3824  q_loss: 3.3769  reward_max: 0.1428  reward_mean: 0.0020  reward_min: -0.1442  state_cost_loss: 1.3831  value_loss: 8398399666441420800.0000
Step:  1820000  |  score: 0.64 ± 0.01  |  actor_loss: -39.7926  cost_loss: 1.3805  q_loss: 6.4398  reward_max: 0.1562  reward_mean: 0.0010  reward_min: -0.1337  state_cost_loss: 1.3797  value_loss: 23508350250222878720.0000
Step:  1830000  |  score: 0.65 ± 0.01  |  actor_loss: -39.3382  cost_loss: 1.3792  q_loss: 3.5527  reward_max: 0.1667  reward_mean: -0.0057  reward_min: -1.1171  state_cost_loss: 1.3810  value_loss: 435549874353635407373008896.0000
Step:  1840000  |  score: 0.65 ± 0.03  |  actor_loss: -36.7743  cost_loss: 1.3802  q_loss: 3.7695  reward_max: 0.1762  reward_mean: -0.0004  reward_min: -0.1205  state_cost_loss: 1.3813  value_loss: 9296925951868897591296.0000
Step:  1850000  |  score: 0.65 ± 0.01  |  actor_loss: -31.6220  cost_loss: 1.3811  q_loss: 4.2167  reward_max: 0.1646  reward_mean: -0.0015  reward_min: -1.2942  state_cost_loss: 1.3811  value_loss: 106974704510473261285376.0000
Step:  1860000  |  score: 0.64 ± 0.01  |  actor_loss: -43.2967  cost_loss: 1.3820  q_loss: 3.8498  reward_max: 0.1322  reward_mean: 0.0006  reward_min: -0.3762  state_cost_loss: 1.3823  value_loss: 1164426794279895040.0000
Step:  1870000  |  score: 0.63 ± 0.01  |  actor_loss: -41.8014  cost_loss: 1.3817  q_loss: 6.6561  reward_max: 0.2640  reward_mean: -0.0011  reward_min: -0.3330  state_cost_loss: 1.3824  value_loss: 105952054269425221632.0000
Step:  1880000  |  score: 0.64 ± 0.01  |  actor_loss: -32.5684  cost_loss: 1.3816  q_loss: 3.6429  reward_max: 0.2794  reward_mean: 0.0011  reward_min: -0.5089  state_cost_loss: 1.3816  value_loss: 2983056410016743424.0000
Step:  1890000  |  score: 0.64 ± 0.01  |  actor_loss: -37.8068  cost_loss: 1.3814  q_loss: 2.4433  reward_max: 0.2797  reward_mean: 0.0003  reward_min: -0.1392  state_cost_loss: 1.3822  value_loss: 25861443672128618496.0000
Step:  1900000  |  score: 0.63 ± 0.01  |  actor_loss: -44.6400  cost_loss: 1.3806  q_loss: 3.2708  reward_max: 0.3946  reward_mean: 0.0014  reward_min: -0.0986  state_cost_loss: 1.3812  value_loss: 22464823555509977088.0000
Step:  1910000  |  score: 0.63 ± 0.01  |  actor_loss: -47.3833  cost_loss: 1.3813  q_loss: 3.3029  reward_max: 0.1507  reward_mean: 0.0004  reward_min: -0.3453  state_cost_loss: 1.3807  value_loss: 1627817500326276104192.0000
Step:  1920000  |  score: 0.66 ± 0.02  |  actor_loss: -36.7642  cost_loss: 1.3819  q_loss: 4.7046  reward_max: 0.2085  reward_mean: -0.0028  reward_min: -0.8656  state_cost_loss: 1.3817  value_loss: 5016647695809380352.0000
Step:  1930000  |  score: 0.63 ± 0.01  |  actor_loss: -36.8972  cost_loss: 1.3819  q_loss: 4.2359  reward_max: 0.5646  reward_mean: 0.0025  reward_min: -0.1634  state_cost_loss: 1.3816  value_loss: 14754839114335387648.0000
Step:  1940000  |  score: 0.64 ± 0.01  |  actor_loss: -46.5071  cost_loss: 1.3820  q_loss: 3.8753  reward_max: 0.1476  reward_mean: 0.0012  reward_min: -0.1022  state_cost_loss: 1.3817  value_loss: 1022920386656937705472.0000
Step:  1950000  |  score: 0.63 ± 0.01  |  actor_loss: -46.2423  cost_loss: 1.3813  q_loss: 110.0143  reward_max: 0.1507  reward_mean: -0.0023  reward_min: -0.3037  state_cost_loss: 1.3814  value_loss: 2047558183877076223787008.0000
Step:  1960000  |  score: 0.62 ± 0.01  |  actor_loss: -34.6675  cost_loss: 1.3842  q_loss: 5.9129  reward_max: 0.0607  reward_mean: -0.0019  reward_min: -0.1784  state_cost_loss: 1.3830  value_loss: 55911213007479242752.0000
Step:  1970000  |  score: 0.79 ± 0.27  |  actor_loss: -27.6922  cost_loss: 1.3826  q_loss: 4.1818  reward_max: 0.1392  reward_mean: 0.0002  reward_min: -0.2206  state_cost_loss: 1.3811  value_loss: 434246448033300480.0000
Step:  1980000  |  score: 0.63 ± 0.01  |  actor_loss: -33.9620  cost_loss: 1.3811  q_loss: 3.8221  reward_max: 0.1448  reward_mean: 0.0015  reward_min: -0.5813  state_cost_loss: 1.3798  value_loss: 103754846517339906201616384.0000
Step:  1990000  |  score: 0.64 ± 0.01  |  actor_loss: -46.0412  cost_loss: 1.3845  q_loss: 4.9422  reward_max: 0.1228  reward_mean: 0.0012  reward_min: -0.1169  state_cost_loss: 1.3824  value_loss: 52283813715247104.0000
Step:  2000000  |  score: 0.64 ± 0.01  |  actor_loss: -48.8835  cost_loss: 1.3822  q_loss: 3.8288  reward_max: 0.0780  reward_mean: -0.0020  reward_min: -0.7433  state_cost_loss: 1.3795  value_loss: 126262567872188290957312.0000
Final evaluation (13 iterations)...
Final score: 0.65 ± 0.03
wandb: WARNING Symlinked 1 file into the W&B run directory; call wandb.save again to sync new files.
wandb: uploading history steps 198-199, summary, console lines 211-213; updating run metadata
wandb: uploading history steps 198-199, summary, console lines 211-213
wandb: uploading history steps 198-199, summary, console lines 211-213; uploading final_returns/cdemodice_hopper-expert-v2_2026-03-18_12-03-42.npz; uploading output.log; uploading wandb-summary.json; uploading config.yaml
wandb: uploading history steps 198-199, summary, console lines 211-213; uploading output.log; uploading config.yaml
wandb: uploading history steps 198-199, summary, console lines 211-213
wandb: uploading summary, console lines 214-215
wandb: 
wandb: Run history:
wandb:  actor_loss ██▄▅▄▄▄▃▃▄▂▇▂▃▄▄▄▄▃▃▃▃▂▃▄▂▃▃▂▂▄▃▁▃▃▄▃▃▁▁
wandb:   cost_loss █▄▃▅▄▅▅▂▃▂▅▅▄▅▄▃▅▄▂▅▄▃▄▁▄▄▆▃▅▂▄▅▅▂▅▅▃▄▄▄
wandb: num_updates ▁▁▁▁▁▁▁▂▂▂▂▂▂▂▂▃▃▄▄▄▄▄▅▅▅▅▆▆▆▆▆▆▇▇▇▇▇███
wandb:      q_loss ▁▁▂▁▁▆█▁▁▁▁▁▁▁▁▁▁▁▁▁▁▁▁▁▁▁▁▁▁▁▁▁▁▁▁▁▁▁▁▁
wandb:      return ▁▁▂▅██▃▃▇▂▃▂▂▂▃▁▂▁▁▁▁▁▂▁▁▁▁▂▁▁▁▁▁▁▁▁▁▁▁▁
wandb:  reward_max ▇▂▁▂▄▂▂▂▂▃▁▂▁▂▂▃▂▃▆▂▃▂▁█▆▁▂▂▂▂▆▄▁▃▂▃▂▃▂▁
wandb: reward_mean ▅▁▆▁▆█▅▅▃▅▅▆▅▅▅▅▇▄▅▅▆▅▅▆▅▆▅▆▅▆▆▅▆▅▅▅▆▆▅▆
wandb:  reward_min ▇██▇█▇█▇▆▆▅▇▆█▇▇▄▅▆██▇▇▁▅█▇▆▆▄█▇▃██▆█▆█▇
wandb:       score █▁▁▁▁▁▂▁▁▁▁▁▁▁▁▁▁▁▁▁▁▁▁▁▁▁▁▁▁▁▁▁▁▁▁▁▁▁▁▁
wandb:   score_std █▁▁▁▁▁▃▁▁▁▁▃▁▃▁▁▁▁▁▁▁▁▁▁▁▁▁▁▁▁▁▁▁▁▁▁▁▁▁▁
wandb:          +2 ...
wandb: 
wandb: Run summary:
wandb:  actor_loss -48.88351
wandb:   cost_loss 1.38219
wandb: num_updates 2000000
wandb:      q_loss 3.82876
wandb:      return 0.48639
wandb:  reward_max 0.07797
wandb: reward_mean -0.00196
wandb:  reward_min -0.74332
wandb:       score 0.63783
wandb:   score_std 0.01094
wandb:          +2 ...
wandb: 
wandb: 🚀 View run cdemodice_hopper_M1_s2 at: https://wandb.ai/wsk208/DemoDICE/runs/vd0z87m7
wandb: ⭐️ View project at: https://wandb.ai/wsk208/DemoDICE
wandb: Synced 5 W&B file(s), 0 media file(s), 0 artifact file(s) and 1 other file(s)
wandb: Find logs at: ./wandb/run-20260318_113805-vd0z87m7/logs
