Warning: All of online environments libraries in D4RL have been moved ]8;;https://github.com/Farama-Foundation/Gymnasium\Gymnasium]8;;\, ]8;;https://github.com/Farama-Foundation/MiniGrid\MiniGrid]8;;\ and ]8;;https://github.com/Farama-Foundation/Gymnasium-Robotics\Gymnasium-Robotics]8;;\, and all offline datasets in D4RL have been moved to ]8;;https://github.com/Farama-Foundation/Minari\Minari]8;;\.
These new versions include large bug fixes, new versions of Python, and are where all new development will continue. Please upgrade these libraries as soon as you're able to do so.
If you'd like to read more about the story behind this switch, please check out ]8;;https://farama.org/Announcing-Minari\this blog post]8;;\.
Gym has been unmaintained since 2022 and does not support NumPy 2.0 amongst other critical functionality.
Please upgrade to Gymnasium, the maintained drop-in replacement of Gym, or contact the authors of your software and request that they upgrade.
See the migration guide at https://gymnasium.farama.org/introduction/migration_guide/ for additional information.
/opt/venv/lib/python3.10/site-packages/Cython/Distutils/old_build_ext.py:15: DeprecationWarning: dep_util is Deprecated. Use functions from setuptools instead.
  from distutils.dep_util import newer, newer_group
<frozen importlib._bootstrap>:283: DeprecationWarning: the load_module() method is deprecated and slated for removal in Python 3.12; use exec_module() instead
pybullet build time: Jan 29 2025 23:16:28
wandb: [wandb.login()] Loaded credentials for https://api.wandb.ai from /root/.netrc.
wandb: Currently logged in as: wsk208 to https://api.wandb.ai. Use `wandb login --relogin` to force relogin
/opt/venv/lib/python3.10/site-packages/wandb/analytics/sentry.py:268: DeprecationWarning: Read the `app_url` setting from the appropriate Settings object.
  app_url = wandb.util.app_url(tags["base_url"])  # type: ignore[index]
/opt/venv/lib/python3.10/site-packages/wandb/analytics/sentry.py:279: DeprecationWarning: The `Scope.user` setter is deprecated in favor of `Scope.set_user()`.
  self.scope.user = {"email": email}
wandb: setting up run myyttm25
/opt/venv/lib/python3.10/site-packages/wandb/analytics/sentry.py:268: DeprecationWarning: Read the `app_url` setting from the appropriate Settings object.
  app_url = wandb.util.app_url(tags["base_url"])  # type: ignore[index]
/opt/venv/lib/python3.10/site-packages/wandb/analytics/sentry.py:279: DeprecationWarning: The `Scope.user` setter is deprecated in favor of `Scope.set_user()`.
  self.scope.user = {"email": email}
wandb: Tracking run with wandb version 0.25.1
wandb: Run data is saved locally in /app/wandb/run-20260318_202236-myyttm25
wandb: Run `wandb offline` to turn off syncing.
wandb: Syncing run cdemodice_walker2d_M3_s2
wandb: ⭐️ View project at https://wandb.ai/wsk208/DemoDICE
wandb: 🚀 View run at https://wandb.ai/wsk208/DemoDICE/runs/myyttm25
/opt/venv/lib/python3.10/site-packages/gym/spaces/box.py:84: UserWarning: [33mWARN: Box bound precision lowered by casting to float32[0m
  logger.warn(f"Box bound precision lowered by casting to {self.dtype}")
load datafile:   0%|          | 0/21 [00:00<?, ?it/s]load datafile:   5%|▍         | 1/21 [00:00<00:03,  5.90it/s]load datafile:  14%|█▍        | 3/21 [00:00<00:03,  5.22it/s]load datafile:  19%|█▉        | 4/21 [00:00<00:04,  3.99it/s]load datafile:  81%|████████  | 17/21 [00:01<00:00, 15.53it/s]load datafile:  90%|█████████ | 19/21 [00:01<00:00, 10.81it/s]load datafile: 100%|██████████| 21/21 [00:01<00:00, 11.18it/s]
Expert  :  999000 transitions  (walker2d-expert-v2, 400 traj)
load datafile:   0%|          | 0/9 [00:00<?, ?it/s]load datafile:  11%|█         | 1/9 [00:00<00:01,  6.64it/s]load datafile:  33%|███▎      | 3/9 [00:00<00:01,  5.57it/s]load datafile:  44%|████▍     | 4/9 [00:00<00:01,  4.14it/s]load datafile:  56%|█████▌    | 5/9 [00:01<00:01,  3.25it/s]load datafile:  67%|██████▋   | 6/9 [00:01<00:01,  2.81it/s]load datafile: 100%|██████████| 9/9 [00:01<00:00,  4.96it/s]
Imperfect:   31801 transitions  (walker2d-random-v2, 1600 traj)
Union   : 1030801 transitions total
/root/.local/share/uv/python/cpython-3.10-linux-x86_64-gnu/lib/python3.10/multiprocessing/popen_fork.py:66: RuntimeWarning: os.fork() was called. os.fork() is incompatible with multithreaded code, and JAX is multithreaded, so this will likely lead to a deadlock.
  self.pid = os.fork()
/opt/venv/lib/python3.10/site-packages/tensorflow_probability/python/internal/backend/jax/ops.py:681: DeprecationWarning: jax.interpreters.xla.pytype_aval_mappings is deprecated.
  jax.interpreters.xla.pytype_aval_mappings[onp.ndarray])
/opt/venv/lib/python3.10/site-packages/gym/spaces/box.py:84: UserWarning: [33mWARN: Box bound precision lowered by casting to float32[0m
  logger.warn(f"Box bound precision lowered by casting to {self.dtype}")
Step:    10000  |  score: 8.79 ± 7.47  |  actor_loss: 4.0214  cost_loss: 1.3613  q_loss: 0.0230  reward_max: 1.4068  reward_mean: -0.0256  reward_min: -0.9252  state_cost_loss: 1.3590  value_loss: -0.4232
Step:    20000  |  score: 11.66 ± 30.79  |  actor_loss: 2.3629  cost_loss: 1.3683  q_loss: 0.0088  reward_max: 0.8609  reward_mean: 0.0081  reward_min: -1.4144  state_cost_loss: 1.3704  value_loss: -0.3219
Step:    30000  |  score: 33.20 ± 43.62  |  actor_loss: 0.9186  cost_loss: 1.3660  q_loss: 0.0076  reward_max: 1.0489  reward_mean: -0.0137  reward_min: -1.7579  state_cost_loss: 1.3697  value_loss: -0.1775
Step:    40000  |  score: 40.47 ± 52.18  |  actor_loss: -0.2419  cost_loss: 1.3634  q_loss: 0.0067  reward_max: 0.5885  reward_mean: 0.0059  reward_min: -0.9105  state_cost_loss: 1.3639  value_loss: -0.0808
Step:    50000  |  score: 108.00 ± 0.74  |  actor_loss: -0.4834  cost_loss: 1.3549  q_loss: 0.0105  reward_max: 1.1075  reward_mean: 0.0026  reward_min: -1.8218  state_cost_loss: 1.3546  value_loss: -0.0008
Step:    60000  |  score: 107.77 ± 0.18  |  actor_loss: -0.9826  cost_loss: 1.3610  q_loss: 0.0041  reward_max: 0.9209  reward_mean: 0.0091  reward_min: -1.6125  state_cost_loss: 1.3619  value_loss: 0.0440
Step:    70000  |  score: 109.15 ± 0.22  |  actor_loss: -1.2504  cost_loss: 1.3683  q_loss: 0.0031  reward_max: 1.0096  reward_mean: 0.0154  reward_min: -0.8110  state_cost_loss: 1.3683  value_loss: 0.0488
Step:    80000  |  score: 108.06 ± 0.08  |  actor_loss: -1.2563  cost_loss: 1.3698  q_loss: 0.0028  reward_max: 1.0760  reward_mean: -0.0071  reward_min: -1.5200  state_cost_loss: 1.3697  value_loss: 0.0720
Step:    90000  |  score: 108.57 ± 0.31  |  actor_loss: -1.4354  cost_loss: 1.3663  q_loss: 0.0061  reward_max: 0.7186  reward_mean: -0.0014  reward_min: -1.9091  state_cost_loss: 1.3694  value_loss: 0.0559
Step:   100000  |  score: 108.74 ± 0.44  |  actor_loss: -0.9117  cost_loss: 1.3535  q_loss: 0.0051  reward_max: 0.8201  reward_mean: 0.0138  reward_min: -1.4380  state_cost_loss: 1.3552  value_loss: 0.0950
Step:   110000  |  score: 108.26 ± 0.22  |  actor_loss: -1.1970  cost_loss: 1.3576  q_loss: 0.0037  reward_max: 0.9732  reward_mean: 0.0021  reward_min: -1.5089  state_cost_loss: 1.3584  value_loss: 0.0557
Step:   120000  |  score: 108.42 ± 0.35  |  actor_loss: -1.2981  cost_loss: 1.3568  q_loss: 0.0075  reward_max: 0.4573  reward_mean: -0.0082  reward_min: -1.6148  state_cost_loss: 1.3570  value_loss: 0.1082
Step:   130000  |  score: 96.89 ± 27.19  |  actor_loss: -1.5486  cost_loss: 1.3640  q_loss: 0.0044  reward_max: 0.8529  reward_mean: -0.0133  reward_min: -2.1370  state_cost_loss: 1.3645  value_loss: 0.0846
Step:   140000  |  score: 108.19 ± 0.31  |  actor_loss: -1.1371  cost_loss: 1.3617  q_loss: 0.0043  reward_max: 0.9508  reward_mean: -0.0184  reward_min: -2.0480  state_cost_loss: 1.3621  value_loss: 0.1087
Step:   150000  |  score: 108.65 ± 0.09  |  actor_loss: -1.4285  cost_loss: 1.3605  q_loss: 0.0064  reward_max: 0.8220  reward_mean: -0.0141  reward_min: -1.5448  state_cost_loss: 1.3624  value_loss: 0.1580
Step:   160000  |  score: 108.36 ± 0.31  |  actor_loss: -1.5585  cost_loss: 1.3690  q_loss: 0.0065  reward_max: 0.7580  reward_mean: 0.0037  reward_min: -1.7388  state_cost_loss: 1.3705  value_loss: 0.1293
Step:   170000  |  score: 107.82 ± 0.33  |  actor_loss: -1.2657  cost_loss: 1.3567  q_loss: 0.0114  reward_max: 0.8704  reward_mean: -0.0137  reward_min: -2.6254  state_cost_loss: 1.3569  value_loss: 0.1725
Step:   180000  |  score: 98.09 ± 27.52  |  actor_loss: -1.1983  cost_loss: 1.3596  q_loss: 0.0034  reward_max: 0.9449  reward_mean: 0.0122  reward_min: -0.7886  state_cost_loss: 1.3605  value_loss: 0.1828
Step:   190000  |  score: 108.42 ± 0.21  |  actor_loss: -1.4173  cost_loss: 1.3621  q_loss: 0.0046  reward_max: 0.7987  reward_mean: 0.0049  reward_min: -1.9703  state_cost_loss: 1.3660  value_loss: 0.1453
Step:   200000  |  score: 97.81 ± 26.90  |  actor_loss: -1.4794  cost_loss: 1.3606  q_loss: 0.0055  reward_max: 0.5766  reward_mean: 0.0085  reward_min: -2.8270  state_cost_loss: 1.3619  value_loss: 0.1847
Step:   210000  |  score: 108.55 ± 0.13  |  actor_loss: -1.3540  cost_loss: 1.3559  q_loss: 0.0068  reward_max: 1.0231  reward_mean: 0.0033  reward_min: -1.7939  state_cost_loss: 1.3570  value_loss: 0.1591
Step:   220000  |  score: 108.62 ± 0.21  |  actor_loss: -1.0943  cost_loss: 1.3507  q_loss: 0.0075  reward_max: 0.9349  reward_mean: 0.0072  reward_min: -1.4669  state_cost_loss: 1.3506  value_loss: 0.1648
Step:   230000  |  score: 108.75 ± 0.06  |  actor_loss: -1.0418  cost_loss: 1.3475  q_loss: 0.0091  reward_max: 1.0302  reward_mean: 0.0010  reward_min: -1.7148  state_cost_loss: 1.3481  value_loss: 0.1736
Step:   240000  |  score: 98.25 ± 27.50  |  actor_loss: -1.7686  cost_loss: 1.3703  q_loss: 0.0051  reward_max: 0.9025  reward_mean: 0.0168  reward_min: -0.2388  state_cost_loss: 1.3689  value_loss: 0.1758
Step:   250000  |  score: 108.84 ± 0.31  |  actor_loss: -1.3430  cost_loss: 1.3575  q_loss: 0.0052  reward_max: 0.9854  reward_mean: -0.0120  reward_min: -1.9334  state_cost_loss: 1.3579  value_loss: 0.2050
Step:   260000  |  score: 98.27 ± 28.08  |  actor_loss: -1.2663  cost_loss: 1.3635  q_loss: 0.0091  reward_max: 0.6280  reward_mean: -0.0103  reward_min: -1.5615  state_cost_loss: 1.3656  value_loss: 0.1818
Step:   270000  |  score: 108.55 ± 0.20  |  actor_loss: -1.4312  cost_loss: 1.3608  q_loss: 0.0026  reward_max: 0.9176  reward_mean: -0.0054  reward_min: -1.4107  state_cost_loss: 1.3655  value_loss: 0.2120
Step:   280000  |  score: 108.56 ± 0.92  |  actor_loss: -1.6890  cost_loss: 1.3672  q_loss: 0.0042  reward_max: 0.8601  reward_mean: -0.0002  reward_min: -0.4282  state_cost_loss: 1.3684  value_loss: 0.1954
Step:   290000  |  score: 108.09 ± 0.49  |  actor_loss: -1.6759  cost_loss: 1.3687  q_loss: 0.0039  reward_max: 0.5264  reward_mean: -0.0114  reward_min: -1.9952  state_cost_loss: 1.3683  value_loss: 0.1693
Step:   300000  |  score: 107.81 ± 0.19  |  actor_loss: -1.4529  cost_loss: 1.3594  q_loss: 0.0046  reward_max: 1.0386  reward_mean: -0.0004  reward_min: -1.9489  state_cost_loss: 1.3609  value_loss: 0.1988
Step:   310000  |  score: 108.02 ± 0.67  |  actor_loss: -1.5164  cost_loss: 1.3644  q_loss: 0.0037  reward_max: 0.6627  reward_mean: 0.0033  reward_min: -0.5220  state_cost_loss: 1.3650  value_loss: 0.1643
Step:   320000  |  score: 108.67 ± 0.23  |  actor_loss: -1.2712  cost_loss: 1.3534  q_loss: 0.0077  reward_max: 0.6587  reward_mean: -0.0404  reward_min: -2.0488  state_cost_loss: 1.3564  value_loss: 0.1674
Step:   330000  |  score: 108.66 ± 0.49  |  actor_loss: -1.5883  cost_loss: 1.3649  q_loss: 0.0044  reward_max: 0.5474  reward_mean: -0.0105  reward_min: -1.8363  state_cost_loss: 1.3655  value_loss: 0.1682
Step:   340000  |  score: 108.39 ± 0.46  |  actor_loss: -1.6983  cost_loss: 1.3695  q_loss: 0.0033  reward_max: 1.0077  reward_mean: 0.0039  reward_min: -2.1326  state_cost_loss: 1.3710  value_loss: 0.1913
Step:   350000  |  score: 108.22 ± 1.17  |  actor_loss: -1.5656  cost_loss: 1.3602  q_loss: 0.0041  reward_max: 0.5478  reward_mean: -0.0132  reward_min: -1.3971  state_cost_loss: 1.3614  value_loss: 0.1870
Step:   360000  |  score: 108.63 ± 0.22  |  actor_loss: -1.4923  cost_loss: 1.3621  q_loss: 0.0048  reward_max: 1.3575  reward_mean: 0.0086  reward_min: -1.0349  state_cost_loss: 1.3609  value_loss: 0.2036
Step:   370000  |  score: 108.74 ± 0.30  |  actor_loss: -1.4766  cost_loss: 1.3642  q_loss: 0.0031  reward_max: 0.4263  reward_mean: 0.0079  reward_min: -0.8357  state_cost_loss: 1.3648  value_loss: 0.1706
Step:   380000  |  score: 108.89 ± 0.29  |  actor_loss: -1.6156  cost_loss: 1.3665  q_loss: 0.0032  reward_max: 0.6762  reward_mean: 0.0065  reward_min: -0.6546  state_cost_loss: 1.3659  value_loss: 0.1869
Step:   390000  |  score: 107.58 ± 0.26  |  actor_loss: -1.1980  cost_loss: 1.3523  q_loss: 0.0068  reward_max: 0.9073  reward_mean: 0.0092  reward_min: -2.0863  state_cost_loss: 1.3545  value_loss: 0.1984
Step:   400000  |  score: 108.86 ± 0.17  |  actor_loss: -1.5976  cost_loss: 1.3633  q_loss: 0.0033  reward_max: 1.0791  reward_mean: 0.0047  reward_min: -0.6935  state_cost_loss: 1.3627  value_loss: 0.1845
Step:   410000  |  score: 108.31 ± 0.17  |  actor_loss: -1.6231  cost_loss: 1.3592  q_loss: 0.0031  reward_max: 1.0412  reward_mean: 0.0062  reward_min: -1.8946  state_cost_loss: 1.3598  value_loss: 0.1777
Step:   420000  |  score: 108.48 ± 0.34  |  actor_loss: -1.5046  cost_loss: 1.3568  q_loss: 0.0045  reward_max: 0.9866  reward_mean: -0.0190  reward_min: -1.9720  state_cost_loss: 1.3580  value_loss: 0.1888
Step:   430000  |  score: 107.94 ± 0.34  |  actor_loss: -0.9114  cost_loss: 1.3419  q_loss: 0.0051  reward_max: 0.4308  reward_mean: -0.0107  reward_min: -2.0401  state_cost_loss: 1.3441  value_loss: 0.1877
Step:   440000  |  score: 108.90 ± 0.21  |  actor_loss: -1.5723  cost_loss: 1.3661  q_loss: 0.0051  reward_max: 1.0470  reward_mean: 0.0034  reward_min: -1.2508  state_cost_loss: 1.3656  value_loss: 0.1494
Step:   450000  |  score: 108.21 ± 0.27  |  actor_loss: -1.7556  cost_loss: 1.3630  q_loss: 0.0049  reward_max: 0.8181  reward_mean: 0.0016  reward_min: -1.9985  state_cost_loss: 1.3652  value_loss: 0.1638
Step:   460000  |  score: 108.90 ± 0.32  |  actor_loss: -1.7699  cost_loss: 1.3693  q_loss: 0.0036  reward_max: 0.6848  reward_mean: 0.0080  reward_min: -0.5688  state_cost_loss: 1.3684  value_loss: 0.1904
Step:   470000  |  score: 108.88 ± 0.22  |  actor_loss: -1.6024  cost_loss: 1.3605  q_loss: 0.0042  reward_max: 1.1041  reward_mean: -0.0077  reward_min: -2.3813  state_cost_loss: 1.3615  value_loss: 0.1864
Step:   480000  |  score: 107.70 ± 0.29  |  actor_loss: -2.0047  cost_loss: 1.3719  q_loss: 0.0025  reward_max: 0.6164  reward_mean: -0.0063  reward_min: -0.3200  state_cost_loss: 1.3726  value_loss: 0.1421
Step:   490000  |  score: 108.54 ± 0.43  |  actor_loss: -1.3602  cost_loss: 1.3605  q_loss: 0.0060  reward_max: 0.9565  reward_mean: -0.0013  reward_min: -2.1604  state_cost_loss: 1.3614  value_loss: 0.1658
Step:   500000  |  score: 108.60 ± 0.42  |  actor_loss: -1.2181  cost_loss: 1.3563  q_loss: 0.0040  reward_max: 0.7755  reward_mean: -0.0096  reward_min: -2.4908  state_cost_loss: 1.3591  value_loss: 0.1707
Step:   510000  |  score: 108.65 ± 0.19  |  actor_loss: -1.2205  cost_loss: 1.3499  q_loss: 0.0053  reward_max: 1.0103  reward_mean: -0.0027  reward_min: -1.2262  state_cost_loss: 1.3501  value_loss: 0.1799
Step:   520000  |  score: 108.77 ± 0.26  |  actor_loss: -1.1686  cost_loss: 1.3508  q_loss: 0.0059  reward_max: 1.5918  reward_mean: 0.0054  reward_min: -0.9571  state_cost_loss: 1.3504  value_loss: 0.1791
Step:   530000  |  score: 107.95 ± 0.40  |  actor_loss: -1.2258  cost_loss: 1.3567  q_loss: 0.0060  reward_max: 1.1574  reward_mean: 0.0008  reward_min: -1.3928  state_cost_loss: 1.3567  value_loss: 0.1709
Step:   540000  |  score: 108.27 ± 0.24  |  actor_loss: -1.8919  cost_loss: 1.3711  q_loss: 0.0022  reward_max: 0.6829  reward_mean: 0.0055  reward_min: -1.9404  state_cost_loss: 1.3717  value_loss: 0.1346
Step:   550000  |  score: 108.47 ± 0.27  |  actor_loss: -1.8051  cost_loss: 1.3709  q_loss: 0.0032  reward_max: 0.2515  reward_mean: -0.0074  reward_min: -1.5029  state_cost_loss: 1.3717  value_loss: 0.1230
Step:   560000  |  score: 108.61 ± 0.23  |  actor_loss: -1.5863  cost_loss: 1.3571  q_loss: 0.0053  reward_max: 1.0021  reward_mean: -0.0237  reward_min: -1.8957  state_cost_loss: 1.3579  value_loss: 0.1683
Step:   570000  |  score: 108.25 ± 0.25  |  actor_loss: -1.6658  cost_loss: 1.3599  q_loss: 0.0034  reward_max: 0.9788  reward_mean: 0.0099  reward_min: -0.7101  state_cost_loss: 1.3621  value_loss: 0.1312
Step:   580000  |  score: 108.76 ± 0.18  |  actor_loss: -1.6790  cost_loss: 1.3677  q_loss: 0.0056  reward_max: 0.7742  reward_mean: 0.0049  reward_min: -2.2523  state_cost_loss: 1.3688  value_loss: 0.1640
Step:   590000  |  score: 108.64 ± 0.20  |  actor_loss: -1.5585  cost_loss: 1.3615  q_loss: 0.0048  reward_max: 1.0774  reward_mean: 0.0100  reward_min: -1.8232  state_cost_loss: 1.3605  value_loss: 0.1519
Step:   600000  |  score: 108.64 ± 0.56  |  actor_loss: -1.6385  cost_loss: 1.3632  q_loss: 0.0034  reward_max: 1.0857  reward_mean: -0.0020  reward_min: -1.9913  state_cost_loss: 1.3633  value_loss: 0.1070
Step:   610000  |  score: 108.36 ± 0.53  |  actor_loss: -1.6379  cost_loss: 1.3605  q_loss: 0.0061  reward_max: 1.0760  reward_mean: -0.0027  reward_min: -1.1427  state_cost_loss: 1.3624  value_loss: 0.1253
Step:   620000  |  score: 108.51 ± 0.24  |  actor_loss: -1.7295  cost_loss: 1.3645  q_loss: 0.0037  reward_max: 0.3902  reward_mean: -0.0030  reward_min: -1.9933  state_cost_loss: 1.3664  value_loss: 0.1169
Step:   630000  |  score: 108.67 ± 0.44  |  actor_loss: -1.4114  cost_loss: 1.3587  q_loss: 0.0035  reward_max: 0.4215  reward_mean: -0.0050  reward_min: -0.6397  state_cost_loss: 1.3600  value_loss: 0.1446
Step:   640000  |  score: 107.93 ± 1.07  |  actor_loss: -1.9151  cost_loss: 1.3639  q_loss: 0.0039  reward_max: 1.0141  reward_mean: 0.0042  reward_min: -2.1321  state_cost_loss: 1.3628  value_loss: 0.1390
Step:   650000  |  score: 108.76 ± 0.33  |  actor_loss: -1.8046  cost_loss: 1.3637  q_loss: 0.0032  reward_max: 0.7900  reward_mean: -0.0177  reward_min: -2.0550  state_cost_loss: 1.3687  value_loss: 0.0926
Step:   660000  |  score: 109.07 ± 0.14  |  actor_loss: -2.0370  cost_loss: 1.3740  q_loss: 0.0024  reward_max: 1.0766  reward_mean: 0.0005  reward_min: -1.9231  state_cost_loss: 1.3739  value_loss: 0.1488
Step:   670000  |  score: 108.38 ± 0.27  |  actor_loss: -1.3484  cost_loss: 1.3613  q_loss: 0.0035  reward_max: 0.5274  reward_mean: -0.0006  reward_min: -2.3307  state_cost_loss: 1.3631  value_loss: 0.1576
Step:   680000  |  score: 108.68 ± 0.52  |  actor_loss: -1.2170  cost_loss: 1.3498  q_loss: 0.0071  reward_max: 1.0321  reward_mean: -0.0068  reward_min: -2.8482  state_cost_loss: 1.3481  value_loss: 0.1724
Step:   690000  |  score: 108.56 ± 0.38  |  actor_loss: -1.6189  cost_loss: 1.3651  q_loss: 0.0028  reward_max: 0.9661  reward_mean: -0.0061  reward_min: -1.6418  state_cost_loss: 1.3641  value_loss: 0.1478
Step:   700000  |  score: 108.39 ± 0.59  |  actor_loss: -1.4367  cost_loss: 1.3597  q_loss: 0.0037  reward_max: 1.2748  reward_mean: -0.0055  reward_min: -2.0451  state_cost_loss: 1.3592  value_loss: 0.1394
Step:   710000  |  score: 109.04 ± 0.34  |  actor_loss: -1.5484  cost_loss: 1.3575  q_loss: 0.0045  reward_max: 0.9677  reward_mean: 0.0050  reward_min: -1.0347  state_cost_loss: 1.3573  value_loss: 0.1502
Step:   720000  |  score: 108.72 ± 0.15  |  actor_loss: -1.5516  cost_loss: 1.3654  q_loss: 0.0036  reward_max: 1.0034  reward_mean: -0.0009  reward_min: -1.8850  state_cost_loss: 1.3677  value_loss: 0.1200
Step:   730000  |  score: 108.27 ± 0.33  |  actor_loss: -1.6441  cost_loss: 1.3608  q_loss: 0.0071  reward_max: 0.7178  reward_mean: -0.0054  reward_min: -0.8752  state_cost_loss: 1.3616  value_loss: 0.1630
Step:   740000  |  score: 108.12 ± 0.41  |  actor_loss: -1.4219  cost_loss: 1.3626  q_loss: 0.0031  reward_max: 0.9885  reward_mean: 0.0052  reward_min: -0.6483  state_cost_loss: 1.3617  value_loss: 0.1132
Step:   750000  |  score: 108.45 ± 0.35  |  actor_loss: -1.8216  cost_loss: 1.3591  q_loss: 0.0048  reward_max: 0.5464  reward_mean: -0.0034  reward_min: -2.0343  state_cost_loss: 1.3605  value_loss: 0.1545
Step:   760000  |  score: 108.86 ± 0.35  |  actor_loss: -2.2007  cost_loss: 1.3723  q_loss: 0.0029  reward_max: 1.0003  reward_mean: 0.0016  reward_min: -0.5486  state_cost_loss: 1.3727  value_loss: 0.0937
Step:   770000  |  score: 108.78 ± 0.22  |  actor_loss: -1.5754  cost_loss: 1.3624  q_loss: 0.0052  reward_max: 1.1051  reward_mean: 0.0048  reward_min: -1.9900  state_cost_loss: 1.3636  value_loss: 0.1413
Step:   780000  |  score: 107.87 ± 0.46  |  actor_loss: -1.3492  cost_loss: 1.3566  q_loss: 0.0063  reward_max: 0.9434  reward_mean: 0.0109  reward_min: -1.0134  state_cost_loss: 1.3596  value_loss: 0.1273
Step:   790000  |  score: 108.85 ± 0.20  |  actor_loss: -1.5581  cost_loss: 1.3645  q_loss: 0.0032  reward_max: 1.0165  reward_mean: 0.0058  reward_min: -1.6607  state_cost_loss: 1.3631  value_loss: 0.1259
Step:   800000  |  score: 107.99 ± 0.74  |  actor_loss: -1.8065  cost_loss: 1.3658  q_loss: 0.0050  reward_max: 0.7095  reward_mean: -0.0145  reward_min: -2.1057  state_cost_loss: 1.3674  value_loss: 0.1021
Step:   810000  |  score: 98.56 ± 23.91  |  actor_loss: -1.5101  cost_loss: 1.3545  q_loss: 0.0051  reward_max: 0.5921  reward_mean: -0.0067  reward_min: -1.4529  state_cost_loss: 1.3558  value_loss: 0.0798
Step:   820000  |  score: 108.29 ± 0.48  |  actor_loss: -1.7090  cost_loss: 1.3669  q_loss: 0.0055  reward_max: 0.5284  reward_mean: -0.0074  reward_min: -0.7568  state_cost_loss: 1.3695  value_loss: 0.1112
Step:   830000  |  score: 108.81 ± 0.21  |  actor_loss: -1.4383  cost_loss: 1.3581  q_loss: 0.0043  reward_max: 0.9695  reward_mean: -0.0006  reward_min: -1.6471  state_cost_loss: 1.3611  value_loss: 0.1398
Step:   840000  |  score: 108.64 ± 0.14  |  actor_loss: -1.8406  cost_loss: 1.3633  q_loss: 0.0051  reward_max: 0.8803  reward_mean: -0.0005  reward_min: -2.2138  state_cost_loss: 1.3636  value_loss: 0.1113
Step:   850000  |  score: 108.95 ± 0.13  |  actor_loss: -2.1102  cost_loss: 1.3690  q_loss: 0.0029  reward_max: 0.4582  reward_mean: 0.0047  reward_min: -0.8723  state_cost_loss: 1.3689  value_loss: 0.1164
Step:   860000  |  score: 108.18 ± 0.52  |  actor_loss: -1.6521  cost_loss: 1.3681  q_loss: 0.0029  reward_max: 0.7453  reward_mean: -0.0041  reward_min: -1.7444  state_cost_loss: 1.3679  value_loss: 0.1231
Step:   870000  |  score: 108.20 ± 0.53  |  actor_loss: -1.6296  cost_loss: 1.3608  q_loss: 0.0030  reward_max: 0.4842  reward_mean: -0.0116  reward_min: -2.0688  state_cost_loss: 1.3609  value_loss: 0.1289
Step:   880000  |  score: 108.88 ± 0.14  |  actor_loss: -1.7663  cost_loss: 1.3595  q_loss: 0.0036  reward_max: 0.5581  reward_mean: -0.0104  reward_min: -2.0516  state_cost_loss: 1.3618  value_loss: 0.1225
Step:   890000  |  score: 108.46 ± 0.27  |  actor_loss: -1.2181  cost_loss: 1.3514  q_loss: 0.0048  reward_max: 1.0177  reward_mean: -0.0002  reward_min: -0.5382  state_cost_loss: 1.3505  value_loss: 0.1291
Step:   900000  |  score: 107.71 ± 0.30  |  actor_loss: -1.8898  cost_loss: 1.3654  q_loss: 0.0028  reward_max: 0.7041  reward_mean: -0.0196  reward_min: -2.2215  state_cost_loss: 1.3675  value_loss: 0.0967
Step:   910000  |  score: 108.57 ± 0.13  |  actor_loss: -1.8053  cost_loss: 1.3612  q_loss: 0.0046  reward_max: 0.9603  reward_mean: -0.0070  reward_min: -2.1082  state_cost_loss: 1.3637  value_loss: 0.1016
Step:   920000  |  score: 108.35 ± 0.38  |  actor_loss: -1.6201  cost_loss: 1.3634  q_loss: 0.0040  reward_max: 0.7510  reward_mean: 0.0045  reward_min: -1.8384  state_cost_loss: 1.3635  value_loss: 0.1067
Step:   930000  |  score: 109.06 ± 0.34  |  actor_loss: -1.6929  cost_loss: 1.3659  q_loss: 0.0032  reward_max: 0.7505  reward_mean: 0.0010  reward_min: -1.0018  state_cost_loss: 1.3661  value_loss: 0.1132
Step:   940000  |  score: 108.58 ± 0.21  |  actor_loss: -1.6626  cost_loss: 1.3639  q_loss: 0.0035  reward_max: 0.3222  reward_mean: -0.0042  reward_min: -2.6840  state_cost_loss: 1.3640  value_loss: 0.1258
Step:   950000  |  score: 108.53 ± 0.40  |  actor_loss: -1.9549  cost_loss: 1.3607  q_loss: 0.0057  reward_max: 0.4692  reward_mean: -0.0203  reward_min: -2.7320  state_cost_loss: 1.3627  value_loss: 0.1195
Step:   960000  |  score: 108.90 ± 0.27  |  actor_loss: -1.6947  cost_loss: 1.3629  q_loss: 0.0032  reward_max: 0.9082  reward_mean: -0.0040  reward_min: -2.4033  state_cost_loss: 1.3622  value_loss: 0.0900
Step:   970000  |  score: 108.63 ± 0.13  |  actor_loss: -1.4528  cost_loss: 1.3495  q_loss: 0.0047  reward_max: 0.6743  reward_mean: -0.0039  reward_min: -1.9306  state_cost_loss: 1.3495  value_loss: 0.1165
Step:   980000  |  score: 108.52 ± 0.30  |  actor_loss: -1.7341  cost_loss: 1.3646  q_loss: 0.0035  reward_max: 0.3536  reward_mean: -0.0152  reward_min: -2.7387  state_cost_loss: 1.3673  value_loss: 0.1005
Step:   990000  |  score: 107.85 ± 1.24  |  actor_loss: -1.5020  cost_loss: 1.3577  q_loss: 0.0037  reward_max: 0.6745  reward_mean: -0.0126  reward_min: -2.5654  state_cost_loss: 1.3584  value_loss: 0.1238
Step:  1000000  |  score: 108.36 ± 0.32  |  actor_loss: -1.5724  cost_loss: 1.3556  q_loss: 0.0023  reward_max: 0.7195  reward_mean: -0.0233  reward_min: -2.3089  state_cost_loss: 1.3592  value_loss: 0.0739
Step:  1010000  |  score: 108.09 ± 0.36  |  actor_loss: -1.3962  cost_loss: 1.3536  q_loss: 0.0055  reward_max: 0.9629  reward_mean: -0.0049  reward_min: -1.8393  state_cost_loss: 1.3553  value_loss: 0.1270
Step:  1020000  |  score: 108.06 ± 0.33  |  actor_loss: -1.4537  cost_loss: 1.3563  q_loss: 0.0039  reward_max: 0.6735  reward_mean: -0.0050  reward_min: -1.2810  state_cost_loss: 1.3555  value_loss: 0.0912
Step:  1030000  |  score: 108.81 ± 0.18  |  actor_loss: -1.6797  cost_loss: 1.3618  q_loss: 0.0036  reward_max: 0.5586  reward_mean: -0.0106  reward_min: -2.5397  state_cost_loss: 1.3653  value_loss: 0.0995
Step:  1040000  |  score: 108.53 ± 0.45  |  actor_loss: -1.3765  cost_loss: 1.3548  q_loss: 0.0031  reward_max: 0.8638  reward_mean: -0.0091  reward_min: -1.9306  state_cost_loss: 1.3577  value_loss: 0.1220
Step:  1050000  |  score: 108.24 ± 0.47  |  actor_loss: -1.5811  cost_loss: 1.3574  q_loss: 0.0050  reward_max: 0.4647  reward_mean: 0.0061  reward_min: -1.8299  state_cost_loss: 1.3576  value_loss: 0.1316
Step:  1060000  |  score: 108.25 ± 0.28  |  actor_loss: -1.1642  cost_loss: 1.3521  q_loss: 0.0032  reward_max: 0.8831  reward_mean: -0.0140  reward_min: -2.2612  state_cost_loss: 1.3567  value_loss: 0.0863
Step:  1070000  |  score: 108.26 ± 0.42  |  actor_loss: -1.5883  cost_loss: 1.3653  q_loss: 0.0028  reward_max: 0.5951  reward_mean: -0.0029  reward_min: -0.9644  state_cost_loss: 1.3665  value_loss: 0.0673
Step:  1080000  |  score: 108.25 ± 0.19  |  actor_loss: -1.8169  cost_loss: 1.3671  q_loss: 0.0032  reward_max: 0.5616  reward_mean: -0.0077  reward_min: -2.4294  state_cost_loss: 1.3677  value_loss: 0.0855
Step:  1090000  |  score: 108.60 ± 0.25  |  actor_loss: -1.2298  cost_loss: 1.3524  q_loss: 0.0040  reward_max: 1.0344  reward_mean: 0.0013  reward_min: -0.9346  state_cost_loss: 1.3531  value_loss: 0.1088
Step:  1100000  |  score: 108.46 ± 0.54  |  actor_loss: -1.4478  cost_loss: 1.3574  q_loss: 0.0038  reward_max: 0.6496  reward_mean: -0.0079  reward_min: -1.7080  state_cost_loss: 1.3588  value_loss: 0.0883
Step:  1110000  |  score: 108.67 ± 0.38  |  actor_loss: -1.6335  cost_loss: 1.3578  q_loss: 0.0057  reward_max: 0.8022  reward_mean: -0.0036  reward_min: -2.0232  state_cost_loss: 1.3593  value_loss: 0.0928
Step:  1120000  |  score: 108.22 ± 0.26  |  actor_loss: -1.8946  cost_loss: 1.3662  q_loss: 0.0028  reward_max: 0.8491  reward_mean: 0.0043  reward_min: -0.6957  state_cost_loss: 1.3668  value_loss: 0.1119
Step:  1130000  |  score: 108.25 ± 0.51  |  actor_loss: -1.7331  cost_loss: 1.3598  q_loss: 0.0043  reward_max: 0.4003  reward_mean: -0.0092  reward_min: -2.1732  state_cost_loss: 1.3603  value_loss: 0.0945
Step:  1140000  |  score: 109.35 ± 0.17  |  actor_loss: -1.7836  cost_loss: 1.3657  q_loss: 0.0034  reward_max: 0.7488  reward_mean: 0.0073  reward_min: -0.2636  state_cost_loss: 1.3657  value_loss: 0.1179
Step:  1150000  |  score: 108.89 ± 0.08  |  actor_loss: -1.6191  cost_loss: 1.3582  q_loss: 0.0039  reward_max: 0.6109  reward_mean: -0.0094  reward_min: -1.9064  state_cost_loss: 1.3592  value_loss: 0.0829
Step:  1160000  |  score: 108.83 ± 0.23  |  actor_loss: -1.9789  cost_loss: 1.3656  q_loss: 0.0022  reward_max: 0.9217  reward_mean: -0.0001  reward_min: -2.0195  state_cost_loss: 1.3669  value_loss: 0.1163
Step:  1170000  |  score: 109.08 ± 0.21  |  actor_loss: -1.6060  cost_loss: 1.3619  q_loss: 0.0056  reward_max: 1.1883  reward_mean: 0.0003  reward_min: -1.9472  state_cost_loss: 1.3651  value_loss: 0.1118
Step:  1180000  |  score: 108.23 ± 0.13  |  actor_loss: -1.8385  cost_loss: 1.3625  q_loss: 0.0030  reward_max: 0.8270  reward_mean: -0.0058  reward_min: -2.1029  state_cost_loss: 1.3628  value_loss: 0.1130
Step:  1190000  |  score: 108.88 ± 0.13  |  actor_loss: -1.7803  cost_loss: 1.3602  q_loss: 0.0044  reward_max: 0.3267  reward_mean: -0.0153  reward_min: -1.9768  state_cost_loss: 1.3639  value_loss: 0.1061
Step:  1200000  |  score: 108.51 ± 0.18  |  actor_loss: -1.8104  cost_loss: 1.3646  q_loss: 0.0050  reward_max: 0.7467  reward_mean: -0.0052  reward_min: -2.1179  state_cost_loss: 1.3651  value_loss: 0.0875
Step:  1210000  |  score: 108.60 ± 0.13  |  actor_loss: -1.9086  cost_loss: 1.3644  q_loss: 0.0027  reward_max: 0.7363  reward_mean: -0.0054  reward_min: -2.0250  state_cost_loss: 1.3656  value_loss: 0.1174
Step:  1220000  |  score: 108.84 ± 0.30  |  actor_loss: -1.7947  cost_loss: 1.3656  q_loss: 0.0034  reward_max: 0.8601  reward_mean: -0.0003  reward_min: -1.0972  state_cost_loss: 1.3663  value_loss: 0.1057
Step:  1230000  |  score: 108.77 ± 0.29  |  actor_loss: -1.9507  cost_loss: 1.3691  q_loss: 0.0023  reward_max: 0.2867  reward_mean: -0.0039  reward_min: -2.0073  state_cost_loss: 1.3708  value_loss: 0.0861
Step:  1240000  |  score: 108.43 ± 0.51  |  actor_loss: -0.8345  cost_loss: 1.3454  q_loss: 0.0054  reward_max: 0.8508  reward_mean: 0.0018  reward_min: -2.2608  state_cost_loss: 1.3481  value_loss: 0.1271
Step:  1250000  |  score: 108.54 ± 0.20  |  actor_loss: -1.7178  cost_loss: 1.3734  q_loss: 0.0032  reward_max: 0.4862  reward_mean: -0.0037  reward_min: -1.9848  state_cost_loss: 1.3744  value_loss: 0.0463
Step:  1260000  |  score: 109.32 ± 0.13  |  actor_loss: -1.8776  cost_loss: 1.3590  q_loss: 0.0034  reward_max: 0.2866  reward_mean: -0.0202  reward_min: -2.5564  state_cost_loss: 1.3609  value_loss: 0.0803
Step:  1270000  |  score: 108.48 ± 0.56  |  actor_loss: -1.6390  cost_loss: 1.3597  q_loss: 0.0027  reward_max: 0.7985  reward_mean: 0.0029  reward_min: -1.2187  state_cost_loss: 1.3590  value_loss: 0.1087
Step:  1280000  |  score: 108.54 ± 0.25  |  actor_loss: -1.9616  cost_loss: 1.3635  q_loss: 0.0036  reward_max: 0.4148  reward_mean: -0.0033  reward_min: -1.7211  state_cost_loss: 1.3671  value_loss: 0.0973
Step:  1290000  |  score: 108.48 ± 0.12  |  actor_loss: -1.6213  cost_loss: 1.3620  q_loss: 0.0031  reward_max: 0.4668  reward_mean: 0.0002  reward_min: -1.8242  state_cost_loss: 1.3635  value_loss: 0.0897
Step:  1300000  |  score: 108.80 ± 0.16  |  actor_loss: -1.6924  cost_loss: 1.3608  q_loss: 0.0038  reward_max: 0.9410  reward_mean: 0.0024  reward_min: -0.9628  state_cost_loss: 1.3615  value_loss: 0.1351
Step:  1310000  |  score: 108.89 ± 0.10  |  actor_loss: -2.2418  cost_loss: 1.3751  q_loss: 0.0021  reward_max: 0.7609  reward_mean: -0.0023  reward_min: -0.8812  state_cost_loss: 1.3746  value_loss: 0.1378
Step:  1320000  |  score: 108.95 ± 0.11  |  actor_loss: -1.7279  cost_loss: 1.3587  q_loss: 0.0038  reward_max: 1.0300  reward_mean: 0.0032  reward_min: -1.7825  state_cost_loss: 1.3578  value_loss: 0.1257
Step:  1330000  |  score: 108.64 ± 0.18  |  actor_loss: -1.7248  cost_loss: 1.3648  q_loss: 0.0032  reward_max: 1.1624  reward_mean: 0.0042  reward_min: -0.9951  state_cost_loss: 1.3650  value_loss: 0.1086
Step:  1340000  |  score: 108.65 ± 0.31  |  actor_loss: -1.8152  cost_loss: 1.3613  q_loss: 0.0032  reward_max: 0.7013  reward_mean: -0.0037  reward_min: -1.0373  state_cost_loss: 1.3623  value_loss: 0.1146
Step:  1350000  |  score: 109.07 ± 0.26  |  actor_loss: -1.7870  cost_loss: 1.3610  q_loss: 0.0038  reward_max: 0.8628  reward_mean: -0.0051  reward_min: -1.2686  state_cost_loss: 1.3642  value_loss: 0.0766
Step:  1360000  |  score: 108.54 ± 0.47  |  actor_loss: -1.5312  cost_loss: 1.3565  q_loss: 0.0042  reward_max: 0.8103  reward_mean: -0.0010  reward_min: -1.0932  state_cost_loss: 1.3576  value_loss: 0.1081
Step:  1370000  |  score: 108.58 ± 0.36  |  actor_loss: -1.4210  cost_loss: 1.3618  q_loss: 0.0040  reward_max: 0.5448  reward_mean: -0.0023  reward_min: -2.2232  state_cost_loss: 1.3626  value_loss: 0.0894
Step:  1380000  |  score: 108.59 ± 0.19  |  actor_loss: -1.5803  cost_loss: 1.3603  q_loss: 0.0039  reward_max: 0.4279  reward_mean: -0.0002  reward_min: -1.9528  state_cost_loss: 1.3622  value_loss: 0.1206
Step:  1390000  |  score: 108.43 ± 0.30  |  actor_loss: -2.1913  cost_loss: 1.3667  q_loss: 0.0035  reward_max: 0.4269  reward_mean: -0.0056  reward_min: -2.1678  state_cost_loss: 1.3686  value_loss: 0.1027
Step:  1400000  |  score: 108.26 ± 0.27  |  actor_loss: -1.5055  cost_loss: 1.3569  q_loss: 0.0039  reward_max: 0.4879  reward_mean: -0.0108  reward_min: -2.3538  state_cost_loss: 1.3590  value_loss: 0.1103
Step:  1410000  |  score: 108.64 ± 0.18  |  actor_loss: -1.4416  cost_loss: 1.3594  q_loss: 0.0037  reward_max: 0.2863  reward_mean: -0.0066  reward_min: -1.7006  state_cost_loss: 1.3600  value_loss: 0.1016
Step:  1420000  |  score: 108.42 ± 0.40  |  actor_loss: -1.9582  cost_loss: 1.3708  q_loss: 0.0034  reward_max: 0.6667  reward_mean: -0.0035  reward_min: -0.4758  state_cost_loss: 1.3728  value_loss: 0.0731
Step:  1430000  |  score: 108.76 ± 0.10  |  actor_loss: -1.7487  cost_loss: 1.3639  q_loss: 0.0033  reward_max: 0.9501  reward_mean: -0.0016  reward_min: -0.7444  state_cost_loss: 1.3637  value_loss: 0.1261
Step:  1440000  |  score: 108.61 ± 0.15  |  actor_loss: -1.4921  cost_loss: 1.3529  q_loss: 0.0032  reward_max: 0.5671  reward_mean: -0.0034  reward_min: -2.0495  state_cost_loss: 1.3560  value_loss: 0.1308
Step:  1450000  |  score: 108.31 ± 0.41  |  actor_loss: -1.8836  cost_loss: 1.3667  q_loss: 0.0036  reward_max: 0.9579  reward_mean: -0.0041  reward_min: -2.5231  state_cost_loss: 1.3666  value_loss: 0.1049
Step:  1460000  |  score: 108.55 ± 0.21  |  actor_loss: -1.9209  cost_loss: 1.3629  q_loss: 0.0030  reward_max: 0.3717  reward_mean: -0.0009  reward_min: -0.6267  state_cost_loss: 1.3629  value_loss: 0.1357
Step:  1470000  |  score: 108.26 ± 0.14  |  actor_loss: -1.5036  cost_loss: 1.3570  q_loss: 0.0027  reward_max: 0.6117  reward_mean: 0.0080  reward_min: -0.4791  state_cost_loss: 1.3570  value_loss: 0.1234
Step:  1480000  |  score: 108.62 ± 0.34  |  actor_loss: -1.5819  cost_loss: 1.3562  q_loss: 0.0029  reward_max: 0.8708  reward_mean: 0.0025  reward_min: -0.5390  state_cost_loss: 1.3579  value_loss: 0.1241
Step:  1490000  |  score: 108.35 ± 0.32  |  actor_loss: -1.5593  cost_loss: 1.3609  q_loss: 0.0032  reward_max: 0.4953  reward_mean: -0.0042  reward_min: -1.7969  state_cost_loss: 1.3620  value_loss: 0.1073
Step:  1500000  |  score: 108.91 ± 0.40  |  actor_loss: -1.1973  cost_loss: 1.3509  q_loss: 0.0042  reward_max: 1.0384  reward_mean: 0.0027  reward_min: -1.8830  state_cost_loss: 1.3506  value_loss: 0.1168
Step:  1510000  |  score: 108.69 ± 0.19  |  actor_loss: -1.9515  cost_loss: 1.3651  q_loss: 0.0031  reward_max: 0.7356  reward_mean: -0.0087  reward_min: -2.5726  state_cost_loss: 1.3660  value_loss: 0.0882
Step:  1520000  |  score: 108.66 ± 0.21  |  actor_loss: -1.8510  cost_loss: 1.3670  q_loss: 0.0038  reward_max: 0.2523  reward_mean: 0.0017  reward_min: -0.3074  state_cost_loss: 1.3671  value_loss: 0.1066
Step:  1530000  |  score: 108.03 ± 0.59  |  actor_loss: -1.7388  cost_loss: 1.3636  q_loss: 0.0032  reward_max: 0.9824  reward_mean: 0.0062  reward_min: -0.6545  state_cost_loss: 1.3613  value_loss: 0.1234
Step:  1540000  |  score: 108.44 ± 0.82  |  actor_loss: -1.1263  cost_loss: 1.3445  q_loss: 0.0050  reward_max: 0.6220  reward_mean: -0.0249  reward_min: -2.3430  state_cost_loss: 1.3508  value_loss: 0.1251
Step:  1550000  |  score: 108.57 ± 0.47  |  actor_loss: -2.1690  cost_loss: 1.3697  q_loss: 0.0036  reward_max: 0.2877  reward_mean: -0.0126  reward_min: -2.1617  state_cost_loss: 1.3704  value_loss: 0.1245
Step:  1560000  |  score: 108.84 ± 0.27  |  actor_loss: -1.8681  cost_loss: 1.3673  q_loss: 0.0023  reward_max: 0.4335  reward_mean: 0.0002  reward_min: -0.3320  state_cost_loss: 1.3701  value_loss: 0.1020
Step:  1570000  |  score: 109.05 ± 0.31  |  actor_loss: -1.7354  cost_loss: 1.3672  q_loss: 0.0045  reward_max: 0.9126  reward_mean: 0.0011  reward_min: -0.5906  state_cost_loss: 1.3671  value_loss: 0.1110
Step:  1580000  |  score: 108.43 ± 0.97  |  actor_loss: -1.8981  cost_loss: 1.3704  q_loss: 0.0031  reward_max: 0.9652  reward_mean: 0.0009  reward_min: -0.8874  state_cost_loss: 1.3716  value_loss: 0.0905
Step:  1590000  |  score: 108.58 ± 0.19  |  actor_loss: -2.0380  cost_loss: 1.3682  q_loss: 0.0035  reward_max: 0.8827  reward_mean: 0.0014  reward_min: -0.4219  state_cost_loss: 1.3682  value_loss: 0.1378
Step:  1600000  |  score: 108.51 ± 0.10  |  actor_loss: -1.2900  cost_loss: 1.3484  q_loss: 0.0047  reward_max: 0.5680  reward_mean: -0.0164  reward_min: -2.0403  state_cost_loss: 1.3506  value_loss: 0.1207
Step:  1610000  |  score: 108.04 ± 0.55  |  actor_loss: -1.6290  cost_loss: 1.3615  q_loss: 0.0035  reward_max: 0.7376  reward_mean: 0.0082  reward_min: -0.7630  state_cost_loss: 1.3597  value_loss: 0.1198
Step:  1620000  |  score: 108.22 ± 0.12  |  actor_loss: -2.1003  cost_loss: 1.3674  q_loss: 0.0030  reward_max: 0.7960  reward_mean: -0.0005  reward_min: -0.8567  state_cost_loss: 1.3679  value_loss: 0.1137
Step:  1630000  |  score: 108.30 ± 0.32  |  actor_loss: -1.6452  cost_loss: 1.3584  q_loss: 0.0038  reward_max: 0.6562  reward_mean: 0.0055  reward_min: -0.9614  state_cost_loss: 1.3613  value_loss: 0.1472
Step:  1640000  |  score: 108.77 ± 0.30  |  actor_loss: -1.7135  cost_loss: 1.3632  q_loss: 0.0026  reward_max: 0.2211  reward_mean: -0.0079  reward_min: -1.4833  state_cost_loss: 1.3651  value_loss: 0.1256
Step:  1650000  |  score: 109.12 ± 0.31  |  actor_loss: -1.9413  cost_loss: 1.3671  q_loss: 0.0024  reward_max: 0.8880  reward_mean: -0.0042  reward_min: -0.9009  state_cost_loss: 1.3661  value_loss: 0.1338
Step:  1660000  |  score: 108.88 ± 0.22  |  actor_loss: -2.2411  cost_loss: 1.3716  q_loss: 0.0027  reward_max: 0.3363  reward_mean: -0.0020  reward_min: -1.9662  state_cost_loss: 1.3716  value_loss: 0.1237
Step:  1670000  |  score: 107.98 ± 0.34  |  actor_loss: -1.7117  cost_loss: 1.3644  q_loss: 0.0024  reward_max: 0.8961  reward_mean: -0.0061  reward_min: -2.2869  state_cost_loss: 1.3659  value_loss: 0.1096
Step:  1680000  |  score: 108.63 ± 0.09  |  actor_loss: -1.8410  cost_loss: 1.3620  q_loss: 0.0036  reward_max: 1.0607  reward_mean: -0.0039  reward_min: -1.4315  state_cost_loss: 1.3639  value_loss: 0.1095
Step:  1690000  |  score: 108.11 ± 0.26  |  actor_loss: -1.7882  cost_loss: 1.3575  q_loss: 0.0030  reward_max: 0.7710  reward_mean: -0.0005  reward_min: -0.5335  state_cost_loss: 1.3580  value_loss: 0.1333
Step:  1700000  |  score: 108.96 ± 0.14  |  actor_loss: -1.9670  cost_loss: 1.3685  q_loss: 0.0033  reward_max: 0.5496  reward_mean: 0.0030  reward_min: -0.5434  state_cost_loss: 1.3696  value_loss: 0.1162
Step:  1710000  |  score: 108.41 ± 0.13  |  actor_loss: -1.7237  cost_loss: 1.3628  q_loss: 0.0037  reward_max: 0.6382  reward_mean: -0.0115  reward_min: -2.3111  state_cost_loss: 1.3649  value_loss: 0.1159
Step:  1720000  |  score: 108.49 ± 0.71  |  actor_loss: -1.4030  cost_loss: 1.3613  q_loss: 0.0023  reward_max: 0.6610  reward_mean: 0.0006  reward_min: -1.5822  state_cost_loss: 1.3624  value_loss: 0.1141
Step:  1730000  |  score: 108.88 ± 0.19  |  actor_loss: -2.1206  cost_loss: 1.3686  q_loss: 0.0026  reward_max: 0.2001  reward_mean: -0.0077  reward_min: -1.4256  state_cost_loss: 1.3694  value_loss: 0.1001
Step:  1740000  |  score: 108.77 ± 0.25  |  actor_loss: -1.5630  cost_loss: 1.3566  q_loss: 0.0041  reward_max: 0.5095  reward_mean: -0.0012  reward_min: -0.8158  state_cost_loss: 1.3561  value_loss: 0.1088
Step:  1750000  |  score: 109.01 ± 0.14  |  actor_loss: -1.7206  cost_loss: 1.3621  q_loss: 0.0030  reward_max: 0.7005  reward_mean: -0.0097  reward_min: -2.1874  state_cost_loss: 1.3642  value_loss: 0.0874
Step:  1760000  |  score: 109.02 ± 0.38  |  actor_loss: -1.9973  cost_loss: 1.3679  q_loss: 0.0025  reward_max: 0.9971  reward_mean: 0.0005  reward_min: -0.6210  state_cost_loss: 1.3690  value_loss: 0.0908
Step:  1770000  |  score: 108.54 ± 0.22  |  actor_loss: -1.5141  cost_loss: 1.3620  q_loss: 0.0030  reward_max: 1.1645  reward_mean: -0.0037  reward_min: -2.2025  state_cost_loss: 1.3629  value_loss: 0.1276
Step:  1780000  |  score: 108.91 ± 0.40  |  actor_loss: -1.4423  cost_loss: 1.3529  q_loss: 0.0041  reward_max: 0.5736  reward_mean: -0.0052  reward_min: -2.5041  state_cost_loss: 1.3542  value_loss: 0.1087
Step:  1790000  |  score: 108.84 ± 0.25  |  actor_loss: -2.0181  cost_loss: 1.3632  q_loss: 0.0028  reward_max: 0.9443  reward_mean: 0.0002  reward_min: -0.3434  state_cost_loss: 1.3651  value_loss: 0.1391
Step:  1800000  |  score: 108.65 ± 0.67  |  actor_loss: -2.1576  cost_loss: 1.3672  q_loss: 0.0033  reward_max: 0.1907  reward_mean: -0.0098  reward_min: -2.1655  state_cost_loss: 1.3671  value_loss: 0.1134
Step:  1810000  |  score: 108.85 ± 0.12  |  actor_loss: -1.4532  cost_loss: 1.3529  q_loss: 0.0034  reward_max: 1.0065  reward_mean: -0.0167  reward_min: -2.2809  state_cost_loss: 1.3584  value_loss: 0.1026
Step:  1820000  |  score: 108.91 ± 0.17  |  actor_loss: -1.5866  cost_loss: 1.3618  q_loss: 0.0036  reward_max: 0.8794  reward_mean: -0.0142  reward_min: -2.3320  state_cost_loss: 1.3628  value_loss: 0.1073
Step:  1830000  |  score: 108.28 ± 1.10  |  actor_loss: -1.7883  cost_loss: 1.3576  q_loss: 0.0035  reward_max: 0.4875  reward_mean: -0.0006  reward_min: -2.1827  state_cost_loss: 1.3584  value_loss: 0.1196
Step:  1840000  |  score: 108.22 ± 0.12  |  actor_loss: -1.6158  cost_loss: 1.3551  q_loss: 0.0038  reward_max: 0.5695  reward_mean: -0.0123  reward_min: -2.3392  state_cost_loss: 1.3565  value_loss: 0.1124
Step:  1850000  |  score: 108.48 ± 0.35  |  actor_loss: -1.6787  cost_loss: 1.3597  q_loss: 0.0027  reward_max: 0.4722  reward_mean: -0.0075  reward_min: -2.2868  state_cost_loss: 1.3646  value_loss: 0.1120
Step:  1860000  |  score: 108.52 ± 0.14  |  actor_loss: -1.8244  cost_loss: 1.3599  q_loss: 0.0032  reward_max: 1.0968  reward_mean: 0.0032  reward_min: -1.0939  state_cost_loss: 1.3587  value_loss: 0.1622
Step:  1870000  |  score: 108.22 ± 0.54  |  actor_loss: -1.6904  cost_loss: 1.3595  q_loss: 0.0031  reward_max: 0.6573  reward_mean: 0.0004  reward_min: -2.1248  state_cost_loss: 1.3628  value_loss: 0.1160
Step:  1880000  |  score: 109.09 ± 0.17  |  actor_loss: -1.9743  cost_loss: 1.3650  q_loss: 0.0024  reward_max: 1.1011  reward_mean: 0.0062  reward_min: -0.3066  state_cost_loss: 1.3643  value_loss: 0.1488
Step:  1890000  |  score: 108.19 ± 0.27  |  actor_loss: -1.6536  cost_loss: 1.3612  q_loss: 0.0025  reward_max: 0.9687  reward_mean: 0.0089  reward_min: -0.5122  state_cost_loss: 1.3619  value_loss: 0.1361
Step:  1900000  |  score: 108.81 ± 0.20  |  actor_loss: -1.8202  cost_loss: 1.3623  q_loss: 0.0036  reward_max: 0.6856  reward_mean: -0.0089  reward_min: -2.0428  state_cost_loss: 1.3633  value_loss: 0.1415
Step:  1910000  |  score: 108.91 ± 0.19  |  actor_loss: -1.4746  cost_loss: 1.3573  q_loss: 0.0029  reward_max: 0.9382  reward_mean: -0.0089  reward_min: -2.2218  state_cost_loss: 1.3588  value_loss: 0.1118
Step:  1920000  |  score: 108.88 ± 0.12  |  actor_loss: -1.6964  cost_loss: 1.3614  q_loss: 0.0029  reward_max: 0.6054  reward_mean: -0.0055  reward_min: -2.2636  state_cost_loss: 1.3626  value_loss: 0.1351
Step:  1930000  |  score: 108.67 ± 0.18  |  actor_loss: -1.7171  cost_loss: 1.3599  q_loss: 0.0033  reward_max: 0.5062  reward_mean: -0.0085  reward_min: -2.0960  state_cost_loss: 1.3610  value_loss: 0.1143
Step:  1940000  |  score: 108.98 ± 0.42  |  actor_loss: -1.9288  cost_loss: 1.3684  q_loss: 0.0034  reward_max: 0.8517  reward_mean: -0.0110  reward_min: -2.3241  state_cost_loss: 1.3692  value_loss: 0.1121
Step:  1950000  |  score: 108.66 ± 0.15  |  actor_loss: -1.5627  cost_loss: 1.3586  q_loss: 0.0030  reward_max: 0.8906  reward_mean: -0.0016  reward_min: -1.3800  state_cost_loss: 1.3577  value_loss: 0.1397
Step:  1960000  |  score: 108.56 ± 0.28  |  actor_loss: -1.8617  cost_loss: 1.3680  q_loss: 0.0027  reward_max: 0.9012  reward_mean: 0.0012  reward_min: -0.2326  state_cost_loss: 1.3695  value_loss: 0.1147
Step:  1970000  |  score: 108.83 ± 0.36  |  actor_loss: -1.6129  cost_loss: 1.3606  q_loss: 0.0033  reward_max: 0.5611  reward_mean: 0.0031  reward_min: -0.4997  state_cost_loss: 1.3609  value_loss: 0.1168
Step:  1980000  |  score: 108.47 ± 0.35  |  actor_loss: -1.9630  cost_loss: 1.3649  q_loss: 0.0033  reward_max: 0.9494  reward_mean: 0.0048  reward_min: -1.2265  state_cost_loss: 1.3639  value_loss: 0.1499
Step:  1990000  |  score: 108.48 ± 0.24  |  actor_loss: -1.8286  cost_loss: 1.3629  q_loss: 0.0029  reward_max: 0.8626  reward_mean: -0.0055  reward_min: -2.4576  state_cost_loss: 1.3635  value_loss: 0.1318
Step:  2000000  |  score: 108.12 ± 0.44  |  actor_loss: -1.8502  cost_loss: 1.3680  q_loss: 0.0022  reward_max: 0.9154  reward_mean: -0.0060  reward_min: -2.5033  state_cost_loss: 1.3688  value_loss: 0.1127
Final evaluation (13 iterations)...
Final score: 108.18 ± 0.44
wandb: WARNING Symlinked 1 file into the W&B run directory; call wandb.save again to sync new files.
wandb: updating run metadata
wandb: uploading final_returns/cdemodice_walker2d-expert-v2_2026-03-18_20-55-16.npz; uploading output.log; uploading wandb-summary.json; uploading config.yaml
wandb: uploading final_returns/cdemodice_walker2d-expert-v2_2026-03-18_20-55-16.npz; uploading output.log
wandb: uploading summary, console lines 214-215
wandb: 
wandb: Run history:
wandb:  actor_loss ▆▆█▆▄▆▆▅▅▅▅▃▂▆▄▄▄▃▄▅▂▃▂▄▄▃▄▅▃▅▄▃▃▂▂▄▁▄▃▄
wandb:   cost_loss ▅▇▆█▂▃▄▆▆▇▂▄▅▄▆▄▆▅▂▃▃▄▆▄▅▆▃▂▆▇▇▇█▅▅▇▁▅▃▅
wandb: num_updates ▁▁▁▁▁▂▂▂▂▂▃▃▃▃▃▃▃▃▃▄▄▄▄▄▄▆▆▆▆▆▇▇▇▇▇▇▇███
wandb:      q_loss ▆▂▃▅▃█▇▂▆▄▃▅▁▆▄▄▂▂▄▂▄▁▃▂▂▂▂▂▄▄▃▁▁▁▃▂▁▂▁▂
wandb:      return ▁▃▇█▇▇██████████████████████████████████
wandb:  reward_max ▅▄▄▃█▆▆▂▄▆▆▆▄▆▃▃▄▂▃▂▃▁▄▅▂▅▃▄▅▁▄▅▄▃▄▇▃▄▅▅
wandb: reward_mean ▂▇▆▇▆▇▂▇▁▆█▇▅▅▆▃▇▆▃▇▄▆▆▅▄▃▅▅█▆▆▇▅▃▆▂▆▆▃▄
wandb:  reward_min ▅▁▅▄▃▃▅▃▃▄▃▄▆▇▃▃▃▄▆▃▃▃▃▆▆█▂▇▄██▆▄▂▂█▃▅▇▂
wandb:       score ▁▁████▇█████████████████████████████████
wandb:   score_std ▂▇█▁▁▁▁▁▁▁▁▁▁▁▁▁▁▁▁▁▁▁▁▁▁▁▁▁▁▁▁▁▁▁▁▁▁▁▁▁
wandb:          +2 ...
wandb: 
wandb: Run summary:
wandb:  actor_loss -1.85023
wandb:   cost_loss 1.36795
wandb: num_updates 2000000
wandb:      q_loss 0.00223
wandb:      return 4965.2718
wandb:  reward_max 0.91541
wandb: reward_mean -0.00598
wandb:  reward_min -2.50325
wandb:       score 108.12456
wandb:   score_std 0.43689
wandb:          +2 ...
wandb: 
wandb: 🚀 View run cdemodice_walker2d_M3_s2 at: https://wandb.ai/wsk208/DemoDICE/runs/myyttm25
wandb: ⭐️ View project at: https://wandb.ai/wsk208/DemoDICE
wandb: Synced 5 W&B file(s), 0 media file(s), 0 artifact file(s) and 1 other file(s)
wandb: Find logs at: ./wandb/run-20260318_202236-myyttm25/logs
