Warning: All of online environments libraries in D4RL have been moved ]8;;https://github.com/Farama-Foundation/Gymnasium\Gymnasium]8;;\, ]8;;https://github.com/Farama-Foundation/MiniGrid\MiniGrid]8;;\ and ]8;;https://github.com/Farama-Foundation/Gymnasium-Robotics\Gymnasium-Robotics]8;;\, and all offline datasets in D4RL have been moved to ]8;;https://github.com/Farama-Foundation/Minari\Minari]8;;\.
These new versions include large bug fixes, new versions of Python, and are where all new development will continue. Please upgrade these libraries as soon as you're able to do so.
If you'd like to read more about the story behind this switch, please check out ]8;;https://farama.org/Announcing-Minari\this blog post]8;;\.
Gym has been unmaintained since 2022 and does not support NumPy 2.0 amongst other critical functionality.
Please upgrade to Gymnasium, the maintained drop-in replacement of Gym, or contact the authors of your software and request that they upgrade.
See the migration guide at https://gymnasium.farama.org/introduction/migration_guide/ for additional information.
/opt/venv/lib/python3.10/site-packages/Cython/Distutils/old_build_ext.py:15: DeprecationWarning: dep_util is Deprecated. Use functions from setuptools instead.
  from distutils.dep_util import newer, newer_group
<frozen importlib._bootstrap>:283: DeprecationWarning: the load_module() method is deprecated and slated for removal in Python 3.12; use exec_module() instead
pybullet build time: Jan 29 2025 23:16:28
wandb: [wandb.login()] Loaded credentials for https://api.wandb.ai from /root/.netrc.
wandb: Currently logged in as: wsk208 to https://api.wandb.ai. Use `wandb login --relogin` to force relogin
/opt/venv/lib/python3.10/site-packages/wandb/analytics/sentry.py:268: DeprecationWarning: Read the `app_url` setting from the appropriate Settings object.
  app_url = wandb.util.app_url(tags["base_url"])  # type: ignore[index]
/opt/venv/lib/python3.10/site-packages/wandb/analytics/sentry.py:279: DeprecationWarning: The `Scope.user` setter is deprecated in favor of `Scope.set_user()`.
  self.scope.user = {"email": email}
wandb: setting up run 2kgu360s
/opt/venv/lib/python3.10/site-packages/wandb/analytics/sentry.py:268: DeprecationWarning: Read the `app_url` setting from the appropriate Settings object.
  app_url = wandb.util.app_url(tags["base_url"])  # type: ignore[index]
/opt/venv/lib/python3.10/site-packages/wandb/analytics/sentry.py:279: DeprecationWarning: The `Scope.user` setter is deprecated in favor of `Scope.set_user()`.
  self.scope.user = {"email": email}
wandb: Tracking run with wandb version 0.25.1
wandb: Run data is saved locally in /app/wandb/run-20260318_134714-2kgu360s
wandb: Run `wandb offline` to turn off syncing.
wandb: Syncing run cdemodice_hopper_M4_s4
wandb: ⭐️ View project at https://wandb.ai/wsk208/DemoDICE
wandb: 🚀 View run at https://wandb.ai/wsk208/DemoDICE/runs/2kgu360s
/opt/venv/lib/python3.10/site-packages/gym/spaces/box.py:84: UserWarning: [33mWARN: Box bound precision lowered by casting to float32[0m
  logger.warn(f"Box bound precision lowered by casting to {self.dtype}")
load datafile:   0%|          | 0/21 [00:00<?, ?it/s]load datafile:  10%|▉         | 2/21 [00:00<00:01, 17.47it/s]load datafile:  19%|█▉        | 4/21 [00:00<00:02,  6.01it/s]load datafile:  81%|████████  | 17/21 [00:00<00:00, 21.82it/s]load datafile:  95%|█████████▌| 20/21 [00:01<00:00, 16.96it/s]load datafile: 100%|██████████| 21/21 [00:01<00:00, 17.06it/s]
Expert  :  999061 transitions  (hopper-expert-v2, 100 traj)
load datafile:   0%|          | 0/9 [00:00<?, ?it/s]load datafile:  33%|███▎      | 3/9 [00:00<00:00,  8.93it/s]load datafile:  44%|████▍     | 4/9 [00:00<00:00,  6.50it/s]load datafile:  56%|█████▌    | 5/9 [00:00<00:00,  4.94it/s]load datafile:  67%|██████▋   | 6/9 [00:01<00:00,  4.26it/s]load datafile: 100%|██████████| 9/9 [00:01<00:00,  7.38it/s]
Imperfect:   35054 transitions  (hopper-random-v2, 1600 traj)
Union   : 1034115 transitions total
/root/.local/share/uv/python/cpython-3.10-linux-x86_64-gnu/lib/python3.10/multiprocessing/popen_fork.py:66: RuntimeWarning: os.fork() was called. os.fork() is incompatible with multithreaded code, and JAX is multithreaded, so this will likely lead to a deadlock.
  self.pid = os.fork()
/opt/venv/lib/python3.10/site-packages/tensorflow_probability/python/internal/backend/jax/ops.py:681: DeprecationWarning: jax.interpreters.xla.pytype_aval_mappings is deprecated.
  jax.interpreters.xla.pytype_aval_mappings[onp.ndarray])
/opt/venv/lib/python3.10/site-packages/gym/spaces/box.py:84: UserWarning: [33mWARN: Box bound precision lowered by casting to float32[0m
  logger.warn(f"Box bound precision lowered by casting to {self.dtype}")
Step:    10000  |  score: 2.29 ± 0.39  |  actor_loss: 2.1085  cost_loss: 1.3718  q_loss: 0.0055  reward_max: 0.3937  reward_mean: -0.0015  reward_min: -1.0063  state_cost_loss: 1.3733  value_loss: -1.0067
Step:    20000  |  score: 4.94 ± 7.59  |  actor_loss: 1.4020  cost_loss: 1.3690  q_loss: 0.0038  reward_max: 0.5147  reward_mean: -0.0019  reward_min: -0.5099  state_cost_loss: 1.3680  value_loss: -0.7539
Step:    30000  |  score: 18.09 ± 4.05  |  actor_loss: 0.8174  cost_loss: 1.3644  q_loss: 0.0028  reward_max: 0.2288  reward_mean: -0.0245  reward_min: -0.5882  state_cost_loss: 1.3673  value_loss: -0.5552
Step:    40000  |  score: 44.55 ± 0.17  |  actor_loss: 0.4888  cost_loss: 1.3720  q_loss: 0.0038  reward_max: 0.2061  reward_mean: -0.0034  reward_min: -0.6131  state_cost_loss: 1.3722  value_loss: -0.4468
Step:    50000  |  score: 29.52 ± 8.23  |  actor_loss: 0.4298  cost_loss: 1.3698  q_loss: 0.0031  reward_max: 0.5026  reward_mean: 0.0038  reward_min: -0.4132  state_cost_loss: 1.3715  value_loss: -0.4033
Step:    60000  |  score: 50.31 ± 30.22  |  actor_loss: 0.3200  cost_loss: 1.3805  q_loss: 0.0024  reward_max: 0.3019  reward_mean: -0.0007  reward_min: -0.7501  state_cost_loss: 1.3800  value_loss: -0.3503
Step:    70000  |  score: 89.47 ± 21.71  |  actor_loss: 0.2932  cost_loss: 1.3636  q_loss: 0.0038  reward_max: 0.4430  reward_mean: -0.0015  reward_min: -0.7252  state_cost_loss: 1.3643  value_loss: -0.2394
Step:    80000  |  score: 63.56 ± 20.04  |  actor_loss: 0.1897  cost_loss: 1.3710  q_loss: 0.0032  reward_max: 0.3146  reward_mean: -0.0029  reward_min: -0.7785  state_cost_loss: 1.3716  value_loss: -0.2599
Step:    90000  |  score: 82.08 ± 25.37  |  actor_loss: 0.3502  cost_loss: 1.3632  q_loss: 0.0037  reward_max: 0.3155  reward_mean: -0.0064  reward_min: -1.2753  state_cost_loss: 1.3638  value_loss: -0.2233
Step:   100000  |  score: 57.31 ± 9.36  |  actor_loss: 0.3232  cost_loss: 1.3659  q_loss: 0.0024  reward_max: 0.2610  reward_mean: 0.0002  reward_min: -0.6392  state_cost_loss: 1.3669  value_loss: -0.2003
Step:   110000  |  score: 76.04 ± 18.35  |  actor_loss: 0.2047  cost_loss: 1.3568  q_loss: 0.0034  reward_max: 0.2845  reward_mean: -0.0112  reward_min: -1.1280  state_cost_loss: 1.3595  value_loss: -0.1664
Step:   120000  |  score: 53.67 ± 12.35  |  actor_loss: 0.3634  cost_loss: 1.3657  q_loss: 0.0030  reward_max: 0.4407  reward_mean: -0.0086  reward_min: -1.1690  state_cost_loss: 1.3674  value_loss: -0.1305
Step:   130000  |  score: 64.13 ± 19.76  |  actor_loss: 0.3170  cost_loss: 1.3682  q_loss: 0.0034  reward_max: 0.4286  reward_mean: -0.0037  reward_min: -0.3205  state_cost_loss: 1.3696  value_loss: -0.1424
Step:   140000  |  score: 95.35 ± 15.09  |  actor_loss: 0.2109  cost_loss: 1.3740  q_loss: 0.0029  reward_max: 0.4642  reward_mean: -0.0039  reward_min: -0.8396  state_cost_loss: 1.3744  value_loss: -0.0976
Step:   150000  |  score: 28.96 ± 7.84  |  actor_loss: 0.2246  cost_loss: 1.3681  q_loss: 0.0023  reward_max: 0.4830  reward_mean: -0.0069  reward_min: -0.9474  state_cost_loss: 1.3708  value_loss: -0.1037
Step:   160000  |  score: 64.77 ± 12.18  |  actor_loss: 0.3068  cost_loss: 1.3655  q_loss: 0.0030  reward_max: 0.6125  reward_mean: -0.0098  reward_min: -0.9425  state_cost_loss: 1.3659  value_loss: -0.0708
Step:   170000  |  score: 88.38 ± 27.03  |  actor_loss: 0.2204  cost_loss: 1.3661  q_loss: 0.0033  reward_max: 0.2870  reward_mean: -0.0023  reward_min: -0.6982  state_cost_loss: 1.3673  value_loss: -0.0542
Step:   180000  |  score: 92.72 ± 25.18  |  actor_loss: 0.2102  cost_loss: 1.3629  q_loss: 0.0030  reward_max: 0.2685  reward_mean: -0.0166  reward_min: -1.1352  state_cost_loss: 1.3652  value_loss: -0.0490
Step:   190000  |  score: 58.43 ± 19.96  |  actor_loss: 0.3529  cost_loss: 1.3568  q_loss: 0.0042  reward_max: 0.4166  reward_mean: -0.0138  reward_min: -1.4230  state_cost_loss: 1.3606  value_loss: -0.0560
Step:   200000  |  score: 63.06 ± 22.90  |  actor_loss: 0.1500  cost_loss: 1.3629  q_loss: 0.0031  reward_max: 0.5585  reward_mean: -0.0072  reward_min: -1.6744  state_cost_loss: 1.3645  value_loss: -0.0338
Step:   210000  |  score: 93.69 ± 19.64  |  actor_loss: 0.1297  cost_loss: 1.3622  q_loss: 0.0028  reward_max: 0.3454  reward_mean: -0.0019  reward_min: -0.8879  state_cost_loss: 1.3630  value_loss: -0.0239
Step:   220000  |  score: 109.42 ± 2.91  |  actor_loss: 0.2915  cost_loss: 1.3538  q_loss: 0.0025  reward_max: 0.3823  reward_mean: -0.0196  reward_min: -1.3290  state_cost_loss: 1.3567  value_loss: -0.0447
Step:   230000  |  score: 58.01 ± 20.65  |  actor_loss: 0.2673  cost_loss: 1.3573  q_loss: 0.0040  reward_max: 0.6335  reward_mean: -0.0003  reward_min: -1.1450  state_cost_loss: 1.3608  value_loss: -0.0349
Step:   240000  |  score: 89.46 ± 21.90  |  actor_loss: 0.0647  cost_loss: 1.3738  q_loss: 0.0026  reward_max: 0.5482  reward_mean: -0.0035  reward_min: -1.2139  state_cost_loss: 1.3748  value_loss: -0.0052
Step:   250000  |  score: 87.63 ± 25.28  |  actor_loss: 0.1012  cost_loss: 1.3527  q_loss: 0.0031  reward_max: 0.5078  reward_mean: -0.0027  reward_min: -0.6305  state_cost_loss: 1.3536  value_loss: -0.0140
Step:   260000  |  score: 64.89 ± 26.57  |  actor_loss: 0.2947  cost_loss: 1.3561  q_loss: 0.0026  reward_max: 0.3301  reward_mean: -0.0081  reward_min: -0.8280  state_cost_loss: 1.3577  value_loss: -0.0369
Step:   270000  |  score: 101.42 ± 16.60  |  actor_loss: 0.1579  cost_loss: 1.3606  q_loss: 0.0027  reward_max: 0.3681  reward_mean: -0.0061  reward_min: -1.1016  state_cost_loss: 1.3612  value_loss: -0.0168
Step:   280000  |  score: 97.90 ± 24.45  |  actor_loss: 0.1727  cost_loss: 1.3573  q_loss: 0.0025  reward_max: 0.3921  reward_mean: -0.0162  reward_min: -1.6797  state_cost_loss: 1.3601  value_loss: -0.0194
Step:   290000  |  score: 84.28 ± 25.35  |  actor_loss: 0.1341  cost_loss: 1.3689  q_loss: 0.0024  reward_max: 0.2720  reward_mean: -0.0038  reward_min: -0.5195  state_cost_loss: 1.3732  value_loss: 0.0318
Step:   300000  |  score: 62.59 ± 9.11  |  actor_loss: 0.3112  cost_loss: 1.3489  q_loss: 0.0053  reward_max: 0.3662  reward_mean: -0.0086  reward_min: -1.4692  state_cost_loss: 1.3514  value_loss: 0.0076
Step:   310000  |  score: 90.07 ± 22.21  |  actor_loss: 0.1528  cost_loss: 1.3613  q_loss: 0.0018  reward_max: 0.3226  reward_mean: -0.0099  reward_min: -0.9147  state_cost_loss: 1.3623  value_loss: 0.0159
Step:   320000  |  score: 94.07 ± 18.92  |  actor_loss: 0.0177  cost_loss: 1.3710  q_loss: 0.0029  reward_max: 0.3433  reward_mean: -0.0041  reward_min: -0.4192  state_cost_loss: 1.3711  value_loss: 0.0132
Step:   330000  |  score: 71.52 ± 23.89  |  actor_loss: 0.0658  cost_loss: 1.3556  q_loss: 0.0024  reward_max: 0.5155  reward_mean: -0.0108  reward_min: -1.3286  state_cost_loss: 1.3573  value_loss: 0.0108
Step:   340000  |  score: 97.72 ± 19.92  |  actor_loss: 0.0773  cost_loss: 1.3657  q_loss: 0.0029  reward_max: 0.3017  reward_mean: -0.0076  reward_min: -1.7195  state_cost_loss: 1.3665  value_loss: 0.0373
Step:   350000  |  score: 95.22 ± 24.79  |  actor_loss: 0.1346  cost_loss: 1.3679  q_loss: 0.0023  reward_max: 0.4074  reward_mean: -0.0031  reward_min: -0.6154  state_cost_loss: 1.3706  value_loss: 0.0541
Step:   360000  |  score: 101.75 ± 20.77  |  actor_loss: 0.0396  cost_loss: 1.3658  q_loss: 0.0032  reward_max: 0.5893  reward_mean: -0.0139  reward_min: -1.5301  state_cost_loss: 1.3680  value_loss: 0.0213
Step:   370000  |  score: 112.11 ± 1.45  |  actor_loss: 0.1401  cost_loss: 1.3672  q_loss: 0.0023  reward_max: 0.7996  reward_mean: -0.0102  reward_min: -1.7047  state_cost_loss: 1.3701  value_loss: 0.0560
Step:   380000  |  score: 81.33 ± 25.08  |  actor_loss: 0.0902  cost_loss: 1.3662  q_loss: 0.0025  reward_max: 0.6311  reward_mean: -0.0039  reward_min: -0.5126  state_cost_loss: 1.3684  value_loss: 0.0438
Step:   390000  |  score: 90.12 ± 21.25  |  actor_loss: 0.0127  cost_loss: 1.3576  q_loss: 0.0023  reward_max: 0.4863  reward_mean: -0.0066  reward_min: -1.1773  state_cost_loss: 1.3612  value_loss: 0.0152
Step:   400000  |  score: 84.70 ± 24.41  |  actor_loss: 0.0580  cost_loss: 1.3662  q_loss: 0.0020  reward_max: 0.5870  reward_mean: -0.0023  reward_min: -1.0753  state_cost_loss: 1.3675  value_loss: 0.0641
Step:   410000  |  score: 98.14 ± 19.71  |  actor_loss: 0.1104  cost_loss: 1.3600  q_loss: 0.0026  reward_max: 0.3920  reward_mean: -0.0076  reward_min: -1.2376  state_cost_loss: 1.3627  value_loss: 0.0733
Step:   420000  |  score: 91.65 ± 25.09  |  actor_loss: 0.1608  cost_loss: 1.3591  q_loss: 0.0034  reward_max: 0.4898  reward_mean: -0.0094  reward_min: -1.2363  state_cost_loss: 1.3611  value_loss: 0.0609
Step:   430000  |  score: 99.28 ± 23.35  |  actor_loss: 0.0949  cost_loss: 1.3630  q_loss: 0.0022  reward_max: 0.4226  reward_mean: -0.0049  reward_min: -0.8331  state_cost_loss: 1.3633  value_loss: 0.0918
Step:   440000  |  score: 111.70 ± 2.32  |  actor_loss: 0.0168  cost_loss: 1.3675  q_loss: 0.0018  reward_max: 0.6534  reward_mean: -0.0029  reward_min: -1.1032  state_cost_loss: 1.3696  value_loss: 0.0989
Step:   450000  |  score: 106.82 ± 8.66  |  actor_loss: 0.0553  cost_loss: 1.3693  q_loss: 0.0023  reward_max: 0.4848  reward_mean: -0.0010  reward_min: -1.1284  state_cost_loss: 1.3717  value_loss: 0.1182
Step:   460000  |  score: 102.77 ± 17.72  |  actor_loss: 0.1191  cost_loss: 1.3538  q_loss: 0.0028  reward_max: 0.4302  reward_mean: -0.0084  reward_min: -1.1004  state_cost_loss: 1.3557  value_loss: 0.0889
Step:   470000  |  score: 107.77 ± 9.99  |  actor_loss: -0.0281  cost_loss: 1.3592  q_loss: 0.0039  reward_max: 0.4086  reward_mean: -0.0049  reward_min: -1.1807  state_cost_loss: 1.3618  value_loss: 0.1186
Step:   480000  |  score: 98.12 ± 11.94  |  actor_loss: -0.0307  cost_loss: 1.3612  q_loss: 0.0020  reward_max: 0.4001  reward_mean: -0.0077  reward_min: -1.4382  state_cost_loss: 1.3630  value_loss: 0.1130
Step:   490000  |  score: 108.72 ± 9.11  |  actor_loss: 0.0521  cost_loss: 1.3611  q_loss: 0.0032  reward_max: 0.2643  reward_mean: -0.0190  reward_min: -1.4424  state_cost_loss: 1.3658  value_loss: 0.1233
Step:   500000  |  score: 111.23 ± 0.61  |  actor_loss: 0.0760  cost_loss: 1.3646  q_loss: 0.0016  reward_max: 0.4729  reward_mean: -0.0119  reward_min: -1.2535  state_cost_loss: 1.3660  value_loss: 0.1415
Step:   510000  |  score: 99.81 ± 20.63  |  actor_loss: 0.1136  cost_loss: 1.3622  q_loss: 0.0018  reward_max: 0.4264  reward_mean: -0.0013  reward_min: -0.8909  state_cost_loss: 1.3625  value_loss: 0.1717
Step:   520000  |  score: 100.63 ± 18.66  |  actor_loss: 0.0942  cost_loss: 1.3581  q_loss: 0.0022  reward_max: 0.3972  reward_mean: -0.0016  reward_min: -0.7421  state_cost_loss: 1.3581  value_loss: 0.1562
Step:   530000  |  score: 103.74 ± 14.34  |  actor_loss: 0.2445  cost_loss: 1.3595  q_loss: 0.0022  reward_max: 0.3739  reward_mean: -0.0027  reward_min: -1.1408  state_cost_loss: 1.3607  value_loss: 0.1581
Step:   540000  |  score: 95.95 ± 22.29  |  actor_loss: 0.0038  cost_loss: 1.3695  q_loss: 0.0024  reward_max: 0.6270  reward_mean: 0.0059  reward_min: -0.5824  state_cost_loss: 1.3671  value_loss: 0.1986
Step:   550000  |  score: 106.33 ± 13.84  |  actor_loss: -0.0060  cost_loss: 1.3649  q_loss: 0.0019  reward_max: 0.4789  reward_mean: -0.0062  reward_min: -0.9887  state_cost_loss: 1.3652  value_loss: 0.1741
Step:   560000  |  score: 98.99 ± 21.50  |  actor_loss: 0.0555  cost_loss: 1.3605  q_loss: 0.0030  reward_max: 0.4070  reward_mean: -0.0125  reward_min: -1.5656  state_cost_loss: 1.3632  value_loss: 0.1597
Step:   570000  |  score: 89.26 ± 25.55  |  actor_loss: 0.0917  cost_loss: 1.3663  q_loss: 0.0014  reward_max: 0.4037  reward_mean: -0.0064  reward_min: -1.2034  state_cost_loss: 1.3673  value_loss: 0.1954
Step:   580000  |  score: 112.69 ± 1.49  |  actor_loss: 0.0571  cost_loss: 1.3632  q_loss: 0.0021  reward_max: 0.5126  reward_mean: -0.0139  reward_min: -1.9213  state_cost_loss: 1.3656  value_loss: 0.1930
Step:   590000  |  score: 95.55 ± 14.44  |  actor_loss: -0.1860  cost_loss: 1.3727  q_loss: 0.0014  reward_max: 0.5589  reward_mean: 0.0008  reward_min: -0.4667  state_cost_loss: 1.3726  value_loss: 0.2185
Step:   600000  |  score: 111.29 ± 1.58  |  actor_loss: -0.0002  cost_loss: 1.3668  q_loss: 0.0024  reward_max: 0.5696  reward_mean: -0.0042  reward_min: -1.5921  state_cost_loss: 1.3683  value_loss: 0.2229
Step:   610000  |  score: 108.78 ± 8.32  |  actor_loss: 0.1904  cost_loss: 1.3648  q_loss: 0.0024  reward_max: 0.5124  reward_mean: -0.0132  reward_min: -1.8058  state_cost_loss: 1.3696  value_loss: 0.2161
Step:   620000  |  score: 98.79 ± 23.00  |  actor_loss: -0.1323  cost_loss: 1.3730  q_loss: 0.0017  reward_max: 0.6350  reward_mean: -0.0006  reward_min: -0.9363  state_cost_loss: 1.3723  value_loss: 0.2351
Step:   630000  |  score: 89.71 ± 17.54  |  actor_loss: -0.0245  cost_loss: 1.3687  q_loss: 0.0011  reward_max: 0.5145  reward_mean: 0.0024  reward_min: -0.9734  state_cost_loss: 1.3689  value_loss: 0.2375
Step:   640000  |  score: 106.47 ± 11.51  |  actor_loss: 0.1702  cost_loss: 1.3652  q_loss: 0.0022  reward_max: 0.7031  reward_mean: -0.0027  reward_min: -0.7781  state_cost_loss: 1.3667  value_loss: 0.2318
Step:   650000  |  score: 104.74 ± 17.87  |  actor_loss: 0.0569  cost_loss: 1.3647  q_loss: 0.0021  reward_max: 0.4347  reward_mean: -0.0014  reward_min: -0.8054  state_cost_loss: 1.3657  value_loss: 0.2194
Step:   660000  |  score: 102.61 ± 14.46  |  actor_loss: -0.0212  cost_loss: 1.3633  q_loss: 0.0019  reward_max: 0.6565  reward_mean: -0.0075  reward_min: -1.7136  state_cost_loss: 1.3646  value_loss: 0.2461
Step:   670000  |  score: 103.30 ± 20.53  |  actor_loss: 0.1335  cost_loss: 1.3647  q_loss: 0.0012  reward_max: 0.5659  reward_mean: -0.0051  reward_min: -1.5771  state_cost_loss: 1.3664  value_loss: 0.2257
Step:   680000  |  score: 102.60 ± 15.40  |  actor_loss: -0.0385  cost_loss: 1.3718  q_loss: 0.0016  reward_max: 0.6430  reward_mean: -0.0049  reward_min: -0.8504  state_cost_loss: 1.3753  value_loss: 0.2410
Step:   690000  |  score: 111.50 ± 0.74  |  actor_loss: -0.0199  cost_loss: 1.3737  q_loss: 0.0014  reward_max: 0.4652  reward_mean: -0.0050  reward_min: -0.8716  state_cost_loss: 1.3759  value_loss: 0.2672
Step:   700000  |  score: 112.15 ± 1.88  |  actor_loss: -0.1081  cost_loss: 1.3720  q_loss: 0.0020  reward_max: 0.5733  reward_mean: -0.0022  reward_min: -1.0930  state_cost_loss: 1.3736  value_loss: 0.2482
Step:   710000  |  score: 105.48 ± 17.70  |  actor_loss: 0.0899  cost_loss: 1.3587  q_loss: 0.0028  reward_max: 0.4297  reward_mean: -0.0089  reward_min: -1.5072  state_cost_loss: 1.3610  value_loss: 0.2523
Step:   720000  |  score: 105.67 ± 9.56  |  actor_loss: -0.0021  cost_loss: 1.3604  q_loss: 0.0029  reward_max: 0.6044  reward_mean: -0.0031  reward_min: -0.8796  state_cost_loss: 1.3607  value_loss: 0.2567
Step:   730000  |  score: 103.58 ± 18.35  |  actor_loss: 0.0495  cost_loss: 1.3709  q_loss: 0.0020  reward_max: 0.5376  reward_mean: -0.0035  reward_min: -0.9841  state_cost_loss: 1.3708  value_loss: 0.2567
Step:   740000  |  score: 110.93 ± 1.41  |  actor_loss: -0.0378  cost_loss: 1.3707  q_loss: 0.0019  reward_max: 0.5652  reward_mean: -0.0030  reward_min: -0.8137  state_cost_loss: 1.3717  value_loss: 0.2600
Step:   750000  |  score: 100.25 ± 19.46  |  actor_loss: -0.0146  cost_loss: 1.3693  q_loss: 0.0014  reward_max: 0.4330  reward_mean: -0.0035  reward_min: -0.9313  state_cost_loss: 1.3701  value_loss: 0.2759
Step:   760000  |  score: 101.20 ± 19.87  |  actor_loss: 0.0793  cost_loss: 1.3640  q_loss: 0.0014  reward_max: 0.5809  reward_mean: -0.0063  reward_min: -0.9721  state_cost_loss: 1.3655  value_loss: 0.2711
Step:   770000  |  score: 108.05 ± 9.22  |  actor_loss: 0.1084  cost_loss: 1.3607  q_loss: 0.0028  reward_max: 0.6176  reward_mean: -0.0071  reward_min: -1.1627  state_cost_loss: 1.3611  value_loss: 0.2773
Step:   780000  |  score: 102.65 ± 23.95  |  actor_loss: -0.0199  cost_loss: 1.3706  q_loss: 0.0024  reward_max: 0.5023  reward_mean: -0.0095  reward_min: -1.5613  state_cost_loss: 1.3743  value_loss: 0.2803
Step:   790000  |  score: 101.08 ± 19.81  |  actor_loss: 0.0133  cost_loss: 1.3678  q_loss: 0.0017  reward_max: 0.3252  reward_mean: -0.0031  reward_min: -1.3214  state_cost_loss: 1.3700  value_loss: 0.2780
Step:   800000  |  score: 100.04 ± 17.98  |  actor_loss: 0.0345  cost_loss: 1.3603  q_loss: 0.0013  reward_max: 0.6371  reward_mean: -0.0056  reward_min: -1.6737  state_cost_loss: 1.3599  value_loss: 0.2786
Step:   810000  |  score: 111.67 ± 1.02  |  actor_loss: 0.1626  cost_loss: 1.3514  q_loss: 0.0032  reward_max: 0.5786  reward_mean: -0.0112  reward_min: -0.8447  state_cost_loss: 1.3536  value_loss: 0.2509
Step:   820000  |  score: 109.96 ± 2.89  |  actor_loss: -0.0747  cost_loss: 1.3659  q_loss: 0.0013  reward_max: 0.4960  reward_mean: -0.0017  reward_min: -1.3803  state_cost_loss: 1.3663  value_loss: 0.2974
Step:   830000  |  score: 90.78 ± 19.94  |  actor_loss: -0.0685  cost_loss: 1.3639  q_loss: 0.0021  reward_max: 0.4212  reward_mean: -0.0054  reward_min: -0.9218  state_cost_loss: 1.3654  value_loss: 0.2898
Step:   840000  |  score: 109.16 ± 4.41  |  actor_loss: 0.0095  cost_loss: 1.3640  q_loss: 0.0014  reward_max: 0.3734  reward_mean: -0.0034  reward_min: -0.9443  state_cost_loss: 1.3655  value_loss: 0.3047
Step:   850000  |  score: 111.89 ± 1.59  |  actor_loss: 0.2365  cost_loss: 1.3553  q_loss: 0.0022  reward_max: 0.3216  reward_mean: -0.0101  reward_min: -1.3837  state_cost_loss: 1.3587  value_loss: 0.2624
Step:   860000  |  score: 101.94 ± 14.07  |  actor_loss: 0.1477  cost_loss: 1.3583  q_loss: 0.0020  reward_max: 0.3456  reward_mean: -0.0064  reward_min: -0.6575  state_cost_loss: 1.3614  value_loss: 0.2752
Step:   870000  |  score: 111.90 ± 1.30  |  actor_loss: -0.0153  cost_loss: 1.3576  q_loss: 0.0035  reward_max: 0.4994  reward_mean: -0.0028  reward_min: -1.9537  state_cost_loss: 1.3580  value_loss: 0.3032
Step:   880000  |  score: 111.65 ± 1.17  |  actor_loss: 0.0467  cost_loss: 1.3630  q_loss: 0.0024  reward_max: 0.6238  reward_mean: -0.0080  reward_min: -1.4756  state_cost_loss: 1.3647  value_loss: 0.2916
Step:   890000  |  score: 93.24 ± 28.74  |  actor_loss: 0.0334  cost_loss: 1.3628  q_loss: 0.0025  reward_max: 0.5711  reward_mean: -0.0033  reward_min: -1.4501  state_cost_loss: 1.3644  value_loss: 0.2951
Step:   900000  |  score: 93.86 ± 25.16  |  actor_loss: -0.0715  cost_loss: 1.3732  q_loss: 0.0013  reward_max: 0.5274  reward_mean: 0.0088  reward_min: -0.7627  state_cost_loss: 1.3732  value_loss: 0.3081
Step:   910000  |  score: 100.57 ± 14.37  |  actor_loss: 0.1075  cost_loss: 1.3644  q_loss: 0.0019  reward_max: 0.2724  reward_mean: -0.0050  reward_min: -1.5483  state_cost_loss: 1.3645  value_loss: 0.2953
Step:   920000  |  score: 108.27 ± 10.21  |  actor_loss: 0.1623  cost_loss: 1.3576  q_loss: 0.0027  reward_max: 0.3718  reward_mean: -0.0087  reward_min: -0.7895  state_cost_loss: 1.3574  value_loss: 0.2848
Step:   930000  |  score: 111.32 ± 0.52  |  actor_loss: 0.0879  cost_loss: 1.3561  q_loss: 0.0016  reward_max: 0.3189  reward_mean: -0.0073  reward_min: -1.4351  state_cost_loss: 1.3583  value_loss: 0.2818
Step:   940000  |  score: 102.87 ± 24.16  |  actor_loss: -0.1253  cost_loss: 1.3687  q_loss: 0.0023  reward_max: 0.5199  reward_mean: -0.0015  reward_min: -0.7834  state_cost_loss: 1.3701  value_loss: 0.2972
Step:   950000  |  score: 85.54 ± 45.72  |  actor_loss: -0.0152  cost_loss: 1.3676  q_loss: 0.0024  reward_max: 0.4888  reward_mean: 0.0008  reward_min: -0.8644  state_cost_loss: 1.3673  value_loss: 0.2998
Step:   960000  |  score: 96.74 ± 25.86  |  actor_loss: 0.0298  cost_loss: 1.3603  q_loss: 0.0026  reward_max: 0.3280  reward_mean: -0.0105  reward_min: -2.0216  state_cost_loss: 1.3637  value_loss: 0.2903
Step:   970000  |  score: 109.55 ± 3.81  |  actor_loss: -0.1002  cost_loss: 1.3647  q_loss: 0.0015  reward_max: 0.5279  reward_mean: 0.0019  reward_min: -0.7404  state_cost_loss: 1.3665  value_loss: 0.2846
Step:   980000  |  score: 107.25 ± 11.47  |  actor_loss: 0.1167  cost_loss: 1.3655  q_loss: 0.0018  reward_max: 0.4836  reward_mean: -0.0039  reward_min: -0.8135  state_cost_loss: 1.3657  value_loss: 0.3056
Step:   990000  |  score: 105.00 ± 9.43  |  actor_loss: 0.0621  cost_loss: 1.3635  q_loss: 0.0020  reward_max: 0.6089  reward_mean: -0.0023  reward_min: -1.3362  state_cost_loss: 1.3627  value_loss: 0.2911
Step:  1000000  |  score: 110.53 ± 5.24  |  actor_loss: -0.0165  cost_loss: 1.3653  q_loss: 0.0016  reward_max: 0.5232  reward_mean: -0.0043  reward_min: -0.6645  state_cost_loss: 1.3657  value_loss: 0.3209
Step:  1010000  |  score: 109.48 ± 3.41  |  actor_loss: -0.0053  cost_loss: 1.3678  q_loss: 0.0015  reward_max: 0.5631  reward_mean: -0.0049  reward_min: -1.5806  state_cost_loss: 1.3683  value_loss: 0.3322
Step:  1020000  |  score: 112.15 ± 1.76  |  actor_loss: 0.0644  cost_loss: 1.3607  q_loss: 0.0017  reward_max: 0.7073  reward_mean: -0.0041  reward_min: -1.4979  state_cost_loss: 1.3601  value_loss: 0.3123
Step:  1030000  |  score: 94.03 ± 20.76  |  actor_loss: 0.0662  cost_loss: 1.3539  q_loss: 0.0019  reward_max: 0.5052  reward_mean: -0.0076  reward_min: -1.2572  state_cost_loss: 1.3551  value_loss: 0.2955
Step:  1040000  |  score: 108.60 ± 9.46  |  actor_loss: -0.1365  cost_loss: 1.3643  q_loss: 0.0014  reward_max: 0.4828  reward_mean: -0.0039  reward_min: -1.2618  state_cost_loss: 1.3642  value_loss: 0.3289
Step:  1050000  |  score: 112.01 ± 1.09  |  actor_loss: 0.1217  cost_loss: 1.3645  q_loss: 0.0022  reward_max: 0.6405  reward_mean: -0.0019  reward_min: -0.9117  state_cost_loss: 1.3647  value_loss: 0.3193
Step:  1060000  |  score: 109.36 ± 4.11  |  actor_loss: -0.0589  cost_loss: 1.3602  q_loss: 0.0022  reward_max: 0.5740  reward_mean: -0.0032  reward_min: -0.9212  state_cost_loss: 1.3599  value_loss: 0.3000
Step:  1070000  |  score: 109.41 ± 5.35  |  actor_loss: -0.0785  cost_loss: 1.3616  q_loss: 0.0026  reward_max: 0.4355  reward_mean: -0.0048  reward_min: -0.9699  state_cost_loss: 1.3616  value_loss: 0.3194
Step:  1080000  |  score: 103.01 ± 14.77  |  actor_loss: -0.0263  cost_loss: 1.3655  q_loss: 0.0020  reward_max: 0.4333  reward_mean: -0.0142  reward_min: -1.4489  state_cost_loss: 1.3685  value_loss: 0.3120
Step:  1090000  |  score: 100.82 ± 20.39  |  actor_loss: 0.0890  cost_loss: 1.3573  q_loss: 0.0016  reward_max: 0.4012  reward_mean: -0.0004  reward_min: -1.0820  state_cost_loss: 1.3583  value_loss: 0.3265
Step:  1100000  |  score: 101.84 ± 18.52  |  actor_loss: -0.1059  cost_loss: 1.3643  q_loss: 0.0019  reward_max: 0.3571  reward_mean: -0.0041  reward_min: -0.6028  state_cost_loss: 1.3662  value_loss: 0.3097
Step:  1110000  |  score: 103.99 ± 16.40  |  actor_loss: -0.0867  cost_loss: 1.3694  q_loss: 0.0017  reward_max: 0.5165  reward_mean: 0.0031  reward_min: -0.7095  state_cost_loss: 1.3682  value_loss: 0.3254
Step:  1120000  |  score: 87.11 ± 33.97  |  actor_loss: 0.0970  cost_loss: 1.3607  q_loss: 0.0035  reward_max: 0.4490  reward_mean: -0.0034  reward_min: -1.3847  state_cost_loss: 1.3629  value_loss: 0.3254
Step:  1130000  |  score: 110.16 ± 3.54  |  actor_loss: -0.0492  cost_loss: 1.3760  q_loss: 0.0017  reward_max: 0.4340  reward_mean: -0.0016  reward_min: -0.5370  state_cost_loss: 1.3757  value_loss: 0.3332
Step:  1140000  |  score: 104.59 ± 11.80  |  actor_loss: -0.0220  cost_loss: 1.3632  q_loss: 0.0022  reward_max: 0.4270  reward_mean: -0.0022  reward_min: -1.6194  state_cost_loss: 1.3619  value_loss: 0.3183
Step:  1150000  |  score: 101.89 ± 17.81  |  actor_loss: -0.0966  cost_loss: 1.3687  q_loss: 0.0020  reward_max: 0.5767  reward_mean: -0.0013  reward_min: -1.4992  state_cost_loss: 1.3687  value_loss: 0.3562
Step:  1160000  |  score: 103.47 ± 20.59  |  actor_loss: 0.0674  cost_loss: 1.3573  q_loss: 0.0019  reward_max: 0.5262  reward_mean: -0.0070  reward_min: -1.4850  state_cost_loss: 1.3592  value_loss: 0.3298
Step:  1170000  |  score: 81.83 ± 17.09  |  actor_loss: -0.0812  cost_loss: 1.3654  q_loss: 0.0012  reward_max: 0.1656  reward_mean: -0.0092  reward_min: -1.5354  state_cost_loss: 1.3681  value_loss: 0.3216
Step:  1180000  |  score: 94.10 ± 21.17  |  actor_loss: -0.0289  cost_loss: 1.3683  q_loss: 0.0022  reward_max: 0.3693  reward_mean: -0.0065  reward_min: -1.3708  state_cost_loss: 1.3718  value_loss: 0.3282
Step:  1190000  |  score: 107.14 ± 13.45  |  actor_loss: -0.0844  cost_loss: 1.3641  q_loss: 0.0010  reward_max: 0.5870  reward_mean: -0.0083  reward_min: -1.3580  state_cost_loss: 1.3644  value_loss: 0.3508
Step:  1200000  |  score: 110.19 ± 4.96  |  actor_loss: 0.1318  cost_loss: 1.3593  q_loss: 0.0022  reward_max: 0.5566  reward_mean: -0.0025  reward_min: -1.0295  state_cost_loss: 1.3610  value_loss: 0.3356
Step:  1210000  |  score: 107.81 ± 8.90  |  actor_loss: -0.0595  cost_loss: 1.3610  q_loss: 0.0022  reward_max: 0.6996  reward_mean: -0.0035  reward_min: -0.8742  state_cost_loss: 1.3597  value_loss: 0.3148
Step:  1220000  |  score: 89.12 ± 40.86  |  actor_loss: -0.2312  cost_loss: 1.3649  q_loss: 0.0021  reward_max: 0.6506  reward_mean: -0.0045  reward_min: -1.4079  state_cost_loss: 1.3662  value_loss: 0.3387
Step:  1230000  |  score: 99.76 ± 24.48  |  actor_loss: 0.0551  cost_loss: 1.3679  q_loss: 0.0013  reward_max: 0.4298  reward_mean: -0.0001  reward_min: -0.4791  state_cost_loss: 1.3687  value_loss: 0.3449
Step:  1240000  |  score: 98.21 ± 17.24  |  actor_loss: 0.0455  cost_loss: 1.3465  q_loss: 0.0019  reward_max: 0.7022  reward_mean: -0.0047  reward_min: -1.5109  state_cost_loss: 1.3483  value_loss: 0.3460
Step:  1250000  |  score: 108.98 ± 6.99  |  actor_loss: -0.0186  cost_loss: 1.3666  q_loss: 0.0015  reward_max: 0.3277  reward_mean: -0.0030  reward_min: -1.3849  state_cost_loss: 1.3687  value_loss: 0.3489
Step:  1260000  |  score: 101.87 ± 19.03  |  actor_loss: -0.1258  cost_loss: 1.3662  q_loss: 0.0020  reward_max: 0.3287  reward_mean: -0.0062  reward_min: -0.9180  state_cost_loss: 1.3676  value_loss: 0.3636
Step:  1270000  |  score: 107.20 ± 7.44  |  actor_loss: -0.0696  cost_loss: 1.3647  q_loss: 0.0019  reward_max: 0.5506  reward_mean: -0.0072  reward_min: -1.2899  state_cost_loss: 1.3659  value_loss: 0.3411
Step:  1280000  |  score: 111.92 ± 1.34  |  actor_loss: -0.1796  cost_loss: 1.3717  q_loss: 0.0021  reward_max: 0.5640  reward_mean: -0.0028  reward_min: -0.9487  state_cost_loss: 1.3716  value_loss: 0.3484
Step:  1290000  |  score: 112.03 ± 1.50  |  actor_loss: -0.0431  cost_loss: 1.3653  q_loss: 0.0016  reward_max: 0.6750  reward_mean: -0.0079  reward_min: -1.3255  state_cost_loss: 1.3684  value_loss: 0.3575
Step:  1300000  |  score: 99.63 ± 15.53  |  actor_loss: 0.0818  cost_loss: 1.3610  q_loss: 0.0018  reward_max: 0.8907  reward_mean: -0.0128  reward_min: -1.2026  state_cost_loss: 1.3638  value_loss: 0.3394
Step:  1310000  |  score: 99.33 ± 18.10  |  actor_loss: 0.0409  cost_loss: 1.3715  q_loss: 0.0012  reward_max: 0.3719  reward_mean: -0.0031  reward_min: -0.6724  state_cost_loss: 1.3729  value_loss: 0.3609
Step:  1320000  |  score: 107.88 ± 10.62  |  actor_loss: -0.1744  cost_loss: 1.3685  q_loss: 0.0018  reward_max: 0.4123  reward_mean: -0.0007  reward_min: -0.9257  state_cost_loss: 1.3689  value_loss: 0.3578
Step:  1330000  |  score: 102.91 ± 11.87  |  actor_loss: -0.0544  cost_loss: 1.3689  q_loss: 0.0017  reward_max: 0.6015  reward_mean: 0.0001  reward_min: -0.9110  state_cost_loss: 1.3706  value_loss: 0.3526
Step:  1340000  |  score: 110.47 ± 2.53  |  actor_loss: 0.1137  cost_loss: 1.3480  q_loss: 0.0017  reward_max: 0.6304  reward_mean: -0.0144  reward_min: -1.5398  state_cost_loss: 1.3520  value_loss: 0.3522
Step:  1350000  |  score: 108.06 ± 9.96  |  actor_loss: -0.0136  cost_loss: 1.3647  q_loss: 0.0016  reward_max: 0.4686  reward_mean: -0.0057  reward_min: -0.9184  state_cost_loss: 1.3676  value_loss: 0.3566
Step:  1360000  |  score: 71.06 ± 23.15  |  actor_loss: 0.0604  cost_loss: 1.3635  q_loss: 0.0023  reward_max: 0.7145  reward_mean: -0.0056  reward_min: -0.9092  state_cost_loss: 1.3650  value_loss: 0.3670
Step:  1370000  |  score: 111.40 ± 0.44  |  actor_loss: -0.2221  cost_loss: 1.3719  q_loss: 0.0020  reward_max: 0.7008  reward_mean: -0.0028  reward_min: -0.6045  state_cost_loss: 1.3718  value_loss: 0.3576
Step:  1380000  |  score: 111.49 ± 0.85  |  actor_loss: 0.0495  cost_loss: 1.3545  q_loss: 0.0017  reward_max: 0.6212  reward_mean: 0.0007  reward_min: -1.3024  state_cost_loss: 1.3568  value_loss: 0.3559
Step:  1390000  |  score: 108.66 ± 8.94  |  actor_loss: 0.0627  cost_loss: 1.3679  q_loss: 0.0020  reward_max: 0.3785  reward_mean: -0.0129  reward_min: -0.9898  state_cost_loss: 1.3723  value_loss: 0.3542
Step:  1400000  |  score: 111.04 ± 3.45  |  actor_loss: -0.2730  cost_loss: 1.3674  q_loss: 0.0016  reward_max: 0.4225  reward_mean: -0.0046  reward_min: -1.1535  state_cost_loss: 1.3705  value_loss: 0.3458
Step:  1410000  |  score: 110.23 ± 2.41  |  actor_loss: -0.0992  cost_loss: 1.3622  q_loss: 0.0014  reward_max: 0.3212  reward_mean: -0.0023  reward_min: -0.7455  state_cost_loss: 1.3622  value_loss: 0.3704
Step:  1420000  |  score: 95.45 ± 21.04  |  actor_loss: -0.0379  cost_loss: 1.3637  q_loss: 0.0019  reward_max: 0.4311  reward_mean: -0.0029  reward_min: -1.1565  state_cost_loss: 1.3669  value_loss: 0.3381
Step:  1430000  |  score: 105.48 ± 16.72  |  actor_loss: -0.2144  cost_loss: 1.3705  q_loss: 0.0014  reward_max: 0.3572  reward_mean: -0.0042  reward_min: -0.4420  state_cost_loss: 1.3729  value_loss: 0.3634
Step:  1440000  |  score: 112.15 ± 2.08  |  actor_loss: 0.0465  cost_loss: 1.3667  q_loss: 0.0019  reward_max: 0.5763  reward_mean: -0.0017  reward_min: -0.9278  state_cost_loss: 1.3675  value_loss: 0.3528
Step:  1450000  |  score: 111.66 ± 0.88  |  actor_loss: 0.0806  cost_loss: 1.3597  q_loss: 0.0021  reward_max: 0.5898  reward_mean: -0.0006  reward_min: -1.1041  state_cost_loss: 1.3598  value_loss: 0.3562
Step:  1460000  |  score: 106.44 ± 13.16  |  actor_loss: -0.1064  cost_loss: 1.3619  q_loss: 0.0017  reward_max: 0.5761  reward_mean: -0.0010  reward_min: -0.8142  state_cost_loss: 1.3618  value_loss: 0.3917
Step:  1470000  |  score: 111.03 ± 0.36  |  actor_loss: -0.1414  cost_loss: 1.3670  q_loss: 0.0010  reward_max: 0.5245  reward_mean: -0.0042  reward_min: -1.3540  state_cost_loss: 1.3677  value_loss: 0.3547
Step:  1480000  |  score: 111.64 ± 1.65  |  actor_loss: 0.0207  cost_loss: 1.3654  q_loss: 0.0013  reward_max: 0.1585  reward_mean: -0.0075  reward_min: -0.8235  state_cost_loss: 1.3650  value_loss: 0.3736
Step:  1490000  |  score: 111.91 ± 1.02  |  actor_loss: -0.1622  cost_loss: 1.3644  q_loss: 0.0015  reward_max: 0.3652  reward_mean: -0.0044  reward_min: -0.8554  state_cost_loss: 1.3645  value_loss: 0.3405
Step:  1500000  |  score: 96.31 ± 26.41  |  actor_loss: -0.0183  cost_loss: 1.3623  q_loss: 0.0016  reward_max: 0.5198  reward_mean: -0.0096  reward_min: -1.4405  state_cost_loss: 1.3652  value_loss: 0.3413
Step:  1510000  |  score: 95.71 ± 36.30  |  actor_loss: 0.0450  cost_loss: 1.3571  q_loss: 0.0025  reward_max: 0.5215  reward_mean: -0.0088  reward_min: -1.5171  state_cost_loss: 1.3574  value_loss: 0.3543
Step:  1520000  |  score: 86.34 ± 23.16  |  actor_loss: 0.0658  cost_loss: 1.3610  q_loss: 0.0026  reward_max: 0.4612  reward_mean: 0.0033  reward_min: -0.7469  state_cost_loss: 1.3612  value_loss: 0.3669
Step:  1530000  |  score: 111.61 ± 1.97  |  actor_loss: 0.0665  cost_loss: 1.3651  q_loss: 0.0019  reward_max: 0.3042  reward_mean: -0.0140  reward_min: -1.4309  state_cost_loss: 1.3695  value_loss: 0.3599
Step:  1540000  |  score: 105.46 ± 11.11  |  actor_loss: -0.0646  cost_loss: 1.3634  q_loss: 0.0018  reward_max: 0.3465  reward_mean: 0.0024  reward_min: -0.4578  state_cost_loss: 1.3635  value_loss: 0.3706
Step:  1550000  |  score: 90.28 ± 24.88  |  actor_loss: 0.1207  cost_loss: 1.3598  q_loss: 0.0015  reward_max: 0.5838  reward_mean: -0.0010  reward_min: -1.0948  state_cost_loss: 1.3620  value_loss: 0.3705
Step:  1560000  |  score: 111.44 ± 0.70  |  actor_loss: -0.1019  cost_loss: 1.3667  q_loss: 0.0023  reward_max: 0.5366  reward_mean: -0.0019  reward_min: -0.7691  state_cost_loss: 1.3688  value_loss: 0.3493
Step:  1570000  |  score: 104.81 ± 15.89  |  actor_loss: -0.1535  cost_loss: 1.3687  q_loss: 0.0025  reward_max: 0.4261  reward_mean: 0.0015  reward_min: -0.6782  state_cost_loss: 1.3678  value_loss: 0.3795
Step:  1580000  |  score: 105.31 ± 16.58  |  actor_loss: -0.0954  cost_loss: 1.3633  q_loss: 0.0017  reward_max: 0.3975  reward_mean: 0.0028  reward_min: -0.9249  state_cost_loss: 1.3626  value_loss: 0.3747
Step:  1590000  |  score: 100.22 ± 16.24  |  actor_loss: -0.1394  cost_loss: 1.3645  q_loss: 0.0014  reward_max: 0.5924  reward_mean: -0.0114  reward_min: -1.2476  state_cost_loss: 1.3661  value_loss: 0.3802
Step:  1600000  |  score: 99.18 ± 20.59  |  actor_loss: -0.0675  cost_loss: 1.3607  q_loss: 0.0019  reward_max: 0.6374  reward_mean: -0.0027  reward_min: -0.3908  state_cost_loss: 1.3607  value_loss: 0.3800
Step:  1610000  |  score: 106.82 ± 13.34  |  actor_loss: 0.0494  cost_loss: 1.3664  q_loss: 0.0017  reward_max: 0.5902  reward_mean: -0.0057  reward_min: -1.2987  state_cost_loss: 1.3674  value_loss: 0.3649
Step:  1620000  |  score: 111.17 ± 2.19  |  actor_loss: 0.1179  cost_loss: 1.3642  q_loss: 0.0012  reward_max: 0.2127  reward_mean: 0.0016  reward_min: -0.6227  state_cost_loss: 1.3635  value_loss: 0.3973
Step:  1630000  |  score: 103.08 ± 23.97  |  actor_loss: 0.0002  cost_loss: 1.3638  q_loss: 0.0022  reward_max: 0.3575  reward_mean: -0.0142  reward_min: -1.6109  state_cost_loss: 1.3682  value_loss: 0.3806
Step:  1640000  |  score: 100.08 ± 24.04  |  actor_loss: -0.2229  cost_loss: 1.3685  q_loss: 0.0018  reward_max: 0.3711  reward_mean: -0.0011  reward_min: -0.6724  state_cost_loss: 1.3683  value_loss: 0.3994
Step:  1650000  |  score: 100.28 ± 21.03  |  actor_loss: -0.1312  cost_loss: 1.3704  q_loss: 0.0018  reward_max: 0.4923  reward_mean: -0.0101  reward_min: -1.6703  state_cost_loss: 1.3716  value_loss: 0.3901
Step:  1660000  |  score: 112.08 ± 0.50  |  actor_loss: 0.0087  cost_loss: 1.3690  q_loss: 0.0014  reward_max: 0.3700  reward_mean: -0.0047  reward_min: -0.9531  state_cost_loss: 1.3705  value_loss: 0.3847
Step:  1670000  |  score: 111.73 ± 1.27  |  actor_loss: -0.1146  cost_loss: 1.3660  q_loss: 0.0014  reward_max: 0.4292  reward_mean: -0.0028  reward_min: -0.8316  state_cost_loss: 1.3690  value_loss: 0.3676
Step:  1680000  |  score: 94.97 ± 24.28  |  actor_loss: -0.0634  cost_loss: 1.3605  q_loss: 0.0019  reward_max: 0.4278  reward_mean: -0.0054  reward_min: -0.6853  state_cost_loss: 1.3606  value_loss: 0.3740
Step:  1690000  |  score: 111.63 ± 0.94  |  actor_loss: -0.0849  cost_loss: 1.3677  q_loss: 0.0013  reward_max: 0.3582  reward_mean: -0.0032  reward_min: -1.1788  state_cost_loss: 1.3693  value_loss: 0.3683
Step:  1700000  |  score: 111.92 ± 0.82  |  actor_loss: 0.1907  cost_loss: 1.3529  q_loss: 0.0022  reward_max: 0.7160  reward_mean: 0.0002  reward_min: -0.6969  state_cost_loss: 1.3534  value_loss: 0.3866
Step:  1710000  |  score: 106.67 ± 7.70  |  actor_loss: -0.1139  cost_loss: 1.3603  q_loss: 0.0014  reward_max: 0.6347  reward_mean: 0.0051  reward_min: -0.6176  state_cost_loss: 1.3580  value_loss: 0.4057
Step:  1720000  |  score: 111.43 ± 0.39  |  actor_loss: 0.0118  cost_loss: 1.3589  q_loss: 0.0026  reward_max: 0.5711  reward_mean: -0.0030  reward_min: -1.6890  state_cost_loss: 1.3614  value_loss: 0.3754
Step:  1730000  |  score: 105.04 ± 15.88  |  actor_loss: 0.0225  cost_loss: 1.3606  q_loss: 0.0016  reward_max: 0.3758  reward_mean: -0.0053  reward_min: -1.1897  state_cost_loss: 1.3612  value_loss: 0.3647
Step:  1740000  |  score: 111.95 ± 0.46  |  actor_loss: -0.1849  cost_loss: 1.3742  q_loss: 0.0012  reward_max: 0.5003  reward_mean: 0.0026  reward_min: -1.0087  state_cost_loss: 1.3738  value_loss: 0.3923
Step:  1750000  |  score: 104.44 ± 18.35  |  actor_loss: -0.0947  cost_loss: 1.3622  q_loss: 0.0020  reward_max: 0.4854  reward_mean: -0.0066  reward_min: -1.1938  state_cost_loss: 1.3621  value_loss: 0.3684
Step:  1760000  |  score: 111.55 ± 0.88  |  actor_loss: 0.0696  cost_loss: 1.3605  q_loss: 0.0015  reward_max: 0.2981  reward_mean: -0.0077  reward_min: -1.1218  state_cost_loss: 1.3623  value_loss: 0.3779
Step:  1770000  |  score: 101.45 ± 23.32  |  actor_loss: 0.0968  cost_loss: 1.3564  q_loss: 0.0022  reward_max: 0.6464  reward_mean: -0.0100  reward_min: -0.9835  state_cost_loss: 1.3592  value_loss: 0.3598
Step:  1780000  |  score: 108.38 ± 9.45  |  actor_loss: 0.0161  cost_loss: 1.3580  q_loss: 0.0024  reward_max: 0.2694  reward_mean: -0.0075  reward_min: -0.9718  state_cost_loss: 1.3608  value_loss: 0.3692
Step:  1790000  |  score: 97.54 ± 22.65  |  actor_loss: 0.0186  cost_loss: 1.3610  q_loss: 0.0020  reward_max: 0.6917  reward_mean: -0.0033  reward_min: -0.6961  state_cost_loss: 1.3616  value_loss: 0.4005
Step:  1800000  |  score: 109.49 ± 5.52  |  actor_loss: -0.0675  cost_loss: 1.3702  q_loss: 0.0013  reward_max: 0.2761  reward_mean: -0.0030  reward_min: -0.7013  state_cost_loss: 1.3718  value_loss: 0.4063
Step:  1810000  |  score: 112.24 ± 0.79  |  actor_loss: 0.0208  cost_loss: 1.3608  q_loss: 0.0021  reward_max: 0.4318  reward_mean: -0.0092  reward_min: -1.5964  state_cost_loss: 1.3638  value_loss: 0.3672
Step:  1820000  |  score: 104.18 ± 20.85  |  actor_loss: -0.1475  cost_loss: 1.3639  q_loss: 0.0020  reward_max: 0.4695  reward_mean: -0.0015  reward_min: -0.6507  state_cost_loss: 1.3661  value_loss: 0.3990
Step:  1830000  |  score: 98.28 ± 24.59  |  actor_loss: -0.0985  cost_loss: 1.3667  q_loss: 0.0016  reward_max: 0.6243  reward_mean: 0.0013  reward_min: -0.8196  state_cost_loss: 1.3689  value_loss: 0.4132
Step:  1840000  |  score: 109.70 ± 2.84  |  actor_loss: -0.1992  cost_loss: 1.3606  q_loss: 0.0017  reward_max: 0.5249  reward_mean: -0.0037  reward_min: -1.2644  state_cost_loss: 1.3612  value_loss: 0.4026
Step:  1850000  |  score: 98.39 ± 34.50  |  actor_loss: -0.0737  cost_loss: 1.3621  q_loss: 0.0013  reward_max: 0.5362  reward_mean: -0.0076  reward_min: -1.5247  state_cost_loss: 1.3668  value_loss: 0.3741
Step:  1860000  |  score: 99.36 ± 20.53  |  actor_loss: 0.0373  cost_loss: 1.3671  q_loss: 0.0011  reward_max: 0.3737  reward_mean: -0.0017  reward_min: -1.2581  state_cost_loss: 1.3688  value_loss: 0.3963
Step:  1870000  |  score: 109.20 ± 6.37  |  actor_loss: 0.1638  cost_loss: 1.3610  q_loss: 0.0022  reward_max: 0.4305  reward_mean: -0.0041  reward_min: -1.3226  state_cost_loss: 1.3632  value_loss: 0.3784
Step:  1880000  |  score: 107.31 ± 10.39  |  actor_loss: -0.0654  cost_loss: 1.3687  q_loss: 0.0015  reward_max: 0.3450  reward_mean: -0.0063  reward_min: -1.9708  state_cost_loss: 1.3740  value_loss: 0.4026
Step:  1890000  |  score: 111.38 ± 0.89  |  actor_loss: -0.2271  cost_loss: 1.3762  q_loss: 0.0012  reward_max: 0.6012  reward_mean: 0.0032  reward_min: -0.3945  state_cost_loss: 1.3769  value_loss: 0.4203
Step:  1900000  |  score: 104.66 ± 18.82  |  actor_loss: 0.0619  cost_loss: 1.3549  q_loss: 0.0014  reward_max: 0.5357  reward_mean: -0.0044  reward_min: -1.0166  state_cost_loss: 1.3559  value_loss: 0.3958
Step:  1910000  |  score: 110.45 ± 1.36  |  actor_loss: -0.1030  cost_loss: 1.3653  q_loss: 0.0024  reward_max: 0.5910  reward_mean: -0.0027  reward_min: -1.1697  state_cost_loss: 1.3687  value_loss: 0.4205
Step:  1920000  |  score: 107.75 ± 10.84  |  actor_loss: 0.0147  cost_loss: 1.3606  q_loss: 0.0031  reward_max: 0.5434  reward_mean: -0.0022  reward_min: -0.8383  state_cost_loss: 1.3609  value_loss: 0.3835
Step:  1930000  |  score: 105.70 ± 15.07  |  actor_loss: -0.1853  cost_loss: 1.3702  q_loss: 0.0013  reward_max: 0.4230  reward_mean: -0.0008  reward_min: -0.7492  state_cost_loss: 1.3722  value_loss: 0.4035
Step:  1940000  |  score: 109.94 ± 8.24  |  actor_loss: -0.0062  cost_loss: 1.3614  q_loss: 0.0015  reward_max: 0.5065  reward_mean: -0.0072  reward_min: -1.0211  state_cost_loss: 1.3641  value_loss: 0.4021
Step:  1950000  |  score: 106.68 ± 12.67  |  actor_loss: -0.0812  cost_loss: 1.3646  q_loss: 0.0015  reward_max: 0.4009  reward_mean: -0.0045  reward_min: -1.0709  state_cost_loss: 1.3663  value_loss: 0.4120
Step:  1960000  |  score: 92.68 ± 24.12  |  actor_loss: -0.0395  cost_loss: 1.3662  q_loss: 0.0016  reward_max: 0.5560  reward_mean: -0.0041  reward_min: -1.5807  state_cost_loss: 1.3680  value_loss: 0.4193
Step:  1970000  |  score: 89.50 ± 18.47  |  actor_loss: -0.1769  cost_loss: 1.3602  q_loss: 0.0019  reward_max: 0.2679  reward_mean: -0.0055  reward_min: -1.1231  state_cost_loss: 1.3622  value_loss: 0.4171
Step:  1980000  |  score: 97.86 ± 25.37  |  actor_loss: -0.1847  cost_loss: 1.3707  q_loss: 0.0011  reward_max: 0.4313  reward_mean: -0.0016  reward_min: -0.7786  state_cost_loss: 1.3706  value_loss: 0.4316
Step:  1990000  |  score: 111.79 ± 1.97  |  actor_loss: -0.0738  cost_loss: 1.3623  q_loss: 0.0019  reward_max: 0.9726  reward_mean: -0.0083  reward_min: -1.5948  state_cost_loss: 1.3661  value_loss: 0.3978
Step:  2000000  |  score: 109.28 ± 7.08  |  actor_loss: 0.0630  cost_loss: 1.3642  q_loss: 0.0013  reward_max: 0.6318  reward_mean: -0.0020  reward_min: -0.7869  state_cost_loss: 1.3659  value_loss: 0.4379
Final evaluation (13 iterations)...
Final score: 106.69 ± 13.01
wandb: WARNING Symlinked 1 file into the W&B run directory; call wandb.save again to sync new files.
wandb: updating run metadata
wandb: uploading final_returns/cdemodice_hopper-expert-v2_2026-03-18_14-19-26.npz; uploading output.log; uploading wandb-summary.json; uploading config.yaml
wandb: uploading final_returns/cdemodice_hopper-expert-v2_2026-03-18_14-19-26.npz; uploading output.log
wandb: uploading summary, console lines 214-215
wandb: 
wandb: Run history:
wandb:  actor_loss █▆▆▅▇▆▄▃▄▄▃▄▅▃▃▂▃▃▄▅▄▃▄▂▂▂▄▄▃▄▄▄▄▃▂▁▂▄▂▄
wandb:   cost_loss ▆▅▆█▅▂▄▃▂▄▂▃▅▄▅▆▂▃▆▆▃▄▄▄▂▃▅▅▃▅▅▅▅▄▄▅▁▃▅▆
wandb: num_updates ▁▁▁▁▁▂▂▂▂▃▃▃▃▄▄▄▄▄▄▄▅▅▅▅▅▆▆▆▆▆▆▇▇▇▇▇████
wandb:      q_loss ▇▇█▇▆▇▅▇▅▇▃▄▅▂▄▆▄▃▆▅▂▂▃▄▂▁▃▃▃▄▅▃▁▃▁▄▂▂▂▁
wandb:      return ▁▁▆▅▅▅▇▆▅▇█▇▇▇▇█▇█▇███▇▇▇█▇██▇███▇▇█████
wandb:  reward_max ▁▄▂▂▄▂▄▃▄▂▅▃▄▅▆▃▅▄▄▄▅▄▄▅▃▃▄▄▃▃▄▅▂▃▅▃▅▄▃█
wandb: reward_mean ▄▁▂▃▄▃▅▄▄▃▅▄▅█▄▆▄▄▃▄▂▃▅▅▆▅▂▅▅▂▅▃▃▃▅▄▃▅▄▄
wandb:  reward_min ▇▆█▅▁▃▅▁▃▃▄▄▂▃▆▂▅▄▃▁▅▂▅▃▃▅▃▆▅▅▃█▆▁▆▄▅▃▂▂
wandb:       score ▁▂▂▆▂▆▆▆▇▆▅▇▇▇█▆█▇▆▇▆▇▇█▇▇█▃█████▇██▇▆██
wandb:   score_std ▇▆▄▃█▂▆▇▅▆▁▆▇▁▃▆▅▇█▂▂▅▂▄▆▃▁▆▁▂█▇▁▆▇▆▇▂▃▆
wandb:          +2 ...
wandb: 
wandb: Run summary:
wandb:  actor_loss 0.06298
wandb:   cost_loss 1.36424
wandb: num_updates 2000000
wandb:      q_loss 0.00126
wandb:      return 3536.21177
wandb:  reward_max 0.63176
wandb: reward_mean -0.00202
wandb:  reward_min -0.78694
wandb:       score 109.27654
wandb:   score_std 7.07844
wandb:          +2 ...
wandb: 
wandb: 🚀 View run cdemodice_hopper_M4_s4 at: https://wandb.ai/wsk208/DemoDICE/runs/2kgu360s
wandb: ⭐️ View project at: https://wandb.ai/wsk208/DemoDICE
wandb: Synced 5 W&B file(s), 0 media file(s), 0 artifact file(s) and 1 other file(s)
wandb: Find logs at: ./wandb/run-20260318_134714-2kgu360s/logs
