Warning: All of online environments libraries in D4RL have been moved ]8;;https://github.com/Farama-Foundation/Gymnasium\Gymnasium]8;;\, ]8;;https://github.com/Farama-Foundation/MiniGrid\MiniGrid]8;;\ and ]8;;https://github.com/Farama-Foundation/Gymnasium-Robotics\Gymnasium-Robotics]8;;\, and all offline datasets in D4RL have been moved to ]8;;https://github.com/Farama-Foundation/Minari\Minari]8;;\.
These new versions include large bug fixes, new versions of Python, and are where all new development will continue. Please upgrade these libraries as soon as you're able to do so.
If you'd like to read more about the story behind this switch, please check out ]8;;https://farama.org/Announcing-Minari\this blog post]8;;\.
Gym has been unmaintained since 2022 and does not support NumPy 2.0 amongst other critical functionality.
Please upgrade to Gymnasium, the maintained drop-in replacement of Gym, or contact the authors of your software and request that they upgrade.
See the migration guide at https://gymnasium.farama.org/introduction/migration_guide/ for additional information.
/opt/venv/lib/python3.10/site-packages/Cython/Distutils/old_build_ext.py:15: DeprecationWarning: dep_util is Deprecated. Use functions from setuptools instead.
  from distutils.dep_util import newer, newer_group
<frozen importlib._bootstrap>:283: DeprecationWarning: the load_module() method is deprecated and slated for removal in Python 3.12; use exec_module() instead
pybullet build time: Jan 29 2025 23:16:28
wandb: [wandb.login()] Loaded credentials for https://api.wandb.ai from /root/.netrc.
wandb: Currently logged in as: wsk208 to https://api.wandb.ai. Use `wandb login --relogin` to force relogin
/opt/venv/lib/python3.10/site-packages/wandb/analytics/sentry.py:268: DeprecationWarning: Read the `app_url` setting from the appropriate Settings object.
  app_url = wandb.util.app_url(tags["base_url"])  # type: ignore[index]
/opt/venv/lib/python3.10/site-packages/wandb/analytics/sentry.py:279: DeprecationWarning: The `Scope.user` setter is deprecated in favor of `Scope.set_user()`.
  self.scope.user = {"email": email}
wandb: setting up run 9fo5rwg0
/opt/venv/lib/python3.10/site-packages/wandb/analytics/sentry.py:268: DeprecationWarning: Read the `app_url` setting from the appropriate Settings object.
  app_url = wandb.util.app_url(tags["base_url"])  # type: ignore[index]
/opt/venv/lib/python3.10/site-packages/wandb/analytics/sentry.py:279: DeprecationWarning: The `Scope.user` setter is deprecated in favor of `Scope.set_user()`.
  self.scope.user = {"email": email}
wandb: Tracking run with wandb version 0.25.1
wandb: Run data is saved locally in /app/wandb/run-20260318_124239-9fo5rwg0
wandb: Run `wandb offline` to turn off syncing.
wandb: Syncing run cdemodice_hopper_M3_s1
wandb: ⭐️ View project at https://wandb.ai/wsk208/DemoDICE
wandb: 🚀 View run at https://wandb.ai/wsk208/DemoDICE/runs/9fo5rwg0
/opt/venv/lib/python3.10/site-packages/gym/spaces/box.py:84: UserWarning: [33mWARN: Box bound precision lowered by casting to float32[0m
  logger.warn(f"Box bound precision lowered by casting to {self.dtype}")
load datafile:   0%|          | 0/21 [00:00<?, ?it/s]load datafile:   5%|▍         | 1/21 [00:00<00:02,  7.07it/s]load datafile:  14%|█▍        | 3/21 [00:00<00:03,  4.97it/s]load datafile:  19%|█▉        | 4/21 [00:00<00:04,  3.67it/s]load datafile:  81%|████████  | 17/21 [00:01<00:00, 14.76it/s]load datafile:  90%|█████████ | 19/21 [00:01<00:00, 11.30it/s]load datafile: 100%|██████████| 21/21 [00:01<00:00, 11.26it/s]
Expert  :  999061 transitions  (hopper-expert-v2, 400 traj)
load datafile:   0%|          | 0/9 [00:00<?, ?it/s]load datafile:  33%|███▎      | 3/9 [00:00<00:00,  9.04it/s]load datafile:  44%|████▍     | 4/9 [00:00<00:00,  6.48it/s]load datafile:  56%|█████▌    | 5/9 [00:00<00:00,  5.01it/s]load datafile:  67%|██████▋   | 6/9 [00:01<00:00,  4.35it/s]load datafile: 100%|██████████| 9/9 [00:01<00:00,  7.50it/s]
Imperfect:   35054 transitions  (hopper-random-v2, 1600 traj)
Union   : 1034115 transitions total
/root/.local/share/uv/python/cpython-3.10-linux-x86_64-gnu/lib/python3.10/multiprocessing/popen_fork.py:66: RuntimeWarning: os.fork() was called. os.fork() is incompatible with multithreaded code, and JAX is multithreaded, so this will likely lead to a deadlock.
  self.pid = os.fork()
/opt/venv/lib/python3.10/site-packages/tensorflow_probability/python/internal/backend/jax/ops.py:681: DeprecationWarning: jax.interpreters.xla.pytype_aval_mappings is deprecated.
  jax.interpreters.xla.pytype_aval_mappings[onp.ndarray])
/opt/venv/lib/python3.10/site-packages/gym/spaces/box.py:84: UserWarning: [33mWARN: Box bound precision lowered by casting to float32[0m
  logger.warn(f"Box bound precision lowered by casting to {self.dtype}")
Step:    10000  |  score: 57.80 ± 17.61  |  actor_loss: 2.1295  cost_loss: 1.3798  q_loss: 0.0040  reward_max: 0.1596  reward_mean: -0.0115  reward_min: -0.5984  state_cost_loss: 1.3806  value_loss: -0.0357
Step:    20000  |  score: 61.69 ± 11.34  |  actor_loss: 1.4264  cost_loss: 1.3709  q_loss: 0.0076  reward_max: 0.2087  reward_mean: 0.0035  reward_min: -0.6173  state_cost_loss: 1.3732  value_loss: -0.2117
Step:    30000  |  score: 73.25 ± 15.14  |  actor_loss: 0.8096  cost_loss: 1.3763  q_loss: 0.0022  reward_max: 0.3989  reward_mean: 0.0041  reward_min: -0.5098  state_cost_loss: 1.3732  value_loss: -0.2087
Step:    40000  |  score: 65.26 ± 22.83  |  actor_loss: 0.4746  cost_loss: 1.3725  q_loss: 0.0022  reward_max: 0.3275  reward_mean: -0.0027  reward_min: -0.4518  state_cost_loss: 1.3728  value_loss: -0.1873
Step:    50000  |  score: 32.21 ± 9.81  |  actor_loss: 0.4122  cost_loss: 1.3627  q_loss: 0.0029  reward_max: 0.2372  reward_mean: -0.0041  reward_min: -0.7149  state_cost_loss: 1.3661  value_loss: -0.1289
Step:    60000  |  score: 72.56 ± 34.01  |  actor_loss: 0.2985  cost_loss: 1.3583  q_loss: 0.0029  reward_max: 0.4544  reward_mean: -0.0167  reward_min: -1.4717  state_cost_loss: 1.3591  value_loss: -0.0695
Step:    70000  |  score: 40.91 ± 12.97  |  actor_loss: 0.3604  cost_loss: 1.3617  q_loss: 0.0018  reward_max: 0.2400  reward_mean: -0.0008  reward_min: -0.5477  state_cost_loss: 1.3629  value_loss: -0.0131
Step:    80000  |  score: 84.40 ± 22.23  |  actor_loss: 0.3633  cost_loss: 1.3686  q_loss: 0.0016  reward_max: 0.3963  reward_mean: 0.0019  reward_min: -0.5822  state_cost_loss: 1.3694  value_loss: 0.0362
Step:    90000  |  score: 75.92 ± 24.27  |  actor_loss: 0.3693  cost_loss: 1.3664  q_loss: 0.0019  reward_max: 0.2221  reward_mean: -0.0224  reward_min: -1.1802  state_cost_loss: 1.3696  value_loss: 0.0592
Step:   100000  |  score: 76.61 ± 23.72  |  actor_loss: 0.3027  cost_loss: 1.3650  q_loss: 0.0017  reward_max: 0.7507  reward_mean: -0.0007  reward_min: -1.3122  state_cost_loss: 1.3670  value_loss: 0.1092
Step:   110000  |  score: 95.11 ± 14.44  |  actor_loss: 0.2347  cost_loss: 1.3634  q_loss: 0.0023  reward_max: 0.5008  reward_mean: -0.0105  reward_min: -1.1466  state_cost_loss: 1.3648  value_loss: 0.1168
Step:   120000  |  score: 80.72 ± 15.89  |  actor_loss: 0.3113  cost_loss: 1.3642  q_loss: 0.0022  reward_max: 0.4188  reward_mean: -0.0013  reward_min: -0.8578  state_cost_loss: 1.3663  value_loss: 0.1377
Step:   130000  |  score: 90.25 ± 25.78  |  actor_loss: 0.2077  cost_loss: 1.3568  q_loss: 0.0027  reward_max: 0.4664  reward_mean: -0.0125  reward_min: -1.5122  state_cost_loss: 1.3570  value_loss: 0.1651
Step:   140000  |  score: 109.54 ± 2.48  |  actor_loss: 0.2612  cost_loss: 1.3687  q_loss: 0.0013  reward_max: 0.4811  reward_mean: 0.0037  reward_min: -1.6821  state_cost_loss: 1.3695  value_loss: 0.2141
Step:   150000  |  score: 102.80 ± 16.07  |  actor_loss: 0.3419  cost_loss: 1.3556  q_loss: 0.0015  reward_max: 0.4258  reward_mean: 0.0010  reward_min: -0.7999  state_cost_loss: 1.3577  value_loss: 0.1924
Step:   160000  |  score: 93.83 ± 22.09  |  actor_loss: 0.3100  cost_loss: 1.3724  q_loss: 0.0015  reward_max: 0.4198  reward_mean: 0.0082  reward_min: -0.5469  state_cost_loss: 1.3743  value_loss: 0.2133
Step:   170000  |  score: 76.95 ± 26.44  |  actor_loss: 0.2594  cost_loss: 1.3659  q_loss: 0.0017  reward_max: 0.3451  reward_mean: -0.0104  reward_min: -1.0234  state_cost_loss: 1.3673  value_loss: 0.2259
Step:   180000  |  score: 50.35 ± 3.19  |  actor_loss: 0.1379  cost_loss: 1.3668  q_loss: 0.0021  reward_max: 0.5749  reward_mean: -0.0072  reward_min: -0.9090  state_cost_loss: 1.3688  value_loss: 0.2394
Step:   190000  |  score: 85.94 ± 24.21  |  actor_loss: 0.1679  cost_loss: 1.3677  q_loss: 0.0016  reward_max: 0.3645  reward_mean: -0.0075  reward_min: -1.1509  state_cost_loss: 1.3709  value_loss: 0.2565
Step:   200000  |  score: 106.99 ± 7.63  |  actor_loss: 0.1176  cost_loss: 1.3724  q_loss: 0.0126  reward_max: 0.4473  reward_mean: -0.0057  reward_min: -1.5683  state_cost_loss: 1.3749  value_loss: 0.2611
Step:   210000  |  score: 43.22 ± 11.00  |  actor_loss: 0.2710  cost_loss: 1.3621  q_loss: 0.0020  reward_max: 0.5573  reward_mean: -0.0142  reward_min: -1.1995  state_cost_loss: 1.3648  value_loss: 0.2522
Step:   220000  |  score: 102.45 ± 17.07  |  actor_loss: 0.1038  cost_loss: 1.3647  q_loss: 0.0013  reward_max: 0.5765  reward_mean: -0.0060  reward_min: -0.4250  state_cost_loss: 1.3654  value_loss: 0.2831
Step:   230000  |  score: 103.53 ± 20.44  |  actor_loss: 0.2359  cost_loss: 1.3624  q_loss: 0.0020  reward_max: 0.5361  reward_mean: -0.0042  reward_min: -1.0365  state_cost_loss: 1.3656  value_loss: 0.2739
Step:   240000  |  score: 106.44 ± 7.46  |  actor_loss: 0.1102  cost_loss: 1.3671  q_loss: 0.0011  reward_max: 0.5007  reward_mean: 0.0060  reward_min: -1.1677  state_cost_loss: 1.3669  value_loss: 0.2790
Step:   250000  |  score: 94.97 ± 25.83  |  actor_loss: 0.3523  cost_loss: 1.3606  q_loss: 0.0023  reward_max: 0.4596  reward_mean: -0.0091  reward_min: -0.5357  state_cost_loss: 1.3623  value_loss: 0.2808
Step:   260000  |  score: 102.24 ± 14.36  |  actor_loss: 0.1880  cost_loss: 1.3625  q_loss: 0.0021  reward_max: 0.4987  reward_mean: -0.0016  reward_min: -0.6630  state_cost_loss: 1.3622  value_loss: 0.2902
Step:   270000  |  score: 103.71 ± 14.47  |  actor_loss: 0.1157  cost_loss: 1.3661  q_loss: 0.0023  reward_max: 0.2963  reward_mean: -0.0030  reward_min: -0.7506  state_cost_loss: 1.3660  value_loss: 0.3224
Step:   280000  |  score: 90.57 ± 16.26  |  actor_loss: 0.2248  cost_loss: 1.3591  q_loss: 0.0021  reward_max: 0.3535  reward_mean: -0.0124  reward_min: -0.8985  state_cost_loss: 1.3604  value_loss: 0.2940
Step:   290000  |  score: 85.64 ± 25.14  |  actor_loss: 0.2796  cost_loss: 1.3562  q_loss: 0.0022  reward_max: 0.5856  reward_mean: -0.0059  reward_min: -1.3760  state_cost_loss: 1.3563  value_loss: 0.3100
Step:   300000  |  score: 106.67 ± 12.18  |  actor_loss: 0.0115  cost_loss: 1.3634  q_loss: 0.0021  reward_max: 0.2649  reward_mean: -0.0093  reward_min: -1.1468  state_cost_loss: 1.3652  value_loss: 0.3159
Step:   310000  |  score: 84.37 ± 18.77  |  actor_loss: 0.2830  cost_loss: 1.3520  q_loss: 0.0017  reward_max: 0.3327  reward_mean: -0.0145  reward_min: -1.0146  state_cost_loss: 1.3541  value_loss: 0.3090
Step:   320000  |  score: 81.50 ± 26.00  |  actor_loss: 0.0617  cost_loss: 1.3549  q_loss: 0.0026  reward_max: 0.5047  reward_mean: -0.0056  reward_min: -1.3256  state_cost_loss: 1.3559  value_loss: 0.3114
Step:   330000  |  score: 96.81 ± 17.01  |  actor_loss: 0.0042  cost_loss: 1.3677  q_loss: 0.0027  reward_max: 0.4261  reward_mean: -0.0008  reward_min: -1.0124  state_cost_loss: 1.3694  value_loss: 0.3529
Step:   340000  |  score: 99.79 ± 13.86  |  actor_loss: 0.0858  cost_loss: 1.3656  q_loss: 0.0020  reward_max: 0.2940  reward_mean: 0.0035  reward_min: -0.6823  state_cost_loss: 1.3668  value_loss: 0.3490
Step:   350000  |  score: 102.40 ± 13.43  |  actor_loss: 0.1899  cost_loss: 1.3572  q_loss: 0.0017  reward_max: 0.3120  reward_mean: -0.0104  reward_min: -1.4591  state_cost_loss: 1.3565  value_loss: 0.3144
Step:   360000  |  score: 62.46 ± 20.35  |  actor_loss: 0.2071  cost_loss: 1.3614  q_loss: 0.0019  reward_max: 0.5721  reward_mean: -0.0013  reward_min: -1.1455  state_cost_loss: 1.3626  value_loss: 0.3421
Step:   370000  |  score: 98.25 ± 24.95  |  actor_loss: 0.0929  cost_loss: 1.3700  q_loss: 0.0013  reward_max: 0.3745  reward_mean: -0.0148  reward_min: -1.6203  state_cost_loss: 1.3731  value_loss: 0.3506
Step:   380000  |  score: 91.49 ± 10.90  |  actor_loss: -0.0278  cost_loss: 1.3612  q_loss: 0.0023  reward_max: 0.3452  reward_mean: -0.0083  reward_min: -0.9317  state_cost_loss: 1.3621  value_loss: 0.3438
Step:   390000  |  score: 105.57 ± 10.31  |  actor_loss: 0.0454  cost_loss: 1.3714  q_loss: 0.0016  reward_max: 0.5006  reward_mean: -0.0037  reward_min: -0.6936  state_cost_loss: 1.3728  value_loss: 0.3595
Step:   400000  |  score: 90.38 ± 20.87  |  actor_loss: 0.1267  cost_loss: 1.3623  q_loss: 0.0022  reward_max: 0.2535  reward_mean: -0.0097  reward_min: -1.2673  state_cost_loss: 1.3639  value_loss: 0.3464
Step:   410000  |  score: 98.53 ± 14.22  |  actor_loss: 0.0401  cost_loss: 1.3676  q_loss: 0.0017  reward_max: 0.3748  reward_mean: -0.0020  reward_min: -0.9996  state_cost_loss: 1.3666  value_loss: 0.3740
Step:   420000  |  score: 83.97 ± 18.67  |  actor_loss: -0.0587  cost_loss: 1.3648  q_loss: 0.0013  reward_max: 0.3754  reward_mean: -0.0117  reward_min: -1.5909  state_cost_loss: 1.3666  value_loss: 0.3560
Step:   430000  |  score: 111.42 ± 0.66  |  actor_loss: 0.0285  cost_loss: 1.3581  q_loss: 0.0033  reward_max: 0.5794  reward_mean: -0.0036  reward_min: -1.3125  state_cost_loss: 1.3601  value_loss: 0.3574
Step:   440000  |  score: 97.34 ± 19.43  |  actor_loss: 0.2152  cost_loss: 1.3519  q_loss: 0.0025  reward_max: 0.6561  reward_mean: -0.0089  reward_min: -1.2688  state_cost_loss: 1.3536  value_loss: 0.3662
Step:   450000  |  score: 83.82 ± 24.41  |  actor_loss: 0.1670  cost_loss: 1.3576  q_loss: 0.0020  reward_max: 0.5620  reward_mean: -0.0061  reward_min: -1.0679  state_cost_loss: 1.3592  value_loss: 0.3731
Step:   460000  |  score: 107.17 ± 12.60  |  actor_loss: 0.1017  cost_loss: 1.3621  q_loss: 0.0019  reward_max: 0.6443  reward_mean: -0.0019  reward_min: -0.7157  state_cost_loss: 1.3632  value_loss: 0.3749
Step:   470000  |  score: 77.25 ± 26.74  |  actor_loss: -0.0622  cost_loss: 1.3615  q_loss: 0.0024  reward_max: 0.6810  reward_mean: -0.0044  reward_min: -1.1496  state_cost_loss: 1.3630  value_loss: 0.3789
Step:   480000  |  score: 90.94 ± 17.52  |  actor_loss: 0.1872  cost_loss: 1.3582  q_loss: 0.0023  reward_max: 0.3593  reward_mean: -0.0048  reward_min: -1.0696  state_cost_loss: 1.3601  value_loss: 0.3715
Step:   490000  |  score: 103.86 ± 12.43  |  actor_loss: 0.1956  cost_loss: 1.3600  q_loss: 0.0015  reward_max: 0.4984  reward_mean: -0.0029  reward_min: -0.8698  state_cost_loss: 1.3606  value_loss: 0.3865
Step:   500000  |  score: 103.47 ± 15.57  |  actor_loss: 0.0419  cost_loss: 1.3635  q_loss: 0.0016  reward_max: 0.6921  reward_mean: -0.0069  reward_min: -0.9317  state_cost_loss: 1.3660  value_loss: 0.3883
Step:   510000  |  score: 90.53 ± 30.68  |  actor_loss: 0.1358  cost_loss: 1.3561  q_loss: 0.0019  reward_max: 0.3509  reward_mean: -0.0082  reward_min: -1.0726  state_cost_loss: 1.3570  value_loss: 0.3856
Step:   520000  |  score: 94.64 ± 14.31  |  actor_loss: 0.1700  cost_loss: 1.3570  q_loss: 0.0024  reward_max: 0.3758  reward_mean: -0.0113  reward_min: -1.1038  state_cost_loss: 1.3607  value_loss: 0.3911
Step:   530000  |  score: 111.19 ± 1.22  |  actor_loss: 0.0379  cost_loss: 1.3718  q_loss: 0.0010  reward_max: 0.6697  reward_mean: -0.0040  reward_min: -1.3126  state_cost_loss: 1.3734  value_loss: 0.4200
Step:   540000  |  score: 89.79 ± 32.43  |  actor_loss: 0.1419  cost_loss: 1.3609  q_loss: 0.0019  reward_max: 0.3723  reward_mean: -0.0049  reward_min: -0.7693  state_cost_loss: 1.3608  value_loss: 0.3974
Step:   550000  |  score: 73.67 ± 22.80  |  actor_loss: 0.1171  cost_loss: 1.3586  q_loss: 0.0017  reward_max: 0.4132  reward_mean: -0.0063  reward_min: -0.9062  state_cost_loss: 1.3583  value_loss: 0.3920
Step:   560000  |  score: 106.85 ± 13.16  |  actor_loss: 0.1210  cost_loss: 1.3655  q_loss: 0.0014  reward_max: 0.6556  reward_mean: -0.0045  reward_min: -1.3111  state_cost_loss: 1.3682  value_loss: 0.4198
Step:   570000  |  score: 92.24 ± 21.95  |  actor_loss: 0.0368  cost_loss: 1.3639  q_loss: 0.0015  reward_max: 0.5508  reward_mean: -0.0056  reward_min: -1.5424  state_cost_loss: 1.3645  value_loss: 0.4300
Step:   580000  |  score: 90.07 ± 28.40  |  actor_loss: 0.0095  cost_loss: 1.3633  q_loss: 0.0016  reward_max: 0.6905  reward_mean: -0.0003  reward_min: -0.3294  state_cost_loss: 1.3630  value_loss: 0.4243
Step:   590000  |  score: 92.55 ± 27.21  |  actor_loss: -0.1506  cost_loss: 1.3761  q_loss: 0.0011  reward_max: 0.2469  reward_mean: 0.0006  reward_min: -0.5564  state_cost_loss: 1.3771  value_loss: 0.4487
Step:   600000  |  score: 96.67 ± 16.58  |  actor_loss: 0.1985  cost_loss: 1.3485  q_loss: 0.0019  reward_max: 0.4302  reward_mean: -0.0057  reward_min: -1.2263  state_cost_loss: 1.3472  value_loss: 0.4023
Step:   610000  |  score: 105.44 ± 16.55  |  actor_loss: 0.0043  cost_loss: 1.3569  q_loss: 0.0015  reward_max: 0.3953  reward_mean: -0.0060  reward_min: -1.7721  state_cost_loss: 1.3582  value_loss: 0.4360
Step:   620000  |  score: 105.73 ± 14.40  |  actor_loss: 0.1920  cost_loss: 1.3650  q_loss: 0.0013  reward_max: 0.5082  reward_mean: -0.0179  reward_min: -1.7765  state_cost_loss: 1.3677  value_loss: 0.4314
Step:   630000  |  score: 82.47 ± 24.30  |  actor_loss: 0.0867  cost_loss: 1.3632  q_loss: 0.0013  reward_max: 0.4625  reward_mean: -0.0072  reward_min: -1.1095  state_cost_loss: 1.3638  value_loss: 0.4292
Step:   640000  |  score: 111.51 ± 0.55  |  actor_loss: 0.0465  cost_loss: 1.3622  q_loss: 0.0016  reward_max: 0.5436  reward_mean: -0.0014  reward_min: -0.7311  state_cost_loss: 1.3632  value_loss: 0.4364
Step:   650000  |  score: 98.14 ± 16.53  |  actor_loss: 0.1571  cost_loss: 1.3588  q_loss: 0.0018  reward_max: 0.6536  reward_mean: -0.0055  reward_min: -1.4524  state_cost_loss: 1.3612  value_loss: 0.4367
Step:   660000  |  score: 111.66 ± 0.98  |  actor_loss: 0.0182  cost_loss: 1.3680  q_loss: 0.0017  reward_max: 0.3691  reward_mean: -0.0034  reward_min: -0.9351  state_cost_loss: 1.3694  value_loss: 0.4351
Step:   670000  |  score: 98.21 ± 17.64  |  actor_loss: 0.1645  cost_loss: 1.3621  q_loss: 0.0011  reward_max: 0.5024  reward_mean: -0.0053  reward_min: -1.2341  state_cost_loss: 1.3641  value_loss: 0.4344
Step:   680000  |  score: 93.62 ± 23.32  |  actor_loss: 0.1327  cost_loss: 1.3603  q_loss: 0.0020  reward_max: 0.4524  reward_mean: -0.0030  reward_min: -0.9213  state_cost_loss: 1.3619  value_loss: 0.4284
Step:   690000  |  score: 96.64 ± 28.68  |  actor_loss: -0.0644  cost_loss: 1.3653  q_loss: 0.0018  reward_max: 0.5444  reward_mean: -0.0060  reward_min: -1.4496  state_cost_loss: 1.3659  value_loss: 0.4381
Step:   700000  |  score: 96.44 ± 22.26  |  actor_loss: 0.0493  cost_loss: 1.3615  q_loss: 0.0022  reward_max: 0.5683  reward_mean: -0.0005  reward_min: -0.7890  state_cost_loss: 1.3620  value_loss: 0.4480
Step:   710000  |  score: 110.26 ± 3.25  |  actor_loss: 0.0276  cost_loss: 1.3576  q_loss: 0.0020  reward_max: 0.3317  reward_mean: -0.0132  reward_min: -1.8099  state_cost_loss: 1.3606  value_loss: 0.4221
Step:   720000  |  score: 101.38 ± 17.71  |  actor_loss: -0.0664  cost_loss: 1.3662  q_loss: 0.0017  reward_max: 0.4548  reward_mean: -0.0083  reward_min: -1.1122  state_cost_loss: 1.3672  value_loss: 0.4416
Step:   730000  |  score: 107.40 ± 7.00  |  actor_loss: -0.0879  cost_loss: 1.3658  q_loss: 0.0013  reward_max: 0.6089  reward_mean: -0.0012  reward_min: -0.6603  state_cost_loss: 1.3645  value_loss: 0.4412
Step:   740000  |  score: 94.09 ± 24.75  |  actor_loss: 0.0133  cost_loss: 1.3684  q_loss: 0.0011  reward_max: 0.3841  reward_mean: -0.0055  reward_min: -1.4853  state_cost_loss: 1.3697  value_loss: 0.4637
Step:   750000  |  score: 102.36 ± 14.55  |  actor_loss: -0.0022  cost_loss: 1.3627  q_loss: 0.0015  reward_max: 0.2550  reward_mean: -0.0084  reward_min: -1.4690  state_cost_loss: 1.3636  value_loss: 0.4273
Step:   760000  |  score: 103.82 ± 16.49  |  actor_loss: -0.0141  cost_loss: 1.3664  q_loss: 0.0010  reward_max: 0.5390  reward_mean: -0.0019  reward_min: -0.5647  state_cost_loss: 1.3663  value_loss: 0.4412
Step:   770000  |  score: 90.00 ± 26.66  |  actor_loss: 0.1437  cost_loss: 1.3659  q_loss: 0.0022  reward_max: 0.3234  reward_mean: -0.0153  reward_min: -1.3457  state_cost_loss: 1.3696  value_loss: 0.4138
Step:   780000  |  score: 100.40 ± 18.94  |  actor_loss: -0.0247  cost_loss: 1.3687  q_loss: 0.0018  reward_max: 0.4693  reward_mean: -0.0071  reward_min: -1.6771  state_cost_loss: 1.3700  value_loss: 0.4351
Step:   790000  |  score: 111.66 ± 5.23  |  actor_loss: -0.0261  cost_loss: 1.3636  q_loss: 0.0015  reward_max: 0.5547  reward_mean: -0.0036  reward_min: -1.0840  state_cost_loss: 1.3626  value_loss: 0.4527
Step:   800000  |  score: 94.54 ± 20.40  |  actor_loss: -0.0310  cost_loss: 1.3627  q_loss: 0.0018  reward_max: 0.6853  reward_mean: -0.0001  reward_min: -0.7000  state_cost_loss: 1.3606  value_loss: 0.4403
Step:   810000  |  score: 108.98 ± 7.18  |  actor_loss: -0.0006  cost_loss: 1.3659  q_loss: 0.0016  reward_max: 0.6058  reward_mean: 0.0009  reward_min: -0.9774  state_cost_loss: 1.3638  value_loss: 0.4419
Step:   820000  |  score: 96.86 ± 19.04  |  actor_loss: 0.0163  cost_loss: 1.3676  q_loss: 0.0013  reward_max: 0.1215  reward_mean: -0.0056  reward_min: -1.1850  state_cost_loss: 1.3704  value_loss: 0.4497
Step:   830000  |  score: 106.35 ± 14.59  |  actor_loss: -0.1531  cost_loss: 1.3651  q_loss: 0.0017  reward_max: 0.3906  reward_mean: -0.0028  reward_min: -0.8962  state_cost_loss: 1.3673  value_loss: 0.4287
Step:   840000  |  score: 100.97 ± 19.03  |  actor_loss: -0.0120  cost_loss: 1.3620  q_loss: 0.0014  reward_max: 0.5290  reward_mean: -0.0031  reward_min: -0.8447  state_cost_loss: 1.3638  value_loss: 0.4414
Step:   850000  |  score: 86.62 ± 25.35  |  actor_loss: 0.1211  cost_loss: 1.3601  q_loss: 0.0025  reward_max: 0.3024  reward_mean: -0.0067  reward_min: -1.0250  state_cost_loss: 1.3604  value_loss: 0.4330
Step:   860000  |  score: 106.09 ± 13.44  |  actor_loss: -0.0289  cost_loss: 1.3639  q_loss: 0.0022  reward_max: 0.5635  reward_mean: 0.0033  reward_min: -1.0385  state_cost_loss: 1.3638  value_loss: 0.4441
Step:   870000  |  score: 106.03 ± 9.21  |  actor_loss: 0.0693  cost_loss: 1.3584  q_loss: 0.0024  reward_max: 0.6766  reward_mean: -0.0042  reward_min: -0.8745  state_cost_loss: 1.3572  value_loss: 0.4370
Step:   880000  |  score: 85.86 ± 34.30  |  actor_loss: 0.1034  cost_loss: 1.3609  q_loss: 0.0019  reward_max: 0.7725  reward_mean: -0.0089  reward_min: -0.8969  state_cost_loss: 1.3630  value_loss: 0.4167
Step:   890000  |  score: 90.20 ± 21.40  |  actor_loss: 0.0838  cost_loss: 1.3535  q_loss: 0.0020  reward_max: 0.6532  reward_mean: -0.0063  reward_min: -1.0865  state_cost_loss: 1.3554  value_loss: 0.4447
Step:   900000  |  score: 92.66 ± 25.00  |  actor_loss: -0.0824  cost_loss: 1.3640  q_loss: 0.0016  reward_max: 0.3823  reward_mean: -0.0034  reward_min: -1.1960  state_cost_loss: 1.3666  value_loss: 0.4514
Step:   910000  |  score: 76.52 ± 23.21  |  actor_loss: -0.0370  cost_loss: 1.3658  q_loss: 0.0010  reward_max: 0.3067  reward_mean: -0.0070  reward_min: -0.9276  state_cost_loss: 1.3687  value_loss: 0.4562
Step:   920000  |  score: 76.34 ± 26.71  |  actor_loss: -0.0134  cost_loss: 1.3683  q_loss: 0.0015  reward_max: 0.4137  reward_mean: -0.0066  reward_min: -1.7834  state_cost_loss: 1.3696  value_loss: 0.4422
Step:   930000  |  score: 96.54 ± 19.46  |  actor_loss: -0.0805  cost_loss: 1.3592  q_loss: 0.0024  reward_max: 0.3626  reward_mean: -0.0065  reward_min: -0.7844  state_cost_loss: 1.3607  value_loss: 0.4304
Step:   940000  |  score: 96.73 ± 24.06  |  actor_loss: -0.0099  cost_loss: 1.3660  q_loss: 0.0017  reward_max: 0.4554  reward_mean: -0.0109  reward_min: -1.2397  state_cost_loss: 1.3679  value_loss: 0.4554
Step:   950000  |  score: 81.45 ± 25.98  |  actor_loss: -0.0179  cost_loss: 1.3676  q_loss: 0.0016  reward_max: 0.3576  reward_mean: -0.0023  reward_min: -1.1966  state_cost_loss: 1.3678  value_loss: 0.4584
Step:   960000  |  score: 77.79 ± 33.64  |  actor_loss: 0.0392  cost_loss: 1.3629  q_loss: 0.0012  reward_max: 0.5147  reward_mean: -0.0045  reward_min: -0.9280  state_cost_loss: 1.3657  value_loss: 0.4643
Step:   970000  |  score: 108.16 ± 6.37  |  actor_loss: 0.0343  cost_loss: 1.3687  q_loss: 0.0013  reward_max: 0.4361  reward_mean: -0.0036  reward_min: -1.7211  state_cost_loss: 1.3710  value_loss: 0.4561
Step:   980000  |  score: 91.98 ± 25.44  |  actor_loss: -0.1686  cost_loss: 1.3594  q_loss: 0.0038  reward_max: 0.5883  reward_mean: -0.0039  reward_min: -1.4196  state_cost_loss: 1.3608  value_loss: 0.4594
Step:   990000  |  score: 103.37 ± 18.36  |  actor_loss: -0.1399  cost_loss: 1.3620  q_loss: 0.0017  reward_max: 0.5124  reward_mean: 0.0008  reward_min: -1.1931  state_cost_loss: 1.3622  value_loss: 0.4580
Step:  1000000  |  score: 98.98 ± 17.10  |  actor_loss: -0.0130  cost_loss: 1.3670  q_loss: 0.0012  reward_max: 0.4936  reward_mean: -0.0079  reward_min: -1.2514  state_cost_loss: 1.3700  value_loss: 0.4621
Step:  1010000  |  score: 99.36 ± 20.71  |  actor_loss: 0.0865  cost_loss: 1.3556  q_loss: 0.0022  reward_max: 0.5549  reward_mean: -0.0073  reward_min: -1.7023  state_cost_loss: 1.3565  value_loss: 0.4483
Step:  1020000  |  score: 103.27 ± 12.07  |  actor_loss: 0.1291  cost_loss: 1.3592  q_loss: 0.0018  reward_max: 0.5489  reward_mean: -0.0050  reward_min: -0.7815  state_cost_loss: 1.3595  value_loss: 0.4619
Step:  1030000  |  score: 88.13 ± 24.77  |  actor_loss: 0.1706  cost_loss: 1.3578  q_loss: 0.0017  reward_max: 0.4934  reward_mean: -0.0021  reward_min: -1.1900  state_cost_loss: 1.3577  value_loss: 0.4583
Step:  1040000  |  score: 109.56 ± 5.33  |  actor_loss: 0.0379  cost_loss: 1.3654  q_loss: 0.0011  reward_max: 0.5299  reward_mean: -0.0073  reward_min: -1.3003  state_cost_loss: 1.3680  value_loss: 0.4740
Step:  1050000  |  score: 111.90 ± 2.52  |  actor_loss: -0.2030  cost_loss: 1.3673  q_loss: 0.0014  reward_max: 0.6060  reward_mean: 0.0021  reward_min: -0.6562  state_cost_loss: 1.3677  value_loss: 0.4782
Step:  1060000  |  score: 92.65 ± 23.51  |  actor_loss: -0.0656  cost_loss: 1.3608  q_loss: 0.0029  reward_max: 0.8539  reward_mean: -0.0028  reward_min: -0.9592  state_cost_loss: 1.3620  value_loss: 0.4695
Step:  1070000  |  score: 100.14 ± 17.82  |  actor_loss: -0.0698  cost_loss: 1.3684  q_loss: 0.0010  reward_max: 0.3151  reward_mean: -0.0020  reward_min: -0.5789  state_cost_loss: 1.3697  value_loss: 0.4814
Step:  1080000  |  score: 108.28 ± 6.70  |  actor_loss: -0.1937  cost_loss: 1.3712  q_loss: 0.0013  reward_max: 0.5249  reward_mean: -0.0022  reward_min: -0.9767  state_cost_loss: 1.3722  value_loss: 0.4850
Step:  1090000  |  score: 91.60 ± 24.27  |  actor_loss: 0.0842  cost_loss: 1.3571  q_loss: 0.0012  reward_max: 0.4327  reward_mean: -0.0096  reward_min: -1.0900  state_cost_loss: 1.3580  value_loss: 0.4573
Step:  1100000  |  score: 107.41 ± 13.43  |  actor_loss: 0.0188  cost_loss: 1.3574  q_loss: 0.0025  reward_max: 0.4238  reward_mean: 0.0006  reward_min: -0.9342  state_cost_loss: 1.3583  value_loss: 0.4593
Step:  1110000  |  score: 94.03 ± 18.66  |  actor_loss: 0.1348  cost_loss: 1.3667  q_loss: 0.0015  reward_max: 0.5211  reward_mean: -0.0046  reward_min: -1.1463  state_cost_loss: 1.3679  value_loss: 0.4897
Step:  1120000  |  score: 99.32 ± 20.62  |  actor_loss: -0.0899  cost_loss: 1.3627  q_loss: 0.0016  reward_max: 0.6841  reward_mean: -0.0022  reward_min: -1.5840  state_cost_loss: 1.3624  value_loss: 0.4512
Step:  1130000  |  score: 69.66 ± 25.27  |  actor_loss: 0.0067  cost_loss: 1.3528  q_loss: 0.0021  reward_max: 0.4132  reward_mean: -0.0122  reward_min: -1.2080  state_cost_loss: 1.3556  value_loss: 0.4416
Step:  1140000  |  score: 101.93 ± 15.79  |  actor_loss: -0.0756  cost_loss: 1.3670  q_loss: 0.0027  reward_max: 0.2488  reward_mean: -0.0035  reward_min: -0.6547  state_cost_loss: 1.3690  value_loss: 0.4683
Step:  1150000  |  score: 96.37 ± 21.05  |  actor_loss: -0.0929  cost_loss: 1.3688  q_loss: 0.0016  reward_max: 0.4622  reward_mean: -0.0004  reward_min: -1.0501  state_cost_loss: 1.3679  value_loss: 0.4969
Step:  1160000  |  score: 110.76 ± 0.75  |  actor_loss: -0.1762  cost_loss: 1.3568  q_loss: 0.0017  reward_max: 0.4994  reward_mean: -0.0142  reward_min: -1.5734  state_cost_loss: 1.3586  value_loss: 0.4495
Step:  1170000  |  score: 93.95 ± 26.03  |  actor_loss: -0.0140  cost_loss: 1.3621  q_loss: 0.0017  reward_max: 0.3574  reward_mean: -0.0055  reward_min: -1.4743  state_cost_loss: 1.3667  value_loss: 0.4662
Step:  1180000  |  score: 84.85 ± 21.13  |  actor_loss: -0.0419  cost_loss: 1.3640  q_loss: 0.0033  reward_max: 0.4646  reward_mean: -0.0086  reward_min: -1.0400  state_cost_loss: 1.3668  value_loss: 0.4681
Step:  1190000  |  score: 90.10 ± 22.67  |  actor_loss: -0.1061  cost_loss: 1.3703  q_loss: 0.0012  reward_max: 0.2715  reward_mean: -0.0033  reward_min: -0.6624  state_cost_loss: 1.3727  value_loss: 0.4762
Step:  1200000  |  score: 90.84 ± 21.55  |  actor_loss: -0.0048  cost_loss: 1.3585  q_loss: 0.0018  reward_max: 0.6641  reward_mean: 0.0034  reward_min: -0.6558  state_cost_loss: 1.3584  value_loss: 0.4748
Step:  1210000  |  score: 111.01 ± 0.73  |  actor_loss: -0.1232  cost_loss: 1.3612  q_loss: 0.0025  reward_max: 0.3815  reward_mean: -0.0101  reward_min: -0.9471  state_cost_loss: 1.3637  value_loss: 0.4512
Step:  1220000  |  score: 96.68 ± 22.84  |  actor_loss: -0.1184  cost_loss: 1.3608  q_loss: 0.0013  reward_max: 0.6483  reward_mean: 0.0020  reward_min: -0.6992  state_cost_loss: 1.3608  value_loss: 0.4612
Step:  1230000  |  score: 111.88 ± 3.38  |  actor_loss: 0.0502  cost_loss: 1.3656  q_loss: 0.0018  reward_max: 0.4126  reward_mean: -0.0061  reward_min: -1.4750  state_cost_loss: 1.3675  value_loss: 0.4874
Step:  1240000  |  score: 98.52 ± 19.73  |  actor_loss: -0.0161  cost_loss: 1.3659  q_loss: 0.0020  reward_max: 0.4947  reward_mean: -0.0001  reward_min: -0.8193  state_cost_loss: 1.3683  value_loss: 0.4579
Step:  1250000  |  score: 89.81 ± 24.07  |  actor_loss: -0.0872  cost_loss: 1.3642  q_loss: 0.0013  reward_max: 0.3905  reward_mean: -0.0057  reward_min: -1.4254  state_cost_loss: 1.3651  value_loss: 0.4717
Step:  1260000  |  score: 103.55 ± 21.68  |  actor_loss: -0.0511  cost_loss: 1.3676  q_loss: 0.0018  reward_max: 0.4209  reward_mean: -0.0063  reward_min: -1.5164  state_cost_loss: 1.3707  value_loss: 0.4821
Step:  1270000  |  score: 89.25 ± 22.12  |  actor_loss: 0.0498  cost_loss: 1.3587  q_loss: 0.0020  reward_max: 0.5893  reward_mean: -0.0081  reward_min: -1.8460  state_cost_loss: 1.3613  value_loss: 0.4614
Step:  1280000  |  score: 94.02 ± 21.34  |  actor_loss: -0.1075  cost_loss: 1.3621  q_loss: 0.0011  reward_max: 0.4331  reward_mean: -0.0042  reward_min: -1.2298  state_cost_loss: 1.3619  value_loss: 0.4558
Step:  1290000  |  score: 105.43 ± 15.99  |  actor_loss: 0.0892  cost_loss: 1.3646  q_loss: 0.0021  reward_max: 0.5875  reward_mean: -0.0148  reward_min: -1.3172  state_cost_loss: 1.3666  value_loss: 0.4297
Step:  1300000  |  score: 105.36 ± 7.95  |  actor_loss: -0.1169  cost_loss: 1.3650  q_loss: 0.0019  reward_max: 0.3677  reward_mean: -0.0097  reward_min: -1.2553  state_cost_loss: 1.3671  value_loss: 0.4434
Step:  1310000  |  score: 105.52 ± 12.27  |  actor_loss: -0.0026  cost_loss: 1.3674  q_loss: 0.0016  reward_max: 0.6530  reward_mean: -0.0021  reward_min: -1.4153  state_cost_loss: 1.3680  value_loss: 0.4727
Step:  1320000  |  score: 68.14 ± 24.22  |  actor_loss: 0.0164  cost_loss: 1.3664  q_loss: 0.0024  reward_max: 0.3375  reward_mean: -0.0060  reward_min: -0.9350  state_cost_loss: 1.3708  value_loss: 0.4688
Step:  1330000  |  score: 101.78 ± 17.08  |  actor_loss: 0.0036  cost_loss: 1.3662  q_loss: 0.0020  reward_max: 0.5672  reward_mean: -0.0080  reward_min: -1.3639  state_cost_loss: 1.3668  value_loss: 0.4470
Step:  1340000  |  score: 86.67 ± 22.92  |  actor_loss: -0.0910  cost_loss: 1.3589  q_loss: 0.0012  reward_max: 0.3068  reward_mean: -0.0083  reward_min: -1.4358  state_cost_loss: 1.3594  value_loss: 0.4456
Step:  1350000  |  score: 100.70 ± 14.23  |  actor_loss: -0.1309  cost_loss: 1.3666  q_loss: 0.0019  reward_max: 0.3944  reward_mean: -0.0047  reward_min: -1.1033  state_cost_loss: 1.3696  value_loss: 0.4623
Step:  1360000  |  score: 99.29 ± 18.12  |  actor_loss: 0.1268  cost_loss: 1.3610  q_loss: 0.0025  reward_max: 0.4518  reward_mean: -0.0053  reward_min: -1.0004  state_cost_loss: 1.3613  value_loss: 0.4576
Step:  1370000  |  score: 104.33 ± 11.37  |  actor_loss: -0.0826  cost_loss: 1.3650  q_loss: 0.0019  reward_max: 0.3690  reward_mean: -0.0074  reward_min: -0.9645  state_cost_loss: 1.3661  value_loss: 0.4702
Step:  1380000  |  score: 95.44 ± 19.79  |  actor_loss: -0.0244  cost_loss: 1.3562  q_loss: 0.0020  reward_max: 0.5046  reward_mean: -0.0123  reward_min: -1.6873  state_cost_loss: 1.3596  value_loss: 0.4611
Step:  1390000  |  score: 100.24 ± 19.79  |  actor_loss: -0.1534  cost_loss: 1.3652  q_loss: 0.0011  reward_max: 0.3268  reward_mean: -0.0012  reward_min: -1.3978  state_cost_loss: 1.3655  value_loss: 0.4631
Step:  1400000  |  score: 91.94 ± 16.45  |  actor_loss: 0.0997  cost_loss: 1.3669  q_loss: 0.0018  reward_max: 0.4747  reward_mean: -0.0039  reward_min: -0.7592  state_cost_loss: 1.3689  value_loss: 0.4452
Step:  1410000  |  score: 85.70 ± 25.10  |  actor_loss: 0.0115  cost_loss: 1.3605  q_loss: 0.0020  reward_max: 0.5285  reward_mean: -0.0061  reward_min: -0.9341  state_cost_loss: 1.3623  value_loss: 0.4548
Step:  1420000  |  score: 95.95 ± 19.83  |  actor_loss: 0.1086  cost_loss: 1.3545  q_loss: 0.0025  reward_max: 0.5308  reward_mean: -0.0095  reward_min: -1.0670  state_cost_loss: 1.3570  value_loss: 0.4332
Step:  1430000  |  score: 71.47 ± 22.50  |  actor_loss: -0.0536  cost_loss: 1.3596  q_loss: 0.0014  reward_max: 0.3139  reward_mean: -0.0062  reward_min: -1.4265  state_cost_loss: 1.3607  value_loss: 0.4597
Step:  1440000  |  score: 103.95 ± 19.00  |  actor_loss: -0.1203  cost_loss: 1.3652  q_loss: 0.0017  reward_max: 0.6051  reward_mean: 0.0000  reward_min: -1.3921  state_cost_loss: 1.3667  value_loss: 0.4673
Step:  1450000  |  score: 86.42 ± 29.95  |  actor_loss: -0.1065  cost_loss: 1.3629  q_loss: 0.0016  reward_max: 0.5913  reward_mean: -0.0010  reward_min: -1.2295  state_cost_loss: 1.3635  value_loss: 0.4933
Step:  1460000  |  score: 95.80 ± 18.91  |  actor_loss: -0.0362  cost_loss: 1.3632  q_loss: 0.0013  reward_max: 0.3802  reward_mean: -0.0062  reward_min: -0.6333  state_cost_loss: 1.3656  value_loss: 0.4682
Step:  1470000  |  score: 98.98 ± 21.09  |  actor_loss: -0.0521  cost_loss: 1.3544  q_loss: 0.0035  reward_max: 0.5706  reward_mean: -0.0101  reward_min: -1.1380  state_cost_loss: 1.3574  value_loss: 0.4088
Step:  1480000  |  score: 96.05 ± 20.32  |  actor_loss: -0.1108  cost_loss: 1.3616  q_loss: 0.0015  reward_max: 0.4483  reward_mean: -0.0056  reward_min: -1.1483  state_cost_loss: 1.3628  value_loss: 0.4720
Step:  1490000  |  score: 104.53 ± 9.12  |  actor_loss: -0.2006  cost_loss: 1.3628  q_loss: 0.0016  reward_max: 0.5583  reward_mean: -0.0071  reward_min: -1.4031  state_cost_loss: 1.3648  value_loss: 0.4623
Step:  1500000  |  score: 104.84 ± 18.13  |  actor_loss: -0.1808  cost_loss: 1.3693  q_loss: 0.0014  reward_max: 0.4603  reward_mean: -0.0028  reward_min: -0.7872  state_cost_loss: 1.3703  value_loss: 0.4603
Step:  1510000  |  score: 77.32 ± 28.99  |  actor_loss: -0.1261  cost_loss: 1.3675  q_loss: 0.0019  reward_max: 0.2850  reward_mean: -0.0111  reward_min: -1.7415  state_cost_loss: 1.3697  value_loss: 0.4793
Step:  1520000  |  score: 100.07 ± 21.26  |  actor_loss: -0.0848  cost_loss: 1.3698  q_loss: 0.0022  reward_max: 0.2925  reward_mean: -0.0052  reward_min: -0.7385  state_cost_loss: 1.3713  value_loss: 0.4441
Step:  1530000  |  score: 99.93 ± 14.02  |  actor_loss: -0.1535  cost_loss: 1.3677  q_loss: 0.0012  reward_max: 0.4795  reward_mean: -0.0031  reward_min: -1.2482  state_cost_loss: 1.3680  value_loss: 0.4676
Step:  1540000  |  score: 94.57 ± 24.52  |  actor_loss: -0.0949  cost_loss: 1.3719  q_loss: 0.0020  reward_max: 0.6150  reward_mean: -0.0004  reward_min: -0.6664  state_cost_loss: 1.3737  value_loss: 0.4864
Step:  1550000  |  score: 99.03 ± 19.97  |  actor_loss: 0.1766  cost_loss: 1.3559  q_loss: 0.0014  reward_max: 0.3222  reward_mean: -0.0069  reward_min: -1.2448  state_cost_loss: 1.3583  value_loss: 0.4441
Step:  1560000  |  score: 103.75 ± 14.00  |  actor_loss: -0.1931  cost_loss: 1.3711  q_loss: 0.0021  reward_max: 0.3398  reward_mean: -0.0047  reward_min: -0.5880  state_cost_loss: 1.3739  value_loss: 0.4637
Step:  1570000  |  score: 98.05 ± 21.21  |  actor_loss: -0.1123  cost_loss: 1.3698  q_loss: 0.0017  reward_max: 0.3806  reward_mean: -0.0055  reward_min: -1.5442  state_cost_loss: 1.3712  value_loss: 0.4828
Step:  1580000  |  score: 91.33 ± 28.51  |  actor_loss: -0.0665  cost_loss: 1.3608  q_loss: 0.0013  reward_max: 0.3267  reward_mean: -0.0041  reward_min: -0.8112  state_cost_loss: 1.3625  value_loss: 0.4747
Step:  1590000  |  score: 94.01 ± 21.14  |  actor_loss: -0.0615  cost_loss: 1.3698  q_loss: 0.0011  reward_max: 0.4433  reward_mean: -0.0029  reward_min: -0.9249  state_cost_loss: 1.3727  value_loss: 0.4778
Step:  1600000  |  score: 96.99 ± 23.61  |  actor_loss: -0.0039  cost_loss: 1.3603  q_loss: 0.0022  reward_max: 0.4598  reward_mean: -0.0062  reward_min: -1.7139  state_cost_loss: 1.3608  value_loss: 0.4604
Step:  1610000  |  score: 104.09 ± 13.99  |  actor_loss: 0.0682  cost_loss: 1.3514  q_loss: 0.0015  reward_max: 0.5478  reward_mean: -0.0025  reward_min: -0.9405  state_cost_loss: 1.3522  value_loss: 0.4556
Step:  1620000  |  score: 95.63 ± 21.84  |  actor_loss: 0.0106  cost_loss: 1.3646  q_loss: 0.0018  reward_max: 0.4913  reward_mean: -0.0008  reward_min: -0.4774  state_cost_loss: 1.3644  value_loss: 0.4995
Step:  1630000  |  score: 97.12 ± 26.72  |  actor_loss: -0.1217  cost_loss: 1.3657  q_loss: 0.0020  reward_max: 0.4088  reward_mean: -0.0043  reward_min: -1.1245  state_cost_loss: 1.3683  value_loss: 0.4786
Step:  1640000  |  score: 99.36 ± 33.21  |  actor_loss: -0.0649  cost_loss: 1.3567  q_loss: 0.0021  reward_max: 0.2782  reward_mean: -0.0096  reward_min: -1.0310  state_cost_loss: 1.3572  value_loss: 0.4583
Step:  1650000  |  score: 93.64 ± 25.42  |  actor_loss: -0.1108  cost_loss: 1.3647  q_loss: 0.0026  reward_max: 0.5708  reward_mean: -0.0045  reward_min: -0.8472  state_cost_loss: 1.3667  value_loss: 0.4749
Step:  1660000  |  score: 96.49 ± 26.28  |  actor_loss: -0.0588  cost_loss: 1.3645  q_loss: 0.0014  reward_max: 0.3567  reward_mean: -0.0094  reward_min: -0.7647  state_cost_loss: 1.3673  value_loss: 0.4603
Step:  1670000  |  score: 94.75 ± 20.64  |  actor_loss: -0.1684  cost_loss: 1.3679  q_loss: 0.0015  reward_max: 0.4741  reward_mean: -0.0027  reward_min: -1.1606  state_cost_loss: 1.3686  value_loss: 0.4862
Step:  1680000  |  score: 105.60 ± 18.11  |  actor_loss: 0.0383  cost_loss: 1.3618  q_loss: 0.0013  reward_max: 0.4029  reward_mean: -0.0104  reward_min: -1.3453  state_cost_loss: 1.3645  value_loss: 0.4689
Step:  1690000  |  score: 94.61 ± 17.35  |  actor_loss: -0.0982  cost_loss: 1.3582  q_loss: 0.0017  reward_max: 0.1996  reward_mean: -0.0082  reward_min: -1.3197  state_cost_loss: 1.3595  value_loss: 0.4673
Step:  1700000  |  score: 99.56 ± 23.34  |  actor_loss: -0.2267  cost_loss: 1.3649  q_loss: 0.0013  reward_max: 0.4947  reward_mean: -0.0001  reward_min: -0.5633  state_cost_loss: 1.3660  value_loss: 0.4936
Step:  1710000  |  score: 89.86 ± 25.52  |  actor_loss: 0.0635  cost_loss: 1.3622  q_loss: 0.0028  reward_max: 0.4727  reward_mean: -0.0081  reward_min: -1.8203  state_cost_loss: 1.3623  value_loss: 0.4992
Step:  1720000  |  score: 88.05 ± 24.40  |  actor_loss: -0.1383  cost_loss: 1.3716  q_loss: 0.0015  reward_max: 0.6583  reward_mean: -0.0043  reward_min: -1.2652  state_cost_loss: 1.3736  value_loss: 0.4861
Step:  1730000  |  score: 110.70 ± 4.40  |  actor_loss: 0.0421  cost_loss: 1.3656  q_loss: 0.0013  reward_max: 0.5658  reward_mean: -0.0027  reward_min: -0.7580  state_cost_loss: 1.3667  value_loss: 0.4598
Step:  1740000  |  score: 102.36 ± 17.45  |  actor_loss: -0.0275  cost_loss: 1.3605  q_loss: 0.0021  reward_max: 0.5171  reward_mean: -0.0024  reward_min: -0.9065  state_cost_loss: 1.3619  value_loss: 0.4804
Step:  1750000  |  score: 94.90 ± 24.93  |  actor_loss: -0.0448  cost_loss: 1.3640  q_loss: 0.0011  reward_max: 0.7357  reward_mean: 0.0012  reward_min: -0.9682  state_cost_loss: 1.3642  value_loss: 0.4786
Step:  1760000  |  score: 110.64 ± 1.19  |  actor_loss: 0.0280  cost_loss: 1.3613  q_loss: 0.0020  reward_max: 0.4343  reward_mean: -0.0085  reward_min: -1.1284  state_cost_loss: 1.3625  value_loss: 0.4678
Step:  1770000  |  score: 111.53 ± 0.96  |  actor_loss: -0.0356  cost_loss: 1.3606  q_loss: 0.0016  reward_max: 0.6638  reward_mean: -0.0074  reward_min: -0.9695  state_cost_loss: 1.3621  value_loss: 0.4787
Step:  1780000  |  score: 107.69 ± 12.74  |  actor_loss: 0.0078  cost_loss: 1.3604  q_loss: 0.0015  reward_max: 0.3866  reward_mean: -0.0102  reward_min: -0.9630  state_cost_loss: 1.3622  value_loss: 0.4844
Step:  1790000  |  score: 90.56 ± 26.20  |  actor_loss: -0.0520  cost_loss: 1.3676  q_loss: 0.0013  reward_max: 0.3136  reward_mean: -0.0095  reward_min: -1.3377  state_cost_loss: 1.3697  value_loss: 0.4703
Step:  1800000  |  score: 101.18 ± 16.43  |  actor_loss: -0.0609  cost_loss: 1.3611  q_loss: 0.0015  reward_max: 0.6224  reward_mean: 0.0009  reward_min: -1.3373  state_cost_loss: 1.3612  value_loss: 0.4904
Step:  1810000  |  score: 99.88 ± 19.14  |  actor_loss: -0.0883  cost_loss: 1.3640  q_loss: 0.0015  reward_max: 0.3945  reward_mean: -0.0031  reward_min: -1.1365  state_cost_loss: 1.3644  value_loss: 0.4881
Step:  1820000  |  score: 92.67 ± 24.44  |  actor_loss: -0.0748  cost_loss: 1.3687  q_loss: 0.0013  reward_max: 0.3524  reward_mean: -0.0023  reward_min: -0.8961  state_cost_loss: 1.3700  value_loss: 0.4989
Step:  1830000  |  score: 76.84 ± 44.22  |  actor_loss: 0.0032  cost_loss: 1.3663  q_loss: 0.0016  reward_max: 0.3535  reward_mean: -0.0015  reward_min: -1.0985  state_cost_loss: 1.3666  value_loss: 0.4935
Step:  1840000  |  score: 106.87 ± 14.98  |  actor_loss: -0.0693  cost_loss: 1.3591  q_loss: 0.0019  reward_max: 0.6480  reward_mean: -0.0101  reward_min: -1.9564  state_cost_loss: 1.3624  value_loss: 0.4828
Step:  1850000  |  score: 71.24 ± 25.93  |  actor_loss: -0.2574  cost_loss: 1.3767  q_loss: 0.0015  reward_max: 0.6185  reward_mean: -0.0010  reward_min: -0.9884  state_cost_loss: 1.3760  value_loss: 0.5105
Step:  1860000  |  score: 90.60 ± 22.56  |  actor_loss: -0.1117  cost_loss: 1.3648  q_loss: 0.0014  reward_max: 0.6041  reward_mean: 0.0002  reward_min: -0.8986  state_cost_loss: 1.3635  value_loss: 0.5115
Step:  1870000  |  score: 106.06 ± 12.47  |  actor_loss: -0.0833  cost_loss: 1.3542  q_loss: 0.0015  reward_max: 0.4642  reward_mean: -0.0089  reward_min: -1.4004  state_cost_loss: 1.3555  value_loss: 0.4705
Step:  1880000  |  score: 90.72 ± 19.31  |  actor_loss: -0.2299  cost_loss: 1.3666  q_loss: 0.0016  reward_max: 0.4388  reward_mean: -0.0037  reward_min: -1.0548  state_cost_loss: 1.3687  value_loss: 0.5021
Step:  1890000  |  score: 103.74 ± 17.15  |  actor_loss: -0.2135  cost_loss: 1.3654  q_loss: 0.0012  reward_max: 0.4259  reward_mean: -0.0092  reward_min: -1.3255  state_cost_loss: 1.3669  value_loss: 0.4902
Step:  1900000  |  score: 97.88 ± 23.73  |  actor_loss: -0.0822  cost_loss: 1.3672  q_loss: 0.0018  reward_max: 0.5820  reward_mean: -0.0033  reward_min: -1.8736  state_cost_loss: 1.3682  value_loss: 0.4770
Step:  1910000  |  score: 75.67 ± 32.27  |  actor_loss: -0.2302  cost_loss: 1.3714  q_loss: 0.0015  reward_max: 0.5642  reward_mean: -0.0027  reward_min: -1.7969  state_cost_loss: 1.3725  value_loss: 0.4958
Step:  1920000  |  score: 103.31 ± 15.82  |  actor_loss: -0.0371  cost_loss: 1.3724  q_loss: 0.0010  reward_max: 0.6318  reward_mean: -0.0034  reward_min: -1.0541  state_cost_loss: 1.3745  value_loss: 0.5016
Step:  1930000  |  score: 97.17 ± 24.41  |  actor_loss: -0.0756  cost_loss: 1.3610  q_loss: 0.0019  reward_max: 0.8460  reward_mean: -0.0070  reward_min: -1.5428  state_cost_loss: 1.3626  value_loss: 0.4814
Step:  1940000  |  score: 65.27 ± 20.80  |  actor_loss: -0.1161  cost_loss: 1.3732  q_loss: 0.0012  reward_max: 0.5609  reward_mean: -0.0038  reward_min: -0.8075  state_cost_loss: 1.3756  value_loss: 0.4917
Step:  1950000  |  score: 96.48 ± 24.11  |  actor_loss: -0.1107  cost_loss: 1.3650  q_loss: 0.0021  reward_max: 0.3470  reward_mean: -0.0091  reward_min: -1.4514  state_cost_loss: 1.3674  value_loss: 0.4801
Step:  1960000  |  score: 83.30 ± 26.27  |  actor_loss: -0.0630  cost_loss: 1.3655  q_loss: 0.0015  reward_max: 0.3116  reward_mean: -0.0092  reward_min: -1.4483  state_cost_loss: 1.3678  value_loss: 0.4820
Step:  1970000  |  score: 83.31 ± 27.01  |  actor_loss: -0.1142  cost_loss: 1.3603  q_loss: 0.0021  reward_max: 0.3536  reward_mean: -0.0081  reward_min: -0.8130  state_cost_loss: 1.3617  value_loss: 0.4922
Step:  1980000  |  score: 99.14 ± 18.31  |  actor_loss: 0.0967  cost_loss: 1.3555  q_loss: 0.0015  reward_max: 0.6155  reward_mean: -0.0086  reward_min: -1.7273  state_cost_loss: 1.3594  value_loss: 0.4708
Step:  1990000  |  score: 101.00 ± 18.22  |  actor_loss: 0.1955  cost_loss: 1.3501  q_loss: 0.0020  reward_max: 0.3612  reward_mean: -0.0183  reward_min: -1.8477  state_cost_loss: 1.3548  value_loss: 0.4567
Step:  2000000  |  score: 82.60 ± 25.63  |  actor_loss: -0.1178  cost_loss: 1.3684  q_loss: 0.0012  reward_max: 0.5744  reward_mean: -0.0013  reward_min: -1.5898  state_cost_loss: 1.3699  value_loss: 0.5070
Final evaluation (13 iterations)...
Final score: 78.75 ± 27.58
wandb: WARNING Symlinked 1 file into the W&B run directory; call wandb.save again to sync new files.
wandb: uploading data; updating run metadata
wandb: uploading data
wandb: uploading data; uploading final_returns/cdemodice_hopper-expert-v2_2026-03-18_13-14-08.npz; uploading output.log; uploading wandb-summary.json; uploading config.yaml
wandb: uploading data; uploading final_returns/cdemodice_hopper-expert-v2_2026-03-18_13-14-08.npz; uploading output.log; uploading wandb-summary.json
wandb: uploading data
wandb: uploading summary, console lines 214-215
wandb: 
wandb: Run history:
wandb:  actor_loss ██▇█▅▆▃▄▅▆▅▅▃▃▃▃▄▄▁▃▅▂▂▁▃▄▄▃▃▃▂▁▂▄▁▄▃▃▂▅
wandb:   cost_loss █▅▃▆▅▆▅▅▃▃▅▄▅▆▅▂▆▇▇▄▄▃▆▇█▆▄▆▄▄█▆█▆▄▇▆▂▆▁
wandb: num_updates ▁▁▁▁▁▁▂▂▂▂▂▂▂▃▃▄▄▄▄▄▄▄▄▅▅▅▅▅▅▅▅▆▆▆▆▇▇███
wandb:      q_loss ▆▃▃▄▃▄▃▅▂▄▃▁▂▄▃▃▂▄▂▁▃▂█▂▂▁▃▃▄▃▃▃▂▂▄▃▂▃▃▂
wandb:      return ▄▃▁▄█▇▇▅▅▇▇▇▆▆▄█▇▇▇▇▇█▆▆▆▇▆▆▆▇▇▆██▆▆▇▇▇▇
wandb:  reward_max ▁▃▄▆▅▆▂▂▇▃▃▇▅▆▂▃█▄▃▃▅▅▄▇▄▄▄▃▆▃▅▂▁▇▆▆▄▃▆▆
wandb: reward_mean ▂█▇▇▃▂▃▄▅▄▂▅▆▇▆▁▇█▄▃▅▅▇▆▆█▄▁▄▅▆▅▅▄▄▆▆▇▃▅
wandb:  reward_min ▇█▃▇▆▃▂▆▄▄▅▅▆▆▅▆▅▅▅▆▆▅▆▃▅▅▄▅▆▂▆▆█▅▅▅▅▆▃▁
wandb:       score ▁▃▃█▆▇▇▇▇▇▆▄▇▇▅▄█▆▆▆▇▇▆▄▇▇▆█▆▆▇▆▅▆▆▆▆▆▆▅
wandb:   score_std ▄▃▅▅▅▅▄▂▃▄▁▄▃▄▃▁▃▄▄▅▅▁▅▃▄▅▄▄▄▃▃▅▅▅▁▅█▃▄▅
wandb:          +2 ...
wandb: 
wandb: Run summary:
wandb:  actor_loss -0.11776
wandb:   cost_loss 1.36839
wandb: num_updates 2000000
wandb:      q_loss 0.00119
wandb:      return 2667.94755
wandb:  reward_max 0.57443
wandb: reward_mean -0.00125
wandb:  reward_min -1.58983
wandb:       score 82.59825
wandb:   score_std 25.62825
wandb:          +2 ...
wandb: 
wandb: 🚀 View run cdemodice_hopper_M3_s1 at: https://wandb.ai/wsk208/DemoDICE/runs/9fo5rwg0
wandb: ⭐️ View project at: https://wandb.ai/wsk208/DemoDICE
wandb: Synced 5 W&B file(s), 0 media file(s), 0 artifact file(s) and 1 other file(s)
wandb: Find logs at: ./wandb/run-20260318_124239-9fo5rwg0/logs
