Warning: All of online environments libraries in D4RL have been moved ]8;;https://github.com/Farama-Foundation/Gymnasium\Gymnasium]8;;\, ]8;;https://github.com/Farama-Foundation/MiniGrid\MiniGrid]8;;\ and ]8;;https://github.com/Farama-Foundation/Gymnasium-Robotics\Gymnasium-Robotics]8;;\, and all offline datasets in D4RL have been moved to ]8;;https://github.com/Farama-Foundation/Minari\Minari]8;;\.
These new versions include large bug fixes, new versions of Python, and are where all new development will continue. Please upgrade these libraries as soon as you're able to do so.
If you'd like to read more about the story behind this switch, please check out ]8;;https://farama.org/Announcing-Minari\this blog post]8;;\.
Gym has been unmaintained since 2022 and does not support NumPy 2.0 amongst other critical functionality.
Please upgrade to Gymnasium, the maintained drop-in replacement of Gym, or contact the authors of your software and request that they upgrade.
See the migration guide at https://gymnasium.farama.org/introduction/migration_guide/ for additional information.
/opt/venv/lib/python3.10/site-packages/Cython/Distutils/old_build_ext.py:15: DeprecationWarning: dep_util is Deprecated. Use functions from setuptools instead.
  from distutils.dep_util import newer, newer_group
<frozen importlib._bootstrap>:283: DeprecationWarning: the load_module() method is deprecated and slated for removal in Python 3.12; use exec_module() instead
pybullet build time: Jan 29 2025 23:16:28
wandb: [wandb.login()] Loaded credentials for https://api.wandb.ai from /root/.netrc.
wandb: Currently logged in as: wsk208 to https://api.wandb.ai. Use `wandb login --relogin` to force relogin
/opt/venv/lib/python3.10/site-packages/wandb/analytics/sentry.py:268: DeprecationWarning: Read the `app_url` setting from the appropriate Settings object.
  app_url = wandb.util.app_url(tags["base_url"])  # type: ignore[index]
/opt/venv/lib/python3.10/site-packages/wandb/analytics/sentry.py:279: DeprecationWarning: The `Scope.user` setter is deprecated in favor of `Scope.set_user()`.
  self.scope.user = {"email": email}
wandb: setting up run uqtu9bsb
/opt/venv/lib/python3.10/site-packages/wandb/analytics/sentry.py:268: DeprecationWarning: Read the `app_url` setting from the appropriate Settings object.
  app_url = wandb.util.app_url(tags["base_url"])  # type: ignore[index]
/opt/venv/lib/python3.10/site-packages/wandb/analytics/sentry.py:279: DeprecationWarning: The `Scope.user` setter is deprecated in favor of `Scope.set_user()`.
  self.scope.user = {"email": email}
wandb: Tracking run with wandb version 0.25.1
wandb: Run data is saved locally in /app/wandb/run-20260319_024028-uqtu9bsb
wandb: Run `wandb offline` to turn off syncing.
wandb: Syncing run cdemodice_halfcheetah_M2_s2
wandb: ⭐️ View project at https://wandb.ai/wsk208/DemoDICE
wandb: 🚀 View run at https://wandb.ai/wsk208/DemoDICE/runs/uqtu9bsb
/opt/venv/lib/python3.10/site-packages/gym/spaces/box.py:84: UserWarning: [33mWARN: Box bound precision lowered by casting to float32[0m
  logger.warn(f"Box bound precision lowered by casting to {self.dtype}")
load datafile:   0%|          | 0/21 [00:00<?, ?it/s]load datafile:   5%|▍         | 1/21 [00:00<00:03,  5.81it/s]load datafile:  14%|█▍        | 3/21 [00:00<00:03,  5.22it/s]load datafile:  19%|█▉        | 4/21 [00:00<00:04,  3.95it/s]load datafile:  81%|████████  | 17/21 [00:01<00:00, 15.38it/s]load datafile:  90%|█████████ | 19/21 [00:01<00:00, 10.68it/s]load datafile: 100%|██████████| 21/21 [00:01<00:00, 11.07it/s]
Expert  :  999000 transitions  (halfcheetah-expert-v2, 400 traj)
load datafile:   0%|          | 0/9 [00:00<?, ?it/s]load datafile:  11%|█         | 1/9 [00:00<00:01,  5.95it/s]load datafile:  33%|███▎      | 3/9 [00:00<00:01,  5.46it/s]load datafile:  44%|████▍     | 4/9 [00:00<00:01,  4.09it/s]load datafile:  56%|█████▌    | 5/9 [00:01<00:01,  3.20it/s]load datafile:  67%|██████▋   | 6/9 [00:01<00:01,  2.76it/s]load datafile: 100%|██████████| 9/9 [00:01<00:00,  4.86it/s]
Imperfect:  999000 transitions  (halfcheetah-random-v2, 400 traj)
Union   : 1998000 transitions total
/root/.local/share/uv/python/cpython-3.10-linux-x86_64-gnu/lib/python3.10/multiprocessing/popen_fork.py:66: RuntimeWarning: os.fork() was called. os.fork() is incompatible with multithreaded code, and JAX is multithreaded, so this will likely lead to a deadlock.
  self.pid = os.fork()
/opt/venv/lib/python3.10/site-packages/tensorflow_probability/python/internal/backend/jax/ops.py:681: DeprecationWarning: jax.interpreters.xla.pytype_aval_mappings is deprecated.
  jax.interpreters.xla.pytype_aval_mappings[onp.ndarray])
/opt/venv/lib/python3.10/site-packages/gym/spaces/box.py:84: UserWarning: [33mWARN: Box bound precision lowered by casting to float32[0m
  logger.warn(f"Box bound precision lowered by casting to {self.dtype}")
Step:    10000  |  score: 2.23 ± 0.00  |  actor_loss: 4.7255  cost_loss: 0.9736  q_loss: 0.0400  reward_max: 0.8570  reward_mean: -0.0856  reward_min: -1.3017  state_cost_loss: 0.9794  value_loss: -1.1280
Step:    20000  |  score: 2.20 ± 0.01  |  actor_loss: 3.6782  cost_loss: 0.9801  q_loss: 0.0771  reward_max: 1.4125  reward_mean: -0.0988  reward_min: -1.4208  state_cost_loss: 0.9883  value_loss: -3.0246
Step:    30000  |  score: 3.05 ± 1.92  |  actor_loss: 3.4630  cost_loss: 0.9476  q_loss: 0.0903  reward_max: 1.5870  reward_mean: -0.0502  reward_min: -1.7015  state_cost_loss: 0.9504  value_loss: -4.1786
Step:    40000  |  score: 4.67 ± 1.02  |  actor_loss: 3.4535  cost_loss: 0.9711  q_loss: 0.0919  reward_max: 1.0345  reward_mean: -0.0797  reward_min: -2.0789  state_cost_loss: 0.9770  value_loss: -4.7622
Step:    50000  |  score: 5.61 ± 2.27  |  actor_loss: 3.4574  cost_loss: 0.9618  q_loss: 0.0860  reward_max: 1.4881  reward_mean: -0.0737  reward_min: -1.7002  state_cost_loss: 0.9699  value_loss: -5.0062
Step:    60000  |  score: 6.97 ± 4.62  |  actor_loss: 3.4771  cost_loss: 0.9581  q_loss: 0.0874  reward_max: 1.1931  reward_mean: -0.0853  reward_min: -2.0725  state_cost_loss: 0.9658  value_loss: -4.7038
Step:    70000  |  score: 6.40 ± 4.70  |  actor_loss: 3.4933  cost_loss: 0.9668  q_loss: 0.0809  reward_max: 1.2363  reward_mean: -0.0745  reward_min: -1.3423  state_cost_loss: 0.9756  value_loss: -4.4626
Step:    80000  |  score: 11.26 ± 11.16  |  actor_loss: 3.2187  cost_loss: 1.0018  q_loss: 0.0659  reward_max: 1.3040  reward_mean: -0.0580  reward_min: -1.1378  state_cost_loss: 1.0067  value_loss: -3.6249
Step:    90000  |  score: 7.85 ± 7.95  |  actor_loss: 3.5238  cost_loss: 0.9618  q_loss: 0.0741  reward_max: 1.7893  reward_mean: -0.0837  reward_min: -2.3260  state_cost_loss: 0.9621  value_loss: -3.5209
Step:   100000  |  score: 13.33 ± 15.01  |  actor_loss: 3.1513  cost_loss: 0.9845  q_loss: 0.0880  reward_max: 1.2559  reward_mean: -0.0770  reward_min: -1.3963  state_cost_loss: 0.9907  value_loss: -3.1395
Step:   110000  |  score: 2.90 ± 0.82  |  actor_loss: 3.3616  cost_loss: 0.9674  q_loss: 0.0727  reward_max: 1.1886  reward_mean: -0.0226  reward_min: -2.4430  state_cost_loss: 0.9739  value_loss: -2.7804
Step:   120000  |  score: 12.73 ± 15.06  |  actor_loss: 3.6180  cost_loss: 0.9378  q_loss: 0.0630  reward_max: 1.4279  reward_mean: -0.0444  reward_min: -1.9611  state_cost_loss: 0.9357  value_loss: -2.5784
Step:   130000  |  score: 6.55 ± 6.63  |  actor_loss: 3.4136  cost_loss: 0.9857  q_loss: 0.0604  reward_max: 0.8680  reward_mean: -0.0148  reward_min: -2.6155  state_cost_loss: 0.9896  value_loss: -2.3264
Step:   140000  |  score: 18.06 ± 21.62  |  actor_loss: 3.3810  cost_loss: 0.9585  q_loss: 0.0595  reward_max: 1.1338  reward_mean: -0.0657  reward_min: -1.6849  state_cost_loss: 0.9638  value_loss: -2.4255
Step:   150000  |  score: 46.08 ± 26.50  |  actor_loss: 3.4514  cost_loss: 0.9672  q_loss: 0.0527  reward_max: 1.0600  reward_mean: -0.0444  reward_min: -2.0782  state_cost_loss: 0.9709  value_loss: -2.4189
Step:   160000  |  score: 30.77 ± 27.65  |  actor_loss: 3.5435  cost_loss: 0.9478  q_loss: 0.0759  reward_max: 1.2519  reward_mean: -0.0259  reward_min: -2.3898  state_cost_loss: 0.9488  value_loss: -2.3738
Step:   170000  |  score: 44.62 ± 27.13  |  actor_loss: 3.1033  cost_loss: 1.0049  q_loss: 0.0710  reward_max: 1.0416  reward_mean: -0.0478  reward_min: -1.7390  state_cost_loss: 1.0103  value_loss: -2.2929
Step:   180000  |  score: 26.59 ± 30.06  |  actor_loss: 3.3286  cost_loss: 0.9662  q_loss: 0.0583  reward_max: 1.8779  reward_mean: -0.0203  reward_min: -1.8787  state_cost_loss: 0.9661  value_loss: -2.4612
Step:   190000  |  score: 32.82 ± 27.61  |  actor_loss: 3.5768  cost_loss: 0.9490  q_loss: 0.0731  reward_max: 1.5004  reward_mean: -0.0168  reward_min: -1.3650  state_cost_loss: 0.9560  value_loss: -2.4878
Step:   200000  |  score: 20.72 ± 26.56  |  actor_loss: 3.1980  cost_loss: 1.0036  q_loss: 0.0515  reward_max: 1.1625  reward_mean: -0.0327  reward_min: -1.1946  state_cost_loss: 1.0059  value_loss: -2.5373
Step:   210000  |  score: 42.22 ± 29.04  |  actor_loss: 3.4779  cost_loss: 0.9775  q_loss: 0.0525  reward_max: 1.5366  reward_mean: -0.0251  reward_min: -1.8587  state_cost_loss: 0.9848  value_loss: -2.4682
Step:   220000  |  score: 58.39 ± 34.20  |  actor_loss: 3.4737  cost_loss: 0.9270  q_loss: 0.0758  reward_max: 1.8661  reward_mean: -0.0075  reward_min: -1.2048  state_cost_loss: 0.9246  value_loss: -2.6932
Step:   230000  |  score: 51.12 ± 37.60  |  actor_loss: 3.4797  cost_loss: 0.9749  q_loss: 0.0604  reward_max: 0.8429  reward_mean: -0.0571  reward_min: -2.0636  state_cost_loss: 0.9769  value_loss: -2.5037
Step:   240000  |  score: 61.37 ± 27.15  |  actor_loss: 2.9907  cost_loss: 1.0338  q_loss: 0.0538  reward_max: 1.5129  reward_mean: -0.0336  reward_min: -1.1458  state_cost_loss: 1.0370  value_loss: -2.2662
Step:   250000  |  score: 50.78 ± 41.02  |  actor_loss: 3.3913  cost_loss: 0.9625  q_loss: 0.0520  reward_max: 0.8545  reward_mean: -0.0187  reward_min: -2.4343  state_cost_loss: 0.9638  value_loss: -2.6542
Step:   260000  |  score: 57.68 ± 35.65  |  actor_loss: 3.3068  cost_loss: 0.9745  q_loss: 0.0434  reward_max: 1.0292  reward_mean: -0.0448  reward_min: -2.1219  state_cost_loss: 0.9825  value_loss: -2.7280
Step:   270000  |  score: 41.75 ± 40.28  |  actor_loss: 3.4648  cost_loss: 0.9592  q_loss: 0.0489  reward_max: 1.3944  reward_mean: -0.0402  reward_min: -2.4291  state_cost_loss: 0.9640  value_loss: -2.6946
Step:   280000  |  score: 76.46 ± 27.93  |  actor_loss: 3.2131  cost_loss: 0.9782  q_loss: 0.0462  reward_max: 1.1306  reward_mean: -0.0488  reward_min: -1.8373  state_cost_loss: 0.9800  value_loss: -2.8411
Step:   290000  |  score: 57.04 ± 37.19  |  actor_loss: 3.5959  cost_loss: 0.9384  q_loss: 0.0473  reward_max: 1.0092  reward_mean: -0.0354  reward_min: -1.6351  state_cost_loss: 0.9398  value_loss: -3.0022
Step:   300000  |  score: 67.89 ± 27.08  |  actor_loss: 3.2361  cost_loss: 0.9583  q_loss: 0.0576  reward_max: 0.9841  reward_mean: -0.0349  reward_min: -1.9464  state_cost_loss: 0.9626  value_loss: -2.9066
Step:   310000  |  score: 65.98 ± 36.97  |  actor_loss: 3.5374  cost_loss: 0.9514  q_loss: 0.0562  reward_max: 1.5387  reward_mean: -0.0226  reward_min: -2.1664  state_cost_loss: 0.9562  value_loss: -3.0967
Step:   320000  |  score: 53.10 ± 37.23  |  actor_loss: 3.5596  cost_loss: 0.9411  q_loss: 0.0439  reward_max: 1.0028  reward_mean: -0.0194  reward_min: -1.5438  state_cost_loss: 0.9439  value_loss: -3.2112
Step:   330000  |  score: 67.22 ± 37.18  |  actor_loss: 3.3968  cost_loss: 0.9413  q_loss: 0.0573  reward_max: 1.3465  reward_mean: -0.0476  reward_min: -2.2413  state_cost_loss: 0.9446  value_loss: -3.3216
Step:   340000  |  score: 67.24 ± 36.82  |  actor_loss: 3.3825  cost_loss: 0.9686  q_loss: 0.0498  reward_max: 1.2135  reward_mean: -0.0345  reward_min: -1.9045  state_cost_loss: 0.9747  value_loss: -3.1151
Step:   350000  |  score: 68.35 ± 35.50  |  actor_loss: 3.1159  cost_loss: 0.9902  q_loss: 0.0603  reward_max: 1.6636  reward_mean: -0.0499  reward_min: -2.3692  state_cost_loss: 0.9955  value_loss: -3.1026
Step:   360000  |  score: 62.06 ± 37.60  |  actor_loss: 3.8463  cost_loss: 0.8901  q_loss: 0.0526  reward_max: 1.5821  reward_mean: -0.0630  reward_min: -1.3763  state_cost_loss: 0.8888  value_loss: -3.5865
Step:   370000  |  score: 47.54 ± 40.88  |  actor_loss: 3.1895  cost_loss: 0.9635  q_loss: 0.0437  reward_max: 0.9555  reward_mean: -0.0374  reward_min: -1.8738  state_cost_loss: 0.9671  value_loss: -3.1150
Step:   380000  |  score: 65.68 ± 36.35  |  actor_loss: 3.4550  cost_loss: 0.9746  q_loss: 0.0450  reward_max: 1.0283  reward_mean: -0.0266  reward_min: -1.9223  state_cost_loss: 0.9748  value_loss: -3.2076
Step:   390000  |  score: 86.33 ± 5.98  |  actor_loss: 3.3380  cost_loss: 0.9744  q_loss: 0.0646  reward_max: 1.1466  reward_mean: -0.0443  reward_min: -1.8516  state_cost_loss: 0.9781  value_loss: -3.3858
Step:   400000  |  score: 79.15 ± 28.92  |  actor_loss: 3.3592  cost_loss: 0.9685  q_loss: 0.0566  reward_max: 1.5306  reward_mean: -0.0233  reward_min: -1.2014  state_cost_loss: 0.9679  value_loss: -3.0986
Step:   410000  |  score: 71.76 ± 31.38  |  actor_loss: 3.4867  cost_loss: 0.9698  q_loss: 0.0431  reward_max: 0.9799  reward_mean: -0.0456  reward_min: -2.2323  state_cost_loss: 0.9757  value_loss: -3.4058
Step:   420000  |  score: 84.60 ± 8.42  |  actor_loss: 3.5354  cost_loss: 0.9606  q_loss: 0.0486  reward_max: 1.0470  reward_mean: -0.0531  reward_min: -1.8892  state_cost_loss: 0.9663  value_loss: -3.3792
Step:   430000  |  score: 56.36 ± 41.16  |  actor_loss: 3.4697  cost_loss: 0.9594  q_loss: 0.0440  reward_max: 1.2917  reward_mean: -0.0375  reward_min: -1.6064  state_cost_loss: 0.9626  value_loss: -3.3141
Step:   440000  |  score: 80.89 ± 17.57  |  actor_loss: 3.5263  cost_loss: 0.9347  q_loss: 0.0386  reward_max: 1.6988  reward_mean: -0.0525  reward_min: -1.7838  state_cost_loss: 0.9362  value_loss: -3.5369
Step:   450000  |  score: 84.20 ± 8.64  |  actor_loss: 3.2501  cost_loss: 0.9292  q_loss: 0.0646  reward_max: 1.0392  reward_mean: -0.0508  reward_min: -1.9757  state_cost_loss: 0.9339  value_loss: -3.5786
Step:   460000  |  score: 85.21 ± 5.71  |  actor_loss: 3.2463  cost_loss: 0.9632  q_loss: 0.0568  reward_max: 1.0020  reward_mean: -0.0578  reward_min: -1.1875  state_cost_loss: 0.9635  value_loss: -3.2587
Step:   470000  |  score: 85.19 ± 12.78  |  actor_loss: 3.5933  cost_loss: 0.9560  q_loss: 0.0589  reward_max: 1.1328  reward_mean: -0.0030  reward_min: -1.8776  state_cost_loss: 0.9585  value_loss: -3.1762
Step:   480000  |  score: 91.37 ± 1.46  |  actor_loss: 3.3375  cost_loss: 0.9790  q_loss: 0.0358  reward_max: 0.9438  reward_mean: -0.0384  reward_min: -1.6599  state_cost_loss: 0.9818  value_loss: -3.1129
Step:   490000  |  score: 90.63 ± 1.39  |  actor_loss: 3.4534  cost_loss: 0.9588  q_loss: 0.0450  reward_max: 0.9662  reward_mean: -0.0670  reward_min: -2.0300  state_cost_loss: 0.9625  value_loss: -3.3383
Step:   500000  |  score: 88.38 ± 1.60  |  actor_loss: 2.9912  cost_loss: 0.9508  q_loss: 0.0605  reward_max: 1.1317  reward_mean: -0.0411  reward_min: -1.9005  state_cost_loss: 0.9539  value_loss: -3.2150
Step:   510000  |  score: 82.55 ± 17.08  |  actor_loss: 3.2916  cost_loss: 0.9648  q_loss: 0.0454  reward_max: 1.2699  reward_mean: -0.0249  reward_min: -1.3542  state_cost_loss: 0.9707  value_loss: -3.1364
Step:   520000  |  score: 79.06 ± 28.55  |  actor_loss: 3.5418  cost_loss: 0.9204  q_loss: 0.0485  reward_max: 1.3773  reward_mean: -0.0302  reward_min: -2.7770  state_cost_loss: 0.9244  value_loss: -3.3333
Step:   530000  |  score: 82.00 ± 16.00  |  actor_loss: 3.2723  cost_loss: 0.9612  q_loss: 0.0382  reward_max: 1.3655  reward_mean: -0.0310  reward_min: -2.0337  state_cost_loss: 0.9648  value_loss: -3.1517
Step:   540000  |  score: 90.40 ± 1.40  |  actor_loss: 3.4524  cost_loss: 0.9632  q_loss: 0.0504  reward_max: 0.8383  reward_mean: -0.0200  reward_min: -1.4985  state_cost_loss: 0.9664  value_loss: -3.2468
Step:   550000  |  score: 88.35 ± 5.79  |  actor_loss: 3.4129  cost_loss: 0.9924  q_loss: 0.0351  reward_max: 1.0250  reward_mean: -0.0077  reward_min: -1.4985  state_cost_loss: 0.9938  value_loss: -3.1240
Step:   560000  |  score: 90.25 ± 1.33  |  actor_loss: 3.2156  cost_loss: 0.9840  q_loss: 0.0492  reward_max: 0.9682  reward_mean: -0.0353  reward_min: -1.1182  state_cost_loss: 0.9888  value_loss: -3.2374
Step:   570000  |  score: 87.59 ± 10.62  |  actor_loss: 3.3971  cost_loss: 0.9284  q_loss: 0.0359  reward_max: 0.8732  reward_mean: -0.0448  reward_min: -1.7686  state_cost_loss: 0.9324  value_loss: -3.5653
Step:   580000  |  score: 83.78 ± 7.36  |  actor_loss: 3.5949  cost_loss: 0.9449  q_loss: 0.0479  reward_max: 1.1927  reward_mean: -0.0476  reward_min: -1.8797  state_cost_loss: 0.9484  value_loss: -3.6185
Step:   590000  |  score: 69.00 ± 28.55  |  actor_loss: 3.5324  cost_loss: 0.9248  q_loss: 0.0545  reward_max: 1.3895  reward_mean: -0.0331  reward_min: -2.1828  state_cost_loss: 0.9276  value_loss: -3.8095
Step:   600000  |  score: 86.59 ± 1.46  |  actor_loss: 3.2128  cost_loss: 0.9940  q_loss: 0.0383  reward_max: 0.9787  reward_mean: -0.0485  reward_min: -1.6277  state_cost_loss: 0.9976  value_loss: -3.3168
Step:   610000  |  score: 87.62 ± 6.54  |  actor_loss: 3.1215  cost_loss: 0.9961  q_loss: 0.0540  reward_max: 1.5419  reward_mean: -0.0452  reward_min: -1.2395  state_cost_loss: 0.9991  value_loss: -3.4039
Step:   620000  |  score: 85.14 ± 12.31  |  actor_loss: 3.4347  cost_loss: 0.9566  q_loss: 0.0417  reward_max: 1.7705  reward_mean: -0.0180  reward_min: -1.1606  state_cost_loss: 0.9600  value_loss: -3.4272
Step:   630000  |  score: 68.42 ± 37.44  |  actor_loss: 3.2986  cost_loss: 0.9468  q_loss: 0.0454  reward_max: 0.7210  reward_mean: -0.0349  reward_min: -2.3405  state_cost_loss: 0.9475  value_loss: -3.6641
Step:   640000  |  score: 81.32 ± 21.63  |  actor_loss: 3.2707  cost_loss: 1.0018  q_loss: 0.0378  reward_max: 1.0872  reward_mean: -0.0339  reward_min: -1.6236  state_cost_loss: 1.0047  value_loss: -3.2707
Step:   650000  |  score: 90.01 ± 1.76  |  actor_loss: 3.4645  cost_loss: 0.9287  q_loss: 0.0360  reward_max: 1.2430  reward_mean: -0.0369  reward_min: -1.8885  state_cost_loss: 0.9324  value_loss: -3.8364
Step:   660000  |  score: 86.95 ± 8.21  |  actor_loss: 3.4491  cost_loss: 0.9509  q_loss: 0.0467  reward_max: 1.4502  reward_mean: -0.0209  reward_min: -1.9005  state_cost_loss: 0.9535  value_loss: -3.6686
Step:   670000  |  score: 68.09 ± 37.20  |  actor_loss: 3.3018  cost_loss: 0.9965  q_loss: 0.0562  reward_max: 1.1119  reward_mean: -0.0321  reward_min: -1.7234  state_cost_loss: 0.9957  value_loss: -3.2515
Step:   680000  |  score: 83.19 ± 18.88  |  actor_loss: 3.2262  cost_loss: 0.9633  q_loss: 0.0552  reward_max: 0.8747  reward_mean: -0.0449  reward_min: -2.1318  state_cost_loss: 0.9670  value_loss: -3.6888
Step:   690000  |  score: 75.99 ± 27.83  |  actor_loss: 3.5368  cost_loss: 0.9649  q_loss: 0.0375  reward_max: 0.9279  reward_mean: -0.0483  reward_min: -1.3591  state_cost_loss: 0.9657  value_loss: -3.6407
Step:   700000  |  score: 82.14 ± 23.63  |  actor_loss: 3.3517  cost_loss: 0.9690  q_loss: 0.0416  reward_max: 0.9626  reward_mean: -0.0400  reward_min: -1.5151  state_cost_loss: 0.9747  value_loss: -3.8993
Step:   710000  |  score: 91.99 ± 0.93  |  actor_loss: 3.5503  cost_loss: 0.9607  q_loss: 0.0594  reward_max: 1.1106  reward_mean: -0.0421  reward_min: -2.3171  state_cost_loss: 0.9653  value_loss: -3.8644
Step:   720000  |  score: 89.58 ± 2.53  |  actor_loss: 3.3354  cost_loss: 0.9773  q_loss: 0.0391  reward_max: 1.6475  reward_mean: -0.0288  reward_min: -2.0887  state_cost_loss: 0.9788  value_loss: -3.6810
Step:   730000  |  score: 89.02 ± 6.51  |  actor_loss: 3.2517  cost_loss: 0.9713  q_loss: 0.0478  reward_max: 1.4103  reward_mean: -0.0513  reward_min: -1.7685  state_cost_loss: 0.9757  value_loss: -3.7938
Step:   740000  |  score: 90.19 ± 0.95  |  actor_loss: 3.2779  cost_loss: 0.9670  q_loss: 0.0437  reward_max: 0.8599  reward_mean: -0.0332  reward_min: -2.0214  state_cost_loss: 0.9676  value_loss: -3.9213
Step:   750000  |  score: 79.05 ± 28.55  |  actor_loss: 3.2121  cost_loss: 1.0220  q_loss: 0.0397  reward_max: 1.1979  reward_mean: -0.0311  reward_min: -2.5221  state_cost_loss: 1.0301  value_loss: -3.3684
Step:   760000  |  score: 76.19 ± 19.05  |  actor_loss: 3.2866  cost_loss: 0.9504  q_loss: 0.0467  reward_max: 0.9516  reward_mean: -0.0675  reward_min: -2.4820  state_cost_loss: 0.9560  value_loss: -3.8379
Step:   770000  |  score: 88.50 ± 2.32  |  actor_loss: 3.1551  cost_loss: 0.9876  q_loss: 0.0393  reward_max: 1.2772  reward_mean: -0.0349  reward_min: -2.0184  state_cost_loss: 0.9906  value_loss: -3.2635
Step:   780000  |  score: 91.48 ± 2.72  |  actor_loss: 3.3554  cost_loss: 0.9627  q_loss: 0.0376  reward_max: 1.1971  reward_mean: -0.0451  reward_min: -1.0784  state_cost_loss: 0.9663  value_loss: -3.7568
Step:   790000  |  score: 82.84 ± 19.82  |  actor_loss: 3.7733  cost_loss: 0.9384  q_loss: 0.0387  reward_max: 2.0802  reward_mean: -0.0243  reward_min: -1.7104  state_cost_loss: 0.9396  value_loss: -3.7367
Step:   800000  |  score: 90.70 ± 1.01  |  actor_loss: 3.3049  cost_loss: 0.9667  q_loss: 0.0398  reward_max: 1.3101  reward_mean: -0.0443  reward_min: -2.6162  state_cost_loss: 0.9680  value_loss: -3.5343
Step:   810000  |  score: 91.54 ± 1.14  |  actor_loss: 3.2201  cost_loss: 0.9503  q_loss: 0.0310  reward_max: 1.1341  reward_mean: -0.0775  reward_min: -1.5079  state_cost_loss: 0.9553  value_loss: -3.5774
Step:   820000  |  score: 78.03 ± 27.05  |  actor_loss: 3.3579  cost_loss: 0.9545  q_loss: 0.0389  reward_max: 1.1672  reward_mean: -0.0139  reward_min: -1.8712  state_cost_loss: 0.9558  value_loss: -3.4737
Step:   830000  |  score: 91.14 ± 1.57  |  actor_loss: 3.5024  cost_loss: 0.9275  q_loss: 0.0396  reward_max: 1.0070  reward_mean: -0.0311  reward_min: -2.2561  state_cost_loss: 0.9286  value_loss: -3.5509
Step:   840000  |  score: 90.88 ± 0.97  |  actor_loss: 3.5390  cost_loss: 0.9266  q_loss: 0.0398  reward_max: 1.0942  reward_mean: -0.0269  reward_min: -1.2563  state_cost_loss: 0.9284  value_loss: -3.5896
Step:   850000  |  score: 91.79 ± 1.37  |  actor_loss: 3.5645  cost_loss: 0.9222  q_loss: 0.0410  reward_max: 1.0133  reward_mean: -0.0365  reward_min: -1.6346  state_cost_loss: 0.9235  value_loss: -3.6247
Step:   860000  |  score: 89.90 ± 2.29  |  actor_loss: 3.5060  cost_loss: 0.9416  q_loss: 0.0445  reward_max: 1.8856  reward_mean: -0.0247  reward_min: -1.6016  state_cost_loss: 0.9477  value_loss: -3.4557
Step:   870000  |  score: 85.47 ± 10.39  |  actor_loss: 3.3941  cost_loss: 0.9476  q_loss: 0.0379  reward_max: 1.0651  reward_mean: -0.0557  reward_min: -1.4147  state_cost_loss: 0.9504  value_loss: -3.1899
Step:   880000  |  score: 89.70 ± 1.61  |  actor_loss: 3.4676  cost_loss: 0.9688  q_loss: 0.0375  reward_max: 0.9800  reward_mean: -0.0154  reward_min: -1.4660  state_cost_loss: 0.9717  value_loss: -3.1127
Step:   890000  |  score: 75.61 ± 21.47  |  actor_loss: 3.3520  cost_loss: 0.9997  q_loss: 0.0316  reward_max: 1.0314  reward_mean: -0.0449  reward_min: -2.3916  state_cost_loss: 1.0050  value_loss: -2.9976
Step:   900000  |  score: 88.25 ± 1.18  |  actor_loss: 3.5373  cost_loss: 0.9323  q_loss: 0.0447  reward_max: 0.9429  reward_mean: -0.0434  reward_min: -1.5207  state_cost_loss: 0.9360  value_loss: -3.3595
Step:   910000  |  score: 90.16 ± 1.38  |  actor_loss: 3.3380  cost_loss: 0.9479  q_loss: 0.0422  reward_max: 1.1125  reward_mean: -0.0486  reward_min: -1.7659  state_cost_loss: 0.9480  value_loss: -3.3085
Step:   920000  |  score: 89.74 ± 2.32  |  actor_loss: 3.2141  cost_loss: 0.9828  q_loss: 0.0385  reward_max: 1.3566  reward_mean: -0.0180  reward_min: -1.6394  state_cost_loss: 0.9852  value_loss: -3.1167
Step:   930000  |  score: 84.29 ± 19.64  |  actor_loss: 3.0554  cost_loss: 1.0410  q_loss: 0.0436  reward_max: 1.4272  reward_mean: -0.0105  reward_min: -1.8876  state_cost_loss: 1.0409  value_loss: -2.9214
Step:   940000  |  score: 85.68 ± 14.86  |  actor_loss: 3.2206  cost_loss: 0.9842  q_loss: 0.0434  reward_max: 0.9083  reward_mean: -0.0626  reward_min: -2.0632  state_cost_loss: 0.9871  value_loss: -3.2408
Step:   950000  |  score: 84.43 ± 10.20  |  actor_loss: 3.4970  cost_loss: 0.9445  q_loss: 0.0403  reward_max: 0.9926  reward_mean: -0.0247  reward_min: -1.2184  state_cost_loss: 0.9477  value_loss: -3.5121
Step:   960000  |  score: 81.90 ± 29.50  |  actor_loss: 3.5138  cost_loss: 0.9402  q_loss: 0.0384  reward_max: 1.2133  reward_mean: -0.0378  reward_min: -2.4482  state_cost_loss: 0.9400  value_loss: -3.4782
Step:   970000  |  score: 90.35 ± 0.48  |  actor_loss: 3.1950  cost_loss: 1.0014  q_loss: 0.0428  reward_max: 1.4201  reward_mean: -0.0423  reward_min: -1.3611  state_cost_loss: 1.0067  value_loss: -3.1145
Step:   980000  |  score: 89.87 ± 1.08  |  actor_loss: 3.2526  cost_loss: 0.9740  q_loss: 0.0391  reward_max: 1.5878  reward_mean: -0.0286  reward_min: -1.2149  state_cost_loss: 0.9748  value_loss: -3.2326
Step:   990000  |  score: 85.43 ± 12.27  |  actor_loss: 3.3526  cost_loss: 0.9503  q_loss: 0.0293  reward_max: 1.0171  reward_mean: -0.0148  reward_min: -1.7757  state_cost_loss: 0.9537  value_loss: -3.2754
Step:  1000000  |  score: 89.50 ± 1.38  |  actor_loss: 3.3336  cost_loss: 0.9592  q_loss: 0.0467  reward_max: 1.2466  reward_mean: -0.0291  reward_min: -2.6108  state_cost_loss: 0.9630  value_loss: -3.1924
Step:  1010000  |  score: 88.09 ± 3.36  |  actor_loss: 3.4152  cost_loss: 0.9439  q_loss: 0.0410  reward_max: 1.1864  reward_mean: -0.0308  reward_min: -1.3027  state_cost_loss: 0.9463  value_loss: -3.7096
Step:  1020000  |  score: 88.13 ± 2.87  |  actor_loss: 3.2196  cost_loss: 0.9697  q_loss: 0.0404  reward_max: 1.1013  reward_mean: -0.0341  reward_min: -1.6393  state_cost_loss: 0.9740  value_loss: -3.1353
Step:  1030000  |  score: 80.87 ± 28.20  |  actor_loss: 3.2469  cost_loss: 0.9674  q_loss: 0.0432  reward_max: 1.4073  reward_mean: -0.0304  reward_min: -1.9121  state_cost_loss: 0.9688  value_loss: -2.8209
Step:  1040000  |  score: 90.56 ± 3.03  |  actor_loss: 3.6522  cost_loss: 0.9453  q_loss: 0.0376  reward_max: 1.6810  reward_mean: -0.0005  reward_min: -1.1714  state_cost_loss: 0.9482  value_loss: -3.1053
Step:  1050000  |  score: 91.35 ± 1.11  |  actor_loss: 3.2819  cost_loss: 0.9672  q_loss: 0.0425  reward_max: 1.2894  reward_mean: -0.0376  reward_min: -1.8611  state_cost_loss: 0.9705  value_loss: -3.0795
Step:  1060000  |  score: 91.43 ± 1.00  |  actor_loss: 3.1441  cost_loss: 0.9657  q_loss: 0.0377  reward_max: 0.9072  reward_mean: -0.0555  reward_min: -2.2930  state_cost_loss: 0.9677  value_loss: -2.9590
Step:  1070000  |  score: 91.64 ± 0.85  |  actor_loss: 3.2811  cost_loss: 1.0092  q_loss: 0.0376  reward_max: 1.0732  reward_mean: -0.0244  reward_min: -2.8363  state_cost_loss: 1.0134  value_loss: -2.5387
Step:  1080000  |  score: 89.38 ± 1.20  |  actor_loss: 3.4054  cost_loss: 0.9503  q_loss: 0.0367  reward_max: 1.3777  reward_mean: 0.0066  reward_min: -2.4863  state_cost_loss: 0.9504  value_loss: -2.8562
Step:  1090000  |  score: 90.27 ± 0.79  |  actor_loss: 3.1066  cost_loss: 0.9847  q_loss: 0.0355  reward_max: 1.3205  reward_mean: -0.0326  reward_min: -1.4453  state_cost_loss: 0.9822  value_loss: -2.6702
Step:  1100000  |  score: 90.34 ± 1.06  |  actor_loss: 3.2161  cost_loss: 0.9704  q_loss: 0.0424  reward_max: 1.0307  reward_mean: -0.0239  reward_min: -1.6600  state_cost_loss: 0.9739  value_loss: -2.6432
Step:  1110000  |  score: 91.90 ± 0.58  |  actor_loss: 3.4922  cost_loss: 0.9064  q_loss: 0.0549  reward_max: 1.2904  reward_mean: -0.0323  reward_min: -2.7925  state_cost_loss: 0.9083  value_loss: -3.1527
Step:  1120000  |  score: 90.89 ± 1.61  |  actor_loss: 3.2211  cost_loss: 0.9878  q_loss: 0.0401  reward_max: 1.5478  reward_mean: -0.0034  reward_min: -1.7918  state_cost_loss: 0.9892  value_loss: -2.5187
Step:  1130000  |  score: 92.25 ± 1.05  |  actor_loss: 3.5043  cost_loss: 0.9401  q_loss: 0.0410  reward_max: 1.0739  reward_mean: -0.0145  reward_min: -1.6433  state_cost_loss: 0.9411  value_loss: -2.9439
Step:  1140000  |  score: 82.76 ± 17.65  |  actor_loss: 3.3164  cost_loss: 0.9603  q_loss: 0.0352  reward_max: 1.6267  reward_mean: -0.0228  reward_min: -1.8661  state_cost_loss: 0.9658  value_loss: -2.6565
Step:  1150000  |  score: 93.25 ± 0.74  |  actor_loss: 3.2541  cost_loss: 0.9838  q_loss: 0.0379  reward_max: 1.1023  reward_mean: -0.0274  reward_min: -1.5215  state_cost_loss: 0.9852  value_loss: -2.4837
Step:  1160000  |  score: 90.68 ± 1.85  |  actor_loss: 3.3689  cost_loss: 0.9774  q_loss: 0.0340  reward_max: 1.1514  reward_mean: -0.0444  reward_min: -1.5058  state_cost_loss: 0.9798  value_loss: -2.6395
Step:  1170000  |  score: 90.70 ± 0.82  |  actor_loss: 3.2532  cost_loss: 1.0135  q_loss: 0.0544  reward_max: 1.1519  reward_mean: -0.0174  reward_min: -1.3065  state_cost_loss: 1.0139  value_loss: -2.4101
Step:  1180000  |  score: 89.48 ± 1.69  |  actor_loss: 3.4635  cost_loss: 0.9339  q_loss: 0.0395  reward_max: 1.0692  reward_mean: -0.0001  reward_min: -1.6484  state_cost_loss: 0.9339  value_loss: -2.9244
Step:  1190000  |  score: 89.89 ± 0.93  |  actor_loss: 3.4456  cost_loss: 0.9264  q_loss: 0.0405  reward_max: 1.2005  reward_mean: -0.0412  reward_min: -1.5974  state_cost_loss: 0.9292  value_loss: -3.0233
Step:  1200000  |  score: 86.29 ± 13.15  |  actor_loss: 3.3187  cost_loss: 0.9742  q_loss: 0.0387  reward_max: 1.7530  reward_mean: -0.0268  reward_min: -1.5500  state_cost_loss: 0.9760  value_loss: -2.4852
Step:  1210000  |  score: 89.30 ± 0.78  |  actor_loss: 3.5641  cost_loss: 0.9173  q_loss: 0.0363  reward_max: 1.0021  reward_mean: -0.0379  reward_min: -1.9800  state_cost_loss: 0.9198  value_loss: -2.9336
Step:  1220000  |  score: 91.46 ± 1.13  |  actor_loss: 3.1778  cost_loss: 0.9540  q_loss: 0.0311  reward_max: 1.7881  reward_mean: -0.0376  reward_min: -2.7352  state_cost_loss: 0.9555  value_loss: -2.7504
Step:  1230000  |  score: 85.42 ± 16.97  |  actor_loss: 3.3685  cost_loss: 0.9630  q_loss: 0.0380  reward_max: 0.9268  reward_mean: -0.0089  reward_min: -1.2325  state_cost_loss: 0.9637  value_loss: -2.7048
Step:  1240000  |  score: 91.05 ± 1.42  |  actor_loss: 3.2063  cost_loss: 0.9829  q_loss: 0.0315  reward_max: 1.1297  reward_mean: -0.0390  reward_min: -1.1533  state_cost_loss: 0.9856  value_loss: -2.6557
Step:  1250000  |  score: 84.07 ± 21.96  |  actor_loss: 3.2418  cost_loss: 0.9640  q_loss: 0.0278  reward_max: 1.3145  reward_mean: -0.0079  reward_min: -2.4995  state_cost_loss: 0.9719  value_loss: -2.6474
Step:  1260000  |  score: 90.38 ± 2.08  |  actor_loss: 3.4368  cost_loss: 0.9659  q_loss: 0.0339  reward_max: 1.1653  reward_mean: -0.0477  reward_min: -1.7096  state_cost_loss: 0.9674  value_loss: -2.5693
Step:  1270000  |  score: 85.89 ± 12.64  |  actor_loss: 3.3489  cost_loss: 0.9778  q_loss: 0.0355  reward_max: 1.0874  reward_mean: -0.0144  reward_min: -1.6034  state_cost_loss: 0.9804  value_loss: -2.5061
Step:  1280000  |  score: 92.06 ± 0.92  |  actor_loss: 3.3907  cost_loss: 0.9552  q_loss: 0.0461  reward_max: 1.0417  reward_mean: -0.0441  reward_min: -2.2974  state_cost_loss: 0.9614  value_loss: -2.7280
Step:  1290000  |  score: 89.67 ± 5.39  |  actor_loss: 3.3245  cost_loss: 0.9936  q_loss: 0.0323  reward_max: 1.0002  reward_mean: -0.0201  reward_min: -1.9354  state_cost_loss: 0.9971  value_loss: -2.3970
Step:  1300000  |  score: 85.73 ± 14.69  |  actor_loss: 3.3222  cost_loss: 0.9654  q_loss: 0.0357  reward_max: 1.0867  reward_mean: -0.0288  reward_min: -1.6059  state_cost_loss: 0.9639  value_loss: -2.5878
Step:  1310000  |  score: 90.92 ± 1.91  |  actor_loss: 3.2837  cost_loss: 0.9897  q_loss: 0.0307  reward_max: 1.3835  reward_mean: -0.0144  reward_min: -1.4644  state_cost_loss: 0.9944  value_loss: -2.5157
Step:  1320000  |  score: 83.11 ± 19.06  |  actor_loss: 3.2638  cost_loss: 0.9762  q_loss: 0.0463  reward_max: 1.3910  reward_mean: -0.0135  reward_min: -2.0180  state_cost_loss: 0.9831  value_loss: -2.5637
Step:  1330000  |  score: 90.21 ± 1.29  |  actor_loss: 3.4197  cost_loss: 0.9565  q_loss: 0.0420  reward_max: 1.0984  reward_mean: -0.0116  reward_min: -1.8518  state_cost_loss: 0.9589  value_loss: -2.6393
Step:  1340000  |  score: 91.86 ± 1.57  |  actor_loss: 3.4771  cost_loss: 0.9439  q_loss: 0.0303  reward_max: 1.0012  reward_mean: -0.0456  reward_min: -2.3777  state_cost_loss: 0.9456  value_loss: -2.7070
Step:  1350000  |  score: 91.12 ± 1.38  |  actor_loss: 3.1950  cost_loss: 0.9437  q_loss: 0.0443  reward_max: 1.1185  reward_mean: -0.0232  reward_min: -1.5549  state_cost_loss: 0.9469  value_loss: -2.6749
Step:  1360000  |  score: 90.04 ± 1.52  |  actor_loss: 3.3565  cost_loss: 0.9535  q_loss: 0.0316  reward_max: 1.1761  reward_mean: -0.0382  reward_min: -1.6894  state_cost_loss: 0.9560  value_loss: -2.8829
Step:  1370000  |  score: 90.00 ± 1.47  |  actor_loss: 3.7537  cost_loss: 0.9494  q_loss: 0.0376  reward_max: 1.2615  reward_mean: -0.0143  reward_min: -1.4835  state_cost_loss: 0.9489  value_loss: -3.0012
Step:  1380000  |  score: 91.69 ± 1.11  |  actor_loss: 3.2453  cost_loss: 0.9865  q_loss: 0.0343  reward_max: 1.2762  reward_mean: -0.0562  reward_min: -1.7887  state_cost_loss: 0.9894  value_loss: -2.7988
Step:  1390000  |  score: 91.93 ± 1.61  |  actor_loss: 3.3706  cost_loss: 0.9487  q_loss: 0.0374  reward_max: 1.2154  reward_mean: -0.0371  reward_min: -2.0630  state_cost_loss: 0.9495  value_loss: -2.7931
Step:  1400000  |  score: 91.53 ± 0.74  |  actor_loss: 3.4599  cost_loss: 0.9600  q_loss: 0.0390  reward_max: 1.4718  reward_mean: -0.0006  reward_min: -1.4731  state_cost_loss: 0.9594  value_loss: -2.6259
Step:  1410000  |  score: 91.36 ± 1.15  |  actor_loss: 3.7710  cost_loss: 0.9274  q_loss: 0.0405  reward_max: 1.0848  reward_mean: -0.0257  reward_min: -2.4551  state_cost_loss: 0.9274  value_loss: -3.1227
Step:  1420000  |  score: 91.64 ± 1.26  |  actor_loss: 3.1037  cost_loss: 0.9715  q_loss: 0.0382  reward_max: 1.1244  reward_mean: -0.0139  reward_min: -1.3215  state_cost_loss: 0.9694  value_loss: -2.5466
Step:  1430000  |  score: 90.16 ± 1.93  |  actor_loss: 3.3145  cost_loss: 0.9405  q_loss: 0.0369  reward_max: 1.0861  reward_mean: -0.0279  reward_min: -1.2701  state_cost_loss: 0.9416  value_loss: -2.9436
Step:  1440000  |  score: 89.89 ± 1.68  |  actor_loss: 3.2470  cost_loss: 0.9476  q_loss: 0.0350  reward_max: 1.0971  reward_mean: -0.0266  reward_min: -1.4366  state_cost_loss: 0.9472  value_loss: -2.7313
Step:  1450000  |  score: 90.45 ± 4.44  |  actor_loss: 3.3552  cost_loss: 0.9399  q_loss: 0.0386  reward_max: 1.2413  reward_mean: -0.0410  reward_min: -1.3075  state_cost_loss: 0.9423  value_loss: -2.7220
Step:  1460000  |  score: 88.97 ± 9.43  |  actor_loss: 3.2488  cost_loss: 0.9822  q_loss: 0.0319  reward_max: 1.2428  reward_mean: -0.0418  reward_min: -2.2596  state_cost_loss: 0.9815  value_loss: -2.6050
Step:  1470000  |  score: 91.41 ± 0.62  |  actor_loss: 3.2728  cost_loss: 0.9632  q_loss: 0.0354  reward_max: 1.2557  reward_mean: -0.0216  reward_min: -1.6568  state_cost_loss: 0.9625  value_loss: -2.5462
Step:  1480000  |  score: 90.25 ± 0.46  |  actor_loss: 3.4000  cost_loss: 0.9447  q_loss: 0.0438  reward_max: 1.6314  reward_mean: -0.0231  reward_min: -1.8674  state_cost_loss: 0.9459  value_loss: -2.6561
Step:  1490000  |  score: 90.26 ± 1.21  |  actor_loss: 3.4522  cost_loss: 0.9572  q_loss: 0.0389  reward_max: 1.0502  reward_mean: -0.0111  reward_min: -1.6496  state_cost_loss: 0.9579  value_loss: -2.5161
Step:  1500000  |  score: 87.78 ± 7.52  |  actor_loss: 3.3674  cost_loss: 0.9517  q_loss: 0.0371  reward_max: 1.4411  reward_mean: -0.0196  reward_min: -1.3232  state_cost_loss: 0.9545  value_loss: -2.6245
Step:  1510000  |  score: 91.90 ± 1.19  |  actor_loss: 3.1642  cost_loss: 0.9755  q_loss: 0.0308  reward_max: 1.5438  reward_mean: -0.0218  reward_min: -1.1557  state_cost_loss: 0.9775  value_loss: -2.4978
Step:  1520000  |  score: 85.53 ± 15.65  |  actor_loss: 3.2828  cost_loss: 1.0046  q_loss: 0.0847  reward_max: 1.2043  reward_mean: 0.0060  reward_min: -1.9359  state_cost_loss: 1.0058  value_loss: -2.2548
Step:  1530000  |  score: 82.61 ± 24.27  |  actor_loss: 3.2091  cost_loss: 1.0053  q_loss: 0.0364  reward_max: 0.8575  reward_mean: -0.0148  reward_min: -1.7550  state_cost_loss: 1.0068  value_loss: -2.1505
Step:  1540000  |  score: 89.78 ± 1.01  |  actor_loss: 3.1970  cost_loss: 0.9845  q_loss: 0.0362  reward_max: 1.0574  reward_mean: -0.0478  reward_min: -2.3264  state_cost_loss: 0.9874  value_loss: -2.3061
Step:  1550000  |  score: 91.22 ± 1.49  |  actor_loss: 3.4803  cost_loss: 0.9745  q_loss: 0.0363  reward_max: 1.3419  reward_mean: -0.0095  reward_min: -2.2225  state_cost_loss: 0.9793  value_loss: -2.2928
Step:  1560000  |  score: 90.96 ± 0.88  |  actor_loss: 3.2712  cost_loss: 1.0099  q_loss: 0.0333  reward_max: 1.4216  reward_mean: -0.0035  reward_min: -1.2868  state_cost_loss: 1.0085  value_loss: -1.8212
Step:  1570000  |  score: 92.60 ± 0.79  |  actor_loss: 3.1825  cost_loss: 0.9957  q_loss: 0.0409  reward_max: 1.1595  reward_mean: -0.0177  reward_min: -1.2229  state_cost_loss: 0.9995  value_loss: -1.8654
Step:  1580000  |  score: 90.23 ± 1.77  |  actor_loss: 3.1880  cost_loss: 1.0158  q_loss: 0.0333  reward_max: 1.8689  reward_mean: -0.0182  reward_min: -1.3426  state_cost_loss: 1.0148  value_loss: -1.8836
Step:  1590000  |  score: 92.19 ± 1.34  |  actor_loss: 3.3382  cost_loss: 0.9693  q_loss: 0.0334  reward_max: 1.3788  reward_mean: 0.0123  reward_min: -1.1414  state_cost_loss: 0.9710  value_loss: -2.0024
Step:  1600000  |  score: 92.00 ± 1.82  |  actor_loss: 3.2976  cost_loss: 0.9889  q_loss: 0.0311  reward_max: 1.1503  reward_mean: -0.0104  reward_min: -1.4853  state_cost_loss: 0.9929  value_loss: -1.8743
Step:  1610000  |  score: 90.30 ± 1.16  |  actor_loss: 3.3594  cost_loss: 0.9307  q_loss: 0.0330  reward_max: 1.0981  reward_mean: -0.0064  reward_min: -1.7789  state_cost_loss: 0.9309  value_loss: -2.1436
Step:  1620000  |  score: 90.77 ± 0.87  |  actor_loss: 3.0252  cost_loss: 0.9916  q_loss: 0.0377  reward_max: 0.9384  reward_mean: -0.0365  reward_min: -1.3053  state_cost_loss: 0.9917  value_loss: -2.0972
Step:  1630000  |  score: 91.32 ± 1.05  |  actor_loss: 3.3369  cost_loss: 0.9542  q_loss: 0.0341  reward_max: 1.1511  reward_mean: -0.0369  reward_min: -1.7593  state_cost_loss: 0.9572  value_loss: -2.2668
Step:  1640000  |  score: 91.84 ± 0.99  |  actor_loss: 3.4487  cost_loss: 0.9703  q_loss: 0.0433  reward_max: 1.0757  reward_mean: -0.0318  reward_min: -1.9368  state_cost_loss: 0.9743  value_loss: -2.1986
Step:  1650000  |  score: 90.95 ± 1.73  |  actor_loss: 3.3477  cost_loss: 0.9622  q_loss: 0.0523  reward_max: 1.3445  reward_mean: -0.0128  reward_min: -2.3406  state_cost_loss: 0.9642  value_loss: -2.3555
Step:  1660000  |  score: 91.46 ± 1.99  |  actor_loss: 3.1664  cost_loss: 0.9995  q_loss: 0.0354  reward_max: 1.5979  reward_mean: -0.0136  reward_min: -2.7515  state_cost_loss: 0.9996  value_loss: -2.1103
Step:  1670000  |  score: 92.53 ± 1.48  |  actor_loss: 3.5446  cost_loss: 0.9490  q_loss: 0.0378  reward_max: 1.9580  reward_mean: -0.0121  reward_min: -1.2549  state_cost_loss: 0.9496  value_loss: -2.3502
Step:  1680000  |  score: 88.22 ± 9.52  |  actor_loss: 3.6333  cost_loss: 0.9261  q_loss: 0.0336  reward_max: 1.1040  reward_mean: -0.0390  reward_min: -1.4860  state_cost_loss: 0.9303  value_loss: -2.5278
Step:  1690000  |  score: 90.94 ± 0.79  |  actor_loss: 3.2241  cost_loss: 0.9729  q_loss: 0.0292  reward_max: 0.9942  reward_mean: -0.0154  reward_min: -1.1405  state_cost_loss: 0.9742  value_loss: -2.3616
Step:  1700000  |  score: 92.02 ± 1.06  |  actor_loss: 3.4049  cost_loss: 0.9538  q_loss: 0.0358  reward_max: 1.5636  reward_mean: -0.0190  reward_min: -2.1487  state_cost_loss: 0.9538  value_loss: -2.4327
Step:  1710000  |  score: 84.30 ± 17.08  |  actor_loss: 3.4822  cost_loss: 0.9382  q_loss: 0.0371  reward_max: 1.7679  reward_mean: -0.0310  reward_min: -2.0495  state_cost_loss: 0.9455  value_loss: -2.3251
Step:  1720000  |  score: 90.54 ± 7.34  |  actor_loss: 3.3169  cost_loss: 0.9810  q_loss: 0.0391  reward_max: 1.6215  reward_mean: -0.0183  reward_min: -2.1922  state_cost_loss: 0.9828  value_loss: -2.1524
Step:  1730000  |  score: 91.51 ± 1.50  |  actor_loss: 3.5328  cost_loss: 0.9488  q_loss: 0.0378  reward_max: 1.5538  reward_mean: -0.0136  reward_min: -2.0126  state_cost_loss: 0.9482  value_loss: -2.4370
Step:  1740000  |  score: 90.76 ± 0.61  |  actor_loss: 3.2855  cost_loss: 0.9585  q_loss: 0.0332  reward_max: 1.6153  reward_mean: -0.0148  reward_min: -2.3262  state_cost_loss: 0.9620  value_loss: -2.3600
Step:  1750000  |  score: 90.81 ± 1.01  |  actor_loss: 3.0785  cost_loss: 0.9823  q_loss: 0.0349  reward_max: 1.5965  reward_mean: -0.0201  reward_min: -2.0539  state_cost_loss: 0.9839  value_loss: -2.2104
Step:  1760000  |  score: 92.22 ± 1.13  |  actor_loss: 3.3360  cost_loss: 0.9734  q_loss: 0.0477  reward_max: 2.0345  reward_mean: 0.0011  reward_min: -1.7454  state_cost_loss: 0.9750  value_loss: -2.3759
Step:  1770000  |  score: 91.64 ± 1.25  |  actor_loss: 3.4971  cost_loss: 0.9347  q_loss: 0.0360  reward_max: 1.2017  reward_mean: -0.0147  reward_min: -1.4911  state_cost_loss: 0.9390  value_loss: -2.4947
Step:  1780000  |  score: 90.81 ± 1.24  |  actor_loss: 3.3433  cost_loss: 0.9862  q_loss: 0.0356  reward_max: 1.7521  reward_mean: -0.0081  reward_min: -1.2477  state_cost_loss: 0.9839  value_loss: -2.1714
Step:  1790000  |  score: 92.05 ± 1.27  |  actor_loss: 3.0779  cost_loss: 1.0238  q_loss: 0.0322  reward_max: 1.6931  reward_mean: -0.0396  reward_min: -1.5789  state_cost_loss: 1.0298  value_loss: -2.1598
Step:  1800000  |  score: 90.26 ± 1.44  |  actor_loss: 3.3678  cost_loss: 0.9298  q_loss: 0.0343  reward_max: 1.2366  reward_mean: -0.0266  reward_min: -1.3316  state_cost_loss: 0.9317  value_loss: -2.6028
Step:  1810000  |  score: 91.24 ± 1.62  |  actor_loss: 3.1809  cost_loss: 0.9938  q_loss: 0.0364  reward_max: 1.0813  reward_mean: -0.0229  reward_min: -2.1088  state_cost_loss: 0.9979  value_loss: -2.2779
Step:  1820000  |  score: 91.43 ± 0.96  |  actor_loss: 3.3322  cost_loss: 0.9974  q_loss: 0.0327  reward_max: 1.0479  reward_mean: -0.0278  reward_min: -1.2554  state_cost_loss: 0.9960  value_loss: -2.2597
Step:  1830000  |  score: 91.62 ± 1.01  |  actor_loss: 3.5047  cost_loss: 0.9823  q_loss: 0.0330  reward_max: 1.0418  reward_mean: -0.0087  reward_min: -1.8101  state_cost_loss: 0.9816  value_loss: -2.4056
Step:  1840000  |  score: 91.47 ± 1.97  |  actor_loss: 3.1402  cost_loss: 0.9758  q_loss: 0.0349  reward_max: 1.1820  reward_mean: -0.0303  reward_min: -1.5897  state_cost_loss: 0.9793  value_loss: -2.2006
Step:  1850000  |  score: 89.19 ± 7.70  |  actor_loss: 3.5907  cost_loss: 0.9585  q_loss: 0.0391  reward_max: 2.5460  reward_mean: -0.0149  reward_min: -1.5025  state_cost_loss: 0.9588  value_loss: -2.5652
Step:  1860000  |  score: 90.07 ± 1.50  |  actor_loss: 3.1714  cost_loss: 1.0022  q_loss: 0.0291  reward_max: 1.2704  reward_mean: -0.0154  reward_min: -1.7411  state_cost_loss: 1.0055  value_loss: -2.1466
Step:  1870000  |  score: 91.67 ± 0.89  |  actor_loss: 3.4402  cost_loss: 0.9457  q_loss: 0.0350  reward_max: 1.2176  reward_mean: -0.0125  reward_min: -2.2766  state_cost_loss: 0.9473  value_loss: -2.5399
Step:  1880000  |  score: 89.58 ± 1.42  |  actor_loss: 3.1587  cost_loss: 0.9931  q_loss: 0.0335  reward_max: 1.1159  reward_mean: -0.0238  reward_min: -2.0021  state_cost_loss: 0.9949  value_loss: -2.3758
Step:  1890000  |  score: 91.04 ± 0.98  |  actor_loss: 3.2953  cost_loss: 0.9675  q_loss: 0.0367  reward_max: 0.9174  reward_mean: -0.0102  reward_min: -1.2258  state_cost_loss: 0.9656  value_loss: -2.4147
Step:  1900000  |  score: 92.05 ± 1.09  |  actor_loss: 3.3064  cost_loss: 0.9334  q_loss: 0.0292  reward_max: 0.8228  reward_mean: -0.0184  reward_min: -1.1850  state_cost_loss: 0.9353  value_loss: -2.5672
Step:  1910000  |  score: 92.20 ± 0.89  |  actor_loss: 3.3896  cost_loss: 0.9754  q_loss: 0.0357  reward_max: 1.1324  reward_mean: -0.0039  reward_min: -1.3440  state_cost_loss: 0.9803  value_loss: -2.4436
Step:  1920000  |  score: 91.07 ± 0.69  |  actor_loss: 3.2829  cost_loss: 0.9409  q_loss: 0.0407  reward_max: 1.4823  reward_mean: -0.0301  reward_min: -2.9305  state_cost_loss: 0.9472  value_loss: -2.4237
Step:  1930000  |  score: 90.76 ± 0.73  |  actor_loss: 3.3577  cost_loss: 0.9723  q_loss: 0.0351  reward_max: 1.0235  reward_mean: -0.0381  reward_min: -1.7749  state_cost_loss: 0.9717  value_loss: -2.2994
Step:  1940000  |  score: 91.47 ± 1.59  |  actor_loss: 3.6706  cost_loss: 0.9312  q_loss: 0.0414  reward_max: 1.4990  reward_mean: -0.0032  reward_min: -2.1754  state_cost_loss: 0.9338  value_loss: -2.5630
Step:  1950000  |  score: 90.45 ± 2.13  |  actor_loss: 3.3919  cost_loss: 0.9359  q_loss: 0.0514  reward_max: 1.2155  reward_mean: -0.0071  reward_min: -2.3804  state_cost_loss: 0.9397  value_loss: -2.4769
Step:  1960000  |  score: 87.89 ± 7.95  |  actor_loss: 3.3663  cost_loss: 0.9770  q_loss: 0.0371  reward_max: 1.2970  reward_mean: -0.0265  reward_min: -1.6811  state_cost_loss: 0.9804  value_loss: -2.4526
Step:  1970000  |  score: 89.75 ± 1.00  |  actor_loss: 3.3432  cost_loss: 0.9346  q_loss: 0.0401  reward_max: 1.3068  reward_mean: -0.0407  reward_min: -2.5415  state_cost_loss: 0.9409  value_loss: -2.3928
Step:  1980000  |  score: 91.32 ± 0.77  |  actor_loss: 3.5225  cost_loss: 0.9289  q_loss: 0.0342  reward_max: 1.5384  reward_mean: -0.0166  reward_min: -1.8281  state_cost_loss: 0.9297  value_loss: -2.4969
Step:  1990000  |  score: 91.64 ± 1.68  |  actor_loss: 3.3156  cost_loss: 0.9677  q_loss: 0.0384  reward_max: 1.1361  reward_mean: -0.0352  reward_min: -1.5510  state_cost_loss: 0.9701  value_loss: -2.3799
Step:  2000000  |  score: 75.28 ± 26.20  |  actor_loss: 3.3184  cost_loss: 0.9636  q_loss: 0.0427  reward_max: 2.0548  reward_mean: -0.0102  reward_min: -1.7495  state_cost_loss: 0.9679  value_loss: -2.4220
Final evaluation (13 iterations)...
Final score: 89.23 ± 6.86
wandb: WARNING Symlinked 1 file into the W&B run directory; call wandb.save again to sync new files.
wandb: updating run metadata
wandb: uploading final_returns/cdemodice_halfcheetah-expert-v2_2026-03-19_03-12-35.npz; uploading output.log; uploading wandb-summary.json; uploading config.yaml
wandb: uploading final_returns/cdemodice_halfcheetah-expert-v2_2026-03-19_03-12-35.npz; uploading output.log; uploading wandb-summary.json
wandb: uploading summary, console lines 214-215
wandb: 
wandb: Run history:
wandb:  actor_loss ▅▄▄▅▆▆▄▅▃▃▃▄▃▃▃▆▆▁▅▅▂▂▄▅▄█▅▄▃▅▅▃▂▄▄▆▅▆▄▃
wandb:   cost_loss ▄▃▅█▃▂▄▄▁▄▁▁▅▆▂▆▄▃▃▂▁▂▄▂▅▂▃▂▃▄▃▃▄▆▁▄▂▃▂▃
wandb: num_updates ▁▁▁▂▂▂▂▃▃▃▃▃▃▄▄▄▄▄▄▄▅▅▅▅▅▅▅▅▅▅▆▆▆▇▇▇▇▇██
wandb:      q_loss ▂▆▆▅▇▇▅▃▃▄▄▅▃▂▃▁▃▃▂▃▂▂▂▂▂▂▂▂▁▂▂▃█▂▁▁▂▁▂▃
wandb:      return ▁▁▁▅▅▅▇▇▇████▇█▇▇██████▇█▇██████████████
wandb:  reward_max ▆▅▇▃▃▂▆▆▂▃▅▁▁▄▁▅▃█▂▅▃▂▅▄▃▂▃▃▄▂▅▃▇▆▆▄▂▁▃▆
wandb: reward_mean ▁▂▆▃▆▅▅▅▆▆▄█▇▄▇▆▇▆▅▄▆▅█▆▅▇▅▅▆▅▅▆▇▇▇▅▆▇▆▇
wandb:  reward_min ▇▅▅▁▅▃▅▄▇▄▆▅▃▄▅▁▆▄▇▄▆▆▆▃█▄▁▆▇▅▂▁▃▅▆▆▂█▁▅
wandb:       score ▁▁▂▁▄▆▅▆██▆██▇███▇█▇███████▇████████████
wandb:   score_std ▁▁▃▅▆▇▆▇▇██▃▁▄▁▁▁▁▁▄▁▁▆▁▁▁▁▅▃▁▁▄▁▁▁▁▄▂▁▅
wandb:          +2 ...
wandb: 
wandb: Run summary:
wandb:  actor_loss 3.31842
wandb:   cost_loss 0.96358
wandb: num_updates 2000000
wandb:      q_loss 0.04266
wandb:      return 9065.71962
wandb:  reward_max 2.05483
wandb: reward_mean -0.01019
wandb:  reward_min -1.74952
wandb:       score 75.278
wandb:   score_std 26.20261
wandb:          +2 ...
wandb: 
wandb: 🚀 View run cdemodice_halfcheetah_M2_s2 at: https://wandb.ai/wsk208/DemoDICE/runs/uqtu9bsb
wandb: ⭐️ View project at: https://wandb.ai/wsk208/DemoDICE
wandb: Synced 5 W&B file(s), 0 media file(s), 0 artifact file(s) and 1 other file(s)
wandb: Find logs at: ./wandb/run-20260319_024028-uqtu9bsb/logs
