Warning: All of online environments libraries in D4RL have been moved ]8;;https://github.com/Farama-Foundation/Gymnasium\Gymnasium]8;;\, ]8;;https://github.com/Farama-Foundation/MiniGrid\MiniGrid]8;;\ and ]8;;https://github.com/Farama-Foundation/Gymnasium-Robotics\Gymnasium-Robotics]8;;\, and all offline datasets in D4RL have been moved to ]8;;https://github.com/Farama-Foundation/Minari\Minari]8;;\.
These new versions include large bug fixes, new versions of Python, and are where all new development will continue. Please upgrade these libraries as soon as you're able to do so.
If you'd like to read more about the story behind this switch, please check out ]8;;https://farama.org/Announcing-Minari\this blog post]8;;\.
Gym has been unmaintained since 2022 and does not support NumPy 2.0 amongst other critical functionality.
Please upgrade to Gymnasium, the maintained drop-in replacement of Gym, or contact the authors of your software and request that they upgrade.
See the migration guide at https://gymnasium.farama.org/introduction/migration_guide/ for additional information.
/opt/venv/lib/python3.10/site-packages/Cython/Distutils/old_build_ext.py:15: DeprecationWarning: dep_util is Deprecated. Use functions from setuptools instead.
  from distutils.dep_util import newer, newer_group
<frozen importlib._bootstrap>:283: DeprecationWarning: the load_module() method is deprecated and slated for removal in Python 3.12; use exec_module() instead
pybullet build time: Jan 29 2025 23:16:28
wandb: [wandb.login()] Loaded credentials for https://api.wandb.ai from /root/.netrc.
wandb: Currently logged in as: wsk208 to https://api.wandb.ai. Use `wandb login --relogin` to force relogin
/opt/venv/lib/python3.10/site-packages/wandb/analytics/sentry.py:268: DeprecationWarning: Read the `app_url` setting from the appropriate Settings object.
  app_url = wandb.util.app_url(tags["base_url"])  # type: ignore[index]
/opt/venv/lib/python3.10/site-packages/wandb/analytics/sentry.py:279: DeprecationWarning: The `Scope.user` setter is deprecated in favor of `Scope.set_user()`.
  self.scope.user = {"email": email}
wandb: setting up run 9yltkc8q
/opt/venv/lib/python3.10/site-packages/wandb/analytics/sentry.py:268: DeprecationWarning: Read the `app_url` setting from the appropriate Settings object.
  app_url = wandb.util.app_url(tags["base_url"])  # type: ignore[index]
/opt/venv/lib/python3.10/site-packages/wandb/analytics/sentry.py:279: DeprecationWarning: The `Scope.user` setter is deprecated in favor of `Scope.set_user()`.
  self.scope.user = {"email": email}
wandb: Tracking run with wandb version 0.25.1
wandb: Run data is saved locally in /app/wandb/run-20260319_021957-9yltkc8q
wandb: Run `wandb offline` to turn off syncing.
wandb: Syncing run cdemodice_halfcheetah_M1_s4
wandb: ⭐️ View project at https://wandb.ai/wsk208/DemoDICE
wandb: 🚀 View run at https://wandb.ai/wsk208/DemoDICE/runs/9yltkc8q
/opt/venv/lib/python3.10/site-packages/gym/spaces/box.py:84: UserWarning: [33mWARN: Box bound precision lowered by casting to float32[0m
  logger.warn(f"Box bound precision lowered by casting to {self.dtype}")
load datafile:   0%|          | 0/21 [00:00<?, ?it/s]load datafile:   5%|▍         | 1/21 [00:00<00:03,  5.83it/s]load datafile:  14%|█▍        | 3/21 [00:00<00:03,  5.25it/s]load datafile:  19%|█▉        | 4/21 [00:00<00:04,  3.97it/s]load datafile:  81%|████████  | 17/21 [00:01<00:00, 15.32it/s]load datafile:  90%|█████████ | 19/21 [00:01<00:00, 10.62it/s]load datafile: 100%|██████████| 21/21 [00:01<00:00, 11.03it/s]
Expert  :  999000 transitions  (halfcheetah-expert-v2, 400 traj)
load datafile:   0%|          | 0/9 [00:00<?, ?it/s]load datafile:  11%|█         | 1/9 [00:00<00:01,  6.13it/s]load datafile:  33%|███▎      | 3/9 [00:00<00:01,  5.51it/s]load datafile:  44%|████▍     | 4/9 [00:00<00:01,  4.10it/s]load datafile:  56%|█████▌    | 5/9 [00:01<00:01,  3.18it/s]load datafile:  67%|██████▋   | 6/9 [00:01<00:01,  2.77it/s]load datafile: 100%|██████████| 9/9 [00:01<00:00,  4.88it/s]
Imperfect:  999000 transitions  (halfcheetah-random-v2, 100 traj)
Union   : 1998000 transitions total
/root/.local/share/uv/python/cpython-3.10-linux-x86_64-gnu/lib/python3.10/multiprocessing/popen_fork.py:66: RuntimeWarning: os.fork() was called. os.fork() is incompatible with multithreaded code, and JAX is multithreaded, so this will likely lead to a deadlock.
  self.pid = os.fork()
/opt/venv/lib/python3.10/site-packages/tensorflow_probability/python/internal/backend/jax/ops.py:681: DeprecationWarning: jax.interpreters.xla.pytype_aval_mappings is deprecated.
  jax.interpreters.xla.pytype_aval_mappings[onp.ndarray])
/opt/venv/lib/python3.10/site-packages/gym/spaces/box.py:84: UserWarning: [33mWARN: Box bound precision lowered by casting to float32[0m
  logger.warn(f"Box bound precision lowered by casting to {self.dtype}")
Step:    10000  |  score: 2.24 ± 0.00  |  actor_loss: 4.7178  cost_loss: 1.0051  q_loss: 0.0456  reward_max: 0.8861  reward_mean: -0.0541  reward_min: -1.0967  state_cost_loss: 1.0049  value_loss: -1.4601
Step:    20000  |  score: 2.21 ± 0.00  |  actor_loss: 3.7233  cost_loss: 0.9758  q_loss: 0.0498  reward_max: 0.9565  reward_mean: -0.0293  reward_min: -1.5215  state_cost_loss: 0.9778  value_loss: -2.6505
Step:    30000  |  score: 2.18 ± 0.01  |  actor_loss: 3.2683  cost_loss: 0.9967  q_loss: 0.0653  reward_max: 1.5414  reward_mean: -0.0587  reward_min: -1.7769  state_cost_loss: 1.0037  value_loss: -3.3680
Step:    40000  |  score: 5.07 ± 2.44  |  actor_loss: 3.4049  cost_loss: 0.9635  q_loss: 0.0622  reward_max: 1.1117  reward_mean: -0.0709  reward_min: -2.2452  state_cost_loss: 0.9690  value_loss: -4.0730
Step:    50000  |  score: 4.39 ± 1.16  |  actor_loss: 3.6585  cost_loss: 0.9404  q_loss: 0.0551  reward_max: 1.5770  reward_mean: -0.0464  reward_min: -1.2815  state_cost_loss: 0.9441  value_loss: -4.1789
Step:    60000  |  score: 5.23 ± 2.79  |  actor_loss: 3.6144  cost_loss: 0.9474  q_loss: 0.0618  reward_max: 1.4548  reward_mean: -0.0570  reward_min: -1.6081  state_cost_loss: 0.9542  value_loss: -4.0868
Step:    70000  |  score: 5.98 ± 3.71  |  actor_loss: 3.8007  cost_loss: 0.9594  q_loss: 0.0675  reward_max: 1.2981  reward_mean: -0.0654  reward_min: -1.7506  state_cost_loss: 0.9636  value_loss: -3.7873
Step:    80000  |  score: 8.02 ± 6.17  |  actor_loss: 3.7734  cost_loss: 0.9361  q_loss: 0.0637  reward_max: 1.6183  reward_mean: -0.0430  reward_min: -2.0726  state_cost_loss: 0.9388  value_loss: -3.5262
Step:    90000  |  score: 14.38 ± 19.61  |  actor_loss: 3.3607  cost_loss: 0.9999  q_loss: 0.0487  reward_max: 1.0630  reward_mean: -0.0224  reward_min: -1.6940  state_cost_loss: 1.0024  value_loss: -3.1064
Step:   100000  |  score: 20.18 ± 21.69  |  actor_loss: 3.2419  cost_loss: 1.0015  q_loss: 0.0549  reward_max: 1.0415  reward_mean: -0.0445  reward_min: -1.4749  state_cost_loss: 1.0022  value_loss: -2.9741
Step:   110000  |  score: 19.80 ± 20.16  |  actor_loss: 3.3694  cost_loss: 0.9919  q_loss: 0.0594  reward_max: 1.4538  reward_mean: -0.0387  reward_min: -2.1749  state_cost_loss: 1.0003  value_loss: -2.8382
Step:   120000  |  score: 20.80 ± 25.27  |  actor_loss: 3.1907  cost_loss: 0.9976  q_loss: 0.0570  reward_max: 0.8773  reward_mean: -0.0371  reward_min: -1.4245  state_cost_loss: 1.0072  value_loss: -2.5981
Step:   130000  |  score: 17.59 ± 26.66  |  actor_loss: 3.4755  cost_loss: 0.9647  q_loss: 0.0574  reward_max: 1.7885  reward_mean: -0.0267  reward_min: -1.8139  state_cost_loss: 0.9668  value_loss: -2.7748
Step:   140000  |  score: 40.98 ± 29.17  |  actor_loss: 3.2362  cost_loss: 0.9553  q_loss: 0.0678  reward_max: 1.4772  reward_mean: -0.0390  reward_min: -2.9547  state_cost_loss: 0.9632  value_loss: -2.7895
Step:   150000  |  score: 23.92 ± 28.20  |  actor_loss: 3.3800  cost_loss: 0.9694  q_loss: 0.0626  reward_max: 1.1095  reward_mean: -0.0468  reward_min: -2.4363  state_cost_loss: 0.9729  value_loss: -2.7742
Step:   160000  |  score: 30.58 ± 27.19  |  actor_loss: 3.2092  cost_loss: 0.9948  q_loss: 0.0566  reward_max: 1.3358  reward_mean: -0.0297  reward_min: -1.4330  state_cost_loss: 0.9987  value_loss: -2.6035
Step:   170000  |  score: 42.09 ± 38.50  |  actor_loss: 3.4860  cost_loss: 0.9788  q_loss: 0.0585  reward_max: 1.7924  reward_mean: -0.0328  reward_min: -1.5489  state_cost_loss: 0.9789  value_loss: -2.4934
Step:   180000  |  score: 56.72 ± 35.76  |  actor_loss: 3.3009  cost_loss: 0.9682  q_loss: 0.0746  reward_max: 1.3372  reward_mean: -0.0205  reward_min: -1.4502  state_cost_loss: 0.9721  value_loss: -2.5841
Step:   190000  |  score: 51.21 ± 32.98  |  actor_loss: 3.5371  cost_loss: 0.9736  q_loss: 0.0574  reward_max: 1.7211  reward_mean: -0.0352  reward_min: -2.1216  state_cost_loss: 0.9761  value_loss: -2.5885
Step:   200000  |  score: 46.91 ± 39.58  |  actor_loss: 3.3848  cost_loss: 0.9563  q_loss: 0.0539  reward_max: 0.8595  reward_mean: -0.0152  reward_min: -2.2256  state_cost_loss: 0.9560  value_loss: -2.6615
Step:   210000  |  score: 55.43 ± 35.37  |  actor_loss: 3.1125  cost_loss: 0.9892  q_loss: 0.0462  reward_max: 0.9410  reward_mean: -0.0492  reward_min: -1.3742  state_cost_loss: 0.9931  value_loss: -2.7074
Step:   220000  |  score: 63.26 ± 28.65  |  actor_loss: 3.2080  cost_loss: 0.9771  q_loss: 0.0550  reward_max: 0.7781  reward_mean: -0.0293  reward_min: -2.0890  state_cost_loss: 0.9800  value_loss: -2.6703
Step:   230000  |  score: 39.99 ± 33.79  |  actor_loss: 3.2025  cost_loss: 0.9660  q_loss: 0.0494  reward_max: 0.9747  reward_mean: -0.0409  reward_min: -2.1736  state_cost_loss: 0.9682  value_loss: -2.6994
Step:   240000  |  score: 44.93 ± 37.04  |  actor_loss: 3.2863  cost_loss: 0.9807  q_loss: 0.0584  reward_max: 1.0423  reward_mean: -0.0504  reward_min: -1.5830  state_cost_loss: 0.9831  value_loss: -2.7229
Step:   250000  |  score: 53.11 ± 38.91  |  actor_loss: 3.1585  cost_loss: 1.0273  q_loss: 0.0444  reward_max: 1.4343  reward_mean: -0.0366  reward_min: -2.7680  state_cost_loss: 1.0321  value_loss: -2.7236
Step:   260000  |  score: 70.26 ± 19.71  |  actor_loss: 3.3856  cost_loss: 0.9649  q_loss: 0.0503  reward_max: 1.1694  reward_mean: -0.0405  reward_min: -1.9543  state_cost_loss: 0.9671  value_loss: -2.9980
Step:   270000  |  score: 46.77 ± 37.59  |  actor_loss: 3.3886  cost_loss: 0.9506  q_loss: 0.0444  reward_max: 0.8566  reward_mean: -0.0620  reward_min: -1.2661  state_cost_loss: 0.9531  value_loss: -3.1031
Step:   280000  |  score: 88.82 ± 2.85  |  actor_loss: 3.2468  cost_loss: 1.0007  q_loss: 0.0559  reward_max: 1.0895  reward_mean: -0.0178  reward_min: -2.7182  state_cost_loss: 1.0043  value_loss: -2.8329
Step:   290000  |  score: 51.83 ± 33.77  |  actor_loss: 3.4958  cost_loss: 0.9450  q_loss: 0.0602  reward_max: 1.0054  reward_mean: -0.0541  reward_min: -1.6523  state_cost_loss: 0.9483  value_loss: -3.3076
Step:   300000  |  score: 62.96 ± 35.82  |  actor_loss: 3.2782  cost_loss: 0.9631  q_loss: 0.0737  reward_max: 1.5675  reward_mean: -0.0298  reward_min: -3.1966  state_cost_loss: 0.9703  value_loss: -3.2131
Step:   310000  |  score: 73.36 ± 29.02  |  actor_loss: 3.1372  cost_loss: 0.9952  q_loss: 0.0376  reward_max: 0.7147  reward_mean: -0.0283  reward_min: -1.6763  state_cost_loss: 0.9934  value_loss: -3.2269
Step:   320000  |  score: 78.64 ± 22.62  |  actor_loss: 3.4488  cost_loss: 0.9748  q_loss: 0.0442  reward_max: 1.4478  reward_mean: -0.0608  reward_min: -1.4275  state_cost_loss: 0.9804  value_loss: -3.2315
Step:   330000  |  score: 78.67 ± 28.82  |  actor_loss: 3.4665  cost_loss: 0.9572  q_loss: 0.0425  reward_max: 0.8478  reward_mean: -0.0265  reward_min: -2.2148  state_cost_loss: 0.9573  value_loss: -3.4755
Step:   340000  |  score: 73.75 ± 30.20  |  actor_loss: 3.6024  cost_loss: 0.9453  q_loss: 0.0649  reward_max: 1.8759  reward_mean: -0.0401  reward_min: -1.6293  state_cost_loss: 0.9468  value_loss: -3.4940
Step:   350000  |  score: 55.96 ± 40.61  |  actor_loss: 3.1629  cost_loss: 0.9644  q_loss: 0.0790  reward_max: 1.2012  reward_mean: -0.0249  reward_min: -1.2819  state_cost_loss: 0.9650  value_loss: -3.4879
Step:   360000  |  score: 80.82 ± 8.73  |  actor_loss: 3.4232  cost_loss: 0.9475  q_loss: 0.0590  reward_max: 1.1085  reward_mean: -0.0343  reward_min: -1.6171  state_cost_loss: 0.9534  value_loss: -3.7636
Step:   370000  |  score: 87.99 ± 2.37  |  actor_loss: 3.0390  cost_loss: 1.0002  q_loss: 0.0614  reward_max: 1.9378  reward_mean: -0.0371  reward_min: -1.8558  state_cost_loss: 1.0021  value_loss: -3.2732
Step:   380000  |  score: 85.17 ± 4.08  |  actor_loss: 3.1088  cost_loss: 0.9866  q_loss: 0.0489  reward_max: 0.9300  reward_mean: -0.0592  reward_min: -1.9801  state_cost_loss: 0.9870  value_loss: -3.3184
Step:   390000  |  score: 66.83 ± 31.87  |  actor_loss: 3.2599  cost_loss: 0.9617  q_loss: 0.0455  reward_max: 1.1698  reward_mean: -0.0418  reward_min: -1.4032  state_cost_loss: 0.9609  value_loss: -3.4368
Step:   400000  |  score: 79.80 ± 29.05  |  actor_loss: 3.2218  cost_loss: 0.9745  q_loss: 0.0525  reward_max: 0.6107  reward_mean: -0.0442  reward_min: -1.5544  state_cost_loss: 0.9805  value_loss: -3.2911
Step:   410000  |  score: 78.75 ± 28.82  |  actor_loss: 3.4958  cost_loss: 0.9355  q_loss: 0.0489  reward_max: 0.8365  reward_mean: -0.0550  reward_min: -2.0927  state_cost_loss: 0.9396  value_loss: -3.6287
Step:   420000  |  score: 70.47 ± 28.38  |  actor_loss: 3.4347  cost_loss: 0.9653  q_loss: 0.0397  reward_max: 1.4046  reward_mean: -0.0398  reward_min: -1.9933  state_cost_loss: 0.9721  value_loss: -3.7287
Step:   430000  |  score: 75.01 ± 26.42  |  actor_loss: 3.4375  cost_loss: 0.9336  q_loss: 0.0639  reward_max: 0.9487  reward_mean: -0.0308  reward_min: -1.5315  state_cost_loss: 0.9316  value_loss: -3.9197
Step:   440000  |  score: 79.66 ± 21.14  |  actor_loss: 3.3860  cost_loss: 0.9557  q_loss: 0.0624  reward_max: 0.8792  reward_mean: -0.0470  reward_min: -1.6863  state_cost_loss: 0.9573  value_loss: -3.8095
Step:   450000  |  score: 85.71 ± 3.76  |  actor_loss: 3.2471  cost_loss: 0.9874  q_loss: 0.0554  reward_max: 1.4156  reward_mean: -0.0378  reward_min: -2.0786  state_cost_loss: 0.9904  value_loss: -3.5733
Step:   460000  |  score: 79.41 ± 29.06  |  actor_loss: 3.2293  cost_loss: 0.9718  q_loss: 0.0334  reward_max: 1.0096  reward_mean: -0.0625  reward_min: -2.0960  state_cost_loss: 0.9791  value_loss: -3.4791
Step:   470000  |  score: 73.05 ± 31.51  |  actor_loss: 3.3072  cost_loss: 0.9375  q_loss: 0.0472  reward_max: 0.8414  reward_mean: -0.0674  reward_min: -1.6762  state_cost_loss: 0.9420  value_loss: -3.8606
Step:   480000  |  score: 90.27 ± 0.90  |  actor_loss: 3.5129  cost_loss: 0.9275  q_loss: 0.0516  reward_max: 1.4716  reward_mean: -0.0644  reward_min: -2.9426  state_cost_loss: 0.9288  value_loss: -4.0870
Step:   490000  |  score: 78.64 ± 28.82  |  actor_loss: 3.6600  cost_loss: 0.9395  q_loss: 0.0568  reward_max: 0.6655  reward_mean: -0.0762  reward_min: -1.3402  state_cost_loss: 0.9448  value_loss: -4.0051
Step:   500000  |  score: 81.38 ± 19.11  |  actor_loss: 3.1095  cost_loss: 0.9831  q_loss: 0.0422  reward_max: 1.0641  reward_mean: -0.0595  reward_min: -1.8468  state_cost_loss: 0.9868  value_loss: -3.7346
Step:   510000  |  score: 89.62 ± 0.64  |  actor_loss: 3.6044  cost_loss: 0.9363  q_loss: 0.0705  reward_max: 0.7888  reward_mean: -0.0864  reward_min: -2.0631  state_cost_loss: 0.9376  value_loss: -3.9219
Step:   520000  |  score: 91.17 ± 1.19  |  actor_loss: 3.2293  cost_loss: 0.9829  q_loss: 0.0565  reward_max: 1.1264  reward_mean: -0.0291  reward_min: -1.5955  state_cost_loss: 0.9859  value_loss: -3.6828
Step:   530000  |  score: 85.35 ± 13.33  |  actor_loss: 3.1968  cost_loss: 0.9946  q_loss: 0.0395  reward_max: 1.2178  reward_mean: -0.0423  reward_min: -1.5205  state_cost_loss: 0.9961  value_loss: -3.6684
Step:   540000  |  score: 87.80 ± 2.81  |  actor_loss: 3.3971  cost_loss: 0.9361  q_loss: 0.0592  reward_max: 1.1115  reward_mean: -0.0643  reward_min: -3.1150  state_cost_loss: 0.9412  value_loss: -3.9519
Step:   550000  |  score: 75.37 ± 29.05  |  actor_loss: 3.3564  cost_loss: 0.9863  q_loss: 0.0578  reward_max: 0.9748  reward_mean: -0.0547  reward_min: -1.9502  state_cost_loss: 0.9905  value_loss: -3.7656
Step:   560000  |  score: 83.54 ± 13.13  |  actor_loss: 3.1775  cost_loss: 0.9818  q_loss: 0.0511  reward_max: 1.3670  reward_mean: -0.0375  reward_min: -1.2155  state_cost_loss: 0.9836  value_loss: -3.6724
Step:   570000  |  score: 77.90 ± 22.83  |  actor_loss: 3.1385  cost_loss: 0.9622  q_loss: 0.0555  reward_max: 1.8948  reward_mean: -0.0416  reward_min: -1.6690  state_cost_loss: 0.9627  value_loss: -3.6893
Step:   580000  |  score: 84.69 ± 15.74  |  actor_loss: 3.2059  cost_loss: 0.9887  q_loss: 0.0466  reward_max: 0.8486  reward_mean: -0.0555  reward_min: -1.8315  state_cost_loss: 0.9899  value_loss: -3.6086
Step:   590000  |  score: 70.09 ± 29.62  |  actor_loss: 3.2822  cost_loss: 0.9798  q_loss: 0.0553  reward_max: 1.7790  reward_mean: -0.0726  reward_min: -2.2121  state_cost_loss: 0.9804  value_loss: -4.0266
Step:   600000  |  score: 70.88 ± 33.66  |  actor_loss: 3.6693  cost_loss: 0.9427  q_loss: 0.0651  reward_max: 1.3030  reward_mean: -0.0478  reward_min: -1.7747  state_cost_loss: 0.9451  value_loss: -4.1296
Step:   610000  |  score: 91.41 ± 1.23  |  actor_loss: 3.2641  cost_loss: 0.9822  q_loss: 0.0518  reward_max: 0.8815  reward_mean: -0.0416  reward_min: -2.6770  state_cost_loss: 0.9845  value_loss: -3.9022
Step:   620000  |  score: 84.81 ± 7.66  |  actor_loss: 3.6058  cost_loss: 0.9454  q_loss: 0.0457  reward_max: 0.9518  reward_mean: -0.0496  reward_min: -2.6272  state_cost_loss: 0.9503  value_loss: -3.8495
Step:   630000  |  score: 85.29 ± 6.09  |  actor_loss: 3.2016  cost_loss: 0.9639  q_loss: 0.0517  reward_max: 0.9555  reward_mean: -0.0344  reward_min: -1.9141  state_cost_loss: 0.9651  value_loss: -3.7598
Step:   640000  |  score: 78.88 ± 15.32  |  actor_loss: 3.6937  cost_loss: 0.9277  q_loss: 0.0729  reward_max: 1.2406  reward_mean: -0.0684  reward_min: -1.7660  state_cost_loss: 0.9352  value_loss: -4.1050
Step:   650000  |  score: 89.35 ± 2.22  |  actor_loss: 3.5146  cost_loss: 0.9473  q_loss: 0.0461  reward_max: 1.0044  reward_mean: -0.0385  reward_min: -3.4548  state_cost_loss: 0.9467  value_loss: -3.9284
Step:   660000  |  score: 91.70 ± 1.17  |  actor_loss: 3.3506  cost_loss: 0.9922  q_loss: 0.0370  reward_max: 0.9663  reward_mean: -0.0520  reward_min: -1.4650  state_cost_loss: 0.9966  value_loss: -3.9387
Step:   670000  |  score: 83.24 ± 14.84  |  actor_loss: 3.3531  cost_loss: 0.9742  q_loss: 0.0384  reward_max: 0.9589  reward_mean: -0.0462  reward_min: -2.0687  state_cost_loss: 0.9779  value_loss: -4.0082
Step:   680000  |  score: 92.18 ± 1.77  |  actor_loss: 2.9856  cost_loss: 0.9893  q_loss: 0.0353  reward_max: 1.0510  reward_mean: -0.0534  reward_min: -1.7777  state_cost_loss: 0.9946  value_loss: -3.7218
Step:   690000  |  score: 88.61 ± 4.34  |  actor_loss: 3.5948  cost_loss: 0.9376  q_loss: 0.0484  reward_max: 1.2548  reward_mean: -0.0496  reward_min: -1.5775  state_cost_loss: 0.9399  value_loss: -3.7336
Step:   700000  |  score: 92.13 ± 1.29  |  actor_loss: 3.4541  cost_loss: 0.9281  q_loss: 0.0696  reward_max: 1.6280  reward_mean: -0.0339  reward_min: -1.3719  state_cost_loss: 0.9286  value_loss: -4.2237
Step:   710000  |  score: 91.07 ± 2.64  |  actor_loss: 3.2833  cost_loss: 0.9756  q_loss: 0.0462  reward_max: 0.8322  reward_mean: -0.0611  reward_min: -2.0384  state_cost_loss: 0.9785  value_loss: -3.8536
Step:   720000  |  score: 91.35 ± 0.94  |  actor_loss: 3.4246  cost_loss: 0.9559  q_loss: 0.0575  reward_max: 1.2517  reward_mean: -0.0455  reward_min: -3.0837  state_cost_loss: 0.9559  value_loss: -3.8495
Step:   730000  |  score: 90.54 ± 2.37  |  actor_loss: 3.2701  cost_loss: 0.9627  q_loss: 0.0454  reward_max: 0.8976  reward_mean: -0.0642  reward_min: -1.8686  state_cost_loss: 0.9672  value_loss: -4.0193
Step:   740000  |  score: 84.49 ± 12.48  |  actor_loss: 3.3724  cost_loss: 0.9635  q_loss: 0.0446  reward_max: 1.0718  reward_mean: -0.0378  reward_min: -1.5662  state_cost_loss: 0.9672  value_loss: -3.9287
Step:   750000  |  score: 91.50 ± 1.21  |  actor_loss: 3.3525  cost_loss: 0.9471  q_loss: 0.0437  reward_max: 0.7487  reward_mean: -0.0625  reward_min: -1.8041  state_cost_loss: 0.9491  value_loss: -4.0751
Step:   760000  |  score: 79.88 ± 29.29  |  actor_loss: 3.4831  cost_loss: 0.9360  q_loss: 0.0600  reward_max: 1.4608  reward_mean: -0.0619  reward_min: -1.3319  state_cost_loss: 0.9371  value_loss: -4.1226
Step:   770000  |  score: 89.81 ± 1.15  |  actor_loss: 3.5308  cost_loss: 0.9051  q_loss: 0.0493  reward_max: 1.4652  reward_mean: -0.0482  reward_min: -2.5660  state_cost_loss: 0.9068  value_loss: -4.3327
Step:   780000  |  score: 82.81 ± 15.51  |  actor_loss: 3.2454  cost_loss: 1.0052  q_loss: 0.0453  reward_max: 1.0663  reward_mean: -0.0478  reward_min: -1.5905  state_cost_loss: 1.0047  value_loss: -3.6573
Step:   790000  |  score: 84.23 ± 16.30  |  actor_loss: 3.3351  cost_loss: 0.9770  q_loss: 0.0386  reward_max: 1.1018  reward_mean: -0.0380  reward_min: -1.6039  state_cost_loss: 0.9810  value_loss: -3.9153
Step:   800000  |  score: 76.29 ± 28.92  |  actor_loss: 3.3461  cost_loss: 0.9273  q_loss: 0.0542  reward_max: 1.3065  reward_mean: -0.0543  reward_min: -2.6604  state_cost_loss: 0.9255  value_loss: -4.1391
Step:   810000  |  score: 88.49 ± 0.98  |  actor_loss: 3.7175  cost_loss: 0.9650  q_loss: 0.0644  reward_max: 1.3727  reward_mean: -0.0499  reward_min: -1.2002  state_cost_loss: 0.9671  value_loss: -4.1276
Step:   820000  |  score: 87.42 ± 10.03  |  actor_loss: 3.4305  cost_loss: 0.9524  q_loss: 0.0518  reward_max: 0.9325  reward_mean: -0.0454  reward_min: -1.3808  state_cost_loss: 0.9582  value_loss: -4.0416
Step:   830000  |  score: 91.00 ± 2.16  |  actor_loss: 3.3709  cost_loss: 0.9439  q_loss: 0.0403  reward_max: 1.9213  reward_mean: -0.0542  reward_min: -1.5515  state_cost_loss: 0.9483  value_loss: -4.1720
Step:   840000  |  score: 83.54 ± 13.03  |  actor_loss: 3.2041  cost_loss: 0.9815  q_loss: 0.0435  reward_max: 1.5458  reward_mean: -0.0521  reward_min: -1.2030  state_cost_loss: 0.9868  value_loss: -3.9519
Step:   850000  |  score: 89.69 ± 1.54  |  actor_loss: 3.6568  cost_loss: 0.9708  q_loss: 0.0714  reward_max: 1.3899  reward_mean: -0.0401  reward_min: -1.6030  state_cost_loss: 0.9710  value_loss: -3.9748
Step:   860000  |  score: 91.13 ± 1.27  |  actor_loss: 3.5216  cost_loss: 0.9575  q_loss: 0.0437  reward_max: 0.9427  reward_mean: -0.0240  reward_min: -1.0990  state_cost_loss: 0.9577  value_loss: -3.9691
Step:   870000  |  score: 79.98 ± 27.66  |  actor_loss: 3.5589  cost_loss: 0.9428  q_loss: 0.0674  reward_max: 0.9258  reward_mean: -0.0344  reward_min: -1.7120  state_cost_loss: 0.9505  value_loss: -4.2652
Step:   880000  |  score: 90.02 ± 0.85  |  actor_loss: 3.3669  cost_loss: 0.9729  q_loss: 0.0563  reward_max: 0.8633  reward_mean: -0.0719  reward_min: -2.4909  state_cost_loss: 0.9795  value_loss: -4.0849
Step:   890000  |  score: 82.79 ± 19.57  |  actor_loss: 3.4015  cost_loss: 0.9771  q_loss: 0.0570  reward_max: 1.0889  reward_mean: -0.0248  reward_min: -1.2815  state_cost_loss: 0.9777  value_loss: -4.0309
Step:   900000  |  score: 81.60 ± 20.07  |  actor_loss: 3.2809  cost_loss: 0.9587  q_loss: 0.0549  reward_max: 0.8442  reward_mean: -0.0531  reward_min: -1.6800  state_cost_loss: 0.9633  value_loss: -4.1585
Step:   910000  |  score: 91.52 ± 0.80  |  actor_loss: 3.6898  cost_loss: 0.9723  q_loss: 0.0320  reward_max: 1.1640  reward_mean: -0.0321  reward_min: -1.2918  state_cost_loss: 0.9753  value_loss: -4.1425
Step:   920000  |  score: 90.02 ± 0.68  |  actor_loss: 3.4342  cost_loss: 0.9290  q_loss: 0.0389  reward_max: 1.3108  reward_mean: -0.0644  reward_min: -1.1253  state_cost_loss: 0.9331  value_loss: -4.5011
Step:   930000  |  score: 85.86 ± 18.06  |  actor_loss: 3.4357  cost_loss: 0.9544  q_loss: 0.0531  reward_max: 1.2762  reward_mean: -0.0261  reward_min: -1.2997  state_cost_loss: 0.9585  value_loss: -4.1327
Step:   940000  |  score: 69.49 ± 32.20  |  actor_loss: 3.4657  cost_loss: 0.9662  q_loss: 0.0486  reward_max: 0.6182  reward_mean: -0.0471  reward_min: -1.9173  state_cost_loss: 0.9736  value_loss: -4.1925
Step:   950000  |  score: 69.72 ± 38.86  |  actor_loss: 3.3335  cost_loss: 0.9649  q_loss: 0.0574  reward_max: 0.9826  reward_mean: -0.0562  reward_min: -2.1073  state_cost_loss: 0.9659  value_loss: -4.1698
Step:   960000  |  score: 87.50 ± 12.60  |  actor_loss: 3.4897  cost_loss: 0.9832  q_loss: 0.0405  reward_max: 1.1518  reward_mean: -0.0309  reward_min: -1.3919  state_cost_loss: 0.9829  value_loss: -4.1386
Step:   970000  |  score: 87.64 ± 7.55  |  actor_loss: 3.3433  cost_loss: 0.9637  q_loss: 0.0437  reward_max: 0.6713  reward_mean: -0.0550  reward_min: -2.0416  state_cost_loss: 0.9642  value_loss: -4.3266
Step:   980000  |  score: 91.69 ± 0.98  |  actor_loss: 3.4170  cost_loss: 0.9655  q_loss: 0.0429  reward_max: 0.9371  reward_mean: -0.0648  reward_min: -2.4440  state_cost_loss: 0.9660  value_loss: -4.1461
Step:   990000  |  score: 80.18 ± 28.13  |  actor_loss: 3.1132  cost_loss: 0.9881  q_loss: 0.0311  reward_max: 0.8345  reward_mean: -0.0455  reward_min: -1.4105  state_cost_loss: 0.9881  value_loss: -3.9695
Step:  1000000  |  score: 91.11 ± 1.30  |  actor_loss: 3.0315  cost_loss: 1.0039  q_loss: 0.0415  reward_max: 1.0459  reward_mean: -0.0629  reward_min: -1.7885  state_cost_loss: 1.0054  value_loss: -3.8815
Step:  1010000  |  score: 91.68 ± 1.14  |  actor_loss: 3.1918  cost_loss: 0.9408  q_loss: 0.0471  reward_max: 0.8323  reward_mean: -0.0572  reward_min: -1.6831  state_cost_loss: 0.9453  value_loss: -4.4113
Step:  1020000  |  score: 89.66 ± 1.26  |  actor_loss: 3.3804  cost_loss: 0.9705  q_loss: 0.0369  reward_max: 1.1522  reward_mean: -0.0425  reward_min: -1.7262  state_cost_loss: 0.9772  value_loss: -3.9937
Step:  1030000  |  score: 92.51 ± 1.02  |  actor_loss: 3.2171  cost_loss: 0.9889  q_loss: 0.0359  reward_max: 1.0029  reward_mean: -0.0350  reward_min: -1.1832  state_cost_loss: 0.9912  value_loss: -3.8802
Step:  1040000  |  score: 87.83 ± 6.67  |  actor_loss: 3.4939  cost_loss: 0.9332  q_loss: 0.0534  reward_max: 0.9937  reward_mean: -0.0553  reward_min: -1.6791  state_cost_loss: 0.9360  value_loss: -4.3887
Step:  1050000  |  score: 89.15 ± 7.02  |  actor_loss: 3.2238  cost_loss: 1.0110  q_loss: 0.0319  reward_max: 1.3680  reward_mean: -0.0290  reward_min: -1.3226  state_cost_loss: 1.0126  value_loss: -3.7458
Step:  1060000  |  score: 91.62 ± 1.66  |  actor_loss: 3.3185  cost_loss: 0.9871  q_loss: 0.0381  reward_max: 1.0398  reward_mean: -0.0366  reward_min: -1.7205  state_cost_loss: 0.9923  value_loss: -3.8910
Step:  1070000  |  score: 84.75 ± 15.65  |  actor_loss: 3.2686  cost_loss: 0.9703  q_loss: 0.0430  reward_max: 1.1393  reward_mean: -0.0322  reward_min: -2.0116  state_cost_loss: 0.9753  value_loss: -4.1163
Step:  1080000  |  score: 85.83 ± 13.52  |  actor_loss: 3.3467  cost_loss: 0.9709  q_loss: 0.0360  reward_max: 1.1284  reward_mean: -0.0488  reward_min: -1.4690  state_cost_loss: 0.9728  value_loss: -4.1638
Step:  1090000  |  score: 82.46 ± 18.57  |  actor_loss: 3.4121  cost_loss: 0.9482  q_loss: 0.0423  reward_max: 1.1330  reward_mean: -0.0689  reward_min: -2.5170  state_cost_loss: 0.9546  value_loss: -4.0242
Step:  1100000  |  score: 90.75 ± 0.80  |  actor_loss: 3.2927  cost_loss: 0.9843  q_loss: 0.0407  reward_max: 1.0596  reward_mean: -0.0575  reward_min: -1.4155  state_cost_loss: 0.9845  value_loss: -3.9020
Step:  1110000  |  score: 80.97 ± 22.96  |  actor_loss: 3.8776  cost_loss: 0.9534  q_loss: 0.0451  reward_max: 0.8735  reward_mean: -0.0470  reward_min: -2.1314  state_cost_loss: 0.9545  value_loss: -3.9721
Step:  1120000  |  score: 89.66 ± 1.53  |  actor_loss: 3.4174  cost_loss: 0.9704  q_loss: 0.0844  reward_max: 0.9936  reward_mean: -0.0481  reward_min: -1.4712  state_cost_loss: 0.9723  value_loss: -4.0665
Step:  1130000  |  score: 83.10 ± 15.39  |  actor_loss: 3.1396  cost_loss: 0.9942  q_loss: 0.0461  reward_max: 0.9736  reward_mean: -0.0338  reward_min: -2.5144  state_cost_loss: 0.9948  value_loss: -3.7926
Step:  1140000  |  score: 90.10 ± 3.08  |  actor_loss: 3.2056  cost_loss: 0.9721  q_loss: 0.0639  reward_max: 1.0566  reward_mean: -0.0674  reward_min: -1.6284  state_cost_loss: 0.9763  value_loss: -4.0176
Step:  1150000  |  score: 80.21 ± 27.89  |  actor_loss: 3.5705  cost_loss: 0.9622  q_loss: 0.0627  reward_max: 0.9780  reward_mean: -0.0438  reward_min: -1.5884  state_cost_loss: 0.9649  value_loss: -3.9879
Step:  1160000  |  score: 92.37 ± 0.93  |  actor_loss: 3.4732  cost_loss: 0.9330  q_loss: 0.0420  reward_max: 1.0274  reward_mean: -0.0436  reward_min: -1.2819  state_cost_loss: 0.9367  value_loss: -4.2305
Step:  1170000  |  score: 91.20 ± 0.81  |  actor_loss: 3.3878  cost_loss: 0.9250  q_loss: 0.0563  reward_max: 1.1022  reward_mean: -0.0419  reward_min: -1.8400  state_cost_loss: 0.9260  value_loss: -4.2777
Step:  1180000  |  score: 90.22 ± 0.69  |  actor_loss: 3.9662  cost_loss: 0.9647  q_loss: 0.0591  reward_max: 1.0144  reward_mean: -0.0274  reward_min: -1.2846  state_cost_loss: 0.9655  value_loss: -3.8692
Step:  1190000  |  score: 87.74 ± 8.69  |  actor_loss: 3.3208  cost_loss: 0.9577  q_loss: 0.0329  reward_max: 1.0486  reward_mean: -0.0433  reward_min: -1.0992  state_cost_loss: 0.9583  value_loss: -4.0959
Step:  1200000  |  score: 91.11 ± 1.16  |  actor_loss: 3.3084  cost_loss: 0.9378  q_loss: 0.0391  reward_max: 1.0663  reward_mean: -0.0715  reward_min: -2.6492  state_cost_loss: 0.9393  value_loss: -4.1356
Step:  1210000  |  score: 87.96 ± 2.45  |  actor_loss: 3.4377  cost_loss: 0.9602  q_loss: 0.0416  reward_max: 1.3371  reward_mean: -0.0462  reward_min: -2.3376  state_cost_loss: 0.9672  value_loss: -3.9289
Step:  1220000  |  score: 91.00 ± 1.84  |  actor_loss: 3.4929  cost_loss: 0.9903  q_loss: 0.0473  reward_max: 0.9948  reward_mean: -0.0227  reward_min: -1.8720  state_cost_loss: 0.9951  value_loss: -3.7315
Step:  1230000  |  score: 90.69 ± 0.96  |  actor_loss: 3.5653  cost_loss: 0.9462  q_loss: 0.0345  reward_max: 1.1191  reward_mean: -0.0349  reward_min: -1.6495  state_cost_loss: 0.9498  value_loss: -3.9250
Step:  1240000  |  score: 90.83 ± 0.96  |  actor_loss: 3.2963  cost_loss: 1.0026  q_loss: 0.0376  reward_max: 1.0723  reward_mean: -0.0392  reward_min: -1.5854  state_cost_loss: 1.0073  value_loss: -3.5841
Step:  1250000  |  score: 91.01 ± 0.68  |  actor_loss: 3.1886  cost_loss: 0.9849  q_loss: 0.0364  reward_max: 0.8696  reward_mean: -0.0532  reward_min: -2.5219  state_cost_loss: 0.9858  value_loss: -3.5559
Step:  1260000  |  score: 89.92 ± 1.74  |  actor_loss: 3.0978  cost_loss: 0.9997  q_loss: 0.0423  reward_max: 1.0263  reward_mean: -0.0485  reward_min: -2.6506  state_cost_loss: 1.0062  value_loss: -3.5778
Step:  1270000  |  score: 91.67 ± 0.77  |  actor_loss: 3.3134  cost_loss: 0.9340  q_loss: 0.0469  reward_max: 1.2264  reward_mean: -0.0435  reward_min: -1.6639  state_cost_loss: 0.9348  value_loss: -4.1040
Step:  1280000  |  score: 91.48 ± 1.31  |  actor_loss: 3.0920  cost_loss: 0.9907  q_loss: 0.0308  reward_max: 1.2740  reward_mean: -0.0414  reward_min: -1.5771  state_cost_loss: 0.9925  value_loss: -3.5072
Step:  1290000  |  score: 91.13 ± 1.29  |  actor_loss: 3.2738  cost_loss: 0.9596  q_loss: 0.0370  reward_max: 0.7561  reward_mean: -0.0564  reward_min: -1.9106  state_cost_loss: 0.9629  value_loss: -3.9098
Step:  1300000  |  score: 91.14 ± 1.38  |  actor_loss: 3.4528  cost_loss: 0.9223  q_loss: 0.0412  reward_max: 1.0474  reward_mean: -0.0334  reward_min: -1.6034  state_cost_loss: 0.9269  value_loss: -4.0994
Step:  1310000  |  score: 92.51 ± 2.39  |  actor_loss: 3.1796  cost_loss: 0.9683  q_loss: 0.0412  reward_max: 1.7882  reward_mean: -0.0288  reward_min: -2.1137  state_cost_loss: 0.9705  value_loss: -3.5092
Step:  1320000  |  score: 90.66 ± 1.55  |  actor_loss: 3.3866  cost_loss: 0.9413  q_loss: 0.0410  reward_max: 1.1709  reward_mean: -0.0317  reward_min: -1.3292  state_cost_loss: 0.9427  value_loss: -3.9326
Step:  1330000  |  score: 91.32 ± 2.09  |  actor_loss: 3.4341  cost_loss: 0.9366  q_loss: 0.0342  reward_max: 1.2005  reward_mean: -0.0607  reward_min: -2.4445  state_cost_loss: 0.9444  value_loss: -4.1079
Step:  1340000  |  score: 70.12 ± 35.19  |  actor_loss: 3.3745  cost_loss: 0.9395  q_loss: 0.0348  reward_max: 1.1397  reward_mean: -0.0484  reward_min: -2.1614  state_cost_loss: 0.9427  value_loss: -4.1392
Step:  1350000  |  score: 92.18 ± 0.97  |  actor_loss: 3.2872  cost_loss: 1.0063  q_loss: 0.0259  reward_max: 1.0869  reward_mean: -0.0237  reward_min: -1.8897  state_cost_loss: 1.0086  value_loss: -3.6581
Step:  1360000  |  score: 92.18 ± 1.21  |  actor_loss: 3.0531  cost_loss: 1.0213  q_loss: 0.0408  reward_max: 0.9875  reward_mean: -0.0423  reward_min: -1.2373  state_cost_loss: 1.0259  value_loss: -3.5799
Step:  1370000  |  score: 90.37 ± 1.47  |  actor_loss: 3.1697  cost_loss: 0.9770  q_loss: 0.0405  reward_max: 0.7944  reward_mean: -0.0484  reward_min: -3.1787  state_cost_loss: 0.9796  value_loss: -3.8124
Step:  1380000  |  score: 90.98 ± 0.52  |  actor_loss: 3.3056  cost_loss: 0.9869  q_loss: 0.0467  reward_max: 1.3128  reward_mean: -0.0145  reward_min: -1.1019  state_cost_loss: 0.9885  value_loss: -3.6613
Step:  1390000  |  score: 93.88 ± 1.41  |  actor_loss: 3.2407  cost_loss: 0.9453  q_loss: 0.0392  reward_max: 1.0266  reward_mean: -0.0622  reward_min: -2.0858  state_cost_loss: 0.9482  value_loss: -4.0091
Step:  1400000  |  score: 91.88 ± 0.58  |  actor_loss: 3.4284  cost_loss: 0.9325  q_loss: 0.0448  reward_max: 1.1738  reward_mean: -0.0655  reward_min: -1.4992  state_cost_loss: 0.9357  value_loss: -4.1555
Step:  1410000  |  score: 91.38 ± 1.41  |  actor_loss: 3.5229  cost_loss: 0.9391  q_loss: 0.0300  reward_max: 1.4510  reward_mean: -0.0460  reward_min: -1.2123  state_cost_loss: 0.9411  value_loss: -4.0677
Step:  1420000  |  score: 90.80 ± 0.85  |  actor_loss: 3.0587  cost_loss: 0.9796  q_loss: 0.0297  reward_max: 0.9709  reward_mean: -0.0639  reward_min: -1.7092  state_cost_loss: 0.9800  value_loss: -3.8815
Step:  1430000  |  score: 89.76 ± 0.60  |  actor_loss: 3.3455  cost_loss: 0.9756  q_loss: 0.0421  reward_max: 0.7856  reward_mean: -0.0359  reward_min: -2.1777  state_cost_loss: 0.9787  value_loss: -3.8330
Step:  1440000  |  score: 91.81 ± 0.81  |  actor_loss: 3.0882  cost_loss: 0.9706  q_loss: 0.0390  reward_max: 1.0327  reward_mean: -0.0638  reward_min: -1.3010  state_cost_loss: 0.9774  value_loss: -3.9399
Step:  1450000  |  score: 91.76 ± 0.93  |  actor_loss: 3.3994  cost_loss: 0.9468  q_loss: 0.0375  reward_max: 0.9148  reward_mean: -0.0576  reward_min: -1.8049  state_cost_loss: 0.9492  value_loss: -4.1972
Step:  1460000  |  score: 86.39 ± 12.20  |  actor_loss: 3.4190  cost_loss: 0.9512  q_loss: 0.0423  reward_max: 1.1356  reward_mean: -0.0498  reward_min: -2.2543  state_cost_loss: 0.9529  value_loss: -4.2923
Step:  1470000  |  score: 85.74 ± 19.14  |  actor_loss: 3.2609  cost_loss: 0.9691  q_loss: 0.0368  reward_max: 0.9285  reward_mean: -0.0557  reward_min: -1.8184  state_cost_loss: 0.9706  value_loss: -4.1195
Step:  1480000  |  score: 91.84 ± 0.85  |  actor_loss: 3.3903  cost_loss: 0.9321  q_loss: 0.0523  reward_max: 1.0620  reward_mean: -0.0436  reward_min: -1.6356  state_cost_loss: 0.9329  value_loss: -4.3258
Step:  1490000  |  score: 91.67 ± 0.76  |  actor_loss: 3.3073  cost_loss: 0.9714  q_loss: 0.0564  reward_max: 0.9897  reward_mean: -0.0436  reward_min: -1.1897  state_cost_loss: 0.9743  value_loss: -4.0341
Step:  1500000  |  score: 88.81 ± 11.81  |  actor_loss: 3.4159  cost_loss: 0.9695  q_loss: 0.0374  reward_max: 0.9102  reward_mean: -0.0664  reward_min: -2.0668  state_cost_loss: 0.9757  value_loss: -4.0137
Step:  1510000  |  score: 91.84 ± 0.57  |  actor_loss: 3.4917  cost_loss: 0.9389  q_loss: 0.0476  reward_max: 1.1283  reward_mean: -0.0273  reward_min: -1.8622  state_cost_loss: 0.9453  value_loss: -4.0609
Step:  1520000  |  score: 90.56 ± 1.09  |  actor_loss: 3.2845  cost_loss: 0.9834  q_loss: 0.0328  reward_max: 1.1539  reward_mean: -0.0386  reward_min: -3.3170  state_cost_loss: 0.9847  value_loss: -3.7251
Step:  1530000  |  score: 92.13 ± 0.67  |  actor_loss: 3.2421  cost_loss: 0.9850  q_loss: 0.0404  reward_max: 0.9171  reward_mean: -0.0384  reward_min: -1.7710  state_cost_loss: 0.9854  value_loss: -3.6679
Step:  1540000  |  score: 90.31 ± 1.38  |  actor_loss: 3.2109  cost_loss: 0.9653  q_loss: 0.0426  reward_max: 1.2339  reward_mean: -0.0317  reward_min: -1.8677  state_cost_loss: 0.9679  value_loss: -3.5973
Step:  1550000  |  score: 88.58 ± 0.97  |  actor_loss: 3.7590  cost_loss: 0.9041  q_loss: 0.0308  reward_max: 1.3510  reward_mean: -0.0536  reward_min: -1.4563  state_cost_loss: 0.9050  value_loss: -3.9337
Step:  1560000  |  score: 91.64 ± 0.93  |  actor_loss: 3.1728  cost_loss: 0.9749  q_loss: 0.0429  reward_max: 0.9049  reward_mean: -0.0424  reward_min: -1.7033  state_cost_loss: 0.9816  value_loss: -3.5253
Step:  1570000  |  score: 91.50 ± 1.15  |  actor_loss: 3.6617  cost_loss: 0.9095  q_loss: 0.0437  reward_max: 0.7194  reward_mean: -0.0386  reward_min: -1.4083  state_cost_loss: 0.9130  value_loss: -3.8932
Step:  1580000  |  score: 91.48 ± 1.27  |  actor_loss: 3.4154  cost_loss: 0.9151  q_loss: 0.0388  reward_max: 0.9768  reward_mean: -0.0464  reward_min: -1.9279  state_cost_loss: 0.9183  value_loss: -3.8137
Step:  1590000  |  score: 92.52 ± 0.73  |  actor_loss: 3.2527  cost_loss: 0.9552  q_loss: 0.0316  reward_max: 1.5419  reward_mean: -0.0384  reward_min: -1.9066  state_cost_loss: 0.9573  value_loss: -3.6000
Step:  1600000  |  score: 91.76 ± 0.83  |  actor_loss: 3.2559  cost_loss: 0.9518  q_loss: 0.0340  reward_max: 0.8430  reward_mean: -0.0573  reward_min: -1.6081  state_cost_loss: 0.9541  value_loss: -3.5377
Step:  1610000  |  score: 91.21 ± 1.98  |  actor_loss: 3.3688  cost_loss: 0.9605  q_loss: 0.0378  reward_max: 1.4128  reward_mean: -0.0238  reward_min: -1.8198  state_cost_loss: 0.9648  value_loss: -3.3513
Step:  1620000  |  score: 85.07 ± 17.04  |  actor_loss: 3.2282  cost_loss: 0.9761  q_loss: 0.0336  reward_max: 1.0123  reward_mean: -0.0513  reward_min: -1.8715  state_cost_loss: 0.9800  value_loss: -3.4516
Step:  1630000  |  score: 90.99 ± 2.06  |  actor_loss: 3.6829  cost_loss: 0.9383  q_loss: 0.0411  reward_max: 1.3183  reward_mean: -0.0012  reward_min: -1.3752  state_cost_loss: 0.9375  value_loss: -3.5881
Step:  1640000  |  score: 92.16 ± 1.14  |  actor_loss: 3.3933  cost_loss: 0.9560  q_loss: 0.0420  reward_max: 0.9009  reward_mean: -0.0394  reward_min: -2.6087  state_cost_loss: 0.9639  value_loss: -3.4505
Step:  1650000  |  score: 90.55 ± 1.47  |  actor_loss: 3.3568  cost_loss: 0.9804  q_loss: 0.0330  reward_max: 1.0545  reward_mean: -0.0318  reward_min: -1.9287  state_cost_loss: 0.9832  value_loss: -3.4481
Step:  1660000  |  score: 80.92 ± 29.68  |  actor_loss: 3.4155  cost_loss: 0.9588  q_loss: 0.0345  reward_max: 1.5896  reward_mean: -0.0294  reward_min: -1.8437  state_cost_loss: 0.9600  value_loss: -3.5451
Step:  1670000  |  score: 90.89 ± 1.67  |  actor_loss: 3.1937  cost_loss: 0.9957  q_loss: 0.0321  reward_max: 1.0162  reward_mean: -0.0416  reward_min: -2.0877  state_cost_loss: 0.9999  value_loss: -3.2469
Step:  1680000  |  score: 91.05 ± 2.17  |  actor_loss: 3.3231  cost_loss: 0.9814  q_loss: 0.0331  reward_max: 1.6370  reward_mean: -0.0378  reward_min: -1.1112  state_cost_loss: 0.9845  value_loss: -3.4084
Step:  1690000  |  score: 91.94 ± 1.36  |  actor_loss: 3.4502  cost_loss: 0.9387  q_loss: 0.0401  reward_max: 1.3489  reward_mean: -0.0371  reward_min: -2.4071  state_cost_loss: 0.9406  value_loss: -3.6733
Step:  1700000  |  score: 83.56 ± 17.01  |  actor_loss: 3.1248  cost_loss: 0.9925  q_loss: 0.0308  reward_max: 0.8903  reward_mean: -0.0445  reward_min: -2.7915  state_cost_loss: 0.9936  value_loss: -3.2584
Step:  1710000  |  score: 91.31 ± 0.69  |  actor_loss: 3.2697  cost_loss: 0.9995  q_loss: 0.0290  reward_max: 1.8714  reward_mean: -0.0173  reward_min: -1.6283  state_cost_loss: 1.0000  value_loss: -3.1250
Step:  1720000  |  score: 90.58 ± 0.73  |  actor_loss: 3.4238  cost_loss: 0.9491  q_loss: 0.0375  reward_max: 1.3390  reward_mean: -0.0340  reward_min: -1.9413  state_cost_loss: 0.9536  value_loss: -3.2821
Step:  1730000  |  score: 89.51 ± 0.76  |  actor_loss: 3.4474  cost_loss: 0.9589  q_loss: 0.0280  reward_max: 2.2275  reward_mean: -0.0176  reward_min: -1.2553  state_cost_loss: 0.9599  value_loss: -3.2499
Step:  1740000  |  score: 87.08 ± 9.23  |  actor_loss: 3.4949  cost_loss: 0.9338  q_loss: 0.0311  reward_max: 1.0722  reward_mean: -0.0308  reward_min: -1.7989  state_cost_loss: 0.9337  value_loss: -3.3908
Step:  1750000  |  score: 82.74 ± 16.41  |  actor_loss: 3.4021  cost_loss: 0.9788  q_loss: 0.0382  reward_max: 1.1285  reward_mean: -0.0271  reward_min: -2.0885  state_cost_loss: 0.9819  value_loss: -3.0770
Step:  1760000  |  score: 89.03 ± 0.73  |  actor_loss: 3.2293  cost_loss: 0.9999  q_loss: 0.0339  reward_max: 1.3569  reward_mean: -0.0406  reward_min: -2.2980  state_cost_loss: 1.0055  value_loss: -3.1390
Step:  1770000  |  score: 92.82 ± 1.63  |  actor_loss: 3.1982  cost_loss: 1.0023  q_loss: 0.0290  reward_max: 0.9290  reward_mean: -0.0304  reward_min: -2.6039  state_cost_loss: 1.0023  value_loss: -2.7604
Step:  1780000  |  score: 91.03 ± 0.85  |  actor_loss: 3.3099  cost_loss: 0.9519  q_loss: 0.0298  reward_max: 0.7921  reward_mean: -0.0541  reward_min: -1.6206  state_cost_loss: 0.9551  value_loss: -3.1838
Step:  1790000  |  score: 91.32 ± 1.51  |  actor_loss: 3.4424  cost_loss: 0.9466  q_loss: 0.0341  reward_max: 1.7268  reward_mean: -0.0215  reward_min: -1.6736  state_cost_loss: 0.9514  value_loss: -3.1098
Step:  1800000  |  score: 90.26 ± 0.74  |  actor_loss: 3.4388  cost_loss: 0.9548  q_loss: 0.1060  reward_max: 1.4726  reward_mean: -0.0338  reward_min: -1.3969  state_cost_loss: 0.9560  value_loss: -3.1576
Step:  1810000  |  score: 91.69 ± 1.26  |  actor_loss: 3.3345  cost_loss: 0.9524  q_loss: 0.0268  reward_max: 1.2338  reward_mean: -0.0124  reward_min: -1.3186  state_cost_loss: 0.9530  value_loss: -3.1886
Step:  1820000  |  score: 89.91 ± 1.83  |  actor_loss: 3.5410  cost_loss: 0.9304  q_loss: 0.0435  reward_max: 0.9328  reward_mean: -0.0272  reward_min: -1.8326  state_cost_loss: 0.9299  value_loss: -3.2631
Step:  1830000  |  score: 90.68 ± 0.59  |  actor_loss: 3.3966  cost_loss: 0.9999  q_loss: 0.0300  reward_max: 1.1724  reward_mean: 0.0038  reward_min: -1.4848  state_cost_loss: 0.9997  value_loss: -2.9429
Step:  1840000  |  score: 90.35 ± 1.40  |  actor_loss: 3.3287  cost_loss: 0.9810  q_loss: 0.0354  reward_max: 0.9453  reward_mean: -0.0286  reward_min: -2.0024  state_cost_loss: 0.9786  value_loss: -2.9067
Step:  1850000  |  score: 80.06 ± 28.87  |  actor_loss: 3.2642  cost_loss: 0.9820  q_loss: 0.0324  reward_max: 1.1262  reward_mean: -0.0160  reward_min: -1.1846  state_cost_loss: 0.9846  value_loss: -2.8809
Step:  1860000  |  score: 92.45 ± 0.76  |  actor_loss: 3.2775  cost_loss: 0.9705  q_loss: 0.0274  reward_max: 1.1639  reward_mean: -0.0343  reward_min: -2.4715  state_cost_loss: 0.9745  value_loss: -2.8626
Step:  1870000  |  score: 92.80 ± 1.13  |  actor_loss: 3.5243  cost_loss: 0.9676  q_loss: 0.0374  reward_max: 1.7180  reward_mean: -0.0330  reward_min: -1.3535  state_cost_loss: 0.9727  value_loss: -2.9117
Step:  1880000  |  score: 85.03 ± 16.28  |  actor_loss: 3.2333  cost_loss: 0.9737  q_loss: 0.0305  reward_max: 0.9531  reward_mean: -0.0561  reward_min: -2.9264  state_cost_loss: 0.9786  value_loss: -2.8593
Step:  1890000  |  score: 92.12 ± 0.72  |  actor_loss: 3.3133  cost_loss: 0.9798  q_loss: 0.0377  reward_max: 0.9764  reward_mean: -0.0574  reward_min: -2.0552  state_cost_loss: 0.9839  value_loss: -2.8215
Step:  1900000  |  score: 90.95 ± 0.53  |  actor_loss: 3.3717  cost_loss: 0.9601  q_loss: 0.0354  reward_max: 0.9534  reward_mean: -0.0357  reward_min: -2.4647  state_cost_loss: 0.9589  value_loss: -2.8894
Step:  1910000  |  score: 89.38 ± 1.14  |  actor_loss: 3.4361  cost_loss: 0.9452  q_loss: 0.0296  reward_max: 1.2521  reward_mean: -0.0178  reward_min: -1.6124  state_cost_loss: 0.9481  value_loss: -2.9141
Step:  1920000  |  score: 92.18 ± 0.85  |  actor_loss: 3.4115  cost_loss: 0.9749  q_loss: 0.0297  reward_max: 1.4433  reward_mean: -0.0511  reward_min: -1.9084  state_cost_loss: 0.9807  value_loss: -2.9060
Step:  1930000  |  score: 91.89 ± 2.43  |  actor_loss: 3.2002  cost_loss: 0.9901  q_loss: 0.0329  reward_max: 0.9881  reward_mean: -0.0349  reward_min: -2.0900  state_cost_loss: 0.9901  value_loss: -2.7155
Step:  1940000  |  score: 91.47 ± 0.57  |  actor_loss: 3.3647  cost_loss: 0.9577  q_loss: 0.0329  reward_max: 1.0646  reward_mean: -0.0285  reward_min: -1.8379  state_cost_loss: 0.9618  value_loss: -2.9089
Step:  1950000  |  score: 92.89 ± 1.29  |  actor_loss: 3.2671  cost_loss: 0.9780  q_loss: 0.0286  reward_max: 0.8996  reward_mean: -0.0393  reward_min: -2.0600  state_cost_loss: 0.9796  value_loss: -2.7344
Step:  1960000  |  score: 91.68 ± 0.91  |  actor_loss: 3.5281  cost_loss: 0.9561  q_loss: 0.0340  reward_max: 1.4021  reward_mean: -0.0279  reward_min: -2.4170  state_cost_loss: 0.9583  value_loss: -2.9221
Step:  1970000  |  score: 90.70 ± 0.86  |  actor_loss: 3.3763  cost_loss: 0.9129  q_loss: 0.0345  reward_max: 0.9337  reward_mean: -0.0198  reward_min: -1.7937  state_cost_loss: 0.9142  value_loss: -3.0151
Step:  1980000  |  score: 92.25 ± 0.92  |  actor_loss: 3.2862  cost_loss: 0.9674  q_loss: 0.0345  reward_max: 1.2829  reward_mean: -0.0439  reward_min: -1.8707  state_cost_loss: 0.9697  value_loss: -2.7587
Step:  1990000  |  score: 91.51 ± 0.93  |  actor_loss: 3.0064  cost_loss: 1.0008  q_loss: 0.0375  reward_max: 1.3190  reward_mean: -0.0091  reward_min: -2.4945  state_cost_loss: 1.0007  value_loss: -2.4765
Step:  2000000  |  score: 92.46 ± 1.12  |  actor_loss: 3.1199  cost_loss: 0.9575  q_loss: 0.0410  reward_max: 1.0543  reward_mean: -0.0158  reward_min: -1.5519  state_cost_loss: 0.9601  value_loss: -2.7467
Final evaluation (13 iterations)...
Final score: 90.63 ± 9.56
wandb: WARNING Symlinked 1 file into the W&B run directory; call wandb.save again to sync new files.
wandb: updating run metadata
wandb: uploading final_returns/cdemodice_halfcheetah-expert-v2_2026-03-19_02-51-19.npz; uploading output.log; uploading wandb-summary.json; uploading config.yaml
wandb: uploading summary, console lines 214-215
wandb: 
wandb: Run history:
wandb:  actor_loss ▃▅██▄▄▂▃▃▄▇▃▂▃▅▆▇▅▅▄▃▄▄▄▃▃▆▁▅▄▃▂▅▃▄▃▄▅▅▁
wandb:   cost_loss ▄▃▃▇▄▅▅▅█▄▄▃▅▅▃▂▅▄▅▆▅▆▄▇▆▅▆▆▄▁▄▄▅▃▃▂▆▅▅▄
wandb: num_updates ▁▁▁▁▂▂▂▂▂▂▂▂▃▃▃▃▃▃▃▃▄▄▄▄▄▄▅▅▅▅▆▆▆▇▇▇▇▇██
wandb:      q_loss ▃▃▄▄▄▃▃▃▃▄▄▃▅▃▃▂▂▃▄▄▂▂▅▂▂▂▃▂▂▂▂▃▄▂▂▁█▁▂▂
wandb:      return ▁▁▂▃▅▄█▇▇▇█▇▇█▇█▇▇▇▇▇███████████▇▇██▇███
wandb:  reward_max ▂▅▆▇▇▃▃▂█▄▂▅▃▃▂▁▅▅▂▅▂▃▄▃▃▄▇▄▁▃▂▅▁▃▂▆▂▃▂▃
wandb: reward_mean ▆▅▄▂▄▃▂▄▂▄▄▄▂▄▂▅▃▃▂▅▄▁▃▅▃▂▄▅▄▃▄▃▄▅▄█▄▅▅▆
wandb:  reward_min ▇▆▆▅▆▁▄▆▆▆▆▅▄▅▆▁▇▃▆▃▆▆▇██▇▇▃▇▆▆▄▅█▆█▇▅█▅
wandb:       score ▁▁▁▁▂▇█▇▇▇██▇▇▆▇██▇██████▇██████████▇███
wandb:   score_std ▁▁▅▆█▆▆▆▃▃▄▃▁▄▄▅▅▁▂▁▄▅▆▁▁▁▇▁▁▁▃▁▁▁▁▁▁▁▁▁
wandb:          +2 ...
wandb: 
wandb: Run summary:
wandb:  actor_loss 3.11991
wandb:   cost_loss 0.95753
wandb: num_updates 2000000
wandb:      q_loss 0.04099
wandb:      return 11199.06355
wandb:  reward_max 1.05428
wandb: reward_mean -0.01582
wandb:  reward_min -1.5519
wandb:       score 92.46135
wandb:   score_std 1.1188
wandb:          +2 ...
wandb: 
wandb: 🚀 View run cdemodice_halfcheetah_M1_s4 at: https://wandb.ai/wsk208/DemoDICE/runs/9yltkc8q
wandb: ⭐️ View project at: https://wandb.ai/wsk208/DemoDICE
wandb: Synced 5 W&B file(s), 0 media file(s), 0 artifact file(s) and 1 other file(s)
wandb: Find logs at: ./wandb/run-20260319_021957-9yltkc8q/logs
