Warning: All of online environments libraries in D4RL have been moved ]8;;https://github.com/Farama-Foundation/Gymnasium\Gymnasium]8;;\, ]8;;https://github.com/Farama-Foundation/MiniGrid\MiniGrid]8;;\ and ]8;;https://github.com/Farama-Foundation/Gymnasium-Robotics\Gymnasium-Robotics]8;;\, and all offline datasets in D4RL have been moved to ]8;;https://github.com/Farama-Foundation/Minari\Minari]8;;\.
These new versions include large bug fixes, new versions of Python, and are where all new development will continue. Please upgrade these libraries as soon as you're able to do so.
If you'd like to read more about the story behind this switch, please check out ]8;;https://farama.org/Announcing-Minari\this blog post]8;;\.
Gym has been unmaintained since 2022 and does not support NumPy 2.0 amongst other critical functionality.
Please upgrade to Gymnasium, the maintained drop-in replacement of Gym, or contact the authors of your software and request that they upgrade.
See the migration guide at https://gymnasium.farama.org/introduction/migration_guide/ for additional information.
/opt/venv/lib/python3.10/site-packages/Cython/Distutils/old_build_ext.py:15: DeprecationWarning: dep_util is Deprecated. Use functions from setuptools instead.
  from distutils.dep_util import newer, newer_group
<frozen importlib._bootstrap>:283: DeprecationWarning: the load_module() method is deprecated and slated for removal in Python 3.12; use exec_module() instead
pybullet build time: Jan 29 2025 23:16:28
wandb: [wandb.login()] Loaded credentials for https://api.wandb.ai from /root/.netrc.
wandb: Currently logged in as: wsk208 to https://api.wandb.ai. Use `wandb login --relogin` to force relogin
/opt/venv/lib/python3.10/site-packages/wandb/analytics/sentry.py:268: DeprecationWarning: Read the `app_url` setting from the appropriate Settings object.
  app_url = wandb.util.app_url(tags["base_url"])  # type: ignore[index]
/opt/venv/lib/python3.10/site-packages/wandb/analytics/sentry.py:279: DeprecationWarning: The `Scope.user` setter is deprecated in favor of `Scope.set_user()`.
  self.scope.user = {"email": email}
wandb: setting up run 6qdarilw
/opt/venv/lib/python3.10/site-packages/wandb/analytics/sentry.py:268: DeprecationWarning: Read the `app_url` setting from the appropriate Settings object.
  app_url = wandb.util.app_url(tags["base_url"])  # type: ignore[index]
/opt/venv/lib/python3.10/site-packages/wandb/analytics/sentry.py:279: DeprecationWarning: The `Scope.user` setter is deprecated in favor of `Scope.set_user()`.
  self.scope.user = {"email": email}
wandb: Tracking run with wandb version 0.25.1
wandb: Run data is saved locally in /app/wandb/run-20260318_202336-6qdarilw
wandb: Run `wandb offline` to turn off syncing.
wandb: Syncing run cdemodice_walker2d_M3_s3
wandb: ⭐️ View project at https://wandb.ai/wsk208/DemoDICE
wandb: 🚀 View run at https://wandb.ai/wsk208/DemoDICE/runs/6qdarilw
/opt/venv/lib/python3.10/site-packages/gym/spaces/box.py:84: UserWarning: [33mWARN: Box bound precision lowered by casting to float32[0m
  logger.warn(f"Box bound precision lowered by casting to {self.dtype}")
load datafile:   0%|          | 0/21 [00:00<?, ?it/s]load datafile:   5%|▍         | 1/21 [00:00<00:03,  5.72it/s]load datafile:  14%|█▍        | 3/21 [00:00<00:03,  5.24it/s]load datafile:  19%|█▉        | 4/21 [00:00<00:04,  4.03it/s]load datafile:  81%|████████  | 17/21 [00:01<00:00, 15.42it/s]load datafile:  90%|█████████ | 19/21 [00:01<00:00, 10.69it/s]load datafile: 100%|██████████| 21/21 [00:01<00:00, 11.10it/s]
Expert  :  999000 transitions  (walker2d-expert-v2, 400 traj)
load datafile:   0%|          | 0/9 [00:00<?, ?it/s]load datafile:  11%|█         | 1/9 [00:00<00:01,  6.18it/s]load datafile:  33%|███▎      | 3/9 [00:00<00:01,  5.49it/s]load datafile:  44%|████▍     | 4/9 [00:00<00:01,  4.12it/s]load datafile:  56%|█████▌    | 5/9 [00:01<00:01,  3.21it/s]load datafile:  67%|██████▋   | 6/9 [00:01<00:01,  2.80it/s]load datafile: 100%|██████████| 9/9 [00:01<00:00,  4.92it/s]
Imperfect:   31801 transitions  (walker2d-random-v2, 1600 traj)
Union   : 1030801 transitions total
/root/.local/share/uv/python/cpython-3.10-linux-x86_64-gnu/lib/python3.10/multiprocessing/popen_fork.py:66: RuntimeWarning: os.fork() was called. os.fork() is incompatible with multithreaded code, and JAX is multithreaded, so this will likely lead to a deadlock.
  self.pid = os.fork()
/opt/venv/lib/python3.10/site-packages/tensorflow_probability/python/internal/backend/jax/ops.py:681: DeprecationWarning: jax.interpreters.xla.pytype_aval_mappings is deprecated.
  jax.interpreters.xla.pytype_aval_mappings[onp.ndarray])
/opt/venv/lib/python3.10/site-packages/gym/spaces/box.py:84: UserWarning: [33mWARN: Box bound precision lowered by casting to float32[0m
  logger.warn(f"Box bound precision lowered by casting to {self.dtype}")
Step:    10000  |  score: 30.71 ± 7.85  |  actor_loss: 4.0098  cost_loss: 1.3603  q_loss: 0.0084  reward_max: 1.0339  reward_mean: -0.0111  reward_min: -1.0805  state_cost_loss: 1.3607  value_loss: -0.0570
Step:    20000  |  score: 74.16 ± 24.25  |  actor_loss: 2.3843  cost_loss: 1.3577  q_loss: 0.0056  reward_max: 0.6372  reward_mean: -0.0028  reward_min: -0.9474  state_cost_loss: 1.3593  value_loss: 0.0202
Step:    30000  |  score: 89.09 ± 14.34  |  actor_loss: 0.9334  cost_loss: 1.3627  q_loss: 0.0045  reward_max: 0.5738  reward_mean: 0.0010  reward_min: -1.1051  state_cost_loss: 1.3625  value_loss: 0.0825
Step:    40000  |  score: 108.86 ± 0.32  |  actor_loss: -0.1339  cost_loss: 1.3575  q_loss: 0.0035  reward_max: 1.0605  reward_mean: 0.0094  reward_min: -0.7862  state_cost_loss: 1.3559  value_loss: 0.1260
Step:    50000  |  score: 108.56 ± 0.60  |  actor_loss: -1.0149  cost_loss: 1.3689  q_loss: 0.0035  reward_max: 0.9277  reward_mean: 0.0027  reward_min: -0.6822  state_cost_loss: 1.3692  value_loss: 0.1741
Step:    60000  |  score: 108.49 ± 0.67  |  actor_loss: -1.1797  cost_loss: 1.3598  q_loss: 0.0041  reward_max: 0.9375  reward_mean: 0.0019  reward_min: -1.4359  state_cost_loss: 1.3616  value_loss: 0.2099
Step:    70000  |  score: 108.75 ± 0.40  |  actor_loss: -0.9697  cost_loss: 1.3571  q_loss: 0.0031  reward_max: 0.5531  reward_mean: -0.0146  reward_min: -1.4856  state_cost_loss: 1.3600  value_loss: 0.2370
Step:    80000  |  score: 108.66 ± 0.26  |  actor_loss: -1.1917  cost_loss: 1.3651  q_loss: 0.0022  reward_max: 0.7928  reward_mean: -0.0032  reward_min: -0.6452  state_cost_loss: 1.3656  value_loss: 0.2561
Step:    90000  |  score: 108.17 ± 0.29  |  actor_loss: -1.1178  cost_loss: 1.3582  q_loss: 0.0044  reward_max: 0.8301  reward_mean: 0.0061  reward_min: -1.3570  state_cost_loss: 1.3585  value_loss: 0.2833
Step:   100000  |  score: 108.77 ± 0.18  |  actor_loss: -1.2959  cost_loss: 1.3665  q_loss: 0.0027  reward_max: 0.5575  reward_mean: 0.0001  reward_min: -1.0830  state_cost_loss: 1.3696  value_loss: 0.2952
Step:   110000  |  score: 108.95 ± 0.14  |  actor_loss: -1.0642  cost_loss: 1.3578  q_loss: 0.0047  reward_max: 0.8634  reward_mean: -0.0036  reward_min: -2.1212  state_cost_loss: 1.3576  value_loss: 0.3149
Step:   120000  |  score: 108.97 ± 0.29  |  actor_loss: -1.6786  cost_loss: 1.3681  q_loss: 0.0022  reward_max: 0.6636  reward_mean: -0.0020  reward_min: -0.7761  state_cost_loss: 1.3683  value_loss: 0.3001
Step:   130000  |  score: 108.65 ± 0.13  |  actor_loss: -1.4298  cost_loss: 1.3668  q_loss: 0.0022  reward_max: 1.0149  reward_mean: -0.0002  reward_min: -1.5725  state_cost_loss: 1.3657  value_loss: 0.3289
Step:   140000  |  score: 108.51 ± 0.31  |  actor_loss: -0.8964  cost_loss: 1.3537  q_loss: 0.0050  reward_max: 0.5103  reward_mean: -0.0173  reward_min: -1.6140  state_cost_loss: 1.3556  value_loss: 0.3254
Step:   150000  |  score: 108.59 ± 0.94  |  actor_loss: -1.3653  cost_loss: 1.3598  q_loss: 0.0026  reward_max: 0.3846  reward_mean: -0.0092  reward_min: -1.3784  state_cost_loss: 1.3616  value_loss: 0.3482
Step:   160000  |  score: 108.71 ± 0.31  |  actor_loss: -1.4625  cost_loss: 1.3600  q_loss: 0.0045  reward_max: 0.7634  reward_mean: -0.0135  reward_min: -1.7732  state_cost_loss: 1.3610  value_loss: 0.3510
Step:   170000  |  score: 108.92 ± 0.18  |  actor_loss: -1.7577  cost_loss: 1.3718  q_loss: 0.0019  reward_max: 0.9373  reward_mean: 0.0034  reward_min: -0.6402  state_cost_loss: 1.3728  value_loss: 0.3761
Step:   180000  |  score: 108.81 ± 0.19  |  actor_loss: -1.4937  cost_loss: 1.3674  q_loss: 0.0023  reward_max: 0.8348  reward_mean: -0.0003  reward_min: -1.9234  state_cost_loss: 1.3677  value_loss: 0.3901
Step:   190000  |  score: 109.31 ± 0.53  |  actor_loss: -1.5358  cost_loss: 1.3686  q_loss: 0.0030  reward_max: 1.0034  reward_mean: 0.0006  reward_min: -2.2824  state_cost_loss: 1.3667  value_loss: 0.4030
Step:   200000  |  score: 108.04 ± 0.52  |  actor_loss: -1.5882  cost_loss: 1.3675  q_loss: 0.0032  reward_max: 0.6746  reward_mean: -0.0109  reward_min: -2.3005  state_cost_loss: 1.3685  value_loss: 0.3815
Step:   210000  |  score: 108.87 ± 0.22  |  actor_loss: -1.6857  cost_loss: 1.3665  q_loss: 0.0024  reward_max: 0.4727  reward_mean: -0.0005  reward_min: -1.0124  state_cost_loss: 1.3673  value_loss: 0.4239
Step:   220000  |  score: 108.36 ± 0.69  |  actor_loss: -1.4417  cost_loss: 1.3662  q_loss: 0.0021  reward_max: 0.7920  reward_mean: 0.0020  reward_min: -0.9867  state_cost_loss: 1.3668  value_loss: 0.4278
Step:   230000  |  score: 108.96 ± 0.31  |  actor_loss: -1.7655  cost_loss: 1.3667  q_loss: 0.0017  reward_max: 0.2996  reward_mean: -0.0122  reward_min: -1.6179  state_cost_loss: 1.3682  value_loss: 0.3892
Step:   240000  |  score: 108.99 ± 0.29  |  actor_loss: -1.4729  cost_loss: 1.3631  q_loss: 0.0019  reward_max: 0.7847  reward_mean: -0.0090  reward_min: -2.2053  state_cost_loss: 1.3660  value_loss: 0.4133
Step:   250000  |  score: 109.30 ± 0.43  |  actor_loss: -1.3439  cost_loss: 1.3600  q_loss: 0.0030  reward_max: 0.4840  reward_mean: -0.0081  reward_min: -2.2590  state_cost_loss: 1.3613  value_loss: 0.4267
Step:   260000  |  score: 108.23 ± 0.90  |  actor_loss: -1.5052  cost_loss: 1.3584  q_loss: 0.0045  reward_max: 0.7282  reward_mean: -0.0022  reward_min: -2.1166  state_cost_loss: 1.3597  value_loss: 0.4160
Step:   270000  |  score: 108.76 ± 0.44  |  actor_loss: -1.2430  cost_loss: 1.3531  q_loss: 0.0029  reward_max: 0.5588  reward_mean: -0.0057  reward_min: -1.9177  state_cost_loss: 1.3537  value_loss: 0.4305
Step:   280000  |  score: 108.80 ± 0.36  |  actor_loss: -1.1914  cost_loss: 1.3555  q_loss: 0.0046  reward_max: 0.6785  reward_mean: -0.0092  reward_min: -1.8873  state_cost_loss: 1.3565  value_loss: 0.4577
Step:   290000  |  score: 108.91 ± 0.29  |  actor_loss: -1.9299  cost_loss: 1.3644  q_loss: 0.0020  reward_max: 0.6012  reward_mean: 0.0026  reward_min: -1.4010  state_cost_loss: 1.3654  value_loss: 0.4591
Step:   300000  |  score: 108.42 ± 0.39  |  actor_loss: -1.5301  cost_loss: 1.3677  q_loss: 0.0013  reward_max: 0.4710  reward_mean: -0.0108  reward_min: -2.3876  state_cost_loss: 1.3703  value_loss: 0.4529
Step:   310000  |  score: 108.68 ± 0.15  |  actor_loss: -1.7435  cost_loss: 1.3658  q_loss: 0.0019  reward_max: 0.2613  reward_mean: -0.0065  reward_min: -3.0676  state_cost_loss: 1.3676  value_loss: 0.4310
Step:   320000  |  score: 107.82 ± 0.37  |  actor_loss: -1.3733  cost_loss: 1.3590  q_loss: 0.0024  reward_max: 0.4156  reward_mean: -0.0023  reward_min: -1.5208  state_cost_loss: 1.3591  value_loss: 0.4588
Step:   330000  |  score: 108.58 ± 0.23  |  actor_loss: -0.9369  cost_loss: 1.3546  q_loss: 0.0041  reward_max: 1.0348  reward_mean: -0.0167  reward_min: -2.3214  state_cost_loss: 1.3561  value_loss: 0.4503
Step:   340000  |  score: 108.16 ± 0.49  |  actor_loss: -1.5789  cost_loss: 1.3633  q_loss: 0.0031  reward_max: 0.9414  reward_mean: 0.0034  reward_min: -1.3218  state_cost_loss: 1.3635  value_loss: 0.4599
Step:   350000  |  score: 108.33 ± 0.53  |  actor_loss: -1.8022  cost_loss: 1.3704  q_loss: 0.0023  reward_max: 0.9659  reward_mean: 0.0078  reward_min: -0.1022  state_cost_loss: 1.3695  value_loss: 0.4762
Step:   360000  |  score: 108.81 ± 0.17  |  actor_loss: -1.8386  cost_loss: 1.3715  q_loss: 0.0017  reward_max: 0.1375  reward_mean: -0.0007  reward_min: -1.2290  state_cost_loss: 1.3738  value_loss: 0.4739
Step:   370000  |  score: 108.24 ± 0.30  |  actor_loss: -1.4740  cost_loss: 1.3604  q_loss: 0.0023  reward_max: 0.6946  reward_mean: -0.0103  reward_min: -2.0423  state_cost_loss: 1.3627  value_loss: 0.4624
Step:   380000  |  score: 109.29 ± 0.31  |  actor_loss: -1.7038  cost_loss: 1.3689  q_loss: 0.0017  reward_max: 0.5654  reward_mean: -0.0129  reward_min: -2.0120  state_cost_loss: 1.3728  value_loss: 0.4698
Step:   390000  |  score: 106.59 ± 1.39  |  actor_loss: -1.5561  cost_loss: 1.3594  q_loss: 0.0030  reward_max: 1.0716  reward_mean: -0.0031  reward_min: -1.8583  state_cost_loss: 1.3585  value_loss: 0.4670
Step:   400000  |  score: 108.82 ± 0.26  |  actor_loss: -1.9311  cost_loss: 1.3719  q_loss: 0.0016  reward_max: 0.0577  reward_mean: -0.0018  reward_min: -0.8085  state_cost_loss: 1.3734  value_loss: 0.4616
Step:   410000  |  score: 108.87 ± 0.27  |  actor_loss: -1.7108  cost_loss: 1.3623  q_loss: 0.0029  reward_max: 0.4628  reward_mean: -0.0202  reward_min: -1.9855  state_cost_loss: 1.3669  value_loss: 0.4748
Step:   420000  |  score: 108.40 ± 0.57  |  actor_loss: -1.5341  cost_loss: 1.3683  q_loss: 0.0021  reward_max: 0.7089  reward_mean: 0.0071  reward_min: -0.4781  state_cost_loss: 1.3678  value_loss: 0.4820
Step:   430000  |  score: 108.63 ± 0.42  |  actor_loss: -1.7287  cost_loss: 1.3641  q_loss: 0.0029  reward_max: 0.5765  reward_mean: -0.0069  reward_min: -2.1409  state_cost_loss: 1.3656  value_loss: 0.4889
Step:   440000  |  score: 108.83 ± 0.39  |  actor_loss: -1.3760  cost_loss: 1.3635  q_loss: 0.0025  reward_max: 0.7796  reward_mean: 0.0037  reward_min: -0.5403  state_cost_loss: 1.3629  value_loss: 0.4897
Step:   450000  |  score: 108.58 ± 0.29  |  actor_loss: -1.5384  cost_loss: 1.3580  q_loss: 0.0016  reward_max: 0.9588  reward_mean: 0.0033  reward_min: -0.5263  state_cost_loss: 1.3566  value_loss: 0.4925
Step:   460000  |  score: 109.15 ± 0.33  |  actor_loss: -1.5548  cost_loss: 1.3593  q_loss: 0.0026  reward_max: 0.3814  reward_mean: -0.0109  reward_min: -1.8896  state_cost_loss: 1.3599  value_loss: 0.4773
Step:   470000  |  score: 108.57 ± 0.35  |  actor_loss: -1.4558  cost_loss: 1.3589  q_loss: 0.0044  reward_max: 0.6389  reward_mean: 0.0025  reward_min: -1.3329  state_cost_loss: 1.3601  value_loss: 0.5000
Step:   480000  |  score: 108.46 ± 0.27  |  actor_loss: -2.1083  cost_loss: 1.3704  q_loss: 0.0012  reward_max: 1.0516  reward_mean: -0.0083  reward_min: -1.9264  state_cost_loss: 1.3711  value_loss: 0.4776
Step:   490000  |  score: 108.83 ± 0.16  |  actor_loss: -1.5033  cost_loss: 1.3610  q_loss: 0.0015  reward_max: 0.4189  reward_mean: 0.0020  reward_min: -0.4832  state_cost_loss: 1.3611  value_loss: 0.4871
Step:   500000  |  score: 108.81 ± 0.18  |  actor_loss: -1.4164  cost_loss: 1.3540  q_loss: 0.0063  reward_max: 0.7491  reward_mean: -0.0113  reward_min: -2.0987  state_cost_loss: 1.3552  value_loss: 0.4874
Step:   510000  |  score: 108.75 ± 0.19  |  actor_loss: -1.4968  cost_loss: 1.3623  q_loss: 0.0028  reward_max: 0.6701  reward_mean: -0.0053  reward_min: -1.2133  state_cost_loss: 1.3653  value_loss: 0.4999
Step:   520000  |  score: 108.69 ± 0.22  |  actor_loss: -2.0198  cost_loss: 1.3715  q_loss: 0.0011  reward_max: 0.4973  reward_mean: -0.0062  reward_min: -2.0308  state_cost_loss: 1.3768  value_loss: 0.5007
Step:   530000  |  score: 108.34 ± 0.52  |  actor_loss: -1.5596  cost_loss: 1.3593  q_loss: 0.0011  reward_max: 0.3866  reward_mean: -0.0019  reward_min: -0.8502  state_cost_loss: 1.3599  value_loss: 0.4820
Step:   540000  |  score: 108.47 ± 0.56  |  actor_loss: -1.6832  cost_loss: 1.3660  q_loss: 0.0016  reward_max: 0.4241  reward_mean: -0.0077  reward_min: -2.2630  state_cost_loss: 1.3677  value_loss: 0.4986
Step:   550000  |  score: 109.00 ± 0.30  |  actor_loss: -1.3972  cost_loss: 1.3584  q_loss: 0.0032  reward_max: 0.5576  reward_mean: 0.0000  reward_min: -1.1368  state_cost_loss: 1.3603  value_loss: 0.4828
Step:   560000  |  score: 108.88 ± 0.22  |  actor_loss: -1.5154  cost_loss: 1.3621  q_loss: 0.0020  reward_max: 1.0375  reward_mean: -0.0002  reward_min: -1.3867  state_cost_loss: 1.3637  value_loss: 0.4988
Step:   570000  |  score: 108.99 ± 0.55  |  actor_loss: -1.8130  cost_loss: 1.3657  q_loss: 0.0021  reward_max: 0.3968  reward_mean: 0.0005  reward_min: -1.7701  state_cost_loss: 1.3680  value_loss: 0.5048
Step:   580000  |  score: 108.74 ± 0.26  |  actor_loss: -1.9696  cost_loss: 1.3666  q_loss: 0.0019  reward_max: 0.3069  reward_mean: -0.0004  reward_min: -0.8837  state_cost_loss: 1.3703  value_loss: 0.5228
Step:   590000  |  score: 108.45 ± 0.26  |  actor_loss: -1.6210  cost_loss: 1.3616  q_loss: 0.0016  reward_max: 0.9570  reward_mean: -0.0072  reward_min: -2.1077  state_cost_loss: 1.3619  value_loss: 0.5299
Step:   600000  |  score: 109.21 ± 0.21  |  actor_loss: -1.3119  cost_loss: 1.3558  q_loss: 0.0055  reward_max: 1.5188  reward_mean: -0.0129  reward_min: -1.9859  state_cost_loss: 1.3562  value_loss: 0.5075
Step:   610000  |  score: 108.85 ± 0.39  |  actor_loss: -1.5619  cost_loss: 1.3578  q_loss: 0.0024  reward_max: 0.7856  reward_mean: 0.0022  reward_min: -1.0215  state_cost_loss: 1.3588  value_loss: 0.5152
Step:   620000  |  score: 109.00 ± 0.18  |  actor_loss: -1.8327  cost_loss: 1.3606  q_loss: 0.0030  reward_max: 1.1328  reward_mean: 0.0033  reward_min: -1.4713  state_cost_loss: 1.3602  value_loss: 0.5246
Step:   630000  |  score: 108.57 ± 0.26  |  actor_loss: -1.5800  cost_loss: 1.3635  q_loss: 0.0025  reward_max: 0.7128  reward_mean: 0.0004  reward_min: -1.1614  state_cost_loss: 1.3633  value_loss: 0.5084
Step:   640000  |  score: 107.98 ± 0.18  |  actor_loss: -1.4468  cost_loss: 1.3524  q_loss: 0.0038  reward_max: 0.5262  reward_mean: -0.0073  reward_min: -1.3849  state_cost_loss: 1.3531  value_loss: 0.5148
Step:   650000  |  score: 108.68 ± 0.41  |  actor_loss: -1.6745  cost_loss: 1.3613  q_loss: 0.0017  reward_max: 1.2611  reward_mean: 0.0049  reward_min: -0.6854  state_cost_loss: 1.3599  value_loss: 0.5208
Step:   660000  |  score: 108.46 ± 0.41  |  actor_loss: -1.7135  cost_loss: 1.3634  q_loss: 0.0033  reward_max: 0.8215  reward_mean: -0.0045  reward_min: -1.8295  state_cost_loss: 1.3641  value_loss: 0.5324
Step:   670000  |  score: 108.27 ± 0.25  |  actor_loss: -1.6156  cost_loss: 1.3600  q_loss: 0.0021  reward_max: 0.3198  reward_mean: -0.0109  reward_min: -2.0752  state_cost_loss: 1.3636  value_loss: 0.5216
Step:   680000  |  score: 108.80 ± 0.12  |  actor_loss: -1.6721  cost_loss: 1.3613  q_loss: 0.0033  reward_max: 0.8776  reward_mean: -0.0004  reward_min: -0.5469  state_cost_loss: 1.3610  value_loss: 0.5420
Step:   690000  |  score: 108.88 ± 0.16  |  actor_loss: -1.6757  cost_loss: 1.3596  q_loss: 0.0029  reward_max: 0.8743  reward_mean: 0.0022  reward_min: -1.4213  state_cost_loss: 1.3594  value_loss: 0.5151
Step:   700000  |  score: 108.81 ± 0.28  |  actor_loss: -1.8809  cost_loss: 1.3625  q_loss: 0.0020  reward_max: 0.7355  reward_mean: 0.0014  reward_min: -1.9551  state_cost_loss: 1.3625  value_loss: 0.5303
Step:   710000  |  score: 108.16 ± 0.62  |  actor_loss: -1.2960  cost_loss: 1.3572  q_loss: 0.0020  reward_max: 0.8549  reward_mean: 0.0013  reward_min: -2.2093  state_cost_loss: 1.3576  value_loss: 0.5216
Step:   720000  |  score: 107.99 ± 0.29  |  actor_loss: -1.3157  cost_loss: 1.3609  q_loss: 0.0063  reward_max: 1.0863  reward_mean: -0.0103  reward_min: -2.1381  state_cost_loss: 1.3603  value_loss: 0.5140
Step:   730000  |  score: 108.33 ± 0.50  |  actor_loss: -1.6092  cost_loss: 1.3585  q_loss: 0.0027  reward_max: 0.8507  reward_mean: -0.0015  reward_min: -0.5931  state_cost_loss: 1.3599  value_loss: 0.5243
Step:   740000  |  score: 108.45 ± 0.29  |  actor_loss: -1.4497  cost_loss: 1.3590  q_loss: 0.0038  reward_max: 0.4377  reward_mean: -0.0116  reward_min: -2.4669  state_cost_loss: 1.3604  value_loss: 0.5023
Step:   750000  |  score: 108.70 ± 0.18  |  actor_loss: -1.6834  cost_loss: 1.3612  q_loss: 0.0023  reward_max: 0.7789  reward_mean: -0.0009  reward_min: -1.9601  state_cost_loss: 1.3605  value_loss: 0.5128
Step:   760000  |  score: 108.46 ± 0.30  |  actor_loss: -1.7253  cost_loss: 1.3673  q_loss: 0.0016  reward_max: 0.9307  reward_mean: 0.0050  reward_min: -0.2782  state_cost_loss: 1.3684  value_loss: 0.5191
Step:   770000  |  score: 108.83 ± 0.12  |  actor_loss: -1.2475  cost_loss: 1.3564  q_loss: 0.0051  reward_max: 0.7427  reward_mean: -0.0002  reward_min: -1.4234  state_cost_loss: 1.3569  value_loss: 0.5096
Step:   780000  |  score: 108.48 ± 0.42  |  actor_loss: -1.5298  cost_loss: 1.3626  q_loss: 0.0038  reward_max: 0.7829  reward_mean: -0.0010  reward_min: -1.9653  state_cost_loss: 1.3640  value_loss: 0.5125
Step:   790000  |  score: 108.58 ± 0.37  |  actor_loss: -1.3065  cost_loss: 1.3478  q_loss: 0.0041  reward_max: 0.8218  reward_mean: -0.0005  reward_min: -1.2019  state_cost_loss: 1.3474  value_loss: 0.5050
Step:   800000  |  score: 108.54 ± 0.19  |  actor_loss: -1.4675  cost_loss: 1.3623  q_loss: 0.0028  reward_max: 0.3955  reward_mean: -0.0026  reward_min: -2.6794  state_cost_loss: 1.3619  value_loss: 0.5057
Step:   810000  |  score: 108.79 ± 0.37  |  actor_loss: -2.0246  cost_loss: 1.3744  q_loss: 0.0008  reward_max: 0.6379  reward_mean: 0.0019  reward_min: -0.6557  state_cost_loss: 1.3755  value_loss: 0.5116
Step:   820000  |  score: 108.72 ± 0.17  |  actor_loss: -1.8081  cost_loss: 1.3691  q_loss: 0.0013  reward_max: 0.4536  reward_mean: 0.0001  reward_min: -0.4463  state_cost_loss: 1.3688  value_loss: 0.5185
Step:   830000  |  score: 107.83 ± 0.42  |  actor_loss: -1.9503  cost_loss: 1.3651  q_loss: 0.0018  reward_max: 0.9480  reward_mean: -0.0050  reward_min: -1.5733  state_cost_loss: 1.3663  value_loss: 0.5025
Step:   840000  |  score: 108.26 ± 0.46  |  actor_loss: -1.6858  cost_loss: 1.3622  q_loss: 0.0038  reward_max: 0.6653  reward_mean: -0.0104  reward_min: -2.0946  state_cost_loss: 1.3640  value_loss: 0.5028
Step:   850000  |  score: 108.65 ± 0.29  |  actor_loss: -1.5637  cost_loss: 1.3591  q_loss: 0.0024  reward_max: 0.9611  reward_mean: -0.0011  reward_min: -2.2546  state_cost_loss: 1.3615  value_loss: 0.5008
Step:   860000  |  score: 109.12 ± 0.13  |  actor_loss: -1.3946  cost_loss: 1.3643  q_loss: 0.0021  reward_max: 0.5004  reward_mean: -0.0065  reward_min: -2.3702  state_cost_loss: 1.3659  value_loss: 0.5056
Step:   870000  |  score: 108.52 ± 0.35  |  actor_loss: -1.7112  cost_loss: 1.3602  q_loss: 0.0039  reward_max: 0.4920  reward_mean: -0.0122  reward_min: -2.3771  state_cost_loss: 1.3617  value_loss: 0.5121
Step:   880000  |  score: 108.40 ± 0.35  |  actor_loss: -1.7141  cost_loss: 1.3621  q_loss: 0.0020  reward_max: 0.6431  reward_mean: 0.0055  reward_min: -0.3660  state_cost_loss: 1.3644  value_loss: 0.5184
Step:   890000  |  score: 108.60 ± 0.27  |  actor_loss: -2.0926  cost_loss: 1.3694  q_loss: 0.0016  reward_max: 0.4306  reward_mean: -0.0087  reward_min: -2.2090  state_cost_loss: 1.3720  value_loss: 0.5102
Step:   900000  |  score: 108.94 ± 0.25  |  actor_loss: -1.6166  cost_loss: 1.3557  q_loss: 0.0030  reward_max: 1.1105  reward_mean: 0.0025  reward_min: -1.2011  state_cost_loss: 1.3565  value_loss: 0.5189
Step:   910000  |  score: 109.38 ± 0.33  |  actor_loss: -1.8095  cost_loss: 1.3605  q_loss: 0.0029  reward_max: 0.7062  reward_mean: -0.0011  reward_min: -0.8277  state_cost_loss: 1.3631  value_loss: 0.5216
Step:   920000  |  score: 107.72 ± 0.34  |  actor_loss: -1.4174  cost_loss: 1.3548  q_loss: 0.0030  reward_max: 0.9494  reward_mean: -0.0005  reward_min: -1.6223  state_cost_loss: 1.3540  value_loss: 0.5370
Step:   930000  |  score: 108.90 ± 0.39  |  actor_loss: -1.6133  cost_loss: 1.3594  q_loss: 0.0023  reward_max: 0.6677  reward_mean: -0.0043  reward_min: -1.9462  state_cost_loss: 1.3620  value_loss: 0.5228
Step:   940000  |  score: 108.23 ± 0.40  |  actor_loss: -1.6969  cost_loss: 1.3591  q_loss: 0.0030  reward_max: 1.0211  reward_mean: 0.0055  reward_min: -0.6037  state_cost_loss: 1.3586  value_loss: 0.5331
Step:   950000  |  score: 108.61 ± 0.36  |  actor_loss: -1.7308  cost_loss: 1.3601  q_loss: 0.0018  reward_max: 1.0252  reward_mean: -0.0153  reward_min: -2.0829  state_cost_loss: 1.3612  value_loss: 0.5165
Step:   960000  |  score: 108.89 ± 0.28  |  actor_loss: -1.4733  cost_loss: 1.3540  q_loss: 0.0018  reward_max: 1.3064  reward_mean: -0.0068  reward_min: -2.1224  state_cost_loss: 1.3571  value_loss: 0.5232
Step:   970000  |  score: 108.90 ± 0.20  |  actor_loss: -1.7610  cost_loss: 1.3634  q_loss: 0.0034  reward_max: 1.1108  reward_mean: -0.0007  reward_min: -2.5449  state_cost_loss: 1.3642  value_loss: 0.5256
Step:   980000  |  score: 108.49 ± 0.28  |  actor_loss: -1.4243  cost_loss: 1.3555  q_loss: 0.0021  reward_max: 0.6413  reward_mean: 0.0022  reward_min: -1.0335  state_cost_loss: 1.3556  value_loss: 0.5226
Step:   990000  |  score: 108.52 ± 0.32  |  actor_loss: -1.6469  cost_loss: 1.3616  q_loss: 0.0024  reward_max: 1.2074  reward_mean: 0.0033  reward_min: -0.9335  state_cost_loss: 1.3610  value_loss: 0.5301
Step:  1000000  |  score: 108.59 ± 0.31  |  actor_loss: -1.3661  cost_loss: 1.3598  q_loss: 0.0023  reward_max: 0.6806  reward_mean: -0.0033  reward_min: -1.9371  state_cost_loss: 1.3611  value_loss: 0.5284
Step:  1010000  |  score: 108.22 ± 0.20  |  actor_loss: -1.8542  cost_loss: 1.3707  q_loss: 0.0018  reward_max: 0.6473  reward_mean: 0.0011  reward_min: -1.2541  state_cost_loss: 1.3732  value_loss: 0.5121
Step:  1020000  |  score: 108.08 ± 0.33  |  actor_loss: -1.3053  cost_loss: 1.3576  q_loss: 0.0037  reward_max: 1.0027  reward_mean: -0.0006  reward_min: -1.2737  state_cost_loss: 1.3570  value_loss: 0.5244
Step:  1030000  |  score: 108.57 ± 0.22  |  actor_loss: -1.6855  cost_loss: 1.3649  q_loss: 0.0016  reward_max: 0.5003  reward_mean: -0.0073  reward_min: -2.2816  state_cost_loss: 1.3666  value_loss: 0.5031
Step:  1040000  |  score: 108.76 ± 0.25  |  actor_loss: -1.8600  cost_loss: 1.3663  q_loss: 0.0021  reward_max: 0.8927  reward_mean: -0.0018  reward_min: -0.5879  state_cost_loss: 1.3652  value_loss: 0.5127
Step:  1050000  |  score: 108.64 ± 0.23  |  actor_loss: -1.7973  cost_loss: 1.3642  q_loss: 0.0029  reward_max: 0.9051  reward_mean: -0.0047  reward_min: -2.2820  state_cost_loss: 1.3643  value_loss: 0.5257
Step:  1060000  |  score: 108.65 ± 0.23  |  actor_loss: -1.5548  cost_loss: 1.3634  q_loss: 0.0026  reward_max: 0.7804  reward_mean: -0.0001  reward_min: -2.2506  state_cost_loss: 1.3654  value_loss: 0.5085
Step:  1070000  |  score: 108.57 ± 0.16  |  actor_loss: -1.7922  cost_loss: 1.3629  q_loss: 0.0025  reward_max: 0.6517  reward_mean: -0.0005  reward_min: -1.0507  state_cost_loss: 1.3638  value_loss: 0.5092
Step:  1080000  |  score: 108.30 ± 0.48  |  actor_loss: -1.1910  cost_loss: 1.3480  q_loss: 0.0034  reward_max: 0.8060  reward_mean: -0.0045  reward_min: -1.1882  state_cost_loss: 1.3480  value_loss: 0.5181
Step:  1090000  |  score: 108.42 ± 0.42  |  actor_loss: -1.4395  cost_loss: 1.3603  q_loss: 0.0021  reward_max: 0.9995  reward_mean: -0.0051  reward_min: -2.0411  state_cost_loss: 1.3602  value_loss: 0.5148
Step:  1100000  |  score: 108.64 ± 0.21  |  actor_loss: -1.9169  cost_loss: 1.3650  q_loss: 0.0018  reward_max: 0.8906  reward_mean: -0.0073  reward_min: -2.0813  state_cost_loss: 1.3675  value_loss: 0.5087
Step:  1110000  |  score: 108.37 ± 0.52  |  actor_loss: -1.9103  cost_loss: 1.3625  q_loss: 0.0027  reward_max: 0.5412  reward_mean: -0.0134  reward_min: -2.1166  state_cost_loss: 1.3643  value_loss: 0.5040
Step:  1120000  |  score: 108.47 ± 0.59  |  actor_loss: -1.7760  cost_loss: 1.3597  q_loss: 0.0022  reward_max: 0.9810  reward_mean: -0.0006  reward_min: -2.3747  state_cost_loss: 1.3600  value_loss: 0.5007
Step:  1130000  |  score: 108.70 ± 0.61  |  actor_loss: -1.6171  cost_loss: 1.3693  q_loss: 0.0014  reward_max: 0.5185  reward_mean: -0.0047  reward_min: -2.1145  state_cost_loss: 1.3722  value_loss: 0.5022
Step:  1140000  |  score: 108.40 ± 0.51  |  actor_loss: -1.5354  cost_loss: 1.3629  q_loss: 0.0029  reward_max: 1.0033  reward_mean: -0.0003  reward_min: -1.7583  state_cost_loss: 1.3626  value_loss: 0.4999
Step:  1150000  |  score: 109.26 ± 0.22  |  actor_loss: -1.9083  cost_loss: 1.3655  q_loss: 0.0017  reward_max: 1.2255  reward_mean: -0.0070  reward_min: -2.2640  state_cost_loss: 1.3673  value_loss: 0.5028
Step:  1160000  |  score: 108.47 ± 0.17  |  actor_loss: -1.5997  cost_loss: 1.3578  q_loss: 0.0022  reward_max: 0.8629  reward_mean: -0.0051  reward_min: -2.1102  state_cost_loss: 1.3584  value_loss: 0.4951
Step:  1170000  |  score: 108.48 ± 0.35  |  actor_loss: -1.5062  cost_loss: 1.3499  q_loss: 0.0044  reward_max: 0.7610  reward_mean: -0.0006  reward_min: -2.1620  state_cost_loss: 1.3505  value_loss: 0.5204
Step:  1180000  |  score: 108.29 ± 0.41  |  actor_loss: -1.4883  cost_loss: 1.3573  q_loss: 0.0028  reward_max: 0.4564  reward_mean: 0.0001  reward_min: -0.8212  state_cost_loss: 1.3583  value_loss: 0.5014
Step:  1190000  |  score: 108.52 ± 0.45  |  actor_loss: -1.3606  cost_loss: 1.3518  q_loss: 0.0036  reward_max: 0.6299  reward_mean: -0.0140  reward_min: -2.3004  state_cost_loss: 1.3543  value_loss: 0.4894
Step:  1200000  |  score: 108.40 ± 0.40  |  actor_loss: -1.5501  cost_loss: 1.3595  q_loss: 0.0025  reward_max: 0.4667  reward_mean: -0.0085  reward_min: -2.2256  state_cost_loss: 1.3601  value_loss: 0.5011
Step:  1210000  |  score: 108.40 ± 0.14  |  actor_loss: -1.1920  cost_loss: 1.3504  q_loss: 0.0040  reward_max: 0.5504  reward_mean: -0.0040  reward_min: -1.4645  state_cost_loss: 1.3523  value_loss: 0.4912
Step:  1220000  |  score: 108.94 ± 0.33  |  actor_loss: -1.5717  cost_loss: 1.3605  q_loss: 0.0033  reward_max: 0.8816  reward_mean: 0.0059  reward_min: -0.9880  state_cost_loss: 1.3592  value_loss: 0.5028
Step:  1230000  |  score: 108.99 ± 0.21  |  actor_loss: -1.6614  cost_loss: 1.3607  q_loss: 0.0025  reward_max: 0.7236  reward_mean: -0.0096  reward_min: -1.7934  state_cost_loss: 1.3612  value_loss: 0.4875
Step:  1240000  |  score: 108.59 ± 0.23  |  actor_loss: -1.5130  cost_loss: 1.3505  q_loss: 0.0033  reward_max: 0.9316  reward_mean: -0.0039  reward_min: -1.9575  state_cost_loss: 1.3536  value_loss: 0.4835
Step:  1250000  |  score: 108.25 ± 0.50  |  actor_loss: -1.4969  cost_loss: 1.3523  q_loss: 0.0038  reward_max: 0.6735  reward_mean: -0.0179  reward_min: -2.4876  state_cost_loss: 1.3542  value_loss: 0.4749
Step:  1260000  |  score: 108.44 ± 0.17  |  actor_loss: -1.3210  cost_loss: 1.3565  q_loss: 0.0034  reward_max: 1.4651  reward_mean: -0.0038  reward_min: -2.4301  state_cost_loss: 1.3596  value_loss: 0.5082
Step:  1270000  |  score: 108.47 ± 0.35  |  actor_loss: -2.0339  cost_loss: 1.3675  q_loss: 0.0018  reward_max: 0.7755  reward_mean: 0.0028  reward_min: -0.8873  state_cost_loss: 1.3675  value_loss: 0.4972
Step:  1280000  |  score: 108.62 ± 0.21  |  actor_loss: -1.6635  cost_loss: 1.3543  q_loss: 0.0034  reward_max: 0.2643  reward_mean: -0.0088  reward_min: -2.1216  state_cost_loss: 1.3551  value_loss: 0.5028
Step:  1290000  |  score: 108.34 ± 0.38  |  actor_loss: -1.8264  cost_loss: 1.3644  q_loss: 0.0029  reward_max: 0.6644  reward_mean: 0.0038  reward_min: -1.4710  state_cost_loss: 1.3657  value_loss: 0.5047
Step:  1300000  |  score: 108.58 ± 0.19  |  actor_loss: -1.4847  cost_loss: 1.3575  q_loss: 0.0030  reward_max: 1.0477  reward_mean: -0.0062  reward_min: -2.3622  state_cost_loss: 1.3581  value_loss: 0.4957
Step:  1310000  |  score: 108.84 ± 0.23  |  actor_loss: -1.4142  cost_loss: 1.3559  q_loss: 0.0027  reward_max: 0.4652  reward_mean: -0.0068  reward_min: -2.3396  state_cost_loss: 1.3580  value_loss: 0.5094
Step:  1320000  |  score: 108.28 ± 0.21  |  actor_loss: -1.5963  cost_loss: 1.3610  q_loss: 0.0023  reward_max: 0.7656  reward_mean: -0.0042  reward_min: -2.0702  state_cost_loss: 1.3612  value_loss: 0.4920
Step:  1330000  |  score: 108.87 ± 0.30  |  actor_loss: -1.4434  cost_loss: 1.3564  q_loss: 0.0033  reward_max: 0.3762  reward_mean: -0.0048  reward_min: -1.5057  state_cost_loss: 1.3587  value_loss: 0.4928
Step:  1340000  |  score: 108.56 ± 0.40  |  actor_loss: -1.7199  cost_loss: 1.3610  q_loss: 0.0038  reward_max: 0.3050  reward_mean: 0.0000  reward_min: -0.5238  state_cost_loss: 1.3643  value_loss: 0.5034
Step:  1350000  |  score: 108.44 ± 0.28  |  actor_loss: -1.6903  cost_loss: 1.3637  q_loss: 0.0028  reward_max: 0.9451  reward_mean: 0.0061  reward_min: -0.5017  state_cost_loss: 1.3625  value_loss: 0.5093
Step:  1360000  |  score: 107.74 ± 0.31  |  actor_loss: -2.0616  cost_loss: 1.3682  q_loss: 0.0014  reward_max: 0.9881  reward_mean: -0.0021  reward_min: -2.0028  state_cost_loss: 1.3673  value_loss: 0.5015
Step:  1370000  |  score: 108.54 ± 0.31  |  actor_loss: -1.7470  cost_loss: 1.3597  q_loss: 0.0041  reward_max: 1.0074  reward_mean: 0.0021  reward_min: -1.9848  state_cost_loss: 1.3591  value_loss: 0.5127
Step:  1380000  |  score: 108.78 ± 0.20  |  actor_loss: -1.5604  cost_loss: 1.3581  q_loss: 0.0043  reward_max: 0.8057  reward_mean: -0.0022  reward_min: -1.4641  state_cost_loss: 1.3583  value_loss: 0.5030
Step:  1390000  |  score: 108.60 ± 0.32  |  actor_loss: -2.0069  cost_loss: 1.3650  q_loss: 0.0021  reward_max: 0.8142  reward_mean: 0.0011  reward_min: -0.2703  state_cost_loss: 1.3659  value_loss: 0.4978
Step:  1400000  |  score: 109.13 ± 0.29  |  actor_loss: -1.6039  cost_loss: 1.3566  q_loss: 0.0027  reward_max: 0.8001  reward_mean: -0.0056  reward_min: -2.6094  state_cost_loss: 1.3564  value_loss: 0.4926
Step:  1410000  |  score: 108.42 ± 0.20  |  actor_loss: -2.1471  cost_loss: 1.3720  q_loss: 0.0015  reward_max: 0.8129  reward_mean: -0.0026  reward_min: -0.5962  state_cost_loss: 1.3732  value_loss: 0.4934
Step:  1420000  |  score: 108.25 ± 0.56  |  actor_loss: -1.7316  cost_loss: 1.3616  q_loss: 0.0030  reward_max: 1.0881  reward_mean: 0.0022  reward_min: -0.9552  state_cost_loss: 1.3604  value_loss: 0.5257
Step:  1430000  |  score: 108.61 ± 0.28  |  actor_loss: -1.9095  cost_loss: 1.3590  q_loss: 0.0017  reward_max: 0.8554  reward_mean: -0.0136  reward_min: -2.5347  state_cost_loss: 1.3609  value_loss: 0.5131
Step:  1440000  |  score: 108.10 ± 0.43  |  actor_loss: -1.7048  cost_loss: 1.3634  q_loss: 0.0032  reward_max: 0.4609  reward_mean: -0.0040  reward_min: -2.3305  state_cost_loss: 1.3636  value_loss: 0.4983
Step:  1450000  |  score: 108.56 ± 0.28  |  actor_loss: -1.8519  cost_loss: 1.3600  q_loss: 0.0027  reward_max: 1.0369  reward_mean: -0.0078  reward_min: -2.2146  state_cost_loss: 1.3601  value_loss: 0.4928
Step:  1460000  |  score: 108.47 ± 0.28  |  actor_loss: -2.0416  cost_loss: 1.3682  q_loss: 0.0016  reward_max: 0.9795  reward_mean: -0.0021  reward_min: -1.9322  state_cost_loss: 1.3674  value_loss: 0.4989
Step:  1470000  |  score: 108.70 ± 0.17  |  actor_loss: -1.8859  cost_loss: 1.3661  q_loss: 0.0020  reward_max: 0.8782  reward_mean: -0.0019  reward_min: -2.1187  state_cost_loss: 1.3675  value_loss: 0.5022
Step:  1480000  |  score: 108.58 ± 0.36  |  actor_loss: -1.6846  cost_loss: 1.3595  q_loss: 0.0026  reward_max: 0.9453  reward_mean: 0.0005  reward_min: -0.7800  state_cost_loss: 1.3591  value_loss: 0.4957
Step:  1490000  |  score: 108.56 ± 0.29  |  actor_loss: -1.1556  cost_loss: 1.3529  q_loss: 0.0024  reward_max: 1.2243  reward_mean: -0.0116  reward_min: -2.6107  state_cost_loss: 1.3535  value_loss: 0.5050
Step:  1500000  |  score: 108.68 ± 0.19  |  actor_loss: -1.9145  cost_loss: 1.3637  q_loss: 0.0021  reward_max: 1.1154  reward_mean: -0.0057  reward_min: -2.1966  state_cost_loss: 1.3638  value_loss: 0.4972
Step:  1510000  |  score: 108.43 ± 0.34  |  actor_loss: -1.4942  cost_loss: 1.3454  q_loss: 0.0025  reward_max: 0.9562  reward_mean: -0.0137  reward_min: -2.3678  state_cost_loss: 1.3462  value_loss: 0.5065
Step:  1520000  |  score: 108.61 ± 0.24  |  actor_loss: -1.8289  cost_loss: 1.3619  q_loss: 0.0021  reward_max: 0.9308  reward_mean: 0.0031  reward_min: -0.5176  state_cost_loss: 1.3608  value_loss: 0.5009
Step:  1530000  |  score: 108.65 ± 0.24  |  actor_loss: -1.5774  cost_loss: 1.3551  q_loss: 0.0044  reward_max: 0.8222  reward_mean: -0.0079  reward_min: -2.0658  state_cost_loss: 1.3577  value_loss: 0.5165
Step:  1540000  |  score: 108.36 ± 0.21  |  actor_loss: -2.0381  cost_loss: 1.3639  q_loss: 0.0019  reward_max: 0.7296  reward_mean: -0.0113  reward_min: -2.2738  state_cost_loss: 1.3650  value_loss: 0.5019
Step:  1550000  |  score: 108.62 ± 0.51  |  actor_loss: -1.5676  cost_loss: 1.3598  q_loss: 0.0028  reward_max: 0.7349  reward_mean: 0.0003  reward_min: -1.7589  state_cost_loss: 1.3630  value_loss: 0.5025
Step:  1560000  |  score: 108.68 ± 0.34  |  actor_loss: -1.7570  cost_loss: 1.3645  q_loss: 0.0021  reward_max: 0.7765  reward_mean: -0.0001  reward_min: -1.8810  state_cost_loss: 1.3648  value_loss: 0.5250
Step:  1570000  |  score: 108.48 ± 0.23  |  actor_loss: -1.5149  cost_loss: 1.3609  q_loss: 0.0024  reward_max: 1.0102  reward_mean: -0.0011  reward_min: -1.5000  state_cost_loss: 1.3611  value_loss: 0.5120
Step:  1580000  |  score: 108.93 ± 0.24  |  actor_loss: -2.1250  cost_loss: 1.3665  q_loss: 0.0022  reward_max: 0.3700  reward_mean: -0.0033  reward_min: -1.4337  state_cost_loss: 1.3681  value_loss: 0.5135
Step:  1590000  |  score: 107.66 ± 0.53  |  actor_loss: -1.5618  cost_loss: 1.3551  q_loss: 0.0021  reward_max: 1.0739  reward_mean: 0.0001  reward_min: -2.6052  state_cost_loss: 1.3568  value_loss: 0.5317
Step:  1600000  |  score: 108.44 ± 0.29  |  actor_loss: -1.8701  cost_loss: 1.3648  q_loss: 0.0019  reward_max: 0.5134  reward_mean: -0.0033  reward_min: -2.4388  state_cost_loss: 1.3649  value_loss: 0.5031
Step:  1610000  |  score: 108.76 ± 0.30  |  actor_loss: -1.5868  cost_loss: 1.3579  q_loss: 0.0034  reward_max: 1.1459  reward_mean: 0.0048  reward_min: -2.2383  state_cost_loss: 1.3568  value_loss: 0.5028
Step:  1620000  |  score: 108.76 ± 0.35  |  actor_loss: -2.2170  cost_loss: 1.3672  q_loss: 0.0030  reward_max: 0.6615  reward_mean: -0.0050  reward_min: -2.5394  state_cost_loss: 1.3683  value_loss: 0.5045
Step:  1630000  |  score: 108.33 ± 0.40  |  actor_loss: -1.7053  cost_loss: 1.3612  q_loss: 0.0023  reward_max: 0.9113  reward_mean: 0.0060  reward_min: -0.5702  state_cost_loss: 1.3599  value_loss: 0.5190
Step:  1640000  |  score: 108.40 ± 0.18  |  actor_loss: -2.1301  cost_loss: 1.3638  q_loss: 0.0026  reward_max: 0.4293  reward_mean: -0.0011  reward_min: -0.7357  state_cost_loss: 1.3636  value_loss: 0.4951
Step:  1650000  |  score: 108.85 ± 0.25  |  actor_loss: -1.4710  cost_loss: 1.3548  q_loss: 0.0023  reward_max: 1.1152  reward_mean: -0.0115  reward_min: -2.2992  state_cost_loss: 1.3571  value_loss: 0.4956
Step:  1660000  |  score: 108.47 ± 0.14  |  actor_loss: -1.7566  cost_loss: 1.3592  q_loss: 0.0023  reward_max: 0.3620  reward_mean: -0.0039  reward_min: -2.0405  state_cost_loss: 1.3609  value_loss: 0.4999
Step:  1670000  |  score: 108.62 ± 0.36  |  actor_loss: -1.6292  cost_loss: 1.3527  q_loss: 0.0040  reward_max: 0.8802  reward_mean: -0.0035  reward_min: -2.5106  state_cost_loss: 1.3513  value_loss: 0.4992
Step:  1680000  |  score: 108.44 ± 0.33  |  actor_loss: -1.3867  cost_loss: 1.3627  q_loss: 0.0021  reward_max: 1.6771  reward_mean: 0.0017  reward_min: -0.4291  state_cost_loss: 1.3627  value_loss: 0.4975
Step:  1690000  |  score: 108.36 ± 0.44  |  actor_loss: -1.6118  cost_loss: 1.3625  q_loss: 0.0022  reward_max: 0.9880  reward_mean: -0.0061  reward_min: -2.3231  state_cost_loss: 1.3640  value_loss: 0.5075
Step:  1700000  |  score: 107.73 ± 0.61  |  actor_loss: -1.5325  cost_loss: 1.3524  q_loss: 0.0034  reward_max: 1.0225  reward_mean: -0.0082  reward_min: -2.0777  state_cost_loss: 1.3528  value_loss: 0.5017
Step:  1710000  |  score: 109.05 ± 0.45  |  actor_loss: -1.3652  cost_loss: 1.3576  q_loss: 0.0041  reward_max: 0.8745  reward_mean: -0.0015  reward_min: -1.6983  state_cost_loss: 1.3572  value_loss: 0.4788
Step:  1720000  |  score: 108.52 ± 0.44  |  actor_loss: -2.0138  cost_loss: 1.3584  q_loss: 0.0021  reward_max: 0.9205  reward_mean: 0.0062  reward_min: -0.3173  state_cost_loss: 1.3586  value_loss: 0.4942
Step:  1730000  |  score: 107.58 ± 0.38  |  actor_loss: -1.8559  cost_loss: 1.3607  q_loss: 0.0021  reward_max: 0.3822  reward_mean: -0.0019  reward_min: -1.0080  state_cost_loss: 1.3604  value_loss: 0.4718
Step:  1740000  |  score: 108.68 ± 0.22  |  actor_loss: -1.5406  cost_loss: 1.3600  q_loss: 0.0018  reward_max: 0.8818  reward_mean: -0.0096  reward_min: -2.0532  state_cost_loss: 1.3614  value_loss: 0.4786
Step:  1750000  |  score: 108.79 ± 0.27  |  actor_loss: -1.6746  cost_loss: 1.3583  q_loss: 0.0033  reward_max: 0.9362  reward_mean: 0.0037  reward_min: -0.4682  state_cost_loss: 1.3589  value_loss: 0.4833
Step:  1760000  |  score: 108.12 ± 0.48  |  actor_loss: -2.0833  cost_loss: 1.3675  q_loss: 0.0015  reward_max: 0.3715  reward_mean: 0.0004  reward_min: -0.5008  state_cost_loss: 1.3675  value_loss: 0.4965
Step:  1770000  |  score: 108.68 ± 0.22  |  actor_loss: -1.8046  cost_loss: 1.3623  q_loss: 0.0031  reward_max: 0.8459  reward_mean: -0.0020  reward_min: -1.4827  state_cost_loss: 1.3611  value_loss: 0.4915
Step:  1780000  |  score: 108.76 ± 0.40  |  actor_loss: -1.9882  cost_loss: 1.3695  q_loss: 0.0011  reward_max: 0.6346  reward_mean: -0.0028  reward_min: -1.8720  state_cost_loss: 1.3700  value_loss: 0.4899
Step:  1790000  |  score: 108.67 ± 0.22  |  actor_loss: -2.0076  cost_loss: 1.3650  q_loss: 0.0020  reward_max: 0.4584  reward_mean: -0.0020  reward_min: -1.0089  state_cost_loss: 1.3650  value_loss: 0.4902
Step:  1800000  |  score: 108.29 ± 0.44  |  actor_loss: -1.9162  cost_loss: 1.3690  q_loss: 0.0018  reward_max: 0.9646  reward_mean: 0.0057  reward_min: -0.4748  state_cost_loss: 1.3688  value_loss: 0.4991
Step:  1810000  |  score: 108.50 ± 0.27  |  actor_loss: -1.8366  cost_loss: 1.3602  q_loss: 0.0034  reward_max: 0.6938  reward_mean: 0.0035  reward_min: -1.6927  state_cost_loss: 1.3612  value_loss: 0.4875
Step:  1820000  |  score: 108.82 ± 0.26  |  actor_loss: -1.8810  cost_loss: 1.3635  q_loss: 0.0019  reward_max: 1.6876  reward_mean: 0.0013  reward_min: -2.0026  state_cost_loss: 1.3643  value_loss: 0.4948
Step:  1830000  |  score: 108.13 ± 0.22  |  actor_loss: -1.8026  cost_loss: 1.3655  q_loss: 0.0023  reward_max: 0.9417  reward_mean: -0.0012  reward_min: -1.9472  state_cost_loss: 1.3664  value_loss: 0.4784
Step:  1840000  |  score: 108.61 ± 0.33  |  actor_loss: -1.0965  cost_loss: 1.3507  q_loss: 0.0038  reward_max: 1.6574  reward_mean: -0.0084  reward_min: -1.8067  state_cost_loss: 1.3510  value_loss: 0.4704
Step:  1850000  |  score: 108.86 ± 0.29  |  actor_loss: -1.4841  cost_loss: 1.3562  q_loss: 0.0022  reward_max: 0.4922  reward_mean: -0.0179  reward_min: -1.7351  state_cost_loss: 1.3574  value_loss: 0.4669
Step:  1860000  |  score: 107.91 ± 0.97  |  actor_loss: -2.1458  cost_loss: 1.3652  q_loss: 0.0031  reward_max: 0.6908  reward_mean: -0.0003  reward_min: -1.6492  state_cost_loss: 1.3657  value_loss: 0.4856
Step:  1870000  |  score: 108.97 ± 0.35  |  actor_loss: -1.8040  cost_loss: 1.3561  q_loss: 0.0033  reward_max: 0.4241  reward_mean: -0.0070  reward_min: -2.4714  state_cost_loss: 1.3575  value_loss: 0.4837
Step:  1880000  |  score: 108.21 ± 0.31  |  actor_loss: -2.1046  cost_loss: 1.3683  q_loss: 0.0015  reward_max: 0.8900  reward_mean: 0.0020  reward_min: -1.4700  state_cost_loss: 1.3683  value_loss: 0.4970
Step:  1890000  |  score: 108.72 ± 0.37  |  actor_loss: -1.9682  cost_loss: 1.3661  q_loss: 0.0015  reward_max: 1.0028  reward_mean: 0.0052  reward_min: -1.0682  state_cost_loss: 1.3664  value_loss: 0.5070
Step:  1900000  |  score: 108.60 ± 0.26  |  actor_loss: -1.5392  cost_loss: 1.3585  q_loss: 0.0039  reward_max: 0.9749  reward_mean: -0.0008  reward_min: -0.9942  state_cost_loss: 1.3583  value_loss: 0.4929
Step:  1910000  |  score: 108.38 ± 0.20  |  actor_loss: -2.1220  cost_loss: 1.3625  q_loss: 0.0022  reward_max: 0.4186  reward_mean: -0.0097  reward_min: -2.4955  state_cost_loss: 1.3652  value_loss: 0.4879
Step:  1920000  |  score: 108.37 ± 0.35  |  actor_loss: -1.3841  cost_loss: 1.3574  q_loss: 0.0029  reward_max: 0.9419  reward_mean: 0.0061  reward_min: -0.6399  state_cost_loss: 1.3568  value_loss: 0.4845
Step:  1930000  |  score: 108.27 ± 0.53  |  actor_loss: -1.6491  cost_loss: 1.3600  q_loss: 0.0027  reward_max: 0.9715  reward_mean: 0.0024  reward_min: -1.2593  state_cost_loss: 1.3599  value_loss: 0.5019
Step:  1940000  |  score: 108.41 ± 0.23  |  actor_loss: -1.9352  cost_loss: 1.3644  q_loss: 0.0038  reward_max: 0.9763  reward_mean: -0.0054  reward_min: -2.4557  state_cost_loss: 1.3637  value_loss: 0.4933
Step:  1950000  |  score: 108.98 ± 0.27  |  actor_loss: -1.5825  cost_loss: 1.3599  q_loss: 0.0035  reward_max: 0.9168  reward_mean: -0.0070  reward_min: -1.1638  state_cost_loss: 1.3601  value_loss: 0.4915
Step:  1960000  |  score: 108.99 ± 0.27  |  actor_loss: -1.6594  cost_loss: 1.3596  q_loss: 0.0016  reward_max: 0.7750  reward_mean: 0.0073  reward_min: -0.6458  state_cost_loss: 1.3599  value_loss: 0.4948
Step:  1970000  |  score: 108.24 ± 0.53  |  actor_loss: -1.8161  cost_loss: 1.3643  q_loss: 0.0022  reward_max: 0.7207  reward_mean: -0.0016  reward_min: -0.6959  state_cost_loss: 1.3647  value_loss: 0.5044
Step:  1980000  |  score: 108.62 ± 0.32  |  actor_loss: -1.6159  cost_loss: 1.3581  q_loss: 0.0017  reward_max: 0.8572  reward_mean: -0.0031  reward_min: -1.4279  state_cost_loss: 1.3588  value_loss: 0.5029
Step:  1990000  |  score: 108.44 ± 0.22  |  actor_loss: -1.9498  cost_loss: 1.3653  q_loss: 0.0032  reward_max: 0.9489  reward_mean: -0.0027  reward_min: -1.8271  state_cost_loss: 1.3667  value_loss: 0.5001
Step:  2000000  |  score: 108.70 ± 0.42  |  actor_loss: -1.9323  cost_loss: 1.3628  q_loss: 0.0022  reward_max: 0.7820  reward_mean: -0.0084  reward_min: -2.4410  state_cost_loss: 1.3636  value_loss: 0.5017
Final evaluation (13 iterations)...
Final score: 108.83 ± 0.40
wandb: WARNING Symlinked 1 file into the W&B run directory; call wandb.save again to sync new files.
wandb: updating run metadata
wandb: uploading final_returns/cdemodice_walker2d-expert-v2_2026-03-18_20-56-15.npz; uploading output.log; uploading wandb-summary.json; uploading config.yaml
wandb: uploading final_returns/cdemodice_walker2d-expert-v2_2026-03-18_20-56-15.npz; uploading output.log; uploading wandb-summary.json
wandb: uploading summary, console lines 214-215
wandb: 
wandb: Run history:
wandb:  actor_loss █▂▂▂▂▂▂▁▁▂▂▂▂▁▁▁▁▂▁▁▁▁▂▂▁▁▁▂▂▂▁▂▂▂▁▁▁▁▁▁
wandb:   cost_loss ▄▄▃▇▅▄██▆▄█▄▅▆▆▄▃▁▄▄▄█▆▅▅▂▅▂▄▅▄▆▄█▅▆▅▅▆▄
wandb: num_updates ▁▁▁▁▂▂▂▂▂▃▃▃▃▃▃▃▃▃▃▄▄▄▄▄▅▆▆▆▆▆▇▇▇▇▇▇▇▇▇█
wandb:      q_loss █▅▂▄▂▂▂▁▂▄▃▁▃▆▅▄▂▁▃▂▃▃▂▂▃▂▄▃▁▄▂▂▂▃▄▂▂▃▂▃
wandb:      return ▆█▇▆▅▇▁▇█▇█▆█▇▆▇▆▆▇▇▇▆▆▆▆▆▇▆▆▆▆▇▆▇▇▆▇▆▆▇
wandb:  reward_max ▅▃▅▃▅▂▃▅▁▄▂▅▇▆▂▅▂▅▅▃▃▅▂▄▄▅▆▅▅▃▂█▅▄▄▃▂▅▄▅
wandb: reward_mean ▃█▆▆▃▃▃▁▆█▇▆▅▄▇▅▆▆▂▃▁▅▄▄▄▆▄▆▄▂▂▃▆▅▄▅▅▇▄▅
wandb:  reward_min ▆▄▇▆█▇▄▁▅▆▄█▆▃▆█▄▆▃▆▄▆█▄▃▇▅▄▅▄▃▅▄▆▂▅▇▅▅▅
wandb:       score ▇▆▆▇▇▇▅▁▇▆▆▇▇▆▇▆▇█▄▇▆▆▇▆▆▅▆▇▅▅▆▆▆▅▄▆▅▄▅▆
wandb:   score_std ▆▄▄▅▂▂▃▂▂▅▁▃▃▂▃▂▂▃▂▁▃▅▂▁▄▄▃▄▂▁▃▃▃▄▃█▃▂▂▄
wandb:          +2 ...
wandb: 
wandb: Run summary:
wandb:  actor_loss -1.93229
wandb:   cost_loss 1.36279
wandb: num_updates 2000000
wandb:      q_loss 0.00224
wandb:      return 4991.81253
wandb:  reward_max 0.78204
wandb: reward_mean -0.00839
wandb:  reward_min -2.44103
wandb:       score 108.7027
wandb:   score_std 0.42414
wandb:          +2 ...
wandb: 
wandb: 🚀 View run cdemodice_walker2d_M3_s3 at: https://wandb.ai/wsk208/DemoDICE/runs/6qdarilw
wandb: ⭐️ View project at: https://wandb.ai/wsk208/DemoDICE
wandb: Synced 5 W&B file(s), 0 media file(s), 0 artifact file(s) and 1 other file(s)
wandb: Find logs at: ./wandb/run-20260318_202336-6qdarilw/logs
