Warning: All of online environments libraries in D4RL have been moved ]8;;https://github.com/Farama-Foundation/Gymnasium\Gymnasium]8;;\, ]8;;https://github.com/Farama-Foundation/MiniGrid\MiniGrid]8;;\ and ]8;;https://github.com/Farama-Foundation/Gymnasium-Robotics\Gymnasium-Robotics]8;;\, and all offline datasets in D4RL have been moved to ]8;;https://github.com/Farama-Foundation/Minari\Minari]8;;\.
These new versions include large bug fixes, new versions of Python, and are where all new development will continue. Please upgrade these libraries as soon as you're able to do so.
If you'd like to read more about the story behind this switch, please check out ]8;;https://farama.org/Announcing-Minari\this blog post]8;;\.
Gym has been unmaintained since 2022 and does not support NumPy 2.0 amongst other critical functionality.
Please upgrade to Gymnasium, the maintained drop-in replacement of Gym, or contact the authors of your software and request that they upgrade.
See the migration guide at https://gymnasium.farama.org/introduction/migration_guide/ for additional information.
/opt/venv/lib/python3.10/site-packages/Cython/Distutils/old_build_ext.py:15: DeprecationWarning: dep_util is Deprecated. Use functions from setuptools instead.
  from distutils.dep_util import newer, newer_group
<frozen importlib._bootstrap>:283: DeprecationWarning: the load_module() method is deprecated and slated for removal in Python 3.12; use exec_module() instead
pybullet build time: Jan 29 2025 23:16:28
wandb: [wandb.login()] Loaded credentials for https://api.wandb.ai from /root/.netrc.
wandb: Currently logged in as: wsk208 to https://api.wandb.ai. Use `wandb login --relogin` to force relogin
/opt/venv/lib/python3.10/site-packages/wandb/analytics/sentry.py:268: DeprecationWarning: Read the `app_url` setting from the appropriate Settings object.
  app_url = wandb.util.app_url(tags["base_url"])  # type: ignore[index]
/opt/venv/lib/python3.10/site-packages/wandb/analytics/sentry.py:279: DeprecationWarning: The `Scope.user` setter is deprecated in favor of `Scope.set_user()`.
  self.scope.user = {"email": email}
wandb: setting up run yoy3p6qk
/opt/venv/lib/python3.10/site-packages/wandb/analytics/sentry.py:268: DeprecationWarning: Read the `app_url` setting from the appropriate Settings object.
  app_url = wandb.util.app_url(tags["base_url"])  # type: ignore[index]
/opt/venv/lib/python3.10/site-packages/wandb/analytics/sentry.py:279: DeprecationWarning: The `Scope.user` setter is deprecated in favor of `Scope.set_user()`.
  self.scope.user = {"email": email}
wandb: Tracking run with wandb version 0.25.1
wandb: Run data is saved locally in /app/wandb/run-20260318_192933-yoy3p6qk
wandb: Run `wandb offline` to turn off syncing.
wandb: Syncing run cdemodice_walker2d_M2_s1
wandb: ⭐️ View project at https://wandb.ai/wsk208/DemoDICE
wandb: 🚀 View run at https://wandb.ai/wsk208/DemoDICE/runs/yoy3p6qk
/opt/venv/lib/python3.10/site-packages/gym/spaces/box.py:84: UserWarning: [33mWARN: Box bound precision lowered by casting to float32[0m
  logger.warn(f"Box bound precision lowered by casting to {self.dtype}")
load datafile:   0%|          | 0/21 [00:00<?, ?it/s]load datafile:   5%|▍         | 1/21 [00:00<00:03,  5.65it/s]load datafile:  14%|█▍        | 3/21 [00:00<00:03,  5.16it/s]load datafile:  19%|█▉        | 4/21 [00:00<00:04,  3.97it/s]load datafile:  81%|████████  | 17/21 [00:01<00:00, 15.26it/s]load datafile:  90%|█████████ | 19/21 [00:01<00:00, 10.56it/s]load datafile: 100%|██████████| 21/21 [00:01<00:00, 10.96it/s]
Expert  :  999000 transitions  (walker2d-expert-v2, 400 traj)
load datafile:   0%|          | 0/9 [00:00<?, ?it/s]load datafile:  11%|█         | 1/9 [00:00<00:01,  6.45it/s]load datafile:  33%|███▎      | 3/9 [00:00<00:01,  5.53it/s]load datafile:  44%|████▍     | 4/9 [00:00<00:01,  4.10it/s]load datafile:  56%|█████▌    | 5/9 [00:01<00:01,  3.23it/s]load datafile:  67%|██████▋   | 6/9 [00:01<00:01,  2.81it/s]load datafile: 100%|██████████| 9/9 [00:01<00:00,  4.94it/s]
Imperfect:    8083 transitions  (walker2d-random-v2, 400 traj)
Union   : 1007083 transitions total
/root/.local/share/uv/python/cpython-3.10-linux-x86_64-gnu/lib/python3.10/multiprocessing/popen_fork.py:66: RuntimeWarning: os.fork() was called. os.fork() is incompatible with multithreaded code, and JAX is multithreaded, so this will likely lead to a deadlock.
  self.pid = os.fork()
/opt/venv/lib/python3.10/site-packages/tensorflow_probability/python/internal/backend/jax/ops.py:681: DeprecationWarning: jax.interpreters.xla.pytype_aval_mappings is deprecated.
  jax.interpreters.xla.pytype_aval_mappings[onp.ndarray])
/opt/venv/lib/python3.10/site-packages/gym/spaces/box.py:84: UserWarning: [33mWARN: Box bound precision lowered by casting to float32[0m
  logger.warn(f"Box bound precision lowered by casting to {self.dtype}")
Step:    10000  |  score: 13.90 ± 9.13  |  actor_loss: 3.9546  cost_loss: 1.3766  q_loss: 0.0039  reward_max: 0.3638  reward_mean: -0.0120  reward_min: -1.0604  state_cost_loss: 1.3768  value_loss: 0.4678
Step:    20000  |  score: 58.66 ± 6.10  |  actor_loss: 2.3251  cost_loss: 1.3789  q_loss: 0.0034  reward_max: 0.4803  reward_mean: -0.0039  reward_min: -0.1175  state_cost_loss: 1.3791  value_loss: 0.2890
Step:    30000  |  score: 108.24 ± 1.91  |  actor_loss: 0.8348  cost_loss: 1.3799  q_loss: 0.0027  reward_max: 0.4638  reward_mean: -0.0144  reward_min: -0.5532  state_cost_loss: 1.3813  value_loss: 0.2050
Step:    40000  |  score: 108.26 ± 0.12  |  actor_loss: -0.4647  cost_loss: 1.3789  q_loss: 0.0018  reward_max: 0.3771  reward_mean: -0.0047  reward_min: -0.9191  state_cost_loss: 1.3796  value_loss: 0.1757
Step:    50000  |  score: 108.33 ± 0.18  |  actor_loss: -1.2664  cost_loss: 1.3819  q_loss: 0.0019  reward_max: 0.4477  reward_mean: -0.0147  reward_min: -1.2220  state_cost_loss: 1.3818  value_loss: 0.1927
Step:    60000  |  score: 108.60 ± 0.15  |  actor_loss: -1.7311  cost_loss: 1.3765  q_loss: 0.0039  reward_max: 0.5235  reward_mean: -0.0048  reward_min: -1.7229  state_cost_loss: 1.3766  value_loss: 0.1996
Step:    70000  |  score: 108.55 ± 0.44  |  actor_loss: -1.8042  cost_loss: 1.3791  q_loss: 0.0010  reward_max: 0.1342  reward_mean: -0.0069  reward_min: -1.8064  state_cost_loss: 1.3799  value_loss: 0.2308
Step:    80000  |  score: 108.34 ± 0.13  |  actor_loss: -1.4289  cost_loss: 1.3741  q_loss: 0.0015  reward_max: 0.9372  reward_mean: 0.0132  reward_min: -0.3756  state_cost_loss: 1.3753  value_loss: 0.2733
Step:    90000  |  score: 108.70 ± 0.71  |  actor_loss: -2.0364  cost_loss: 1.3780  q_loss: 0.0009  reward_max: 0.1638  reward_mean: -0.0040  reward_min: -0.5505  state_cost_loss: 1.3789  value_loss: 0.2893
Step:   100000  |  score: 108.18 ± 0.25  |  actor_loss: -1.9447  cost_loss: 1.3782  q_loss: 0.0021  reward_max: 0.4062  reward_mean: -0.0039  reward_min: -1.8652  state_cost_loss: 1.3784  value_loss: 0.3282
Step:   110000  |  score: 107.65 ± 0.13  |  actor_loss: -2.0044  cost_loss: 1.3789  q_loss: 0.0014  reward_max: 0.4731  reward_mean: -0.0101  reward_min: -0.3940  state_cost_loss: 1.3791  value_loss: 0.3490
Step:   120000  |  score: 107.81 ± 0.33  |  actor_loss: -2.1180  cost_loss: 1.3811  q_loss: 0.0014  reward_max: 0.3183  reward_mean: 0.0008  reward_min: -0.1569  state_cost_loss: 1.3821  value_loss: 0.3794
Step:   130000  |  score: 107.47 ± 0.41  |  actor_loss: -2.0655  cost_loss: 1.3756  q_loss: 0.0012  reward_max: 0.6261  reward_mean: -0.0061  reward_min: -0.3600  state_cost_loss: 1.3767  value_loss: 0.3966
Step:   140000  |  score: 108.47 ± 0.27  |  actor_loss: -2.2061  cost_loss: 1.3811  q_loss: 0.0012  reward_max: 0.4080  reward_mean: -0.0028  reward_min: -0.5557  state_cost_loss: 1.3808  value_loss: 0.3990
Step:   150000  |  score: 108.44 ± 0.35  |  actor_loss: -2.0408  cost_loss: 1.3758  q_loss: 0.0021  reward_max: 0.3952  reward_mean: -0.0010  reward_min: -0.3363  state_cost_loss: 1.3765  value_loss: 0.4276
Step:   160000  |  score: 107.64 ± 0.34  |  actor_loss: -2.0953  cost_loss: 1.3812  q_loss: 0.0010  reward_max: 0.4233  reward_mean: -0.0043  reward_min: -0.0916  state_cost_loss: 1.3804  value_loss: 0.4437
Step:   170000  |  score: 108.47 ± 0.22  |  actor_loss: -2.1596  cost_loss: 1.3748  q_loss: 0.0013  reward_max: 1.1865  reward_mean: 0.0117  reward_min: -0.7975  state_cost_loss: 1.3768  value_loss: 0.4405
Step:   180000  |  score: 108.37 ± 0.16  |  actor_loss: -2.0260  cost_loss: 1.3779  q_loss: 0.0006  reward_max: 0.9075  reward_mean: -0.0024  reward_min: -0.8958  state_cost_loss: 1.3781  value_loss: 0.4546
Step:   190000  |  score: 108.07 ± 0.13  |  actor_loss: -2.1915  cost_loss: 1.3740  q_loss: 0.0017  reward_max: 1.0827  reward_mean: 0.0081  reward_min: -1.2279  state_cost_loss: 1.3733  value_loss: 0.4562
Step:   200000  |  score: 108.45 ± 0.24  |  actor_loss: -2.3111  cost_loss: 1.3802  q_loss: 0.0006  reward_max: 0.1487  reward_mean: -0.0033  reward_min: -1.2476  state_cost_loss: 1.3813  value_loss: 0.4594
Step:   210000  |  score: 107.76 ± 0.66  |  actor_loss: -1.9791  cost_loss: 1.3738  q_loss: 0.0015  reward_max: 0.3235  reward_mean: 0.0020  reward_min: -0.7476  state_cost_loss: 1.3737  value_loss: 0.4670
Step:   220000  |  score: 108.96 ± 0.07  |  actor_loss: -2.3693  cost_loss: 1.3748  q_loss: 0.0016  reward_max: 0.3472  reward_mean: 0.0092  reward_min: -0.2999  state_cost_loss: 1.3747  value_loss: 0.4866
Step:   230000  |  score: 109.42 ± 0.21  |  actor_loss: -2.3742  cost_loss: 1.3770  q_loss: 0.0019  reward_max: 0.8954  reward_mean: 0.0006  reward_min: -0.3784  state_cost_loss: 1.3765  value_loss: 0.4947
Step:   240000  |  score: 108.03 ± 0.22  |  actor_loss: -2.3202  cost_loss: 1.3802  q_loss: 0.0010  reward_max: 0.5654  reward_mean: 0.0065  reward_min: -0.8368  state_cost_loss: 1.3798  value_loss: 0.4966
Step:   250000  |  score: 108.24 ± 0.31  |  actor_loss: -2.3208  cost_loss: 1.3780  q_loss: 0.0005  reward_max: 0.3529  reward_mean: -0.0004  reward_min: -0.2501  state_cost_loss: 1.3781  value_loss: 0.5064
Step:   260000  |  score: 108.26 ± 0.18  |  actor_loss: -2.1270  cost_loss: 1.3751  q_loss: 0.0010  reward_max: 0.6040  reward_mean: -0.0040  reward_min: -0.8689  state_cost_loss: 1.3759  value_loss: 0.5037
Step:   270000  |  score: 108.40 ± 0.29  |  actor_loss: -2.1723  cost_loss: 1.3779  q_loss: 0.0009  reward_max: 0.3566  reward_mean: -0.0053  reward_min: -0.6345  state_cost_loss: 1.3796  value_loss: 0.5108
Step:   280000  |  score: 108.27 ± 0.24  |  actor_loss: -2.1225  cost_loss: 1.3762  q_loss: 0.0009  reward_max: 0.3538  reward_mean: -0.0107  reward_min: -2.1235  state_cost_loss: 1.3767  value_loss: 0.5127
Step:   290000  |  score: 107.96 ± 0.48  |  actor_loss: -2.3163  cost_loss: 1.3779  q_loss: 0.0007  reward_max: 0.4213  reward_mean: 0.0049  reward_min: -0.4651  state_cost_loss: 1.3781  value_loss: 0.5196
Step:   300000  |  score: 108.61 ± 0.21  |  actor_loss: -2.1284  cost_loss: 1.3760  q_loss: 0.0014  reward_max: 0.7555  reward_mean: 0.0007  reward_min: -0.5319  state_cost_loss: 1.3758  value_loss: 0.5034
Step:   310000  |  score: 108.80 ± 0.16  |  actor_loss: -2.4049  cost_loss: 1.3800  q_loss: 0.0005  reward_max: 0.4331  reward_mean: 0.0028  reward_min: -0.1006  state_cost_loss: 1.3792  value_loss: 0.5145
Step:   320000  |  score: 108.54 ± 0.17  |  actor_loss: -2.2500  cost_loss: 1.3773  q_loss: 0.0013  reward_max: 0.6596  reward_mean: -0.0007  reward_min: -0.3075  state_cost_loss: 1.3769  value_loss: 0.5176
Step:   330000  |  score: 108.95 ± 0.28  |  actor_loss: -2.3102  cost_loss: 1.3784  q_loss: 0.0004  reward_max: 0.3995  reward_mean: -0.0028  reward_min: -0.4154  state_cost_loss: 1.3778  value_loss: 0.5162
Step:   340000  |  score: 108.53 ± 0.10  |  actor_loss: -2.3963  cost_loss: 1.3789  q_loss: 0.0005  reward_max: 0.3374  reward_mean: 0.0019  reward_min: -0.1323  state_cost_loss: 1.3785  value_loss: 0.5192
Step:   350000  |  score: 108.96 ± 0.24  |  actor_loss: -2.4082  cost_loss: 1.3812  q_loss: 0.0008  reward_max: 0.2134  reward_mean: 0.0042  reward_min: -0.0652  state_cost_loss: 1.3808  value_loss: 0.5208
Step:   360000  |  score: 106.94 ± 0.86  |  actor_loss: -2.2623  cost_loss: 1.3759  q_loss: 0.0009  reward_max: 0.4030  reward_mean: 0.0008  reward_min: -0.1293  state_cost_loss: 1.3764  value_loss: 0.5197
Step:   370000  |  score: 108.91 ± 0.15  |  actor_loss: -2.0500  cost_loss: 1.3770  q_loss: 0.0007  reward_max: 0.1888  reward_mean: -0.0041  reward_min: -1.5887  state_cost_loss: 1.3776  value_loss: 0.5051
Step:   380000  |  score: 108.26 ± 0.23  |  actor_loss: -2.2667  cost_loss: 1.3743  q_loss: 0.0011  reward_max: 0.1363  reward_mean: -0.0026  reward_min: -1.1860  state_cost_loss: 1.3748  value_loss: 0.5259
Step:   390000  |  score: 108.74 ± 0.40  |  actor_loss: -2.2706  cost_loss: 1.3779  q_loss: 0.0006  reward_max: 0.6227  reward_mean: 0.0006  reward_min: -0.3769  state_cost_loss: 1.3770  value_loss: 0.5274
Step:   400000  |  score: 108.51 ± 0.17  |  actor_loss: -1.9048  cost_loss: 1.3734  q_loss: 0.0019  reward_max: 0.5935  reward_mean: -0.0061  reward_min: -2.0650  state_cost_loss: 1.3748  value_loss: 0.5002
Step:   410000  |  score: 108.99 ± 0.23  |  actor_loss: -2.4647  cost_loss: 1.3772  q_loss: 0.0007  reward_max: 0.9796  reward_mean: 0.0011  reward_min: -0.0616  state_cost_loss: 1.3758  value_loss: 0.5225
Step:   420000  |  score: 107.98 ± 0.92  |  actor_loss: -1.9509  cost_loss: 1.3714  q_loss: 0.0038  reward_max: 0.6368  reward_mean: 0.0019  reward_min: -0.6338  state_cost_loss: 1.3711  value_loss: 0.5352
Step:   430000  |  score: 108.32 ± 0.31  |  actor_loss: -2.3700  cost_loss: 1.3733  q_loss: 0.0026  reward_max: 0.8496  reward_mean: -0.0021  reward_min: -1.2392  state_cost_loss: 1.3732  value_loss: 0.5263
Step:   440000  |  score: 108.23 ± 0.30  |  actor_loss: -2.4307  cost_loss: 1.3790  q_loss: 0.0010  reward_max: 0.8659  reward_mean: 0.0063  reward_min: -0.4493  state_cost_loss: 1.3793  value_loss: 0.5266
Step:   450000  |  score: 108.61 ± 0.44  |  actor_loss: -2.2515  cost_loss: 1.3795  q_loss: 0.0008  reward_max: 0.0327  reward_mean: -0.0011  reward_min: -0.3929  state_cost_loss: 1.3795  value_loss: 0.5183
Step:   460000  |  score: 107.89 ± 0.79  |  actor_loss: -2.1421  cost_loss: 1.3763  q_loss: 0.0007  reward_max: 0.5103  reward_mean: -0.0037  reward_min: -0.1009  state_cost_loss: 1.3771  value_loss: 0.5367
Step:   470000  |  score: 106.99 ± 0.91  |  actor_loss: -2.4908  cost_loss: 1.3772  q_loss: 0.0006  reward_max: 0.4561  reward_mean: 0.0032  reward_min: -0.3310  state_cost_loss: 1.3770  value_loss: 0.5373
Step:   480000  |  score: 108.40 ± 0.37  |  actor_loss: -2.1936  cost_loss: 1.3718  q_loss: 0.0013  reward_max: 0.4407  reward_mean: -0.0028  reward_min: -0.4688  state_cost_loss: 1.3728  value_loss: 0.5234
Step:   490000  |  score: 108.53 ± 0.38  |  actor_loss: -2.0348  cost_loss: 1.3733  q_loss: 0.0013  reward_max: 0.6952  reward_mean: -0.0013  reward_min: -1.3793  state_cost_loss: 1.3734  value_loss: 0.5338
Step:   500000  |  score: 109.07 ± 0.28  |  actor_loss: -2.1536  cost_loss: 1.3774  q_loss: 0.0009  reward_max: 0.1010  reward_mean: -0.0080  reward_min: -1.7295  state_cost_loss: 1.3787  value_loss: 0.5135
Step:   510000  |  score: 108.28 ± 0.42  |  actor_loss: -2.4764  cost_loss: 1.3797  q_loss: 0.0009  reward_max: 0.3276  reward_mean: 0.0020  reward_min: -0.3498  state_cost_loss: 1.3800  value_loss: 0.5348
Step:   520000  |  score: 108.74 ± 0.43  |  actor_loss: -2.1013  cost_loss: 1.3760  q_loss: 0.0008  reward_max: 0.8186  reward_mean: -0.0023  reward_min: -1.3328  state_cost_loss: 1.3769  value_loss: 0.5227
Step:   530000  |  score: 108.84 ± 0.24  |  actor_loss: -1.9647  cost_loss: 1.3754  q_loss: 0.0006  reward_max: 0.3291  reward_mean: 0.0066  reward_min: -0.1725  state_cost_loss: 1.3756  value_loss: 0.5413
Step:   540000  |  score: 107.90 ± 0.72  |  actor_loss: -2.4740  cost_loss: 1.3783  q_loss: 0.0015  reward_max: 0.1491  reward_mean: 0.0002  reward_min: -2.1192  state_cost_loss: 1.3787  value_loss: 0.5356
Step:   550000  |  score: 108.05 ± 0.67  |  actor_loss: -2.2394  cost_loss: 1.3800  q_loss: 0.0006  reward_max: 0.2406  reward_mean: 0.0007  reward_min: -0.4665  state_cost_loss: 1.3801  value_loss: 0.5363
Step:   560000  |  score: 108.93 ± 0.22  |  actor_loss: -2.1652  cost_loss: 1.3746  q_loss: 0.0019  reward_max: 0.5376  reward_mean: -0.0037  reward_min: -0.3627  state_cost_loss: 1.3752  value_loss: 0.5266
Step:   570000  |  score: 109.12 ± 0.08  |  actor_loss: -2.3110  cost_loss: 1.3775  q_loss: 0.0008  reward_max: 0.3296  reward_mean: -0.0081  reward_min: -2.6449  state_cost_loss: 1.3787  value_loss: 0.5285
Step:   580000  |  score: 108.70 ± 0.39  |  actor_loss: -2.4228  cost_loss: 1.3809  q_loss: 0.0006  reward_max: 0.0637  reward_mean: -0.0002  reward_min: -0.6599  state_cost_loss: 1.3806  value_loss: 0.5328
Step:   590000  |  score: 108.15 ± 0.62  |  actor_loss: -2.3792  cost_loss: 1.3810  q_loss: 0.0005  reward_max: 0.4291  reward_mean: 0.0002  reward_min: -0.1253  state_cost_loss: 1.3813  value_loss: 0.5455
Step:   600000  |  score: 109.04 ± 0.25  |  actor_loss: -2.5000  cost_loss: 1.3798  q_loss: 0.0008  reward_max: 0.8186  reward_mean: 0.0006  reward_min: -0.0561  state_cost_loss: 1.3798  value_loss: 0.5505
Step:   610000  |  score: 107.41 ± 0.52  |  actor_loss: -2.2467  cost_loss: 1.3740  q_loss: 0.0018  reward_max: 0.3691  reward_mean: -0.0092  reward_min: -2.4581  state_cost_loss: 1.3747  value_loss: 0.5309
Step:   620000  |  score: 108.72 ± 0.26  |  actor_loss: -2.3979  cost_loss: 1.3805  q_loss: 0.0004  reward_max: 0.0936  reward_mean: -0.0010  reward_min: -0.1360  state_cost_loss: 1.3809  value_loss: 0.5448
Step:   630000  |  score: 108.98 ± 0.19  |  actor_loss: -1.9979  cost_loss: 1.3742  q_loss: 0.0014  reward_max: 0.9249  reward_mean: -0.0005  reward_min: -1.1468  state_cost_loss: 1.3744  value_loss: 0.5406
Step:   640000  |  score: 108.75 ± 0.20  |  actor_loss: -2.5495  cost_loss: 1.3764  q_loss: 0.0006  reward_max: 0.8751  reward_mean: 0.0002  reward_min: -1.8606  state_cost_loss: 1.3761  value_loss: 0.5480
Step:   650000  |  score: 108.40 ± 0.43  |  actor_loss: -2.2673  cost_loss: 1.3784  q_loss: 0.0017  reward_max: 0.8845  reward_mean: -0.0007  reward_min: -2.3547  state_cost_loss: 1.3790  value_loss: 0.5389
Step:   660000  |  score: 108.41 ± 0.20  |  actor_loss: -2.3525  cost_loss: 1.3729  q_loss: 0.0011  reward_max: 0.8226  reward_mean: -0.0019  reward_min: -1.2569  state_cost_loss: 1.3736  value_loss: 0.5465
Step:   670000  |  score: 108.71 ± 0.17  |  actor_loss: -2.3160  cost_loss: 1.3758  q_loss: 0.0009  reward_max: 0.3155  reward_mean: -0.0040  reward_min: -1.3467  state_cost_loss: 1.3764  value_loss: 0.5384
Step:   680000  |  score: 108.36 ± 0.58  |  actor_loss: -2.2560  cost_loss: 1.3793  q_loss: 0.0004  reward_max: 0.1774  reward_mean: -0.0057  reward_min: -1.0371  state_cost_loss: 1.3799  value_loss: 0.5446
Step:   690000  |  score: 108.99 ± 0.26  |  actor_loss: -2.3987  cost_loss: 1.3780  q_loss: 0.0015  reward_max: 0.5877  reward_mean: 0.0052  reward_min: -0.6088  state_cost_loss: 1.3776  value_loss: 0.5611
Step:   700000  |  score: 108.31 ± 0.54  |  actor_loss: -1.9201  cost_loss: 1.3734  q_loss: 0.0009  reward_max: 0.9488  reward_mean: -0.0005  reward_min: -2.3185  state_cost_loss: 1.3740  value_loss: 0.5489
Step:   710000  |  score: 108.77 ± 0.23  |  actor_loss: -2.1017  cost_loss: 1.3766  q_loss: 0.0012  reward_max: 0.8488  reward_mean: 0.0048  reward_min: -0.3741  state_cost_loss: 1.3768  value_loss: 0.5649
Step:   720000  |  score: 108.47 ± 0.26  |  actor_loss: -2.5261  cost_loss: 1.3796  q_loss: 0.0004  reward_max: 0.0996  reward_mean: 0.0008  reward_min: -0.5473  state_cost_loss: 1.3802  value_loss: 0.5564
Step:   730000  |  score: 108.77 ± 0.12  |  actor_loss: -2.1489  cost_loss: 1.3713  q_loss: 0.0035  reward_max: 0.5230  reward_mean: -0.0056  reward_min: -1.6527  state_cost_loss: 1.3722  value_loss: 0.5534
Step:   740000  |  score: 108.80 ± 0.24  |  actor_loss: -2.4179  cost_loss: 1.3768  q_loss: 0.0012  reward_max: 0.7911  reward_mean: 0.0088  reward_min: -0.2500  state_cost_loss: 1.3767  value_loss: 0.5662
Step:   750000  |  score: 108.10 ± 0.33  |  actor_loss: -2.4960  cost_loss: 1.3770  q_loss: 0.0008  reward_max: 0.1851  reward_mean: 0.0036  reward_min: -1.2589  state_cost_loss: 1.3767  value_loss: 0.5519
Step:   760000  |  score: 107.95 ± 0.49  |  actor_loss: -2.2693  cost_loss: 1.3775  q_loss: 0.0005  reward_max: 0.8193  reward_mean: 0.0032  reward_min: -0.1460  state_cost_loss: 1.3778  value_loss: 0.5566
Step:   770000  |  score: 108.75 ± 0.61  |  actor_loss: -2.4445  cost_loss: 1.3752  q_loss: 0.0016  reward_max: 0.4164  reward_mean: -0.0010  reward_min: -0.5561  state_cost_loss: 1.3752  value_loss: 0.5661
Step:   780000  |  score: 108.91 ± 0.12  |  actor_loss: -2.3534  cost_loss: 1.3795  q_loss: 0.0005  reward_max: 0.1904  reward_mean: 0.0000  reward_min: -1.0588  state_cost_loss: 1.3803  value_loss: 0.5525
Step:   790000  |  score: 108.11 ± 0.58  |  actor_loss: -2.2622  cost_loss: 1.3774  q_loss: 0.0009  reward_max: 0.4153  reward_mean: -0.0013  reward_min: -0.5876  state_cost_loss: 1.3782  value_loss: 0.5547
Step:   800000  |  score: 108.55 ± 0.09  |  actor_loss: -2.0235  cost_loss: 1.3700  q_loss: 0.0016  reward_max: 0.7309  reward_mean: -0.0063  reward_min: -1.8064  state_cost_loss: 1.3698  value_loss: 0.5567
Step:   810000  |  score: 108.52 ± 0.31  |  actor_loss: -2.5989  cost_loss: 1.3786  q_loss: 0.0008  reward_max: 0.5542  reward_mean: -0.0027  reward_min: -2.2298  state_cost_loss: 1.3800  value_loss: 0.5532
Step:   820000  |  score: 108.71 ± 0.24  |  actor_loss: -2.3659  cost_loss: 1.3745  q_loss: 0.0016  reward_max: 0.5706  reward_mean: 0.0016  reward_min: -0.4840  state_cost_loss: 1.3746  value_loss: 0.5610
Step:   830000  |  score: 108.21 ± 1.07  |  actor_loss: -2.3577  cost_loss: 1.3785  q_loss: 0.0003  reward_max: 0.1404  reward_mean: -0.0027  reward_min: -1.0238  state_cost_loss: 1.3782  value_loss: 0.5577
Step:   840000  |  score: 107.71 ± 0.45  |  actor_loss: -2.4000  cost_loss: 1.3793  q_loss: 0.0005  reward_max: 0.2718  reward_mean: 0.0009  reward_min: -0.6753  state_cost_loss: 1.3793  value_loss: 0.5627
Step:   850000  |  score: 108.55 ± 0.20  |  actor_loss: -2.4375  cost_loss: 1.3780  q_loss: 0.0006  reward_max: 0.8585  reward_mean: 0.0069  reward_min: -0.2656  state_cost_loss: 1.3793  value_loss: 0.5605
Step:   860000  |  score: 108.30 ± 0.43  |  actor_loss: -2.5086  cost_loss: 1.3780  q_loss: 0.0007  reward_max: 0.8297  reward_mean: 0.0026  reward_min: -0.1543  state_cost_loss: 1.3781  value_loss: 0.5746
Step:   870000  |  score: 107.80 ± 0.41  |  actor_loss: -2.2273  cost_loss: 1.3732  q_loss: 0.0010  reward_max: 1.2251  reward_mean: -0.0004  reward_min: -1.6197  state_cost_loss: 1.3737  value_loss: 0.5655
Step:   880000  |  score: 108.26 ± 0.67  |  actor_loss: -2.2863  cost_loss: 1.3744  q_loss: 0.0010  reward_max: 0.8569  reward_mean: 0.0022  reward_min: -0.8253  state_cost_loss: 1.3753  value_loss: 0.5659
Step:   890000  |  score: 108.43 ± 0.11  |  actor_loss: -2.4431  cost_loss: 1.3788  q_loss: 0.0007  reward_max: 0.3340  reward_mean: 0.0016  reward_min: -0.5447  state_cost_loss: 1.3786  value_loss: 0.5707
Step:   900000  |  score: 108.29 ± 0.48  |  actor_loss: -2.4239  cost_loss: 1.3766  q_loss: 0.0013  reward_max: 0.7859  reward_mean: 0.0011  reward_min: -1.2612  state_cost_loss: 1.3760  value_loss: 0.5639
Step:   910000  |  score: 108.54 ± 0.77  |  actor_loss: -2.2666  cost_loss: 1.3782  q_loss: 0.0006  reward_max: 0.2204  reward_mean: -0.0048  reward_min: -1.9124  state_cost_loss: 1.3779  value_loss: 0.5700
Step:   920000  |  score: 108.74 ± 0.26  |  actor_loss: -2.3747  cost_loss: 1.3806  q_loss: 0.0005  reward_max: 0.5170  reward_mean: -0.0004  reward_min: -0.1175  state_cost_loss: 1.3809  value_loss: 0.5708
Step:   930000  |  score: 107.97 ± 0.39  |  actor_loss: -2.3408  cost_loss: 1.3774  q_loss: 0.0008  reward_max: 0.1049  reward_mean: -0.0026  reward_min: -0.9120  state_cost_loss: 1.3777  value_loss: 0.5655
Step:   940000  |  score: 108.96 ± 0.16  |  actor_loss: -2.2596  cost_loss: 1.3755  q_loss: 0.0006  reward_max: 0.7303  reward_mean: 0.0034  reward_min: -0.6287  state_cost_loss: 1.3764  value_loss: 0.5581
Step:   950000  |  score: 108.73 ± 0.29  |  actor_loss: -2.2835  cost_loss: 1.3789  q_loss: 0.0004  reward_max: 0.7907  reward_mean: 0.0007  reward_min: -0.4548  state_cost_loss: 1.3795  value_loss: 0.5567
Step:   960000  |  score: 109.20 ± 0.31  |  actor_loss: -2.4311  cost_loss: 1.3736  q_loss: 0.0006  reward_max: 0.8338  reward_mean: 0.0033  reward_min: -0.3364  state_cost_loss: 1.3737  value_loss: 0.5707
Step:   970000  |  score: 109.27 ± 0.13  |  actor_loss: -2.3673  cost_loss: 1.3770  q_loss: 0.0008  reward_max: 0.2385  reward_mean: 0.0011  reward_min: -0.3084  state_cost_loss: 1.3773  value_loss: 0.5565
Step:   980000  |  score: 108.69 ± 0.22  |  actor_loss: -2.1843  cost_loss: 1.3749  q_loss: 0.0007  reward_max: 0.5135  reward_mean: 0.0025  reward_min: -0.4248  state_cost_loss: 1.3747  value_loss: 0.5694
Step:   990000  |  score: 108.28 ± 1.25  |  actor_loss: -2.1246  cost_loss: 1.3781  q_loss: 0.0011  reward_max: 0.2565  reward_mean: -0.0044  reward_min: -1.8054  state_cost_loss: 1.3792  value_loss: 0.5738
Step:  1000000  |  score: 107.93 ± 0.84  |  actor_loss: -2.5737  cost_loss: 1.3789  q_loss: 0.0004  reward_max: 0.6655  reward_mean: -0.0004  reward_min: -1.7514  state_cost_loss: 1.3796  value_loss: 0.5845
Step:  1010000  |  score: 107.95 ± 0.68  |  actor_loss: -2.1787  cost_loss: 1.3771  q_loss: 0.0005  reward_max: 0.1903  reward_mean: -0.0062  reward_min: -1.8620  state_cost_loss: 1.3781  value_loss: 0.5716
Step:  1020000  |  score: 108.69 ± 0.20  |  actor_loss: -2.6871  cost_loss: 1.3790  q_loss: 0.0014  reward_max: 0.5004  reward_mean: 0.0019  reward_min: -0.4261  state_cost_loss: 1.3781  value_loss: 0.5709
Step:  1030000  |  score: 108.90 ± 0.24  |  actor_loss: -2.5809  cost_loss: 1.3806  q_loss: 0.0008  reward_max: 0.0715  reward_mean: -0.0005  reward_min: -0.9064  state_cost_loss: 1.3809  value_loss: 0.5709
Step:  1040000  |  score: 108.72 ± 0.40  |  actor_loss: -2.3877  cost_loss: 1.3801  q_loss: 0.0005  reward_max: 0.0808  reward_mean: 0.0011  reward_min: -0.6418  state_cost_loss: 1.3803  value_loss: 0.5736
Step:  1050000  |  score: 108.50 ± 0.61  |  actor_loss: -2.3691  cost_loss: 1.3743  q_loss: 0.0009  reward_max: 0.6450  reward_mean: -0.0012  reward_min: -2.5126  state_cost_loss: 1.3753  value_loss: 0.5793
Step:  1060000  |  score: 108.52 ± 0.39  |  actor_loss: -1.9059  cost_loss: 1.3742  q_loss: 0.0018  reward_max: 0.3019  reward_mean: -0.0033  reward_min: -0.2795  state_cost_loss: 1.3742  value_loss: 0.5638
Step:  1070000  |  score: 108.56 ± 0.41  |  actor_loss: -2.3225  cost_loss: 1.3740  q_loss: 0.0010  reward_max: 0.4732  reward_mean: -0.0061  reward_min: -1.2881  state_cost_loss: 1.3740  value_loss: 0.5704
Step:  1080000  |  score: 108.60 ± 0.54  |  actor_loss: -2.4137  cost_loss: 1.3755  q_loss: 0.0012  reward_max: 0.9136  reward_mean: 0.0012  reward_min: -0.7082  state_cost_loss: 1.3755  value_loss: 0.5674
Step:  1090000  |  score: 65.69 ± 43.33  |  actor_loss: -2.6064  cost_loss: 1.3810  q_loss: 0.0004  reward_max: 0.4236  reward_mean: 0.0018  reward_min: -0.2183  state_cost_loss: 1.3810  value_loss: 0.5835
Step:  1100000  |  score: 108.49 ± 0.14  |  actor_loss: -2.4507  cost_loss: 1.3807  q_loss: 0.0008  reward_max: 0.1766  reward_mean: -0.0072  reward_min: -2.8582  state_cost_loss: 1.3811  value_loss: 0.5786
Step:  1110000  |  score: 108.62 ± 0.59  |  actor_loss: -2.4086  cost_loss: 1.3752  q_loss: 0.0007  reward_max: 0.8183  reward_mean: 0.0021  reward_min: -1.6591  state_cost_loss: 1.3757  value_loss: 0.6007
Step:  1120000  |  score: 108.58 ± 0.88  |  actor_loss: -2.5653  cost_loss: 1.3765  q_loss: 0.0007  reward_max: 0.2541  reward_mean: -0.0010  reward_min: -0.9888  state_cost_loss: 1.3766  value_loss: 0.5864
Step:  1130000  |  score: 107.80 ± 0.69  |  actor_loss: -2.2127  cost_loss: 1.3744  q_loss: 0.0008  reward_max: 0.5604  reward_mean: -0.0065  reward_min: -2.5829  state_cost_loss: 1.3759  value_loss: 0.5757
Step:  1140000  |  score: 109.01 ± 0.13  |  actor_loss: -2.3242  cost_loss: 1.3783  q_loss: 0.0006  reward_max: 0.4351  reward_mean: -0.0029  reward_min: -0.6163  state_cost_loss: 1.3790  value_loss: 0.5839
Step:  1150000  |  score: 108.17 ± 0.42  |  actor_loss: -2.6463  cost_loss: 1.3742  q_loss: 0.0007  reward_max: 0.7069  reward_mean: 0.0003  reward_min: -0.3443  state_cost_loss: 1.3748  value_loss: 0.5862
Step:  1160000  |  score: 109.09 ± 0.46  |  actor_loss: -2.4579  cost_loss: 1.3781  q_loss: 0.0013  reward_max: 1.1577  reward_mean: 0.0033  reward_min: -0.4408  state_cost_loss: 1.3785  value_loss: 0.5918
Step:  1170000  |  score: 108.01 ± 0.33  |  actor_loss: -2.4911  cost_loss: 1.3782  q_loss: 0.0004  reward_max: 0.2825  reward_mean: 0.0022  reward_min: -0.0433  state_cost_loss: 1.3781  value_loss: 0.5923
Step:  1180000  |  score: 108.36 ± 0.72  |  actor_loss: -2.3212  cost_loss: 1.3781  q_loss: 0.0014  reward_max: 0.2882  reward_mean: 0.0008  reward_min: -0.4867  state_cost_loss: 1.3783  value_loss: 0.5790
Step:  1190000  |  score: 108.27 ± 0.71  |  actor_loss: -2.5539  cost_loss: 1.3792  q_loss: 0.0005  reward_max: 0.1492  reward_mean: -0.0013  reward_min: -0.3469  state_cost_loss: 1.3800  value_loss: 0.5896
Step:  1200000  |  score: 108.19 ± 0.20  |  actor_loss: -2.2157  cost_loss: 1.3737  q_loss: 0.0009  reward_max: 0.3779  reward_mean: 0.0005  reward_min: -0.7459  state_cost_loss: 1.3732  value_loss: 0.5990
Step:  1210000  |  score: 109.05 ± 0.17  |  actor_loss: -2.5409  cost_loss: 1.3798  q_loss: 0.0008  reward_max: 0.3261  reward_mean: 0.0013  reward_min: -0.1300  state_cost_loss: 1.3803  value_loss: 0.5928
Step:  1220000  |  score: 107.82 ± 0.42  |  actor_loss: -2.3209  cost_loss: 1.3769  q_loss: 0.0005  reward_max: 0.2472  reward_mean: -0.0004  reward_min: -0.1908  state_cost_loss: 1.3767  value_loss: 0.5939
Step:  1230000  |  score: 108.21 ± 0.36  |  actor_loss: -2.4417  cost_loss: 1.3785  q_loss: 0.0008  reward_max: 0.1589  reward_mean: -0.0009  reward_min: -0.4171  state_cost_loss: 1.3795  value_loss: 0.5897
Step:  1240000  |  score: 108.55 ± 0.24  |  actor_loss: -2.4897  cost_loss: 1.3756  q_loss: 0.0006  reward_max: 0.3660  reward_mean: -0.0013  reward_min: -0.6676  state_cost_loss: 1.3763  value_loss: 0.5895
Step:  1250000  |  score: 107.88 ± 0.42  |  actor_loss: -1.9155  cost_loss: 1.3715  q_loss: 0.0013  reward_max: 0.3888  reward_mean: -0.0000  reward_min: -0.7717  state_cost_loss: 1.3706  value_loss: 0.5841
Step:  1260000  |  score: 108.13 ± 0.98  |  actor_loss: -2.4326  cost_loss: 1.3750  q_loss: 0.0015  reward_max: 0.4350  reward_mean: -0.0040  reward_min: -2.2700  state_cost_loss: 1.3757  value_loss: 0.5796
Step:  1270000  |  score: 107.89 ± 0.84  |  actor_loss: -2.1213  cost_loss: 1.3760  q_loss: 0.0011  reward_max: 0.7718  reward_mean: 0.0005  reward_min: -0.2660  state_cost_loss: 1.3759  value_loss: 0.5986
Step:  1280000  |  score: 108.61 ± 0.36  |  actor_loss: -2.3469  cost_loss: 1.3797  q_loss: 0.0008  reward_max: 0.0452  reward_mean: -0.0026  reward_min: -0.5878  state_cost_loss: 1.3798  value_loss: 0.5885
Step:  1290000  |  score: 108.27 ± 0.49  |  actor_loss: -2.3341  cost_loss: 1.3773  q_loss: 0.0008  reward_max: 0.3767  reward_mean: 0.0019  reward_min: -0.1722  state_cost_loss: 1.3773  value_loss: 0.5900
Step:  1300000  |  score: 108.04 ± 0.26  |  actor_loss: -2.4829  cost_loss: 1.3788  q_loss: 0.0008  reward_max: 0.0660  reward_mean: -0.0036  reward_min: -1.4686  state_cost_loss: 1.3794  value_loss: 0.5911
Step:  1310000  |  score: 108.40 ± 0.22  |  actor_loss: -2.4367  cost_loss: 1.3760  q_loss: 0.0009  reward_max: 0.1710  reward_mean: -0.0036  reward_min: -1.0230  state_cost_loss: 1.3767  value_loss: 0.5920
Step:  1320000  |  score: 108.48 ± 0.69  |  actor_loss: -2.2831  cost_loss: 1.3746  q_loss: 0.0009  reward_max: 0.3575  reward_mean: -0.0027  reward_min: -0.7549  state_cost_loss: 1.3753  value_loss: 0.5979
Step:  1330000  |  score: 107.84 ± 0.68  |  actor_loss: -2.4795  cost_loss: 1.3775  q_loss: 0.0008  reward_max: 0.5621  reward_mean: 0.0009  reward_min: -0.6508  state_cost_loss: 1.3771  value_loss: 0.5936
Step:  1340000  |  score: 108.59 ± 0.23  |  actor_loss: -2.4291  cost_loss: 1.3799  q_loss: 0.0004  reward_max: 0.3510  reward_mean: 0.0008  reward_min: -0.0706  state_cost_loss: 1.3803  value_loss: 0.5992
Step:  1350000  |  score: 108.75 ± 0.56  |  actor_loss: -2.7541  cost_loss: 1.3782  q_loss: 0.0006  reward_max: 0.3308  reward_mean: 0.0007  reward_min: -0.2665  state_cost_loss: 1.3786  value_loss: 0.5952
Step:  1360000  |  score: 107.70 ± 0.76  |  actor_loss: -2.2980  cost_loss: 1.3744  q_loss: 0.0013  reward_max: 0.3464  reward_mean: -0.0001  reward_min: -1.1720  state_cost_loss: 1.3748  value_loss: 0.6003
Step:  1370000  |  score: 108.38 ± 0.23  |  actor_loss: -2.5066  cost_loss: 1.3787  q_loss: 0.0005  reward_max: 0.1864  reward_mean: -0.0007  reward_min: -0.2358  state_cost_loss: 1.3782  value_loss: 0.5996
Step:  1380000  |  score: 108.70 ± 0.71  |  actor_loss: -2.5360  cost_loss: 1.3752  q_loss: 0.0008  reward_max: 1.1076  reward_mean: 0.0017  reward_min: -0.5028  state_cost_loss: 1.3767  value_loss: 0.6138
Step:  1390000  |  score: 108.75 ± 0.30  |  actor_loss: -2.4045  cost_loss: 1.3758  q_loss: 0.0018  reward_max: 0.3450  reward_mean: -0.0036  reward_min: -1.9675  state_cost_loss: 1.3764  value_loss: 0.6001
Step:  1400000  |  score: 108.40 ± 0.13  |  actor_loss: -2.5307  cost_loss: 1.3801  q_loss: 0.0005  reward_max: 0.4382  reward_mean: 0.0021  reward_min: -0.0333  state_cost_loss: 1.3799  value_loss: 0.6021
Step:  1410000  |  score: 108.17 ± 0.69  |  actor_loss: -2.2729  cost_loss: 1.3753  q_loss: 0.0005  reward_max: 0.0773  reward_mean: -0.0051  reward_min: -1.3553  state_cost_loss: 1.3765  value_loss: 0.5954
Step:  1420000  |  score: 108.23 ± 0.52  |  actor_loss: -2.4269  cost_loss: 1.3800  q_loss: 0.0004  reward_max: 0.3609  reward_mean: 0.0010  reward_min: -0.2703  state_cost_loss: 1.3803  value_loss: 0.6037
Step:  1430000  |  score: 108.93 ± 0.42  |  actor_loss: -2.4059  cost_loss: 1.3729  q_loss: 0.0011  reward_max: 0.3923  reward_mean: -0.0011  reward_min: -0.5700  state_cost_loss: 1.3730  value_loss: 0.6134
Step:  1440000  |  score: 108.04 ± 0.41  |  actor_loss: -2.4725  cost_loss: 1.3792  q_loss: 0.0005  reward_max: 0.2812  reward_mean: -0.0010  reward_min: -1.1088  state_cost_loss: 1.3781  value_loss: 0.6140
Step:  1450000  |  score: 107.30 ± 1.46  |  actor_loss: -2.5385  cost_loss: 1.3785  q_loss: 0.0003  reward_max: 0.5914  reward_mean: 0.0005  reward_min: -0.4768  state_cost_loss: 1.3785  value_loss: 0.6051
Step:  1460000  |  score: 108.45 ± 0.68  |  actor_loss: -2.3804  cost_loss: 1.3797  q_loss: 0.0006  reward_max: 0.3835  reward_mean: -0.0029  reward_min: -1.4388  state_cost_loss: 1.3793  value_loss: 0.6155
Step:  1470000  |  score: 108.58 ± 0.26  |  actor_loss: -2.7924  cost_loss: 1.3796  q_loss: 0.0003  reward_max: 0.7697  reward_mean: 0.0009  reward_min: -1.5265  state_cost_loss: 1.3796  value_loss: 0.6254
Step:  1480000  |  score: 108.90 ± 0.13  |  actor_loss: -2.0866  cost_loss: 1.3766  q_loss: 0.0008  reward_max: 0.9451  reward_mean: 0.0030  reward_min: -0.9113  state_cost_loss: 1.3773  value_loss: 0.6115
Step:  1490000  |  score: 108.49 ± 0.43  |  actor_loss: -2.6318  cost_loss: 1.3800  q_loss: 0.0006  reward_max: 0.0850  reward_mean: 0.0000  reward_min: -0.1285  state_cost_loss: 1.3799  value_loss: 0.6233
Step:  1500000  |  score: 108.94 ± 0.09  |  actor_loss: -2.2330  cost_loss: 1.3732  q_loss: 0.0008  reward_max: 0.2626  reward_mean: -0.0038  reward_min: -0.5750  state_cost_loss: 1.3732  value_loss: 0.6176
Step:  1510000  |  score: 97.88 ± 28.88  |  actor_loss: -2.6901  cost_loss: 1.3799  q_loss: 0.0006  reward_max: 0.6400  reward_mean: 0.0018  reward_min: -0.0830  state_cost_loss: 1.3798  value_loss: 0.6079
Step:  1520000  |  score: 108.46 ± 0.45  |  actor_loss: -2.4153  cost_loss: 1.3772  q_loss: 0.0008  reward_max: 0.1036  reward_mean: -0.0045  reward_min: -1.9144  state_cost_loss: 1.3783  value_loss: 0.6115
Step:  1530000  |  score: 108.21 ± 0.49  |  actor_loss: -2.6409  cost_loss: 1.3822  q_loss: 0.0011  reward_max: 0.3376  reward_mean: 0.0020  reward_min: -0.0681  state_cost_loss: 1.3821  value_loss: 0.6175
Step:  1540000  |  score: 98.56 ± 25.17  |  actor_loss: -1.7277  cost_loss: 1.3741  q_loss: 0.0011  reward_max: 0.7516  reward_mean: -0.0017  reward_min: -1.1174  state_cost_loss: 1.3747  value_loss: 0.6173
Step:  1550000  |  score: 108.52 ± 0.36  |  actor_loss: -1.9625  cost_loss: 1.3727  q_loss: 0.0011  reward_max: 0.3215  reward_mean: -0.0070  reward_min: -2.4037  state_cost_loss: 1.3734  value_loss: 0.6062
Step:  1560000  |  score: 108.77 ± 0.40  |  actor_loss: -2.2626  cost_loss: 1.3731  q_loss: 0.0014  reward_max: 0.7555  reward_mean: 0.0037  reward_min: -0.4449  state_cost_loss: 1.3737  value_loss: 0.6024
Step:  1570000  |  score: 108.62 ± 0.47  |  actor_loss: -2.3616  cost_loss: 1.3780  q_loss: 0.0008  reward_max: 0.4346  reward_mean: -0.0055  reward_min: -2.4825  state_cost_loss: 1.3792  value_loss: 0.6078
Step:  1580000  |  score: 98.36 ± 27.05  |  actor_loss: -2.4382  cost_loss: 1.3764  q_loss: 0.0008  reward_max: 0.2940  reward_mean: 0.0013  reward_min: -0.4634  state_cost_loss: 1.3761  value_loss: 0.6089
Step:  1590000  |  score: 108.07 ± 0.34  |  actor_loss: -2.7697  cost_loss: 1.3787  q_loss: 0.0007  reward_max: 0.0898  reward_mean: -0.0013  reward_min: -0.6765  state_cost_loss: 1.3790  value_loss: 0.6150
Step:  1600000  |  score: 108.35 ± 0.34  |  actor_loss: -2.4989  cost_loss: 1.3733  q_loss: 0.0008  reward_max: 0.8336  reward_mean: 0.0021  reward_min: -1.0989  state_cost_loss: 1.3723  value_loss: 0.6136
Step:  1610000  |  score: 108.74 ± 0.37  |  actor_loss: -2.5891  cost_loss: 1.3798  q_loss: 0.0008  reward_max: 1.1958  reward_mean: 0.0000  reward_min: -0.7453  state_cost_loss: 1.3797  value_loss: 0.6333
Step:  1620000  |  score: 108.36 ± 0.43  |  actor_loss: -2.7028  cost_loss: 1.3804  q_loss: 0.0013  reward_max: 0.1595  reward_mean: -0.0012  reward_min: -0.6020  state_cost_loss: 1.3810  value_loss: 0.6204
Step:  1630000  |  score: 108.25 ± 0.33  |  actor_loss: -2.2708  cost_loss: 1.3747  q_loss: 0.0011  reward_max: 0.5978  reward_mean: 0.0019  reward_min: -0.0688  state_cost_loss: 1.3745  value_loss: 0.6230
Step:  1640000  |  score: 108.23 ± 0.60  |  actor_loss: -2.6446  cost_loss: 1.3767  q_loss: 0.0004  reward_max: 0.3138  reward_mean: -0.0007  reward_min: -2.0698  state_cost_loss: 1.3769  value_loss: 0.6205
Step:  1650000  |  score: 108.43 ± 0.20  |  actor_loss: -2.5851  cost_loss: 1.3808  q_loss: 0.0005  reward_max: 0.1665  reward_mean: 0.0006  reward_min: -0.1003  state_cost_loss: 1.3810  value_loss: 0.6084
Step:  1660000  |  score: 108.75 ± 0.57  |  actor_loss: -2.4661  cost_loss: 1.3780  q_loss: 0.0008  reward_max: 0.3888  reward_mean: 0.0014  reward_min: -0.4007  state_cost_loss: 1.3776  value_loss: 0.6088
Step:  1670000  |  score: 108.17 ± 0.19  |  actor_loss: -2.5764  cost_loss: 1.3770  q_loss: 0.0008  reward_max: 0.8434  reward_mean: -0.0014  reward_min: -1.3775  state_cost_loss: 1.3766  value_loss: 0.6044
Step:  1680000  |  score: 108.44 ± 0.34  |  actor_loss: -2.6215  cost_loss: 1.3765  q_loss: 0.0005  reward_max: 0.1719  reward_mean: -0.0069  reward_min: -2.3753  state_cost_loss: 1.3780  value_loss: 0.6053
Step:  1690000  |  score: 108.59 ± 0.28  |  actor_loss: -2.4701  cost_loss: 1.3782  q_loss: 0.0005  reward_max: 0.2920  reward_mean: -0.0078  reward_min: -2.1186  state_cost_loss: 1.3801  value_loss: 0.6035
Step:  1700000  |  score: 108.85 ± 0.25  |  actor_loss: -2.5612  cost_loss: 1.3799  q_loss: 0.0007  reward_max: 0.2194  reward_mean: -0.0012  reward_min: -0.3683  state_cost_loss: 1.3798  value_loss: 0.6048
Step:  1710000  |  score: 108.96 ± 0.17  |  actor_loss: -2.6141  cost_loss: 1.3763  q_loss: 0.0009  reward_max: 0.3381  reward_mean: 0.0015  reward_min: -0.3568  state_cost_loss: 1.3758  value_loss: 0.6111
Step:  1720000  |  score: 108.81 ± 0.25  |  actor_loss: -2.4277  cost_loss: 1.3779  q_loss: 0.0005  reward_max: 0.3343  reward_mean: 0.0011  reward_min: -0.4081  state_cost_loss: 1.3776  value_loss: 0.6074
Step:  1730000  |  score: 108.85 ± 0.26  |  actor_loss: -2.4629  cost_loss: 1.3772  q_loss: 0.0007  reward_max: 0.7387  reward_mean: 0.0012  reward_min: -0.4048  state_cost_loss: 1.3778  value_loss: 0.6032
Step:  1740000  |  score: 108.81 ± 0.30  |  actor_loss: -2.6581  cost_loss: 1.3818  q_loss: 0.0003  reward_max: 0.3534  reward_mean: 0.0004  reward_min: -0.0343  state_cost_loss: 1.3816  value_loss: 0.6195
Step:  1750000  |  score: 108.67 ± 0.43  |  actor_loss: -2.6420  cost_loss: 1.3758  q_loss: 0.0010  reward_max: 0.8933  reward_mean: 0.0050  reward_min: -0.0335  state_cost_loss: 1.3753  value_loss: 0.6166
Step:  1760000  |  score: 109.17 ± 0.30  |  actor_loss: -2.3968  cost_loss: 1.3768  q_loss: 0.0009  reward_max: 0.6527  reward_mean: 0.0017  reward_min: -0.4888  state_cost_loss: 1.3763  value_loss: 0.6228
Step:  1770000  |  score: 108.35 ± 0.22  |  actor_loss: -2.5709  cost_loss: 1.3765  q_loss: 0.0006  reward_max: 0.2326  reward_mean: -0.0030  reward_min: -0.7527  state_cost_loss: 1.3765  value_loss: 0.6149
Step:  1780000  |  score: 108.39 ± 0.27  |  actor_loss: -2.4456  cost_loss: 1.3788  q_loss: 0.0013  reward_max: 0.4211  reward_mean: 0.0024  reward_min: -0.1388  state_cost_loss: 1.3793  value_loss: 0.6236
Step:  1790000  |  score: 108.35 ± 0.46  |  actor_loss: -2.4309  cost_loss: 1.3750  q_loss: 0.0011  reward_max: 0.8031  reward_mean: -0.0030  reward_min: -2.5298  state_cost_loss: 1.3754  value_loss: 0.6233
Step:  1800000  |  score: 108.68 ± 0.18  |  actor_loss: -2.4616  cost_loss: 1.3759  q_loss: 0.0007  reward_max: 0.1843  reward_mean: -0.0047  reward_min: -2.1820  state_cost_loss: 1.3772  value_loss: 0.6124
Step:  1810000  |  score: 109.08 ± 0.19  |  actor_loss: -2.5802  cost_loss: 1.3799  q_loss: 0.0003  reward_max: 0.1166  reward_mean: -0.0004  reward_min: -0.1544  state_cost_loss: 1.3809  value_loss: 0.6191
Step:  1820000  |  score: 107.98 ± 0.23  |  actor_loss: -2.6588  cost_loss: 1.3814  q_loss: 0.0005  reward_max: 0.1551  reward_mean: -0.0036  reward_min: -2.4938  state_cost_loss: 1.3826  value_loss: 0.6185
Step:  1830000  |  score: 108.45 ± 0.52  |  actor_loss: -2.2639  cost_loss: 1.3740  q_loss: 0.0007  reward_max: 0.8282  reward_mean: 0.0016  reward_min: -0.1301  state_cost_loss: 1.3741  value_loss: 0.6266
Step:  1840000  |  score: 108.67 ± 0.19  |  actor_loss: -2.3942  cost_loss: 1.3770  q_loss: 0.0004  reward_max: 0.3716  reward_mean: -0.0013  reward_min: -0.7633  state_cost_loss: 1.3772  value_loss: 0.6252
Step:  1850000  |  score: 108.88 ± 0.12  |  actor_loss: -2.4783  cost_loss: 1.3759  q_loss: 0.0008  reward_max: 0.4055  reward_mean: -0.0029  reward_min: -0.6484  state_cost_loss: 1.3756  value_loss: 0.6164
Step:  1860000  |  score: 108.43 ± 0.34  |  actor_loss: -2.7671  cost_loss: 1.3813  q_loss: 0.0004  reward_max: 0.0814  reward_mean: -0.0004  reward_min: -0.0965  state_cost_loss: 1.3813  value_loss: 0.6242
Step:  1870000  |  score: 108.04 ± 0.48  |  actor_loss: -2.3744  cost_loss: 1.3759  q_loss: 0.0008  reward_max: 0.3550  reward_mean: 0.0003  reward_min: -0.4202  state_cost_loss: 1.3759  value_loss: 0.6236
Step:  1880000  |  score: 108.38 ± 0.16  |  actor_loss: -2.4739  cost_loss: 1.3799  q_loss: 0.0009  reward_max: 0.3674  reward_mean: -0.0053  reward_min: -2.8913  state_cost_loss: 1.3800  value_loss: 0.6231
Step:  1890000  |  score: 108.81 ± 0.33  |  actor_loss: -2.4481  cost_loss: 1.3802  q_loss: 0.0007  reward_max: 0.8939  reward_mean: -0.0011  reward_min: -1.4546  state_cost_loss: 1.3812  value_loss: 0.6154
Step:  1900000  |  score: 108.68 ± 0.24  |  actor_loss: -2.6492  cost_loss: 1.3814  q_loss: 0.0005  reward_max: 0.2900  reward_mean: -0.0007  reward_min: -0.0649  state_cost_loss: 1.3812  value_loss: 0.6109
Step:  1910000  |  score: 108.52 ± 0.48  |  actor_loss: -2.7002  cost_loss: 1.3784  q_loss: 0.0005  reward_max: 0.4340  reward_mean: 0.0006  reward_min: -0.1477  state_cost_loss: 1.3791  value_loss: 0.6277
Step:  1920000  |  score: 109.23 ± 0.24  |  actor_loss: -2.6022  cost_loss: 1.3762  q_loss: 0.0005  reward_max: 0.8079  reward_mean: 0.0008  reward_min: -0.3191  state_cost_loss: 1.3766  value_loss: 0.6175
Step:  1930000  |  score: 108.82 ± 0.31  |  actor_loss: -2.5489  cost_loss: 1.3786  q_loss: 0.0006  reward_max: 0.2690  reward_mean: 0.0004  reward_min: -0.4848  state_cost_loss: 1.3783  value_loss: 0.6203
Step:  1940000  |  score: 108.86 ± 0.15  |  actor_loss: -2.2836  cost_loss: 1.3785  q_loss: 0.0007  reward_max: 0.8937  reward_mean: -0.0007  reward_min: -0.2930  state_cost_loss: 1.3791  value_loss: 0.6259
Step:  1950000  |  score: 108.05 ± 1.19  |  actor_loss: -2.4551  cost_loss: 1.3770  q_loss: 0.0005  reward_max: 0.3444  reward_mean: 0.0025  reward_min: -0.3500  state_cost_loss: 1.3761  value_loss: 0.6171
Step:  1960000  |  score: 108.47 ± 0.19  |  actor_loss: -2.5209  cost_loss: 1.3794  q_loss: 0.0007  reward_max: 0.1698  reward_mean: -0.0000  reward_min: -0.1008  state_cost_loss: 1.3801  value_loss: 0.6223
Step:  1970000  |  score: 109.20 ± 0.08  |  actor_loss: -2.5658  cost_loss: 1.3815  q_loss: 0.0005  reward_max: 0.7488  reward_mean: 0.0003  reward_min: -0.0708  state_cost_loss: 1.3822  value_loss: 0.6063
Step:  1980000  |  score: 108.25 ± 0.50  |  actor_loss: -2.4156  cost_loss: 1.3769  q_loss: 0.0004  reward_max: 0.2915  reward_mean: 0.0022  reward_min: -0.1740  state_cost_loss: 1.3761  value_loss: 0.6219
Step:  1990000  |  score: 108.77 ± 0.49  |  actor_loss: -2.4560  cost_loss: 1.3741  q_loss: 0.0009  reward_max: 0.5722  reward_mean: 0.0040  reward_min: -0.7169  state_cost_loss: 1.3746  value_loss: 0.6203
Step:  2000000  |  score: 108.62 ± 0.35  |  actor_loss: -2.5536  cost_loss: 1.3802  q_loss: 0.0007  reward_max: 0.1239  reward_mean: -0.0026  reward_min: -0.1049  state_cost_loss: 1.3812  value_loss: 0.5845
Final evaluation (13 iterations)...
Final score: 108.52 ± 0.56
wandb: WARNING Symlinked 1 file into the W&B run directory; call wandb.save again to sync new files.
wandb: updating run metadata
wandb: uploading final_returns/cdemodice_walker2d-expert-v2_2026-03-18_20-02-56.npz; uploading output.log; uploading wandb-summary.json; uploading config.yaml
wandb: uploading final_returns/cdemodice_walker2d-expert-v2_2026-03-18_20-02-56.npz; uploading output.log
wandb: uploading summary, console lines 214-215
wandb: 
wandb: Run history:
wandb:  actor_loss █▂▂▁▁▁▁▂▁▂▂▁▂▁▂▂▂▂▁▁▁▁▂▁▁▁▁▁▁▂▁▁▁▁▁▁▁▁▁▁
wandb:   cost_loss ▆▆▆█▃▅▅▄▂▃▃▄█▅▃▆▄▆▁▆▆▄▇▆█▄▄▅▂▆▄▇█▇▅▇▅▇▄▅
wandb: num_updates ▁▁▂▂▂▃▃▃▃▃▃▃▄▄▄▄▄▅▅▅▅▅▅▅▆▆▆▆▆▇▇▇▇▇▇█████
wandb:      q_loss ▃█▆▆▂▂▂▅▃▂▃▇▃▁▃▆▁▆▂▂▅▂▂▃▁▃▁▃▄▃▃▁▄▃▄▃▂▃▂▁
wandb:      return ▅▂▅▅▅▄▄▃▆▄▃▄▆▇▆▇▆▇▄▅▃██▆▄▇▃▃▃▂▄▁▅▇▆▆▅▆▅▆
wandb:  reward_max ▃▆▁▃▄▃▃▃▂▃▆▆▁▄▆▄▆█▆▂▂▂▆▂▂▃▅▁▂▁▁▄▂▃▄▂▃▂▂▁
wandb: reward_mean ▁█▄▂▆▂▅▅▆▅▅▆▅▃▅▆▄▅▃▅▅▅▃▅▅▄▄▅▅▅▅▅▅▅▃▅▅▄▅▆
wandb:  reward_min ▇█▅▅▆▇▇▄▇▅▂▁▅▅▄▅▃▆█▇▃▇▁▇▅▇▇▆█▇▄▂▇█▂▆▁▁██
wandb:       score ▁██████████████████████████████▇████████
wandb:   score_std ▁▁▁▁▁▁▁▁▁▁▁▁▁▁▁▁▁▁▁▁▁▁▁▁▁▁▁▁▁▁▁█▁▁▁▁▁▁▁▁
wandb:          +2 ...
wandb: 
wandb: Run summary:
wandb:  actor_loss -2.55356
wandb:   cost_loss 1.38023
wandb: num_updates 2000000
wandb:      q_loss 0.00069
wandb:      return 4988.15562
wandb:  reward_max 0.12387
wandb: reward_mean -0.00255
wandb:  reward_min -0.10488
wandb:       score 108.62304
wandb:   score_std 0.34964
wandb:          +2 ...
wandb: 
wandb: 🚀 View run cdemodice_walker2d_M2_s1 at: https://wandb.ai/wsk208/DemoDICE/runs/yoy3p6qk
wandb: ⭐️ View project at: https://wandb.ai/wsk208/DemoDICE
wandb: Synced 5 W&B file(s), 0 media file(s), 0 artifact file(s) and 1 other file(s)
wandb: Find logs at: ./wandb/run-20260318_192933-yoy3p6qk/logs
