Warning: All of online environments libraries in D4RL have been moved ]8;;https://github.com/Farama-Foundation/Gymnasium\Gymnasium]8;;\, ]8;;https://github.com/Farama-Foundation/MiniGrid\MiniGrid]8;;\ and ]8;;https://github.com/Farama-Foundation/Gymnasium-Robotics\Gymnasium-Robotics]8;;\, and all offline datasets in D4RL have been moved to ]8;;https://github.com/Farama-Foundation/Minari\Minari]8;;\.
These new versions include large bug fixes, new versions of Python, and are where all new development will continue. Please upgrade these libraries as soon as you're able to do so.
If you'd like to read more about the story behind this switch, please check out ]8;;https://farama.org/Announcing-Minari\this blog post]8;;\.
Gym has been unmaintained since 2022 and does not support NumPy 2.0 amongst other critical functionality.
Please upgrade to Gymnasium, the maintained drop-in replacement of Gym, or contact the authors of your software and request that they upgrade.
See the migration guide at https://gymnasium.farama.org/introduction/migration_guide/ for additional information.
/opt/venv/lib/python3.10/site-packages/Cython/Distutils/old_build_ext.py:15: DeprecationWarning: dep_util is Deprecated. Use functions from setuptools instead.
  from distutils.dep_util import newer, newer_group
<frozen importlib._bootstrap>:283: DeprecationWarning: the load_module() method is deprecated and slated for removal in Python 3.12; use exec_module() instead
pybullet build time: Jan 29 2025 23:16:28
wandb: [wandb.login()] Loaded credentials for https://api.wandb.ai from /root/.netrc.
wandb: Currently logged in as: wsk208 to https://api.wandb.ai. Use `wandb login --relogin` to force relogin
/opt/venv/lib/python3.10/site-packages/wandb/analytics/sentry.py:268: DeprecationWarning: Read the `app_url` setting from the appropriate Settings object.
  app_url = wandb.util.app_url(tags["base_url"])  # type: ignore[index]
/opt/venv/lib/python3.10/site-packages/wandb/analytics/sentry.py:279: DeprecationWarning: The `Scope.user` setter is deprecated in favor of `Scope.set_user()`.
  self.scope.user = {"email": email}
wandb: setting up run ii56sdgw
/opt/venv/lib/python3.10/site-packages/wandb/analytics/sentry.py:268: DeprecationWarning: Read the `app_url` setting from the appropriate Settings object.
  app_url = wandb.util.app_url(tags["base_url"])  # type: ignore[index]
/opt/venv/lib/python3.10/site-packages/wandb/analytics/sentry.py:279: DeprecationWarning: The `Scope.user` setter is deprecated in favor of `Scope.set_user()`.
  self.scope.user = {"email": email}
wandb: Tracking run with wandb version 0.25.1
wandb: Run data is saved locally in /app/wandb/run-20260319_020226-ii56sdgw
wandb: Run `wandb offline` to turn off syncing.
wandb: Syncing run cdemodice_halfcheetah_M1_s2
wandb: ⭐️ View project at https://wandb.ai/wsk208/DemoDICE
wandb: 🚀 View run at https://wandb.ai/wsk208/DemoDICE/runs/ii56sdgw
/opt/venv/lib/python3.10/site-packages/gym/spaces/box.py:84: UserWarning: [33mWARN: Box bound precision lowered by casting to float32[0m
  logger.warn(f"Box bound precision lowered by casting to {self.dtype}")
load datafile:   0%|          | 0/21 [00:00<?, ?it/s]load datafile:   5%|▍         | 1/21 [00:00<00:03,  5.96it/s]load datafile:  14%|█▍        | 3/21 [00:00<00:03,  5.25it/s]load datafile:  19%|█▉        | 4/21 [00:00<00:04,  3.97it/s]load datafile:  81%|████████  | 17/21 [00:01<00:00, 15.48it/s]load datafile:  90%|█████████ | 19/21 [00:01<00:00, 10.81it/s]load datafile: 100%|██████████| 21/21 [00:01<00:00, 11.18it/s]
Expert  :  999000 transitions  (halfcheetah-expert-v2, 400 traj)
load datafile:   0%|          | 0/9 [00:00<?, ?it/s]load datafile:  11%|█         | 1/9 [00:00<00:01,  5.96it/s]load datafile:  33%|███▎      | 3/9 [00:00<00:01,  5.51it/s]load datafile:  44%|████▍     | 4/9 [00:00<00:01,  4.11it/s]load datafile:  56%|█████▌    | 5/9 [00:01<00:01,  3.22it/s]load datafile:  67%|██████▋   | 6/9 [00:01<00:01,  2.77it/s]load datafile: 100%|██████████| 9/9 [00:01<00:00,  4.88it/s]
Imperfect:  999000 transitions  (halfcheetah-random-v2, 100 traj)
Union   : 1998000 transitions total
/root/.local/share/uv/python/cpython-3.10-linux-x86_64-gnu/lib/python3.10/multiprocessing/popen_fork.py:66: RuntimeWarning: os.fork() was called. os.fork() is incompatible with multithreaded code, and JAX is multithreaded, so this will likely lead to a deadlock.
  self.pid = os.fork()
/opt/venv/lib/python3.10/site-packages/tensorflow_probability/python/internal/backend/jax/ops.py:681: DeprecationWarning: jax.interpreters.xla.pytype_aval_mappings is deprecated.
  jax.interpreters.xla.pytype_aval_mappings[onp.ndarray])
/opt/venv/lib/python3.10/site-packages/gym/spaces/box.py:84: UserWarning: [33mWARN: Box bound precision lowered by casting to float32[0m
  logger.warn(f"Box bound precision lowered by casting to {self.dtype}")
Step:    10000  |  score: 2.23 ± 0.01  |  actor_loss: 4.7197  cost_loss: 0.9731  q_loss: 0.0400  reward_max: 0.8557  reward_mean: -0.0873  reward_min: -1.3157  state_cost_loss: 0.9788  value_loss: -1.1390
Step:    20000  |  score: 2.20 ± 0.02  |  actor_loss: 3.6872  cost_loss: 0.9800  q_loss: 0.0771  reward_max: 1.4176  reward_mean: -0.0974  reward_min: -1.4128  state_cost_loss: 0.9883  value_loss: -3.0197
Step:    30000  |  score: 4.37 ± 2.69  |  actor_loss: 3.4487  cost_loss: 0.9471  q_loss: 0.0907  reward_max: 1.6106  reward_mean: -0.0561  reward_min: -1.6893  state_cost_loss: 0.9504  value_loss: -4.1819
Step:    40000  |  score: 4.42 ± 1.15  |  actor_loss: 3.4589  cost_loss: 0.9719  q_loss: 0.0929  reward_max: 0.9874  reward_mean: -0.0791  reward_min: -2.0606  state_cost_loss: 0.9770  value_loss: -4.7915
Step:    50000  |  score: 4.58 ± 1.53  |  actor_loss: 3.4502  cost_loss: 0.9617  q_loss: 0.0837  reward_max: 1.4332  reward_mean: -0.0725  reward_min: -1.7093  state_cost_loss: 0.9693  value_loss: -5.0557
Step:    60000  |  score: 8.53 ± 8.79  |  actor_loss: 3.4710  cost_loss: 0.9589  q_loss: 0.0842  reward_max: 1.2221  reward_mean: -0.0828  reward_min: -2.1303  state_cost_loss: 0.9660  value_loss: -4.7422
Step:    70000  |  score: 4.68 ± 1.49  |  actor_loss: 3.5033  cost_loss: 0.9662  q_loss: 0.0781  reward_max: 1.1229  reward_mean: -0.0763  reward_min: -1.3830  state_cost_loss: 0.9760  value_loss: -4.4570
Step:    80000  |  score: 12.11 ± 9.55  |  actor_loss: 3.2122  cost_loss: 1.0012  q_loss: 0.0642  reward_max: 1.3592  reward_mean: -0.0533  reward_min: -1.1752  state_cost_loss: 1.0072  value_loss: -3.6574
Step:    90000  |  score: 3.21 ± 0.67  |  actor_loss: 3.5266  cost_loss: 0.9618  q_loss: 0.0732  reward_max: 1.9378  reward_mean: -0.0774  reward_min: -2.2946  state_cost_loss: 0.9629  value_loss: -3.5302
Step:   100000  |  score: 8.93 ± 8.06  |  actor_loss: 3.1622  cost_loss: 0.9845  q_loss: 0.0859  reward_max: 1.2038  reward_mean: -0.0749  reward_min: -1.4399  state_cost_loss: 0.9897  value_loss: -3.1314
Step:   110000  |  score: 10.98 ± 11.36  |  actor_loss: 3.3513  cost_loss: 0.9681  q_loss: 0.0755  reward_max: 1.3036  reward_mean: -0.0207  reward_min: -2.5122  state_cost_loss: 0.9734  value_loss: -2.6927
Step:   120000  |  score: 7.06 ± 7.73  |  actor_loss: 3.6265  cost_loss: 0.9375  q_loss: 0.0600  reward_max: 1.4206  reward_mean: -0.0339  reward_min: -1.9297  state_cost_loss: 0.9344  value_loss: -2.4365
Step:   130000  |  score: 15.58 ± 22.36  |  actor_loss: 3.4195  cost_loss: 0.9861  q_loss: 0.0640  reward_max: 0.8814  reward_mean: -0.0162  reward_min: -2.6399  state_cost_loss: 0.9906  value_loss: -2.1568
Step:   140000  |  score: 15.15 ± 22.04  |  actor_loss: 3.3690  cost_loss: 0.9583  q_loss: 0.0533  reward_max: 1.1128  reward_mean: -0.0688  reward_min: -1.4741  state_cost_loss: 0.9639  value_loss: -2.2190
Step:   150000  |  score: 30.95 ± 26.28  |  actor_loss: 3.4956  cost_loss: 0.9677  q_loss: 0.0446  reward_max: 1.0226  reward_mean: -0.0243  reward_min: -1.8832  state_cost_loss: 0.9712  value_loss: -2.1475
Step:   160000  |  score: 33.85 ± 26.04  |  actor_loss: 3.5045  cost_loss: 0.9486  q_loss: 0.0694  reward_max: 1.4322  reward_mean: -0.0204  reward_min: -2.1608  state_cost_loss: 0.9501  value_loss: -2.1702
Step:   170000  |  score: 63.51 ± 15.37  |  actor_loss: 3.0990  cost_loss: 1.0047  q_loss: 0.0601  reward_max: 1.0790  reward_mean: -0.0425  reward_min: -1.7384  state_cost_loss: 1.0097  value_loss: -2.1941
Step:   180000  |  score: 14.14 ± 15.52  |  actor_loss: 3.3476  cost_loss: 0.9660  q_loss: 0.0481  reward_max: 1.8766  reward_mean: -0.0205  reward_min: -1.9461  state_cost_loss: 0.9652  value_loss: -2.3936
Step:   190000  |  score: 20.72 ± 27.38  |  actor_loss: 3.5742  cost_loss: 0.9482  q_loss: 0.0666  reward_max: 1.3736  reward_mean: -0.0111  reward_min: -1.3494  state_cost_loss: 0.9553  value_loss: -2.3043
Step:   200000  |  score: 53.48 ± 31.85  |  actor_loss: 3.2345  cost_loss: 1.0038  q_loss: 0.0451  reward_max: 1.2221  reward_mean: -0.0217  reward_min: -1.0912  state_cost_loss: 1.0066  value_loss: -2.3159
Step:   210000  |  score: 68.18 ± 20.51  |  actor_loss: 3.4760  cost_loss: 0.9774  q_loss: 0.0483  reward_max: 1.2995  reward_mean: -0.0201  reward_min: -1.8022  state_cost_loss: 0.9846  value_loss: -2.2658
Step:   220000  |  score: 57.67 ± 33.77  |  actor_loss: 3.4687  cost_loss: 0.9264  q_loss: 0.0673  reward_max: 1.7948  reward_mean: -0.0100  reward_min: -1.2041  state_cost_loss: 0.9258  value_loss: -2.5904
Step:   230000  |  score: 73.49 ± 21.52  |  actor_loss: 3.5588  cost_loss: 0.9756  q_loss: 0.0570  reward_max: 0.9035  reward_mean: -0.0615  reward_min: -2.0094  state_cost_loss: 0.9766  value_loss: -2.4128
Step:   240000  |  score: 37.27 ± 35.90  |  actor_loss: 3.0320  cost_loss: 1.0336  q_loss: 0.0486  reward_max: 1.3169  reward_mean: -0.0226  reward_min: -1.3950  state_cost_loss: 1.0374  value_loss: -2.1334
Step:   250000  |  score: 61.72 ± 34.25  |  actor_loss: 3.3049  cost_loss: 0.9618  q_loss: 0.0479  reward_max: 1.0357  reward_mean: -0.0237  reward_min: -1.9877  state_cost_loss: 0.9655  value_loss: -2.5123
Step:   260000  |  score: 63.55 ± 35.50  |  actor_loss: 3.3442  cost_loss: 0.9735  q_loss: 0.0422  reward_max: 1.0236  reward_mean: -0.0510  reward_min: -2.1997  state_cost_loss: 0.9852  value_loss: -2.5994
Step:   270000  |  score: 55.24 ± 40.54  |  actor_loss: 3.4692  cost_loss: 0.9584  q_loss: 0.0442  reward_max: 1.4317  reward_mean: -0.0336  reward_min: -2.4911  state_cost_loss: 0.9635  value_loss: -2.5055
Step:   280000  |  score: 50.71 ± 39.14  |  actor_loss: 3.1983  cost_loss: 0.9778  q_loss: 0.0437  reward_max: 1.0845  reward_mean: -0.0440  reward_min: -1.8174  state_cost_loss: 0.9799  value_loss: -2.5962
Step:   290000  |  score: 61.68 ± 35.72  |  actor_loss: 3.5754  cost_loss: 0.9370  q_loss: 0.0422  reward_max: 1.2425  reward_mean: -0.0367  reward_min: -1.5474  state_cost_loss: 0.9383  value_loss: -2.7083
Step:   300000  |  score: 52.41 ± 36.49  |  actor_loss: 3.2577  cost_loss: 0.9580  q_loss: 0.0475  reward_max: 1.0652  reward_mean: -0.0479  reward_min: -2.0224  state_cost_loss: 0.9622  value_loss: -2.6210
Step:   310000  |  score: 68.66 ± 25.35  |  actor_loss: 3.6174  cost_loss: 0.9517  q_loss: 0.0483  reward_max: 1.2044  reward_mean: -0.0174  reward_min: -2.0597  state_cost_loss: 0.9567  value_loss: -2.7450
Step:   320000  |  score: 62.37 ± 34.65  |  actor_loss: 3.5753  cost_loss: 0.9410  q_loss: 0.0363  reward_max: 0.9821  reward_mean: -0.0152  reward_min: -1.4834  state_cost_loss: 0.9410  value_loss: -2.7512
Step:   330000  |  score: 70.22 ± 31.25  |  actor_loss: 3.3812  cost_loss: 0.9403  q_loss: 0.0481  reward_max: 1.2895  reward_mean: -0.0470  reward_min: -2.1970  state_cost_loss: 0.9448  value_loss: -2.8568
Step:   340000  |  score: 67.19 ± 37.12  |  actor_loss: 3.4511  cost_loss: 0.9675  q_loss: 0.0374  reward_max: 0.9918  reward_mean: -0.0276  reward_min: -1.8919  state_cost_loss: 0.9721  value_loss: -2.5926
Step:   350000  |  score: 67.18 ± 37.19  |  actor_loss: 3.1276  cost_loss: 0.9912  q_loss: 0.0514  reward_max: 1.5407  reward_mean: -0.0504  reward_min: -2.3445  state_cost_loss: 0.9937  value_loss: -2.6188
Step:   360000  |  score: 83.42 ± 7.52  |  actor_loss: 3.8170  cost_loss: 0.8904  q_loss: 0.0481  reward_max: 1.7889  reward_mean: -0.0633  reward_min: -1.3597  state_cost_loss: 0.8888  value_loss: -3.1544
Step:   370000  |  score: 78.53 ± 27.07  |  actor_loss: 3.2313  cost_loss: 0.9633  q_loss: 0.0481  reward_max: 1.0299  reward_mean: -0.0279  reward_min: -1.8498  state_cost_loss: 0.9692  value_loss: -2.7233
Step:   380000  |  score: 64.34 ± 36.57  |  actor_loss: 3.4584  cost_loss: 0.9756  q_loss: 0.0398  reward_max: 1.4176  reward_mean: -0.0183  reward_min: -1.9065  state_cost_loss: 0.9764  value_loss: -2.7959
Step:   390000  |  score: 76.58 ± 27.83  |  actor_loss: 3.3533  cost_loss: 0.9732  q_loss: 0.0400  reward_max: 1.2667  reward_mean: -0.0433  reward_min: -1.4465  state_cost_loss: 0.9796  value_loss: -3.0235
Step:   400000  |  score: 75.28 ± 28.27  |  actor_loss: 3.3184  cost_loss: 0.9689  q_loss: 0.0411  reward_max: 1.4670  reward_mean: -0.0293  reward_min: -1.1970  state_cost_loss: 0.9671  value_loss: -2.8150
Step:   410000  |  score: 77.54 ± 28.32  |  actor_loss: 3.4717  cost_loss: 0.9701  q_loss: 0.0342  reward_max: 0.8741  reward_mean: -0.0364  reward_min: -2.2504  state_cost_loss: 0.9777  value_loss: -2.9821
Step:   420000  |  score: 68.01 ± 37.55  |  actor_loss: 3.5107  cost_loss: 0.9603  q_loss: 0.0444  reward_max: 0.9186  reward_mean: -0.0432  reward_min: -1.8190  state_cost_loss: 0.9641  value_loss: -2.9155
Step:   430000  |  score: 78.16 ± 28.61  |  actor_loss: 3.4740  cost_loss: 0.9585  q_loss: 0.0433  reward_max: 1.3929  reward_mean: -0.0275  reward_min: -1.4593  state_cost_loss: 0.9612  value_loss: -2.9364
Step:   440000  |  score: 77.29 ± 28.79  |  actor_loss: 3.4936  cost_loss: 0.9350  q_loss: 0.0330  reward_max: 1.9100  reward_mean: -0.0465  reward_min: -1.9032  state_cost_loss: 0.9357  value_loss: -3.1748
Step:   450000  |  score: 81.84 ± 12.87  |  actor_loss: 3.2760  cost_loss: 0.9293  q_loss: 0.0598  reward_max: 1.0980  reward_mean: -0.0433  reward_min: -2.0578  state_cost_loss: 0.9330  value_loss: -3.2277
Step:   460000  |  score: 76.61 ± 27.98  |  actor_loss: 3.2433  cost_loss: 0.9633  q_loss: 0.0436  reward_max: 1.3466  reward_mean: -0.0625  reward_min: -1.4067  state_cost_loss: 0.9640  value_loss: -3.0245
Step:   470000  |  score: 82.42 ± 20.66  |  actor_loss: 3.5949  cost_loss: 0.9564  q_loss: 0.0469  reward_max: 0.9783  reward_mean: -0.0021  reward_min: -2.3703  state_cost_loss: 0.9587  value_loss: -2.9225
Step:   480000  |  score: 71.88 ± 30.28  |  actor_loss: 3.3146  cost_loss: 0.9786  q_loss: 0.0329  reward_max: 0.9210  reward_mean: -0.0279  reward_min: -1.6737  state_cost_loss: 0.9823  value_loss: -2.8217
Step:   490000  |  score: 71.15 ± 36.00  |  actor_loss: 3.4327  cost_loss: 0.9587  q_loss: 0.0382  reward_max: 0.9361  reward_mean: -0.0627  reward_min: -1.9886  state_cost_loss: 0.9618  value_loss: -3.0079
Step:   500000  |  score: 71.29 ± 30.94  |  actor_loss: 3.0375  cost_loss: 0.9505  q_loss: 0.0510  reward_max: 1.0142  reward_mean: -0.0474  reward_min: -1.6630  state_cost_loss: 0.9529  value_loss: -2.8941
Step:   510000  |  score: 72.16 ± 28.91  |  actor_loss: 3.3741  cost_loss: 0.9643  q_loss: 0.0456  reward_max: 1.1950  reward_mean: -0.0135  reward_min: -1.3930  state_cost_loss: 0.9698  value_loss: -2.8208
Step:   520000  |  score: 88.35 ± 7.50  |  actor_loss: 3.5257  cost_loss: 0.9209  q_loss: 0.0450  reward_max: 1.1224  reward_mean: -0.0352  reward_min: -2.9013  state_cost_loss: 0.9235  value_loss: -3.0347
Step:   530000  |  score: 89.50 ± 1.56  |  actor_loss: 3.2090  cost_loss: 0.9620  q_loss: 0.0372  reward_max: 1.2514  reward_mean: -0.0304  reward_min: -2.4653  state_cost_loss: 0.9655  value_loss: -2.8585
Step:   540000  |  score: 83.58 ± 20.75  |  actor_loss: 3.3868  cost_loss: 0.9628  q_loss: 0.0421  reward_max: 0.9716  reward_mean: -0.0214  reward_min: -1.5152  state_cost_loss: 0.9655  value_loss: -2.8930
Step:   550000  |  score: 78.65 ± 21.14  |  actor_loss: 3.4288  cost_loss: 0.9920  q_loss: 0.0322  reward_max: 0.9707  reward_mean: -0.0000  reward_min: -1.5382  state_cost_loss: 0.9939  value_loss: -2.7823
Step:   560000  |  score: 90.27 ± 2.34  |  actor_loss: 3.3209  cost_loss: 0.9853  q_loss: 0.0407  reward_max: 0.9762  reward_mean: -0.0350  reward_min: -1.2069  state_cost_loss: 0.9858  value_loss: -2.8000
Step:   570000  |  score: 83.34 ± 18.05  |  actor_loss: 3.4352  cost_loss: 0.9280  q_loss: 0.0307  reward_max: 0.8846  reward_mean: -0.0424  reward_min: -2.5214  state_cost_loss: 0.9324  value_loss: -3.0455
Step:   580000  |  score: 72.05 ± 28.72  |  actor_loss: 3.5604  cost_loss: 0.9442  q_loss: 0.0369  reward_max: 1.1671  reward_mean: -0.0391  reward_min: -2.2248  state_cost_loss: 0.9500  value_loss: -3.0199
Step:   590000  |  score: 80.63 ± 25.73  |  actor_loss: 3.5620  cost_loss: 0.9247  q_loss: 0.0405  reward_max: 1.4076  reward_mean: -0.0184  reward_min: -1.8927  state_cost_loss: 0.9266  value_loss: -3.1793
Step:   600000  |  score: 82.49 ± 10.86  |  actor_loss: 3.3188  cost_loss: 0.9931  q_loss: 0.0328  reward_max: 1.2206  reward_mean: -0.0339  reward_min: -1.5280  state_cost_loss: 0.9976  value_loss: -2.7184
Step:   610000  |  score: 72.29 ± 28.50  |  actor_loss: 3.1439  cost_loss: 0.9955  q_loss: 0.0382  reward_max: 1.7156  reward_mean: -0.0394  reward_min: -1.4907  state_cost_loss: 1.0003  value_loss: -2.8479
Step:   620000  |  score: 90.64 ± 0.98  |  actor_loss: 3.4424  cost_loss: 0.9566  q_loss: 0.0410  reward_max: 1.5971  reward_mean: -0.0221  reward_min: -1.2181  state_cost_loss: 0.9623  value_loss: -2.9459
Step:   630000  |  score: 85.13 ± 13.08  |  actor_loss: 3.3396  cost_loss: 0.9473  q_loss: 0.0449  reward_max: 0.6820  reward_mean: -0.0322  reward_min: -2.0977  state_cost_loss: 0.9462  value_loss: -3.1459
Step:   640000  |  score: 92.34 ± 0.93  |  actor_loss: 3.3106  cost_loss: 1.0023  q_loss: 0.0266  reward_max: 1.0040  reward_mean: -0.0370  reward_min: -1.6146  state_cost_loss: 1.0062  value_loss: -2.7541
Step:   650000  |  score: 89.02 ± 3.39  |  actor_loss: 3.5543  cost_loss: 0.9290  q_loss: 0.0344  reward_max: 1.1242  reward_mean: -0.0338  reward_min: -1.3225  state_cost_loss: 0.9322  value_loss: -3.2780
Step:   660000  |  score: 83.60 ± 17.45  |  actor_loss: 3.4232  cost_loss: 0.9507  q_loss: 0.0385  reward_max: 1.3383  reward_mean: -0.0136  reward_min: -1.4406  state_cost_loss: 0.9535  value_loss: -3.1573
Step:   670000  |  score: 87.97 ± 1.65  |  actor_loss: 3.3275  cost_loss: 0.9967  q_loss: 0.0436  reward_max: 1.0257  reward_mean: -0.0288  reward_min: -1.6190  state_cost_loss: 0.9951  value_loss: -2.7197
Step:   680000  |  score: 83.92 ± 16.32  |  actor_loss: 3.2341  cost_loss: 0.9636  q_loss: 0.0414  reward_max: 0.7548  reward_mean: -0.0334  reward_min: -2.1568  state_cost_loss: 0.9651  value_loss: -3.1017
Step:   690000  |  score: 82.11 ± 13.48  |  actor_loss: 3.5027  cost_loss: 0.9655  q_loss: 0.0340  reward_max: 0.9991  reward_mean: -0.0438  reward_min: -1.5207  state_cost_loss: 0.9672  value_loss: -3.0906
Step:   700000  |  score: 89.88 ± 0.65  |  actor_loss: 3.3730  cost_loss: 0.9689  q_loss: 0.0317  reward_max: 1.2522  reward_mean: -0.0217  reward_min: -1.7690  state_cost_loss: 0.9754  value_loss: -3.1877
Step:   710000  |  score: 79.90 ± 28.89  |  actor_loss: 3.4734  cost_loss: 0.9599  q_loss: 0.0506  reward_max: 1.0084  reward_mean: -0.0332  reward_min: -2.1944  state_cost_loss: 0.9659  value_loss: -3.0592
Step:   720000  |  score: 91.47 ± 0.94  |  actor_loss: 3.3469  cost_loss: 0.9773  q_loss: 0.0376  reward_max: 1.8279  reward_mean: -0.0130  reward_min: -1.9807  state_cost_loss: 0.9783  value_loss: -3.0090
Step:   730000  |  score: 92.14 ± 2.56  |  actor_loss: 3.2326  cost_loss: 0.9705  q_loss: 0.0324  reward_max: 1.3931  reward_mean: -0.0368  reward_min: -1.8212  state_cost_loss: 0.9760  value_loss: -3.0572
Step:   740000  |  score: 90.16 ± 0.71  |  actor_loss: 3.2934  cost_loss: 0.9668  q_loss: 0.0342  reward_max: 1.0885  reward_mean: -0.0287  reward_min: -1.8919  state_cost_loss: 0.9672  value_loss: -3.1530
Step:   750000  |  score: 90.31 ± 1.60  |  actor_loss: 3.2425  cost_loss: 1.0215  q_loss: 0.0349  reward_max: 1.2022  reward_mean: -0.0312  reward_min: -2.4438  state_cost_loss: 1.0290  value_loss: -2.7918
Step:   760000  |  score: 83.00 ± 17.63  |  actor_loss: 3.3077  cost_loss: 0.9503  q_loss: 0.0343  reward_max: 0.9304  reward_mean: -0.0628  reward_min: -1.7753  state_cost_loss: 0.9550  value_loss: -3.2334
Step:   770000  |  score: 78.73 ± 28.84  |  actor_loss: 3.1995  cost_loss: 0.9879  q_loss: 0.0333  reward_max: 1.2503  reward_mean: -0.0369  reward_min: -1.9828  state_cost_loss: 0.9895  value_loss: -2.8447
Step:   780000  |  score: 81.97 ± 28.55  |  actor_loss: 3.3536  cost_loss: 0.9625  q_loss: 0.0270  reward_max: 1.4111  reward_mean: -0.0297  reward_min: -0.9436  state_cost_loss: 0.9644  value_loss: -3.2606
Step:   790000  |  score: 90.85 ± 2.32  |  actor_loss: 3.7057  cost_loss: 0.9388  q_loss: 0.0303  reward_max: 1.9337  reward_mean: -0.0127  reward_min: -1.4539  state_cost_loss: 0.9398  value_loss: -3.1985
Step:   800000  |  score: 91.69 ± 1.17  |  actor_loss: 3.3899  cost_loss: 0.9662  q_loss: 0.0303  reward_max: 1.0512  reward_mean: -0.0347  reward_min: -2.0861  state_cost_loss: 0.9694  value_loss: -3.0600
Step:   810000  |  score: 90.71 ± 1.83  |  actor_loss: 3.2135  cost_loss: 0.9523  q_loss: 0.0302  reward_max: 0.8578  reward_mean: -0.0811  reward_min: -1.4422  state_cost_loss: 0.9576  value_loss: -3.1801
Step:   820000  |  score: 90.04 ± 1.58  |  actor_loss: 3.4437  cost_loss: 0.9540  q_loss: 0.0321  reward_max: 1.2625  reward_mean: 0.0007  reward_min: -2.0244  state_cost_loss: 0.9544  value_loss: -3.0897
Step:   830000  |  score: 79.40 ± 28.99  |  actor_loss: 3.5717  cost_loss: 0.9268  q_loss: 0.0330  reward_max: 0.9651  reward_mean: -0.0388  reward_min: -2.1985  state_cost_loss: 0.9280  value_loss: -3.2255
Step:   840000  |  score: 88.61 ± 2.70  |  actor_loss: 3.4106  cost_loss: 0.9261  q_loss: 0.0377  reward_max: 1.3248  reward_mean: -0.0368  reward_min: -1.2867  state_cost_loss: 0.9295  value_loss: -3.4064
Step:   850000  |  score: 90.27 ± 2.60  |  actor_loss: 3.5014  cost_loss: 0.9219  q_loss: 0.0385  reward_max: 1.0929  reward_mean: -0.0497  reward_min: -1.5193  state_cost_loss: 0.9241  value_loss: -3.4819
Step:   860000  |  score: 91.08 ± 2.40  |  actor_loss: 3.5200  cost_loss: 0.9419  q_loss: 0.0368  reward_max: 1.4780  reward_mean: -0.0271  reward_min: -1.4951  state_cost_loss: 0.9451  value_loss: -3.3406
Step:   870000  |  score: 81.16 ± 16.46  |  actor_loss: 3.4307  cost_loss: 0.9475  q_loss: 0.0363  reward_max: 0.8726  reward_mean: -0.0743  reward_min: -1.8498  state_cost_loss: 0.9510  value_loss: -3.2621
Step:   880000  |  score: 88.73 ± 1.37  |  actor_loss: 3.3883  cost_loss: 0.9690  q_loss: 0.0319  reward_max: 0.7761  reward_mean: -0.0278  reward_min: -1.7482  state_cost_loss: 0.9712  value_loss: -3.1360
Step:   890000  |  score: 91.23 ± 1.05  |  actor_loss: 3.3231  cost_loss: 0.9998  q_loss: 0.0345  reward_max: 1.0729  reward_mean: -0.0575  reward_min: -1.8481  state_cost_loss: 1.0055  value_loss: -2.9982
Step:   900000  |  score: 88.39 ± 0.80  |  actor_loss: 3.6301  cost_loss: 0.9327  q_loss: 0.0452  reward_max: 1.3231  reward_mean: -0.0560  reward_min: -1.9698  state_cost_loss: 0.9395  value_loss: -3.3140
Step:   910000  |  score: 91.09 ± 2.86  |  actor_loss: 3.4100  cost_loss: 0.9480  q_loss: 0.0375  reward_max: 1.1174  reward_mean: -0.0399  reward_min: -2.0981  state_cost_loss: 0.9474  value_loss: -3.2125
Step:   920000  |  score: 86.24 ± 11.27  |  actor_loss: 3.2014  cost_loss: 0.9829  q_loss: 0.0334  reward_max: 1.4905  reward_mean: -0.0204  reward_min: -1.7317  state_cost_loss: 0.9862  value_loss: -2.9780
Step:   930000  |  score: 91.99 ± 1.33  |  actor_loss: 3.0680  cost_loss: 1.0393  q_loss: 0.0298  reward_max: 1.2632  reward_mean: -0.0209  reward_min: -1.9942  state_cost_loss: 1.0419  value_loss: -2.6203
Step:   940000  |  score: 90.53 ± 2.29  |  actor_loss: 3.3250  cost_loss: 0.9842  q_loss: 0.0297  reward_max: 1.0666  reward_mean: -0.0501  reward_min: -2.5063  state_cost_loss: 0.9872  value_loss: -2.9079
Step:   950000  |  score: 82.32 ± 18.69  |  actor_loss: 3.5178  cost_loss: 0.9441  q_loss: 0.0364  reward_max: 1.0654  reward_mean: -0.0258  reward_min: -1.3088  state_cost_loss: 0.9473  value_loss: -3.1609
Step:   960000  |  score: 85.24 ± 20.33  |  actor_loss: 3.4537  cost_loss: 0.9398  q_loss: 0.0310  reward_max: 1.4454  reward_mean: -0.0219  reward_min: -1.5229  state_cost_loss: 0.9402  value_loss: -3.0221
Step:   970000  |  score: 90.73 ± 1.50  |  actor_loss: 3.2262  cost_loss: 1.0016  q_loss: 0.0259  reward_max: 1.2461  reward_mean: -0.0453  reward_min: -1.3543  state_cost_loss: 1.0059  value_loss: -2.8318
Step:   980000  |  score: 90.40 ± 0.96  |  actor_loss: 3.3142  cost_loss: 0.9738  q_loss: 0.0333  reward_max: 1.5923  reward_mean: -0.0302  reward_min: -1.6877  state_cost_loss: 0.9753  value_loss: -2.8501
Step:   990000  |  score: 79.83 ± 29.28  |  actor_loss: 3.3592  cost_loss: 0.9500  q_loss: 0.0333  reward_max: 1.3423  reward_mean: -0.0339  reward_min: -1.9732  state_cost_loss: 0.9558  value_loss: -3.0559
Step:  1000000  |  score: 90.07 ± 1.36  |  actor_loss: 3.3675  cost_loss: 0.9589  q_loss: 0.0322  reward_max: 1.0161  reward_mean: -0.0395  reward_min: -1.7385  state_cost_loss: 0.9639  value_loss: -2.9818
Step:  1010000  |  score: 90.67 ± 1.26  |  actor_loss: 3.4013  cost_loss: 0.9437  q_loss: 0.0344  reward_max: 1.3275  reward_mean: -0.0239  reward_min: -1.2192  state_cost_loss: 0.9450  value_loss: -3.0408
Step:  1020000  |  score: 88.49 ± 2.02  |  actor_loss: 3.2362  cost_loss: 0.9694  q_loss: 0.0353  reward_max: 0.9682  reward_mean: -0.0511  reward_min: -1.6963  state_cost_loss: 0.9738  value_loss: -3.0483
Step:  1030000  |  score: 92.14 ± 1.43  |  actor_loss: 3.3325  cost_loss: 0.9666  q_loss: 0.0339  reward_max: 1.2456  reward_mean: -0.0337  reward_min: -2.1141  state_cost_loss: 0.9654  value_loss: -2.9108
Step:  1040000  |  score: 91.86 ± 0.82  |  actor_loss: 3.6047  cost_loss: 0.9450  q_loss: 0.0326  reward_max: 1.2892  reward_mean: -0.0327  reward_min: -1.1899  state_cost_loss: 0.9492  value_loss: -3.2024
Step:  1050000  |  score: 90.86 ± 0.91  |  actor_loss: 3.2110  cost_loss: 0.9671  q_loss: 0.0314  reward_max: 1.0061  reward_mean: -0.0427  reward_min: -1.9951  state_cost_loss: 0.9703  value_loss: -2.9318
Step:  1060000  |  score: 80.27 ± 29.44  |  actor_loss: 3.2675  cost_loss: 0.9642  q_loss: 0.0308  reward_max: 0.8161  reward_mean: -0.0508  reward_min: -1.9885  state_cost_loss: 0.9682  value_loss: -3.0745
Step:  1070000  |  score: 91.22 ± 1.09  |  actor_loss: 3.1658  cost_loss: 1.0097  q_loss: 0.0279  reward_max: 1.0284  reward_mean: -0.0381  reward_min: -2.8201  state_cost_loss: 1.0134  value_loss: -2.7183
Step:  1080000  |  score: 90.09 ± 2.08  |  actor_loss: 3.2691  cost_loss: 0.9497  q_loss: 0.0300  reward_max: 0.9896  reward_mean: -0.0167  reward_min: -2.7418  state_cost_loss: 0.9529  value_loss: -3.0901
Step:  1090000  |  score: 86.89 ± 13.57  |  actor_loss: 3.1772  cost_loss: 0.9854  q_loss: 0.0300  reward_max: 0.9389  reward_mean: -0.0263  reward_min: -1.5835  state_cost_loss: 0.9835  value_loss: -2.7827
Step:  1100000  |  score: 85.85 ± 13.23  |  actor_loss: 3.3468  cost_loss: 0.9708  q_loss: 0.0328  reward_max: 1.7215  reward_mean: -0.0229  reward_min: -1.6352  state_cost_loss: 0.9711  value_loss: -2.9130
Step:  1110000  |  score: 92.28 ± 0.89  |  actor_loss: 3.5064  cost_loss: 0.9071  q_loss: 0.0436  reward_max: 1.2397  reward_mean: -0.0425  reward_min: -2.8369  state_cost_loss: 0.9099  value_loss: -3.0841
Step:  1120000  |  score: 85.70 ± 15.06  |  actor_loss: 3.2357  cost_loss: 0.9885  q_loss: 0.0371  reward_max: 1.0579  reward_mean: -0.0207  reward_min: -1.5906  state_cost_loss: 0.9922  value_loss: -2.6933
Step:  1130000  |  score: 92.56 ± 1.10  |  actor_loss: 3.5907  cost_loss: 0.9410  q_loss: 0.0306  reward_max: 0.8682  reward_mean: -0.0140  reward_min: -1.6415  state_cost_loss: 0.9429  value_loss: -2.7989
Step:  1140000  |  score: 84.15 ± 11.06  |  actor_loss: 3.3208  cost_loss: 0.9610  q_loss: 0.0299  reward_max: 1.6393  reward_mean: -0.0242  reward_min: -1.9804  state_cost_loss: 0.9647  value_loss: -2.8168
Step:  1150000  |  score: 88.52 ± 11.22  |  actor_loss: 3.2629  cost_loss: 0.9857  q_loss: 0.0297  reward_max: 0.9645  reward_mean: -0.0277  reward_min: -1.3425  state_cost_loss: 0.9862  value_loss: -2.5805
Step:  1160000  |  score: 91.99 ± 1.24  |  actor_loss: 3.3904  cost_loss: 0.9772  q_loss: 0.0322  reward_max: 1.0891  reward_mean: -0.0384  reward_min: -1.3998  state_cost_loss: 0.9784  value_loss: -2.7183
Step:  1170000  |  score: 89.24 ± 1.39  |  actor_loss: 3.1834  cost_loss: 1.0146  q_loss: 0.0290  reward_max: 1.1288  reward_mean: -0.0326  reward_min: -1.1271  state_cost_loss: 1.0142  value_loss: -2.5527
Step:  1180000  |  score: 89.12 ± 2.17  |  actor_loss: 3.3854  cost_loss: 0.9325  q_loss: 0.0359  reward_max: 1.4796  reward_mean: -0.0203  reward_min: -1.4127  state_cost_loss: 0.9337  value_loss: -2.9754
Step:  1190000  |  score: 90.90 ± 2.16  |  actor_loss: 3.4040  cost_loss: 0.9260  q_loss: 0.0370  reward_max: 1.4119  reward_mean: -0.0437  reward_min: -1.7184  state_cost_loss: 0.9294  value_loss: -2.9984
Step:  1200000  |  score: 77.10 ± 28.87  |  actor_loss: 3.2701  cost_loss: 0.9745  q_loss: 0.0293  reward_max: 1.0733  reward_mean: -0.0472  reward_min: -1.7764  state_cost_loss: 0.9761  value_loss: -2.7885
Step:  1210000  |  score: 90.53 ± 0.78  |  actor_loss: 3.6156  cost_loss: 0.9180  q_loss: 0.0281  reward_max: 0.7613  reward_mean: -0.0475  reward_min: -1.4760  state_cost_loss: 0.9198  value_loss: -3.0654
Step:  1220000  |  score: 90.91 ± 0.71  |  actor_loss: 3.2704  cost_loss: 0.9548  q_loss: 0.0280  reward_max: 1.5431  reward_mean: -0.0461  reward_min: -2.6585  state_cost_loss: 0.9572  value_loss: -3.0109
Step:  1230000  |  score: 92.05 ± 0.43  |  actor_loss: 3.3666  cost_loss: 0.9630  q_loss: 0.0302  reward_max: 0.8738  reward_mean: -0.0243  reward_min: -1.4179  state_cost_loss: 0.9659  value_loss: -2.9267
Step:  1240000  |  score: 91.51 ± 1.11  |  actor_loss: 3.2379  cost_loss: 0.9838  q_loss: 0.0285  reward_max: 1.0831  reward_mean: -0.0468  reward_min: -1.2122  state_cost_loss: 0.9856  value_loss: -2.9360
Step:  1250000  |  score: 84.94 ± 19.52  |  actor_loss: 3.1954  cost_loss: 0.9639  q_loss: 0.0290  reward_max: 1.3961  reward_mean: -0.0122  reward_min: -1.6387  state_cost_loss: 0.9695  value_loss: -3.0749
Step:  1260000  |  score: 90.39 ± 1.77  |  actor_loss: 3.5126  cost_loss: 0.9654  q_loss: 0.0335  reward_max: 1.6035  reward_mean: -0.0425  reward_min: -1.8809  state_cost_loss: 0.9653  value_loss: -3.0652
Step:  1270000  |  score: 90.31 ± 0.64  |  actor_loss: 3.2947  cost_loss: 0.9787  q_loss: 0.0337  reward_max: 0.7737  reward_mean: -0.0221  reward_min: -1.7182  state_cost_loss: 0.9809  value_loss: -2.9009
Step:  1280000  |  score: 91.49 ± 0.94  |  actor_loss: 3.3264  cost_loss: 0.9573  q_loss: 0.0275  reward_max: 1.2462  reward_mean: -0.0381  reward_min: -2.0383  state_cost_loss: 0.9599  value_loss: -2.9862
Step:  1290000  |  score: 92.37 ± 0.65  |  actor_loss: 3.3351  cost_loss: 0.9944  q_loss: 0.0335  reward_max: 0.8420  reward_mean: -0.0444  reward_min: -2.1280  state_cost_loss: 0.9964  value_loss: -2.8423
Step:  1300000  |  score: 88.76 ± 3.06  |  actor_loss: 3.3327  cost_loss: 0.9644  q_loss: 0.0282  reward_max: 1.1678  reward_mean: -0.0399  reward_min: -1.3898  state_cost_loss: 0.9641  value_loss: -3.0399
Step:  1310000  |  score: 88.24 ± 8.37  |  actor_loss: 3.2211  cost_loss: 0.9896  q_loss: 0.0278  reward_max: 1.0314  reward_mean: -0.0154  reward_min: -1.9575  state_cost_loss: 0.9956  value_loss: -2.8711
Step:  1320000  |  score: 91.64 ± 1.26  |  actor_loss: 3.2948  cost_loss: 0.9762  q_loss: 0.0462  reward_max: 1.4367  reward_mean: -0.0276  reward_min: -2.1151  state_cost_loss: 0.9821  value_loss: -3.0250
Step:  1330000  |  score: 90.41 ± 1.05  |  actor_loss: 3.4131  cost_loss: 0.9567  q_loss: 0.0370  reward_max: 1.1751  reward_mean: -0.0106  reward_min: -1.7443  state_cost_loss: 0.9573  value_loss: -3.0850
Step:  1340000  |  score: 92.97 ± 0.86  |  actor_loss: 3.4759  cost_loss: 0.9439  q_loss: 0.0278  reward_max: 0.8584  reward_mean: -0.0623  reward_min: -2.8183  state_cost_loss: 0.9452  value_loss: -3.2289
Step:  1350000  |  score: 92.64 ± 0.89  |  actor_loss: 3.1873  cost_loss: 0.9439  q_loss: 0.0358  reward_max: 1.1015  reward_mean: -0.0404  reward_min: -1.4827  state_cost_loss: 0.9450  value_loss: -3.1191
Step:  1360000  |  score: 90.78 ± 0.74  |  actor_loss: 3.2846  cost_loss: 0.9541  q_loss: 0.0306  reward_max: 1.0790  reward_mean: -0.0639  reward_min: -2.1183  state_cost_loss: 0.9570  value_loss: -3.0833
Step:  1370000  |  score: 90.68 ± 1.36  |  actor_loss: 3.7714  cost_loss: 0.9493  q_loss: 0.0287  reward_max: 1.6481  reward_mean: -0.0182  reward_min: -1.9823  state_cost_loss: 0.9512  value_loss: -3.1515
Step:  1380000  |  score: 92.63 ± 1.02  |  actor_loss: 3.2685  cost_loss: 0.9872  q_loss: 0.0254  reward_max: 1.3335  reward_mean: -0.0485  reward_min: -1.8325  state_cost_loss: 0.9893  value_loss: -2.8502
Step:  1390000  |  score: 92.75 ± 0.63  |  actor_loss: 3.3781  cost_loss: 0.9498  q_loss: 0.0305  reward_max: 1.1935  reward_mean: -0.0357  reward_min: -1.4771  state_cost_loss: 0.9501  value_loss: -3.0029
Step:  1400000  |  score: 91.79 ± 0.89  |  actor_loss: 3.4623  cost_loss: 0.9609  q_loss: 0.0370  reward_max: 1.4211  reward_mean: -0.0188  reward_min: -1.6095  state_cost_loss: 0.9606  value_loss: -2.9361
Step:  1410000  |  score: 91.12 ± 0.89  |  actor_loss: 3.6716  cost_loss: 0.9264  q_loss: 0.0365  reward_max: 1.1814  reward_mean: -0.0307  reward_min: -2.8179  state_cost_loss: 0.9279  value_loss: -3.2119
Step:  1420000  |  score: 90.84 ± 2.87  |  actor_loss: 3.1787  cost_loss: 0.9702  q_loss: 0.0306  reward_max: 0.8775  reward_mean: -0.0172  reward_min: -1.5100  state_cost_loss: 0.9704  value_loss: -2.7229
Step:  1430000  |  score: 86.47 ± 13.89  |  actor_loss: 3.3193  cost_loss: 0.9407  q_loss: 0.0304  reward_max: 1.0505  reward_mean: -0.0273  reward_min: -1.3003  state_cost_loss: 0.9401  value_loss: -2.9547
Step:  1440000  |  score: 78.34 ± 28.70  |  actor_loss: 3.2891  cost_loss: 0.9482  q_loss: 0.0294  reward_max: 0.9840  reward_mean: -0.0282  reward_min: -1.6914  state_cost_loss: 0.9478  value_loss: -2.8960
Step:  1450000  |  score: 92.13 ± 1.08  |  actor_loss: 3.3824  cost_loss: 0.9399  q_loss: 0.0303  reward_max: 1.2928  reward_mean: -0.0509  reward_min: -1.3332  state_cost_loss: 0.9428  value_loss: -2.8959
Step:  1460000  |  score: 91.97 ± 2.29  |  actor_loss: 3.3265  cost_loss: 0.9828  q_loss: 0.0273  reward_max: 1.3024  reward_mean: -0.0501  reward_min: -2.2672  state_cost_loss: 0.9839  value_loss: -2.6138
Step:  1470000  |  score: 90.99 ± 0.95  |  actor_loss: 3.2457  cost_loss: 0.9619  q_loss: 0.0302  reward_max: 1.2191  reward_mean: -0.0307  reward_min: -1.7457  state_cost_loss: 0.9627  value_loss: -2.6157
Step:  1480000  |  score: 81.70 ± 20.89  |  actor_loss: 3.4830  cost_loss: 0.9445  q_loss: 0.0264  reward_max: 1.5256  reward_mean: -0.0267  reward_min: -1.7920  state_cost_loss: 0.9463  value_loss: -2.6654
Step:  1490000  |  score: 91.39 ± 0.70  |  actor_loss: 3.4581  cost_loss: 0.9567  q_loss: 0.0323  reward_max: 1.0972  reward_mean: -0.0108  reward_min: -1.3883  state_cost_loss: 0.9574  value_loss: -2.5946
Step:  1500000  |  score: 90.62 ± 2.10  |  actor_loss: 3.4322  cost_loss: 0.9520  q_loss: 0.0334  reward_max: 1.5152  reward_mean: -0.0343  reward_min: -1.2699  state_cost_loss: 0.9522  value_loss: -2.5573
Step:  1510000  |  score: 92.60 ± 0.39  |  actor_loss: 3.1461  cost_loss: 0.9760  q_loss: 0.0262  reward_max: 1.7850  reward_mean: -0.0302  reward_min: -1.4254  state_cost_loss: 0.9773  value_loss: -2.4672
Step:  1520000  |  score: 93.00 ± 0.99  |  actor_loss: 3.3283  cost_loss: 1.0044  q_loss: 0.0378  reward_max: 1.1316  reward_mean: -0.0007  reward_min: -2.0332  state_cost_loss: 1.0079  value_loss: -2.2080
Step:  1530000  |  score: 91.46 ± 1.69  |  actor_loss: 3.2352  cost_loss: 1.0060  q_loss: 0.0313  reward_max: 1.0850  reward_mean: -0.0262  reward_min: -1.6491  state_cost_loss: 1.0046  value_loss: -2.1701
Step:  1540000  |  score: 89.25 ± 1.09  |  actor_loss: 3.1588  cost_loss: 0.9848  q_loss: 0.0290  reward_max: 0.9029  reward_mean: -0.0542  reward_min: -2.2107  state_cost_loss: 0.9889  value_loss: -2.1757
Step:  1550000  |  score: 91.84 ± 0.94  |  actor_loss: 3.4427  cost_loss: 0.9753  q_loss: 0.0292  reward_max: 1.5535  reward_mean: -0.0215  reward_min: -2.4265  state_cost_loss: 0.9781  value_loss: -2.2573
Step:  1560000  |  score: 90.51 ± 1.18  |  actor_loss: 3.2699  cost_loss: 1.0094  q_loss: 0.0256  reward_max: 1.6580  reward_mean: -0.0052  reward_min: -1.3681  state_cost_loss: 1.0085  value_loss: -1.9933
Step:  1570000  |  score: 92.72 ± 0.92  |  actor_loss: 3.2051  cost_loss: 0.9964  q_loss: 0.0349  reward_max: 1.3979  reward_mean: -0.0131  reward_min: -1.4720  state_cost_loss: 0.9988  value_loss: -2.0680
Step:  1580000  |  score: 89.86 ± 1.75  |  actor_loss: 3.2989  cost_loss: 1.0152  q_loss: 0.0262  reward_max: 2.0592  reward_mean: -0.0315  reward_min: -1.4459  state_cost_loss: 1.0160  value_loss: -2.0513
Step:  1590000  |  score: 88.97 ± 7.49  |  actor_loss: 3.3507  cost_loss: 0.9688  q_loss: 0.0321  reward_max: 1.1991  reward_mean: 0.0065  reward_min: -1.6433  state_cost_loss: 0.9693  value_loss: -2.2683
Step:  1600000  |  score: 91.73 ± 1.65  |  actor_loss: 3.3076  cost_loss: 0.9881  q_loss: 0.0281  reward_max: 1.1958  reward_mean: -0.0194  reward_min: -2.2551  state_cost_loss: 0.9906  value_loss: -2.2276
Step:  1610000  |  score: 91.29 ± 1.52  |  actor_loss: 3.3685  cost_loss: 0.9299  q_loss: 0.0296  reward_max: 1.0246  reward_mean: -0.0199  reward_min: -1.6296  state_cost_loss: 0.9299  value_loss: -2.4476
Step:  1620000  |  score: 90.77 ± 1.44  |  actor_loss: 3.0748  cost_loss: 0.9907  q_loss: 0.0305  reward_max: 0.9979  reward_mean: -0.0612  reward_min: -1.1856  state_cost_loss: 0.9956  value_loss: -2.2098
Step:  1630000  |  score: 91.65 ± 1.26  |  actor_loss: 3.3252  cost_loss: 0.9553  q_loss: 0.0284  reward_max: 0.7527  reward_mean: -0.0490  reward_min: -2.0466  state_cost_loss: 0.9579  value_loss: -2.4933
Step:  1640000  |  score: 85.16 ± 16.46  |  actor_loss: 3.3337  cost_loss: 0.9706  q_loss: 0.0313  reward_max: 1.1196  reward_mean: -0.0356  reward_min: -2.0701  state_cost_loss: 0.9745  value_loss: -2.5608
Step:  1650000  |  score: 90.66 ± 2.31  |  actor_loss: 3.2612  cost_loss: 0.9621  q_loss: 0.0492  reward_max: 1.3650  reward_mean: -0.0202  reward_min: -2.2527  state_cost_loss: 0.9624  value_loss: -2.5520
Step:  1660000  |  score: 91.84 ± 0.87  |  actor_loss: 3.2324  cost_loss: 1.0000  q_loss: 0.0212  reward_max: 1.3633  reward_mean: -0.0166  reward_min: -2.9711  state_cost_loss: 1.0003  value_loss: -2.5213
Step:  1670000  |  score: 93.30 ± 0.75  |  actor_loss: 3.4234  cost_loss: 0.9488  q_loss: 0.0331  reward_max: 1.9037  reward_mean: -0.0290  reward_min: -1.8067  state_cost_loss: 0.9503  value_loss: -2.8040
Step:  1680000  |  score: 91.92 ± 0.95  |  actor_loss: 3.6438  cost_loss: 0.9262  q_loss: 0.0305  reward_max: 0.8787  reward_mean: -0.0361  reward_min: -1.2341  state_cost_loss: 0.9301  value_loss: -3.0374
Step:  1690000  |  score: 92.02 ± 0.94  |  actor_loss: 3.3954  cost_loss: 0.9718  q_loss: 0.0238  reward_max: 1.1387  reward_mean: -0.0125  reward_min: -1.1516  state_cost_loss: 0.9723  value_loss: -2.7594
Step:  1700000  |  score: 92.05 ± 1.11  |  actor_loss: 3.3999  cost_loss: 0.9551  q_loss: 0.0400  reward_max: 1.5916  reward_mean: -0.0366  reward_min: -1.9279  state_cost_loss: 0.9546  value_loss: -2.8315
Step:  1710000  |  score: 91.13 ± 1.62  |  actor_loss: 3.4897  cost_loss: 0.9398  q_loss: 0.0358  reward_max: 1.9758  reward_mean: -0.0261  reward_min: -2.2497  state_cost_loss: 0.9457  value_loss: -3.0484
Step:  1720000  |  score: 92.07 ± 0.81  |  actor_loss: 3.2456  cost_loss: 0.9791  q_loss: 0.0372  reward_max: 1.2336  reward_mean: -0.0249  reward_min: -2.2746  state_cost_loss: 0.9808  value_loss: -2.7707
Step:  1730000  |  score: 92.37 ± 1.26  |  actor_loss: 3.5070  cost_loss: 0.9466  q_loss: 0.0398  reward_max: 1.3787  reward_mean: -0.0337  reward_min: -2.0991  state_cost_loss: 0.9502  value_loss: -2.9142
Step:  1740000  |  score: 90.87 ± 0.78  |  actor_loss: 3.3423  cost_loss: 0.9575  q_loss: 0.0306  reward_max: 1.5567  reward_mean: -0.0150  reward_min: -2.0534  state_cost_loss: 0.9617  value_loss: -2.9689
Step:  1750000  |  score: 90.59 ± 1.41  |  actor_loss: 3.0704  cost_loss: 0.9822  q_loss: 0.0370  reward_max: 1.6596  reward_mean: -0.0402  reward_min: -2.1969  state_cost_loss: 0.9873  value_loss: -2.7282
Step:  1760000  |  score: 92.04 ± 0.65  |  actor_loss: 3.3156  cost_loss: 0.9740  q_loss: 0.0433  reward_max: 1.4869  reward_mean: -0.0122  reward_min: -1.6499  state_cost_loss: 0.9768  value_loss: -2.8750
Step:  1770000  |  score: 90.77 ± 0.75  |  actor_loss: 3.5663  cost_loss: 0.9342  q_loss: 0.0325  reward_max: 1.3125  reward_mean: -0.0190  reward_min: -1.4430  state_cost_loss: 0.9381  value_loss: -3.0973
Step:  1780000  |  score: 91.63 ± 1.00  |  actor_loss: 3.3727  cost_loss: 0.9875  q_loss: 0.0307  reward_max: 1.7008  reward_mean: -0.0266  reward_min: -1.1157  state_cost_loss: 0.9871  value_loss: -2.8319
Step:  1790000  |  score: 91.01 ± 2.44  |  actor_loss: 3.0727  cost_loss: 1.0259  q_loss: 0.0291  reward_max: 1.2961  reward_mean: -0.0419  reward_min: -1.6134  state_cost_loss: 1.0296  value_loss: -2.5955
Step:  1800000  |  score: 90.87 ± 0.40  |  actor_loss: 3.3722  cost_loss: 0.9303  q_loss: 0.0265  reward_max: 1.1721  reward_mean: -0.0465  reward_min: -1.5268  state_cost_loss: 0.9337  value_loss: -3.0313
Step:  1810000  |  score: 90.89 ± 1.51  |  actor_loss: 3.2986  cost_loss: 0.9929  q_loss: 0.0329  reward_max: 1.6104  reward_mean: -0.0306  reward_min: -2.1741  state_cost_loss: 0.9988  value_loss: -2.6626
Step:  1820000  |  score: 90.84 ± 1.73  |  actor_loss: 3.2904  cost_loss: 0.9974  q_loss: 0.0320  reward_max: 1.1758  reward_mean: -0.0253  reward_min: -1.4550  state_cost_loss: 0.9953  value_loss: -2.7198
Step:  1830000  |  score: 91.67 ± 0.82  |  actor_loss: 3.3850  cost_loss: 0.9841  q_loss: 0.0301  reward_max: 0.9129  reward_mean: -0.0297  reward_min: -1.7944  state_cost_loss: 0.9823  value_loss: -2.7390
Step:  1840000  |  score: 91.93 ± 1.34  |  actor_loss: 3.2475  cost_loss: 0.9759  q_loss: 0.0282  reward_max: 1.2812  reward_mean: -0.0345  reward_min: -1.2931  state_cost_loss: 0.9783  value_loss: -2.7239
Step:  1850000  |  score: 93.71 ± 0.54  |  actor_loss: 3.5952  cost_loss: 0.9587  q_loss: 0.0305  reward_max: 2.1152  reward_mean: -0.0035  reward_min: -1.4114  state_cost_loss: 0.9595  value_loss: -2.8232
Step:  1860000  |  score: 91.55 ± 1.10  |  actor_loss: 3.2000  cost_loss: 1.0035  q_loss: 0.0257  reward_max: 1.1759  reward_mean: -0.0182  reward_min: -1.8113  state_cost_loss: 1.0046  value_loss: -2.5226
Step:  1870000  |  score: 91.95 ± 1.12  |  actor_loss: 3.4211  cost_loss: 0.9459  q_loss: 0.0336  reward_max: 1.0616  reward_mean: -0.0329  reward_min: -2.0830  state_cost_loss: 0.9464  value_loss: -2.8778
Step:  1880000  |  score: 88.62 ± 0.86  |  actor_loss: 3.1501  cost_loss: 0.9922  q_loss: 0.0264  reward_max: 0.8928  reward_mean: -0.0469  reward_min: -1.4924  state_cost_loss: 0.9943  value_loss: -2.6494
Step:  1890000  |  score: 83.03 ± 18.37  |  actor_loss: 3.2944  cost_loss: 0.9664  q_loss: 0.0368  reward_max: 0.9085  reward_mean: -0.0167  reward_min: -1.3182  state_cost_loss: 0.9660  value_loss: -2.8553
Step:  1900000  |  score: 92.46 ± 1.37  |  actor_loss: 3.4013  cost_loss: 0.9335  q_loss: 0.0263  reward_max: 1.2647  reward_mean: -0.0298  reward_min: -1.4999  state_cost_loss: 0.9357  value_loss: -3.1085
Step:  1910000  |  score: 91.48 ± 0.85  |  actor_loss: 3.3817  cost_loss: 0.9760  q_loss: 0.0288  reward_max: 0.9833  reward_mean: -0.0117  reward_min: -2.1794  state_cost_loss: 0.9812  value_loss: -2.9302
Step:  1920000  |  score: 90.46 ± 2.66  |  actor_loss: 3.2421  cost_loss: 0.9412  q_loss: 0.0306  reward_max: 1.1017  reward_mean: -0.0523  reward_min: -2.7292  state_cost_loss: 0.9469  value_loss: -3.1502
Step:  1930000  |  score: 90.62 ± 1.19  |  actor_loss: 3.3866  cost_loss: 0.9720  q_loss: 0.0365  reward_max: 0.9561  reward_mean: -0.0440  reward_min: -2.3188  state_cost_loss: 0.9731  value_loss: -2.9627
Step:  1940000  |  score: 91.63 ± 1.52  |  actor_loss: 3.6032  cost_loss: 0.9297  q_loss: 0.0363  reward_max: 1.5050  reward_mean: -0.0279  reward_min: -2.2183  state_cost_loss: 0.9335  value_loss: -3.2049
Step:  1950000  |  score: 91.16 ± 0.85  |  actor_loss: 3.3971  cost_loss: 0.9370  q_loss: 0.0384  reward_max: 1.2443  reward_mean: -0.0022  reward_min: -2.6297  state_cost_loss: 0.9401  value_loss: -3.0967
Step:  1960000  |  score: 91.54 ± 0.99  |  actor_loss: 3.3626  cost_loss: 0.9775  q_loss: 0.0343  reward_max: 1.4133  reward_mean: -0.0229  reward_min: -1.7638  state_cost_loss: 0.9778  value_loss: -2.8901
Step:  1970000  |  score: 89.59 ± 0.90  |  actor_loss: 3.3521  cost_loss: 0.9359  q_loss: 0.0341  reward_max: 0.9594  reward_mean: -0.0550  reward_min: -2.3054  state_cost_loss: 0.9398  value_loss: -3.1099
Step:  1980000  |  score: 91.27 ± 0.50  |  actor_loss: 3.5460  cost_loss: 0.9288  q_loss: 0.0334  reward_max: 1.5933  reward_mean: -0.0286  reward_min: -1.6927  state_cost_loss: 0.9303  value_loss: -3.2876
Step:  1990000  |  score: 91.71 ± 0.67  |  actor_loss: 3.3206  cost_loss: 0.9659  q_loss: 0.0302  reward_max: 0.9964  reward_mean: -0.0298  reward_min: -1.5547  state_cost_loss: 0.9712  value_loss: -3.0736
Step:  2000000  |  score: 90.15 ± 1.44  |  actor_loss: 3.2358  cost_loss: 0.9653  q_loss: 0.0337  reward_max: 1.5417  reward_mean: -0.0278  reward_min: -1.7677  state_cost_loss: 0.9670  value_loss: -3.0787
Final evaluation (13 iterations)...
Final score: 89.13 ± 9.42
wandb: WARNING Symlinked 1 file into the W&B run directory; call wandb.save again to sync new files.
wandb: updating run metadata
wandb: uploading wandb-summary.json; uploading config.yaml; uploading final_returns/cdemodice_halfcheetah-expert-v2_2026-03-19_02-33-51.npz; uploading output.log
wandb: uploading wandb-summary.json; uploading output.log
wandb: uploading summary, console lines 214-215
wandb: 
wandb: Run history:
wandb:  actor_loss ▅▄▄▅▅▅█▄▄▃▃▄▃▃▃▂▄▃▆▄▃▆▃▄▃▃▃▄▃▁▆▅▄▃▆▃▃▃▆▃
wandb:   cost_loss ▄▃▂▃█▃▂▄▄▂▅▃▄▁▂▄▂▃▁▆▄▃▂▄▅▄▂▅▃▂▄▄▆▃▂▅█▃▄▁
wandb: num_updates ▁▁▁▁▁▂▂▂▂▂▂▂▂▂▃▃▃▃▃▃▄▄▄▄▄▅▅▅▅▆▆▇▇▇▇▇████
wandb:      q_loss ▆██▆▆▃▃▃▃▃▂▂▁▂▂▃▂▄▂▁▂▂▂▂▂▂▁▃▁▃▂▂▂▄▁▃▄▂▁▂
wandb:      return ▁▂▃▄▆▆▇▇▆███████▇█▇▇▇█▇██▇▇████▇████████
wandb:  reward_max ▂▄▄▄▇▄▅▂▂▂▄▄▇▂▄▇▄▄▃▅▃▄▂▃▇▃▅▃▆▅▃▄▃▅▇▁█▆▂▆
wandb: reward_mean ▁▃▅▆▆▅▇▄▇▆▇▅▅▅▅▅▅▆▄▆▄▄▅▅▆▄▅▃▅▅▅▇▆█▅▆▅▅▆▇
wandb:  reward_min ▇▆▄▇██▄▅▆█▄▁▆██▇▄▇▇▅▆█▆▁▆▅▇▆▄▄▅▇█▄▄▃▄▄▆▂
wandb:       score ▁▁▁▂▃▄▆▅▅▆▇▇▇▆█▇▇██▇█▇███████▇▇██▇██████
wandb:   score_std ▁▁▃▅▆▅███▇▆▃▁▁▆▅▁▇▁▇▄▁▁▃▁▁▁▁▁▁▁▁▁▁▁▁▁▁▁▁
wandb:          +2 ...
wandb: 
wandb: Run summary:
wandb:  actor_loss 3.23583
wandb:   cost_loss 0.96533
wandb: num_updates 2000000
wandb:      q_loss 0.03372
wandb:      return 10911.85329
wandb:  reward_max 1.54172
wandb: reward_mean -0.02778
wandb:  reward_min -1.7677
wandb:       score 90.14797
wandb:   score_std 1.44428
wandb:          +2 ...
wandb: 
wandb: 🚀 View run cdemodice_halfcheetah_M1_s2 at: https://wandb.ai/wsk208/DemoDICE/runs/ii56sdgw
wandb: ⭐️ View project at: https://wandb.ai/wsk208/DemoDICE
wandb: Synced 5 W&B file(s), 0 media file(s), 0 artifact file(s) and 1 other file(s)
wandb: Find logs at: ./wandb/run-20260319_020226-ii56sdgw/logs
