Warning: All of online environments libraries in D4RL have been moved ]8;;https://github.com/Farama-Foundation/Gymnasium\Gymnasium]8;;\, ]8;;https://github.com/Farama-Foundation/MiniGrid\MiniGrid]8;;\ and ]8;;https://github.com/Farama-Foundation/Gymnasium-Robotics\Gymnasium-Robotics]8;;\, and all offline datasets in D4RL have been moved to ]8;;https://github.com/Farama-Foundation/Minari\Minari]8;;\.
These new versions include large bug fixes, new versions of Python, and are where all new development will continue. Please upgrade these libraries as soon as you're able to do so.
If you'd like to read more about the story behind this switch, please check out ]8;;https://farama.org/Announcing-Minari\this blog post]8;;\.
Gym has been unmaintained since 2022 and does not support NumPy 2.0 amongst other critical functionality.
Please upgrade to Gymnasium, the maintained drop-in replacement of Gym, or contact the authors of your software and request that they upgrade.
See the migration guide at https://gymnasium.farama.org/introduction/migration_guide/ for additional information.
/opt/venv/lib/python3.10/site-packages/Cython/Distutils/old_build_ext.py:15: DeprecationWarning: dep_util is Deprecated. Use functions from setuptools instead.
  from distutils.dep_util import newer, newer_group
<frozen importlib._bootstrap>:283: DeprecationWarning: the load_module() method is deprecated and slated for removal in Python 3.12; use exec_module() instead
pybullet build time: Jan 29 2025 23:16:28
wandb: [wandb.login()] Loaded credentials for https://api.wandb.ai from /root/.netrc.
wandb: Currently logged in as: wsk208 to https://api.wandb.ai. Use `wandb login --relogin` to force relogin
/opt/venv/lib/python3.10/site-packages/wandb/analytics/sentry.py:268: DeprecationWarning: Read the `app_url` setting from the appropriate Settings object.
  app_url = wandb.util.app_url(tags["base_url"])  # type: ignore[index]
/opt/venv/lib/python3.10/site-packages/wandb/analytics/sentry.py:279: DeprecationWarning: The `Scope.user` setter is deprecated in favor of `Scope.set_user()`.
  self.scope.user = {"email": email}
wandb: setting up run j61dc10s
/opt/venv/lib/python3.10/site-packages/wandb/analytics/sentry.py:268: DeprecationWarning: Read the `app_url` setting from the appropriate Settings object.
  app_url = wandb.util.app_url(tags["base_url"])  # type: ignore[index]
/opt/venv/lib/python3.10/site-packages/wandb/analytics/sentry.py:279: DeprecationWarning: The `Scope.user` setter is deprecated in favor of `Scope.set_user()`.
  self.scope.user = {"email": email}
wandb: Tracking run with wandb version 0.25.1
wandb: Run data is saved locally in /app/wandb/run-20260319_025129-j61dc10s
wandb: Run `wandb offline` to turn off syncing.
wandb: Syncing run cdemodice_halfcheetah_M2_s3
wandb: ⭐️ View project at https://wandb.ai/wsk208/DemoDICE
wandb: 🚀 View run at https://wandb.ai/wsk208/DemoDICE/runs/j61dc10s
/opt/venv/lib/python3.10/site-packages/gym/spaces/box.py:84: UserWarning: [33mWARN: Box bound precision lowered by casting to float32[0m
  logger.warn(f"Box bound precision lowered by casting to {self.dtype}")
load datafile:   0%|          | 0/21 [00:00<?, ?it/s]load datafile:   5%|▍         | 1/21 [00:00<00:03,  5.80it/s]load datafile:  14%|█▍        | 3/21 [00:00<00:03,  5.25it/s]load datafile:  19%|█▉        | 4/21 [00:00<00:04,  3.97it/s]load datafile:  81%|████████  | 17/21 [00:01<00:00, 15.48it/s]load datafile:  90%|█████████ | 19/21 [00:01<00:00, 10.78it/s]load datafile: 100%|██████████| 21/21 [00:01<00:00, 11.15it/s]
Expert  :  999000 transitions  (halfcheetah-expert-v2, 400 traj)
load datafile:   0%|          | 0/9 [00:00<?, ?it/s]load datafile:  11%|█         | 1/9 [00:00<00:01,  6.15it/s]load datafile:  33%|███▎      | 3/9 [00:00<00:01,  5.52it/s]load datafile:  44%|████▍     | 4/9 [00:00<00:01,  4.10it/s]load datafile:  56%|█████▌    | 5/9 [00:01<00:01,  3.18it/s]load datafile:  67%|██████▋   | 6/9 [00:01<00:01,  2.78it/s]load datafile: 100%|██████████| 9/9 [00:01<00:00,  4.88it/s]
Imperfect:  999000 transitions  (halfcheetah-random-v2, 400 traj)
Union   : 1998000 transitions total
/root/.local/share/uv/python/cpython-3.10-linux-x86_64-gnu/lib/python3.10/multiprocessing/popen_fork.py:66: RuntimeWarning: os.fork() was called. os.fork() is incompatible with multithreaded code, and JAX is multithreaded, so this will likely lead to a deadlock.
  self.pid = os.fork()
/opt/venv/lib/python3.10/site-packages/tensorflow_probability/python/internal/backend/jax/ops.py:681: DeprecationWarning: jax.interpreters.xla.pytype_aval_mappings is deprecated.
  jax.interpreters.xla.pytype_aval_mappings[onp.ndarray])
/opt/venv/lib/python3.10/site-packages/gym/spaces/box.py:84: UserWarning: [33mWARN: Box bound precision lowered by casting to float32[0m
  logger.warn(f"Box bound precision lowered by casting to {self.dtype}")
Step:    10000  |  score: 2.25 ± 0.00  |  actor_loss: 4.7086  cost_loss: 0.9548  q_loss: 0.0321  reward_max: 1.1478  reward_mean: -0.0273  reward_min: -1.2380  state_cost_loss: 0.9582  value_loss: -0.4001
Step:    20000  |  score: 2.23 ± 0.01  |  actor_loss: 3.7322  cost_loss: 0.9905  q_loss: 0.0400  reward_max: 1.1940  reward_mean: -0.0410  reward_min: -1.7094  state_cost_loss: 0.9959  value_loss: -1.6128
Step:    30000  |  score: 2.14 ± 0.02  |  actor_loss: 3.4708  cost_loss: 0.9342  q_loss: 0.0644  reward_max: 1.3712  reward_mean: -0.0491  reward_min: -1.4277  state_cost_loss: 0.9402  value_loss: -2.9770
Step:    40000  |  score: 3.54 ± 2.26  |  actor_loss: 3.5982  cost_loss: 0.9303  q_loss: 0.0525  reward_max: 1.4536  reward_mean: -0.0494  reward_min: -1.4359  state_cost_loss: 0.9344  value_loss: -3.5203
Step:    50000  |  score: 4.35 ± 1.70  |  actor_loss: 3.2690  cost_loss: 0.9853  q_loss: 0.0534  reward_max: 0.9117  reward_mean: -0.0438  reward_min: -1.6324  state_cost_loss: 0.9935  value_loss: -3.6961
Step:    60000  |  score: 4.90 ± 1.36  |  actor_loss: 3.7114  cost_loss: 0.9498  q_loss: 0.0598  reward_max: 1.1777  reward_mean: -0.0344  reward_min: -1.6474  state_cost_loss: 0.9508  value_loss: -3.9451
Step:    70000  |  score: 6.22 ± 4.36  |  actor_loss: 3.5302  cost_loss: 0.9609  q_loss: 0.0636  reward_max: 1.6051  reward_mean: -0.0269  reward_min: -1.3707  state_cost_loss: 0.9656  value_loss: -3.6783
Step:    80000  |  score: 10.60 ± 8.37  |  actor_loss: 3.5866  cost_loss: 0.9347  q_loss: 0.0467  reward_max: 1.6037  reward_mean: -0.0605  reward_min: -1.6210  state_cost_loss: 0.9347  value_loss: -3.4742
Step:    90000  |  score: 5.31 ± 3.71  |  actor_loss: 3.7019  cost_loss: 0.9364  q_loss: 0.0458  reward_max: 1.0544  reward_mean: -0.0134  reward_min: -1.2602  state_cost_loss: 0.9398  value_loss: -2.9403
Step:   100000  |  score: 5.11 ± 1.40  |  actor_loss: 3.4218  cost_loss: 1.0096  q_loss: 0.0442  reward_max: 1.3562  reward_mean: -0.0284  reward_min: -1.7506  state_cost_loss: 1.0132  value_loss: -2.4979
Step:   110000  |  score: 11.86 ± 17.00  |  actor_loss: 3.3987  cost_loss: 0.9788  q_loss: 0.0609  reward_max: 1.1732  reward_mean: -0.0152  reward_min: -1.4375  state_cost_loss: 0.9828  value_loss: -2.2769
Step:   120000  |  score: 16.39 ± 24.97  |  actor_loss: 3.5954  cost_loss: 0.9799  q_loss: 0.0604  reward_max: 1.2173  reward_mean: -0.0147  reward_min: -2.1362  state_cost_loss: 0.9847  value_loss: -2.1406
Step:   130000  |  score: 24.56 ± 20.21  |  actor_loss: 3.1120  cost_loss: 0.9927  q_loss: 0.0506  reward_max: 1.2013  reward_mean: -0.0324  reward_min: -1.3881  state_cost_loss: 0.9937  value_loss: -2.1025
Step:   140000  |  score: 41.45 ± 27.84  |  actor_loss: 3.3383  cost_loss: 0.9601  q_loss: 0.0517  reward_max: 1.6101  reward_mean: -0.0318  reward_min: -2.0193  state_cost_loss: 0.9622  value_loss: -2.0429
Step:   150000  |  score: 22.06 ± 31.09  |  actor_loss: 3.5729  cost_loss: 0.9223  q_loss: 0.0571  reward_max: 1.1406  reward_mean: -0.0308  reward_min: -3.4815  state_cost_loss: 0.9242  value_loss: -2.2884
Step:   160000  |  score: 34.60 ± 31.94  |  actor_loss: 3.1735  cost_loss: 1.0149  q_loss: 0.0384  reward_max: 1.0175  reward_mean: -0.0236  reward_min: -1.5052  state_cost_loss: 1.0218  value_loss: -1.8197
Step:   170000  |  score: 7.30 ± 10.30  |  actor_loss: 3.6697  cost_loss: 0.9408  q_loss: 0.0596  reward_max: 1.3887  reward_mean: -0.0371  reward_min: -2.2295  state_cost_loss: 0.9462  value_loss: -2.0662
Step:   180000  |  score: 33.28 ± 27.28  |  actor_loss: 3.3770  cost_loss: 0.9669  q_loss: 0.0458  reward_max: 1.3098  reward_mean: -0.0252  reward_min: -1.2304  state_cost_loss: 0.9736  value_loss: -2.1318
Step:   190000  |  score: 70.26 ± 26.69  |  actor_loss: 3.5329  cost_loss: 0.9518  q_loss: 0.0500  reward_max: 1.4513  reward_mean: -0.0256  reward_min: -1.9013  state_cost_loss: 0.9512  value_loss: -2.2428
Step:   200000  |  score: 64.94 ± 26.76  |  actor_loss: 3.4351  cost_loss: 0.9781  q_loss: 0.0484  reward_max: 0.8802  reward_mean: -0.0133  reward_min: -1.2366  state_cost_loss: 0.9813  value_loss: -2.1040
Step:   210000  |  score: 53.49 ± 28.61  |  actor_loss: 3.2008  cost_loss: 0.9911  q_loss: 0.0507  reward_max: 1.0199  reward_mean: -0.0512  reward_min: -1.6953  state_cost_loss: 0.9934  value_loss: -2.1290
Step:   220000  |  score: 72.24 ± 22.30  |  actor_loss: 3.3502  cost_loss: 1.0038  q_loss: 0.0649  reward_max: 1.1780  reward_mean: -0.0342  reward_min: -2.0840  state_cost_loss: 1.0112  value_loss: -1.9045
Step:   230000  |  score: 43.99 ± 41.09  |  actor_loss: 3.3775  cost_loss: 0.9601  q_loss: 0.0467  reward_max: 1.0426  reward_mean: -0.0265  reward_min: -3.1293  state_cost_loss: 0.9617  value_loss: -2.1733
Step:   240000  |  score: 60.78 ± 35.93  |  actor_loss: 3.1635  cost_loss: 1.0027  q_loss: 0.0406  reward_max: 0.9698  reward_mean: -0.0459  reward_min: -2.6566  state_cost_loss: 1.0054  value_loss: -2.0309
Step:   250000  |  score: 76.46 ± 27.95  |  actor_loss: 3.3148  cost_loss: 0.9309  q_loss: 0.0860  reward_max: 2.0481  reward_mean: -0.0509  reward_min: -2.7524  state_cost_loss: 0.9363  value_loss: -2.4108
Step:   260000  |  score: 61.35 ± 34.38  |  actor_loss: 3.0941  cost_loss: 1.0133  q_loss: 0.0428  reward_max: 1.2643  reward_mean: -0.0287  reward_min: -1.3445  state_cost_loss: 1.0142  value_loss: -2.0861
Step:   270000  |  score: 47.11 ± 36.47  |  actor_loss: 3.1938  cost_loss: 0.9916  q_loss: 0.0368  reward_max: 1.0322  reward_mean: -0.0253  reward_min: -2.9533  state_cost_loss: 0.9902  value_loss: -2.2110
Step:   280000  |  score: 54.65 ± 36.16  |  actor_loss: 3.1164  cost_loss: 0.9882  q_loss: 0.0460  reward_max: 1.2428  reward_mean: -0.0340  reward_min: -1.5814  state_cost_loss: 0.9911  value_loss: -1.9856
Step:   290000  |  score: 41.41 ± 34.03  |  actor_loss: 3.4850  cost_loss: 0.9392  q_loss: 0.0402  reward_max: 0.9973  reward_mean: -0.0452  reward_min: -2.1705  state_cost_loss: 0.9455  value_loss: -2.3937
Step:   300000  |  score: 68.17 ± 32.90  |  actor_loss: 3.2968  cost_loss: 1.0184  q_loss: 0.0358  reward_max: 1.5575  reward_mean: 0.0055  reward_min: -2.1106  state_cost_loss: 1.0221  value_loss: -1.8942
Step:   310000  |  score: 75.76 ± 27.85  |  actor_loss: 3.1991  cost_loss: 1.0047  q_loss: 0.0444  reward_max: 1.2429  reward_mean: -0.0277  reward_min: -1.3366  state_cost_loss: 1.0106  value_loss: -2.1775
Step:   320000  |  score: 71.23 ± 27.95  |  actor_loss: 3.4192  cost_loss: 0.9549  q_loss: 0.0391  reward_max: 0.9969  reward_mean: -0.0546  reward_min: -2.3174  state_cost_loss: 0.9575  value_loss: -2.3667
Step:   330000  |  score: 67.93 ± 29.68  |  actor_loss: 3.2676  cost_loss: 0.9753  q_loss: 0.0523  reward_max: 0.8017  reward_mean: -0.0366  reward_min: -1.6409  state_cost_loss: 0.9769  value_loss: -2.5348
Step:   340000  |  score: 87.58 ± 1.56  |  actor_loss: 3.4341  cost_loss: 0.9988  q_loss: 0.0350  reward_max: 1.8748  reward_mean: 0.0017  reward_min: -1.2719  state_cost_loss: 0.9994  value_loss: -2.0925
Step:   350000  |  score: 69.19 ± 38.37  |  actor_loss: 3.6111  cost_loss: 0.9208  q_loss: 0.0574  reward_max: 2.3402  reward_mean: -0.0366  reward_min: -1.9596  state_cost_loss: 0.9219  value_loss: -2.7000
Step:   360000  |  score: 81.52 ± 11.52  |  actor_loss: 3.3882  cost_loss: 0.9535  q_loss: 0.0449  reward_max: 1.1966  reward_mean: -0.0573  reward_min: -2.3847  state_cost_loss: 0.9568  value_loss: -2.5221
Step:   370000  |  score: 72.56 ± 29.53  |  actor_loss: 3.1276  cost_loss: 0.9865  q_loss: 0.0575  reward_max: 0.9796  reward_mean: -0.0342  reward_min: -1.8889  state_cost_loss: 0.9829  value_loss: -2.2681
Step:   380000  |  score: 76.55 ± 28.11  |  actor_loss: 3.1468  cost_loss: 0.9624  q_loss: 0.0401  reward_max: 0.9715  reward_mean: -0.0671  reward_min: -1.7252  state_cost_loss: 0.9636  value_loss: -2.3750
Step:   390000  |  score: 91.04 ± 1.97  |  actor_loss: 3.6291  cost_loss: 0.9614  q_loss: 0.0456  reward_max: 1.5812  reward_mean: -0.0077  reward_min: -1.3994  state_cost_loss: 0.9615  value_loss: -2.5662
Step:   400000  |  score: 79.19 ± 28.83  |  actor_loss: 3.3182  cost_loss: 1.0075  q_loss: 0.0425  reward_max: 1.7033  reward_mean: -0.0182  reward_min: -1.4776  state_cost_loss: 1.0123  value_loss: -2.3341
Step:   410000  |  score: 77.82 ± 29.20  |  actor_loss: 3.2507  cost_loss: 0.9832  q_loss: 0.0369  reward_max: 1.0015  reward_mean: -0.0221  reward_min: -1.4442  state_cost_loss: 0.9856  value_loss: -2.1796
Step:   420000  |  score: 67.57 ± 37.65  |  actor_loss: 3.3343  cost_loss: 0.9520  q_loss: 0.0451  reward_max: 0.9330  reward_mean: -0.0385  reward_min: -1.4238  state_cost_loss: 0.9555  value_loss: -2.4301
Step:   430000  |  score: 84.83 ± 6.94  |  actor_loss: 3.3473  cost_loss: 0.9638  q_loss: 0.0568  reward_max: 0.9390  reward_mean: -0.0148  reward_min: -1.4018  state_cost_loss: 0.9617  value_loss: -2.1852
Step:   440000  |  score: 71.39 ± 28.62  |  actor_loss: 3.3029  cost_loss: 0.9687  q_loss: 0.0458  reward_max: 1.2783  reward_mean: -0.0064  reward_min: -1.0196  state_cost_loss: 0.9671  value_loss: -2.4356
Step:   450000  |  score: 83.01 ± 16.25  |  actor_loss: 3.0637  cost_loss: 0.9599  q_loss: 0.0470  reward_max: 0.9145  reward_mean: -0.0366  reward_min: -1.5411  state_cost_loss: 0.9664  value_loss: -2.3461
Step:   460000  |  score: 56.71 ± 42.05  |  actor_loss: 3.2389  cost_loss: 0.9456  q_loss: 0.0387  reward_max: 1.1507  reward_mean: -0.0366  reward_min: -2.2028  state_cost_loss: 0.9464  value_loss: -2.4206
Step:   470000  |  score: 90.25 ± 1.41  |  actor_loss: 3.4371  cost_loss: 0.9559  q_loss: 0.0464  reward_max: 1.5263  reward_mean: -0.0134  reward_min: -2.1258  state_cost_loss: 0.9539  value_loss: -2.6690
Step:   480000  |  score: 75.79 ± 27.75  |  actor_loss: 3.4067  cost_loss: 0.9613  q_loss: 0.0336  reward_max: 0.8668  reward_mean: -0.0634  reward_min: -1.8110  state_cost_loss: 0.9621  value_loss: -2.7969
Step:   490000  |  score: 72.81 ± 29.37  |  actor_loss: 3.5453  cost_loss: 0.9398  q_loss: 0.0519  reward_max: 1.3468  reward_mean: -0.0432  reward_min: -3.0853  state_cost_loss: 0.9404  value_loss: -2.5613
Step:   500000  |  score: 80.08 ± 29.22  |  actor_loss: 3.5435  cost_loss: 0.9236  q_loss: 0.0406  reward_max: 1.2375  reward_mean: -0.0361  reward_min: -1.8004  state_cost_loss: 0.9229  value_loss: -2.6192
Step:   510000  |  score: 72.59 ± 24.69  |  actor_loss: 3.3911  cost_loss: 0.9600  q_loss: 0.0342  reward_max: 0.8827  reward_mean: -0.0288  reward_min: -1.5521  state_cost_loss: 0.9643  value_loss: -2.4773
Step:   520000  |  score: 80.41 ± 21.22  |  actor_loss: 3.4679  cost_loss: 0.9468  q_loss: 0.0285  reward_max: 1.0948  reward_mean: -0.0246  reward_min: -1.4433  state_cost_loss: 0.9513  value_loss: -2.5252
Step:   530000  |  score: 67.23 ± 37.23  |  actor_loss: 3.5537  cost_loss: 0.9475  q_loss: 0.0529  reward_max: 0.9762  reward_mean: -0.0498  reward_min: -1.6117  state_cost_loss: 0.9496  value_loss: -2.4794
Step:   540000  |  score: 80.14 ± 29.42  |  actor_loss: 3.3804  cost_loss: 0.9549  q_loss: 0.0389  reward_max: 1.1746  reward_mean: -0.0231  reward_min: -1.4411  state_cost_loss: 0.9583  value_loss: -2.4148
Step:   550000  |  score: 75.28 ± 30.59  |  actor_loss: 3.3350  cost_loss: 0.9670  q_loss: 0.0342  reward_max: 0.9228  reward_mean: -0.0409  reward_min: -2.6782  state_cost_loss: 0.9704  value_loss: -2.4616
Step:   560000  |  score: 79.02 ± 22.40  |  actor_loss: 3.5355  cost_loss: 0.9563  q_loss: 0.0437  reward_max: 1.4432  reward_mean: -0.0260  reward_min: -1.7168  state_cost_loss: 0.9609  value_loss: -2.3160
Step:   570000  |  score: 71.42 ± 34.76  |  actor_loss: 3.3788  cost_loss: 0.9643  q_loss: 0.0330  reward_max: 0.7854  reward_mean: -0.0174  reward_min: -1.6500  state_cost_loss: 0.9647  value_loss: -2.3101
Step:   580000  |  score: 75.43 ± 28.83  |  actor_loss: 3.5793  cost_loss: 0.9720  q_loss: 0.0368  reward_max: 0.9570  reward_mean: -0.0155  reward_min: -1.2657  state_cost_loss: 0.9764  value_loss: -2.3242
Step:   590000  |  score: 91.29 ± 2.67  |  actor_loss: 3.1921  cost_loss: 0.9631  q_loss: 0.0293  reward_max: 1.5654  reward_mean: -0.0139  reward_min: -1.7992  state_cost_loss: 0.9630  value_loss: -2.4373
Step:   600000  |  score: 65.42 ± 37.02  |  actor_loss: 3.4382  cost_loss: 0.9463  q_loss: 0.0455  reward_max: 0.8560  reward_mean: -0.0418  reward_min: -2.1840  state_cost_loss: 0.9479  value_loss: -2.3462
Step:   610000  |  score: 78.96 ± 28.77  |  actor_loss: 3.5509  cost_loss: 0.9736  q_loss: 0.0405  reward_max: 1.6400  reward_mean: -0.0376  reward_min: -3.3184  state_cost_loss: 0.9799  value_loss: -1.9778
Step:   620000  |  score: 88.89 ± 2.48  |  actor_loss: 3.2666  cost_loss: 0.9815  q_loss: 0.0381  reward_max: 2.3134  reward_mean: 0.0064  reward_min: -1.5486  state_cost_loss: 0.9813  value_loss: -2.2580
Step:   630000  |  score: 72.80 ± 31.41  |  actor_loss: 3.4209  cost_loss: 0.9229  q_loss: 0.0404  reward_max: 1.1575  reward_mean: -0.0466  reward_min: -2.0268  state_cost_loss: 0.9316  value_loss: -2.4838
Step:   640000  |  score: 87.43 ± 1.21  |  actor_loss: 3.1720  cost_loss: 0.9642  q_loss: 0.0314  reward_max: 0.9539  reward_mean: -0.0308  reward_min: -1.6079  state_cost_loss: 0.9663  value_loss: -2.3513
Step:   650000  |  score: 86.82 ± 8.28  |  actor_loss: 3.5243  cost_loss: 0.9443  q_loss: 0.0408  reward_max: 0.9599  reward_mean: -0.0258  reward_min: -2.9011  state_cost_loss: 0.9479  value_loss: -2.3935
Step:   660000  |  score: 79.80 ± 27.10  |  actor_loss: 3.5257  cost_loss: 0.8974  q_loss: 0.0339  reward_max: 0.8985  reward_mean: -0.0178  reward_min: -2.1535  state_cost_loss: 0.9016  value_loss: -2.5163
Step:   670000  |  score: 79.32 ± 29.12  |  actor_loss: 3.0987  cost_loss: 0.9721  q_loss: 0.0414  reward_max: 0.9170  reward_mean: -0.0419  reward_min: -1.5676  state_cost_loss: 0.9732  value_loss: -2.3404
Step:   680000  |  score: 84.16 ± 11.96  |  actor_loss: 3.0879  cost_loss: 0.9953  q_loss: 0.0286  reward_max: 1.1561  reward_mean: -0.0410  reward_min: -2.1970  state_cost_loss: 0.9990  value_loss: -2.1666
Step:   690000  |  score: 83.25 ± 15.03  |  actor_loss: 3.3757  cost_loss: 0.9479  q_loss: 0.0396  reward_max: 1.1618  reward_mean: -0.0018  reward_min: -2.2447  state_cost_loss: 0.9512  value_loss: -2.3791
Step:   700000  |  score: 91.03 ± 1.83  |  actor_loss: 3.6577  cost_loss: 0.9335  q_loss: 0.0363  reward_max: 0.9985  reward_mean: -0.0288  reward_min: -1.6074  state_cost_loss: 0.9337  value_loss: -2.4812
Step:   710000  |  score: 76.98 ± 28.16  |  actor_loss: 3.3474  cost_loss: 0.9788  q_loss: 0.0307  reward_max: 1.1883  reward_mean: -0.0297  reward_min: -1.7324  state_cost_loss: 0.9805  value_loss: -2.2885
Step:   720000  |  score: 84.05 ± 17.68  |  actor_loss: 3.3067  cost_loss: 0.9557  q_loss: 0.0368  reward_max: 1.0210  reward_mean: -0.0134  reward_min: -2.1416  state_cost_loss: 0.9579  value_loss: -2.3151
Step:   730000  |  score: 89.42 ± 1.80  |  actor_loss: 3.6565  cost_loss: 0.9371  q_loss: 0.0312  reward_max: 1.2486  reward_mean: -0.0227  reward_min: -1.4789  state_cost_loss: 0.9385  value_loss: -2.4468
Step:   740000  |  score: 91.90 ± 1.63  |  actor_loss: 3.4279  cost_loss: 0.9486  q_loss: 0.0311  reward_max: 0.9065  reward_mean: -0.0521  reward_min: -2.5148  state_cost_loss: 0.9538  value_loss: -2.5480
Step:   750000  |  score: 88.93 ± 1.15  |  actor_loss: 3.5824  cost_loss: 0.9153  q_loss: 0.0381  reward_max: 0.9422  reward_mean: -0.0345  reward_min: -1.9286  state_cost_loss: 0.9186  value_loss: -2.7507
Step:   760000  |  score: 89.23 ± 3.40  |  actor_loss: 3.2250  cost_loss: 0.9592  q_loss: 0.0321  reward_max: 1.5199  reward_mean: -0.0331  reward_min: -1.8039  state_cost_loss: 0.9622  value_loss: -2.5196
Step:   770000  |  score: 78.97 ± 28.90  |  actor_loss: 3.3664  cost_loss: 0.9647  q_loss: 0.0345  reward_max: 1.0775  reward_mean: -0.0360  reward_min: -1.2274  state_cost_loss: 0.9672  value_loss: -2.5299
Step:   780000  |  score: 89.16 ± 3.99  |  actor_loss: 3.2519  cost_loss: 0.9808  q_loss: 0.0440  reward_max: 1.1527  reward_mean: -0.0338  reward_min: -1.6034  state_cost_loss: 0.9818  value_loss: -2.6823
Step:   790000  |  score: 82.94 ± 21.53  |  actor_loss: 3.2531  cost_loss: 1.0056  q_loss: 0.0313  reward_max: 1.2854  reward_mean: -0.0225  reward_min: -1.7022  state_cost_loss: 1.0073  value_loss: -2.4691
Step:   800000  |  score: 90.06 ± 1.90  |  actor_loss: 3.3817  cost_loss: 0.9314  q_loss: 0.0323  reward_max: 0.9276  reward_mean: -0.0269  reward_min: -2.1275  state_cost_loss: 0.9334  value_loss: -2.9971
Step:   810000  |  score: 87.38 ± 1.56  |  actor_loss: 3.4435  cost_loss: 0.9224  q_loss: 0.0282  reward_max: 1.2445  reward_mean: -0.0393  reward_min: -1.9759  state_cost_loss: 0.9218  value_loss: -2.8449
Step:   820000  |  score: 88.39 ± 9.20  |  actor_loss: 3.5962  cost_loss: 0.9305  q_loss: 0.0295  reward_max: 1.1383  reward_mean: -0.0219  reward_min: -2.0018  state_cost_loss: 0.9307  value_loss: -2.9252
Step:   830000  |  score: 89.58 ± 2.27  |  actor_loss: 3.1283  cost_loss: 0.9906  q_loss: 0.0329  reward_max: 1.4131  reward_mean: -0.0385  reward_min: -2.7396  state_cost_loss: 0.9925  value_loss: -2.4914
Step:   840000  |  score: 90.05 ± 1.38  |  actor_loss: 3.7787  cost_loss: 0.9128  q_loss: 0.0340  reward_max: 1.7225  reward_mean: -0.0187  reward_min: -1.4142  state_cost_loss: 0.9182  value_loss: -2.9824
Step:   850000  |  score: 87.45 ± 9.13  |  actor_loss: 3.2134  cost_loss: 0.9821  q_loss: 0.0420  reward_max: 1.1069  reward_mean: -0.0095  reward_min: -1.5414  state_cost_loss: 0.9847  value_loss: -2.5972
Step:   860000  |  score: 90.25 ± 2.74  |  actor_loss: 3.4533  cost_loss: 0.9526  q_loss: 0.0312  reward_max: 0.8153  reward_mean: -0.0567  reward_min: -1.4328  state_cost_loss: 0.9544  value_loss: -2.7398
Step:   870000  |  score: 91.09 ± 1.19  |  actor_loss: 3.3777  cost_loss: 0.9538  q_loss: 0.0343  reward_max: 1.4325  reward_mean: -0.0090  reward_min: -1.7095  state_cost_loss: 0.9539  value_loss: -2.7022
Step:   880000  |  score: 89.08 ± 2.39  |  actor_loss: 3.2342  cost_loss: 0.9522  q_loss: 0.0364  reward_max: 1.3532  reward_mean: -0.0378  reward_min: -2.2176  state_cost_loss: 0.9585  value_loss: -2.6055
Step:   890000  |  score: 89.82 ± 3.66  |  actor_loss: 3.3489  cost_loss: 0.9334  q_loss: 0.0291  reward_max: 1.2387  reward_mean: -0.0207  reward_min: -1.3747  state_cost_loss: 0.9341  value_loss: -2.7497
Step:   900000  |  score: 83.45 ± 20.25  |  actor_loss: 3.3346  cost_loss: 0.9705  q_loss: 0.0295  reward_max: 0.9853  reward_mean: -0.0270  reward_min: -1.9200  state_cost_loss: 0.9708  value_loss: -2.6309
Step:   910000  |  score: 91.52 ± 1.48  |  actor_loss: 3.4769  cost_loss: 0.9408  q_loss: 0.0364  reward_max: 0.8362  reward_mean: -0.0233  reward_min: -3.3009  state_cost_loss: 0.9452  value_loss: -2.9913
Step:   920000  |  score: 90.13 ± 1.94  |  actor_loss: 3.2082  cost_loss: 0.9664  q_loss: 0.0376  reward_max: 1.7257  reward_mean: -0.0169  reward_min: -1.6778  state_cost_loss: 0.9677  value_loss: -2.6800
Step:   930000  |  score: 89.04 ± 1.49  |  actor_loss: 3.4925  cost_loss: 0.9433  q_loss: 0.0352  reward_max: 0.9050  reward_mean: -0.0173  reward_min: -2.5447  state_cost_loss: 0.9443  value_loss: -2.8605
Step:   940000  |  score: 87.93 ± 12.97  |  actor_loss: 3.3937  cost_loss: 0.9781  q_loss: 0.0323  reward_max: 0.8708  reward_mean: -0.0188  reward_min: -2.5703  state_cost_loss: 0.9801  value_loss: -2.7080
Step:   950000  |  score: 91.42 ± 3.49  |  actor_loss: 3.3334  cost_loss: 0.9783  q_loss: 0.0278  reward_max: 1.1153  reward_mean: -0.0350  reward_min: -1.5748  state_cost_loss: 0.9797  value_loss: -2.6940
Step:   960000  |  score: 84.70 ± 15.90  |  actor_loss: 3.1877  cost_loss: 0.9851  q_loss: 0.0270  reward_max: 1.0536  reward_mean: -0.0125  reward_min: -1.7791  state_cost_loss: 0.9885  value_loss: -2.5421
Step:   970000  |  score: 92.21 ± 1.47  |  actor_loss: 3.3159  cost_loss: 0.9928  q_loss: 0.0257  reward_max: 1.5892  reward_mean: -0.0294  reward_min: -1.4565  state_cost_loss: 0.9958  value_loss: -2.4988
Step:   980000  |  score: 91.62 ± 0.74  |  actor_loss: 3.2329  cost_loss: 0.9618  q_loss: 0.0278  reward_max: 0.8616  reward_mean: -0.0391  reward_min: -2.2580  state_cost_loss: 0.9626  value_loss: -2.7683
Step:   990000  |  score: 79.21 ± 14.70  |  actor_loss: 3.2690  cost_loss: 0.9693  q_loss: 0.0297  reward_max: 1.0628  reward_mean: 0.0049  reward_min: -1.2253  state_cost_loss: 0.9736  value_loss: -2.6345
Step:  1000000  |  score: 80.72 ± 29.51  |  actor_loss: 3.0658  cost_loss: 0.9751  q_loss: 0.0269  reward_max: 0.8611  reward_mean: -0.0505  reward_min: -1.6942  state_cost_loss: 0.9796  value_loss: -2.5943
Step:  1010000  |  score: 90.09 ± 1.95  |  actor_loss: 3.3549  cost_loss: 0.9000  q_loss: 0.0334  reward_max: 1.4273  reward_mean: -0.0566  reward_min: -1.9381  state_cost_loss: 0.9006  value_loss: -3.0322
Step:  1020000  |  score: 83.67 ± 20.24  |  actor_loss: 3.4618  cost_loss: 0.9643  q_loss: 0.0390  reward_max: 0.8331  reward_mean: -0.0364  reward_min: -1.2911  state_cost_loss: 0.9688  value_loss: -2.6984
Step:  1030000  |  score: 86.66 ± 10.04  |  actor_loss: 3.3107  cost_loss: 0.9573  q_loss: 0.0384  reward_max: 1.2806  reward_mean: -0.0556  reward_min: -3.2569  state_cost_loss: 0.9637  value_loss: -2.7778
Step:  1040000  |  score: 91.05 ± 0.90  |  actor_loss: 3.6312  cost_loss: 0.9165  q_loss: 0.0303  reward_max: 1.0548  reward_mean: -0.0368  reward_min: -1.4068  state_cost_loss: 0.9179  value_loss: -2.9436
Step:  1050000  |  score: 85.51 ± 10.89  |  actor_loss: 3.4227  cost_loss: 0.9647  q_loss: 0.0299  reward_max: 1.8414  reward_mean: -0.0150  reward_min: -1.7164  state_cost_loss: 0.9672  value_loss: -2.7292
Step:  1060000  |  score: 89.87 ± 2.05  |  actor_loss: 3.4430  cost_loss: 0.9282  q_loss: 0.0440  reward_max: 1.0839  reward_mean: -0.0231  reward_min: -1.6535  state_cost_loss: 0.9306  value_loss: -2.9400
Step:  1070000  |  score: 91.20 ± 0.80  |  actor_loss: 3.4060  cost_loss: 0.9695  q_loss: 0.0308  reward_max: 1.4615  reward_mean: -0.0243  reward_min: -1.5695  state_cost_loss: 0.9733  value_loss: -2.7700
Step:  1080000  |  score: 90.48 ± 5.80  |  actor_loss: 3.4559  cost_loss: 0.9214  q_loss: 0.0275  reward_max: 1.5397  reward_mean: -0.0350  reward_min: -1.6168  state_cost_loss: 0.9216  value_loss: -3.0072
Step:  1090000  |  score: 82.23 ± 20.62  |  actor_loss: 3.4302  cost_loss: 0.9871  q_loss: 0.0303  reward_max: 1.9444  reward_mean: -0.0168  reward_min: -1.4309  state_cost_loss: 0.9902  value_loss: -2.6729
Step:  1100000  |  score: 82.58 ± 18.99  |  actor_loss: 3.4609  cost_loss: 0.9429  q_loss: 0.0263  reward_max: 0.9133  reward_mean: -0.0456  reward_min: -2.1740  state_cost_loss: 0.9497  value_loss: -2.8447
Step:  1110000  |  score: 83.69 ± 19.86  |  actor_loss: 3.2679  cost_loss: 0.9630  q_loss: 0.0306  reward_max: 1.0428  reward_mean: -0.0159  reward_min: -2.4537  state_cost_loss: 0.9648  value_loss: -2.6631
Step:  1120000  |  score: 89.55 ± 4.06  |  actor_loss: 3.3310  cost_loss: 0.9801  q_loss: 0.0346  reward_max: 2.6303  reward_mean: -0.0228  reward_min: -2.2140  state_cost_loss: 0.9823  value_loss: -2.5178
Step:  1130000  |  score: 91.16 ± 1.33  |  actor_loss: 3.2335  cost_loss: 0.9667  q_loss: 0.0321  reward_max: 1.4006  reward_mean: -0.0014  reward_min: -1.5772  state_cost_loss: 0.9670  value_loss: -2.6494
Step:  1140000  |  score: 90.45 ± 1.52  |  actor_loss: 3.4089  cost_loss: 0.9474  q_loss: 0.0326  reward_max: 0.8964  reward_mean: -0.0338  reward_min: -1.2327  state_cost_loss: 0.9499  value_loss: -2.9076
Step:  1150000  |  score: 91.17 ± 1.23  |  actor_loss: 3.2849  cost_loss: 0.9895  q_loss: 0.0310  reward_max: 1.4628  reward_mean: -0.0217  reward_min: -1.4783  state_cost_loss: 0.9943  value_loss: -2.5662
Step:  1160000  |  score: 91.51 ± 1.59  |  actor_loss: 3.5588  cost_loss: 0.9325  q_loss: 0.0385  reward_max: 0.9786  reward_mean: -0.0339  reward_min: -2.8598  state_cost_loss: 0.9336  value_loss: -2.7846
Step:  1170000  |  score: 91.37 ± 1.02  |  actor_loss: 3.3762  cost_loss: 0.9738  q_loss: 0.0317  reward_max: 0.9670  reward_mean: -0.0233  reward_min: -1.8081  state_cost_loss: 0.9734  value_loss: -2.5717
Step:  1180000  |  score: 91.46 ± 1.37  |  actor_loss: 3.4953  cost_loss: 0.9497  q_loss: 0.0296  reward_max: 1.5450  reward_mean: -0.0165  reward_min: -1.4024  state_cost_loss: 0.9502  value_loss: -2.6394
Step:  1190000  |  score: 90.99 ± 1.32  |  actor_loss: 3.0468  cost_loss: 1.0017  q_loss: 0.0258  reward_max: 0.9661  reward_mean: -0.0307  reward_min: -1.6750  state_cost_loss: 1.0076  value_loss: -2.4835
Step:  1200000  |  score: 90.19 ± 1.79  |  actor_loss: 3.3251  cost_loss: 0.9636  q_loss: 0.0300  reward_max: 1.2907  reward_mean: -0.0459  reward_min: -2.4092  state_cost_loss: 0.9688  value_loss: -2.6413
Step:  1210000  |  score: 88.18 ± 8.96  |  actor_loss: 3.3448  cost_loss: 0.9703  q_loss: 0.0350  reward_max: 1.2313  reward_mean: -0.0279  reward_min: -1.7124  state_cost_loss: 0.9707  value_loss: -2.5487
Step:  1220000  |  score: 90.72 ± 1.21  |  actor_loss: 3.1687  cost_loss: 0.9783  q_loss: 0.0277  reward_max: 1.1172  reward_mean: -0.0143  reward_min: -1.4099  state_cost_loss: 0.9780  value_loss: -2.5882
Step:  1230000  |  score: 88.65 ± 1.26  |  actor_loss: 3.4334  cost_loss: 0.9354  q_loss: 0.0311  reward_max: 1.5827  reward_mean: -0.0400  reward_min: -2.2919  state_cost_loss: 0.9374  value_loss: -2.7990
Step:  1240000  |  score: 89.58 ± 1.52  |  actor_loss: 3.3101  cost_loss: 0.9760  q_loss: 0.0301  reward_max: 1.3902  reward_mean: -0.0354  reward_min: -1.7759  state_cost_loss: 0.9795  value_loss: -2.5443
Step:  1250000  |  score: 77.98 ± 27.29  |  actor_loss: 3.4912  cost_loss: 0.9211  q_loss: 0.0331  reward_max: 1.1567  reward_mean: -0.0543  reward_min: -2.3246  state_cost_loss: 0.9220  value_loss: -2.9412
Step:  1260000  |  score: 92.68 ± 0.95  |  actor_loss: 3.4716  cost_loss: 0.9352  q_loss: 0.0337  reward_max: 1.1620  reward_mean: -0.0533  reward_min: -1.7943  state_cost_loss: 0.9407  value_loss: -3.0115
Step:  1270000  |  score: 85.28 ± 17.95  |  actor_loss: 3.2218  cost_loss: 0.9580  q_loss: 0.0310  reward_max: 0.9850  reward_mean: -0.0097  reward_min: -1.8639  state_cost_loss: 0.9598  value_loss: -2.6691
Step:  1280000  |  score: 91.48 ± 1.20  |  actor_loss: 3.4923  cost_loss: 0.9659  q_loss: 0.0366  reward_max: 0.7303  reward_mean: -0.0167  reward_min: -0.9846  state_cost_loss: 0.9649  value_loss: -2.6388
Step:  1290000  |  score: 91.84 ± 1.28  |  actor_loss: 3.4778  cost_loss: 0.9592  q_loss: 0.0335  reward_max: 2.4366  reward_mean: -0.0463  reward_min: -1.6667  state_cost_loss: 0.9678  value_loss: -2.8010
Step:  1300000  |  score: 91.05 ± 1.14  |  actor_loss: 3.3411  cost_loss: 0.9208  q_loss: 0.0355  reward_max: 1.4011  reward_mean: -0.0235  reward_min: -1.7539  state_cost_loss: 0.9243  value_loss: -2.8930
Step:  1310000  |  score: 90.63 ± 0.87  |  actor_loss: 3.3770  cost_loss: 0.9653  q_loss: 0.0319  reward_max: 0.7385  reward_mean: -0.0347  reward_min: -1.1331  state_cost_loss: 0.9675  value_loss: -2.6134
Step:  1320000  |  score: 91.72 ± 1.34  |  actor_loss: 3.3853  cost_loss: 0.9746  q_loss: 0.0273  reward_max: 1.1804  reward_mean: -0.0316  reward_min: -1.3676  state_cost_loss: 0.9774  value_loss: -2.5750
Step:  1330000  |  score: 89.31 ± 6.48  |  actor_loss: 3.5209  cost_loss: 0.9311  q_loss: 0.0374  reward_max: 1.0021  reward_mean: -0.0469  reward_min: -1.2132  state_cost_loss: 0.9321  value_loss: -2.7068
Step:  1340000  |  score: 76.05 ± 17.57  |  actor_loss: 3.1472  cost_loss: 1.0023  q_loss: 0.0293  reward_max: 1.0127  reward_mean: -0.0031  reward_min: -2.6981  state_cost_loss: 1.0008  value_loss: -2.3463
Step:  1350000  |  score: 90.43 ± 1.54  |  actor_loss: 3.3956  cost_loss: 0.9276  q_loss: 0.0347  reward_max: 1.1359  reward_mean: -0.0177  reward_min: -2.4535  state_cost_loss: 0.9305  value_loss: -2.7627
Step:  1360000  |  score: 80.69 ± 27.91  |  actor_loss: 3.2737  cost_loss: 0.9594  q_loss: 0.0283  reward_max: 1.5123  reward_mean: -0.0111  reward_min: -1.5980  state_cost_loss: 0.9611  value_loss: -2.7265
Step:  1370000  |  score: 89.54 ± 6.51  |  actor_loss: 3.3742  cost_loss: 0.9420  q_loss: 0.0288  reward_max: 0.8647  reward_mean: -0.0484  reward_min: -1.8159  state_cost_loss: 0.9467  value_loss: -2.7755
Step:  1380000  |  score: 82.30 ± 26.84  |  actor_loss: 3.0954  cost_loss: 0.9690  q_loss: 0.0360  reward_max: 1.1233  reward_mean: -0.0496  reward_min: -2.4334  state_cost_loss: 0.9744  value_loss: -2.6055
Step:  1390000  |  score: 91.50 ± 1.22  |  actor_loss: 3.0610  cost_loss: 0.9973  q_loss: 0.0281  reward_max: 1.2446  reward_mean: -0.0466  reward_min: -3.4562  state_cost_loss: 1.0033  value_loss: -2.6038
Step:  1400000  |  score: 91.95 ± 0.79  |  actor_loss: 3.2536  cost_loss: 0.9792  q_loss: 0.0318  reward_max: 0.8992  reward_mean: -0.0137  reward_min: -1.5411  state_cost_loss: 0.9837  value_loss: -2.5623
Step:  1410000  |  score: 87.27 ± 13.94  |  actor_loss: 3.4696  cost_loss: 0.9569  q_loss: 0.0283  reward_max: 1.5408  reward_mean: -0.0329  reward_min: -1.5038  state_cost_loss: 0.9648  value_loss: -2.6654
Step:  1420000  |  score: 84.59 ± 16.92  |  actor_loss: 3.5388  cost_loss: 0.9337  q_loss: 0.0334  reward_max: 1.2025  reward_mean: -0.0188  reward_min: -1.2422  state_cost_loss: 0.9361  value_loss: -2.7117
Step:  1430000  |  score: 90.50 ± 2.07  |  actor_loss: 3.5797  cost_loss: 0.9579  q_loss: 0.0473  reward_max: 1.0799  reward_mean: -0.0375  reward_min: -1.8132  state_cost_loss: 0.9610  value_loss: -2.6613
Step:  1440000  |  score: 91.33 ± 1.12  |  actor_loss: 3.4830  cost_loss: 0.9334  q_loss: 0.0333  reward_max: 0.8629  reward_mean: -0.0101  reward_min: -1.4328  state_cost_loss: 0.9328  value_loss: -2.7157
Step:  1450000  |  score: 91.67 ± 1.26  |  actor_loss: 3.3814  cost_loss: 1.0015  q_loss: 0.0322  reward_max: 1.1441  reward_mean: -0.0068  reward_min: -1.6825  state_cost_loss: 1.0061  value_loss: -2.3832
Step:  1460000  |  score: 91.25 ± 1.31  |  actor_loss: 3.4800  cost_loss: 0.9545  q_loss: 0.0344  reward_max: 1.4462  reward_mean: -0.0170  reward_min: -1.5085  state_cost_loss: 0.9613  value_loss: -2.4967
Step:  1470000  |  score: 91.72 ± 1.58  |  actor_loss: 3.4118  cost_loss: 0.9643  q_loss: 0.0304  reward_max: 0.9331  reward_mean: -0.0036  reward_min: -2.8012  state_cost_loss: 0.9672  value_loss: -2.4744
Step:  1480000  |  score: 92.42 ± 1.88  |  actor_loss: 3.2582  cost_loss: 0.9846  q_loss: 0.0282  reward_max: 1.2016  reward_mean: -0.0106  reward_min: -2.1216  state_cost_loss: 0.9898  value_loss: -2.3619
Step:  1490000  |  score: 91.87 ± 0.99  |  actor_loss: 3.4325  cost_loss: 0.9268  q_loss: 0.0276  reward_max: 0.8444  reward_mean: -0.0454  reward_min: -1.7876  state_cost_loss: 0.9296  value_loss: -2.6015
Step:  1500000  |  score: 91.56 ± 1.36  |  actor_loss: 3.4409  cost_loss: 0.9415  q_loss: 0.0338  reward_max: 1.4706  reward_mean: -0.0325  reward_min: -2.1768  state_cost_loss: 0.9442  value_loss: -2.6105
Step:  1510000  |  score: 89.76 ± 0.98  |  actor_loss: 3.2899  cost_loss: 0.9668  q_loss: 0.0318  reward_max: 1.0939  reward_mean: -0.0127  reward_min: -2.0276  state_cost_loss: 0.9758  value_loss: -2.3865
Step:  1520000  |  score: 90.85 ± 3.02  |  actor_loss: 3.1541  cost_loss: 0.9888  q_loss: 0.0268  reward_max: 0.8481  reward_mean: -0.0092  reward_min: -2.1753  state_cost_loss: 0.9901  value_loss: -2.3153
Step:  1530000  |  score: 91.33 ± 1.49  |  actor_loss: 3.2790  cost_loss: 1.0105  q_loss: 0.0282  reward_max: 1.0041  reward_mean: -0.0540  reward_min: -2.2648  state_cost_loss: 1.0135  value_loss: -2.1922
Step:  1540000  |  score: 91.33 ± 2.00  |  actor_loss: 3.3939  cost_loss: 0.9448  q_loss: 0.0312  reward_max: 0.7641  reward_mean: -0.0483  reward_min: -2.5340  state_cost_loss: 0.9438  value_loss: -2.5502
Step:  1550000  |  score: 91.07 ± 1.30  |  actor_loss: 3.1236  cost_loss: 1.0075  q_loss: 0.0225  reward_max: 1.3399  reward_mean: -0.0395  reward_min: -2.4448  state_cost_loss: 1.0114  value_loss: -2.2921
Step:  1560000  |  score: 91.46 ± 1.17  |  actor_loss: 3.5470  cost_loss: 0.9319  q_loss: 0.0276  reward_max: 1.0773  reward_mean: -0.0404  reward_min: -2.7837  state_cost_loss: 0.9356  value_loss: -2.4993
Step:  1570000  |  score: 89.75 ± 1.43  |  actor_loss: 3.4180  cost_loss: 0.9777  q_loss: 0.0282  reward_max: 0.8404  reward_mean: -0.0283  reward_min: -2.3661  state_cost_loss: 0.9798  value_loss: -2.4216
Step:  1580000  |  score: 89.41 ± 2.22  |  actor_loss: 3.5143  cost_loss: 0.9301  q_loss: 0.0365  reward_max: 1.0598  reward_mean: -0.0241  reward_min: -1.5909  state_cost_loss: 0.9332  value_loss: -2.5850
Step:  1590000  |  score: 92.73 ± 1.03  |  actor_loss: 3.3579  cost_loss: 0.9663  q_loss: 0.0264  reward_max: 1.4712  reward_mean: -0.0240  reward_min: -1.7554  state_cost_loss: 0.9691  value_loss: -2.6308
Step:  1600000  |  score: 92.83 ± 1.67  |  actor_loss: 3.2310  cost_loss: 0.9898  q_loss: 0.0291  reward_max: 1.9040  reward_mean: -0.0106  reward_min: -2.0995  state_cost_loss: 0.9930  value_loss: -2.4129
Step:  1610000  |  score: 92.34 ± 1.17  |  actor_loss: 3.3572  cost_loss: 0.9226  q_loss: 0.0341  reward_max: 1.0655  reward_mean: -0.0555  reward_min: -2.6296  state_cost_loss: 0.9244  value_loss: -2.7273
Step:  1620000  |  score: 89.66 ± 3.66  |  actor_loss: 3.2738  cost_loss: 0.9456  q_loss: 0.0301  reward_max: 1.8598  reward_mean: -0.0268  reward_min: -1.4482  state_cost_loss: 0.9431  value_loss: -2.6080
Step:  1630000  |  score: 71.29 ± 28.99  |  actor_loss: 3.3010  cost_loss: 0.9417  q_loss: 0.0494  reward_max: 1.3346  reward_mean: -0.0296  reward_min: -2.9585  state_cost_loss: 0.9433  value_loss: -2.6345
Step:  1640000  |  score: 90.94 ± 1.24  |  actor_loss: 3.2137  cost_loss: 0.9661  q_loss: 0.0384  reward_max: 1.3945  reward_mean: -0.0334  reward_min: -1.3456  state_cost_loss: 0.9654  value_loss: -2.4564
Step:  1650000  |  score: 83.69 ± 20.34  |  actor_loss: 3.0923  cost_loss: 0.9999  q_loss: 0.0301  reward_max: 1.2813  reward_mean: -0.0261  reward_min: -2.6295  state_cost_loss: 1.0019  value_loss: -2.3542
Step:  1660000  |  score: 89.33 ± 2.43  |  actor_loss: 3.4431  cost_loss: 0.9457  q_loss: 0.0361  reward_max: 2.0061  reward_mean: -0.0265  reward_min: -1.5512  state_cost_loss: 0.9476  value_loss: -2.4444
Step:  1670000  |  score: 91.83 ± 0.77  |  actor_loss: 3.6506  cost_loss: 0.9371  q_loss: 0.0313  reward_max: 1.1259  reward_mean: 0.0037  reward_min: -2.5324  state_cost_loss: 0.9378  value_loss: -2.5209
Step:  1680000  |  score: 92.50 ± 0.71  |  actor_loss: 3.3924  cost_loss: 0.9590  q_loss: 0.0367  reward_max: 1.8008  reward_mean: -0.0405  reward_min: -1.8105  state_cost_loss: 0.9601  value_loss: -2.4689
Step:  1690000  |  score: 91.01 ± 1.50  |  actor_loss: 3.6153  cost_loss: 0.9424  q_loss: 0.0359  reward_max: 2.5327  reward_mean: -0.0238  reward_min: -1.2647  state_cost_loss: 0.9489  value_loss: -2.5151
Step:  1700000  |  score: 92.45 ± 1.63  |  actor_loss: 3.2641  cost_loss: 0.9817  q_loss: 0.0325  reward_max: 0.8346  reward_mean: -0.0203  reward_min: -2.2567  state_cost_loss: 0.9829  value_loss: -2.3462
Step:  1710000  |  score: 89.35 ± 1.79  |  actor_loss: 3.4413  cost_loss: 0.9626  q_loss: 0.0279  reward_max: 1.1125  reward_mean: -0.0250  reward_min: -1.3805  state_cost_loss: 0.9640  value_loss: -2.3034
Step:  1720000  |  score: 86.94 ± 12.09  |  actor_loss: 3.4920  cost_loss: 0.9240  q_loss: 0.0309  reward_max: 1.0407  reward_mean: -0.0280  reward_min: -1.4583  state_cost_loss: 0.9276  value_loss: -2.3681
Step:  1730000  |  score: 91.50 ± 1.17  |  actor_loss: 3.4303  cost_loss: 0.9365  q_loss: 0.0283  reward_max: 0.8044  reward_mean: -0.0473  reward_min: -1.5287  state_cost_loss: 0.9379  value_loss: -2.4697
Step:  1740000  |  score: 84.33 ± 16.51  |  actor_loss: 3.2893  cost_loss: 1.0035  q_loss: 0.0272  reward_max: 1.2410  reward_mean: -0.0148  reward_min: -2.2927  state_cost_loss: 1.0058  value_loss: -2.2061
Step:  1750000  |  score: 92.44 ± 1.19  |  actor_loss: 3.2944  cost_loss: 0.9738  q_loss: 0.0396  reward_max: 1.0410  reward_mean: -0.0361  reward_min: -1.5517  state_cost_loss: 0.9758  value_loss: -2.2284
Step:  1760000  |  score: 91.35 ± 1.23  |  actor_loss: 3.3895  cost_loss: 0.9934  q_loss: 0.0293  reward_max: 0.8718  reward_mean: -0.0503  reward_min: -2.1694  state_cost_loss: 0.9955  value_loss: -2.0696
Step:  1770000  |  score: 86.67 ± 15.53  |  actor_loss: 3.4903  cost_loss: 0.9633  q_loss: 0.0328  reward_max: 1.3542  reward_mean: -0.0257  reward_min: -1.5702  state_cost_loss: 0.9669  value_loss: -2.2403
Step:  1780000  |  score: 88.28 ± 8.00  |  actor_loss: 3.3385  cost_loss: 0.9936  q_loss: 0.0330  reward_max: 1.8440  reward_mean: -0.0051  reward_min: -1.4997  state_cost_loss: 0.9949  value_loss: -2.1260
Step:  1790000  |  score: 91.19 ± 2.00  |  actor_loss: 3.1233  cost_loss: 0.9768  q_loss: 0.0312  reward_max: 1.6025  reward_mean: -0.0051  reward_min: -1.4406  state_cost_loss: 0.9775  value_loss: -2.1447
Step:  1800000  |  score: 92.18 ± 2.25  |  actor_loss: 3.2548  cost_loss: 0.9903  q_loss: 0.0417  reward_max: 1.7831  reward_mean: -0.0093  reward_min: -1.7421  state_cost_loss: 0.9913  value_loss: -2.0893
Step:  1810000  |  score: 82.73 ± 23.79  |  actor_loss: 3.5086  cost_loss: 0.9508  q_loss: 0.0368  reward_max: 1.3388  reward_mean: -0.0153  reward_min: -1.9748  state_cost_loss: 0.9519  value_loss: -2.2310
Step:  1820000  |  score: 83.44 ± 23.00  |  actor_loss: 3.0333  cost_loss: 0.9985  q_loss: 0.0293  reward_max: 1.4000  reward_mean: -0.0274  reward_min: -1.6022  state_cost_loss: 1.0007  value_loss: -2.1116
Step:  1830000  |  score: 88.63 ± 9.43  |  actor_loss: 3.3316  cost_loss: 0.9699  q_loss: 0.0419  reward_max: 1.1985  reward_mean: -0.0198  reward_min: -1.5242  state_cost_loss: 0.9700  value_loss: -2.0427
Step:  1840000  |  score: 91.92 ± 0.94  |  actor_loss: 3.5835  cost_loss: 0.9364  q_loss: 0.0447  reward_max: 1.1848  reward_mean: -0.0286  reward_min: -1.8306  state_cost_loss: 0.9365  value_loss: -2.3919
Step:  1850000  |  score: 92.51 ± 1.53  |  actor_loss: 3.3867  cost_loss: 0.9523  q_loss: 0.0346  reward_max: 1.5378  reward_mean: -0.0236  reward_min: -1.4507  state_cost_loss: 0.9554  value_loss: -2.4302
Step:  1860000  |  score: 91.17 ± 0.52  |  actor_loss: 3.2933  cost_loss: 0.9318  q_loss: 0.0342  reward_max: 0.9805  reward_mean: -0.0193  reward_min: -1.0472  state_cost_loss: 0.9316  value_loss: -2.4346
Step:  1870000  |  score: 90.76 ± 3.70  |  actor_loss: 3.1324  cost_loss: 0.9907  q_loss: 0.0342  reward_max: 1.2005  reward_mean: -0.0060  reward_min: -1.2268  state_cost_loss: 0.9925  value_loss: -2.2074
Step:  1880000  |  score: 91.14 ± 1.90  |  actor_loss: 3.1815  cost_loss: 0.9725  q_loss: 0.0273  reward_max: 1.3386  reward_mean: -0.0323  reward_min: -1.4835  state_cost_loss: 0.9768  value_loss: -2.3576
Step:  1890000  |  score: 79.55 ± 25.51  |  actor_loss: 3.0766  cost_loss: 0.9788  q_loss: 0.0357  reward_max: 1.0550  reward_mean: -0.0624  reward_min: -2.7146  state_cost_loss: 0.9841  value_loss: -2.4266
Step:  1900000  |  score: 91.31 ± 0.65  |  actor_loss: 3.4517  cost_loss: 0.9338  q_loss: 0.0284  reward_max: 0.9774  reward_mean: -0.0152  reward_min: -1.5354  state_cost_loss: 0.9343  value_loss: -2.4886
Step:  1910000  |  score: 92.11 ± 2.17  |  actor_loss: 3.3681  cost_loss: 0.9436  q_loss: 0.0335  reward_max: 1.3145  reward_mean: -0.0328  reward_min: -2.3889  state_cost_loss: 0.9490  value_loss: -2.5698
Step:  1920000  |  score: 92.48 ± 1.19  |  actor_loss: 3.4108  cost_loss: 0.9755  q_loss: 0.0279  reward_max: 1.4413  reward_mean: -0.0068  reward_min: -2.2242  state_cost_loss: 0.9815  value_loss: -2.4101
Step:  1930000  |  score: 92.03 ± 0.99  |  actor_loss: 3.4944  cost_loss: 0.9363  q_loss: 0.0298  reward_max: 1.4152  reward_mean: -0.0246  reward_min: -1.4239  state_cost_loss: 0.9381  value_loss: -2.6263
Step:  1940000  |  score: 90.90 ± 1.17  |  actor_loss: 3.3977  cost_loss: 0.9582  q_loss: 0.0337  reward_max: 1.3486  reward_mean: -0.0160  reward_min: -1.3276  state_cost_loss: 0.9533  value_loss: -2.4974
Step:  1950000  |  score: 93.05 ± 0.65  |  actor_loss: 3.4016  cost_loss: 0.9375  q_loss: 0.0288  reward_max: 1.0986  reward_mean: -0.0412  reward_min: -1.9087  state_cost_loss: 0.9448  value_loss: -2.6072
Step:  1960000  |  score: 92.26 ± 0.80  |  actor_loss: 3.3457  cost_loss: 0.9314  q_loss: 0.0304  reward_max: 1.3893  reward_mean: -0.0290  reward_min: -1.7888  state_cost_loss: 0.9302  value_loss: -2.6934
Step:  1970000  |  score: 91.75 ± 1.68  |  actor_loss: 3.2973  cost_loss: 0.9901  q_loss: 0.0319  reward_max: 0.8989  reward_mean: -0.0227  reward_min: -1.3673  state_cost_loss: 0.9965  value_loss: -2.4120
Step:  1980000  |  score: 90.73 ± 1.67  |  actor_loss: 3.5059  cost_loss: 0.9621  q_loss: 0.0296  reward_max: 0.7587  reward_mean: -0.0228  reward_min: -1.6036  state_cost_loss: 0.9642  value_loss: -2.5982
Step:  1990000  |  score: 91.32 ± 0.95  |  actor_loss: 3.2747  cost_loss: 0.9602  q_loss: 0.0277  reward_max: 1.2426  reward_mean: -0.0296  reward_min: -1.4878  state_cost_loss: 0.9616  value_loss: -2.6093
Step:  2000000  |  score: 92.38 ± 1.30  |  actor_loss: 3.2757  cost_loss: 0.9611  q_loss: 0.0379  reward_max: 1.3197  reward_mean: -0.0219  reward_min: -1.2676  state_cost_loss: 0.9619  value_loss: -2.5008
Final evaluation (13 iterations)...
Final score: 91.78 ± 3.01
wandb: WARNING Symlinked 1 file into the W&B run directory; call wandb.save again to sync new files.
wandb: updating run metadata
wandb: uploading final_returns/cdemodice_halfcheetah-expert-v2_2026-03-19_03-23-02.npz; uploading output.log; uploading wandb-summary.json; uploading config.yaml
wandb: uploading final_returns/cdemodice_halfcheetah-expert-v2_2026-03-19_03-23-02.npz; uploading output.log
wandb: uploading summary, console lines 214-215
wandb: 
wandb: Run history:
wandb:  actor_loss ▆▆▄▂▇▂▄▂▅▃▂▂▃▅▄▆▂▁█▄▃▁▇▅▃▄▂▃▅▅▆▄▃▃▄▃▃▄▅▃
wandb:   cost_loss ▅▄█▇▄▅█▅▅▅▃▁▆▄▆▅█▃▇▅▁▅▄▆▄▆▃▂▄▇▅█▇█▅▇▇▄▆▃
wandb: num_updates ▁▁▁▁▁▂▂▂▂▂▃▃▃▃▃▃▃▃▄▄▄▅▅▅▅▅▅▅▅▆▆▆▆▇▇▇▇▇██
wandb:      q_loss █▇▆▅▄▅▄▅▂▃▃▄▃▃▁▂▄▂▃▂▃▁▃▂▃▃▁▃▁▂▁▂▃▃▂▂▁▁▁▂
wandb:      return ▁▁▂▅▇█▆▇▆▇▇▇██▇█████▇▇████▇██▇██▆███▇▇██
wandb:  reward_max ▃▃▂▃▃▆▂▃▂▂▂▂▃▁▃▂▁▃▂█▂▄▃▁▁▂▃▂▄▃▁▂▃▅▅▃▂▂▃▂
wandb: reward_mean ▅▁▆▅▆▄▅▆▄▃▁▆█▅▃▆▅▆▄▄▆▃▄▂▆▅▇▄▆▆▅▆▄▅▅▄▅▄▆▃
wandb:  reward_min ▇█▇▅▅█▆▇▇▅▅▅▅▆▇▃▆▅█▇▆▇▅▇█▅▆▆▆▁▆▃▅▄▆▇▇▇▇▇
wandb:       score ▁▁▁▂▄▆▆▆▇▆▆▇▆▇█▇▇██████▇████▇████████▇██
wandb:   score_std ▁▂▂▁▆▇▁▃▇▁▆▆█▅▆▃▆▁▃▁▁▁▂▂▁▆▁▄▆▄▁▁▁▄▁▁▁▆▁▁
wandb:          +2 ...
wandb: 
wandb: Run summary:
wandb:  actor_loss 3.27566
wandb:   cost_loss 0.96113
wandb: num_updates 2000000
wandb:      q_loss 0.03794
wandb:      return 11188.67164
wandb:  reward_max 1.31969
wandb: reward_mean -0.02193
wandb:  reward_min -1.26759
wandb:       score 92.37765
wandb:   score_std 1.30374
wandb:          +2 ...
wandb: 
wandb: 🚀 View run cdemodice_halfcheetah_M2_s3 at: https://wandb.ai/wsk208/DemoDICE/runs/j61dc10s
wandb: ⭐️ View project at: https://wandb.ai/wsk208/DemoDICE
wandb: Synced 5 W&B file(s), 0 media file(s), 0 artifact file(s) and 1 other file(s)
wandb: Find logs at: ./wandb/run-20260319_025129-j61dc10s/logs
