Warning: All of online environments libraries in D4RL have been moved ]8;;https://github.com/Farama-Foundation/Gymnasium\Gymnasium]8;;\, ]8;;https://github.com/Farama-Foundation/MiniGrid\MiniGrid]8;;\ and ]8;;https://github.com/Farama-Foundation/Gymnasium-Robotics\Gymnasium-Robotics]8;;\, and all offline datasets in D4RL have been moved to ]8;;https://github.com/Farama-Foundation/Minari\Minari]8;;\.
These new versions include large bug fixes, new versions of Python, and are where all new development will continue. Please upgrade these libraries as soon as you're able to do so.
If you'd like to read more about the story behind this switch, please check out ]8;;https://farama.org/Announcing-Minari\this blog post]8;;\.
Gym has been unmaintained since 2022 and does not support NumPy 2.0 amongst other critical functionality.
Please upgrade to Gymnasium, the maintained drop-in replacement of Gym, or contact the authors of your software and request that they upgrade.
See the migration guide at https://gymnasium.farama.org/introduction/migration_guide/ for additional information.
/opt/venv/lib/python3.10/site-packages/Cython/Distutils/old_build_ext.py:15: DeprecationWarning: dep_util is Deprecated. Use functions from setuptools instead.
  from distutils.dep_util import newer, newer_group
<frozen importlib._bootstrap>:283: DeprecationWarning: the load_module() method is deprecated and slated for removal in Python 3.12; use exec_module() instead
pybullet build time: Jan 29 2025 23:16:28
wandb: [wandb.login()] Loaded credentials for https://api.wandb.ai from /root/.netrc.
wandb: Currently logged in as: wsk208 to https://api.wandb.ai. Use `wandb login --relogin` to force relogin
/opt/venv/lib/python3.10/site-packages/wandb/analytics/sentry.py:268: DeprecationWarning: Read the `app_url` setting from the appropriate Settings object.
  app_url = wandb.util.app_url(tags["base_url"])  # type: ignore[index]
/opt/venv/lib/python3.10/site-packages/wandb/analytics/sentry.py:279: DeprecationWarning: The `Scope.user` setter is deprecated in favor of `Scope.set_user()`.
  self.scope.user = {"email": email}
wandb: setting up run he7nly5w
/opt/venv/lib/python3.10/site-packages/wandb/analytics/sentry.py:268: DeprecationWarning: Read the `app_url` setting from the appropriate Settings object.
  app_url = wandb.util.app_url(tags["base_url"])  # type: ignore[index]
/opt/venv/lib/python3.10/site-packages/wandb/analytics/sentry.py:279: DeprecationWarning: The `Scope.user` setter is deprecated in favor of `Scope.set_user()`.
  self.scope.user = {"email": email}
wandb: Tracking run with wandb version 0.25.1
wandb: Run data is saved locally in /app/wandb/run-20260319_033801-he7nly5w
wandb: Run `wandb offline` to turn off syncing.
wandb: Syncing run cdemodice_halfcheetah_M3_s4
wandb: ⭐️ View project at https://wandb.ai/wsk208/DemoDICE
wandb: 🚀 View run at https://wandb.ai/wsk208/DemoDICE/runs/he7nly5w
/opt/venv/lib/python3.10/site-packages/gym/spaces/box.py:84: UserWarning: [33mWARN: Box bound precision lowered by casting to float32[0m
  logger.warn(f"Box bound precision lowered by casting to {self.dtype}")
load datafile:   0%|          | 0/21 [00:00<?, ?it/s]load datafile:   5%|▍         | 1/21 [00:00<00:03,  5.70it/s]load datafile:  14%|█▍        | 3/21 [00:00<00:03,  5.24it/s]load datafile:  19%|█▉        | 4/21 [00:00<00:04,  3.98it/s]load datafile:  81%|████████  | 17/21 [00:01<00:00, 15.20it/s]load datafile:  90%|█████████ | 19/21 [00:01<00:00, 10.61it/s]load datafile: 100%|██████████| 21/21 [00:01<00:00, 11.00it/s]
Expert  :  999000 transitions  (halfcheetah-expert-v2, 400 traj)
load datafile:   0%|          | 0/9 [00:00<?, ?it/s]load datafile:  11%|█         | 1/9 [00:00<00:01,  6.02it/s]load datafile:  33%|███▎      | 3/9 [00:00<00:01,  5.53it/s]load datafile:  44%|████▍     | 4/9 [00:00<00:01,  4.13it/s]load datafile:  56%|█████▌    | 5/9 [00:01<00:01,  3.16it/s]load datafile:  67%|██████▋   | 6/9 [00:01<00:01,  2.74it/s]load datafile: 100%|██████████| 9/9 [00:01<00:00,  4.85it/s]
Imperfect:  999000 transitions  (halfcheetah-random-v2, 1600 traj)
Union   : 1998000 transitions total
/root/.local/share/uv/python/cpython-3.10-linux-x86_64-gnu/lib/python3.10/multiprocessing/popen_fork.py:66: RuntimeWarning: os.fork() was called. os.fork() is incompatible with multithreaded code, and JAX is multithreaded, so this will likely lead to a deadlock.
  self.pid = os.fork()
/opt/venv/lib/python3.10/site-packages/tensorflow_probability/python/internal/backend/jax/ops.py:681: DeprecationWarning: jax.interpreters.xla.pytype_aval_mappings is deprecated.
  jax.interpreters.xla.pytype_aval_mappings[onp.ndarray])
/opt/venv/lib/python3.10/site-packages/gym/spaces/box.py:84: UserWarning: [33mWARN: Box bound precision lowered by casting to float32[0m
  logger.warn(f"Box bound precision lowered by casting to {self.dtype}")
Step:    10000  |  score: 2.24 ± 0.00  |  actor_loss: 4.7125  cost_loss: 1.0051  q_loss: 0.0456  reward_max: 0.9091  reward_mean: -0.0530  reward_min: -1.1137  state_cost_loss: 1.0048  value_loss: -1.4519
Step:    20000  |  score: 2.21 ± 0.00  |  actor_loss: 3.7291  cost_loss: 0.9760  q_loss: 0.0493  reward_max: 0.9394  reward_mean: -0.0291  reward_min: -1.5708  state_cost_loss: 0.9777  value_loss: -2.6392
Step:    30000  |  score: 2.18 ± 0.01  |  actor_loss: 3.2571  cost_loss: 0.9968  q_loss: 0.0633  reward_max: 1.5411  reward_mean: -0.0557  reward_min: -1.7786  state_cost_loss: 1.0046  value_loss: -3.3820
Step:    40000  |  score: 2.27 ± 0.18  |  actor_loss: 3.3989  cost_loss: 0.9636  q_loss: 0.0618  reward_max: 1.1578  reward_mean: -0.0661  reward_min: -2.1993  state_cost_loss: 0.9689  value_loss: -4.0469
Step:    50000  |  score: 3.36 ± 1.64  |  actor_loss: 3.6539  cost_loss: 0.9407  q_loss: 0.0533  reward_max: 1.5737  reward_mean: -0.0441  reward_min: -1.2328  state_cost_loss: 0.9437  value_loss: -4.1216
Step:    60000  |  score: 6.15 ± 2.42  |  actor_loss: 3.5931  cost_loss: 0.9474  q_loss: 0.0617  reward_max: 1.3756  reward_mean: -0.0559  reward_min: -1.5434  state_cost_loss: 0.9546  value_loss: -4.0800
Step:    70000  |  score: 6.11 ± 3.13  |  actor_loss: 3.7994  cost_loss: 0.9593  q_loss: 0.0686  reward_max: 1.2772  reward_mean: -0.0667  reward_min: -1.7864  state_cost_loss: 0.9641  value_loss: -3.7709
Step:    80000  |  score: 6.55 ± 7.32  |  actor_loss: 3.7910  cost_loss: 0.9359  q_loss: 0.0604  reward_max: 1.6761  reward_mean: -0.0352  reward_min: -2.0124  state_cost_loss: 0.9390  value_loss: -3.4958
Step:    90000  |  score: 10.36 ± 11.38  |  actor_loss: 3.3855  cost_loss: 1.0010  q_loss: 0.0487  reward_max: 1.0686  reward_mean: -0.0237  reward_min: -1.5476  state_cost_loss: 1.0038  value_loss: -3.0772
Step:   100000  |  score: 15.50 ± 20.79  |  actor_loss: 3.2686  cost_loss: 1.0016  q_loss: 0.0549  reward_max: 1.0271  reward_mean: -0.0465  reward_min: -1.4880  state_cost_loss: 1.0022  value_loss: -2.9421
Step:   110000  |  score: 8.10 ± 4.97  |  actor_loss: 3.3881  cost_loss: 0.9921  q_loss: 0.0597  reward_max: 1.4933  reward_mean: -0.0368  reward_min: -2.0884  state_cost_loss: 1.0000  value_loss: -2.8321
Step:   120000  |  score: 11.62 ± 11.33  |  actor_loss: 3.1872  cost_loss: 0.9983  q_loss: 0.0532  reward_max: 0.8778  reward_mean: -0.0347  reward_min: -1.4115  state_cost_loss: 1.0077  value_loss: -2.5811
Step:   130000  |  score: 26.66 ± 24.60  |  actor_loss: 3.5116  cost_loss: 0.9643  q_loss: 0.0639  reward_max: 1.8485  reward_mean: -0.0246  reward_min: -1.6552  state_cost_loss: 0.9675  value_loss: -2.6941
Step:   140000  |  score: 34.65 ± 30.05  |  actor_loss: 3.2600  cost_loss: 0.9561  q_loss: 0.0673  reward_max: 1.3398  reward_mean: -0.0347  reward_min: -2.9578  state_cost_loss: 0.9622  value_loss: -2.6578
Step:   150000  |  score: 23.72 ± 29.70  |  actor_loss: 3.3660  cost_loss: 0.9691  q_loss: 0.0612  reward_max: 1.1791  reward_mean: -0.0492  reward_min: -2.3891  state_cost_loss: 0.9720  value_loss: -2.5703
Step:   160000  |  score: 47.58 ± 30.03  |  actor_loss: 3.2003  cost_loss: 0.9949  q_loss: 0.0573  reward_max: 1.3108  reward_mean: -0.0245  reward_min: -1.3833  state_cost_loss: 1.0008  value_loss: -2.4063
Step:   170000  |  score: 41.96 ± 22.15  |  actor_loss: 3.5245  cost_loss: 0.9781  q_loss: 0.0565  reward_max: 1.9682  reward_mean: -0.0313  reward_min: -1.4176  state_cost_loss: 0.9794  value_loss: -2.3001
Step:   180000  |  score: 29.31 ± 29.70  |  actor_loss: 3.3273  cost_loss: 0.9682  q_loss: 0.0708  reward_max: 1.4006  reward_mean: -0.0182  reward_min: -1.4572  state_cost_loss: 0.9712  value_loss: -2.4329
Step:   190000  |  score: 45.97 ± 29.50  |  actor_loss: 3.5507  cost_loss: 0.9740  q_loss: 0.0589  reward_max: 1.8613  reward_mean: -0.0352  reward_min: -2.1352  state_cost_loss: 0.9754  value_loss: -2.4071
Step:   200000  |  score: 30.31 ± 34.10  |  actor_loss: 3.3980  cost_loss: 0.9558  q_loss: 0.0550  reward_max: 1.0040  reward_mean: -0.0165  reward_min: -2.2225  state_cost_loss: 0.9568  value_loss: -2.4498
Step:   210000  |  score: 51.72 ± 37.10  |  actor_loss: 3.1322  cost_loss: 0.9900  q_loss: 0.0455  reward_max: 0.8781  reward_mean: -0.0475  reward_min: -1.4469  state_cost_loss: 0.9936  value_loss: -2.4904
Step:   220000  |  score: 44.17 ± 41.51  |  actor_loss: 3.1961  cost_loss: 0.9770  q_loss: 0.0499  reward_max: 0.8489  reward_mean: -0.0278  reward_min: -2.0876  state_cost_loss: 0.9788  value_loss: -2.4377
Step:   230000  |  score: 62.61 ± 34.21  |  actor_loss: 3.1711  cost_loss: 0.9658  q_loss: 0.0477  reward_max: 1.0773  reward_mean: -0.0452  reward_min: -2.3145  state_cost_loss: 0.9691  value_loss: -2.4830
Step:   240000  |  score: 71.80 ± 30.45  |  actor_loss: 3.2945  cost_loss: 0.9799  q_loss: 0.0605  reward_max: 0.9383  reward_mean: -0.0531  reward_min: -1.5344  state_cost_loss: 0.9830  value_loss: -2.4915
Step:   250000  |  score: 47.37 ± 41.02  |  actor_loss: 3.1552  cost_loss: 1.0275  q_loss: 0.0464  reward_max: 1.4266  reward_mean: -0.0392  reward_min: -2.7952  state_cost_loss: 1.0329  value_loss: -2.5574
Step:   260000  |  score: 55.08 ± 39.33  |  actor_loss: 3.3607  cost_loss: 0.9647  q_loss: 0.0494  reward_max: 1.1952  reward_mean: -0.0342  reward_min: -2.0365  state_cost_loss: 0.9678  value_loss: -2.7394
Step:   270000  |  score: 75.55 ± 19.02  |  actor_loss: 3.3447  cost_loss: 0.9512  q_loss: 0.0465  reward_max: 1.0973  reward_mean: -0.0507  reward_min: -1.1973  state_cost_loss: 0.9538  value_loss: -2.7718
Step:   280000  |  score: 51.76 ± 33.72  |  actor_loss: 3.2929  cost_loss: 1.0011  q_loss: 0.0507  reward_max: 1.0140  reward_mean: -0.0289  reward_min: -2.7561  state_cost_loss: 1.0048  value_loss: -2.6326
Step:   290000  |  score: 67.30 ± 29.47  |  actor_loss: 3.4711  cost_loss: 0.9458  q_loss: 0.0629  reward_max: 1.2102  reward_mean: -0.0484  reward_min: -1.5749  state_cost_loss: 0.9483  value_loss: -3.1022
Step:   300000  |  score: 66.36 ± 26.14  |  actor_loss: 3.2324  cost_loss: 0.9623  q_loss: 0.0723  reward_max: 1.2901  reward_mean: -0.0354  reward_min: -3.1383  state_cost_loss: 0.9687  value_loss: -2.9596
Step:   310000  |  score: 61.06 ± 38.08  |  actor_loss: 3.1336  cost_loss: 0.9956  q_loss: 0.0376  reward_max: 0.7727  reward_mean: -0.0300  reward_min: -1.6390  state_cost_loss: 0.9939  value_loss: -3.0185
Step:   320000  |  score: 67.10 ± 29.14  |  actor_loss: 3.4436  cost_loss: 0.9736  q_loss: 0.0468  reward_max: 1.6648  reward_mean: -0.0547  reward_min: -1.3179  state_cost_loss: 0.9808  value_loss: -2.9929
Step:   330000  |  score: 82.53 ± 19.12  |  actor_loss: 3.4633  cost_loss: 0.9563  q_loss: 0.0416  reward_max: 1.0232  reward_mean: -0.0291  reward_min: -2.0439  state_cost_loss: 0.9574  value_loss: -3.2614
Step:   340000  |  score: 56.61 ± 40.33  |  actor_loss: 3.6085  cost_loss: 0.9460  q_loss: 0.0625  reward_max: 1.9099  reward_mean: -0.0293  reward_min: -1.7134  state_cost_loss: 0.9464  value_loss: -3.2711
Step:   350000  |  score: 75.56 ± 24.14  |  actor_loss: 3.2044  cost_loss: 0.9649  q_loss: 0.0564  reward_max: 1.2585  reward_mean: -0.0244  reward_min: -1.5398  state_cost_loss: 0.9651  value_loss: -3.2896
Step:   360000  |  score: 70.35 ± 28.82  |  actor_loss: 3.4939  cost_loss: 0.9468  q_loss: 0.0576  reward_max: 1.1259  reward_mean: -0.0382  reward_min: -1.5997  state_cost_loss: 0.9522  value_loss: -3.5415
Step:   370000  |  score: 64.10 ± 34.95  |  actor_loss: 3.0245  cost_loss: 1.0003  q_loss: 0.0569  reward_max: 1.8817  reward_mean: -0.0398  reward_min: -2.0414  state_cost_loss: 1.0022  value_loss: -3.0585
Step:   380000  |  score: 74.66 ± 27.30  |  actor_loss: 3.0956  cost_loss: 0.9872  q_loss: 0.0459  reward_max: 0.9577  reward_mean: -0.0630  reward_min: -2.0868  state_cost_loss: 0.9862  value_loss: -3.2016
Step:   390000  |  score: 86.96 ± 4.52  |  actor_loss: 3.3151  cost_loss: 0.9628  q_loss: 0.0432  reward_max: 1.1065  reward_mean: -0.0402  reward_min: -1.3300  state_cost_loss: 0.9609  value_loss: -3.2894
Step:   400000  |  score: 88.38 ± 2.53  |  actor_loss: 3.2671  cost_loss: 0.9751  q_loss: 0.0533  reward_max: 0.6508  reward_mean: -0.0403  reward_min: -1.2781  state_cost_loss: 0.9801  value_loss: -3.1213
Step:   410000  |  score: 87.32 ± 8.90  |  actor_loss: 3.5353  cost_loss: 0.9348  q_loss: 0.0482  reward_max: 0.9835  reward_mean: -0.0521  reward_min: -1.8773  state_cost_loss: 0.9393  value_loss: -3.4222
Step:   420000  |  score: 82.36 ± 12.48  |  actor_loss: 3.4101  cost_loss: 0.9651  q_loss: 0.0443  reward_max: 1.3630  reward_mean: -0.0482  reward_min: -1.9443  state_cost_loss: 0.9716  value_loss: -3.4479
Step:   430000  |  score: 64.97 ± 31.75  |  actor_loss: 3.4640  cost_loss: 0.9351  q_loss: 0.0547  reward_max: 0.9573  reward_mean: -0.0085  reward_min: -1.4633  state_cost_loss: 0.9314  value_loss: -3.5746
Step:   440000  |  score: 71.56 ± 22.12  |  actor_loss: 3.3873  cost_loss: 0.9550  q_loss: 0.0578  reward_max: 0.9709  reward_mean: -0.0449  reward_min: -1.7042  state_cost_loss: 0.9574  value_loss: -3.4656
Step:   450000  |  score: 86.00 ± 3.38  |  actor_loss: 3.2139  cost_loss: 0.9871  q_loss: 0.0531  reward_max: 1.5004  reward_mean: -0.0254  reward_min: -1.9091  state_cost_loss: 0.9902  value_loss: -3.2561
Step:   460000  |  score: 90.06 ± 1.77  |  actor_loss: 3.2189  cost_loss: 0.9725  q_loss: 0.0346  reward_max: 0.8850  reward_mean: -0.0665  reward_min: -2.3040  state_cost_loss: 0.9782  value_loss: -3.1743
Step:   470000  |  score: 91.67 ± 1.79  |  actor_loss: 3.3439  cost_loss: 0.9368  q_loss: 0.0371  reward_max: 0.7909  reward_mean: -0.0626  reward_min: -1.6424  state_cost_loss: 0.9425  value_loss: -3.4938
Step:   480000  |  score: 90.10 ± 2.11  |  actor_loss: 3.5362  cost_loss: 0.9280  q_loss: 0.0470  reward_max: 1.3520  reward_mean: -0.0468  reward_min: -2.8234  state_cost_loss: 0.9300  value_loss: -3.6973
Step:   490000  |  score: 75.43 ± 28.46  |  actor_loss: 3.5935  cost_loss: 0.9404  q_loss: 0.0469  reward_max: 0.7315  reward_mean: -0.0536  reward_min: -1.3260  state_cost_loss: 0.9438  value_loss: -3.5282
Step:   500000  |  score: 71.39 ± 32.92  |  actor_loss: 3.1069  cost_loss: 0.9824  q_loss: 0.0368  reward_max: 0.9690  reward_mean: -0.0485  reward_min: -1.9315  state_cost_loss: 0.9855  value_loss: -3.2649
Step:   510000  |  score: 83.74 ± 10.52  |  actor_loss: 3.4374  cost_loss: 0.9370  q_loss: 0.0463  reward_max: 0.9631  reward_mean: -0.0785  reward_min: -1.8472  state_cost_loss: 0.9384  value_loss: -3.4642
Step:   520000  |  score: 78.62 ± 28.90  |  actor_loss: 3.2760  cost_loss: 0.9829  q_loss: 0.0454  reward_max: 1.3265  reward_mean: -0.0277  reward_min: -1.5791  state_cost_loss: 0.9842  value_loss: -3.2167
Step:   530000  |  score: 87.97 ± 2.86  |  actor_loss: 3.1869  cost_loss: 0.9948  q_loss: 0.0357  reward_max: 1.1750  reward_mean: -0.0315  reward_min: -1.5660  state_cost_loss: 0.9971  value_loss: -3.2328
Step:   540000  |  score: 88.41 ± 0.81  |  actor_loss: 3.4164  cost_loss: 0.9355  q_loss: 0.0476  reward_max: 1.2362  reward_mean: -0.0549  reward_min: -2.7601  state_cost_loss: 0.9407  value_loss: -3.5608
Step:   550000  |  score: 58.55 ± 36.27  |  actor_loss: 3.3486  cost_loss: 0.9855  q_loss: 0.0452  reward_max: 0.7611  reward_mean: -0.0543  reward_min: -2.0674  state_cost_loss: 0.9918  value_loss: -3.4593
Step:   560000  |  score: 89.46 ± 1.58  |  actor_loss: 3.2774  cost_loss: 0.9811  q_loss: 0.0468  reward_max: 1.1822  reward_mean: -0.0330  reward_min: -1.1826  state_cost_loss: 0.9838  value_loss: -3.3716
Step:   570000  |  score: 79.31 ± 29.11  |  actor_loss: 3.1452  cost_loss: 0.9633  q_loss: 0.0504  reward_max: 1.8070  reward_mean: -0.0423  reward_min: -1.7839  state_cost_loss: 0.9633  value_loss: -3.4536
Step:   580000  |  score: 78.96 ± 28.87  |  actor_loss: 3.1301  cost_loss: 0.9883  q_loss: 0.0429  reward_max: 0.7610  reward_mean: -0.0641  reward_min: -1.8252  state_cost_loss: 0.9884  value_loss: -3.4183
Step:   590000  |  score: 80.02 ± 21.29  |  actor_loss: 3.2767  cost_loss: 0.9787  q_loss: 0.0444  reward_max: 1.7998  reward_mean: -0.0620  reward_min: -2.3818  state_cost_loss: 0.9817  value_loss: -3.7673
Step:   600000  |  score: 81.57 ± 24.44  |  actor_loss: 3.6443  cost_loss: 0.9434  q_loss: 0.0563  reward_max: 1.2826  reward_mean: -0.0546  reward_min: -1.7827  state_cost_loss: 0.9461  value_loss: -3.9396
Step:   610000  |  score: 82.82 ± 19.28  |  actor_loss: 3.1861  cost_loss: 0.9818  q_loss: 0.0437  reward_max: 0.8844  reward_mean: -0.0455  reward_min: -2.0583  state_cost_loss: 0.9855  value_loss: -3.7161
Step:   620000  |  score: 80.03 ± 19.26  |  actor_loss: 3.5239  cost_loss: 0.9462  q_loss: 0.0456  reward_max: 0.7924  reward_mean: -0.0468  reward_min: -2.7425  state_cost_loss: 0.9494  value_loss: -3.6445
Step:   630000  |  score: 89.14 ± 1.88  |  actor_loss: 3.2375  cost_loss: 0.9636  q_loss: 0.0478  reward_max: 1.0741  reward_mean: -0.0302  reward_min: -1.8911  state_cost_loss: 0.9650  value_loss: -3.5128
Step:   640000  |  score: 76.14 ± 25.89  |  actor_loss: 3.6457  cost_loss: 0.9274  q_loss: 0.0512  reward_max: 1.0834  reward_mean: -0.0669  reward_min: -2.1078  state_cost_loss: 0.9367  value_loss: -3.8213
Step:   650000  |  score: 87.13 ± 6.11  |  actor_loss: 3.4623  cost_loss: 0.9476  q_loss: 0.0437  reward_max: 0.9359  reward_mean: -0.0352  reward_min: -2.6175  state_cost_loss: 0.9454  value_loss: -3.6762
Step:   660000  |  score: 88.65 ± 5.97  |  actor_loss: 3.3530  cost_loss: 0.9941  q_loss: 0.0305  reward_max: 1.3391  reward_mean: -0.0497  reward_min: -1.3477  state_cost_loss: 0.9952  value_loss: -3.6486
Step:   670000  |  score: 83.90 ± 12.56  |  actor_loss: 3.2826  cost_loss: 0.9738  q_loss: 0.0339  reward_max: 1.1323  reward_mean: -0.0356  reward_min: -2.1980  state_cost_loss: 0.9769  value_loss: -3.7019
Step:   680000  |  score: 72.92 ± 27.06  |  actor_loss: 3.0693  cost_loss: 0.9901  q_loss: 0.0331  reward_max: 0.8724  reward_mean: -0.0569  reward_min: -1.7695  state_cost_loss: 0.9951  value_loss: -3.3821
Step:   690000  |  score: 88.83 ± 2.23  |  actor_loss: 3.5786  cost_loss: 0.9387  q_loss: 0.0425  reward_max: 1.3837  reward_mean: -0.0415  reward_min: -1.5002  state_cost_loss: 0.9392  value_loss: -3.5822
Step:   700000  |  score: 75.52 ± 31.23  |  actor_loss: 3.4231  cost_loss: 0.9287  q_loss: 0.0490  reward_max: 1.3528  reward_mean: -0.0276  reward_min: -1.2959  state_cost_loss: 0.9285  value_loss: -3.9084
Step:   710000  |  score: 76.10 ± 27.80  |  actor_loss: 3.2674  cost_loss: 0.9753  q_loss: 0.0385  reward_max: 1.5329  reward_mean: -0.0530  reward_min: -1.6762  state_cost_loss: 0.9788  value_loss: -3.5678
Step:   720000  |  score: 88.01 ± 10.50  |  actor_loss: 3.4771  cost_loss: 0.9556  q_loss: 0.0436  reward_max: 1.0592  reward_mean: -0.0414  reward_min: -3.1296  state_cost_loss: 0.9564  value_loss: -3.6682
Step:   730000  |  score: 90.21 ± 1.89  |  actor_loss: 3.2974  cost_loss: 0.9617  q_loss: 0.0423  reward_max: 1.1844  reward_mean: -0.0572  reward_min: -2.0028  state_cost_loss: 0.9680  value_loss: -3.7572
Step:   740000  |  score: 83.88 ± 13.22  |  actor_loss: 3.4505  cost_loss: 0.9636  q_loss: 0.0411  reward_max: 1.2636  reward_mean: -0.0365  reward_min: -1.5088  state_cost_loss: 0.9671  value_loss: -3.7102
Step:   750000  |  score: 83.25 ± 21.06  |  actor_loss: 3.3245  cost_loss: 0.9473  q_loss: 0.0400  reward_max: 0.7630  reward_mean: -0.0632  reward_min: -1.7555  state_cost_loss: 0.9491  value_loss: -3.8134
Step:   760000  |  score: 90.22 ± 0.85  |  actor_loss: 3.4701  cost_loss: 0.9359  q_loss: 0.0575  reward_max: 1.3538  reward_mean: -0.0546  reward_min: -1.3104  state_cost_loss: 0.9387  value_loss: -3.7712
Step:   770000  |  score: 90.88 ± 1.50  |  actor_loss: 3.6287  cost_loss: 0.9056  q_loss: 0.0450  reward_max: 1.4130  reward_mean: -0.0455  reward_min: -2.5415  state_cost_loss: 0.9074  value_loss: -3.9826
Step:   780000  |  score: 75.69 ± 27.88  |  actor_loss: 3.2389  cost_loss: 1.0044  q_loss: 0.0382  reward_max: 1.1446  reward_mean: -0.0292  reward_min: -1.4280  state_cost_loss: 1.0042  value_loss: -3.3010
Step:   790000  |  score: 77.30 ± 23.01  |  actor_loss: 3.3475  cost_loss: 0.9777  q_loss: 0.0469  reward_max: 0.8046  reward_mean: -0.0439  reward_min: -1.5832  state_cost_loss: 0.9811  value_loss: -3.4865
Step:   800000  |  score: 90.46 ± 2.40  |  actor_loss: 3.3673  cost_loss: 0.9272  q_loss: 0.0420  reward_max: 1.3201  reward_mean: -0.0588  reward_min: -2.3543  state_cost_loss: 0.9267  value_loss: -3.6653
Step:   810000  |  score: 87.65 ± 0.96  |  actor_loss: 3.6866  cost_loss: 0.9657  q_loss: 0.0602  reward_max: 1.1180  reward_mean: -0.0374  reward_min: -1.2732  state_cost_loss: 0.9668  value_loss: -3.6454
Step:   820000  |  score: 66.68 ± 32.30  |  actor_loss: 3.4170  cost_loss: 0.9528  q_loss: 0.0463  reward_max: 1.1521  reward_mean: -0.0586  reward_min: -1.3102  state_cost_loss: 0.9576  value_loss: -3.5800
Step:   830000  |  score: 81.61 ± 29.86  |  actor_loss: 3.3951  cost_loss: 0.9438  q_loss: 0.0332  reward_max: 1.7494  reward_mean: -0.0595  reward_min: -1.5035  state_cost_loss: 0.9482  value_loss: -3.7068
Step:   840000  |  score: 89.17 ± 0.89  |  actor_loss: 3.1883  cost_loss: 0.9804  q_loss: 0.0412  reward_max: 1.3813  reward_mean: -0.0507  reward_min: -1.4724  state_cost_loss: 0.9865  value_loss: -3.5618
Step:   850000  |  score: 90.03 ± 0.84  |  actor_loss: 3.6031  cost_loss: 0.9701  q_loss: 0.0591  reward_max: 1.3076  reward_mean: -0.0287  reward_min: -2.0384  state_cost_loss: 0.9718  value_loss: -3.6001
Step:   860000  |  score: 78.63 ± 23.38  |  actor_loss: 3.4927  cost_loss: 0.9578  q_loss: 0.0484  reward_max: 0.9877  reward_mean: -0.0264  reward_min: -1.0373  state_cost_loss: 0.9581  value_loss: -3.5737
Step:   870000  |  score: 88.52 ± 7.28  |  actor_loss: 3.5508  cost_loss: 0.9435  q_loss: 0.0625  reward_max: 0.9615  reward_mean: -0.0260  reward_min: -1.7037  state_cost_loss: 0.9505  value_loss: -3.8164
Step:   880000  |  score: 90.98 ± 1.43  |  actor_loss: 3.4306  cost_loss: 0.9733  q_loss: 0.0449  reward_max: 0.8926  reward_mean: -0.0669  reward_min: -2.1397  state_cost_loss: 0.9798  value_loss: -3.6261
Step:   890000  |  score: 90.42 ± 1.29  |  actor_loss: 3.3806  cost_loss: 0.9767  q_loss: 0.0551  reward_max: 1.2426  reward_mean: -0.0149  reward_min: -1.2983  state_cost_loss: 0.9761  value_loss: -3.5576
Step:   900000  |  score: 83.01 ± 16.87  |  actor_loss: 3.3304  cost_loss: 0.9586  q_loss: 0.0469  reward_max: 0.9537  reward_mean: -0.0461  reward_min: -1.6648  state_cost_loss: 0.9628  value_loss: -3.6648
Step:   910000  |  score: 92.14 ± 1.49  |  actor_loss: 3.6266  cost_loss: 0.9710  q_loss: 0.0273  reward_max: 0.9546  reward_mean: -0.0362  reward_min: -1.3508  state_cost_loss: 0.9748  value_loss: -3.6807
Step:   920000  |  score: 91.49 ± 1.44  |  actor_loss: 3.4733  cost_loss: 0.9310  q_loss: 0.0366  reward_max: 0.9710  reward_mean: -0.0523  reward_min: -1.3628  state_cost_loss: 0.9343  value_loss: -3.9134
Step:   930000  |  score: 84.29 ± 21.66  |  actor_loss: 3.4269  cost_loss: 0.9548  q_loss: 0.0437  reward_max: 1.6871  reward_mean: -0.0113  reward_min: -1.1704  state_cost_loss: 0.9595  value_loss: -3.6059
Step:   940000  |  score: 92.01 ± 2.16  |  actor_loss: 3.5553  cost_loss: 0.9661  q_loss: 0.0579  reward_max: 1.0194  reward_mean: -0.0407  reward_min: -2.0911  state_cost_loss: 0.9728  value_loss: -3.6783
Step:   950000  |  score: 89.43 ± 8.62  |  actor_loss: 3.2800  cost_loss: 0.9649  q_loss: 0.0463  reward_max: 1.0142  reward_mean: -0.0542  reward_min: -1.8772  state_cost_loss: 0.9660  value_loss: -3.6555
Step:   960000  |  score: 85.18 ± 14.89  |  actor_loss: 3.4549  cost_loss: 0.9836  q_loss: 0.0357  reward_max: 0.9320  reward_mean: -0.0274  reward_min: -1.4492  state_cost_loss: 0.9808  value_loss: -3.6445
Step:   970000  |  score: 91.17 ± 1.04  |  actor_loss: 3.3985  cost_loss: 0.9643  q_loss: 0.0506  reward_max: 0.8742  reward_mean: -0.0463  reward_min: -2.0099  state_cost_loss: 0.9639  value_loss: -3.7014
Step:   980000  |  score: 91.57 ± 2.77  |  actor_loss: 3.4474  cost_loss: 0.9668  q_loss: 0.0375  reward_max: 1.0933  reward_mean: -0.0607  reward_min: -2.4089  state_cost_loss: 0.9662  value_loss: -3.5795
Step:   990000  |  score: 76.55 ± 24.59  |  actor_loss: 3.2179  cost_loss: 0.9874  q_loss: 0.0388  reward_max: 0.8080  reward_mean: -0.0440  reward_min: -1.5393  state_cost_loss: 0.9880  value_loss: -3.4414
Step:  1000000  |  score: 90.85 ± 1.56  |  actor_loss: 3.0192  cost_loss: 1.0023  q_loss: 0.0380  reward_max: 0.9951  reward_mean: -0.0412  reward_min: -1.8415  state_cost_loss: 1.0055  value_loss: -3.3447
Step:  1010000  |  score: 81.00 ± 29.63  |  actor_loss: 3.2011  cost_loss: 0.9406  q_loss: 0.0367  reward_max: 0.7671  reward_mean: -0.0545  reward_min: -2.1429  state_cost_loss: 0.9435  value_loss: -3.7849
Step:  1020000  |  score: 85.13 ± 10.70  |  actor_loss: 3.3179  cost_loss: 0.9699  q_loss: 0.0430  reward_max: 1.0897  reward_mean: -0.0307  reward_min: -1.4942  state_cost_loss: 0.9776  value_loss: -3.3690
Step:  1030000  |  score: 90.87 ± 2.12  |  actor_loss: 3.2717  cost_loss: 0.9881  q_loss: 0.0332  reward_max: 1.9216  reward_mean: -0.0303  reward_min: -1.4958  state_cost_loss: 0.9907  value_loss: -3.3066
Step:  1040000  |  score: 90.54 ± 0.77  |  actor_loss: 3.6012  cost_loss: 0.9335  q_loss: 0.0479  reward_max: 0.9181  reward_mean: -0.0582  reward_min: -2.0679  state_cost_loss: 0.9359  value_loss: -3.6634
Step:  1050000  |  score: 89.97 ± 2.61  |  actor_loss: 3.2663  cost_loss: 1.0099  q_loss: 0.0325  reward_max: 1.2792  reward_mean: -0.0288  reward_min: -1.1147  state_cost_loss: 1.0122  value_loss: -3.2903
Step:  1060000  |  score: 92.07 ± 1.83  |  actor_loss: 3.2273  cost_loss: 0.9873  q_loss: 0.0315  reward_max: 0.9664  reward_mean: -0.0384  reward_min: -1.5486  state_cost_loss: 0.9907  value_loss: -3.3664
Step:  1070000  |  score: 92.00 ± 0.79  |  actor_loss: 3.3190  cost_loss: 0.9686  q_loss: 0.0446  reward_max: 0.9476  reward_mean: -0.0299  reward_min: -1.6610  state_cost_loss: 0.9747  value_loss: -3.4804
Step:  1080000  |  score: 87.37 ± 12.29  |  actor_loss: 3.3459  cost_loss: 0.9711  q_loss: 0.0321  reward_max: 1.0106  reward_mean: -0.0520  reward_min: -1.7470  state_cost_loss: 0.9734  value_loss: -3.5393
Step:  1090000  |  score: 87.36 ± 8.32  |  actor_loss: 3.4098  cost_loss: 0.9455  q_loss: 0.0328  reward_max: 1.1700  reward_mean: -0.0628  reward_min: -2.5582  state_cost_loss: 0.9520  value_loss: -3.5095
Step:  1100000  |  score: 84.74 ± 14.78  |  actor_loss: 3.3589  cost_loss: 0.9830  q_loss: 0.0389  reward_max: 0.8865  reward_mean: -0.0469  reward_min: -1.4703  state_cost_loss: 0.9839  value_loss: -3.3270
Step:  1110000  |  score: 90.88 ± 0.94  |  actor_loss: 3.7970  cost_loss: 0.9536  q_loss: 0.0418  reward_max: 0.7745  reward_mean: -0.0510  reward_min: -2.1212  state_cost_loss: 0.9542  value_loss: -3.3629
Step:  1120000  |  score: 87.66 ± 7.99  |  actor_loss: 3.4202  cost_loss: 0.9695  q_loss: 0.0625  reward_max: 1.1087  reward_mean: -0.0481  reward_min: -1.7865  state_cost_loss: 0.9716  value_loss: -3.4399
Step:  1130000  |  score: 90.39 ± 0.80  |  actor_loss: 3.2335  cost_loss: 0.9940  q_loss: 0.0426  reward_max: 0.9520  reward_mean: -0.0374  reward_min: -3.2050  state_cost_loss: 0.9951  value_loss: -3.1864
Step:  1140000  |  score: 90.25 ± 1.49  |  actor_loss: 3.2387  cost_loss: 0.9720  q_loss: 0.0636  reward_max: 0.8870  reward_mean: -0.0607  reward_min: -1.4485  state_cost_loss: 0.9773  value_loss: -3.4124
Step:  1150000  |  score: 92.56 ± 1.15  |  actor_loss: 3.5749  cost_loss: 0.9637  q_loss: 0.0551  reward_max: 0.9740  reward_mean: -0.0413  reward_min: -1.7961  state_cost_loss: 0.9647  value_loss: -3.4773
Step:  1160000  |  score: 90.35 ± 6.42  |  actor_loss: 3.4577  cost_loss: 0.9336  q_loss: 0.0455  reward_max: 0.9953  reward_mean: -0.0466  reward_min: -1.4462  state_cost_loss: 0.9364  value_loss: -3.5889
Step:  1170000  |  score: 89.09 ± 2.87  |  actor_loss: 3.3910  cost_loss: 0.9257  q_loss: 0.0502  reward_max: 1.0983  reward_mean: -0.0268  reward_min: -2.2184  state_cost_loss: 0.9265  value_loss: -3.5499
Step:  1180000  |  score: 89.70 ± 2.37  |  actor_loss: 3.4197  cost_loss: 0.9646  q_loss: 0.0430  reward_max: 1.0691  reward_mean: -0.0409  reward_min: -1.5192  state_cost_loss: 0.9649  value_loss: -3.2847
Step:  1190000  |  score: 86.10 ± 13.86  |  actor_loss: 3.3685  cost_loss: 0.9583  q_loss: 0.0275  reward_max: 0.7120  reward_mean: -0.0358  reward_min: -1.5162  state_cost_loss: 0.9578  value_loss: -3.3406
Step:  1200000  |  score: 91.76 ± 1.25  |  actor_loss: 3.2657  cost_loss: 0.9372  q_loss: 0.0399  reward_max: 0.9233  reward_mean: -0.0614  reward_min: -2.9044  state_cost_loss: 0.9394  value_loss: -3.5116
Step:  1210000  |  score: 82.62 ± 14.06  |  actor_loss: 3.4285  cost_loss: 0.9600  q_loss: 0.0412  reward_max: 1.3818  reward_mean: -0.0394  reward_min: -2.5452  state_cost_loss: 0.9662  value_loss: -3.4033
Step:  1220000  |  score: 84.31 ± 19.91  |  actor_loss: 3.4689  cost_loss: 0.9904  q_loss: 0.0418  reward_max: 1.0076  reward_mean: -0.0239  reward_min: -1.8415  state_cost_loss: 0.9930  value_loss: -3.1716
Step:  1230000  |  score: 81.92 ± 21.34  |  actor_loss: 3.6261  cost_loss: 0.9456  q_loss: 0.0334  reward_max: 1.1491  reward_mean: -0.0430  reward_min: -1.7244  state_cost_loss: 0.9501  value_loss: -3.4632
Step:  1240000  |  score: 85.04 ± 13.41  |  actor_loss: 3.2674  cost_loss: 1.0013  q_loss: 0.0349  reward_max: 1.2494  reward_mean: -0.0403  reward_min: -1.1266  state_cost_loss: 1.0059  value_loss: -3.0546
Step:  1250000  |  score: 83.73 ± 16.13  |  actor_loss: 3.2821  cost_loss: 0.9846  q_loss: 0.0339  reward_max: 0.9045  reward_mean: -0.0379  reward_min: -2.5069  state_cost_loss: 0.9856  value_loss: -3.1763
Step:  1260000  |  score: 91.39 ± 1.15  |  actor_loss: 3.1357  cost_loss: 0.9986  q_loss: 0.0401  reward_max: 1.1072  reward_mean: -0.0362  reward_min: -2.3738  state_cost_loss: 1.0053  value_loss: -3.2434
Step:  1270000  |  score: 92.64 ± 1.09  |  actor_loss: 3.3260  cost_loss: 0.9342  q_loss: 0.0488  reward_max: 1.0168  reward_mean: -0.0434  reward_min: -2.0624  state_cost_loss: 0.9347  value_loss: -3.5313
Step:  1280000  |  score: 85.56 ± 13.78  |  actor_loss: 3.0615  cost_loss: 0.9911  q_loss: 0.0376  reward_max: 1.1124  reward_mean: -0.0390  reward_min: -1.4050  state_cost_loss: 0.9938  value_loss: -3.1352
Step:  1290000  |  score: 91.57 ± 1.77  |  actor_loss: 3.2628  cost_loss: 0.9576  q_loss: 0.0349  reward_max: 0.9374  reward_mean: -0.0428  reward_min: -1.7831  state_cost_loss: 0.9635  value_loss: -3.4892
Step:  1300000  |  score: 91.57 ± 0.92  |  actor_loss: 3.4212  cost_loss: 0.9228  q_loss: 0.0363  reward_max: 1.5432  reward_mean: -0.0318  reward_min: -1.3774  state_cost_loss: 0.9268  value_loss: -3.5727
Step:  1310000  |  score: 91.41 ± 2.12  |  actor_loss: 3.2174  cost_loss: 0.9693  q_loss: 0.0398  reward_max: 1.1342  reward_mean: -0.0146  reward_min: -2.0046  state_cost_loss: 0.9697  value_loss: -3.0892
Step:  1320000  |  score: 83.71 ± 22.82  |  actor_loss: 3.3558  cost_loss: 0.9419  q_loss: 0.0467  reward_max: 1.5223  reward_mean: -0.0136  reward_min: -1.3921  state_cost_loss: 0.9435  value_loss: -3.4683
Step:  1330000  |  score: 91.41 ± 2.38  |  actor_loss: 3.4272  cost_loss: 0.9367  q_loss: 0.0320  reward_max: 0.9794  reward_mean: -0.0692  reward_min: -2.6447  state_cost_loss: 0.9426  value_loss: -3.5572
Step:  1340000  |  score: 92.03 ± 0.79  |  actor_loss: 3.3581  cost_loss: 0.9395  q_loss: 0.0353  reward_max: 1.3209  reward_mean: -0.0307  reward_min: -1.7502  state_cost_loss: 0.9417  value_loss: -3.4575
Step:  1350000  |  score: 93.09 ± 0.86  |  actor_loss: 3.2649  cost_loss: 1.0066  q_loss: 0.0252  reward_max: 0.8816  reward_mean: -0.0171  reward_min: -1.8153  state_cost_loss: 1.0090  value_loss: -3.1110
Step:  1360000  |  score: 87.43 ± 8.70  |  actor_loss: 3.0828  cost_loss: 1.0205  q_loss: 0.0338  reward_max: 0.7551  reward_mean: -0.0423  reward_min: -1.5619  state_cost_loss: 1.0254  value_loss: -2.9581
Step:  1370000  |  score: 90.74 ± 1.66  |  actor_loss: 3.2721  cost_loss: 0.9760  q_loss: 0.0346  reward_max: 1.1051  reward_mean: -0.0365  reward_min: -2.3165  state_cost_loss: 0.9803  value_loss: -3.1410
Step:  1380000  |  score: 91.32 ± 1.47  |  actor_loss: 3.2874  cost_loss: 0.9893  q_loss: 0.0348  reward_max: 1.7786  reward_mean: -0.0169  reward_min: -1.5761  state_cost_loss: 0.9891  value_loss: -3.0290
Step:  1390000  |  score: 92.75 ± 1.36  |  actor_loss: 3.3274  cost_loss: 0.9444  q_loss: 0.0329  reward_max: 1.2500  reward_mean: -0.0421  reward_min: -1.9242  state_cost_loss: 0.9471  value_loss: -3.3532
Step:  1400000  |  score: 91.61 ± 0.74  |  actor_loss: 3.3917  cost_loss: 0.9348  q_loss: 0.0464  reward_max: 0.8117  reward_mean: -0.0548  reward_min: -2.1270  state_cost_loss: 0.9358  value_loss: -3.4287
Step:  1410000  |  score: 91.62 ± 1.63  |  actor_loss: 3.5439  cost_loss: 0.9387  q_loss: 0.0317  reward_max: 1.3231  reward_mean: -0.0253  reward_min: -1.0250  state_cost_loss: 0.9421  value_loss: -3.3855
Step:  1420000  |  score: 90.32 ± 1.12  |  actor_loss: 3.0750  cost_loss: 0.9797  q_loss: 0.0304  reward_max: 0.8479  reward_mean: -0.0602  reward_min: -1.8108  state_cost_loss: 0.9817  value_loss: -3.2134
Step:  1430000  |  score: 89.74 ± 0.99  |  actor_loss: 3.4098  cost_loss: 0.9738  q_loss: 0.0353  reward_max: 1.0083  reward_mean: -0.0306  reward_min: -2.3011  state_cost_loss: 0.9792  value_loss: -3.1276
Step:  1440000  |  score: 77.23 ± 24.20  |  actor_loss: 3.1793  cost_loss: 0.9721  q_loss: 0.0284  reward_max: 1.1042  reward_mean: -0.0413  reward_min: -1.3818  state_cost_loss: 0.9775  value_loss: -3.1866
Step:  1450000  |  score: 91.14 ± 1.64  |  actor_loss: 3.3494  cost_loss: 0.9477  q_loss: 0.0337  reward_max: 1.2317  reward_mean: -0.0503  reward_min: -1.7450  state_cost_loss: 0.9511  value_loss: -3.4872
Step:  1460000  |  score: 84.05 ± 20.02  |  actor_loss: 3.2868  cost_loss: 0.9506  q_loss: 0.0407  reward_max: 1.2090  reward_mean: -0.0521  reward_min: -1.9640  state_cost_loss: 0.9534  value_loss: -3.5784
Step:  1470000  |  score: 92.61 ± 1.25  |  actor_loss: 3.4344  cost_loss: 0.9677  q_loss: 0.0309  reward_max: 0.9608  reward_mean: -0.0461  reward_min: -1.5418  state_cost_loss: 0.9705  value_loss: -3.4846
Step:  1480000  |  score: 86.94 ± 13.99  |  actor_loss: 3.4859  cost_loss: 0.9313  q_loss: 0.0499  reward_max: 1.1829  reward_mean: -0.0269  reward_min: -1.0875  state_cost_loss: 0.9329  value_loss: -3.7196
Step:  1490000  |  score: 81.21 ± 28.95  |  actor_loss: 3.3256  cost_loss: 0.9699  q_loss: 0.0459  reward_max: 0.9340  reward_mean: -0.0465  reward_min: -1.0796  state_cost_loss: 0.9740  value_loss: -3.5545
Step:  1500000  |  score: 92.78 ± 0.57  |  actor_loss: 3.4492  cost_loss: 0.9701  q_loss: 0.0305  reward_max: 0.9716  reward_mean: -0.0513  reward_min: -1.9218  state_cost_loss: 0.9767  value_loss: -3.4783
Step:  1510000  |  score: 91.71 ± 1.33  |  actor_loss: 3.5257  cost_loss: 0.9393  q_loss: 0.0395  reward_max: 0.9113  reward_mean: -0.0311  reward_min: -1.6853  state_cost_loss: 0.9455  value_loss: -3.5619
Step:  1520000  |  score: 85.21 ± 17.57  |  actor_loss: 3.2362  cost_loss: 0.9839  q_loss: 0.0310  reward_max: 1.3922  reward_mean: -0.0374  reward_min: -4.0773  state_cost_loss: 0.9851  value_loss: -3.2048
Step:  1530000  |  score: 92.28 ± 1.87  |  actor_loss: 3.2037  cost_loss: 0.9852  q_loss: 0.0352  reward_max: 1.1763  reward_mean: -0.0349  reward_min: -1.6817  state_cost_loss: 0.9861  value_loss: -3.3261
Step:  1540000  |  score: 90.94 ± 0.69  |  actor_loss: 3.2594  cost_loss: 0.9653  q_loss: 0.0356  reward_max: 1.0345  reward_mean: -0.0478  reward_min: -1.7783  state_cost_loss: 0.9692  value_loss: -3.3151
Step:  1550000  |  score: 89.81 ± 0.59  |  actor_loss: 3.7764  cost_loss: 0.9038  q_loss: 0.0386  reward_max: 1.2433  reward_mean: -0.0551  reward_min: -1.4163  state_cost_loss: 0.9053  value_loss: -3.6783
Step:  1560000  |  score: 91.70 ± 2.26  |  actor_loss: 3.2050  cost_loss: 0.9759  q_loss: 0.0465  reward_max: 0.8978  reward_mean: -0.0506  reward_min: -1.4717  state_cost_loss: 0.9810  value_loss: -3.2328
Step:  1570000  |  score: 91.32 ± 0.92  |  actor_loss: 3.5814  cost_loss: 0.9112  q_loss: 0.0372  reward_max: 1.0136  reward_mean: -0.0244  reward_min: -1.5803  state_cost_loss: 0.9156  value_loss: -3.6024
Step:  1580000  |  score: 91.89 ± 1.27  |  actor_loss: 3.4995  cost_loss: 0.9150  q_loss: 0.0418  reward_max: 1.0471  reward_mean: -0.0287  reward_min: -1.3194  state_cost_loss: 0.9175  value_loss: -3.5033
Step:  1590000  |  score: 85.68 ± 20.01  |  actor_loss: 3.2472  cost_loss: 0.9553  q_loss: 0.0310  reward_max: 1.2258  reward_mean: -0.0333  reward_min: -1.6824  state_cost_loss: 0.9574  value_loss: -3.3144
Step:  1600000  |  score: 91.57 ± 0.89  |  actor_loss: 3.3066  cost_loss: 0.9527  q_loss: 0.0283  reward_max: 0.8350  reward_mean: -0.0392  reward_min: -1.3568  state_cost_loss: 0.9533  value_loss: -3.2084
Step:  1610000  |  score: 90.15 ± 1.51  |  actor_loss: 3.3409  cost_loss: 0.9601  q_loss: 0.0337  reward_max: 0.9670  reward_mean: -0.0464  reward_min: -2.3623  state_cost_loss: 0.9646  value_loss: -3.1407
Step:  1620000  |  score: 92.15 ± 1.77  |  actor_loss: 3.1478  cost_loss: 0.9764  q_loss: 0.0304  reward_max: 1.3672  reward_mean: -0.0499  reward_min: -1.9091  state_cost_loss: 0.9788  value_loss: -3.1234
Step:  1630000  |  score: 92.33 ± 0.84  |  actor_loss: 3.6849  cost_loss: 0.9369  q_loss: 0.0324  reward_max: 1.2508  reward_mean: -0.0181  reward_min: -1.6121  state_cost_loss: 0.9396  value_loss: -3.2432
Step:  1640000  |  score: 90.28 ± 3.02  |  actor_loss: 3.4168  cost_loss: 0.9564  q_loss: 0.0345  reward_max: 1.1833  reward_mean: -0.0229  reward_min: -2.1292  state_cost_loss: 0.9628  value_loss: -3.2593
Step:  1650000  |  score: 91.05 ± 1.55  |  actor_loss: 3.3722  cost_loss: 0.9775  q_loss: 0.0311  reward_max: 1.2905  reward_mean: -0.0543  reward_min: -1.4992  state_cost_loss: 0.9837  value_loss: -3.0385
Step:  1660000  |  score: 92.23 ± 0.59  |  actor_loss: 3.4552  cost_loss: 0.9586  q_loss: 0.0382  reward_max: 1.1453  reward_mean: -0.0382  reward_min: -2.6777  state_cost_loss: 0.9611  value_loss: -3.1361
Step:  1670000  |  score: 92.95 ± 1.18  |  actor_loss: 3.2208  cost_loss: 0.9942  q_loss: 0.0251  reward_max: 1.4332  reward_mean: -0.0299  reward_min: -2.2037  state_cost_loss: 1.0011  value_loss: -2.7696
Step:  1680000  |  score: 82.32 ± 22.81  |  actor_loss: 3.3849  cost_loss: 0.9825  q_loss: 0.0305  reward_max: 1.4261  reward_mean: -0.0156  reward_min: -1.4627  state_cost_loss: 0.9831  value_loss: -2.9449
Step:  1690000  |  score: 91.04 ± 0.83  |  actor_loss: 3.4278  cost_loss: 0.9397  q_loss: 0.0337  reward_max: 1.3089  reward_mean: -0.0332  reward_min: -2.2068  state_cost_loss: 0.9426  value_loss: -3.1705
Step:  1700000  |  score: 86.86 ± 13.35  |  actor_loss: 3.1694  cost_loss: 0.9923  q_loss: 0.0355  reward_max: 1.8183  reward_mean: -0.0446  reward_min: -2.5218  state_cost_loss: 0.9931  value_loss: -2.9539
Step:  1710000  |  score: 91.93 ± 1.15  |  actor_loss: 3.2436  cost_loss: 1.0001  q_loss: 0.0324  reward_max: 1.7472  reward_mean: -0.0176  reward_min: -1.8902  state_cost_loss: 0.9998  value_loss: -2.8568
Step:  1720000  |  score: 89.91 ± 0.41  |  actor_loss: 3.3611  cost_loss: 0.9494  q_loss: 0.0349  reward_max: 1.6321  reward_mean: -0.0318  reward_min: -2.0446  state_cost_loss: 0.9533  value_loss: -2.9791
Step:  1730000  |  score: 89.53 ± 0.94  |  actor_loss: 3.3729  cost_loss: 0.9591  q_loss: 0.0348  reward_max: 1.8985  reward_mean: -0.0170  reward_min: -1.4773  state_cost_loss: 0.9598  value_loss: -2.9547
Step:  1740000  |  score: 90.65 ± 0.77  |  actor_loss: 3.4852  cost_loss: 0.9331  q_loss: 0.0335  reward_max: 1.1787  reward_mean: -0.0319  reward_min: -1.6141  state_cost_loss: 0.9343  value_loss: -3.0338
Step:  1750000  |  score: 89.86 ± 0.56  |  actor_loss: 3.4422  cost_loss: 0.9811  q_loss: 0.0392  reward_max: 1.8387  reward_mean: -0.0299  reward_min: -1.8807  state_cost_loss: 0.9815  value_loss: -2.7561
Step:  1760000  |  score: 88.80 ± 0.63  |  actor_loss: 3.1043  cost_loss: 1.0001  q_loss: 0.0271  reward_max: 1.2588  reward_mean: -0.0302  reward_min: -2.1705  state_cost_loss: 1.0052  value_loss: -2.8927
Step:  1770000  |  score: 84.19 ± 21.08  |  actor_loss: 3.2187  cost_loss: 1.0022  q_loss: 0.0291  reward_max: 0.9214  reward_mean: -0.0317  reward_min: -2.8261  state_cost_loss: 1.0041  value_loss: -2.6385
Step:  1780000  |  score: 90.74 ± 0.67  |  actor_loss: 3.3209  cost_loss: 0.9516  q_loss: 0.0327  reward_max: 1.0136  reward_mean: -0.0445  reward_min: -1.6260  state_cost_loss: 0.9546  value_loss: -3.0835
Step:  1790000  |  score: 92.28 ± 0.76  |  actor_loss: 3.4046  cost_loss: 0.9478  q_loss: 0.0368  reward_max: 1.0257  reward_mean: -0.0161  reward_min: -1.2083  state_cost_loss: 0.9518  value_loss: -3.0321
Step:  1800000  |  score: 80.66 ± 29.57  |  actor_loss: 3.4825  cost_loss: 0.9547  q_loss: 0.1008  reward_max: 1.0999  reward_mean: -0.0421  reward_min: -0.9964  state_cost_loss: 0.9579  value_loss: -3.0251
Step:  1810000  |  score: 86.01 ± 13.69  |  actor_loss: 3.3539  cost_loss: 0.9530  q_loss: 0.0294  reward_max: 1.7223  reward_mean: -0.0165  reward_min: -1.6864  state_cost_loss: 0.9543  value_loss: -3.0076
Step:  1820000  |  score: 87.89 ± 10.10  |  actor_loss: 3.5470  cost_loss: 0.9289  q_loss: 0.0516  reward_max: 1.3794  reward_mean: -0.0353  reward_min: -2.0547  state_cost_loss: 0.9298  value_loss: -3.0958
Step:  1830000  |  score: 90.70 ± 0.98  |  actor_loss: 3.4186  cost_loss: 1.0006  q_loss: 0.0301  reward_max: 1.2918  reward_mean: -0.0215  reward_min: -1.8382  state_cost_loss: 0.9999  value_loss: -2.6720
Step:  1840000  |  score: 90.58 ± 0.98  |  actor_loss: 3.2393  cost_loss: 0.9802  q_loss: 0.0338  reward_max: 1.0454  reward_mean: -0.0319  reward_min: -1.9535  state_cost_loss: 0.9790  value_loss: -2.6794
Step:  1850000  |  score: 89.94 ± 3.05  |  actor_loss: 3.2866  cost_loss: 0.9820  q_loss: 0.0351  reward_max: 1.0763  reward_mean: -0.0168  reward_min: -1.1748  state_cost_loss: 0.9832  value_loss: -2.6444
Step:  1860000  |  score: 91.75 ± 1.36  |  actor_loss: 3.2833  cost_loss: 0.9723  q_loss: 0.0350  reward_max: 1.3167  reward_mean: -0.0329  reward_min: -2.3605  state_cost_loss: 0.9748  value_loss: -2.6318
Step:  1870000  |  score: 86.99 ± 15.70  |  actor_loss: 3.4554  cost_loss: 0.9697  q_loss: 0.0357  reward_max: 1.5629  reward_mean: -0.0307  reward_min: -1.8981  state_cost_loss: 0.9730  value_loss: -2.7558
Step:  1880000  |  score: 91.16 ± 1.18  |  actor_loss: 3.2198  cost_loss: 0.9761  q_loss: 0.0395  reward_max: 1.3438  reward_mean: -0.0358  reward_min: -2.7379  state_cost_loss: 0.9786  value_loss: -2.6285
Step:  1890000  |  score: 90.49 ± 1.35  |  actor_loss: 3.3402  cost_loss: 0.9792  q_loss: 0.0340  reward_max: 0.9791  reward_mean: -0.0625  reward_min: -2.2114  state_cost_loss: 0.9841  value_loss: -2.6858
Step:  1900000  |  score: 92.07 ± 1.09  |  actor_loss: 3.3208  cost_loss: 0.9576  q_loss: 0.0332  reward_max: 1.0582  reward_mean: -0.0398  reward_min: -2.6393  state_cost_loss: 0.9601  value_loss: -2.6969
Step:  1910000  |  score: 90.87 ± 0.91  |  actor_loss: 3.3759  cost_loss: 0.9445  q_loss: 0.0342  reward_max: 1.2553  reward_mean: -0.0339  reward_min: -1.3787  state_cost_loss: 0.9481  value_loss: -2.7443
Step:  1920000  |  score: 92.76 ± 0.82  |  actor_loss: 3.4389  cost_loss: 0.9752  q_loss: 0.0315  reward_max: 1.9430  reward_mean: -0.0350  reward_min: -1.7565  state_cost_loss: 0.9822  value_loss: -2.7079
Step:  1930000  |  score: 92.95 ± 0.83  |  actor_loss: 3.3543  cost_loss: 0.9894  q_loss: 0.0333  reward_max: 1.4345  reward_mean: -0.0226  reward_min: -2.1518  state_cost_loss: 0.9901  value_loss: -2.5434
Step:  1940000  |  score: 91.15 ± 1.14  |  actor_loss: 3.3263  cost_loss: 0.9582  q_loss: 0.0338  reward_max: 0.9999  reward_mean: -0.0281  reward_min: -1.9440  state_cost_loss: 0.9615  value_loss: -2.7599
Step:  1950000  |  score: 93.23 ± 1.37  |  actor_loss: 3.2418  cost_loss: 0.9761  q_loss: 0.0313  reward_max: 0.7069  reward_mean: -0.0386  reward_min: -1.6212  state_cost_loss: 0.9802  value_loss: -2.6313
Step:  1960000  |  score: 92.15 ± 4.09  |  actor_loss: 3.5605  cost_loss: 0.9562  q_loss: 0.0361  reward_max: 1.1697  reward_mean: -0.0129  reward_min: -2.2992  state_cost_loss: 0.9577  value_loss: -2.8139
Step:  1970000  |  score: 92.06 ± 0.98  |  actor_loss: 3.4008  cost_loss: 0.9123  q_loss: 0.0383  reward_max: 1.3051  reward_mean: -0.0224  reward_min: -1.9262  state_cost_loss: 0.9135  value_loss: -2.8847
Step:  1980000  |  score: 91.62 ± 0.79  |  actor_loss: 3.1433  cost_loss: 0.9674  q_loss: 0.0335  reward_max: 1.0424  reward_mean: -0.0520  reward_min: -1.8565  state_cost_loss: 0.9700  value_loss: -2.6711
Step:  1990000  |  score: 91.83 ± 0.76  |  actor_loss: 3.0397  cost_loss: 1.0012  q_loss: 0.0356  reward_max: 1.3504  reward_mean: -0.0113  reward_min: -2.4231  state_cost_loss: 1.0002  value_loss: -2.4588
Step:  2000000  |  score: 93.32 ± 0.79  |  actor_loss: 3.1326  cost_loss: 0.9581  q_loss: 0.0379  reward_max: 1.3513  reward_mean: -0.0012  reward_min: -1.9588  state_cost_loss: 0.9605  value_loss: -2.7300
Final evaluation (13 iterations)...
Final score: 90.32 ± 10.85
wandb: WARNING Symlinked 1 file into the W&B run directory; call wandb.save again to sync new files.
wandb: updating run metadata
wandb: uploading output.log; uploading wandb-summary.json; uploading config.yaml; uploading final_returns/cdemodice_halfcheetah-expert-v2_2026-03-19_04-09-44.npz
wandb: uploading output.log; uploading config.yaml
wandb: uploading summary, console lines 214-215
wandb: 
wandb: Run history:
wandb:  actor_loss █▇▃▃▅▆▁▄▃▇▄▃▄▄▂▅▄█▆▄▄▅▅▃▁▄▅▅▆▅▃▄▇▄▆▅▄▄▇▂
wandb:   cost_loss ▇▇▆▅▅▇▅▇▄▅▄▆▆▃▅▅▄▄▄▄▅▅▃▆▆▆▄▅▃█▆▅▅▃▁▂▅▃▃▄
wandb: num_updates ▁▁▁▁▁▂▂▂▂▂▃▃▃▃▃▃▃▃▄▄▅▅▅▅▅▅▆▆▆▆▇▇▇▇▇█████
wandb:      q_loss ▆▅█▄▃▆▄▄▄▂▄▄▄▂▃▃▄▆▅▄▅▃▂▂▇▃▃▂▂▂▃▂▂▂▃▂▂▂▁▂
wandb:      return ▁▁▁▁▂▄▃▆▅▇▆▇▆▇▇▇██▇▆██████████▇█████████
wandb:  reward_max ▅▇█▂▅▄▃█▁▃▁▃▅▂▄▂▄▂▇▅▃▃▂▄▂▃▃▄▂▄▃▂▄▄▃▅█▅▆▁
wandb: reward_mean ▁▆▄▄▅▃▃▃▃▂▃▂▄▅▂▃▃▅▃▄▆▄▄▅▇▄▆▃▄▂▆▂▄▆▅▅▅▅▃█
wandb:  reward_min ▆▅▇▇▄█▇▄▅▆▄█▇▅▄▅▄▇▇▆▇▄▁▆▃▇▅▆▆▆▇▆▄▂▃▅▇▅▃▅
wandb:       score ▁▁▂▃▄▆▇▅▆█▆▇█▅▇▇███▇▇███▇▇███▇▇█▇███████
wandb:   score_std ▁▁▃▂███▇▁▁█▂▄▂█▃▁▁▅▁▃▁▁▁▂▁▆▃▁▆▅▂▁▁▆▁▁▁▁▁
wandb:          +2 ...
wandb: 
wandb: Run summary:
wandb:  actor_loss 3.13257
wandb:   cost_loss 0.95815
wandb: num_updates 2000000
wandb:      q_loss 0.03789
wandb:      return 11305.68447
wandb:  reward_max 1.35133
wandb: reward_mean -0.00123
wandb:  reward_min -1.95884
wandb:       score 93.32015
wandb:   score_std 0.7947
wandb:          +2 ...
wandb: 
wandb: 🚀 View run cdemodice_halfcheetah_M3_s4 at: https://wandb.ai/wsk208/DemoDICE/runs/he7nly5w
wandb: ⭐️ View project at: https://wandb.ai/wsk208/DemoDICE
wandb: Synced 5 W&B file(s), 0 media file(s), 0 artifact file(s) and 1 other file(s)
wandb: Find logs at: ./wandb/run-20260319_033801-he7nly5w/logs
