Warning: All of online environments libraries in D4RL have been moved ]8;;https://github.com/Farama-Foundation/Gymnasium\Gymnasium]8;;\, ]8;;https://github.com/Farama-Foundation/MiniGrid\MiniGrid]8;;\ and ]8;;https://github.com/Farama-Foundation/Gymnasium-Robotics\Gymnasium-Robotics]8;;\, and all offline datasets in D4RL have been moved to ]8;;https://github.com/Farama-Foundation/Minari\Minari]8;;\.
These new versions include large bug fixes, new versions of Python, and are where all new development will continue. Please upgrade these libraries as soon as you're able to do so.
If you'd like to read more about the story behind this switch, please check out ]8;;https://farama.org/Announcing-Minari\this blog post]8;;\.
Gym has been unmaintained since 2022 and does not support NumPy 2.0 amongst other critical functionality.
Please upgrade to Gymnasium, the maintained drop-in replacement of Gym, or contact the authors of your software and request that they upgrade.
See the migration guide at https://gymnasium.farama.org/introduction/migration_guide/ for additional information.
/opt/venv/lib/python3.10/site-packages/Cython/Distutils/old_build_ext.py:15: DeprecationWarning: dep_util is Deprecated. Use functions from setuptools instead.
  from distutils.dep_util import newer, newer_group
<frozen importlib._bootstrap>:283: DeprecationWarning: the load_module() method is deprecated and slated for removal in Python 3.12; use exec_module() instead
pybullet build time: Jan 29 2025 23:16:28
wandb: [wandb.login()] Loaded credentials for https://api.wandb.ai from /root/.netrc.
wandb: Currently logged in as: wsk208 to https://api.wandb.ai. Use `wandb login --relogin` to force relogin
/opt/venv/lib/python3.10/site-packages/wandb/analytics/sentry.py:268: DeprecationWarning: Read the `app_url` setting from the appropriate Settings object.
  app_url = wandb.util.app_url(tags["base_url"])  # type: ignore[index]
/opt/venv/lib/python3.10/site-packages/wandb/analytics/sentry.py:279: DeprecationWarning: The `Scope.user` setter is deprecated in favor of `Scope.set_user()`.
  self.scope.user = {"email": email}
wandb: setting up run ymugf7z1
/opt/venv/lib/python3.10/site-packages/wandb/analytics/sentry.py:268: DeprecationWarning: Read the `app_url` setting from the appropriate Settings object.
  app_url = wandb.util.app_url(tags["base_url"])  # type: ignore[index]
/opt/venv/lib/python3.10/site-packages/wandb/analytics/sentry.py:279: DeprecationWarning: The `Scope.user` setter is deprecated in favor of `Scope.set_user()`.
  self.scope.user = {"email": email}
wandb: Tracking run with wandb version 0.25.1
wandb: Run data is saved locally in /app/wandb/run-20260318_211039-ymugf7z1
wandb: Run `wandb offline` to turn off syncing.
wandb: Syncing run cdemodice_walker2d_M4_s4
wandb: ⭐️ View project at https://wandb.ai/wsk208/DemoDICE
wandb: 🚀 View run at https://wandb.ai/wsk208/DemoDICE/runs/ymugf7z1
/opt/venv/lib/python3.10/site-packages/gym/spaces/box.py:84: UserWarning: [33mWARN: Box bound precision lowered by casting to float32[0m
  logger.warn(f"Box bound precision lowered by casting to {self.dtype}")
load datafile:   0%|          | 0/21 [00:00<?, ?it/s]load datafile:   5%|▍         | 1/21 [00:00<00:04,  4.81it/s]load datafile:  14%|█▍        | 3/21 [00:00<00:04,  3.89it/s]load datafile:  19%|█▉        | 4/21 [00:01<00:05,  2.87it/s]load datafile:  81%|████████  | 17/21 [00:01<00:00, 10.64it/s]load datafile:  86%|████████▌ | 18/21 [00:02<00:00,  6.88it/s]load datafile: 100%|██████████| 21/21 [00:02<00:00,  7.73it/s]
Expert  :  999000 transitions  (walker2d-expert-v2, 100 traj)
load datafile:   0%|          | 0/9 [00:00<?, ?it/s]load datafile:  11%|█         | 1/9 [00:00<00:01,  6.57it/s]load datafile:  33%|███▎      | 3/9 [00:00<00:01,  5.56it/s]load datafile:  44%|████▍     | 4/9 [00:00<00:01,  4.14it/s]load datafile:  56%|█████▌    | 5/9 [00:01<00:01,  3.25it/s]load datafile:  67%|██████▋   | 6/9 [00:01<00:01,  2.86it/s]load datafile: 100%|██████████| 9/9 [00:01<00:00,  5.00it/s]
Imperfect:   31801 transitions  (walker2d-random-v2, 1600 traj)
Union   : 1030801 transitions total
/root/.local/share/uv/python/cpython-3.10-linux-x86_64-gnu/lib/python3.10/multiprocessing/popen_fork.py:66: RuntimeWarning: os.fork() was called. os.fork() is incompatible with multithreaded code, and JAX is multithreaded, so this will likely lead to a deadlock.
  self.pid = os.fork()
/opt/venv/lib/python3.10/site-packages/tensorflow_probability/python/internal/backend/jax/ops.py:681: DeprecationWarning: jax.interpreters.xla.pytype_aval_mappings is deprecated.
  jax.interpreters.xla.pytype_aval_mappings[onp.ndarray])
/opt/venv/lib/python3.10/site-packages/gym/spaces/box.py:84: UserWarning: [33mWARN: Box bound precision lowered by casting to float32[0m
  logger.warn(f"Box bound precision lowered by casting to {self.dtype}")
Step:    10000  |  score: 9.04 ± 0.13  |  actor_loss: 3.9699  cost_loss: 1.3699  q_loss: 0.0057  reward_max: 0.8283  reward_mean: 0.0059  reward_min: -0.7323  state_cost_loss: 1.3711  value_loss: -0.0281
Step:    20000  |  score: 68.14 ± 23.85  |  actor_loss: 2.3617  cost_loss: 1.3683  q_loss: 0.0066  reward_max: 1.1348  reward_mean: -0.0061  reward_min: -2.3531  state_cost_loss: 1.3713  value_loss: 0.0034
Step:    30000  |  score: 107.69 ± 0.32  |  actor_loss: 0.9253  cost_loss: 1.3661  q_loss: 0.0077  reward_max: 0.9118  reward_mean: 0.0144  reward_min: -0.6450  state_cost_loss: 1.3676  value_loss: 0.0642
Step:    40000  |  score: 108.87 ± 0.30  |  actor_loss: -0.1603  cost_loss: 1.3617  q_loss: 0.0031  reward_max: 0.5801  reward_mean: -0.0067  reward_min: -1.2687  state_cost_loss: 1.3647  value_loss: 0.0795
Step:    50000  |  score: 108.24 ± 0.35  |  actor_loss: -1.0471  cost_loss: 1.3665  q_loss: 0.0032  reward_max: 0.6368  reward_mean: 0.0027  reward_min: -1.5011  state_cost_loss: 1.3676  value_loss: 0.0765
Step:    60000  |  score: 108.08 ± 0.25  |  actor_loss: -1.2107  cost_loss: 1.3598  q_loss: 0.0063  reward_max: 0.9211  reward_mean: -0.0018  reward_min: -1.1078  state_cost_loss: 1.3603  value_loss: 0.0352
Step:    70000  |  score: 108.84 ± 0.11  |  actor_loss: -1.4211  cost_loss: 1.3656  q_loss: 0.0032  reward_max: 0.8837  reward_mean: 0.0057  reward_min: -1.6237  state_cost_loss: 1.3682  value_loss: 0.0346
Step:    80000  |  score: 108.40 ± 0.31  |  actor_loss: -1.5619  cost_loss: 1.3639  q_loss: 0.0034  reward_max: 0.3978  reward_mean: -0.0059  reward_min: -1.5783  state_cost_loss: 1.3657  value_loss: 0.0307
Step:    90000  |  score: 108.51 ± 0.39  |  actor_loss: -1.3873  cost_loss: 1.3606  q_loss: 0.0057  reward_max: 0.9046  reward_mean: -0.0057  reward_min: -1.7237  state_cost_loss: 1.3628  value_loss: 0.0327
Step:   100000  |  score: 108.57 ± 0.26  |  actor_loss: -1.4222  cost_loss: 1.3646  q_loss: 0.0045  reward_max: 0.8391  reward_mean: -0.0058  reward_min: -0.6755  state_cost_loss: 1.3653  value_loss: 0.0677
Step:   110000  |  score: 108.26 ± 0.30  |  actor_loss: -0.9855  cost_loss: 1.3648  q_loss: 0.0049  reward_max: 0.9362  reward_mean: 0.0060  reward_min: -1.1193  state_cost_loss: 1.3645  value_loss: 0.0469
Step:   120000  |  score: 108.97 ± 0.21  |  actor_loss: -1.2744  cost_loss: 1.3547  q_loss: 0.0044  reward_max: 0.7171  reward_mean: -0.0034  reward_min: -2.1959  state_cost_loss: 1.3563  value_loss: 0.0774
Step:   130000  |  score: 108.95 ± 0.46  |  actor_loss: -1.8174  cost_loss: 1.3721  q_loss: 0.0042  reward_max: 0.9780  reward_mean: 0.0002  reward_min: -1.5258  state_cost_loss: 1.3733  value_loss: 0.0884
Step:   140000  |  score: 108.08 ± 0.26  |  actor_loss: -1.3878  cost_loss: 1.3655  q_loss: 0.0034  reward_max: 1.0166  reward_mean: 0.0040  reward_min: -0.6662  state_cost_loss: 1.3669  value_loss: 0.0839
Step:   150000  |  score: 108.12 ± 0.77  |  actor_loss: -1.6084  cost_loss: 1.3665  q_loss: 0.0028  reward_max: 0.8745  reward_mean: 0.0012  reward_min: -0.4730  state_cost_loss: 1.3686  value_loss: 0.0903
Step:   160000  |  score: 108.62 ± 0.43  |  actor_loss: -1.2786  cost_loss: 1.3616  q_loss: 0.0032  reward_max: 0.3838  reward_mean: -0.0162  reward_min: -1.7152  state_cost_loss: 1.3632  value_loss: 0.0665
Step:   170000  |  score: 109.07 ± 0.50  |  actor_loss: -1.1452  cost_loss: 1.3634  q_loss: 0.0065  reward_max: 0.9111  reward_mean: -0.0010  reward_min: -1.0016  state_cost_loss: 1.3648  value_loss: 0.1265
Step:   180000  |  score: 108.34 ± 0.36  |  actor_loss: -1.4057  cost_loss: 1.3538  q_loss: 0.0032  reward_max: 0.8749  reward_mean: -0.0166  reward_min: -1.8105  state_cost_loss: 1.3551  value_loss: 0.1168
Step:   190000  |  score: 108.71 ± 0.31  |  actor_loss: -1.1944  cost_loss: 1.3572  q_loss: 0.0059  reward_max: 0.9749  reward_mean: -0.0002  reward_min: -1.1333  state_cost_loss: 1.3576  value_loss: 0.0994
Step:   200000  |  score: 108.64 ± 0.28  |  actor_loss: -1.5701  cost_loss: 1.3654  q_loss: 0.0036  reward_max: 0.4562  reward_mean: -0.0108  reward_min: -1.9430  state_cost_loss: 1.3675  value_loss: 0.1016
Step:   210000  |  score: 108.52 ± 0.22  |  actor_loss: -1.7730  cost_loss: 1.3673  q_loss: 0.0045  reward_max: 0.9293  reward_mean: -0.0093  reward_min: -2.2009  state_cost_loss: 1.3684  value_loss: 0.1165
Step:   220000  |  score: 107.62 ± 1.05  |  actor_loss: -1.8856  cost_loss: 1.3686  q_loss: 0.0034  reward_max: 0.2816  reward_mean: -0.0063  reward_min: -0.8455  state_cost_loss: 1.3676  value_loss: 0.1072
Step:   230000  |  score: 108.15 ± 0.86  |  actor_loss: -1.8439  cost_loss: 1.3679  q_loss: 0.0031  reward_max: 0.9039  reward_mean: -0.0105  reward_min: -1.9607  state_cost_loss: 1.3679  value_loss: 0.1259
Step:   240000  |  score: 107.60 ± 0.38  |  actor_loss: -1.6836  cost_loss: 1.3633  q_loss: 0.0031  reward_max: 0.6941  reward_mean: -0.0042  reward_min: -1.9831  state_cost_loss: 1.3643  value_loss: 0.1365
Step:   250000  |  score: 108.18 ± 0.39  |  actor_loss: -1.9463  cost_loss: 1.3741  q_loss: 0.0019  reward_max: 0.9895  reward_mean: -0.0003  reward_min: -0.2416  state_cost_loss: 1.3738  value_loss: 0.1021
Step:   260000  |  score: 108.63 ± 0.42  |  actor_loss: -1.5265  cost_loss: 1.3618  q_loss: 0.0062  reward_max: 1.1759  reward_mean: -0.0061  reward_min: -2.0287  state_cost_loss: 1.3614  value_loss: 0.1062
Step:   270000  |  score: 107.91 ± 1.05  |  actor_loss: -1.1696  cost_loss: 1.3532  q_loss: 0.0058  reward_max: 0.8629  reward_mean: -0.0014  reward_min: -1.8463  state_cost_loss: 1.3525  value_loss: 0.1087
Step:   280000  |  score: 108.46 ± 0.35  |  actor_loss: -1.5834  cost_loss: 1.3648  q_loss: 0.0028  reward_max: 0.9410  reward_mean: -0.0065  reward_min: -1.9640  state_cost_loss: 1.3653  value_loss: 0.1137
Step:   290000  |  score: 108.57 ± 0.25  |  actor_loss: -1.6083  cost_loss: 1.3659  q_loss: 0.0034  reward_max: 0.8687  reward_mean: 0.0020  reward_min: -1.7294  state_cost_loss: 1.3682  value_loss: 0.1341
Step:   300000  |  score: 107.78 ± 0.53  |  actor_loss: -1.0372  cost_loss: 1.3521  q_loss: 0.0047  reward_max: 0.9329  reward_mean: -0.0120  reward_min: -1.7513  state_cost_loss: 1.3524  value_loss: 0.1435
Step:   310000  |  score: 108.27 ± 0.44  |  actor_loss: -1.3673  cost_loss: 1.3599  q_loss: 0.0036  reward_max: 0.7896  reward_mean: -0.0006  reward_min: -1.8080  state_cost_loss: 1.3600  value_loss: 0.1381
Step:   320000  |  score: 108.70 ± 0.21  |  actor_loss: -1.7357  cost_loss: 1.3703  q_loss: 0.0043  reward_max: 1.0218  reward_mean: -0.0027  reward_min: -0.5447  state_cost_loss: 1.3692  value_loss: 0.1483
Step:   330000  |  score: 108.27 ± 0.54  |  actor_loss: -1.4416  cost_loss: 1.3592  q_loss: 0.0041  reward_max: 0.9773  reward_mean: 0.0053  reward_min: -1.7689  state_cost_loss: 1.3587  value_loss: 0.1420
Step:   340000  |  score: 108.62 ± 0.17  |  actor_loss: -1.4717  cost_loss: 1.3633  q_loss: 0.0045  reward_max: 0.8800  reward_mean: 0.0030  reward_min: -1.7332  state_cost_loss: 1.3638  value_loss: 0.1525
Step:   350000  |  score: 108.23 ± 0.34  |  actor_loss: -1.6154  cost_loss: 1.3620  q_loss: 0.0038  reward_max: 0.8650  reward_mean: 0.0051  reward_min: -1.6039  state_cost_loss: 1.3614  value_loss: 0.1754
Step:   360000  |  score: 108.70 ± 0.49  |  actor_loss: -0.7598  cost_loss: 1.3499  q_loss: 0.0062  reward_max: 0.7650  reward_mean: -0.0166  reward_min: -2.1326  state_cost_loss: 1.3511  value_loss: 0.1465
Step:   370000  |  score: 108.71 ± 0.29  |  actor_loss: -1.5998  cost_loss: 1.3584  q_loss: 0.0032  reward_max: 0.3946  reward_mean: -0.0078  reward_min: -1.3542  state_cost_loss: 1.3613  value_loss: 0.1635
Step:   380000  |  score: 108.66 ± 0.44  |  actor_loss: -1.4266  cost_loss: 1.3613  q_loss: 0.0029  reward_max: 0.4494  reward_mean: -0.0072  reward_min: -1.4035  state_cost_loss: 1.3623  value_loss: 0.1537
Step:   390000  |  score: 108.78 ± 0.33  |  actor_loss: -1.8334  cost_loss: 1.3681  q_loss: 0.0040  reward_max: 0.4402  reward_mean: -0.0031  reward_min: -0.6333  state_cost_loss: 1.3678  value_loss: 0.1928
Step:   400000  |  score: 107.89 ± 1.00  |  actor_loss: -1.5225  cost_loss: 1.3628  q_loss: 0.0047  reward_max: 0.6833  reward_mean: -0.0092  reward_min: -1.2458  state_cost_loss: 1.3675  value_loss: 0.1604
Step:   410000  |  score: 108.49 ± 0.41  |  actor_loss: -1.3930  cost_loss: 1.3595  q_loss: 0.0044  reward_max: 1.4909  reward_mean: 0.0002  reward_min: -1.7215  state_cost_loss: 1.3589  value_loss: 0.1612
Step:   420000  |  score: 108.47 ± 0.22  |  actor_loss: -1.3698  cost_loss: 1.3605  q_loss: 0.0043  reward_max: 0.9977  reward_mean: -0.0056  reward_min: -2.1320  state_cost_loss: 1.3607  value_loss: 0.2063
Step:   430000  |  score: 109.26 ± 0.12  |  actor_loss: -1.5310  cost_loss: 1.3643  q_loss: 0.0031  reward_max: 0.9003  reward_mean: -0.0044  reward_min: -1.4962  state_cost_loss: 1.3667  value_loss: 0.1750
Step:   440000  |  score: 109.11 ± 0.41  |  actor_loss: -1.6408  cost_loss: 1.3616  q_loss: 0.0055  reward_max: 0.9755  reward_mean: 0.0008  reward_min: -0.5601  state_cost_loss: 1.3610  value_loss: 0.1854
Step:   450000  |  score: 108.63 ± 0.16  |  actor_loss: -1.3107  cost_loss: 1.3541  q_loss: 0.0032  reward_max: 0.9680  reward_mean: 0.0014  reward_min: -2.0765  state_cost_loss: 1.3557  value_loss: 0.1997
Step:   460000  |  score: 108.49 ± 0.25  |  actor_loss: -1.5140  cost_loss: 1.3654  q_loss: 0.0055  reward_max: 0.8879  reward_mean: -0.0024  reward_min: -2.4142  state_cost_loss: 1.3650  value_loss: 0.1980
Step:   470000  |  score: 108.31 ± 0.36  |  actor_loss: -1.4545  cost_loss: 1.3566  q_loss: 0.0062  reward_max: 0.9668  reward_mean: -0.0042  reward_min: -2.0560  state_cost_loss: 1.3582  value_loss: 0.2139
Step:   480000  |  score: 108.09 ± 0.50  |  actor_loss: -1.4931  cost_loss: 1.3629  q_loss: 0.0034  reward_max: 0.9545  reward_mean: -0.0075  reward_min: -1.8959  state_cost_loss: 1.3631  value_loss: 0.1914
Step:   490000  |  score: 108.36 ± 0.06  |  actor_loss: -2.0316  cost_loss: 1.3708  q_loss: 0.0029  reward_max: 0.7336  reward_mean: -0.0015  reward_min: -2.1523  state_cost_loss: 1.3706  value_loss: 0.1812
Step:   500000  |  score: 108.36 ± 0.38  |  actor_loss: -1.5845  cost_loss: 1.3633  q_loss: 0.0050  reward_max: 0.4766  reward_mean: -0.0095  reward_min: -2.2107  state_cost_loss: 1.3657  value_loss: 0.1989
Step:   510000  |  score: 108.61 ± 0.22  |  actor_loss: -1.5074  cost_loss: 1.3584  q_loss: 0.0029  reward_max: 0.7981  reward_mean: -0.0097  reward_min: -2.0988  state_cost_loss: 1.3607  value_loss: 0.1964
Step:   520000  |  score: 109.05 ± 0.26  |  actor_loss: -1.7735  cost_loss: 1.3630  q_loss: 0.0025  reward_max: 0.7654  reward_mean: -0.0023  reward_min: -2.0975  state_cost_loss: 1.3655  value_loss: 0.2030
Step:   530000  |  score: 107.60 ± 0.52  |  actor_loss: -1.3389  cost_loss: 1.3598  q_loss: 0.0044  reward_max: 0.5004  reward_mean: -0.0044  reward_min: -0.9251  state_cost_loss: 1.3609  value_loss: 0.2136
Step:   540000  |  score: 109.11 ± 0.18  |  actor_loss: -1.3542  cost_loss: 1.3557  q_loss: 0.0047  reward_max: 0.7665  reward_mean: -0.0095  reward_min: -2.0542  state_cost_loss: 1.3590  value_loss: 0.2057
Step:   550000  |  score: 109.17 ± 0.30  |  actor_loss: -1.4886  cost_loss: 1.3616  q_loss: 0.0057  reward_max: 0.5163  reward_mean: -0.0054  reward_min: -1.7390  state_cost_loss: 1.3623  value_loss: 0.1899
Step:   560000  |  score: 108.33 ± 0.42  |  actor_loss: -1.3587  cost_loss: 1.3534  q_loss: 0.0051  reward_max: 0.4595  reward_mean: -0.0149  reward_min: -2.2716  state_cost_loss: 1.3542  value_loss: 0.1940
Step:   570000  |  score: 108.94 ± 0.61  |  actor_loss: -1.8992  cost_loss: 1.3695  q_loss: 0.0046  reward_max: 0.6715  reward_mean: 0.0008  reward_min: -1.0519  state_cost_loss: 1.3696  value_loss: 0.2140
Step:   580000  |  score: 108.71 ± 0.27  |  actor_loss: -1.5992  cost_loss: 1.3662  q_loss: 0.0028  reward_max: 0.4329  reward_mean: -0.0005  reward_min: -0.7677  state_cost_loss: 1.3649  value_loss: 0.2183
Step:   590000  |  score: 108.56 ± 0.41  |  actor_loss: -1.5817  cost_loss: 1.3605  q_loss: 0.0035  reward_max: 0.6059  reward_mean: -0.0025  reward_min: -1.6864  state_cost_loss: 1.3607  value_loss: 0.2107
Step:   600000  |  score: 109.09 ± 0.44  |  actor_loss: -1.7593  cost_loss: 1.3656  q_loss: 0.0032  reward_max: 1.0356  reward_mean: -0.0041  reward_min: -1.3212  state_cost_loss: 1.3662  value_loss: 0.2121
Step:   610000  |  score: 108.73 ± 0.17  |  actor_loss: -1.5017  cost_loss: 1.3615  q_loss: 0.0038  reward_max: 0.7258  reward_mean: 0.0003  reward_min: -2.2180  state_cost_loss: 1.3630  value_loss: 0.2057
Step:   620000  |  score: 109.06 ± 0.20  |  actor_loss: -1.4890  cost_loss: 1.3579  q_loss: 0.0046  reward_max: 0.3016  reward_mean: -0.0023  reward_min: -1.9337  state_cost_loss: 1.3593  value_loss: 0.2153
Step:   630000  |  score: 108.79 ± 0.29  |  actor_loss: -1.7607  cost_loss: 1.3633  q_loss: 0.0031  reward_max: 0.4734  reward_mean: -0.0038  reward_min: -0.8921  state_cost_loss: 1.3648  value_loss: 0.1983
Step:   640000  |  score: 108.17 ± 0.13  |  actor_loss: -1.9359  cost_loss: 1.3650  q_loss: 0.0030  reward_max: 0.7696  reward_mean: -0.0062  reward_min: -2.1672  state_cost_loss: 1.3665  value_loss: 0.1840
Step:   650000  |  score: 108.20 ± 0.61  |  actor_loss: -2.0008  cost_loss: 1.3683  q_loss: 0.0019  reward_max: 0.8956  reward_mean: 0.0021  reward_min: -0.5466  state_cost_loss: 1.3679  value_loss: 0.2067
Step:   660000  |  score: 108.73 ± 0.68  |  actor_loss: -1.7920  cost_loss: 1.3677  q_loss: 0.0033  reward_max: 0.4807  reward_mean: -0.0052  reward_min: -0.9766  state_cost_loss: 1.3699  value_loss: 0.2009
Step:   670000  |  score: 108.54 ± 0.15  |  actor_loss: -1.8046  cost_loss: 1.3695  q_loss: 0.0030  reward_max: 0.4187  reward_mean: -0.0084  reward_min: -2.0234  state_cost_loss: 1.3711  value_loss: 0.2208
Step:   680000  |  score: 108.61 ± 0.25  |  actor_loss: -1.8669  cost_loss: 1.3626  q_loss: 0.0028  reward_max: 0.4286  reward_mean: 0.0036  reward_min: -0.6634  state_cost_loss: 1.3629  value_loss: 0.2298
Step:   690000  |  score: 108.65 ± 0.29  |  actor_loss: -1.5709  cost_loss: 1.3603  q_loss: 0.0032  reward_max: 1.0894  reward_mean: -0.0003  reward_min: -2.1571  state_cost_loss: 1.3597  value_loss: 0.2085
Step:   700000  |  score: 109.04 ± 0.50  |  actor_loss: -2.1327  cost_loss: 1.3707  q_loss: 0.0028  reward_max: 1.2584  reward_mean: -0.0017  reward_min: -0.9874  state_cost_loss: 1.3729  value_loss: 0.2246
Step:   710000  |  score: 108.01 ± 0.61  |  actor_loss: -1.5088  cost_loss: 1.3576  q_loss: 0.0056  reward_max: 0.1711  reward_mean: -0.0017  reward_min: -0.6385  state_cost_loss: 1.3567  value_loss: 0.2199
Step:   720000  |  score: 108.93 ± 0.31  |  actor_loss: -1.4569  cost_loss: 1.3555  q_loss: 0.0034  reward_max: 0.9142  reward_mean: -0.0072  reward_min: -2.1448  state_cost_loss: 1.3576  value_loss: 0.2176
Step:   730000  |  score: 108.50 ± 0.30  |  actor_loss: -1.6910  cost_loss: 1.3628  q_loss: 0.0055  reward_max: 0.9019  reward_mean: -0.0076  reward_min: -2.2220  state_cost_loss: 1.3634  value_loss: 0.2490
Step:   740000  |  score: 108.99 ± 0.31  |  actor_loss: -1.8028  cost_loss: 1.3622  q_loss: 0.0029  reward_max: 1.0640  reward_mean: 0.0002  reward_min: -2.1031  state_cost_loss: 1.3631  value_loss: 0.2261
Step:   750000  |  score: 108.72 ± 0.32  |  actor_loss: -1.6135  cost_loss: 1.3610  q_loss: 0.0037  reward_max: 0.9156  reward_mean: 0.0015  reward_min: -1.8699  state_cost_loss: 1.3603  value_loss: 0.2029
Step:   760000  |  score: 108.41 ± 0.47  |  actor_loss: -1.7107  cost_loss: 1.3588  q_loss: 0.0055  reward_max: 1.0380  reward_mean: 0.0032  reward_min: -0.8443  state_cost_loss: 1.3584  value_loss: 0.2373
Step:   770000  |  score: 108.45 ± 0.65  |  actor_loss: -1.7526  cost_loss: 1.3600  q_loss: 0.0040  reward_max: 0.4805  reward_mean: -0.0137  reward_min: -2.1867  state_cost_loss: 1.3640  value_loss: 0.2024
Step:   780000  |  score: 108.34 ± 0.52  |  actor_loss: -1.7860  cost_loss: 1.3696  q_loss: 0.0033  reward_max: 0.6622  reward_mean: -0.0016  reward_min: -1.3403  state_cost_loss: 1.3711  value_loss: 0.2180
Step:   790000  |  score: 108.43 ± 0.40  |  actor_loss: -1.4523  cost_loss: 1.3565  q_loss: 0.0041  reward_max: 1.5188  reward_mean: -0.0002  reward_min: -0.7337  state_cost_loss: 1.3581  value_loss: 0.2458
Step:   800000  |  score: 108.30 ± 0.42  |  actor_loss: -1.7799  cost_loss: 1.3643  q_loss: 0.0031  reward_max: 0.6278  reward_mean: -0.0022  reward_min: -1.8079  state_cost_loss: 1.3646  value_loss: 0.1893
Step:   810000  |  score: 108.89 ± 0.35  |  actor_loss: -1.7308  cost_loss: 1.3655  q_loss: 0.0039  reward_max: 0.9658  reward_mean: 0.0034  reward_min: -0.6937  state_cost_loss: 1.3665  value_loss: 0.2187
Step:   820000  |  score: 108.10 ± 0.48  |  actor_loss: -1.5811  cost_loss: 1.3594  q_loss: 0.0051  reward_max: 0.8495  reward_mean: -0.0018  reward_min: -1.3169  state_cost_loss: 1.3603  value_loss: 0.2163
Step:   830000  |  score: 108.10 ± 0.35  |  actor_loss: -1.9880  cost_loss: 1.3650  q_loss: 0.0038  reward_max: 1.3015  reward_mean: 0.0066  reward_min: -0.9020  state_cost_loss: 1.3631  value_loss: 0.2392
Step:   840000  |  score: 108.79 ± 0.21  |  actor_loss: -1.7280  cost_loss: 1.3626  q_loss: 0.0032  reward_max: 0.9990  reward_mean: -0.0051  reward_min: -2.2380  state_cost_loss: 1.3639  value_loss: 0.2237
Step:   850000  |  score: 108.81 ± 0.31  |  actor_loss: -1.1177  cost_loss: 1.3650  q_loss: 0.0029  reward_max: 0.7921  reward_mean: 0.0041  reward_min: -0.3449  state_cost_loss: 1.3648  value_loss: 0.2178
Step:   860000  |  score: 108.55 ± 0.21  |  actor_loss: -1.5369  cost_loss: 1.3665  q_loss: 0.0027  reward_max: 0.4745  reward_mean: -0.0022  reward_min: -1.1780  state_cost_loss: 1.3690  value_loss: 0.2122
Step:   870000  |  score: 108.51 ± 0.24  |  actor_loss: -1.6297  cost_loss: 1.3655  q_loss: 0.0025  reward_max: 0.7861  reward_mean: 0.0041  reward_min: -0.5523  state_cost_loss: 1.3665  value_loss: 0.2122
Step:   880000  |  score: 108.68 ± 0.45  |  actor_loss: -1.5629  cost_loss: 1.3597  q_loss: 0.0041  reward_max: 0.9057  reward_mean: -0.0041  reward_min: -2.1339  state_cost_loss: 1.3619  value_loss: 0.2170
Step:   890000  |  score: 108.92 ± 0.34  |  actor_loss: -1.5101  cost_loss: 1.3563  q_loss: 0.0034  reward_max: 1.2692  reward_mean: 0.0045  reward_min: -1.7220  state_cost_loss: 1.3572  value_loss: 0.2439
Step:   900000  |  score: 108.66 ± 0.53  |  actor_loss: -1.2254  cost_loss: 1.3556  q_loss: 0.0039  reward_max: 1.0030  reward_mean: -0.0028  reward_min: -2.1327  state_cost_loss: 1.3548  value_loss: 0.2307
Step:   910000  |  score: 108.82 ± 0.33  |  actor_loss: -1.3714  cost_loss: 1.3549  q_loss: 0.0042  reward_max: 1.2562  reward_mean: 0.0022  reward_min: -1.5099  state_cost_loss: 1.3552  value_loss: 0.2508
Step:   920000  |  score: 108.09 ± 0.78  |  actor_loss: -2.0776  cost_loss: 1.3702  q_loss: 0.0019  reward_max: 0.2579  reward_mean: 0.0036  reward_min: -0.4830  state_cost_loss: 1.3693  value_loss: 0.1983
Step:   930000  |  score: 108.45 ± 0.21  |  actor_loss: -1.6430  cost_loss: 1.3645  q_loss: 0.0030  reward_max: 0.4377  reward_mean: -0.0028  reward_min: -0.5038  state_cost_loss: 1.3669  value_loss: 0.2298
Step:   940000  |  score: 108.15 ± 0.36  |  actor_loss: -1.5673  cost_loss: 1.3593  q_loss: 0.0041  reward_max: 1.0885  reward_mean: 0.0037  reward_min: -1.0753  state_cost_loss: 1.3611  value_loss: 0.2113
Step:   950000  |  score: 108.82 ± 0.28  |  actor_loss: -1.2746  cost_loss: 1.3559  q_loss: 0.0041  reward_max: 1.0273  reward_mean: -0.0004  reward_min: -2.1624  state_cost_loss: 1.3549  value_loss: 0.2338
Step:   960000  |  score: 108.72 ± 0.21  |  actor_loss: -1.4951  cost_loss: 1.3616  q_loss: 0.0032  reward_max: 1.0709  reward_mean: -0.0026  reward_min: -1.7496  state_cost_loss: 1.3623  value_loss: 0.2129
Step:   970000  |  score: 108.68 ± 0.12  |  actor_loss: -1.4610  cost_loss: 1.3612  q_loss: 0.0040  reward_max: 0.9759  reward_mean: 0.0009  reward_min: -1.5483  state_cost_loss: 1.3618  value_loss: 0.2231
Step:   980000  |  score: 108.90 ± 0.28  |  actor_loss: -1.4168  cost_loss: 1.3541  q_loss: 0.0039  reward_max: 1.0845  reward_mean: -0.0071  reward_min: -2.3892  state_cost_loss: 1.3545  value_loss: 0.2269
Step:   990000  |  score: 108.35 ± 0.24  |  actor_loss: -1.6039  cost_loss: 1.3574  q_loss: 0.0050  reward_max: 0.7946  reward_mean: 0.0022  reward_min: -2.1977  state_cost_loss: 1.3573  value_loss: 0.2245
Step:  1000000  |  score: 108.50 ± 0.17  |  actor_loss: -1.5702  cost_loss: 1.3614  q_loss: 0.0030  reward_max: 0.6543  reward_mean: 0.0002  reward_min: -0.6110  state_cost_loss: 1.3623  value_loss: 0.2183
Step:  1010000  |  score: 108.70 ± 0.18  |  actor_loss: -1.7790  cost_loss: 1.3580  q_loss: 0.0032  reward_max: 0.6095  reward_mean: -0.0148  reward_min: -2.3172  state_cost_loss: 1.3618  value_loss: 0.2133
Step:  1020000  |  score: 108.16 ± 0.59  |  actor_loss: -1.5701  cost_loss: 1.3622  q_loss: 0.0038  reward_max: 0.7988  reward_mean: -0.0081  reward_min: -1.6168  state_cost_loss: 1.3632  value_loss: 0.2107
Step:  1030000  |  score: 108.18 ± 0.33  |  actor_loss: -1.4885  cost_loss: 1.3521  q_loss: 0.0038  reward_max: 0.8724  reward_mean: -0.0043  reward_min: -1.7398  state_cost_loss: 1.3527  value_loss: 0.2254
Step:  1040000  |  score: 108.58 ± 0.26  |  actor_loss: -1.5597  cost_loss: 1.3631  q_loss: 0.0032  reward_max: 0.4715  reward_mean: -0.0134  reward_min: -2.1452  state_cost_loss: 1.3660  value_loss: 0.2225
Step:  1050000  |  score: 108.18 ± 0.79  |  actor_loss: -1.5207  cost_loss: 1.3648  q_loss: 0.0028  reward_max: 0.8287  reward_mean: -0.0014  reward_min: -0.3118  state_cost_loss: 1.3658  value_loss: 0.2325
Step:  1060000  |  score: 108.84 ± 0.29  |  actor_loss: -1.7142  cost_loss: 1.3616  q_loss: 0.0032  reward_max: 0.9755  reward_mean: -0.0062  reward_min: -2.3880  state_cost_loss: 1.3644  value_loss: 0.2093
Step:  1070000  |  score: 108.86 ± 0.30  |  actor_loss: -1.8073  cost_loss: 1.3653  q_loss: 0.0024  reward_max: 0.2604  reward_mean: -0.0134  reward_min: -2.2180  state_cost_loss: 1.3683  value_loss: 0.2091
Step:  1080000  |  score: 108.66 ± 0.30  |  actor_loss: -1.6352  cost_loss: 1.3619  q_loss: 0.0031  reward_max: 0.4136  reward_mean: -0.0051  reward_min: -1.9167  state_cost_loss: 1.3632  value_loss: 0.2060
Step:  1090000  |  score: 108.70 ± 0.21  |  actor_loss: -1.8219  cost_loss: 1.3670  q_loss: 0.0045  reward_max: 1.2295  reward_mean: 0.0059  reward_min: -1.3917  state_cost_loss: 1.3661  value_loss: 0.2208
Step:  1100000  |  score: 108.73 ± 0.79  |  actor_loss: -1.7608  cost_loss: 1.3643  q_loss: 0.0043  reward_max: 1.2839  reward_mean: 0.0061  reward_min: -0.7968  state_cost_loss: 1.3663  value_loss: 0.2174
Step:  1110000  |  score: 108.38 ± 0.26  |  actor_loss: -1.6105  cost_loss: 1.3572  q_loss: 0.0038  reward_max: 0.8300  reward_mean: -0.0062  reward_min: -2.3430  state_cost_loss: 1.3585  value_loss: 0.2243
Step:  1120000  |  score: 108.53 ± 0.25  |  actor_loss: -1.4825  cost_loss: 1.3565  q_loss: 0.0030  reward_max: 0.8074  reward_mean: -0.0063  reward_min: -1.3317  state_cost_loss: 1.3575  value_loss: 0.2093
Step:  1130000  |  score: 108.72 ± 0.35  |  actor_loss: -1.6885  cost_loss: 1.3641  q_loss: 0.0029  reward_max: 0.6717  reward_mean: -0.0005  reward_min: -2.0910  state_cost_loss: 1.3643  value_loss: 0.2282
Step:  1140000  |  score: 108.63 ± 0.29  |  actor_loss: -1.9110  cost_loss: 1.3646  q_loss: 0.0027  reward_max: 0.7560  reward_mean: -0.0071  reward_min: -1.8717  state_cost_loss: 1.3658  value_loss: 0.2154
Step:  1150000  |  score: 108.55 ± 0.25  |  actor_loss: -1.5402  cost_loss: 1.3610  q_loss: 0.0045  reward_max: 0.7902  reward_mean: -0.0053  reward_min: -2.1154  state_cost_loss: 1.3607  value_loss: 0.1793
Step:  1160000  |  score: 108.63 ± 0.83  |  actor_loss: -1.6750  cost_loss: 1.3580  q_loss: 0.0030  reward_max: 0.8632  reward_mean: -0.0119  reward_min: -2.2450  state_cost_loss: 1.3615  value_loss: 0.2117
Step:  1170000  |  score: 108.36 ± 0.41  |  actor_loss: -1.3604  cost_loss: 1.3571  q_loss: 0.0031  reward_max: 0.7641  reward_mean: -0.0050  reward_min: -0.8724  state_cost_loss: 1.3558  value_loss: 0.2276
Step:  1180000  |  score: 107.92 ± 0.81  |  actor_loss: -1.8632  cost_loss: 1.3670  q_loss: 0.0036  reward_max: 0.7505  reward_mean: 0.0050  reward_min: -0.1036  state_cost_loss: 1.3676  value_loss: 0.2293
Step:  1190000  |  score: 108.02 ± 0.83  |  actor_loss: -1.8366  cost_loss: 1.3617  q_loss: 0.0059  reward_max: 0.3758  reward_mean: -0.0027  reward_min: -1.7743  state_cost_loss: 1.3617  value_loss: 0.2160
Step:  1200000  |  score: 108.43 ± 0.78  |  actor_loss: -1.3085  cost_loss: 1.3509  q_loss: 0.0044  reward_max: 0.8483  reward_mean: -0.0004  reward_min: -1.6952  state_cost_loss: 1.3529  value_loss: 0.2021
Step:  1210000  |  score: 108.53 ± 0.30  |  actor_loss: -1.5767  cost_loss: 1.3577  q_loss: 0.0039  reward_max: 0.9248  reward_mean: -0.0056  reward_min: -1.4620  state_cost_loss: 1.3582  value_loss: 0.2221
Step:  1220000  |  score: 108.68 ± 0.35  |  actor_loss: -2.1871  cost_loss: 1.3649  q_loss: 0.0035  reward_max: 1.1824  reward_mean: 0.0018  reward_min: -0.3220  state_cost_loss: 1.3653  value_loss: 0.2260
Step:  1230000  |  score: 108.80 ± 0.17  |  actor_loss: -1.5960  cost_loss: 1.3599  q_loss: 0.0052  reward_max: 1.0205  reward_mean: 0.0051  reward_min: -0.9491  state_cost_loss: 1.3595  value_loss: 0.2446
Step:  1240000  |  score: 108.86 ± 0.26  |  actor_loss: -1.6252  cost_loss: 1.3639  q_loss: 0.0039  reward_max: 0.9456  reward_mean: 0.0047  reward_min: -2.1645  state_cost_loss: 1.3619  value_loss: 0.2325
Step:  1250000  |  score: 108.68 ± 0.14  |  actor_loss: -1.6645  cost_loss: 1.3600  q_loss: 0.0030  reward_max: 0.5781  reward_mean: -0.0093  reward_min: -2.1766  state_cost_loss: 1.3629  value_loss: 0.2268
Step:  1260000  |  score: 107.74 ± 0.86  |  actor_loss: -1.8129  cost_loss: 1.3598  q_loss: 0.0023  reward_max: 0.9693  reward_mean: 0.0081  reward_min: -1.4124  state_cost_loss: 1.3606  value_loss: 0.2310
Step:  1270000  |  score: 108.69 ± 0.15  |  actor_loss: -1.8084  cost_loss: 1.3671  q_loss: 0.0036  reward_max: 0.8178  reward_mean: -0.0093  reward_min: -2.2099  state_cost_loss: 1.3686  value_loss: 0.2163
Step:  1280000  |  score: 108.57 ± 0.31  |  actor_loss: -1.8681  cost_loss: 1.3632  q_loss: 0.0032  reward_max: 0.9612  reward_mean: 0.0058  reward_min: -2.2005  state_cost_loss: 1.3636  value_loss: 0.2397
Step:  1290000  |  score: 107.89 ± 0.57  |  actor_loss: -1.5983  cost_loss: 1.3638  q_loss: 0.0031  reward_max: 0.8668  reward_mean: 0.0001  reward_min: -1.6520  state_cost_loss: 1.3661  value_loss: 0.2213
Step:  1300000  |  score: 108.55 ± 0.41  |  actor_loss: -1.6883  cost_loss: 1.3592  q_loss: 0.0036  reward_max: 0.5728  reward_mean: -0.0028  reward_min: -0.7766  state_cost_loss: 1.3610  value_loss: 0.2086
Step:  1310000  |  score: 109.00 ± 0.41  |  actor_loss: -1.9702  cost_loss: 1.3636  q_loss: 0.0039  reward_max: 0.5058  reward_mean: -0.0034  reward_min: -1.0341  state_cost_loss: 1.3620  value_loss: 0.2267
Step:  1320000  |  score: 108.55 ± 0.26  |  actor_loss: -1.5950  cost_loss: 1.3618  q_loss: 0.0033  reward_max: 0.9482  reward_mean: -0.0021  reward_min: -1.0685  state_cost_loss: 1.3606  value_loss: 0.2385
Step:  1330000  |  score: 109.10 ± 0.18  |  actor_loss: -1.7550  cost_loss: 1.3626  q_loss: 0.0029  reward_max: 0.3594  reward_mean: -0.0038  reward_min: -1.3266  state_cost_loss: 1.3632  value_loss: 0.2185
Step:  1340000  |  score: 108.68 ± 0.16  |  actor_loss: -1.8683  cost_loss: 1.3669  q_loss: 0.0033  reward_max: 0.9641  reward_mean: -0.0046  reward_min: -2.3627  state_cost_loss: 1.3671  value_loss: 0.2244
Step:  1350000  |  score: 108.89 ± 0.41  |  actor_loss: -1.8330  cost_loss: 1.3616  q_loss: 0.0033  reward_max: 0.9332  reward_mean: 0.0041  reward_min: -0.7338  state_cost_loss: 1.3618  value_loss: 0.2407
Step:  1360000  |  score: 108.59 ± 0.31  |  actor_loss: -1.5686  cost_loss: 1.3665  q_loss: 0.0030  reward_max: 0.2488  reward_mean: -0.0063  reward_min: -2.0770  state_cost_loss: 1.3685  value_loss: 0.2216
Step:  1370000  |  score: 108.31 ± 0.75  |  actor_loss: -1.4551  cost_loss: 1.3541  q_loss: 0.0034  reward_max: 1.1145  reward_mean: -0.0014  reward_min: -0.6478  state_cost_loss: 1.3537  value_loss: 0.2254
Step:  1380000  |  score: 108.72 ± 0.20  |  actor_loss: -1.8211  cost_loss: 1.3700  q_loss: 0.0030  reward_max: 1.0479  reward_mean: 0.0024  reward_min: -0.7304  state_cost_loss: 1.3687  value_loss: 0.2284
Step:  1390000  |  score: 108.49 ± 0.41  |  actor_loss: -1.6966  cost_loss: 1.3636  q_loss: 0.0036  reward_max: 0.7671  reward_mean: 0.0033  reward_min: -2.1351  state_cost_loss: 1.3647  value_loss: 0.2275
Step:  1400000  |  score: 108.93 ± 0.16  |  actor_loss: -1.7252  cost_loss: 1.3601  q_loss: 0.0053  reward_max: 0.5253  reward_mean: 0.0029  reward_min: -0.5713  state_cost_loss: 1.3600  value_loss: 0.2279
Step:  1410000  |  score: 108.39 ± 0.51  |  actor_loss: -1.7077  cost_loss: 1.3638  q_loss: 0.0031  reward_max: 1.0859  reward_mean: 0.0046  reward_min: -0.5130  state_cost_loss: 1.3624  value_loss: 0.2238
Step:  1420000  |  score: 108.60 ± 0.20  |  actor_loss: -1.3291  cost_loss: 1.3510  q_loss: 0.0049  reward_max: 0.9876  reward_mean: -0.0049  reward_min: -2.3298  state_cost_loss: 1.3512  value_loss: 0.2089
Step:  1430000  |  score: 108.43 ± 0.22  |  actor_loss: -1.6336  cost_loss: 1.3572  q_loss: 0.0053  reward_max: 0.7369  reward_mean: -0.0204  reward_min: -2.2038  state_cost_loss: 1.3609  value_loss: 0.2011
Step:  1440000  |  score: 108.63 ± 0.19  |  actor_loss: -1.7170  cost_loss: 1.3627  q_loss: 0.0019  reward_max: 0.9263  reward_mean: -0.0036  reward_min: -2.0083  state_cost_loss: 1.3634  value_loss: 0.2044
Step:  1450000  |  score: 108.63 ± 0.12  |  actor_loss: -1.3317  cost_loss: 1.3504  q_loss: 0.0040  reward_max: 0.6105  reward_mean: -0.0027  reward_min: -1.1280  state_cost_loss: 1.3519  value_loss: 0.2229
Step:  1460000  |  score: 108.87 ± 0.28  |  actor_loss: -1.6328  cost_loss: 1.3620  q_loss: 0.0048  reward_max: 0.4951  reward_mean: -0.0042  reward_min: -0.7287  state_cost_loss: 1.3612  value_loss: 0.2044
Step:  1470000  |  score: 109.03 ± 0.24  |  actor_loss: -1.4685  cost_loss: 1.3551  q_loss: 0.0040  reward_max: 0.6025  reward_mean: -0.0067  reward_min: -1.6980  state_cost_loss: 1.3563  value_loss: 0.1905
Step:  1480000  |  score: 108.15 ± 0.48  |  actor_loss: -1.7180  cost_loss: 1.3610  q_loss: 0.0030  reward_max: 0.6732  reward_mean: -0.0037  reward_min: -2.4480  state_cost_loss: 1.3626  value_loss: 0.2007
Step:  1490000  |  score: 108.75 ± 0.33  |  actor_loss: -2.0908  cost_loss: 1.3676  q_loss: 0.0026  reward_max: 0.6459  reward_mean: -0.0067  reward_min: -1.8058  state_cost_loss: 1.3709  value_loss: 0.2061
Step:  1500000  |  score: 108.47 ± 0.15  |  actor_loss: -2.0550  cost_loss: 1.3728  q_loss: 0.0020  reward_max: 0.5289  reward_mean: 0.0014  reward_min: -0.4547  state_cost_loss: 1.3723  value_loss: 0.2003
Step:  1510000  |  score: 108.44 ± 0.48  |  actor_loss: -2.1034  cost_loss: 1.3621  q_loss: 0.0044  reward_max: 0.4954  reward_mean: -0.0077  reward_min: -2.2638  state_cost_loss: 1.3606  value_loss: 0.2113
Step:  1520000  |  score: 107.97 ± 0.51  |  actor_loss: -1.4954  cost_loss: 1.3590  q_loss: 0.0039  reward_max: 0.4676  reward_mean: -0.0074  reward_min: -2.5480  state_cost_loss: 1.3617  value_loss: 0.1796
Step:  1530000  |  score: 108.89 ± 0.35  |  actor_loss: -1.6983  cost_loss: 1.3613  q_loss: 0.0023  reward_max: 0.9807  reward_mean: -0.0034  reward_min: -2.2345  state_cost_loss: 1.3597  value_loss: 0.2155
Step:  1540000  |  score: 108.45 ± 0.28  |  actor_loss: -1.4544  cost_loss: 1.3603  q_loss: 0.0034  reward_max: 0.4746  reward_mean: -0.0019  reward_min: -2.0767  state_cost_loss: 1.3610  value_loss: 0.2265
Step:  1550000  |  score: 108.53 ± 0.43  |  actor_loss: -2.0617  cost_loss: 1.3635  q_loss: 0.0044  reward_max: 0.5175  reward_mean: -0.0043  reward_min: -2.4307  state_cost_loss: 1.3649  value_loss: 0.2072
Step:  1560000  |  score: 109.07 ± 0.23  |  actor_loss: -1.1463  cost_loss: 1.3457  q_loss: 0.0053  reward_max: 0.9458  reward_mean: -0.0146  reward_min: -2.4583  state_cost_loss: 1.3485  value_loss: 0.2264
Step:  1570000  |  score: 108.91 ± 0.23  |  actor_loss: -1.9563  cost_loss: 1.3654  q_loss: 0.0036  reward_max: 0.5700  reward_mean: -0.0064  reward_min: -2.3610  state_cost_loss: 1.3669  value_loss: 0.1892
Step:  1580000  |  score: 108.79 ± 0.20  |  actor_loss: -1.7104  cost_loss: 1.3591  q_loss: 0.0029  reward_max: 0.7789  reward_mean: -0.0003  reward_min: -1.1487  state_cost_loss: 1.3593  value_loss: 0.2318
Step:  1590000  |  score: 108.92 ± 0.30  |  actor_loss: -1.6534  cost_loss: 1.3610  q_loss: 0.0035  reward_max: 1.1404  reward_mean: -0.0039  reward_min: -0.7204  state_cost_loss: 1.3628  value_loss: 0.1898
Step:  1600000  |  score: 108.57 ± 0.21  |  actor_loss: -1.9337  cost_loss: 1.3611  q_loss: 0.0039  reward_max: 0.9006  reward_mean: -0.0018  reward_min: -0.5197  state_cost_loss: 1.3614  value_loss: 0.2145
Step:  1610000  |  score: 108.69 ± 0.06  |  actor_loss: -2.1453  cost_loss: 1.3696  q_loss: 0.0022  reward_max: 1.0478  reward_mean: 0.0039  reward_min: -2.2574  state_cost_loss: 1.3727  value_loss: 0.2037
Step:  1620000  |  score: 108.90 ± 0.31  |  actor_loss: -1.3822  cost_loss: 1.3525  q_loss: 0.0052  reward_max: 0.6267  reward_mean: -0.0108  reward_min: -1.9614  state_cost_loss: 1.3526  value_loss: 0.2124
Step:  1630000  |  score: 107.56 ± 0.99  |  actor_loss: -1.9191  cost_loss: 1.3647  q_loss: 0.0025  reward_max: 0.8001  reward_mean: -0.0018  reward_min: -1.4858  state_cost_loss: 1.3661  value_loss: 0.2163
Step:  1640000  |  score: 108.20 ± 0.41  |  actor_loss: -1.7596  cost_loss: 1.3594  q_loss: 0.0029  reward_max: 0.6422  reward_mean: -0.0005  reward_min: -1.6394  state_cost_loss: 1.3577  value_loss: 0.2128
Step:  1650000  |  score: 108.73 ± 0.16  |  actor_loss: -1.7911  cost_loss: 1.3643  q_loss: 0.0034  reward_max: 1.0409  reward_mean: 0.0056  reward_min: -0.4588  state_cost_loss: 1.3610  value_loss: 0.2174
Step:  1660000  |  score: 108.41 ± 0.28  |  actor_loss: -1.7937  cost_loss: 1.3626  q_loss: 0.0029  reward_max: 0.6959  reward_mean: -0.0069  reward_min: -2.7472  state_cost_loss: 1.3622  value_loss: 0.2033
Step:  1670000  |  score: 108.72 ± 0.29  |  actor_loss: -1.5272  cost_loss: 1.3516  q_loss: 0.0033  reward_max: 1.1387  reward_mean: 0.0041  reward_min: -2.1597  state_cost_loss: 1.3526  value_loss: 0.2025
Step:  1680000  |  score: 108.32 ± 0.55  |  actor_loss: -2.0672  cost_loss: 1.3677  q_loss: 0.0038  reward_max: 0.9675  reward_mean: 0.0075  reward_min: -0.3501  state_cost_loss: 1.3674  value_loss: 0.2090
Step:  1690000  |  score: 108.83 ± 0.27  |  actor_loss: -1.6615  cost_loss: 1.3594  q_loss: 0.0028  reward_max: 0.8680  reward_mean: -0.0025  reward_min: -0.5993  state_cost_loss: 1.3592  value_loss: 0.2166
Step:  1700000  |  score: 109.37 ± 0.27  |  actor_loss: -1.7702  cost_loss: 1.3603  q_loss: 0.0029  reward_max: 0.9080  reward_mean: -0.0098  reward_min: -2.2880  state_cost_loss: 1.3619  value_loss: 0.2081
Step:  1710000  |  score: 108.75 ± 0.21  |  actor_loss: -1.4325  cost_loss: 1.3555  q_loss: 0.0045  reward_max: 0.8898  reward_mean: -0.0085  reward_min: -2.3510  state_cost_loss: 1.3557  value_loss: 0.2004
Step:  1720000  |  score: 109.08 ± 0.11  |  actor_loss: -1.0345  cost_loss: 1.3478  q_loss: 0.0065  reward_max: 1.0997  reward_mean: -0.0099  reward_min: -2.5350  state_cost_loss: 1.3501  value_loss: 0.2113
Step:  1730000  |  score: 108.70 ± 0.16  |  actor_loss: -2.0193  cost_loss: 1.3697  q_loss: 0.0024  reward_max: 0.6332  reward_mean: -0.0035  reward_min: -1.9567  state_cost_loss: 1.3710  value_loss: 0.2118
Step:  1740000  |  score: 108.85 ± 0.22  |  actor_loss: -1.6621  cost_loss: 1.3591  q_loss: 0.0041  reward_max: 0.9305  reward_mean: -0.0035  reward_min: -1.1690  state_cost_loss: 1.3590  value_loss: 0.2018
Step:  1750000  |  score: 108.36 ± 0.42  |  actor_loss: -1.7197  cost_loss: 1.3618  q_loss: 0.0047  reward_max: 0.9038  reward_mean: -0.0008  reward_min: -2.3656  state_cost_loss: 1.3602  value_loss: 0.1897
Step:  1760000  |  score: 108.79 ± 0.20  |  actor_loss: -1.7089  cost_loss: 1.3664  q_loss: 0.0026  reward_max: 0.5224  reward_mean: -0.0028  reward_min: -2.2831  state_cost_loss: 1.3693  value_loss: 0.1927
Step:  1770000  |  score: 108.67 ± 0.73  |  actor_loss: -2.0399  cost_loss: 1.3699  q_loss: 0.0026  reward_max: 0.6019  reward_mean: 0.0007  reward_min: -1.1183  state_cost_loss: 1.3707  value_loss: 0.2199
Step:  1780000  |  score: 108.48 ± 0.32  |  actor_loss: -2.2054  cost_loss: 1.3740  q_loss: 0.0019  reward_max: 0.5226  reward_mean: -0.0035  reward_min: -2.3867  state_cost_loss: 1.3740  value_loss: 0.2233
Step:  1790000  |  score: 108.65 ± 0.09  |  actor_loss: -1.5095  cost_loss: 1.3560  q_loss: 0.0033  reward_max: 0.6018  reward_mean: -0.0103  reward_min: -2.2367  state_cost_loss: 1.3582  value_loss: 0.1904
Step:  1800000  |  score: 108.71 ± 0.29  |  actor_loss: -1.6170  cost_loss: 1.3588  q_loss: 0.0032  reward_max: 0.9376  reward_mean: -0.0040  reward_min: -2.2814  state_cost_loss: 1.3584  value_loss: 0.2045
Step:  1810000  |  score: 109.06 ± 0.15  |  actor_loss: -1.6368  cost_loss: 1.3601  q_loss: 0.0026  reward_max: 0.8504  reward_mean: -0.0054  reward_min: -2.8498  state_cost_loss: 1.3605  value_loss: 0.2099
Step:  1820000  |  score: 108.53 ± 0.26  |  actor_loss: -1.7222  cost_loss: 1.3550  q_loss: 0.0038  reward_max: 1.0134  reward_mean: -0.0041  reward_min: -1.0060  state_cost_loss: 1.3574  value_loss: 0.2103
Step:  1830000  |  score: 108.66 ± 0.18  |  actor_loss: -1.3776  cost_loss: 1.3609  q_loss: 0.0029  reward_max: 0.9645  reward_mean: -0.0007  reward_min: -2.0811  state_cost_loss: 1.3624  value_loss: 0.2227
Step:  1840000  |  score: 108.67 ± 0.13  |  actor_loss: -1.7445  cost_loss: 1.3561  q_loss: 0.0045  reward_max: 0.9240  reward_mean: -0.0049  reward_min: -2.4511  state_cost_loss: 1.3573  value_loss: 0.2132
Step:  1850000  |  score: 108.84 ± 0.21  |  actor_loss: -2.0868  cost_loss: 1.3644  q_loss: 0.0026  reward_max: 0.7457  reward_mean: -0.0071  reward_min: -2.4189  state_cost_loss: 1.3653  value_loss: 0.2178
Step:  1860000  |  score: 108.67 ± 0.16  |  actor_loss: -1.2857  cost_loss: 1.3549  q_loss: 0.0031  reward_max: 0.5400  reward_mean: -0.0096  reward_min: -2.0892  state_cost_loss: 1.3550  value_loss: 0.2050
Step:  1870000  |  score: 107.84 ± 0.48  |  actor_loss: -2.1839  cost_loss: 1.3689  q_loss: 0.0038  reward_max: 0.5352  reward_mean: 0.0011  reward_min: -0.5913  state_cost_loss: 1.3704  value_loss: 0.2250
Step:  1880000  |  score: 108.70 ± 0.18  |  actor_loss: -1.6703  cost_loss: 1.3558  q_loss: 0.0046  reward_max: 0.6761  reward_mean: 0.0023  reward_min: -0.4474  state_cost_loss: 1.3566  value_loss: 0.2144
Step:  1890000  |  score: 108.76 ± 0.16  |  actor_loss: -1.9931  cost_loss: 1.3689  q_loss: 0.0035  reward_max: 1.0013  reward_mean: -0.0005  reward_min: -2.3246  state_cost_loss: 1.3712  value_loss: 0.2218
Step:  1900000  |  score: 108.29 ± 0.68  |  actor_loss: -1.7239  cost_loss: 1.3631  q_loss: 0.0024  reward_max: 0.5445  reward_mean: -0.0088  reward_min: -2.6433  state_cost_loss: 1.3649  value_loss: 0.1974
Step:  1910000  |  score: 108.68 ± 0.21  |  actor_loss: -1.7107  cost_loss: 1.3566  q_loss: 0.0026  reward_max: 0.6439  reward_mean: -0.0089  reward_min: -2.4644  state_cost_loss: 1.3593  value_loss: 0.2016
Step:  1920000  |  score: 108.98 ± 0.38  |  actor_loss: -2.1801  cost_loss: 1.3676  q_loss: 0.0035  reward_max: 0.9065  reward_mean: -0.0026  reward_min: -0.7811  state_cost_loss: 1.3688  value_loss: 0.2062
Step:  1930000  |  score: 109.20 ± 0.26  |  actor_loss: -1.3211  cost_loss: 1.3569  q_loss: 0.0026  reward_max: 0.8097  reward_mean: -0.0025  reward_min: -2.6014  state_cost_loss: 1.3570  value_loss: 0.2084
Step:  1940000  |  score: 108.69 ± 0.23  |  actor_loss: -1.9381  cost_loss: 1.3653  q_loss: 0.0020  reward_max: 0.9595  reward_mean: 0.0044  reward_min: -0.1607  state_cost_loss: 1.3641  value_loss: 0.2397
Step:  1950000  |  score: 108.32 ± 0.63  |  actor_loss: -2.1803  cost_loss: 1.3652  q_loss: 0.0025  reward_max: 0.9561  reward_mean: -0.0018  reward_min: -2.3374  state_cost_loss: 1.3666  value_loss: 0.2192
Step:  1960000  |  score: 108.62 ± 0.22  |  actor_loss: -1.7888  cost_loss: 1.3671  q_loss: 0.0029  reward_max: 0.9767  reward_mean: 0.0069  reward_min: -0.2789  state_cost_loss: 1.3672  value_loss: 0.2190
Step:  1970000  |  score: 108.68 ± 0.40  |  actor_loss: -1.8301  cost_loss: 1.3642  q_loss: 0.0027  reward_max: 0.4121  reward_mean: 0.0009  reward_min: -0.5594  state_cost_loss: 1.3652  value_loss: 0.1970
Step:  1980000  |  score: 108.59 ± 0.38  |  actor_loss: -1.6393  cost_loss: 1.3594  q_loss: 0.0022  reward_max: 0.7839  reward_mean: 0.0000  reward_min: -2.2955  state_cost_loss: 1.3603  value_loss: 0.2021
Step:  1990000  |  score: 108.51 ± 0.40  |  actor_loss: -1.9692  cost_loss: 1.3673  q_loss: 0.0023  reward_max: 0.7810  reward_mean: 0.0040  reward_min: -0.2600  state_cost_loss: 1.3676  value_loss: 0.2044
Step:  2000000  |  score: 108.66 ± 0.23  |  actor_loss: -2.0571  cost_loss: 1.3660  q_loss: 0.0028  reward_max: 1.0238  reward_mean: -0.0058  reward_min: -2.0460  state_cost_loss: 1.3660  value_loss: 0.2041
Final evaluation (13 iterations)...
Final score: 108.72 ± 0.19
wandb: WARNING Symlinked 1 file into the W&B run directory; call wandb.save again to sync new files.
wandb: updating run metadata
wandb: uploading wandb-summary.json; uploading config.yaml; uploading final_returns/cdemodice_walker2d-expert-v2_2026-03-18_21-43-53.npz; uploading output.log
wandb: uploading data
wandb: 
wandb: Run history:
wandb:  actor_loss ▅▅▅▄▅▂▃▃█▄▃▅▄▄▄▄▁▃▃▄▄▄▄▃▅▂▄▂▄▅▄▂▁▃▅▄▅▃▅▂
wandb:   cost_loss ▇▅▆▆▂▅▄▆▃▅▅▇▃▅▅▅▅▆▆▄▅▄▅█▄▄▆▄▅▇▄▃▁▇█▇▇▅▆▆
wandb: num_updates ▁▁▁▁▁▂▂▂▂▂▃▃▃▃▃▄▄▄▄▄▅▅▅▅▅▅▅▆▆▆▆▆▆▆▆▇▇▇▇█
wandb:      q_loss █▆▅▅▃█▂▂▇▆▄▄▆▂▄▄▃▄▃▃▅▄▃▁▃▃▃▆▃▆▄▄▅▂▂▂▂▂▃▁
wandb:      return ▁▄▆▃▇▁▄▄▅▄▁▇▅▅▇▆▆▅▃▅▅▅▄▅▆▅▅▅▃▅▅▄▆█▆▅▅▆▄▅
wandb:  reward_max ▆▄▂▃▁▅▁▄▄▄▃▅▄▂▂█▅▅▆▆▄▂▄▅▇▃▁▂▄▂▆▅▂▅▂▂▂▂▄▃
wandb: reward_mean █▆▄▅▁▂▄▃▄▃▄▅▃▅▅▅▅▆▆▃▄▃▃▄▃▅▆▄▄▃▅▃▃▃▃▅▄▅▅▆
wandb:  reward_min ▃▃▃▂▄▃▂▄▇▃▆▂▂▂▂▅▇▃▇▂▇▂▄▆█▃▅▄▃▇▂▂▅▂▂▇▇▁▁▃
wandb:       score ▁███████████████████████████████████████
wandb:   score_std ▃▃█▅▃▄▂▂▂▃▅▂▃▄▂▃▆▂█▃▄▂▃▄▅▄▅▃▂▁▃▂▄▂▃▂▃▂▃▄
wandb:          +2 ...
wandb: 
wandb: Run summary:
wandb:  actor_loss -2.05712
wandb:   cost_loss 1.36595
wandb: num_updates 2000000
wandb:      q_loss 0.00281
wandb:      return 4989.90927
wandb:  reward_max 1.02383
wandb: reward_mean -0.00583
wandb:  reward_min -2.04601
wandb:       score 108.66125
wandb:   score_std 0.23186
wandb:          +2 ...
wandb: 
wandb: 🚀 View run cdemodice_walker2d_M4_s4 at: https://wandb.ai/wsk208/DemoDICE/runs/ymugf7z1
wandb: ⭐️ View project at: https://wandb.ai/wsk208/DemoDICE
wandb: Synced 5 W&B file(s), 0 media file(s), 0 artifact file(s) and 1 other file(s)
wandb: Find logs at: ./wandb/run-20260318_211039-ymugf7z1/logs
