Warning: All of online environments libraries in D4RL have been moved ]8;;https://github.com/Farama-Foundation/Gymnasium\Gymnasium]8;;\, ]8;;https://github.com/Farama-Foundation/MiniGrid\MiniGrid]8;;\ and ]8;;https://github.com/Farama-Foundation/Gymnasium-Robotics\Gymnasium-Robotics]8;;\, and all offline datasets in D4RL have been moved to ]8;;https://github.com/Farama-Foundation/Minari\Minari]8;;\.
These new versions include large bug fixes, new versions of Python, and are where all new development will continue. Please upgrade these libraries as soon as you're able to do so.
If you'd like to read more about the story behind this switch, please check out ]8;;https://farama.org/Announcing-Minari\this blog post]8;;\.
Gym has been unmaintained since 2022 and does not support NumPy 2.0 amongst other critical functionality.
Please upgrade to Gymnasium, the maintained drop-in replacement of Gym, or contact the authors of your software and request that they upgrade.
See the migration guide at https://gymnasium.farama.org/introduction/migration_guide/ for additional information.
/opt/venv/lib/python3.10/site-packages/Cython/Distutils/old_build_ext.py:15: DeprecationWarning: dep_util is Deprecated. Use functions from setuptools instead.
  from distutils.dep_util import newer, newer_group
<frozen importlib._bootstrap>:283: DeprecationWarning: the load_module() method is deprecated and slated for removal in Python 3.12; use exec_module() instead
pybullet build time: Jan 29 2025 23:16:28
wandb: [wandb.login()] Loaded credentials for https://api.wandb.ai from /root/.netrc.
wandb: Currently logged in as: wsk208 (roidice) to https://api.wandb.ai. Use `wandb login --relogin` to force relogin
/opt/venv/lib/python3.10/site-packages/wandb/analytics/sentry.py:268: DeprecationWarning: Read the `app_url` setting from the appropriate Settings object.
  app_url = wandb.util.app_url(tags["base_url"])  # type: ignore[index]
/opt/venv/lib/python3.10/site-packages/wandb/analytics/sentry.py:279: DeprecationWarning: The `Scope.user` setter is deprecated in favor of `Scope.set_user()`.
  self.scope.user = {"email": email}
wandb: setting up run fg9kh6de
/opt/venv/lib/python3.10/site-packages/wandb/analytics/sentry.py:268: DeprecationWarning: Read the `app_url` setting from the appropriate Settings object.
  app_url = wandb.util.app_url(tags["base_url"])  # type: ignore[index]
/opt/venv/lib/python3.10/site-packages/wandb/analytics/sentry.py:279: DeprecationWarning: The `Scope.user` setter is deprecated in favor of `Scope.set_user()`.
  self.scope.user = {"email": email}
wandb: Tracking run with wandb version 0.25.1
wandb: Run data is saved locally in /app/wandb/run-20260318_083726-fg9kh6de
wandb: Run `wandb offline` to turn off syncing.
wandb: Syncing run demodice_hopper_M3_s2
wandb: ⭐️ View project at https://wandb.ai/wsk208/DemoDICE
wandb: 🚀 View run at https://wandb.ai/wsk208/DemoDICE/runs/fg9kh6de
/opt/venv/lib/python3.10/site-packages/gym/spaces/box.py:84: UserWarning: [33mWARN: Box bound precision lowered by casting to float32[0m
  logger.warn(f"Box bound precision lowered by casting to {self.dtype}")
load datafile:   0%|          | 0/21 [00:00<?, ?it/s]load datafile:  10%|▉         | 2/21 [00:00<00:01, 17.63it/s]load datafile:  19%|█▉        | 4/21 [00:00<00:02,  6.00it/s]load datafile:  81%|████████  | 17/21 [00:00<00:00, 21.78it/s]load datafile:  95%|█████████▌| 20/21 [00:01<00:00, 16.74it/s]load datafile: 100%|██████████| 21/21 [00:01<00:00, 16.91it/s]
Expert  :  999061 transitions  (hopper-expert-v2, 400 traj)
load datafile:   0%|          | 0/9 [00:00<?, ?it/s]load datafile:  33%|███▎      | 3/9 [00:00<00:00,  9.02it/s]load datafile:  44%|████▍     | 4/9 [00:00<00:00,  6.48it/s]load datafile:  56%|█████▌    | 5/9 [00:00<00:00,  4.95it/s]load datafile:  67%|██████▋   | 6/9 [00:01<00:00,  4.29it/s]load datafile: 100%|██████████| 9/9 [00:01<00:00,  7.42it/s]
Imperfect:   35054 transitions  (hopper-random-v2, 1600 traj)
Union   : 1034115 transitions total
/root/.local/share/uv/python/cpython-3.10-linux-x86_64-gnu/lib/python3.10/multiprocessing/popen_fork.py:66: RuntimeWarning: os.fork() was called. os.fork() is incompatible with multithreaded code, and JAX is multithreaded, so this will likely lead to a deadlock.
  self.pid = os.fork()
/opt/venv/lib/python3.10/site-packages/tensorflow_probability/python/internal/backend/jax/ops.py:681: DeprecationWarning: jax.interpreters.xla.pytype_aval_mappings is deprecated.
  jax.interpreters.xla.pytype_aval_mappings[onp.ndarray])
/opt/venv/lib/python3.10/site-packages/gym/spaces/box.py:84: UserWarning: [33mWARN: Box bound precision lowered by casting to float32[0m
  logger.warn(f"Box bound precision lowered by casting to {self.dtype}")
Step:    10000  |  score: 16.83 ± 21.38  |  actor_loss: -0.4642  cost_loss: 1.3707  nu_loss: 11.8379
Step:    20000  |  score: 10.63 ± 9.46  |  actor_loss: -0.7619  cost_loss: 1.3714  nu_loss: 11.5731
Step:    30000  |  score: 23.72 ± 16.19  |  actor_loss: -1.0315  cost_loss: 1.3733  nu_loss: 11.6036
Step:    40000  |  score: 21.84 ± 14.21  |  actor_loss: -0.8356  cost_loss: 1.3737  nu_loss: 11.5501
Step:    50000  |  score: 26.40 ± 14.64  |  actor_loss: -0.7541  cost_loss: 1.3619  nu_loss: 11.5667
Step:    60000  |  score: 19.85 ± 12.92  |  actor_loss: -1.0903  cost_loss: 1.3719  nu_loss: 11.4135
Step:    70000  |  score: 18.38 ± 16.18  |  actor_loss: -1.3271  cost_loss: 1.3626  nu_loss: 11.4811
Step:    80000  |  score: 30.93 ± 16.76  |  actor_loss: -0.9892  cost_loss: 1.3658  nu_loss: 11.5443
Step:    90000  |  score: 26.12 ± 15.34  |  actor_loss: -1.3379  cost_loss: 1.3643  nu_loss: 11.4261
Step:   100000  |  score: 44.38 ± 25.03  |  actor_loss: -1.3914  cost_loss: 1.3668  nu_loss: 11.2253
Step:   110000  |  score: 27.75 ± 13.29  |  actor_loss: -1.2326  cost_loss: 1.3697  nu_loss: 11.3553
Step:   120000  |  score: 27.07 ± 23.54  |  actor_loss: -1.3510  cost_loss: 1.3658  nu_loss: 11.2471
Step:   130000  |  score: 36.10 ± 21.66  |  actor_loss: -1.2316  cost_loss: 1.3681  nu_loss: 11.3402
Step:   140000  |  score: 33.83 ± 27.51  |  actor_loss: -1.2787  cost_loss: 1.3628  nu_loss: 11.0630
Step:   150000  |  score: 37.66 ± 27.94  |  actor_loss: -1.3721  cost_loss: 1.3642  nu_loss: 11.2130
Step:   160000  |  score: 29.11 ± 21.77  |  actor_loss: -1.2908  cost_loss: 1.3689  nu_loss: 11.3565
Step:   170000  |  score: 21.04 ± 12.74  |  actor_loss: -1.2793  cost_loss: 1.3592  nu_loss: 11.0495
Step:   180000  |  score: 30.54 ± 19.14  |  actor_loss: -1.1781  cost_loss: 1.3581  nu_loss: 11.2129
Step:   190000  |  score: 40.51 ± 11.80  |  actor_loss: -1.4000  cost_loss: 1.3667  nu_loss: 11.2654
Step:   200000  |  score: 42.24 ± 27.65  |  actor_loss: -1.0631  cost_loss: 1.3664  nu_loss: 11.5047
Step:   210000  |  score: 30.63 ± 27.97  |  actor_loss: -1.1493  cost_loss: 1.3627  nu_loss: 11.3169
Step:   220000  |  score: 36.66 ± 21.48  |  actor_loss: -1.2123  cost_loss: 1.3664  nu_loss: 11.2445
Step:   230000  |  score: 37.30 ± 29.62  |  actor_loss: -1.3846  cost_loss: 1.3656  nu_loss: 11.2810
Step:   240000  |  score: 66.73 ± 42.37  |  actor_loss: -1.5780  cost_loss: 1.3699  nu_loss: 11.0913
Step:   250000  |  score: 23.82 ± 19.19  |  actor_loss: -1.3198  cost_loss: 1.3657  nu_loss: 11.3379
Step:   260000  |  score: 25.37 ± 23.59  |  actor_loss: -1.2084  cost_loss: 1.3592  nu_loss: 11.3004
Step:   270000  |  score: 39.73 ± 25.83  |  actor_loss: -1.3013  cost_loss: 1.3672  nu_loss: 11.0820
Step:   280000  |  score: 33.94 ± 32.30  |  actor_loss: -1.5433  cost_loss: 1.3652  nu_loss: 10.9628
Step:   290000  |  score: 20.13 ± 26.00  |  actor_loss: -1.2072  cost_loss: 1.3552  nu_loss: 11.3561
Step:   300000  |  score: 42.31 ± 31.32  |  actor_loss: -1.2281  cost_loss: 1.3661  nu_loss: 11.0876
Step:   310000  |  score: 57.91 ± 29.12  |  actor_loss: -1.3553  cost_loss: 1.3631  nu_loss: 10.9720
Step:   320000  |  score: 40.30 ± 34.85  |  actor_loss: -1.3209  cost_loss: 1.3583  nu_loss: 11.1121
Step:   330000  |  score: 33.14 ± 28.23  |  actor_loss: -1.3287  cost_loss: 1.3694  nu_loss: 11.1408
Step:   340000  |  score: 32.31 ± 26.10  |  actor_loss: -1.1796  cost_loss: 1.3562  nu_loss: 11.2100
Step:   350000  |  score: 32.65 ± 33.84  |  actor_loss: -1.0072  cost_loss: 1.3652  nu_loss: 11.0831
Step:   360000  |  score: 23.52 ± 17.60  |  actor_loss: -1.3040  cost_loss: 1.3671  nu_loss: 11.1541
Step:   370000  |  score: 41.23 ± 23.21  |  actor_loss: -1.1333  cost_loss: 1.3583  nu_loss: 11.0432
Step:   380000  |  score: 43.77 ± 29.77  |  actor_loss: -1.2272  cost_loss: 1.3539  nu_loss: 11.2527
Step:   390000  |  score: 18.20 ± 14.82  |  actor_loss: -1.7901  cost_loss: 1.3689  nu_loss: 11.1645
Step:   400000  |  score: 23.18 ± 20.60  |  actor_loss: -1.2804  cost_loss: 1.3624  nu_loss: 11.2510
Step:   410000  |  score: 39.64 ± 38.38  |  actor_loss: -1.3842  cost_loss: 1.3653  nu_loss: 11.2036
Step:   420000  |  score: 33.93 ± 38.58  |  actor_loss: -1.0416  cost_loss: 1.3581  nu_loss: 11.1106
Step:   430000  |  score: 45.79 ± 33.55  |  actor_loss: -1.4450  cost_loss: 1.3632  nu_loss: 11.3684
Step:   440000  |  score: 24.98 ± 8.31  |  actor_loss: -0.9418  cost_loss: 1.3537  nu_loss: 11.2710
Step:   450000  |  score: 56.32 ± 39.50  |  actor_loss: -1.3613  cost_loss: 1.3553  nu_loss: 11.3108
Step:   460000  |  score: 43.41 ± 33.24  |  actor_loss: -1.1696  cost_loss: 1.3645  nu_loss: 11.1011
Step:   470000  |  score: 21.96 ± 22.74  |  actor_loss: -1.2820  cost_loss: 1.3579  nu_loss: 11.1983
Step:   480000  |  score: 12.25 ± 15.28  |  actor_loss: -1.3197  cost_loss: 1.3541  nu_loss: 11.1538
Step:   490000  |  score: 31.16 ± 28.12  |  actor_loss: -1.1167  cost_loss: 1.3531  nu_loss: 11.4264
Step:   500000  |  score: 54.17 ± 22.16  |  actor_loss: -1.6279  cost_loss: 1.3679  nu_loss: 11.0683
Step:   510000  |  score: 52.92 ± 41.03  |  actor_loss: -1.2911  cost_loss: 1.3582  nu_loss: 11.2877
Step:   520000  |  score: 44.66 ± 31.32  |  actor_loss: -1.1939  cost_loss: 1.3486  nu_loss: 11.1841
Step:   530000  |  score: 41.08 ± 39.04  |  actor_loss: -1.4409  cost_loss: 1.3618  nu_loss: 11.2960
Step:   540000  |  score: 48.92 ± 33.11  |  actor_loss: -1.5120  cost_loss: 1.3654  nu_loss: 11.1944
Step:   550000  |  score: 52.68 ± 34.11  |  actor_loss: -1.3970  cost_loss: 1.3545  nu_loss: 10.9442
Step:   560000  |  score: 25.41 ± 26.90  |  actor_loss: -1.1771  cost_loss: 1.3679  nu_loss: 11.0072
Step:   570000  |  score: 59.44 ± 37.40  |  actor_loss: -1.8567  cost_loss: 1.3655  nu_loss: 11.0294
Step:   580000  |  score: 45.51 ± 41.87  |  actor_loss: -1.1215  cost_loss: 1.3594  nu_loss: 11.0891
Step:   590000  |  score: 34.44 ± 32.68  |  actor_loss: -1.3572  cost_loss: 1.3622  nu_loss: 11.3322
Step:   600000  |  score: 34.36 ± 29.15  |  actor_loss: -1.1539  cost_loss: 1.3652  nu_loss: 11.0209
Step:   610000  |  score: 48.25 ± 41.79  |  actor_loss: -1.3972  cost_loss: 1.3648  nu_loss: 11.2515
Step:   620000  |  score: 46.73 ± 46.07  |  actor_loss: -1.1443  cost_loss: 1.3573  nu_loss: 11.1874
Step:   630000  |  score: 53.16 ± 28.51  |  actor_loss: -1.3378  cost_loss: 1.3534  nu_loss: 11.2439
Step:   640000  |  score: 53.24 ± 32.58  |  actor_loss: -1.1314  cost_loss: 1.3623  nu_loss: 11.2259
Step:   650000  |  score: 41.16 ± 29.96  |  actor_loss: -1.4665  cost_loss: 1.3601  nu_loss: 11.1104
Step:   660000  |  score: 54.04 ± 36.26  |  actor_loss: -1.2192  cost_loss: 1.3629  nu_loss: 11.0497
Step:   670000  |  score: 42.14 ± 27.44  |  actor_loss: -1.3890  cost_loss: 1.3587  nu_loss: 11.1245
Step:   680000  |  score: 48.54 ± 27.49  |  actor_loss: -1.5025  cost_loss: 1.3644  nu_loss: 11.1937
Step:   690000  |  score: 56.54 ± 35.22  |  actor_loss: -1.3917  cost_loss: 1.3641  nu_loss: 11.2353
Step:   700000  |  score: 56.49 ± 24.72  |  actor_loss: -1.5059  cost_loss: 1.3624  nu_loss: 11.1290
Step:   710000  |  score: 67.73 ± 36.48  |  actor_loss: -1.3321  cost_loss: 1.3660  nu_loss: 11.2510
Step:   720000  |  score: 64.61 ± 40.28  |  actor_loss: -1.5065  cost_loss: 1.3581  nu_loss: 10.9734
Step:   730000  |  score: 34.52 ± 35.20  |  actor_loss: -1.2977  cost_loss: 1.3626  nu_loss: 11.3239
Step:   740000  |  score: 43.00 ± 35.60  |  actor_loss: -1.6081  cost_loss: 1.3653  nu_loss: 11.1963
Step:   750000  |  score: 30.13 ± 26.39  |  actor_loss: -1.2760  cost_loss: 1.3647  nu_loss: 11.4278
Step:   760000  |  score: 67.42 ± 32.58  |  actor_loss: -1.1340  cost_loss: 1.3531  nu_loss: 11.0328
Step:   770000  |  score: 36.34 ± 43.86  |  actor_loss: -1.5415  cost_loss: 1.3643  nu_loss: 11.1275
Step:   780000  |  score: 48.88 ± 39.73  |  actor_loss: -1.1747  cost_loss: 1.3534  nu_loss: 11.3477
Step:   790000  |  score: 36.22 ± 23.66  |  actor_loss: -1.6454  cost_loss: 1.3624  nu_loss: 11.2391
Step:   800000  |  score: 31.80 ± 35.94  |  actor_loss: -1.9268  cost_loss: 1.3688  nu_loss: 11.3286
Step:   810000  |  score: 59.68 ± 39.29  |  actor_loss: -1.3068  cost_loss: 1.3631  nu_loss: 11.2774
Step:   820000  |  score: 51.38 ± 32.00  |  actor_loss: -1.5474  cost_loss: 1.3651  nu_loss: 11.1817
Step:   830000  |  score: 41.87 ± 30.46  |  actor_loss: -1.2141  cost_loss: 1.3667  nu_loss: 11.0408
Step:   840000  |  score: 33.29 ± 29.05  |  actor_loss: -1.6074  cost_loss: 1.3662  nu_loss: 11.2259
Step:   850000  |  score: 22.70 ± 27.85  |  actor_loss: -1.6049  cost_loss: 1.3656  nu_loss: 11.2131
Step:   860000  |  score: 81.80 ± 25.16  |  actor_loss: -1.5910  cost_loss: 1.3660  nu_loss: 11.2419
Step:   870000  |  score: 36.59 ± 28.86  |  actor_loss: -1.7926  cost_loss: 1.3670  nu_loss: 10.9487
Step:   880000  |  score: 36.34 ± 28.72  |  actor_loss: -1.3283  cost_loss: 1.3708  nu_loss: 11.2311
Step:   890000  |  score: 43.40 ± 31.59  |  actor_loss: -1.6087  cost_loss: 1.3681  nu_loss: 11.0838
Step:   900000  |  score: 70.23 ± 32.56  |  actor_loss: -1.2138  cost_loss: 1.3557  nu_loss: 11.2350
Step:   910000  |  score: 57.25 ± 39.53  |  actor_loss: -1.4296  cost_loss: 1.3528  nu_loss: 11.3392
Step:   920000  |  score: 30.94 ± 31.39  |  actor_loss: -1.3930  cost_loss: 1.3643  nu_loss: 10.9566
Step:   930000  |  score: 23.64 ± 31.00  |  actor_loss: -1.3226  cost_loss: 1.3726  nu_loss: 11.2023
Step:   940000  |  score: 38.59 ± 39.42  |  actor_loss: -1.4142  cost_loss: 1.3672  nu_loss: 11.3803
Step:   950000  |  score: 55.02 ± 40.98  |  actor_loss: -1.4254  cost_loss: 1.3601  nu_loss: 11.2676
Step:   960000  |  score: 43.20 ± 36.69  |  actor_loss: -1.3730  cost_loss: 1.3534  nu_loss: 11.2172
Step:   970000  |  score: 27.17 ± 24.73  |  actor_loss: -1.5607  cost_loss: 1.3663  nu_loss: 10.8770
Step:   980000  |  score: 49.70 ± 35.19  |  actor_loss: -1.3357  cost_loss: 1.3645  nu_loss: 11.1840
Step:   990000  |  score: 66.96 ± 45.00  |  actor_loss: -1.3207  cost_loss: 1.3601  nu_loss: 11.2163
Step:  1000000  |  score: 31.69 ± 35.52  |  actor_loss: -1.6515  cost_loss: 1.3642  nu_loss: 10.9157
Step:  1010000  |  score: 71.01 ± 41.71  |  actor_loss: -1.5046  cost_loss: 1.3672  nu_loss: 10.9393
Step:  1020000  |  score: 35.05 ± 35.54  |  actor_loss: -1.3289  cost_loss: 1.3598  nu_loss: 11.2601
Step:  1030000  |  score: 41.24 ± 36.64  |  actor_loss: -1.6822  cost_loss: 1.3684  nu_loss: 11.1111
Step:  1040000  |  score: 48.93 ± 35.11  |  actor_loss: -1.4164  cost_loss: 1.3622  nu_loss: 11.3115
Step:  1050000  |  score: 55.34 ± 31.57  |  actor_loss: -1.6069  cost_loss: 1.3687  nu_loss: 11.3701
Step:  1060000  |  score: 57.90 ± 43.64  |  actor_loss: -1.3924  cost_loss: 1.3617  nu_loss: 10.9901
Step:  1070000  |  score: 39.56 ± 45.24  |  actor_loss: -1.2932  cost_loss: 1.3603  nu_loss: 11.2285
Step:  1080000  |  score: 67.65 ± 34.31  |  actor_loss: -1.5697  cost_loss: 1.3674  nu_loss: 11.1368
Step:  1090000  |  score: 41.61 ± 32.20  |  actor_loss: -1.6771  cost_loss: 1.3696  nu_loss: 11.2620
Step:  1100000  |  score: 69.69 ± 27.42  |  actor_loss: -1.8062  cost_loss: 1.3587  nu_loss: 10.9879
Step:  1110000  |  score: 43.03 ± 39.08  |  actor_loss: -1.5046  cost_loss: 1.3669  nu_loss: 11.4147
Step:  1120000  |  score: 57.98 ± 31.79  |  actor_loss: -1.6819  cost_loss: 1.3662  nu_loss: 11.2169
Step:  1130000  |  score: 28.55 ± 34.04  |  actor_loss: -1.3291  cost_loss: 1.3588  nu_loss: 11.3558
Step:  1140000  |  score: 33.36 ± 36.91  |  actor_loss: -1.5643  cost_loss: 1.3613  nu_loss: 11.3530
Step:  1150000  |  score: 44.65 ± 41.99  |  actor_loss: -1.3890  cost_loss: 1.3614  nu_loss: 11.2002
Step:  1160000  |  score: 58.03 ± 33.82  |  actor_loss: -1.4421  cost_loss: 1.3643  nu_loss: 11.3110
Step:  1170000  |  score: 42.96 ± 29.79  |  actor_loss: -1.4145  cost_loss: 1.3609  nu_loss: 11.1573
Step:  1180000  |  score: 35.62 ± 40.69  |  actor_loss: -1.5718  cost_loss: 1.3592  nu_loss: 11.3593
Step:  1190000  |  score: 36.47 ± 30.22  |  actor_loss: -1.6906  cost_loss: 1.3632  nu_loss: 11.2500
Step:  1200000  |  score: 50.81 ± 34.20  |  actor_loss: -1.3420  cost_loss: 1.3537  nu_loss: 11.4291
Step:  1210000  |  score: 45.04 ± 28.74  |  actor_loss: -1.4671  cost_loss: 1.3557  nu_loss: 11.2307
Step:  1220000  |  score: 34.51 ± 35.62  |  actor_loss: -1.2949  cost_loss: 1.3609  nu_loss: 11.2441
Step:  1230000  |  score: 48.16 ± 33.19  |  actor_loss: -1.3066  cost_loss: 1.3676  nu_loss: 11.3377
Step:  1240000  |  score: 27.96 ± 28.20  |  actor_loss: -1.1903  cost_loss: 1.3717  nu_loss: 11.2275
Step:  1250000  |  score: 46.79 ± 49.08  |  actor_loss: -1.5647  cost_loss: 1.3695  nu_loss: 10.9661
Step:  1260000  |  score: 43.64 ± 33.85  |  actor_loss: -1.5935  cost_loss: 1.3548  nu_loss: 11.0811
Step:  1270000  |  score: 52.92 ± 35.78  |  actor_loss: -1.5577  cost_loss: 1.3661  nu_loss: 11.2256
Step:  1280000  |  score: 50.10 ± 41.29  |  actor_loss: -1.5196  cost_loss: 1.3631  nu_loss: 11.1400
Step:  1290000  |  score: 43.98 ± 36.58  |  actor_loss: -1.1680  cost_loss: 1.3607  nu_loss: 11.3074
Step:  1300000  |  score: 68.26 ± 36.30  |  actor_loss: -1.5582  cost_loss: 1.3676  nu_loss: 11.2150
Step:  1310000  |  score: 63.00 ± 36.22  |  actor_loss: -1.8001  cost_loss: 1.3646  nu_loss: 11.2054
Step:  1320000  |  score: 68.64 ± 52.44  |  actor_loss: -1.6802  cost_loss: 1.3583  nu_loss: 10.9632
Step:  1330000  |  score: 39.59 ± 28.27  |  actor_loss: -1.6788  cost_loss: 1.3601  nu_loss: 11.2312
Step:  1340000  |  score: 36.12 ± 26.31  |  actor_loss: -1.4485  cost_loss: 1.3583  nu_loss: 11.1615
Step:  1350000  |  score: 49.68 ± 39.98  |  actor_loss: -1.7944  cost_loss: 1.3575  nu_loss: 11.1087
Step:  1360000  |  score: 56.11 ± 31.32  |  actor_loss: -1.5940  cost_loss: 1.3740  nu_loss: 11.0542
Step:  1370000  |  score: 40.48 ± 19.73  |  actor_loss: -1.3343  cost_loss: 1.3637  nu_loss: 11.1249
Step:  1380000  |  score: 47.44 ± 41.78  |  actor_loss: -1.3860  cost_loss: 1.3642  nu_loss: 11.3172
Step:  1390000  |  score: 38.05 ± 39.74  |  actor_loss: -1.4335  cost_loss: 1.3590  nu_loss: 11.3586
Step:  1400000  |  score: 49.71 ± 25.31  |  actor_loss: -1.4509  cost_loss: 1.3712  nu_loss: 11.1614
Step:  1410000  |  score: 47.03 ± 39.69  |  actor_loss: -1.5578  cost_loss: 1.3642  nu_loss: 11.1134
Step:  1420000  |  score: 22.22 ± 28.07  |  actor_loss: -1.3026  cost_loss: 1.3547  nu_loss: 11.2123
Step:  1430000  |  score: 47.20 ± 41.81  |  actor_loss: -1.4642  cost_loss: 1.3654  nu_loss: 11.0418
Step:  1440000  |  score: 45.44 ± 41.01  |  actor_loss: -1.6618  cost_loss: 1.3618  nu_loss: 11.3389
Step:  1450000  |  score: 39.43 ± 36.23  |  actor_loss: -1.5922  cost_loss: 1.3598  nu_loss: 11.1482
Step:  1460000  |  score: 64.90 ± 41.73  |  actor_loss: -1.7309  cost_loss: 1.3646  nu_loss: 11.2635
Step:  1470000  |  score: 39.03 ± 39.70  |  actor_loss: -1.4785  cost_loss: 1.3601  nu_loss: 11.1210
Step:  1480000  |  score: 58.86 ± 39.65  |  actor_loss: -1.3501  cost_loss: 1.3636  nu_loss: 11.1401
Step:  1490000  |  score: 46.53 ± 45.30  |  actor_loss: -1.2776  cost_loss: 1.3642  nu_loss: 11.4602
Step:  1500000  |  score: 26.72 ± 26.19  |  actor_loss: -1.5675  cost_loss: 1.3538  nu_loss: 11.4325
Step:  1510000  |  score: 50.82 ± 30.73  |  actor_loss: -1.5531  cost_loss: 1.3588  nu_loss: 11.1992
Step:  1520000  |  score: 27.76 ± 40.78  |  actor_loss: -1.6935  cost_loss: 1.3643  nu_loss: 11.2610
Step:  1530000  |  score: 52.60 ± 45.41  |  actor_loss: -1.7584  cost_loss: 1.3654  nu_loss: 11.2638
Step:  1540000  |  score: 43.12 ± 42.52  |  actor_loss: -1.1763  cost_loss: 1.3625  nu_loss: 11.3977
Step:  1550000  |  score: 48.72 ± 38.65  |  actor_loss: -1.3735  cost_loss: 1.3616  nu_loss: 11.1706
Step:  1560000  |  score: 61.15 ± 46.50  |  actor_loss: -1.5264  cost_loss: 1.3560  nu_loss: 11.2138
Step:  1570000  |  score: 72.68 ± 34.20  |  actor_loss: -1.3831  cost_loss: 1.3573  nu_loss: 11.2543
Step:  1580000  |  score: 50.37 ± 35.87  |  actor_loss: -1.7036  cost_loss: 1.3619  nu_loss: 11.3236
Step:  1590000  |  score: 45.23 ± 38.93  |  actor_loss: -1.5071  cost_loss: 1.3661  nu_loss: 11.2324
Step:  1600000  |  score: 55.14 ± 27.32  |  actor_loss: -1.6507  cost_loss: 1.3672  nu_loss: 11.0188
Step:  1610000  |  score: 52.30 ± 43.32  |  actor_loss: -1.7032  cost_loss: 1.3591  nu_loss: 11.2076
Step:  1620000  |  score: 63.28 ± 36.24  |  actor_loss: -1.4637  cost_loss: 1.3601  nu_loss: 11.3343
Step:  1630000  |  score: 61.13 ± 45.31  |  actor_loss: -1.6453  cost_loss: 1.3641  nu_loss: 11.0964
Step:  1640000  |  score: 32.64 ± 42.28  |  actor_loss: -1.8492  cost_loss: 1.3684  nu_loss: 11.1889
Step:  1650000  |  score: 30.68 ± 40.25  |  actor_loss: -1.8484  cost_loss: 1.3704  nu_loss: 11.0660
Step:  1660000  |  score: 31.36 ± 26.73  |  actor_loss: -1.4304  cost_loss: 1.3618  nu_loss: 11.1952
Step:  1670000  |  score: 60.95 ± 49.37  |  actor_loss: -1.4283  cost_loss: 1.3627  nu_loss: 11.2223
Step:  1680000  |  score: 52.10 ± 42.03  |  actor_loss: -1.4855  cost_loss: 1.3713  nu_loss: 11.2363
Step:  1690000  |  score: 60.79 ± 39.49  |  actor_loss: -1.7186  cost_loss: 1.3624  nu_loss: 11.3325
Step:  1700000  |  score: 42.85 ± 37.75  |  actor_loss: -1.3845  cost_loss: 1.3667  nu_loss: 11.2936
Step:  1710000  |  score: 44.94 ± 45.23  |  actor_loss: -1.6006  cost_loss: 1.3641  nu_loss: 11.2817
Step:  1720000  |  score: 83.77 ± 34.93  |  actor_loss: -1.4191  cost_loss: 1.3687  nu_loss: 11.2002
Step:  1730000  |  score: 58.60 ± 39.94  |  actor_loss: -1.5223  cost_loss: 1.3624  nu_loss: 11.0498
Step:  1740000  |  score: 26.79 ± 23.57  |  actor_loss: -1.6082  cost_loss: 1.3753  nu_loss: 10.9616
Step:  1750000  |  score: 47.59 ± 41.72  |  actor_loss: -1.6493  cost_loss: 1.3675  nu_loss: 11.2256
Step:  1760000  |  score: 85.08 ± 18.59  |  actor_loss: -1.6767  cost_loss: 1.3653  nu_loss: 10.9211
Step:  1770000  |  score: 61.10 ± 29.01  |  actor_loss: -1.5208  cost_loss: 1.3661  nu_loss: 11.0516
Step:  1780000  |  score: 37.31 ± 34.87  |  actor_loss: -1.4813  cost_loss: 1.3641  nu_loss: 11.2573
Step:  1790000  |  score: 51.74 ± 27.65  |  actor_loss: -1.6581  cost_loss: 1.3634  nu_loss: 11.3873
Step:  1800000  |  score: 48.01 ± 48.31  |  actor_loss: -1.5172  cost_loss: 1.3667  nu_loss: 11.2279
Step:  1810000  |  score: 52.54 ± 21.84  |  actor_loss: -1.4215  cost_loss: 1.3583  nu_loss: 11.2131
Step:  1820000  |  score: 56.98 ± 39.05  |  actor_loss: -1.1741  cost_loss: 1.3623  nu_loss: 11.2517
Step:  1830000  |  score: 77.51 ± 39.04  |  actor_loss: -1.3092  cost_loss: 1.3616  nu_loss: 11.3310
Step:  1840000  |  score: 67.22 ± 41.83  |  actor_loss: -1.4870  cost_loss: 1.3628  nu_loss: 11.2128
Step:  1850000  |  score: 42.00 ± 46.34  |  actor_loss: -1.5256  cost_loss: 1.3613  nu_loss: 11.1096
Step:  1860000  |  score: 26.92 ± 28.12  |  actor_loss: -1.3832  cost_loss: 1.3645  nu_loss: 11.2338
Step:  1870000  |  score: 62.88 ± 34.16  |  actor_loss: -1.5158  cost_loss: 1.3613  nu_loss: 11.2764
Step:  1880000  |  score: 52.77 ± 26.63  |  actor_loss: -1.5895  cost_loss: 1.3652  nu_loss: 11.3793
Step:  1890000  |  score: 39.88 ± 36.00  |  actor_loss: -1.6464  cost_loss: 1.3645  nu_loss: 11.3116
Step:  1900000  |  score: 67.00 ± 50.76  |  actor_loss: -1.5464  cost_loss: 1.3666  nu_loss: 11.3188
Step:  1910000  |  score: 26.28 ± 27.93  |  actor_loss: -1.6486  cost_loss: 1.3659  nu_loss: 11.1330
Step:  1920000  |  score: 25.31 ± 24.37  |  actor_loss: -1.4939  cost_loss: 1.3621  nu_loss: 11.3471
Step:  1930000  |  score: 65.35 ± 43.08  |  actor_loss: -1.5250  cost_loss: 1.3584  nu_loss: 11.1922
Step:  1940000  |  score: 76.16 ± 39.03  |  actor_loss: -1.7010  cost_loss: 1.3664  nu_loss: 11.0670
Step:  1950000  |  score: 41.96 ± 45.56  |  actor_loss: -1.3370  cost_loss: 1.3651  nu_loss: 10.9169
Step:  1960000  |  score: 43.17 ± 27.99  |  actor_loss: -1.4624  cost_loss: 1.3699  nu_loss: 11.0542
Step:  1970000  |  score: 41.39 ± 38.87  |  actor_loss: -1.2396  cost_loss: 1.3708  nu_loss: 10.9265
Step:  1980000  |  score: 66.71 ± 42.63  |  actor_loss: -1.6161  cost_loss: 1.3610  nu_loss: 11.3211
Step:  1990000  |  score: 50.61 ± 42.99  |  actor_loss: -1.1086  cost_loss: 1.3542  nu_loss: 11.0583
Step:  2000000  |  score: 50.56 ± 37.34  |  actor_loss: -1.6573  cost_loss: 1.3655  nu_loss: 11.3150
Final evaluation (13 iterations)...
Final score: 46.93 ± 40.59
wandb: WARNING Symlinked 1 file into the W&B run directory; call wandb.save again to sync new files.
wandb: uploading data; updating run metadata
wandb: uploading data
wandb: uploading data; uploading final_returns/demodice_hopper-expert-v2_2026-03-18_09-03-20.npz; uploading output.log; uploading wandb-summary.json; uploading config.yaml
wandb: uploading data; uploading final_returns/demodice_hopper-expert-v2_2026-03-18_09-03-20.npz; uploading output.log; uploading wandb-summary.json
wandb: uploading data
wandb: uploading summary, console lines 214-215
wandb: 
wandb: Run history:
wandb:  actor_loss ▅▆▅▅▅▅▅▇█▃▆▁▅▄▄▇▃▅▃▃▄▅▅▅▃▃▅▄▃▃▅▃▄▁▄▄▃▃▃▃
wandb:   cost_loss █▄▅▆▇▆▇▃▇▆▅▂▁▅▁▁▅▆▆▆▁▄▄▄▄▃▅▇▃▄▄▅▃▆▅▅▆▆▄▆
wandb:     nu_loss █▆▅▆▄▃▄▁▂▄▄▃▃▃▃▅▄▂▃▂▃▃▁▄▃▃▄▁▃▃▄▄▅▄▂▃▃▂▅▄
wandb: num_updates ▁▁▁▁▁▂▂▂▂▂▂▂▂▂▂▃▃▃▄▄▄▄▅▅▅▅▅▅▆▆▆▆▆▆▆▇████
wandb:      return ▂▂▃▃▃▄▅▇▅▁▇▅▄▅▅▅▃▂▅█▆▄▅▄▄▃▅▆▅█▄▄▂▄▃▇▅▅▅▄
wandb:       score ▂▂▃▄▂▂▄▅▂▁▆▅▆▄▇▃▆▂▆▇▆▃▅▄▅▅▅▅▅▇▃▅█▇▆▆▆▆▇▄
wandb:   score_std ▂▂▄▂▂▇▅▆▃▄▂▆▁▄▄▅▆▄▆█▆▇▅▅▇▆▅▇▅▆▆▆▇▄█▅▆▄▄▇
wandb: 
wandb: Run summary:
wandb:  actor_loss -1.65731
wandb:   cost_loss 1.36554
wandb:     nu_loss 11.31502
wandb: num_updates 2000000
wandb:      return 1625.39141
wandb:       score 50.56467
wandb:   score_std 37.33597
wandb: 
wandb: 🚀 View run demodice_hopper_M3_s2 at: https://wandb.ai/wsk208/DemoDICE/runs/fg9kh6de
wandb: ⭐️ View project at: https://wandb.ai/wsk208/DemoDICE
wandb: Synced 5 W&B file(s), 0 media file(s), 0 artifact file(s) and 1 other file(s)
wandb: Find logs at: ./wandb/run-20260318_083726-fg9kh6de/logs
