Warning: All of online environments libraries in D4RL have been moved ]8;;https://github.com/Farama-Foundation/Gymnasium\Gymnasium]8;;\, ]8;;https://github.com/Farama-Foundation/MiniGrid\MiniGrid]8;;\ and ]8;;https://github.com/Farama-Foundation/Gymnasium-Robotics\Gymnasium-Robotics]8;;\, and all offline datasets in D4RL have been moved to ]8;;https://github.com/Farama-Foundation/Minari\Minari]8;;\.
These new versions include large bug fixes, new versions of Python, and are where all new development will continue. Please upgrade these libraries as soon as you're able to do so.
If you'd like to read more about the story behind this switch, please check out ]8;;https://farama.org/Announcing-Minari\this blog post]8;;\.
Gym has been unmaintained since 2022 and does not support NumPy 2.0 amongst other critical functionality.
Please upgrade to Gymnasium, the maintained drop-in replacement of Gym, or contact the authors of your software and request that they upgrade.
See the migration guide at https://gymnasium.farama.org/introduction/migration_guide/ for additional information.
/opt/venv/lib/python3.10/site-packages/Cython/Distutils/old_build_ext.py:15: DeprecationWarning: dep_util is Deprecated. Use functions from setuptools instead.
  from distutils.dep_util import newer, newer_group
<frozen importlib._bootstrap>:283: DeprecationWarning: the load_module() method is deprecated and slated for removal in Python 3.12; use exec_module() instead
pybullet build time: Jan 29 2025 23:16:28
wandb: [wandb.login()] Loaded credentials for https://api.wandb.ai from /root/.netrc.
wandb: Currently logged in as: wsk208 to https://api.wandb.ai. Use `wandb login --relogin` to force relogin
/opt/venv/lib/python3.10/site-packages/wandb/analytics/sentry.py:268: DeprecationWarning: Read the `app_url` setting from the appropriate Settings object.
  app_url = wandb.util.app_url(tags["base_url"])  # type: ignore[index]
/opt/venv/lib/python3.10/site-packages/wandb/analytics/sentry.py:279: DeprecationWarning: The `Scope.user` setter is deprecated in favor of `Scope.set_user()`.
  self.scope.user = {"email": email}
wandb: setting up run xgteog53
/opt/venv/lib/python3.10/site-packages/wandb/analytics/sentry.py:268: DeprecationWarning: Read the `app_url` setting from the appropriate Settings object.
  app_url = wandb.util.app_url(tags["base_url"])  # type: ignore[index]
/opt/venv/lib/python3.10/site-packages/wandb/analytics/sentry.py:279: DeprecationWarning: The `Scope.user` setter is deprecated in favor of `Scope.set_user()`.
  self.scope.user = {"email": email}
wandb: Tracking run with wandb version 0.25.1
wandb: Run data is saved locally in /app/wandb/run-20260318_161452-xgteog53
wandb: Run `wandb offline` to turn off syncing.
wandb: Syncing run demodice_walker2d_M4_s3
wandb: ⭐️ View project at https://wandb.ai/wsk208/DemoDICE
wandb: 🚀 View run at https://wandb.ai/wsk208/DemoDICE/runs/xgteog53
/opt/venv/lib/python3.10/site-packages/gym/spaces/box.py:84: UserWarning: [33mWARN: Box bound precision lowered by casting to float32[0m
  logger.warn(f"Box bound precision lowered by casting to {self.dtype}")
load datafile:   0%|          | 0/21 [00:00<?, ?it/s]load datafile:   5%|▍         | 1/21 [00:00<00:03,  5.82it/s]load datafile:  14%|█▍        | 3/21 [00:00<00:03,  5.23it/s]load datafile:  19%|█▉        | 4/21 [00:00<00:04,  4.00it/s]load datafile:  81%|████████  | 17/21 [00:01<00:00, 15.66it/s]load datafile:  90%|█████████ | 19/21 [00:01<00:00, 10.95it/s]load datafile: 100%|██████████| 21/21 [00:01<00:00, 11.29it/s]
Expert  :  999000 transitions  (walker2d-expert-v2, 100 traj)
load datafile:   0%|          | 0/9 [00:00<?, ?it/s]load datafile:  11%|█         | 1/9 [00:00<00:01,  6.58it/s]load datafile:  33%|███▎      | 3/9 [00:00<00:01,  5.53it/s]load datafile:  44%|████▍     | 4/9 [00:00<00:01,  4.10it/s]load datafile:  56%|█████▌    | 5/9 [00:01<00:01,  3.22it/s]load datafile:  67%|██████▋   | 6/9 [00:01<00:01,  2.80it/s]load datafile: 100%|██████████| 9/9 [00:01<00:00,  4.93it/s]
Imperfect:   31801 transitions  (walker2d-random-v2, 1600 traj)
Union   : 1030801 transitions total
/root/.local/share/uv/python/cpython-3.10-linux-x86_64-gnu/lib/python3.10/multiprocessing/popen_fork.py:66: RuntimeWarning: os.fork() was called. os.fork() is incompatible with multithreaded code, and JAX is multithreaded, so this will likely lead to a deadlock.
  self.pid = os.fork()
/opt/venv/lib/python3.10/site-packages/tensorflow_probability/python/internal/backend/jax/ops.py:681: DeprecationWarning: jax.interpreters.xla.pytype_aval_mappings is deprecated.
  jax.interpreters.xla.pytype_aval_mappings[onp.ndarray])
/opt/venv/lib/python3.10/site-packages/gym/spaces/box.py:84: UserWarning: [33mWARN: Box bound precision lowered by casting to float32[0m
  logger.warn(f"Box bound precision lowered by casting to {self.dtype}")
Step:    10000  |  score: 6.84 ± 3.70  |  actor_loss: -3.2212  cost_loss: 1.3604  nu_loss: 11.4270
Step:    20000  |  score: 11.27 ± 9.84  |  actor_loss: -3.4268  cost_loss: 1.3578  nu_loss: 11.4190
Step:    30000  |  score: 12.51 ± 12.26  |  actor_loss: -3.5171  cost_loss: 1.3622  nu_loss: 11.1213
Step:    40000  |  score: 23.37 ± 15.14  |  actor_loss: -3.8817  cost_loss: 1.3574  nu_loss: 11.0499
Step:    50000  |  score: 38.24 ± 29.77  |  actor_loss: -3.7537  cost_loss: 1.3691  nu_loss: 11.2032
Step:    60000  |  score: 11.21 ± 8.96  |  actor_loss: -3.5584  cost_loss: 1.3603  nu_loss: 11.0792
Step:    70000  |  score: 51.55 ± 32.79  |  actor_loss: -3.4300  cost_loss: 1.3571  nu_loss: 11.1394
Step:    80000  |  score: 39.56 ± 15.25  |  actor_loss: -3.6995  cost_loss: 1.3654  nu_loss: 10.9470
Step:    90000  |  score: 48.49 ± 28.33  |  actor_loss: -3.6007  cost_loss: 1.3585  nu_loss: 10.9335
Step:   100000  |  score: 38.42 ± 27.40  |  actor_loss: -4.0807  cost_loss: 1.3668  nu_loss: 10.9427
Step:   110000  |  score: 75.42 ± 30.60  |  actor_loss: -3.8863  cost_loss: 1.3576  nu_loss: 10.7396
Step:   120000  |  score: 57.92 ± 33.03  |  actor_loss: -3.8841  cost_loss: 1.3684  nu_loss: 10.9423
Step:   130000  |  score: 78.43 ± 31.00  |  actor_loss: -3.9238  cost_loss: 1.3668  nu_loss: 10.9820
Step:   140000  |  score: 74.33 ± 39.26  |  actor_loss: -3.8682  cost_loss: 1.3542  nu_loss: 10.8729
Step:   150000  |  score: 83.91 ± 31.01  |  actor_loss: -4.1579  cost_loss: 1.3600  nu_loss: 10.8526
Step:   160000  |  score: 94.99 ± 30.59  |  actor_loss: -4.0095  cost_loss: 1.3603  nu_loss: 11.1940
Step:   170000  |  score: 81.73 ± 43.62  |  actor_loss: -4.1184  cost_loss: 1.3716  nu_loss: 11.1247
Step:   180000  |  score: 104.64 ± 4.69  |  actor_loss: -3.8678  cost_loss: 1.3676  nu_loss: 10.9216
Step:   190000  |  score: 89.98 ± 35.62  |  actor_loss: -3.5662  cost_loss: 1.3684  nu_loss: 11.1047
Step:   200000  |  score: 88.02 ± 35.80  |  actor_loss: -3.8013  cost_loss: 1.3680  nu_loss: 10.8131
Step:   210000  |  score: 99.25 ± 20.11  |  actor_loss: -4.4978  cost_loss: 1.3667  nu_loss: 10.7589
Step:   220000  |  score: 96.52 ± 18.89  |  actor_loss: -4.5253  cost_loss: 1.3664  nu_loss: 10.7865
Step:   230000  |  score: 102.99 ± 8.52  |  actor_loss: -3.6835  cost_loss: 1.3670  nu_loss: 11.2576
Step:   240000  |  score: 93.49 ± 34.89  |  actor_loss: -3.5324  cost_loss: 1.3629  nu_loss: 11.0971
Step:   250000  |  score: 107.66 ± 0.68  |  actor_loss: -3.8916  cost_loss: 1.3598  nu_loss: 10.9699
Step:   260000  |  score: 107.55 ± 0.41  |  actor_loss: -3.9315  cost_loss: 1.3582  nu_loss: 11.1860
Step:   270000  |  score: 107.24 ± 0.92  |  actor_loss: -4.0360  cost_loss: 1.3533  nu_loss: 10.9078
Step:   280000  |  score: 83.81 ± 40.79  |  actor_loss: -3.7875  cost_loss: 1.3555  nu_loss: 11.0391
Step:   290000  |  score: 106.73 ± 0.56  |  actor_loss: -4.1733  cost_loss: 1.3641  nu_loss: 10.8705
Step:   300000  |  score: 105.42 ± 5.16  |  actor_loss: -4.0068  cost_loss: 1.3676  nu_loss: 11.1524
Step:   310000  |  score: 106.91 ± 1.34  |  actor_loss: -3.4621  cost_loss: 1.3659  nu_loss: 11.2147
Step:   320000  |  score: 87.98 ± 33.26  |  actor_loss: -3.7356  cost_loss: 1.3588  nu_loss: 10.6893
Step:   330000  |  score: 104.79 ± 6.81  |  actor_loss: -3.7763  cost_loss: 1.3549  nu_loss: 11.1199
Step:   340000  |  score: 93.56 ± 34.80  |  actor_loss: -4.2443  cost_loss: 1.3630  nu_loss: 10.8247
Step:   350000  |  score: 107.01 ± 0.59  |  actor_loss: -3.4560  cost_loss: 1.3704  nu_loss: 10.8895
Step:   360000  |  score: 103.39 ± 8.19  |  actor_loss: -3.9011  cost_loss: 1.3715  nu_loss: 10.8593
Step:   370000  |  score: 67.11 ± 51.21  |  actor_loss: -3.9804  cost_loss: 1.3607  nu_loss: 11.0036
Step:   380000  |  score: 93.79 ± 35.43  |  actor_loss: -3.7524  cost_loss: 1.3688  nu_loss: 11.1445
Step:   390000  |  score: 101.44 ± 13.97  |  actor_loss: -3.9675  cost_loss: 1.3591  nu_loss: 10.8081
Step:   400000  |  score: 106.81 ± 0.81  |  actor_loss: -3.7751  cost_loss: 1.3719  nu_loss: 10.7513
Step:   410000  |  score: 106.72 ± 0.98  |  actor_loss: -3.8116  cost_loss: 1.3625  nu_loss: 10.6237
Step:   420000  |  score: 93.90 ± 35.36  |  actor_loss: -3.6645  cost_loss: 1.3682  nu_loss: 10.9667
Step:   430000  |  score: 106.31 ± 1.23  |  actor_loss: -4.0846  cost_loss: 1.3642  nu_loss: 10.6748
Step:   440000  |  score: 107.37 ± 0.64  |  actor_loss: -3.5803  cost_loss: 1.3636  nu_loss: 11.1092
Step:   450000  |  score: 106.62 ± 0.64  |  actor_loss: -4.1651  cost_loss: 1.3579  nu_loss: 10.9375
Step:   460000  |  score: 106.93 ± 1.30  |  actor_loss: -3.8159  cost_loss: 1.3591  nu_loss: 10.9385
Step:   470000  |  score: 106.96 ± 1.00  |  actor_loss: -3.6955  cost_loss: 1.3590  nu_loss: 10.9301
Step:   480000  |  score: 104.42 ± 6.08  |  actor_loss: -4.4791  cost_loss: 1.3703  nu_loss: 11.0638
Step:   490000  |  score: 107.14 ± 0.50  |  actor_loss: -3.4241  cost_loss: 1.3608  nu_loss: 11.1176
Step:   500000  |  score: 106.27 ± 1.46  |  actor_loss: -3.7571  cost_loss: 1.3539  nu_loss: 10.8510
Step:   510000  |  score: 93.01 ± 35.18  |  actor_loss: -3.9495  cost_loss: 1.3625  nu_loss: 10.9318
Step:   520000  |  score: 107.19 ± 0.85  |  actor_loss: -3.7427  cost_loss: 1.3715  nu_loss: 10.5089
Step:   530000  |  score: 106.93 ± 0.89  |  actor_loss: -4.2197  cost_loss: 1.3590  nu_loss: 11.0929
Step:   540000  |  score: 106.62 ± 1.04  |  actor_loss: -3.5134  cost_loss: 1.3655  nu_loss: 11.0833
Step:   550000  |  score: 107.23 ± 0.90  |  actor_loss: -3.7484  cost_loss: 1.3588  nu_loss: 11.0170
Step:   560000  |  score: 106.47 ± 0.66  |  actor_loss: -3.8763  cost_loss: 1.3625  nu_loss: 11.1374
Step:   570000  |  score: 107.60 ± 0.89  |  actor_loss: -4.0857  cost_loss: 1.3656  nu_loss: 10.7569
Step:   580000  |  score: 96.53 ± 26.73  |  actor_loss: -3.8896  cost_loss: 1.3667  nu_loss: 10.4843
Step:   590000  |  score: 91.88 ± 28.02  |  actor_loss: -4.1973  cost_loss: 1.3616  nu_loss: 10.5975
Step:   600000  |  score: 106.95 ± 1.56  |  actor_loss: -4.2331  cost_loss: 1.3560  nu_loss: 10.9131
Step:   610000  |  score: 107.14 ± 0.96  |  actor_loss: -4.0944  cost_loss: 1.3579  nu_loss: 10.6643
Step:   620000  |  score: 107.06 ± 0.96  |  actor_loss: -4.6054  cost_loss: 1.3609  nu_loss: 10.8555
Step:   630000  |  score: 95.14 ± 30.40  |  actor_loss: -3.5677  cost_loss: 1.3632  nu_loss: 11.1425
Step:   640000  |  score: 106.60 ± 0.74  |  actor_loss: -4.4813  cost_loss: 1.3525  nu_loss: 10.5503
Step:   650000  |  score: 106.93 ± 0.44  |  actor_loss: -4.3846  cost_loss: 1.3612  nu_loss: 10.8945
Step:   660000  |  score: 107.10 ± 0.95  |  actor_loss: -4.1890  cost_loss: 1.3633  nu_loss: 10.5165
Step:   670000  |  score: 106.70 ± 0.92  |  actor_loss: -3.9634  cost_loss: 1.3605  nu_loss: 11.0209
Step:   680000  |  score: 86.59 ± 32.68  |  actor_loss: -4.2285  cost_loss: 1.3615  nu_loss: 10.7228
Step:   690000  |  score: 101.37 ± 16.54  |  actor_loss: -4.0357  cost_loss: 1.3594  nu_loss: 10.9388
Step:   700000  |  score: 107.11 ± 1.00  |  actor_loss: -4.2447  cost_loss: 1.3623  nu_loss: 10.7977
Step:   710000  |  score: 106.80 ± 1.19  |  actor_loss: -3.5668  cost_loss: 1.3569  nu_loss: 11.0253
Step:   720000  |  score: 106.39 ± 1.52  |  actor_loss: -3.6670  cost_loss: 1.3610  nu_loss: 10.8978
Step:   730000  |  score: 106.91 ± 1.08  |  actor_loss: -3.7085  cost_loss: 1.3586  nu_loss: 10.8911
Step:   740000  |  score: 106.74 ± 1.33  |  actor_loss: -3.8140  cost_loss: 1.3589  nu_loss: 10.8898
Step:   750000  |  score: 107.02 ± 0.67  |  actor_loss: -4.2571  cost_loss: 1.3612  nu_loss: 10.6500
Step:   760000  |  score: 87.06 ± 33.90  |  actor_loss: -3.5384  cost_loss: 1.3673  nu_loss: 11.0211
Step:   770000  |  score: 106.90 ± 1.07  |  actor_loss: -3.9729  cost_loss: 1.3564  nu_loss: 10.6353
Step:   780000  |  score: 97.10 ± 26.46  |  actor_loss: -3.9142  cost_loss: 1.3627  nu_loss: 10.9360
Step:   790000  |  score: 93.84 ± 35.42  |  actor_loss: -3.8081  cost_loss: 1.3480  nu_loss: 10.5813
Step:   800000  |  score: 96.60 ± 25.95  |  actor_loss: -4.2598  cost_loss: 1.3620  nu_loss: 10.8754
Step:   810000  |  score: 95.47 ± 30.89  |  actor_loss: -4.0839  cost_loss: 1.3749  nu_loss: 10.7641
Step:   820000  |  score: 96.21 ± 25.82  |  actor_loss: -4.6327  cost_loss: 1.3693  nu_loss: 10.5910
Step:   830000  |  score: 106.81 ± 1.20  |  actor_loss: -3.7545  cost_loss: 1.3646  nu_loss: 10.8717
Step:   840000  |  score: 106.08 ± 1.35  |  actor_loss: -4.3894  cost_loss: 1.3623  nu_loss: 10.6259
Step:   850000  |  score: 101.95 ± 14.40  |  actor_loss: -4.3143  cost_loss: 1.3590  nu_loss: 11.0269
Step:   860000  |  score: 94.95 ± 31.18  |  actor_loss: -3.4400  cost_loss: 1.3644  nu_loss: 10.8382
Step:   870000  |  score: 106.40 ± 0.71  |  actor_loss: -4.1432  cost_loss: 1.3604  nu_loss: 10.4434
Step:   880000  |  score: 106.61 ± 1.40  |  actor_loss: -3.9468  cost_loss: 1.3625  nu_loss: 11.0653
Step:   890000  |  score: 89.00 ± 35.63  |  actor_loss: -3.8325  cost_loss: 1.3695  nu_loss: 10.8739
Step:   900000  |  score: 106.90 ± 1.08  |  actor_loss: -4.1269  cost_loss: 1.3557  nu_loss: 10.7799
Step:   910000  |  score: 91.05 ± 27.89  |  actor_loss: -4.1754  cost_loss: 1.3606  nu_loss: 10.6964
Step:   920000  |  score: 106.32 ± 0.72  |  actor_loss: -4.0396  cost_loss: 1.3548  nu_loss: 10.8124
Step:   930000  |  score: 107.29 ± 0.87  |  actor_loss: -3.8234  cost_loss: 1.3592  nu_loss: 10.5512
Step:   940000  |  score: 106.58 ± 0.57  |  actor_loss: -4.3893  cost_loss: 1.3590  nu_loss: 10.9430
Step:   950000  |  score: 106.66 ± 0.93  |  actor_loss: -4.1463  cost_loss: 1.3600  nu_loss: 10.8568
Step:   960000  |  score: 107.20 ± 0.47  |  actor_loss: -4.0762  cost_loss: 1.3541  nu_loss: 10.8697
Step:   970000  |  score: 104.04 ± 6.89  |  actor_loss: -4.0458  cost_loss: 1.3632  nu_loss: 10.7732
Step:   980000  |  score: 106.86 ± 0.92  |  actor_loss: -3.6172  cost_loss: 1.3559  nu_loss: 10.9330
Step:   990000  |  score: 106.66 ± 0.54  |  actor_loss: -4.7907  cost_loss: 1.3616  nu_loss: 10.8112
Step:  1000000  |  score: 106.39 ± 1.61  |  actor_loss: -3.8234  cost_loss: 1.3598  nu_loss: 10.6742
Step:  1010000  |  score: 107.03 ± 1.05  |  actor_loss: -4.2314  cost_loss: 1.3708  nu_loss: 10.8276
Step:  1020000  |  score: 98.79 ± 22.85  |  actor_loss: -4.2507  cost_loss: 1.3576  nu_loss: 11.1500
Step:  1030000  |  score: 97.11 ± 26.02  |  actor_loss: -4.3688  cost_loss: 1.3650  nu_loss: 10.8216
Step:  1040000  |  score: 107.13 ± 0.79  |  actor_loss: -4.3407  cost_loss: 1.3669  nu_loss: 10.8241
Step:  1050000  |  score: 93.30 ± 35.15  |  actor_loss: -4.4885  cost_loss: 1.3640  nu_loss: 10.5267
Step:  1060000  |  score: 107.10 ± 0.90  |  actor_loss: -3.6275  cost_loss: 1.3634  nu_loss: 10.7958
Step:  1070000  |  score: 106.99 ± 0.95  |  actor_loss: -4.0077  cost_loss: 1.3628  nu_loss: 10.8806
Step:  1080000  |  score: 105.58 ± 2.35  |  actor_loss: -4.2716  cost_loss: 1.3476  nu_loss: 10.8943
Step:  1090000  |  score: 107.17 ± 1.11  |  actor_loss: -4.0261  cost_loss: 1.3606  nu_loss: 10.7838
Step:  1100000  |  score: 106.95 ± 0.87  |  actor_loss: -4.8524  cost_loss: 1.3649  nu_loss: 11.0961
Step:  1110000  |  score: 106.96 ± 1.00  |  actor_loss: -4.0843  cost_loss: 1.3622  nu_loss: 10.7837
Step:  1120000  |  score: 93.60 ± 35.31  |  actor_loss: -4.1899  cost_loss: 1.3596  nu_loss: 11.0203
Step:  1130000  |  score: 107.19 ± 0.84  |  actor_loss: -3.5644  cost_loss: 1.3697  nu_loss: 11.0233
Step:  1140000  |  score: 106.78 ± 1.55  |  actor_loss: -4.0625  cost_loss: 1.3627  nu_loss: 11.0778
Step:  1150000  |  score: 107.65 ± 0.94  |  actor_loss: -4.1444  cost_loss: 1.3657  nu_loss: 10.8675
Step:  1160000  |  score: 107.04 ± 0.81  |  actor_loss: -4.0319  cost_loss: 1.3575  nu_loss: 10.7601
Step:  1170000  |  score: 106.55 ± 0.40  |  actor_loss: -3.7443  cost_loss: 1.3499  nu_loss: 10.7317
Step:  1180000  |  score: 107.24 ± 0.64  |  actor_loss: -3.8384  cost_loss: 1.3574  nu_loss: 11.2407
Step:  1190000  |  score: 96.98 ± 27.53  |  actor_loss: -3.9874  cost_loss: 1.3519  nu_loss: 10.9529
Step:  1200000  |  score: 106.39 ± 1.13  |  actor_loss: -3.9765  cost_loss: 1.3598  nu_loss: 10.6913
Step:  1210000  |  score: 106.88 ± 0.97  |  actor_loss: -3.8293  cost_loss: 1.3509  nu_loss: 10.9699
Step:  1220000  |  score: 107.43 ± 1.03  |  actor_loss: -3.6040  cost_loss: 1.3604  nu_loss: 11.0625
Step:  1230000  |  score: 104.57 ± 4.40  |  actor_loss: -4.1251  cost_loss: 1.3605  nu_loss: 10.7824
Step:  1240000  |  score: 107.25 ± 0.77  |  actor_loss: -4.2169  cost_loss: 1.3508  nu_loss: 10.8042
Step:  1250000  |  score: 104.54 ± 5.81  |  actor_loss: -3.7356  cost_loss: 1.3527  nu_loss: 11.0432
Step:  1260000  |  score: 107.00 ± 0.68  |  actor_loss: -3.9156  cost_loss: 1.3564  nu_loss: 10.5711
Step:  1270000  |  score: 107.50 ± 1.01  |  actor_loss: -4.3173  cost_loss: 1.3678  nu_loss: 10.9755
Step:  1280000  |  score: 95.91 ± 29.43  |  actor_loss: -4.4077  cost_loss: 1.3545  nu_loss: 10.7872
Step:  1290000  |  score: 105.18 ± 3.55  |  actor_loss: -4.0409  cost_loss: 1.3645  nu_loss: 10.8888
Step:  1300000  |  score: 95.86 ± 29.36  |  actor_loss: -3.9515  cost_loss: 1.3573  nu_loss: 10.7591
Step:  1310000  |  score: 107.41 ± 0.44  |  actor_loss: -4.5921  cost_loss: 1.3563  nu_loss: 10.9817
Step:  1320000  |  score: 107.23 ± 1.09  |  actor_loss: -3.4870  cost_loss: 1.3603  nu_loss: 11.1140
Step:  1330000  |  score: 96.73 ± 28.64  |  actor_loss: -3.8828  cost_loss: 1.3559  nu_loss: 10.8658
Step:  1340000  |  score: 106.29 ± 2.21  |  actor_loss: -4.3627  cost_loss: 1.3611  nu_loss: 11.0283
Step:  1350000  |  score: 105.57 ± 1.52  |  actor_loss: -4.6108  cost_loss: 1.3639  nu_loss: 10.5065
Step:  1360000  |  score: 107.16 ± 0.84  |  actor_loss: -4.7579  cost_loss: 1.3682  nu_loss: 10.8014
Step:  1370000  |  score: 106.01 ± 1.82  |  actor_loss: -4.6883  cost_loss: 1.3598  nu_loss: 10.9108
Step:  1380000  |  score: 99.74 ± 14.97  |  actor_loss: -4.0493  cost_loss: 1.3580  nu_loss: 10.8687
Step:  1390000  |  score: 107.17 ± 0.79  |  actor_loss: -4.0633  cost_loss: 1.3648  nu_loss: 10.7711
Step:  1400000  |  score: 107.56 ± 0.47  |  actor_loss: -4.2552  cost_loss: 1.3564  nu_loss: 11.0963
Step:  1410000  |  score: 106.95 ± 0.96  |  actor_loss: -4.6508  cost_loss: 1.3719  nu_loss: 10.8727
Step:  1420000  |  score: 106.96 ± 0.70  |  actor_loss: -4.5496  cost_loss: 1.3621  nu_loss: 10.6659
Step:  1430000  |  score: 94.17 ± 33.78  |  actor_loss: -4.5470  cost_loss: 1.3589  nu_loss: 10.7719
Step:  1440000  |  score: 94.01 ± 35.21  |  actor_loss: -3.6743  cost_loss: 1.3636  nu_loss: 10.8054
Step:  1450000  |  score: 98.90 ± 22.54  |  actor_loss: -4.6020  cost_loss: 1.3604  nu_loss: 11.1115
Step:  1460000  |  score: 96.78 ± 28.24  |  actor_loss: -4.0784  cost_loss: 1.3684  nu_loss: 10.9120
Step:  1470000  |  score: 101.49 ± 13.51  |  actor_loss: -4.3154  cost_loss: 1.3660  nu_loss: 10.8380
Step:  1480000  |  score: 107.00 ± 1.23  |  actor_loss: -3.9003  cost_loss: 1.3593  nu_loss: 11.0624
Step:  1490000  |  score: 107.34 ± 0.81  |  actor_loss: -4.2384  cost_loss: 1.3528  nu_loss: 10.7246
Step:  1500000  |  score: 93.62 ± 35.21  |  actor_loss: -4.2370  cost_loss: 1.3638  nu_loss: 10.5801
Step:  1510000  |  score: 106.92 ± 1.45  |  actor_loss: -4.4820  cost_loss: 1.3459  nu_loss: 10.7044
Step:  1520000  |  score: 106.56 ± 0.51  |  actor_loss: -4.4378  cost_loss: 1.3616  nu_loss: 10.9861
Step:  1530000  |  score: 106.97 ± 1.14  |  actor_loss: -3.8229  cost_loss: 1.3551  nu_loss: 10.6422
Step:  1540000  |  score: 106.45 ± 1.98  |  actor_loss: -4.1457  cost_loss: 1.3641  nu_loss: 10.7486
Step:  1550000  |  score: 107.18 ± 0.79  |  actor_loss: -3.6018  cost_loss: 1.3596  nu_loss: 10.9561
Step:  1560000  |  score: 107.22 ± 1.97  |  actor_loss: -4.3164  cost_loss: 1.3643  nu_loss: 10.7912
Step:  1570000  |  score: 93.39 ± 35.25  |  actor_loss: -4.2643  cost_loss: 1.3611  nu_loss: 10.6028
Step:  1580000  |  score: 105.12 ± 3.76  |  actor_loss: -3.9280  cost_loss: 1.3670  nu_loss: 10.7359
Step:  1590000  |  score: 107.07 ± 0.68  |  actor_loss: -4.7522  cost_loss: 1.3552  nu_loss: 10.5374
Step:  1600000  |  score: 93.92 ± 35.50  |  actor_loss: -4.5028  cost_loss: 1.3645  nu_loss: 10.6781
Step:  1610000  |  score: 106.96 ± 0.66  |  actor_loss: -4.3929  cost_loss: 1.3579  nu_loss: 10.9387
Step:  1620000  |  score: 107.28 ± 0.86  |  actor_loss: -4.6097  cost_loss: 1.3673  nu_loss: 10.8142
Step:  1630000  |  score: 95.38 ± 30.48  |  actor_loss: -4.0908  cost_loss: 1.3612  nu_loss: 10.6529
Step:  1640000  |  score: 106.49 ± 1.50  |  actor_loss: -4.1227  cost_loss: 1.3639  nu_loss: 10.8439
Step:  1650000  |  score: 100.20 ± 14.09  |  actor_loss: -4.2193  cost_loss: 1.3548  nu_loss: 11.0736
Step:  1660000  |  score: 107.50 ± 0.57  |  actor_loss: -4.1771  cost_loss: 1.3590  nu_loss: 10.5615
Step:  1670000  |  score: 107.02 ± 1.08  |  actor_loss: -4.1718  cost_loss: 1.3525  nu_loss: 10.9922
Step:  1680000  |  score: 106.84 ± 0.66  |  actor_loss: -3.9687  cost_loss: 1.3626  nu_loss: 10.9084
Step:  1690000  |  score: 106.85 ± 0.54  |  actor_loss: -4.5323  cost_loss: 1.3626  nu_loss: 10.8218
Step:  1700000  |  score: 106.67 ± 1.04  |  actor_loss: -4.2456  cost_loss: 1.3527  nu_loss: 10.8050
Step:  1710000  |  score: 106.88 ± 0.98  |  actor_loss: -3.7536  cost_loss: 1.3569  nu_loss: 10.9710
Step:  1720000  |  score: 107.25 ± 0.44  |  actor_loss: -3.9975  cost_loss: 1.3577  nu_loss: 10.9096
Step:  1730000  |  score: 101.85 ± 12.44  |  actor_loss: -4.3938  cost_loss: 1.3606  nu_loss: 10.7497
Step:  1740000  |  score: 107.59 ± 1.02  |  actor_loss: -4.0093  cost_loss: 1.3599  nu_loss: 10.9392
Step:  1750000  |  score: 97.93 ± 24.36  |  actor_loss: -4.3513  cost_loss: 1.3587  nu_loss: 11.0727
Step:  1760000  |  score: 107.11 ± 1.24  |  actor_loss: -4.0151  cost_loss: 1.3673  nu_loss: 10.7056
Step:  1770000  |  score: 93.47 ± 22.77  |  actor_loss: -4.1650  cost_loss: 1.3622  nu_loss: 10.7351
Step:  1780000  |  score: 96.87 ± 26.84  |  actor_loss: -3.6578  cost_loss: 1.3691  nu_loss: 10.7166
Step:  1790000  |  score: 96.49 ± 28.57  |  actor_loss: -3.9865  cost_loss: 1.3649  nu_loss: 10.7862
Step:  1800000  |  score: 93.06 ± 34.94  |  actor_loss: -3.9868  cost_loss: 1.3690  nu_loss: 11.0071
Step:  1810000  |  score: 106.72 ± 0.88  |  actor_loss: -4.0730  cost_loss: 1.3600  nu_loss: 10.9763
Step:  1820000  |  score: 107.33 ± 0.54  |  actor_loss: -4.1312  cost_loss: 1.3635  nu_loss: 10.6995
Step:  1830000  |  score: 84.93 ± 37.85  |  actor_loss: -3.9857  cost_loss: 1.3650  nu_loss: 10.9523
Step:  1840000  |  score: 94.17 ± 35.62  |  actor_loss: -4.0019  cost_loss: 1.3508  nu_loss: 10.9684
Step:  1850000  |  score: 103.00 ± 8.76  |  actor_loss: -4.0514  cost_loss: 1.3566  nu_loss: 10.6589
Step:  1860000  |  score: 107.21 ± 0.73  |  actor_loss: -4.2923  cost_loss: 1.3652  nu_loss: 10.7730
Step:  1870000  |  score: 107.45 ± 1.06  |  actor_loss: -4.3061  cost_loss: 1.3561  nu_loss: 10.4316
Step:  1880000  |  score: 106.66 ± 1.67  |  actor_loss: -4.4087  cost_loss: 1.3683  nu_loss: 10.8247
Step:  1890000  |  score: 106.41 ± 1.47  |  actor_loss: -4.7226  cost_loss: 1.3659  nu_loss: 10.7440
Step:  1900000  |  score: 93.44 ± 35.37  |  actor_loss: -3.7127  cost_loss: 1.3582  nu_loss: 10.7206
Step:  1910000  |  score: 107.67 ± 0.82  |  actor_loss: -3.9530  cost_loss: 1.3628  nu_loss: 10.8138
Step:  1920000  |  score: 106.75 ± 1.10  |  actor_loss: -4.2953  cost_loss: 1.3574  nu_loss: 10.8335
Step:  1930000  |  score: 106.79 ± 0.95  |  actor_loss: -3.9792  cost_loss: 1.3604  nu_loss: 10.7486
Step:  1940000  |  score: 95.95 ± 27.34  |  actor_loss: -4.1809  cost_loss: 1.3643  nu_loss: 10.7564
Step:  1950000  |  score: 96.06 ± 28.03  |  actor_loss: -3.6147  cost_loss: 1.3598  nu_loss: 10.7688
Step:  1960000  |  score: 96.19 ± 29.49  |  actor_loss: -4.7095  cost_loss: 1.3597  nu_loss: 10.9238
Step:  1970000  |  score: 98.20 ± 25.20  |  actor_loss: -4.2132  cost_loss: 1.3644  nu_loss: 10.6781
Step:  1980000  |  score: 94.74 ± 31.24  |  actor_loss: -4.1560  cost_loss: 1.3578  nu_loss: 10.5381
Step:  1990000  |  score: 101.77 ± 14.51  |  actor_loss: -4.2277  cost_loss: 1.3657  nu_loss: 10.8586
Step:  2000000  |  score: 107.43 ± 0.65  |  actor_loss: -4.0715  cost_loss: 1.3627  nu_loss: 10.6155
Final evaluation (13 iterations)...
Final score: 98.46 ± 27.25
wandb: WARNING Symlinked 1 file into the W&B run directory; call wandb.save again to sync new files.
wandb: uploading history steps 199-199, summary, console lines 212-213; updating run metadata
wandb: uploading history steps 199-199, summary, console lines 212-213
wandb: uploading history steps 199-199, summary, console lines 212-213; uploading final_returns/demodice_walker2d-expert-v2_2026-03-18_16-43-17.npz; uploading output.log; uploading wandb-summary.json; uploading config.yaml
wandb: uploading history steps 199-199, summary, console lines 212-213; uploading output.log
wandb: uploading history steps 199-199, summary, console lines 212-213
wandb: uploading summary, console lines 214-215
wandb: 
wandb: Run history:
wandb:  actor_loss ▆█▇▅▆▅▄▅█▆▄▆▇▃▆▄▄▆▄▄▆▅▅▂▆▅▃▅▄▄▂▄▆▃▃▄▅▄▁▄
wandb:   cost_loss ▆▆▆▄▂▄▇▄▃▃▃▄▆▂█▄▃▄▆▂▄▄▃▃▃▁▆▅▃▇▃▁▅▅▆▄▃▆▆▄
wandb:     nu_loss █▅▄▆▃▄▆▃▆▄▁▅▁▂▁▄▂▅▄▄▄▄▇▃▅▄▆▄▂▃▃▄▄▃▃▃▄▃▄▄
wandb: num_updates ▁▁▁▁▁▂▂▂▂▂▂▃▃▃▃▃▃▃▃▃▄▄▄▄▄▅▅▅▅▅▆▆▆▇▇▇▇███
wandb:      return ▁▁▃▃▄███▇▇█▇██▇██▆███▇██████▇█▇█▇█████▇▇
wandb:       score ▁▄▆▆▇▇▇██▇████▇███▇▇████████▇█▇▇█████▇▇█
wandb:   score_std ▃▃▅▆█▂▁▇▁▁▆▁▆▁▁▁▁▁▁▁▁▁▁▁▁▁▁▁▇▁▁▁▁▃▁▁▅▆▁▁
wandb: 
wandb: Run summary:
wandb:  actor_loss -4.0715
wandb:   cost_loss 1.36271
wandb:     nu_loss 10.61546
wandb: num_updates 2000000
wandb:      return 4933.22307
wandb:       score 107.42643
wandb:   score_std 0.64591
wandb: 
wandb: 🚀 View run demodice_walker2d_M4_s3 at: https://wandb.ai/wsk208/DemoDICE/runs/xgteog53
wandb: ⭐️ View project at: https://wandb.ai/wsk208/DemoDICE
wandb: Synced 5 W&B file(s), 0 media file(s), 0 artifact file(s) and 1 other file(s)
wandb: Find logs at: ./wandb/run-20260318_161452-xgteog53/logs
