Warning: All of online environments libraries in D4RL have been moved ]8;;https://github.com/Farama-Foundation/Gymnasium\Gymnasium]8;;\, ]8;;https://github.com/Farama-Foundation/MiniGrid\MiniGrid]8;;\ and ]8;;https://github.com/Farama-Foundation/Gymnasium-Robotics\Gymnasium-Robotics]8;;\, and all offline datasets in D4RL have been moved to ]8;;https://github.com/Farama-Foundation/Minari\Minari]8;;\.
These new versions include large bug fixes, new versions of Python, and are where all new development will continue. Please upgrade these libraries as soon as you're able to do so.
If you'd like to read more about the story behind this switch, please check out ]8;;https://farama.org/Announcing-Minari\this blog post]8;;\.
Gym has been unmaintained since 2022 and does not support NumPy 2.0 amongst other critical functionality.
Please upgrade to Gymnasium, the maintained drop-in replacement of Gym, or contact the authors of your software and request that they upgrade.
See the migration guide at https://gymnasium.farama.org/introduction/migration_guide/ for additional information.
/opt/venv/lib/python3.10/site-packages/Cython/Distutils/old_build_ext.py:15: DeprecationWarning: dep_util is Deprecated. Use functions from setuptools instead.
  from distutils.dep_util import newer, newer_group
<frozen importlib._bootstrap>:283: DeprecationWarning: the load_module() method is deprecated and slated for removal in Python 3.12; use exec_module() instead
pybullet build time: Jan 29 2025 23:16:28
wandb: [wandb.login()] Loaded credentials for https://api.wandb.ai from /root/.netrc.
wandb: Currently logged in as: wsk208 (roidice) to https://api.wandb.ai. Use `wandb login --relogin` to force relogin
/opt/venv/lib/python3.10/site-packages/wandb/analytics/sentry.py:268: DeprecationWarning: Read the `app_url` setting from the appropriate Settings object.
  app_url = wandb.util.app_url(tags["base_url"])  # type: ignore[index]
/opt/venv/lib/python3.10/site-packages/wandb/analytics/sentry.py:279: DeprecationWarning: The `Scope.user` setter is deprecated in favor of `Scope.set_user()`.
  self.scope.user = {"email": email}
wandb: setting up run xeimwe0g
/opt/venv/lib/python3.10/site-packages/wandb/analytics/sentry.py:268: DeprecationWarning: Read the `app_url` setting from the appropriate Settings object.
  app_url = wandb.util.app_url(tags["base_url"])  # type: ignore[index]
/opt/venv/lib/python3.10/site-packages/wandb/analytics/sentry.py:279: DeprecationWarning: The `Scope.user` setter is deprecated in favor of `Scope.set_user()`.
  self.scope.user = {"email": email}
wandb: Tracking run with wandb version 0.25.1
wandb: Run data is saved locally in /app/wandb/run-20260318_081054-xeimwe0g
wandb: Run `wandb offline` to turn off syncing.
wandb: Syncing run demodice_hopper_M2_s3
wandb: ⭐️ View project at https://wandb.ai/wsk208/DemoDICE
wandb: 🚀 View run at https://wandb.ai/wsk208/DemoDICE/runs/xeimwe0g
/opt/venv/lib/python3.10/site-packages/gym/spaces/box.py:84: UserWarning: [33mWARN: Box bound precision lowered by casting to float32[0m
  logger.warn(f"Box bound precision lowered by casting to {self.dtype}")
load datafile:   0%|          | 0/21 [00:00<?, ?it/s]load datafile:  10%|▉         | 2/21 [00:00<00:01, 17.55it/s]load datafile:  19%|█▉        | 4/21 [00:00<00:02,  6.03it/s]load datafile:  81%|████████  | 17/21 [00:00<00:00, 21.89it/s]load datafile:  95%|█████████▌| 20/21 [00:01<00:00, 16.83it/s]load datafile: 100%|██████████| 21/21 [00:01<00:00, 16.99it/s]
Expert  :  999061 transitions  (hopper-expert-v2, 400 traj)
load datafile:   0%|          | 0/9 [00:00<?, ?it/s]load datafile:  33%|███▎      | 3/9 [00:00<00:00,  8.96it/s]load datafile:  44%|████▍     | 4/9 [00:00<00:00,  6.50it/s]load datafile:  56%|█████▌    | 5/9 [00:00<00:00,  5.00it/s]load datafile:  67%|██████▋   | 6/9 [00:01<00:00,  4.30it/s]load datafile: 100%|██████████| 9/9 [00:01<00:00,  7.44it/s]
Imperfect:    8684 transitions  (hopper-random-v2, 400 traj)
Union   : 1007745 transitions total
/root/.local/share/uv/python/cpython-3.10-linux-x86_64-gnu/lib/python3.10/multiprocessing/popen_fork.py:66: RuntimeWarning: os.fork() was called. os.fork() is incompatible with multithreaded code, and JAX is multithreaded, so this will likely lead to a deadlock.
  self.pid = os.fork()
/opt/venv/lib/python3.10/site-packages/tensorflow_probability/python/internal/backend/jax/ops.py:681: DeprecationWarning: jax.interpreters.xla.pytype_aval_mappings is deprecated.
  jax.interpreters.xla.pytype_aval_mappings[onp.ndarray])
/opt/venv/lib/python3.10/site-packages/gym/spaces/box.py:84: UserWarning: [33mWARN: Box bound precision lowered by casting to float32[0m
  logger.warn(f"Box bound precision lowered by casting to {self.dtype}")
Step:    10000  |  score: 12.40 ± 12.06  |  actor_loss: -0.9494  cost_loss: 1.3885  nu_loss: 11.8930
Step:    20000  |  score: 20.86 ± 10.19  |  actor_loss: -0.9839  cost_loss: 1.3816  nu_loss: 11.6958
Step:    30000  |  score: 20.11 ± 22.46  |  actor_loss: -0.7261  cost_loss: 1.3808  nu_loss: 11.6081
Step:    40000  |  score: 10.54 ± 8.12  |  actor_loss: -1.0715  cost_loss: 1.3817  nu_loss: 11.5830
Step:    50000  |  score: 41.27 ± 28.89  |  actor_loss: -1.0356  cost_loss: 1.3803  nu_loss: 11.5713
Step:    60000  |  score: 13.17 ± 13.95  |  actor_loss: -1.2969  cost_loss: 1.3803  nu_loss: 11.4911
Step:    70000  |  score: 28.98 ± 30.87  |  actor_loss: -1.1198  cost_loss: 1.3758  nu_loss: 11.4531
Step:    80000  |  score: 23.28 ± 21.48  |  actor_loss: -1.1839  cost_loss: 1.3795  nu_loss: 11.3945
Step:    90000  |  score: 27.77 ± 16.42  |  actor_loss: -1.4496  cost_loss: 1.3815  nu_loss: 11.2487
Step:   100000  |  score: 27.56 ± 25.68  |  actor_loss: -1.3431  cost_loss: 1.3806  nu_loss: 11.2529
Step:   110000  |  score: 35.32 ± 31.17  |  actor_loss: -1.0189  cost_loss: 1.3756  nu_loss: 11.4521
Step:   120000  |  score: 32.71 ± 14.31  |  actor_loss: -1.3715  cost_loss: 1.3812  nu_loss: 11.3222
Step:   130000  |  score: 37.83 ± 19.88  |  actor_loss: -1.4880  cost_loss: 1.3812  nu_loss: 11.3104
Step:   140000  |  score: 24.93 ± 17.05  |  actor_loss: -1.3237  cost_loss: 1.3802  nu_loss: 11.3749
Step:   150000  |  score: 23.11 ± 6.55  |  actor_loss: -0.9078  cost_loss: 1.3758  nu_loss: 11.1098
Step:   160000  |  score: 36.50 ± 25.28  |  actor_loss: -1.6808  cost_loss: 1.3805  nu_loss: 11.1585
Step:   170000  |  score: 32.08 ± 20.78  |  actor_loss: -1.3454  cost_loss: 1.3784  nu_loss: 11.4472
Step:   180000  |  score: 41.36 ± 21.39  |  actor_loss: -1.3444  cost_loss: 1.3771  nu_loss: 11.1073
Step:   190000  |  score: 30.42 ± 16.21  |  actor_loss: -1.4214  cost_loss: 1.3788  nu_loss: 11.4691
Step:   200000  |  score: 33.83 ± 20.89  |  actor_loss: -1.4898  cost_loss: 1.3774  nu_loss: 11.1574
Step:   210000  |  score: 41.46 ± 32.64  |  actor_loss: -1.5691  cost_loss: 1.3811  nu_loss: 11.2217
Step:   220000  |  score: 29.19 ± 18.08  |  actor_loss: -1.3658  cost_loss: 1.3786  nu_loss: 11.3290
Step:   230000  |  score: 41.78 ± 23.59  |  actor_loss: -1.2649  cost_loss: 1.3794  nu_loss: 11.3035
Step:   240000  |  score: 39.24 ± 24.44  |  actor_loss: -1.6035  cost_loss: 1.3785  nu_loss: 11.1592
Step:   250000  |  score: 41.19 ± 25.79  |  actor_loss: -1.3856  cost_loss: 1.3745  nu_loss: 11.5097
Step:   260000  |  score: 18.08 ± 9.18  |  actor_loss: -1.2611  cost_loss: 1.3772  nu_loss: 11.0784
Step:   270000  |  score: 56.65 ± 27.23  |  actor_loss: -1.5915  cost_loss: 1.3796  nu_loss: 11.2525
Step:   280000  |  score: 43.98 ± 32.55  |  actor_loss: -1.4680  cost_loss: 1.3750  nu_loss: 11.0764
Step:   290000  |  score: 39.34 ± 22.69  |  actor_loss: -1.3272  cost_loss: 1.3808  nu_loss: 11.1283
Step:   300000  |  score: 44.75 ± 30.58  |  actor_loss: -1.6400  cost_loss: 1.3775  nu_loss: 11.1234
Step:   310000  |  score: 30.62 ± 23.75  |  actor_loss: -1.2419  cost_loss: 1.3797  nu_loss: 11.0584
Step:   320000  |  score: 61.12 ± 33.60  |  actor_loss: -1.3249  cost_loss: 1.3784  nu_loss: 11.1233
Step:   330000  |  score: 24.41 ± 12.41  |  actor_loss: -1.1819  cost_loss: 1.3783  nu_loss: 11.4401
Step:   340000  |  score: 41.49 ± 25.90  |  actor_loss: -1.5683  cost_loss: 1.3802  nu_loss: 11.1303
Step:   350000  |  score: 59.26 ± 37.40  |  actor_loss: -1.4152  cost_loss: 1.3801  nu_loss: 11.1294
Step:   360000  |  score: 35.17 ± 29.61  |  actor_loss: -1.7600  cost_loss: 1.3797  nu_loss: 11.2810
Step:   370000  |  score: 37.57 ± 32.83  |  actor_loss: -1.3506  cost_loss: 1.3788  nu_loss: 11.1856
Step:   380000  |  score: 34.00 ± 17.14  |  actor_loss: -1.4227  cost_loss: 1.3780  nu_loss: 11.3163
Step:   390000  |  score: 40.29 ± 16.87  |  actor_loss: -0.9647  cost_loss: 1.3801  nu_loss: 11.0985
Step:   400000  |  score: 39.48 ± 33.89  |  actor_loss: -1.6309  cost_loss: 1.3802  nu_loss: 10.8739
Step:   410000  |  score: 28.33 ± 22.37  |  actor_loss: -1.3341  cost_loss: 1.3803  nu_loss: 11.0913
Step:   420000  |  score: 52.47 ± 27.15  |  actor_loss: -1.4741  cost_loss: 1.3791  nu_loss: 11.3126
Step:   430000  |  score: 36.41 ± 36.58  |  actor_loss: -1.5902  cost_loss: 1.3783  nu_loss: 11.1174
Step:   440000  |  score: 49.19 ± 14.90  |  actor_loss: -1.5180  cost_loss: 1.3799  nu_loss: 11.2214
Step:   450000  |  score: 45.07 ± 27.76  |  actor_loss: -1.4115  cost_loss: 1.3789  nu_loss: 11.0972
Step:   460000  |  score: 58.39 ± 29.37  |  actor_loss: -1.6609  cost_loss: 1.3771  nu_loss: 11.1649
Step:   470000  |  score: 36.81 ± 21.67  |  actor_loss: -1.3815  cost_loss: 1.3804  nu_loss: 11.0979
Step:   480000  |  score: 40.01 ± 30.48  |  actor_loss: -1.5005  cost_loss: 1.3824  nu_loss: 11.0739
Step:   490000  |  score: 28.21 ± 22.57  |  actor_loss: -1.4683  cost_loss: 1.3802  nu_loss: 11.3641
Step:   500000  |  score: 48.16 ± 35.25  |  actor_loss: -1.3770  cost_loss: 1.3754  nu_loss: 11.2262
Step:   510000  |  score: 48.25 ± 43.35  |  actor_loss: -1.5123  cost_loss: 1.3775  nu_loss: 11.4118
Step:   520000  |  score: 44.99 ± 27.48  |  actor_loss: -1.1311  cost_loss: 1.3825  nu_loss: 11.5022
Step:   530000  |  score: 41.95 ± 34.96  |  actor_loss: -1.6861  cost_loss: 1.3765  nu_loss: 11.0797
Step:   540000  |  score: 46.31 ± 28.76  |  actor_loss: -1.8757  cost_loss: 1.3779  nu_loss: 11.2312
Step:   550000  |  score: 52.82 ± 29.29  |  actor_loss: -1.5439  cost_loss: 1.3814  nu_loss: 10.9476
Step:   560000  |  score: 54.57 ± 25.36  |  actor_loss: -1.7248  cost_loss: 1.3831  nu_loss: 11.1354
Step:   570000  |  score: 20.17 ± 12.98  |  actor_loss: -1.5989  cost_loss: 1.3813  nu_loss: 10.9990
Step:   580000  |  score: 47.35 ± 33.33  |  actor_loss: -1.6617  cost_loss: 1.3778  nu_loss: 11.2023
Step:   590000  |  score: 39.11 ± 34.65  |  actor_loss: -1.7148  cost_loss: 1.3810  nu_loss: 10.7575
Step:   600000  |  score: 43.68 ± 23.96  |  actor_loss: -1.7562  cost_loss: 1.3798  nu_loss: 11.0075
Step:   610000  |  score: 45.71 ± 29.47  |  actor_loss: -1.3699  cost_loss: 1.3771  nu_loss: 11.0880
Step:   620000  |  score: 53.21 ± 23.25  |  actor_loss: -1.6117  cost_loss: 1.3787  nu_loss: 11.2321
Step:   630000  |  score: 64.49 ± 22.34  |  actor_loss: -1.3482  cost_loss: 1.3722  nu_loss: 11.1916
Step:   640000  |  score: 49.07 ± 39.26  |  actor_loss: -1.5660  cost_loss: 1.3749  nu_loss: 11.2925
Step:   650000  |  score: 61.67 ± 25.70  |  actor_loss: -1.3470  cost_loss: 1.3775  nu_loss: 11.2617
Step:   660000  |  score: 54.16 ± 37.76  |  actor_loss: -1.4234  cost_loss: 1.3768  nu_loss: 11.0745
Step:   670000  |  score: 31.50 ± 25.29  |  actor_loss: -1.6936  cost_loss: 1.3807  nu_loss: 11.2223
Step:   680000  |  score: 73.59 ± 43.93  |  actor_loss: -1.4303  cost_loss: 1.3802  nu_loss: 11.3576
Step:   690000  |  score: 50.42 ± 31.55  |  actor_loss: -1.4881  cost_loss: 1.3755  nu_loss: 11.1236
Step:   700000  |  score: 22.45 ± 16.37  |  actor_loss: -1.6619  cost_loss: 1.3816  nu_loss: 11.0703
Step:   710000  |  score: 49.07 ± 33.68  |  actor_loss: -1.5285  cost_loss: 1.3782  nu_loss: 11.5642
Step:   720000  |  score: 44.38 ± 34.84  |  actor_loss: -1.4620  cost_loss: 1.3813  nu_loss: 11.3169
Step:   730000  |  score: 54.99 ± 35.60  |  actor_loss: -1.5168  cost_loss: 1.3749  nu_loss: 10.9567
Step:   740000  |  score: 56.30 ± 30.82  |  actor_loss: -1.5620  cost_loss: 1.3747  nu_loss: 11.1913
Step:   750000  |  score: 53.32 ± 39.78  |  actor_loss: -1.6253  cost_loss: 1.3749  nu_loss: 11.2901
Step:   760000  |  score: 79.16 ± 34.84  |  actor_loss: -1.3828  cost_loss: 1.3804  nu_loss: 11.0472
Step:   770000  |  score: 34.58 ± 29.43  |  actor_loss: -1.6124  cost_loss: 1.3773  nu_loss: 11.1647
Step:   780000  |  score: 44.94 ± 38.04  |  actor_loss: -1.6467  cost_loss: 1.3795  nu_loss: 10.9908
Step:   790000  |  score: 41.81 ± 20.36  |  actor_loss: -1.7812  cost_loss: 1.3827  nu_loss: 11.1617
Step:   800000  |  score: 34.31 ± 23.59  |  actor_loss: -1.5059  cost_loss: 1.3741  nu_loss: 11.1533
Step:   810000  |  score: 44.93 ± 30.25  |  actor_loss: -1.7842  cost_loss: 1.3803  nu_loss: 11.2310
Step:   820000  |  score: 46.72 ± 30.25  |  actor_loss: -1.5847  cost_loss: 1.3775  nu_loss: 10.8026
Step:   830000  |  score: 65.93 ± 30.19  |  actor_loss: -1.7524  cost_loss: 1.3716  nu_loss: 11.1805
Step:   840000  |  score: 36.93 ± 18.11  |  actor_loss: -1.3371  cost_loss: 1.3753  nu_loss: 11.1404
Step:   850000  |  score: 58.87 ± 40.93  |  actor_loss: -1.4343  cost_loss: 1.3736  nu_loss: 11.1396
Step:   860000  |  score: 42.89 ± 24.52  |  actor_loss: -1.7777  cost_loss: 1.3775  nu_loss: 11.1488
Step:   870000  |  score: 36.35 ± 18.88  |  actor_loss: -1.5382  cost_loss: 1.3819  nu_loss: 11.1355
Step:   880000  |  score: 70.87 ± 40.45  |  actor_loss: -1.6714  cost_loss: 1.3743  nu_loss: 11.1294
Step:   890000  |  score: 69.35 ± 37.13  |  actor_loss: -1.5473  cost_loss: 1.3802  nu_loss: 10.9277
Step:   900000  |  score: 41.25 ± 26.51  |  actor_loss: -1.7908  cost_loss: 1.3741  nu_loss: 11.1261
Step:   910000  |  score: 58.30 ± 22.08  |  actor_loss: -1.8126  cost_loss: 1.3784  nu_loss: 11.1093
Step:   920000  |  score: 47.44 ± 29.16  |  actor_loss: -1.3530  cost_loss: 1.3763  nu_loss: 11.3197
Step:   930000  |  score: 49.63 ± 38.10  |  actor_loss: -1.7726  cost_loss: 1.3782  nu_loss: 11.4414
Step:   940000  |  score: 56.18 ± 23.66  |  actor_loss: -1.5680  cost_loss: 1.3711  nu_loss: 11.4567
Step:   950000  |  score: 47.00 ± 33.77  |  actor_loss: -1.3300  cost_loss: 1.3782  nu_loss: 11.0792
Step:   960000  |  score: 47.05 ± 24.87  |  actor_loss: -1.3794  cost_loss: 1.3745  nu_loss: 11.4228
Step:   970000  |  score: 47.53 ± 22.03  |  actor_loss: -1.5255  cost_loss: 1.3807  nu_loss: 11.1617
Step:   980000  |  score: 12.82 ± 8.06  |  actor_loss: -1.4432  cost_loss: 1.3773  nu_loss: 11.2531
Step:   990000  |  score: 41.05 ± 12.10  |  actor_loss: -1.5607  cost_loss: 1.3781  nu_loss: 11.1830
Step:  1000000  |  score: 48.74 ± 37.78  |  actor_loss: -1.3528  cost_loss: 1.3769  nu_loss: 11.3952
Step:  1010000  |  score: 49.83 ± 31.86  |  actor_loss: -1.5000  cost_loss: 1.3770  nu_loss: 11.2959
Step:  1020000  |  score: 72.81 ± 44.00  |  actor_loss: -1.8488  cost_loss: 1.3757  nu_loss: 11.3080
Step:  1030000  |  score: 36.23 ± 28.79  |  actor_loss: -1.7242  cost_loss: 1.3779  nu_loss: 11.4889
Step:  1040000  |  score: 28.43 ± 24.02  |  actor_loss: -1.5218  cost_loss: 1.3784  nu_loss: 11.1408
Step:  1050000  |  score: 61.47 ± 34.05  |  actor_loss: -1.5458  cost_loss: 1.3804  nu_loss: 11.1337
Step:  1060000  |  score: 33.49 ± 16.87  |  actor_loss: -1.6135  cost_loss: 1.3783  nu_loss: 11.1075
Step:  1070000  |  score: 54.02 ± 27.24  |  actor_loss: -1.8662  cost_loss: 1.3777  nu_loss: 11.2706
Step:  1080000  |  score: 57.94 ± 34.22  |  actor_loss: -1.6278  cost_loss: 1.3777  nu_loss: 11.3751
Step:  1090000  |  score: 60.18 ± 26.99  |  actor_loss: -1.3152  cost_loss: 1.3759  nu_loss: 11.3192
Step:  1100000  |  score: 53.42 ± 43.04  |  actor_loss: -1.7860  cost_loss: 1.3786  nu_loss: 11.1876
Step:  1110000  |  score: 66.39 ± 31.29  |  actor_loss: -1.5890  cost_loss: 1.3808  nu_loss: 11.0115
Step:  1120000  |  score: 56.11 ± 36.19  |  actor_loss: -1.7246  cost_loss: 1.3787  nu_loss: 11.0368
Step:  1130000  |  score: 77.71 ± 36.98  |  actor_loss: -1.5618  cost_loss: 1.3820  nu_loss: 10.9565
Step:  1140000  |  score: 73.93 ± 41.63  |  actor_loss: -1.6112  cost_loss: 1.3750  nu_loss: 10.8551
Step:  1150000  |  score: 63.02 ± 30.69  |  actor_loss: -1.4978  cost_loss: 1.3780  nu_loss: 11.2121
Step:  1160000  |  score: 62.78 ± 43.13  |  actor_loss: -1.4805  cost_loss: 1.3808  nu_loss: 11.0889
Step:  1170000  |  score: 80.42 ± 38.84  |  actor_loss: -1.3271  cost_loss: 1.3782  nu_loss: 11.2189
Step:  1180000  |  score: 83.20 ± 19.80  |  actor_loss: -1.4493  cost_loss: 1.3774  nu_loss: 10.8985
Step:  1190000  |  score: 76.84 ± 41.02  |  actor_loss: -2.0174  cost_loss: 1.3785  nu_loss: 11.0171
Step:  1200000  |  score: 43.02 ± 27.42  |  actor_loss: -1.5802  cost_loss: 1.3794  nu_loss: 10.9188
Step:  1210000  |  score: 34.13 ± 32.75  |  actor_loss: -1.6492  cost_loss: 1.3789  nu_loss: 11.3046
Step:  1220000  |  score: 42.29 ± 27.82  |  actor_loss: -1.4112  cost_loss: 1.3746  nu_loss: 11.1805
Step:  1230000  |  score: 32.65 ± 31.54  |  actor_loss: -1.4842  cost_loss: 1.3772  nu_loss: 11.0733
Step:  1240000  |  score: 40.42 ± 34.95  |  actor_loss: -1.4750  cost_loss: 1.3792  nu_loss: 11.0306
Step:  1250000  |  score: 61.68 ± 31.42  |  actor_loss: -1.6715  cost_loss: 1.3791  nu_loss: 10.9396
Step:  1260000  |  score: 69.95 ± 31.93  |  actor_loss: -1.5352  cost_loss: 1.3776  nu_loss: 11.0308
Step:  1270000  |  score: 77.71 ± 41.38  |  actor_loss: -1.1298  cost_loss: 1.3786  nu_loss: 11.3136
Step:  1280000  |  score: 48.92 ± 46.25  |  actor_loss: -1.5372  cost_loss: 1.3824  nu_loss: 11.1601
Step:  1290000  |  score: 61.54 ± 35.56  |  actor_loss: -1.6597  cost_loss: 1.3778  nu_loss: 11.5527
Step:  1300000  |  score: 34.71 ± 34.66  |  actor_loss: -1.8665  cost_loss: 1.3773  nu_loss: 11.2424
Step:  1310000  |  score: 51.71 ± 36.29  |  actor_loss: -1.5045  cost_loss: 1.3771  nu_loss: 11.2011
Step:  1320000  |  score: 66.22 ± 37.77  |  actor_loss: -1.7228  cost_loss: 1.3792  nu_loss: 11.0940
Step:  1330000  |  score: 57.84 ± 29.18  |  actor_loss: -1.7110  cost_loss: 1.3798  nu_loss: 11.1585
Step:  1340000  |  score: 61.09 ± 31.79  |  actor_loss: -1.6035  cost_loss: 1.3771  nu_loss: 11.1312
Step:  1350000  |  score: 48.45 ± 25.84  |  actor_loss: -1.6146  cost_loss: 1.3776  nu_loss: 11.2255
Step:  1360000  |  score: 53.77 ± 39.15  |  actor_loss: -1.4781  cost_loss: 1.3757  nu_loss: 11.1274
Step:  1370000  |  score: 39.09 ± 36.81  |  actor_loss: -1.6899  cost_loss: 1.3772  nu_loss: 11.1948
Step:  1380000  |  score: 53.67 ± 36.90  |  actor_loss: -1.0682  cost_loss: 1.3783  nu_loss: 10.9903
Step:  1390000  |  score: 75.70 ± 31.66  |  actor_loss: -1.7033  cost_loss: 1.3789  nu_loss: 11.1341
Step:  1400000  |  score: 46.96 ± 39.74  |  actor_loss: -1.8252  cost_loss: 1.3782  nu_loss: 10.9763
Step:  1410000  |  score: 50.84 ± 31.50  |  actor_loss: -1.5190  cost_loss: 1.3748  nu_loss: 11.2700
Step:  1420000  |  score: 58.63 ± 24.06  |  actor_loss: -1.7834  cost_loss: 1.3781  nu_loss: 11.1377
Step:  1430000  |  score: 84.60 ± 30.31  |  actor_loss: -1.6174  cost_loss: 1.3765  nu_loss: 10.9184
Step:  1440000  |  score: 54.86 ± 36.31  |  actor_loss: -1.3845  cost_loss: 1.3777  nu_loss: 11.2960
Step:  1450000  |  score: 59.83 ± 44.40  |  actor_loss: -1.7489  cost_loss: 1.3801  nu_loss: 10.9727
Step:  1460000  |  score: 57.19 ± 35.96  |  actor_loss: -1.5051  cost_loss: 1.3775  nu_loss: 11.0714
Step:  1470000  |  score: 68.70 ± 36.82  |  actor_loss: -1.6825  cost_loss: 1.3773  nu_loss: 11.0456
Step:  1480000  |  score: 70.13 ± 37.75  |  actor_loss: -1.7492  cost_loss: 1.3759  nu_loss: 11.1951
Step:  1490000  |  score: 43.66 ± 20.60  |  actor_loss: -1.6998  cost_loss: 1.3792  nu_loss: 11.3078
Step:  1500000  |  score: 60.39 ± 35.04  |  actor_loss: -1.7165  cost_loss: 1.3772  nu_loss: 10.8920
Step:  1510000  |  score: 58.03 ± 28.33  |  actor_loss: -1.8455  cost_loss: 1.3804  nu_loss: 11.2703
Step:  1520000  |  score: 62.04 ± 35.45  |  actor_loss: -1.5777  cost_loss: 1.3803  nu_loss: 11.2045
Step:  1530000  |  score: 53.95 ± 36.91  |  actor_loss: -1.5356  cost_loss: 1.3781  nu_loss: 11.1216
Step:  1540000  |  score: 66.99 ± 36.69  |  actor_loss: -1.3672  cost_loss: 1.3805  nu_loss: 11.1963
Step:  1550000  |  score: 46.00 ± 43.44  |  actor_loss: -1.4744  cost_loss: 1.3732  nu_loss: 11.4178
Step:  1560000  |  score: 57.30 ± 36.19  |  actor_loss: -1.3058  cost_loss: 1.3801  nu_loss: 11.2692
Step:  1570000  |  score: 53.07 ± 36.23  |  actor_loss: -1.8106  cost_loss: 1.3814  nu_loss: 10.9330
Step:  1580000  |  score: 51.91 ± 45.05  |  actor_loss: -1.4203  cost_loss: 1.3718  nu_loss: 11.4275
Step:  1590000  |  score: 52.56 ± 35.19  |  actor_loss: -1.6158  cost_loss: 1.3801  nu_loss: 11.0252
Step:  1600000  |  score: 46.05 ± 25.72  |  actor_loss: -1.7166  cost_loss: 1.3782  nu_loss: 10.9075
Step:  1610000  |  score: 46.68 ± 41.94  |  actor_loss: -1.5272  cost_loss: 1.3773  nu_loss: 11.0166
Step:  1620000  |  score: 53.05 ± 32.46  |  actor_loss: -1.5661  cost_loss: 1.3755  nu_loss: 10.9152
Step:  1630000  |  score: 56.07 ± 39.04  |  actor_loss: -1.6662  cost_loss: 1.3802  nu_loss: 11.1079
Step:  1640000  |  score: 39.57 ± 33.17  |  actor_loss: -1.8400  cost_loss: 1.3791  nu_loss: 11.1396
Step:  1650000  |  score: 68.39 ± 36.21  |  actor_loss: -1.7777  cost_loss: 1.3792  nu_loss: 10.9484
Step:  1660000  |  score: 47.08 ± 35.27  |  actor_loss: -1.5135  cost_loss: 1.3764  nu_loss: 11.1453
Step:  1670000  |  score: 52.23 ± 35.34  |  actor_loss: -1.6816  cost_loss: 1.3814  nu_loss: 11.1305
Step:  1680000  |  score: 47.98 ± 28.58  |  actor_loss: -1.5937  cost_loss: 1.3760  nu_loss: 11.3793
Step:  1690000  |  score: 55.07 ± 40.69  |  actor_loss: -1.6894  cost_loss: 1.3833  nu_loss: 10.8780
Step:  1700000  |  score: 61.59 ± 41.45  |  actor_loss: -1.5047  cost_loss: 1.3766  nu_loss: 11.2743
Step:  1710000  |  score: 81.39 ± 17.83  |  actor_loss: -1.6426  cost_loss: 1.3758  nu_loss: 11.2806
Step:  1720000  |  score: 78.76 ± 22.15  |  actor_loss: -1.7995  cost_loss: 1.3789  nu_loss: 11.0073
Step:  1730000  |  score: 48.19 ± 35.19  |  actor_loss: -1.7293  cost_loss: 1.3753  nu_loss: 10.9321
Step:  1740000  |  score: 42.66 ± 25.72  |  actor_loss: -1.5069  cost_loss: 1.3827  nu_loss: 10.9220
Step:  1750000  |  score: 59.14 ± 34.36  |  actor_loss: -1.6455  cost_loss: 1.3764  nu_loss: 10.9511
Step:  1760000  |  score: 53.44 ± 39.14  |  actor_loss: -1.5018  cost_loss: 1.3763  nu_loss: 11.4332
Step:  1770000  |  score: 66.74 ± 38.01  |  actor_loss: -1.6650  cost_loss: 1.3787  nu_loss: 11.0852
Step:  1780000  |  score: 66.13 ± 33.94  |  actor_loss: -1.6678  cost_loss: 1.3808  nu_loss: 10.9754
Step:  1790000  |  score: 67.63 ± 34.58  |  actor_loss: -1.6819  cost_loss: 1.3746  nu_loss: 11.1133
Step:  1800000  |  score: 76.86 ± 35.17  |  actor_loss: -1.6427  cost_loss: 1.3778  nu_loss: 11.2468
Step:  1810000  |  score: 48.01 ± 22.61  |  actor_loss: -1.6381  cost_loss: 1.3815  nu_loss: 11.0830
Step:  1820000  |  score: 47.49 ± 39.72  |  actor_loss: -1.8002  cost_loss: 1.3761  nu_loss: 10.8838
Step:  1830000  |  score: 64.75 ± 20.65  |  actor_loss: -1.7779  cost_loss: 1.3732  nu_loss: 10.8268
Step:  1840000  |  score: 61.31 ± 32.35  |  actor_loss: -1.9669  cost_loss: 1.3795  nu_loss: 11.1098
Step:  1850000  |  score: 68.53 ± 26.07  |  actor_loss: -1.5816  cost_loss: 1.3798  nu_loss: 11.0771
Step:  1860000  |  score: 58.57 ± 28.05  |  actor_loss: -1.3841  cost_loss: 1.3768  nu_loss: 11.0364
Step:  1870000  |  score: 51.71 ± 38.74  |  actor_loss: -1.5092  cost_loss: 1.3741  nu_loss: 11.1356
Step:  1880000  |  score: 70.18 ± 43.22  |  actor_loss: -1.4692  cost_loss: 1.3792  nu_loss: 11.1541
Step:  1890000  |  score: 47.28 ± 26.57  |  actor_loss: -1.5068  cost_loss: 1.3759  nu_loss: 11.2507
Step:  1900000  |  score: 85.08 ± 23.63  |  actor_loss: -1.7712  cost_loss: 1.3805  nu_loss: 11.2092
Step:  1910000  |  score: 70.27 ± 37.38  |  actor_loss: -1.7330  cost_loss: 1.3743  nu_loss: 11.1663
Step:  1920000  |  score: 54.24 ± 43.33  |  actor_loss: -1.7030  cost_loss: 1.3842  nu_loss: 11.0435
Step:  1930000  |  score: 81.23 ± 28.86  |  actor_loss: -1.8935  cost_loss: 1.3799  nu_loss: 11.0426
Step:  1940000  |  score: 35.21 ± 27.64  |  actor_loss: -1.9508  cost_loss: 1.3782  nu_loss: 11.0772
Step:  1950000  |  score: 60.07 ± 23.03  |  actor_loss: -1.1747  cost_loss: 1.3706  nu_loss: 11.3365
Step:  1960000  |  score: 53.67 ± 41.33  |  actor_loss: -1.5376  cost_loss: 1.3813  nu_loss: 10.9629
Step:  1970000  |  score: 74.79 ± 40.33  |  actor_loss: -1.5941  cost_loss: 1.3786  nu_loss: 10.9773
Step:  1980000  |  score: 74.55 ± 38.56  |  actor_loss: -1.6886  cost_loss: 1.3810  nu_loss: 11.2232
Step:  1990000  |  score: 59.01 ± 46.40  |  actor_loss: -1.6690  cost_loss: 1.3802  nu_loss: 10.9705
Step:  2000000  |  score: 54.94 ± 34.49  |  actor_loss: -1.8847  cost_loss: 1.3753  nu_loss: 10.9064
Final evaluation (13 iterations)...
Final score: 58.95 ± 35.79
wandb: WARNING Symlinked 1 file into the W&B run directory; call wandb.save again to sync new files.
wandb: uploading data; updating run metadata
wandb: uploading data
wandb: uploading data; uploading final_returns/demodice_hopper-expert-v2_2026-03-18_08-37-15.npz; uploading output.log; uploading wandb-summary.json; uploading config.yaml
wandb: uploading data; uploading output.log; uploading wandb-summary.json
wandb: uploading data
wandb: uploading summary, console lines 214-215
wandb: 
wandb: Run history:
wandb:  actor_loss █▆▅▆▂▃▄▁▄▃▄▂▄▃▂▅▄▄▅▂▃▂▄▄▄▄▄▂▂▃▁▃▂▃▃▂▃▃▃▁
wandb:   cost_loss █▅▅▅▅▄▄▂▄▄▄▅▅▄▅▅▃▄▂▅▅▂▂▃▃▅▄▄▃▃▂▄▄▁▃▃▂▃▂▂
wandb:     nu_loss █▅▄▆▄▄▄▃▆▁▂▄▃▄▄▄▅▆▄▆▄▂▄▃▅▄▃▄▃▄▂▆▃▂▃▃▄▃▄▂
wandb: num_updates ▁▁▁▂▂▂▂▂▃▃▄▄▄▄▄▄▄▄▅▅▅▅▅▅▅▆▆▆▆▆▆▆▆▇▇▇▇▇██
wandb:      return ▁▁▂▃▂▃▂▃▄▄▄▄▆▆▇▅▅▆▅▆▇▆▆▃▆▇▇▅▆▆▅▆▇▄▇▇▅▇█▆
wandb:       score ▁▃▂▂▃▃▁▅▄▅▄▄▅▃▅▄▃▃▅▄▆▃▅▅▇█▃█▅▄▆▅▆▄▆▅█▅▇▅
wandb:   score_std ▁▃▂▄▄▆▅▅▄▄▂▆▄▄▅▃▅█▇▄▁▆▅█▇▅▆▆▇▄▇▇▆▇▄▆▇█▄▆
wandb: 
wandb: Run summary:
wandb:  actor_loss -1.88472
wandb:   cost_loss 1.37527
wandb:     nu_loss 10.90635
wandb: num_updates 2000000
wandb:      return 1767.63567
wandb:       score 54.93527
wandb:   score_std 34.49242
wandb: 
wandb: 🚀 View run demodice_hopper_M2_s3 at: https://wandb.ai/wsk208/DemoDICE/runs/xeimwe0g
wandb: ⭐️ View project at: https://wandb.ai/wsk208/DemoDICE
wandb: Synced 5 W&B file(s), 0 media file(s), 0 artifact file(s) and 1 other file(s)
wandb: Find logs at: ./wandb/run-20260318_081054-xeimwe0g/logs
