Warning: All of online environments libraries in D4RL have been moved ]8;;https://github.com/Farama-Foundation/Gymnasium\Gymnasium]8;;\, ]8;;https://github.com/Farama-Foundation/MiniGrid\MiniGrid]8;;\ and ]8;;https://github.com/Farama-Foundation/Gymnasium-Robotics\Gymnasium-Robotics]8;;\, and all offline datasets in D4RL have been moved to ]8;;https://github.com/Farama-Foundation/Minari\Minari]8;;\.
These new versions include large bug fixes, new versions of Python, and are where all new development will continue. Please upgrade these libraries as soon as you're able to do so.
If you'd like to read more about the story behind this switch, please check out ]8;;https://farama.org/Announcing-Minari\this blog post]8;;\.
Gym has been unmaintained since 2022 and does not support NumPy 2.0 amongst other critical functionality.
Please upgrade to Gymnasium, the maintained drop-in replacement of Gym, or contact the authors of your software and request that they upgrade.
See the migration guide at https://gymnasium.farama.org/introduction/migration_guide/ for additional information.
/opt/venv/lib/python3.10/site-packages/Cython/Distutils/old_build_ext.py:15: DeprecationWarning: dep_util is Deprecated. Use functions from setuptools instead.
  from distutils.dep_util import newer, newer_group
<frozen importlib._bootstrap>:283: DeprecationWarning: the load_module() method is deprecated and slated for removal in Python 3.12; use exec_module() instead
pybullet build time: Jan 29 2025 23:16:28
wandb: [wandb.login()] Loaded credentials for https://api.wandb.ai from /root/.netrc.
wandb: Currently logged in as: wsk208 to https://api.wandb.ai. Use `wandb login --relogin` to force relogin
/opt/venv/lib/python3.10/site-packages/wandb/analytics/sentry.py:268: DeprecationWarning: Read the `app_url` setting from the appropriate Settings object.
  app_url = wandb.util.app_url(tags["base_url"])  # type: ignore[index]
/opt/venv/lib/python3.10/site-packages/wandb/analytics/sentry.py:279: DeprecationWarning: The `Scope.user` setter is deprecated in favor of `Scope.set_user()`.
  self.scope.user = {"email": email}
wandb: setting up run 78kdq3h3
/opt/venv/lib/python3.10/site-packages/wandb/analytics/sentry.py:268: DeprecationWarning: Read the `app_url` setting from the appropriate Settings object.
  app_url = wandb.util.app_url(tags["base_url"])  # type: ignore[index]
/opt/venv/lib/python3.10/site-packages/wandb/analytics/sentry.py:279: DeprecationWarning: The `Scope.user` setter is deprecated in favor of `Scope.set_user()`.
  self.scope.user = {"email": email}
wandb: Tracking run with wandb version 0.25.1
wandb: Run data is saved locally in /app/wandb/run-20260318_230545-78kdq3h3
wandb: Run `wandb offline` to turn off syncing.
wandb: Syncing run demodice_halfcheetah_M4_s0
wandb: ⭐️ View project at https://wandb.ai/wsk208/DemoDICE
wandb: 🚀 View run at https://wandb.ai/wsk208/DemoDICE/runs/78kdq3h3
/opt/venv/lib/python3.10/site-packages/gym/spaces/box.py:84: UserWarning: [33mWARN: Box bound precision lowered by casting to float32[0m
  logger.warn(f"Box bound precision lowered by casting to {self.dtype}")
load datafile:   0%|          | 0/21 [00:00<?, ?it/s]load datafile:   5%|▍         | 1/21 [00:00<00:03,  5.80it/s]load datafile:  14%|█▍        | 3/21 [00:00<00:03,  5.26it/s]load datafile:  19%|█▉        | 4/21 [00:00<00:04,  3.97it/s]load datafile:  81%|████████  | 17/21 [00:01<00:00, 15.44it/s]load datafile:  90%|█████████ | 19/21 [00:01<00:00, 10.71it/s]load datafile: 100%|██████████| 21/21 [00:01<00:00, 11.10it/s]
Expert  :  999000 transitions  (halfcheetah-expert-v2, 100 traj)
load datafile:   0%|          | 0/9 [00:00<?, ?it/s]load datafile:  11%|█         | 1/9 [00:00<00:01,  6.21it/s]load datafile:  33%|███▎      | 3/9 [00:00<00:01,  5.53it/s]load datafile:  44%|████▍     | 4/9 [00:00<00:01,  4.09it/s]load datafile:  56%|█████▌    | 5/9 [00:01<00:01,  3.17it/s]load datafile:  67%|██████▋   | 6/9 [00:01<00:01,  2.78it/s]load datafile: 100%|██████████| 9/9 [00:01<00:00,  4.89it/s]
Imperfect:  999000 transitions  (halfcheetah-random-v2, 1600 traj)
Union   : 1998000 transitions total
/root/.local/share/uv/python/cpython-3.10-linux-x86_64-gnu/lib/python3.10/multiprocessing/popen_fork.py:66: RuntimeWarning: os.fork() was called. os.fork() is incompatible with multithreaded code, and JAX is multithreaded, so this will likely lead to a deadlock.
  self.pid = os.fork()
/opt/venv/lib/python3.10/site-packages/tensorflow_probability/python/internal/backend/jax/ops.py:681: DeprecationWarning: jax.interpreters.xla.pytype_aval_mappings is deprecated.
  jax.interpreters.xla.pytype_aval_mappings[onp.ndarray])
/opt/venv/lib/python3.10/site-packages/gym/spaces/box.py:84: UserWarning: [33mWARN: Box bound precision lowered by casting to float32[0m
  logger.warn(f"Box bound precision lowered by casting to {self.dtype}")
Step:    10000  |  score: 0.39 ± 0.69  |  actor_loss: 1.4410  cost_loss: 0.9720  nu_loss: 11.5030
Step:    20000  |  score: 0.72 ± 0.70  |  actor_loss: -2.4811  cost_loss: 0.9290  nu_loss: 11.2573
Step:    30000  |  score: 1.01 ± 0.80  |  actor_loss: -1.7778  cost_loss: 0.9848  nu_loss: 15.0093
Step:    40000  |  score: 2.50 ± 2.02  |  actor_loss: -2.3744  cost_loss: 0.9412  nu_loss: 10.9570
Step:    50000  |  score: 1.19 ± 0.75  |  actor_loss: -2.5324  cost_loss: 0.9578  nu_loss: 10.9129
Step:    60000  |  score: 4.01 ± 2.76  |  actor_loss: -3.0399  cost_loss: 0.9701  nu_loss: 10.8414
Step:    70000  |  score: 3.40 ± 2.06  |  actor_loss: -3.1306  cost_loss: 0.9524  nu_loss: 10.8446
Step:    80000  |  score: 2.66 ± 1.86  |  actor_loss: -3.3901  cost_loss: 0.9719  nu_loss: 10.7377
Step:    90000  |  score: 1.71 ± 0.81  |  actor_loss: -3.4930  cost_loss: 0.9579  nu_loss: 11.0794
Step:   100000  |  score: 2.90 ± 2.27  |  actor_loss: -3.1726  cost_loss: 0.9860  nu_loss: 10.5510
Step:   110000  |  score: 2.95 ± 1.99  |  actor_loss: -3.3269  cost_loss: 0.9619  nu_loss: 10.6093
Step:   120000  |  score: 2.90 ± 2.61  |  actor_loss: -3.3134  cost_loss: 0.9601  nu_loss: 10.9034
Step:   130000  |  score: 2.86 ± 2.60  |  actor_loss: -3.3003  cost_loss: 0.9865  nu_loss: 10.2991
Step:   140000  |  score: 5.60 ± 4.68  |  actor_loss: -2.9766  cost_loss: 0.9368  nu_loss: 10.4831
Step:   150000  |  score: 2.45 ± 1.09  |  actor_loss: -3.5487  cost_loss: 0.9434  nu_loss: 10.5969
Step:   160000  |  score: 3.46 ± 3.70  |  actor_loss: -3.7903  cost_loss: 0.9712  nu_loss: 10.4413
Step:   170000  |  score: 1.74 ± 1.31  |  actor_loss: -2.5608  cost_loss: 0.9635  nu_loss: 11.0168
Step:   180000  |  score: 3.30 ± 2.96  |  actor_loss: -3.7376  cost_loss: 0.9838  nu_loss: 10.2564
Step:   190000  |  score: 4.43 ± 2.94  |  actor_loss: -3.5778  cost_loss: 0.9647  nu_loss: 10.5134
Step:   200000  |  score: 3.83 ± 2.99  |  actor_loss: -3.8507  cost_loss: 0.9517  nu_loss: 10.2124
Step:   210000  |  score: 6.96 ± 4.18  |  actor_loss: -2.6880  cost_loss: 1.0094  nu_loss: 10.4556
Step:   220000  |  score: 4.81 ± 3.04  |  actor_loss: -3.4011  cost_loss: 0.9717  nu_loss: 10.2547
Step:   230000  |  score: 5.36 ± 3.75  |  actor_loss: -3.4421  cost_loss: 0.9538  nu_loss: 10.2491
Step:   240000  |  score: 3.82 ± 3.64  |  actor_loss: -3.1104  cost_loss: 0.8942  nu_loss: 10.1685
Step:   250000  |  score: 4.09 ± 3.31  |  actor_loss: -3.9359  cost_loss: 0.9435  nu_loss: 10.3799
Step:   260000  |  score: 4.54 ± 2.66  |  actor_loss: -2.8586  cost_loss: 0.9677  nu_loss: 10.0969
Step:   270000  |  score: 3.18 ± 2.29  |  actor_loss: -2.8005  cost_loss: 0.9991  nu_loss: 10.0861
Step:   280000  |  score: 9.87 ± 7.42  |  actor_loss: -3.5563  cost_loss: 0.9948  nu_loss: 10.7385
Step:   290000  |  score: 3.58 ± 3.43  |  actor_loss: -3.1154  cost_loss: 0.9771  nu_loss: 9.6522
Step:   300000  |  score: 7.08 ± 3.48  |  actor_loss: -4.1533  cost_loss: 0.9903  nu_loss: 9.7134
Step:   310000  |  score: 3.91 ± 2.34  |  actor_loss: -3.1811  cost_loss: 0.9610  nu_loss: 9.6727
Step:   320000  |  score: 7.86 ± 4.66  |  actor_loss: -3.9960  cost_loss: 0.9472  nu_loss: 10.0451
Step:   330000  |  score: 1.48 ± 3.32  |  actor_loss: -3.7153  cost_loss: 0.9590  nu_loss: 9.6051
Step:   340000  |  score: 4.82 ± 3.37  |  actor_loss: -2.9033  cost_loss: 0.9149  nu_loss: 9.4789
Step:   350000  |  score: 3.97 ± 3.26  |  actor_loss: -3.6823  cost_loss: 0.9670  nu_loss: 9.7486
Step:   360000  |  score: 2.73 ± 2.01  |  actor_loss: -3.5222  cost_loss: 0.9666  nu_loss: 9.5515
Step:   370000  |  score: 8.98 ± 9.18  |  actor_loss: -3.3670  cost_loss: 0.9071  nu_loss: 9.1223
Step:   380000  |  score: 4.31 ± 4.68  |  actor_loss: -2.9417  cost_loss: 0.9791  nu_loss: 9.5697
Step:   390000  |  score: 6.85 ± 8.28  |  actor_loss: -4.0783  cost_loss: 1.0244  nu_loss: 8.9873
Step:   400000  |  score: 5.76 ± 3.36  |  actor_loss: -3.4417  cost_loss: 0.9638  nu_loss: 8.9117
Step:   410000  |  score: 3.69 ± 4.93  |  actor_loss: -3.3695  cost_loss: 0.9711  nu_loss: 8.9218
Step:   420000  |  score: 4.67 ± 3.32  |  actor_loss: -3.0596  cost_loss: 0.9679  nu_loss: 8.7585
Step:   430000  |  score: 7.88 ± 9.71  |  actor_loss: -3.8510  cost_loss: 0.9516  nu_loss: 8.5967
Step:   440000  |  score: 6.03 ± 7.92  |  actor_loss: -3.0513  cost_loss: 0.9414  nu_loss: 8.6293
Step:   450000  |  score: 7.01 ± 4.83  |  actor_loss: -3.6636  cost_loss: 0.9509  nu_loss: 8.1539
Step:   460000  |  score: 9.06 ± 6.18  |  actor_loss: -3.4709  cost_loss: 0.9833  nu_loss: 8.3120
Step:   470000  |  score: 6.39 ± 2.49  |  actor_loss: -3.5538  cost_loss: 0.9624  nu_loss: 7.7560
Step:   480000  |  score: 5.69 ± 3.16  |  actor_loss: -3.9100  cost_loss: 0.9482  nu_loss: 7.5601
Step:   490000  |  score: 5.45 ± 3.70  |  actor_loss: -3.5203  cost_loss: 0.9399  nu_loss: 7.5091
Step:   500000  |  score: 6.14 ± 7.09  |  actor_loss: -3.6250  cost_loss: 0.9781  nu_loss: 7.0324
Step:   510000  |  score: 5.36 ± 4.50  |  actor_loss: -3.8491  cost_loss: 0.9805  nu_loss: 6.8339
Step:   520000  |  score: 9.27 ± 7.55  |  actor_loss: -3.4235  cost_loss: 0.9840  nu_loss: 6.8854
Step:   530000  |  score: 8.71 ± 5.73  |  actor_loss: -3.1556  cost_loss: 0.9803  nu_loss: 6.5396
Step:   540000  |  score: 4.34 ± 4.83  |  actor_loss: -3.3917  cost_loss: 0.9915  nu_loss: 5.8098
Step:   550000  |  score: 7.34 ± 5.54  |  actor_loss: -4.0973  cost_loss: 0.9257  nu_loss: 5.6485
Step:   560000  |  score: 10.82 ± 5.85  |  actor_loss: -4.0439  cost_loss: 0.9390  nu_loss: 5.1479
Step:   570000  |  score: 7.14 ± 3.57  |  actor_loss: -3.8502  cost_loss: 0.9514  nu_loss: 4.4502
Step:   580000  |  score: 7.98 ± 11.18  |  actor_loss: -3.0603  cost_loss: 0.9298  nu_loss: 4.0169
Step:   590000  |  score: 7.52 ± 4.75  |  actor_loss: -3.5847  cost_loss: 0.9937  nu_loss: 3.7995
Step:   600000  |  score: 13.51 ± 9.33  |  actor_loss: -2.9948  cost_loss: 0.9467  nu_loss: 3.4216
Step:   610000  |  score: 6.58 ± 9.34  |  actor_loss: -3.5236  cost_loss: 0.9808  nu_loss: 3.0832
Step:   620000  |  score: 11.99 ± 7.78  |  actor_loss: 1.7230  cost_loss: 0.9837  nu_loss: 24.1290
Step:   630000  |  score: 8.78 ± 9.11  |  actor_loss: -3.6021  cost_loss: 1.0078  nu_loss: 2.0791
Step:   640000  |  score: 13.01 ± 7.95  |  actor_loss: -2.7303  cost_loss: 0.9028  nu_loss: 0.9785
Step:   650000  |  score: 8.13 ± 5.20  |  actor_loss: -3.3634  cost_loss: 0.9222  nu_loss: 0.3997
Step:   660000  |  score: 14.75 ± 16.90  |  actor_loss: -3.1422  cost_loss: 0.9340  nu_loss: -0.0430
Step:   670000  |  score: 10.23 ± 8.19  |  actor_loss: -3.8290  cost_loss: 0.9575  nu_loss: -0.6196
Step:   680000  |  score: 7.44 ± 5.89  |  actor_loss: -3.4088  cost_loss: 0.9472  nu_loss: -1.0212
Step:   690000  |  score: 9.07 ± 9.61  |  actor_loss: -3.8686  cost_loss: 0.9777  nu_loss: -1.9178
Step:   700000  |  score: 14.64 ± 19.25  |  actor_loss: -3.9674  cost_loss: 0.9379  nu_loss: -2.6018
Step:   710000  |  score: 11.14 ± 7.99  |  actor_loss: -3.5335  cost_loss: 0.9585  nu_loss: -3.3129
Step:   720000  |  score: 6.01 ± 4.13  |  actor_loss: -3.6503  cost_loss: 0.9641  nu_loss: -4.6083
Step:   730000  |  score: 12.91 ± 11.90  |  actor_loss: -3.3521  cost_loss: 0.9406  nu_loss: -5.1424
Step:   740000  |  score: 12.64 ± 8.36  |  actor_loss: -3.8749  cost_loss: 0.9362  nu_loss: -6.0775
Step:   750000  |  score: 9.59 ± 9.75  |  actor_loss: -3.9462  cost_loss: 0.9627  nu_loss: -7.7280
Step:   760000  |  score: 10.97 ± 15.75  |  actor_loss: -3.1929  cost_loss: 0.9281  nu_loss: -8.1332
Step:   770000  |  score: 7.24 ± 7.45  |  actor_loss: -3.8730  cost_loss: 1.0207  nu_loss: -8.6885
Step:   780000  |  score: 14.88 ± 7.90  |  actor_loss: -3.5908  cost_loss: 0.9645  nu_loss: -10.0262
Step:   790000  |  score: 13.76 ± 6.74  |  actor_loss: -3.8789  cost_loss: 0.9780  nu_loss: -11.2431
Step:   800000  |  score: 8.42 ± 5.34  |  actor_loss: -3.3803  cost_loss: 0.9661  nu_loss: -11.9708
Step:   810000  |  score: 7.33 ± 5.89  |  actor_loss: -4.0050  cost_loss: 0.9724  nu_loss: -13.3325
Step:   820000  |  score: 12.22 ± 7.15  |  actor_loss: -3.6369  cost_loss: 0.9644  nu_loss: -14.9721
Step:   830000  |  score: 12.07 ± 10.48  |  actor_loss: -3.8727  cost_loss: 0.9985  nu_loss: -15.8112
Step:   840000  |  score: 15.26 ± 13.05  |  actor_loss: -3.2914  cost_loss: 0.9153  nu_loss: -16.5591
Step:   850000  |  score: 8.38 ± 6.35  |  actor_loss: -4.5304  cost_loss: 0.9864  nu_loss: -17.9376
Step:   860000  |  score: 5.22 ± 4.57  |  actor_loss: -3.1149  cost_loss: 1.0056  nu_loss: -19.2803
Step:   870000  |  score: 17.24 ± 16.56  |  actor_loss: -3.8781  cost_loss: 0.9155  nu_loss: -21.0912
Step:   880000  |  score: 9.67 ± 6.02  |  actor_loss: -3.8262  cost_loss: 0.9697  nu_loss: -22.8573
Step:   890000  |  score: 10.64 ± 11.34  |  actor_loss: -3.4648  cost_loss: 0.9397  nu_loss: -24.1682
Step:   900000  |  score: 18.24 ± 18.25  |  actor_loss: -3.5759  cost_loss: 0.9861  nu_loss: -25.1860
Step:   910000  |  score: 10.00 ± 19.28  |  actor_loss: -3.9247  cost_loss: 0.9338  nu_loss: -26.6674
Step:   920000  |  score: 17.14 ± 15.29  |  actor_loss: -3.5371  cost_loss: 0.9976  nu_loss: -29.2838
Step:   930000  |  score: 10.70 ± 7.67  |  actor_loss: -4.0038  cost_loss: 0.9826  nu_loss: -31.1840
Step:   940000  |  score: 10.11 ± 11.22  |  actor_loss: -3.5611  cost_loss: 0.9661  nu_loss: -30.2449
Step:   950000  |  score: 11.19 ± 9.84  |  actor_loss: -2.9626  cost_loss: 0.9322  nu_loss: -34.6945
Step:   960000  |  score: 17.22 ± 16.97  |  actor_loss: -3.1248  cost_loss: 0.9558  nu_loss: -37.0066
Step:   970000  |  score: 12.37 ± 14.09  |  actor_loss: -3.8413  cost_loss: 0.9373  nu_loss: -38.8461
Step:   980000  |  score: 16.54 ± 10.16  |  actor_loss: -4.1126  cost_loss: 0.9615  nu_loss: -40.8359
Step:   990000  |  score: 8.99 ± 6.32  |  actor_loss: -3.3844  cost_loss: 1.0007  nu_loss: -42.1027
Step:  1000000  |  score: 5.36 ± 7.34  |  actor_loss: -3.7404  cost_loss: 0.9332  nu_loss: -43.9915
Step:  1010000  |  score: 21.01 ± 14.77  |  actor_loss: -3.7090  cost_loss: 0.9887  nu_loss: -44.2530
Step:  1020000  |  score: 20.27 ± 7.63  |  actor_loss: -3.7408  cost_loss: 0.9337  nu_loss: -47.6406
Step:  1030000  |  score: 13.09 ± 11.68  |  actor_loss: -3.4038  cost_loss: 1.0289  nu_loss: -50.2459
Step:  1040000  |  score: 8.21 ± 4.01  |  actor_loss: -3.7747  cost_loss: 0.9570  nu_loss: -52.7296
Step:  1050000  |  score: 18.12 ± 19.81  |  actor_loss: -3.9101  cost_loss: 0.9890  nu_loss: -55.1993
Step:  1060000  |  score: 14.93 ± 10.54  |  actor_loss: -3.7109  cost_loss: 0.9517  nu_loss: -57.4288
Step:  1070000  |  score: 16.38 ± 9.81  |  actor_loss: -3.9736  cost_loss: 0.9627  nu_loss: -58.8714
Step:  1080000  |  score: 7.63 ± 5.55  |  actor_loss: -4.4017  cost_loss: 0.9918  nu_loss: -32.8455
Step:  1090000  |  score: 21.11 ± 13.84  |  actor_loss: -4.0054  cost_loss: 0.9685  nu_loss: -62.6711
Step:  1100000  |  score: 13.00 ± 12.94  |  actor_loss: -3.3688  cost_loss: 0.9360  nu_loss: -65.0707
Step:  1110000  |  score: 7.06 ± 4.22  |  actor_loss: -3.7707  cost_loss: 0.9518  nu_loss: -68.9905
Step:  1120000  |  score: 9.13 ± 13.46  |  actor_loss: -3.4899  cost_loss: 0.9611  nu_loss: -69.0544
Step:  1130000  |  score: 9.24 ± 10.22  |  actor_loss: -3.7861  cost_loss: 0.9502  nu_loss: -73.6046
Step:  1140000  |  score: 15.75 ± 13.32  |  actor_loss: -4.0482  cost_loss: 0.9770  nu_loss: -73.5514
Step:  1150000  |  score: 20.52 ± 11.73  |  actor_loss: -3.9360  cost_loss: 0.9653  nu_loss: -77.9465
Step:  1160000  |  score: 23.74 ± 19.95  |  actor_loss: -3.8222  cost_loss: 0.9853  nu_loss: -79.7912
Step:  1170000  |  score: 6.17 ± 3.74  |  actor_loss: -3.9602  cost_loss: 0.9711  nu_loss: -82.2122
Step:  1180000  |  score: 12.33 ± 7.79  |  actor_loss: -3.6008  cost_loss: 0.9703  nu_loss: -84.2920
Step:  1190000  |  score: 17.26 ± 15.23  |  actor_loss: -2.7043  cost_loss: 0.9344  nu_loss: -87.3561
Step:  1200000  |  score: 13.71 ± 7.06  |  actor_loss: -3.9030  cost_loss: 1.0082  nu_loss: -89.3836
Step:  1210000  |  score: 16.85 ± 13.60  |  actor_loss: -3.6911  cost_loss: 0.9504  nu_loss: -80.2539
Step:  1220000  |  score: 9.46 ± 10.24  |  actor_loss: -3.1152  cost_loss: 0.9384  nu_loss: -95.8178
Step:  1230000  |  score: 5.31 ± 5.83  |  actor_loss: -3.8599  cost_loss: 0.9579  nu_loss: -99.2801
Step:  1240000  |  score: 7.20 ± 8.52  |  actor_loss: -3.7199  cost_loss: 0.9459  nu_loss: -102.3881
Step:  1250000  |  score: 8.70 ± 12.04  |  actor_loss: -3.2460  cost_loss: 0.9948  nu_loss: -103.6224
Step:  1260000  |  score: 16.01 ± 15.81  |  actor_loss: -3.6460  cost_loss: 0.9892  nu_loss: -106.4192
Step:  1270000  |  score: 25.14 ± 19.60  |  actor_loss: -2.9797  cost_loss: 0.9273  nu_loss: -108.7492
Step:  1280000  |  score: 23.80 ± 18.71  |  actor_loss: -3.6413  cost_loss: 1.0003  nu_loss: -112.5659
Step:  1290000  |  score: 16.25 ± 14.38  |  actor_loss: -4.0777  cost_loss: 0.9558  nu_loss: -114.9489
Step:  1300000  |  score: 20.30 ± 16.10  |  actor_loss: -3.6191  cost_loss: 1.0080  nu_loss: -33.8810
Step:  1310000  |  score: 17.46 ± 16.76  |  actor_loss: -3.5359  cost_loss: 0.9014  nu_loss: -121.7122
Step:  1320000  |  score: 11.98 ± 10.82  |  actor_loss: -3.1560  cost_loss: 0.9857  nu_loss: -53.7580
Step:  1330000  |  score: 9.23 ± 7.58  |  actor_loss: -4.3154  cost_loss: 0.9873  nu_loss: -125.8439
Step:  1340000  |  score: 18.47 ± 18.57  |  actor_loss: -3.4092  cost_loss: 0.9781  nu_loss: -103.1001
Step:  1350000  |  score: 10.89 ± 10.10  |  actor_loss: -1.9635  cost_loss: 0.9817  nu_loss: -132.5348
Step:  1360000  |  score: 21.87 ± 9.94  |  actor_loss: -3.8938  cost_loss: 0.9945  nu_loss: -131.7889
Step:  1370000  |  score: 18.05 ± 14.59  |  actor_loss: -3.7581  cost_loss: 0.9887  nu_loss: -137.7450
Step:  1380000  |  score: 15.75 ± 11.04  |  actor_loss: -3.7772  cost_loss: 0.9789  nu_loss: -140.6949
Step:  1390000  |  score: 15.07 ± 18.05  |  actor_loss: -3.0941  cost_loss: 0.9482  nu_loss: 18.5693
Step:  1400000  |  score: 17.49 ± 18.62  |  actor_loss: -4.3032  cost_loss: 1.0004  nu_loss: -145.4246
Step:  1410000  |  score: 15.71 ± 11.46  |  actor_loss: -3.4497  cost_loss: 0.9333  nu_loss: -146.7529
Step:  1420000  |  score: 28.12 ± 9.17  |  actor_loss: -3.9769  cost_loss: 0.9765  nu_loss: -151.2648
Step:  1430000  |  score: 10.71 ± 11.08  |  actor_loss: -3.0407  cost_loss: 0.9651  nu_loss: -42.3010
Step:  1440000  |  score: 12.06 ± 12.52  |  actor_loss: -4.3372  cost_loss: 0.9646  nu_loss: -156.3034
Step:  1450000  |  score: 10.60 ± 11.70  |  actor_loss: -3.9685  cost_loss: 0.9657  nu_loss: -159.8569
Step:  1460000  |  score: 14.28 ± 14.24  |  actor_loss: -3.6980  cost_loss: 0.9823  nu_loss: -162.1533
Step:  1470000  |  score: 17.22 ± 13.17  |  actor_loss: -4.0530  cost_loss: 1.0092  nu_loss: -162.5665
Step:  1480000  |  score: 22.48 ± 15.16  |  actor_loss: -3.4095  cost_loss: 0.9363  nu_loss: -47.8217
Step:  1490000  |  score: 24.32 ± 19.20  |  actor_loss: -2.4780  cost_loss: 0.9522  nu_loss: -168.3940
Step:  1500000  |  score: 18.46 ± 15.21  |  actor_loss: -3.6919  cost_loss: 0.9937  nu_loss: -173.7214
Step:  1510000  |  score: 21.50 ± 13.05  |  actor_loss: -2.4327  cost_loss: 0.9881  nu_loss: -173.6229
Step:  1520000  |  score: 24.34 ± 16.58  |  actor_loss: -3.9725  cost_loss: 0.9863  nu_loss: -177.0636
Step:  1530000  |  score: 20.51 ± 21.76  |  actor_loss: -3.5292  cost_loss: 0.9485  nu_loss: -178.2963
Step:  1540000  |  score: 16.91 ± 12.00  |  actor_loss: -3.3777  cost_loss: 0.9355  nu_loss: -181.1147
Step:  1550000  |  score: 25.69 ± 19.49  |  actor_loss: -4.2213  cost_loss: 0.9460  nu_loss: -183.1526
Step:  1560000  |  score: 30.12 ± 19.39  |  actor_loss: -2.9930  cost_loss: 0.9368  nu_loss: -184.4939
Step:  1570000  |  score: 3.80 ± 5.51  |  actor_loss: -3.9771  cost_loss: 1.0217  nu_loss: -186.7046
Step:  1580000  |  score: 13.32 ± 10.63  |  actor_loss: -4.3201  cost_loss: 1.0100  nu_loss: -77.2032
Step:  1590000  |  score: 17.92 ± 10.83  |  actor_loss: -3.7293  cost_loss: 0.9432  nu_loss: -189.8773
Step:  1600000  |  score: 7.91 ± 8.03  |  actor_loss: -3.6761  cost_loss: 0.9651  nu_loss: -75.2574
Step:  1610000  |  score: 21.65 ± 16.02  |  actor_loss: -3.2954  cost_loss: 0.9577  nu_loss: -193.8481
Step:  1620000  |  score: 17.34 ± 15.83  |  actor_loss: -3.1529  cost_loss: 0.9532  nu_loss: -195.8355
Step:  1630000  |  score: 21.58 ± 18.90  |  actor_loss: -2.9342  cost_loss: 0.9592  nu_loss: -76.6481
Step:  1640000  |  score: 14.87 ± 18.34  |  actor_loss: -4.5703  cost_loss: 0.9987  nu_loss: -194.7955
Step:  1650000  |  score: 16.34 ± 9.20  |  actor_loss: -3.4960  cost_loss: 0.9599  nu_loss: -200.4216
Step:  1660000  |  score: 13.18 ± 13.98  |  actor_loss: -3.4330  cost_loss: 0.9439  nu_loss: -200.6436
Step:  1670000  |  score: 28.88 ± 14.93  |  actor_loss: -3.4649  cost_loss: 0.9713  nu_loss: -201.9578
Step:  1680000  |  score: 15.24 ± 13.00  |  actor_loss: -4.1649  cost_loss: 0.9830  nu_loss: -177.6244
Step:  1690000  |  score: 14.81 ± 15.98  |  actor_loss: -4.3113  cost_loss: 0.9881  nu_loss: -65.6596
Step:  1700000  |  score: 15.19 ± 19.73  |  actor_loss: -3.4804  cost_loss: 0.9496  nu_loss: -106.3289
Step:  1710000  |  score: 13.36 ± 11.95  |  actor_loss: -3.9315  cost_loss: 0.9609  nu_loss: -57.2589
Step:  1720000  |  score: 16.77 ± 11.08  |  actor_loss: -3.5091  cost_loss: 0.9625  nu_loss: -208.3500
Step:  1730000  |  score: 17.84 ± 10.46  |  actor_loss: -3.4699  cost_loss: 0.9670  nu_loss: -209.6571
Step:  1740000  |  score: 18.76 ± 13.41  |  actor_loss: 1.0135  cost_loss: 0.8993  nu_loss: 1220.3627
Step:  1750000  |  score: 10.26 ± 8.94  |  actor_loss: -3.5638  cost_loss: 0.9782  nu_loss: -205.6309
Step:  1760000  |  score: 22.15 ± 14.07  |  actor_loss: -3.8973  cost_loss: 0.9700  nu_loss: -133.3292
Step:  1770000  |  score: 33.17 ± 20.65  |  actor_loss: -3.7763  cost_loss: 0.9522  nu_loss: -92.0938
Step:  1780000  |  score: 22.63 ± 14.91  |  actor_loss: -4.3876  cost_loss: 0.9869  nu_loss: -212.8241
Step:  1790000  |  score: 29.17 ± 19.16  |  actor_loss: -3.9623  cost_loss: 0.9669  nu_loss: -215.7520
Step:  1800000  |  score: 11.26 ± 4.80  |  actor_loss: -3.5125  cost_loss: 0.9825  nu_loss: -172.8083
Step:  1810000  |  score: 29.79 ± 16.91  |  actor_loss: 0.9640  cost_loss: 0.9852  nu_loss: -213.8484
Step:  1820000  |  score: 17.03 ± 15.28  |  actor_loss: -3.7164  cost_loss: 0.9805  nu_loss: -99.5999
Step:  1830000  |  score: 27.97 ± 19.63  |  actor_loss: -2.4651  cost_loss: 0.9123  nu_loss: -140.2348
Step:  1840000  |  score: 14.24 ± 8.10  |  actor_loss: -3.4611  cost_loss: 0.9423  nu_loss: -205.3297
Step:  1850000  |  score: 19.74 ± 9.05  |  actor_loss: -3.8616  cost_loss: 0.9644  nu_loss: -168.6374
Step:  1860000  |  score: 14.66 ± 11.60  |  actor_loss: -4.3519  cost_loss: 0.9627  nu_loss: -167.4854
Step:  1870000  |  score: 27.91 ± 18.14  |  actor_loss: -4.0638  cost_loss: 0.9735  nu_loss: -218.6242
Step:  1880000  |  score: 21.88 ± 17.02  |  actor_loss: -4.1962  cost_loss: 0.9864  nu_loss: -222.1913
Step:  1890000  |  score: 17.87 ± 16.18  |  actor_loss: -3.8823  cost_loss: 0.9966  nu_loss: -223.1219
Step:  1900000  |  score: 13.76 ± 18.11  |  actor_loss: -0.3572  cost_loss: 0.9193  nu_loss: 137.7915
Step:  1910000  |  score: 17.88 ± 13.00  |  actor_loss: -3.3739  cost_loss: 0.9729  nu_loss: -225.8692
Step:  1920000  |  score: 15.78 ± 14.32  |  actor_loss: -4.2976  cost_loss: 0.9887  nu_loss: 357.2250
Step:  1930000  |  score: 14.50 ± 11.28  |  actor_loss: -3.9564  cost_loss: 0.9753  nu_loss: -119.4501
Step:  1940000  |  score: 7.91 ± 18.73  |  actor_loss: -3.9712  cost_loss: 0.9563  nu_loss: -203.8028
Step:  1950000  |  score: 8.22 ± 6.09  |  actor_loss: -3.4265  cost_loss: 0.9183  nu_loss: -225.1294
Step:  1960000  |  score: 11.88 ± 14.24  |  actor_loss: -4.3843  cost_loss: 0.9586  nu_loss: -227.0920
Step:  1970000  |  score: 23.84 ± 19.18  |  actor_loss: -4.6424  cost_loss: 0.9773  nu_loss: -228.3308
Step:  1980000  |  score: 27.21 ± 21.44  |  actor_loss: -3.9856  cost_loss: 0.9913  nu_loss: -200.2170
Step:  1990000  |  score: 21.75 ± 18.52  |  actor_loss: -4.0753  cost_loss: 0.9265  nu_loss: -135.2402
Step:  2000000  |  score: 15.09 ± 8.76  |  actor_loss: -4.0003  cost_loss: 0.9422  nu_loss: -221.1757
Final evaluation (13 iterations)...
Final score: 16.09 ± 14.45
wandb: WARNING Symlinked 1 file into the W&B run directory; call wandb.save again to sync new files.
wandb: updating run metadata
wandb: uploading final_returns/demodice_halfcheetah-expert-v2_2026-03-18_23-32-50.npz; uploading output.log; uploading wandb-summary.json; uploading config.yaml
wandb: uploading final_returns/demodice_halfcheetah-expert-v2_2026-03-18_23-32-50.npz; uploading output.log; uploading wandb-summary.json
wandb: 
wandb: Run history:
wandb:  actor_loss ▆▆▆▇█▃▃▄▃▄▄▅▅▄▅▄▄▃▄▄▄▃▂▃▅▄▄▄▆▂▅▇▃▄▅▅▄▅▄▁
wandb:   cost_loss ▅▅▇▆▄▄▄▁▆▅▅▆▆▄▃▇█▂▅▃▃█▇▅▃▅▄▇▄▅▄▆▅▅▁▇▇▂▄▇
wandb:     nu_loss █████████████▇▇▇▇▇▇▆▆▅▅▅▄▄▆▄█▃▃▃▂▂▂▁▅▃▁▁
wandb: num_updates ▁▁▁▁▁▁▂▂▂▂▃▃▃▃▃▃▃▃▃▄▄▄▄▄▄▅▅▅▅▆▆▆▆▆▇▇▇▇▇█
wandb:      return ▂▁▁▁▃▃▂▁▂▂▂▂▂▄▄▄▄▅▅▅▅▂▆▂▃▅▇▅▄▄▆▅▃▆█▄███▇
wandb:       score ▁▂▁▂▂▂▂▂▃▂▃▃▃▃▃▃▄▄▂▄▂▇▆▆▇█▄▂▄▆▄▅█▆▆▆▆▇▇▇
wandb:   score_std ▁▂▂▁▂▂▂▂▂▂▃▃▄▃▄▄▃▅▂▃▄▄▆▂▄▅▆█▅▇▅█▄▆▇▆██▂▄
wandb: 
wandb: Run summary:
wandb:  actor_loss -4.00025
wandb:   cost_loss 0.94219
wandb:     nu_loss -221.1757
wandb: num_updates 2000000
wandb:      return 1592.84826
wandb:       score 15.08659
wandb:   score_std 8.75574
wandb: 
wandb: 🚀 View run demodice_halfcheetah_M4_s0 at: https://wandb.ai/wsk208/DemoDICE/runs/78kdq3h3
wandb: ⭐️ View project at: https://wandb.ai/wsk208/DemoDICE
wandb: Synced 5 W&B file(s), 0 media file(s), 0 artifact file(s) and 1 other file(s)
wandb: Find logs at: ./wandb/run-20260318_230545-78kdq3h3/logs
