Warning: All of online environments libraries in D4RL have been moved ]8;;https://github.com/Farama-Foundation/Gymnasium\Gymnasium]8;;\, ]8;;https://github.com/Farama-Foundation/MiniGrid\MiniGrid]8;;\ and ]8;;https://github.com/Farama-Foundation/Gymnasium-Robotics\Gymnasium-Robotics]8;;\, and all offline datasets in D4RL have been moved to ]8;;https://github.com/Farama-Foundation/Minari\Minari]8;;\.
These new versions include large bug fixes, new versions of Python, and are where all new development will continue. Please upgrade these libraries as soon as you're able to do so.
If you'd like to read more about the story behind this switch, please check out ]8;;https://farama.org/Announcing-Minari\this blog post]8;;\.
Gym has been unmaintained since 2022 and does not support NumPy 2.0 amongst other critical functionality.
Please upgrade to Gymnasium, the maintained drop-in replacement of Gym, or contact the authors of your software and request that they upgrade.
See the migration guide at https://gymnasium.farama.org/introduction/migration_guide/ for additional information.
/opt/venv/lib/python3.10/site-packages/Cython/Distutils/old_build_ext.py:15: DeprecationWarning: dep_util is Deprecated. Use functions from setuptools instead.
  from distutils.dep_util import newer, newer_group
<frozen importlib._bootstrap>:283: DeprecationWarning: the load_module() method is deprecated and slated for removal in Python 3.12; use exec_module() instead
pybullet build time: Jan 29 2025 23:16:28
wandb: [wandb.login()] Loaded credentials for https://api.wandb.ai from /root/.netrc.
wandb: Currently logged in as: wsk208 to https://api.wandb.ai. Use `wandb login --relogin` to force relogin
/opt/venv/lib/python3.10/site-packages/wandb/analytics/sentry.py:268: DeprecationWarning: Read the `app_url` setting from the appropriate Settings object.
  app_url = wandb.util.app_url(tags["base_url"])  # type: ignore[index]
/opt/venv/lib/python3.10/site-packages/wandb/analytics/sentry.py:279: DeprecationWarning: The `Scope.user` setter is deprecated in favor of `Scope.set_user()`.
  self.scope.user = {"email": email}
wandb: setting up run lv1ilw8x
/opt/venv/lib/python3.10/site-packages/wandb/analytics/sentry.py:268: DeprecationWarning: Read the `app_url` setting from the appropriate Settings object.
  app_url = wandb.util.app_url(tags["base_url"])  # type: ignore[index]
/opt/venv/lib/python3.10/site-packages/wandb/analytics/sentry.py:279: DeprecationWarning: The `Scope.user` setter is deprecated in favor of `Scope.set_user()`.
  self.scope.user = {"email": email}
wandb: Tracking run with wandb version 0.25.1
wandb: Run data is saved locally in /app/wandb/run-20260318_153549-lv1ilw8x
wandb: Run `wandb offline` to turn off syncing.
wandb: Syncing run demodice_walker2d_M3_s3
wandb: ⭐️ View project at https://wandb.ai/wsk208/DemoDICE
wandb: 🚀 View run at https://wandb.ai/wsk208/DemoDICE/runs/lv1ilw8x
/opt/venv/lib/python3.10/site-packages/gym/spaces/box.py:84: UserWarning: [33mWARN: Box bound precision lowered by casting to float32[0m
  logger.warn(f"Box bound precision lowered by casting to {self.dtype}")
load datafile:   0%|          | 0/21 [00:00<?, ?it/s]load datafile:   5%|▍         | 1/21 [00:00<00:03,  5.92it/s]load datafile:  14%|█▍        | 3/21 [00:00<00:03,  5.25it/s]load datafile:  19%|█▉        | 4/21 [00:00<00:04,  4.00it/s]load datafile:  81%|████████  | 17/21 [00:01<00:00, 15.50it/s]load datafile:  90%|█████████ | 19/21 [00:01<00:00, 10.81it/s]load datafile: 100%|██████████| 21/21 [00:01<00:00, 11.19it/s]
Expert  :  999000 transitions  (walker2d-expert-v2, 400 traj)
load datafile:   0%|          | 0/9 [00:00<?, ?it/s]load datafile:  11%|█         | 1/9 [00:00<00:01,  6.32it/s]load datafile:  33%|███▎      | 3/9 [00:00<00:01,  5.49it/s]load datafile:  44%|████▍     | 4/9 [00:00<00:01,  4.12it/s]load datafile:  56%|█████▌    | 5/9 [00:01<00:01,  3.22it/s]load datafile:  67%|██████▋   | 6/9 [00:01<00:01,  2.82it/s]load datafile: 100%|██████████| 9/9 [00:01<00:00,  4.95it/s]
Imperfect:   31801 transitions  (walker2d-random-v2, 1600 traj)
Union   : 1030801 transitions total
/root/.local/share/uv/python/cpython-3.10-linux-x86_64-gnu/lib/python3.10/multiprocessing/popen_fork.py:66: RuntimeWarning: os.fork() was called. os.fork() is incompatible with multithreaded code, and JAX is multithreaded, so this will likely lead to a deadlock.
  self.pid = os.fork()
/opt/venv/lib/python3.10/site-packages/tensorflow_probability/python/internal/backend/jax/ops.py:681: DeprecationWarning: jax.interpreters.xla.pytype_aval_mappings is deprecated.
  jax.interpreters.xla.pytype_aval_mappings[onp.ndarray])
/opt/venv/lib/python3.10/site-packages/gym/spaces/box.py:84: UserWarning: [33mWARN: Box bound precision lowered by casting to float32[0m
  logger.warn(f"Box bound precision lowered by casting to {self.dtype}")
Step:    10000  |  score: 9.75 ± 6.59  |  actor_loss: -3.2156  cost_loss: 1.3606  nu_loss: 11.4237
Step:    20000  |  score: 10.07 ± 4.30  |  actor_loss: -3.4133  cost_loss: 1.3576  nu_loss: 11.4251
Step:    30000  |  score: 8.19 ± 6.98  |  actor_loss: -3.5227  cost_loss: 1.3621  nu_loss: 11.1192
Step:    40000  |  score: 12.60 ± 11.35  |  actor_loss: -3.8733  cost_loss: 1.3572  nu_loss: 11.0508
Step:    50000  |  score: 14.04 ± 10.22  |  actor_loss: -3.7516  cost_loss: 1.3688  nu_loss: 11.2003
Step:    60000  |  score: 29.88 ± 31.62  |  actor_loss: -3.5618  cost_loss: 1.3598  nu_loss: 11.1026
Step:    70000  |  score: 50.23 ± 33.68  |  actor_loss: -3.4303  cost_loss: 1.3568  nu_loss: 11.1380
Step:    80000  |  score: 56.06 ± 25.89  |  actor_loss: -3.7098  cost_loss: 1.3652  nu_loss: 10.9289
Step:    90000  |  score: 64.02 ± 38.12  |  actor_loss: -3.5849  cost_loss: 1.3583  nu_loss: 10.9240
Step:   100000  |  score: 42.15 ± 37.77  |  actor_loss: -4.0761  cost_loss: 1.3671  nu_loss: 10.9309
Step:   110000  |  score: 63.01 ± 28.64  |  actor_loss: -3.8688  cost_loss: 1.3577  nu_loss: 10.7427
Step:   120000  |  score: 59.84 ± 31.92  |  actor_loss: -3.8678  cost_loss: 1.3684  nu_loss: 10.9450
Step:   130000  |  score: 90.41 ± 25.90  |  actor_loss: -3.8526  cost_loss: 1.3671  nu_loss: 11.0019
Step:   140000  |  score: 77.44 ± 25.38  |  actor_loss: -3.8458  cost_loss: 1.3540  nu_loss: 10.8734
Step:   150000  |  score: 68.69 ± 35.61  |  actor_loss: -4.1385  cost_loss: 1.3602  nu_loss: 10.8668
Step:   160000  |  score: 88.93 ± 30.44  |  actor_loss: -3.9447  cost_loss: 1.3605  nu_loss: 11.1650
Step:   170000  |  score: 60.98 ± 41.13  |  actor_loss: -4.1522  cost_loss: 1.3717  nu_loss: 11.1401
Step:   180000  |  score: 92.37 ± 30.53  |  actor_loss: -3.9539  cost_loss: 1.3678  nu_loss: 10.9067
Step:   190000  |  score: 80.80 ± 42.36  |  actor_loss: -3.5099  cost_loss: 1.3688  nu_loss: 11.1108
Step:   200000  |  score: 93.52 ± 35.34  |  actor_loss: -3.7300  cost_loss: 1.3676  nu_loss: 10.8327
Step:   210000  |  score: 82.51 ± 41.63  |  actor_loss: -4.4846  cost_loss: 1.3666  nu_loss: 10.7738
Step:   220000  |  score: 107.02 ± 0.65  |  actor_loss: -4.5730  cost_loss: 1.3663  nu_loss: 10.8184
Step:   230000  |  score: 89.48 ± 35.66  |  actor_loss: -3.6851  cost_loss: 1.3670  nu_loss: 11.3094
Step:   240000  |  score: 75.48 ± 43.47  |  actor_loss: -3.5611  cost_loss: 1.3629  nu_loss: 11.0959
Step:   250000  |  score: 107.48 ± 1.17  |  actor_loss: -3.8316  cost_loss: 1.3602  nu_loss: 10.9517
Step:   260000  |  score: 96.39 ± 28.17  |  actor_loss: -3.9728  cost_loss: 1.3586  nu_loss: 11.1908
Step:   270000  |  score: 107.20 ± 0.74  |  actor_loss: -4.0010  cost_loss: 1.3534  nu_loss: 10.9212
Step:   280000  |  score: 94.15 ± 35.48  |  actor_loss: -3.7901  cost_loss: 1.3562  nu_loss: 11.0477
Step:   290000  |  score: 97.29 ± 26.52  |  actor_loss: -4.1573  cost_loss: 1.3645  nu_loss: 10.9064
Step:   300000  |  score: 102.90 ± 10.93  |  actor_loss: -4.0529  cost_loss: 1.3676  nu_loss: 11.1420
Step:   310000  |  score: 106.97 ± 1.10  |  actor_loss: -3.4510  cost_loss: 1.3657  nu_loss: 11.2170
Step:   320000  |  score: 97.13 ± 27.46  |  actor_loss: -3.7376  cost_loss: 1.3588  nu_loss: 10.7472
Step:   330000  |  score: 100.07 ± 19.54  |  actor_loss: -3.8018  cost_loss: 1.3545  nu_loss: 11.1168
Step:   340000  |  score: 93.02 ± 35.03  |  actor_loss: -4.3550  cost_loss: 1.3634  nu_loss: 10.8113
Step:   350000  |  score: 103.10 ± 11.87  |  actor_loss: -3.4284  cost_loss: 1.3704  nu_loss: 10.8936
Step:   360000  |  score: 103.97 ± 7.00  |  actor_loss: -3.8784  cost_loss: 1.3711  nu_loss: 10.8427
Step:   370000  |  score: 92.92 ± 35.02  |  actor_loss: -3.9713  cost_loss: 1.3605  nu_loss: 11.0003
Step:   380000  |  score: 93.65 ± 35.34  |  actor_loss: -3.7600  cost_loss: 1.3688  nu_loss: 11.1226
Step:   390000  |  score: 106.58 ± 0.75  |  actor_loss: -4.0041  cost_loss: 1.3593  nu_loss: 10.8158
Step:   400000  |  score: 107.03 ± 0.58  |  actor_loss: -3.8916  cost_loss: 1.3715  nu_loss: 10.7549
Step:   410000  |  score: 107.04 ± 1.30  |  actor_loss: -3.8116  cost_loss: 1.3627  nu_loss: 10.6333
Step:   420000  |  score: 107.35 ± 0.95  |  actor_loss: -3.7308  cost_loss: 1.3680  nu_loss: 10.9101
Step:   430000  |  score: 107.24 ± 0.76  |  actor_loss: -4.0581  cost_loss: 1.3643  nu_loss: 10.6805
Step:   440000  |  score: 103.80 ± 11.84  |  actor_loss: -3.6185  cost_loss: 1.3631  nu_loss: 11.1190
Step:   450000  |  score: 95.72 ± 25.43  |  actor_loss: -4.1799  cost_loss: 1.3580  nu_loss: 10.9292
Step:   460000  |  score: 102.55 ± 11.03  |  actor_loss: -3.8886  cost_loss: 1.3589  nu_loss: 10.9196
Step:   470000  |  score: 104.81 ± 4.44  |  actor_loss: -3.7474  cost_loss: 1.3590  nu_loss: 10.9233
Step:   480000  |  score: 106.57 ± 1.28  |  actor_loss: -4.4452  cost_loss: 1.3702  nu_loss: 11.1129
Step:   490000  |  score: 107.13 ± 0.80  |  actor_loss: -3.4615  cost_loss: 1.3608  nu_loss: 11.1629
Step:   500000  |  score: 93.42 ± 35.22  |  actor_loss: -3.7717  cost_loss: 1.3541  nu_loss: 10.8365
Step:   510000  |  score: 93.04 ± 34.68  |  actor_loss: -3.9441  cost_loss: 1.3624  nu_loss: 10.9330
Step:   520000  |  score: 107.37 ± 0.58  |  actor_loss: -3.7660  cost_loss: 1.3714  nu_loss: 10.5429
Step:   530000  |  score: 106.83 ± 0.77  |  actor_loss: -4.2425  cost_loss: 1.3592  nu_loss: 11.0831
Step:   540000  |  score: 106.90 ± 0.92  |  actor_loss: -3.5389  cost_loss: 1.3657  nu_loss: 11.1231
Step:   550000  |  score: 106.94 ± 0.77  |  actor_loss: -3.7893  cost_loss: 1.3583  nu_loss: 11.0344
Step:   560000  |  score: 106.80 ± 0.89  |  actor_loss: -3.8783  cost_loss: 1.3619  nu_loss: 11.1584
Step:   570000  |  score: 107.36 ± 0.74  |  actor_loss: -4.1404  cost_loss: 1.3659  nu_loss: 10.7394
Step:   580000  |  score: 107.08 ± 0.96  |  actor_loss: -3.9478  cost_loss: 1.3663  nu_loss: 10.4939
Step:   590000  |  score: 93.89 ± 35.00  |  actor_loss: -4.2168  cost_loss: 1.3618  nu_loss: 10.5898
Step:   600000  |  score: 106.71 ± 2.18  |  actor_loss: -4.2424  cost_loss: 1.3563  nu_loss: 10.9340
Step:   610000  |  score: 91.01 ± 31.38  |  actor_loss: -4.1326  cost_loss: 1.3581  nu_loss: 10.6993
Step:   620000  |  score: 97.44 ± 26.11  |  actor_loss: -4.5920  cost_loss: 1.3608  nu_loss: 10.8624
Step:   630000  |  score: 107.15 ± 0.75  |  actor_loss: -3.5597  cost_loss: 1.3631  nu_loss: 11.1382
Step:   640000  |  score: 106.82 ± 0.80  |  actor_loss: -4.5845  cost_loss: 1.3526  nu_loss: 10.5327
Step:   650000  |  score: 97.62 ± 24.69  |  actor_loss: -4.3597  cost_loss: 1.3612  nu_loss: 10.9068
Step:   660000  |  score: 107.01 ± 1.56  |  actor_loss: -4.2121  cost_loss: 1.3633  nu_loss: 10.5367
Step:   670000  |  score: 93.05 ± 35.24  |  actor_loss: -3.8013  cost_loss: 1.3605  nu_loss: 11.1057
Step:   680000  |  score: 106.54 ± 0.80  |  actor_loss: -4.2913  cost_loss: 1.3612  nu_loss: 10.7871
Step:   690000  |  score: 93.85 ± 28.63  |  actor_loss: -4.0363  cost_loss: 1.3593  nu_loss: 10.9537
Step:   700000  |  score: 107.08 ± 0.83  |  actor_loss: -4.1843  cost_loss: 1.3623  nu_loss: 10.7963
Step:   710000  |  score: 107.27 ± 0.59  |  actor_loss: -3.5891  cost_loss: 1.3571  nu_loss: 11.0085
Step:   720000  |  score: 106.72 ± 0.90  |  actor_loss: -3.5872  cost_loss: 1.3608  nu_loss: 10.8850
Step:   730000  |  score: 101.90 ± 12.83  |  actor_loss: -3.7686  cost_loss: 1.3589  nu_loss: 10.8835
Step:   740000  |  score: 107.29 ± 0.90  |  actor_loss: -3.8023  cost_loss: 1.3587  nu_loss: 10.8759
Step:   750000  |  score: 96.45 ± 28.07  |  actor_loss: -4.2822  cost_loss: 1.3612  nu_loss: 10.5966
Step:   760000  |  score: 106.63 ± 1.00  |  actor_loss: -3.4880  cost_loss: 1.3674  nu_loss: 11.0051
Step:   770000  |  score: 94.26 ± 32.84  |  actor_loss: -3.9710  cost_loss: 1.3568  nu_loss: 10.5912
Step:   780000  |  score: 107.18 ± 0.74  |  actor_loss: -3.8702  cost_loss: 1.3627  nu_loss: 10.9454
Step:   790000  |  score: 94.12 ± 35.49  |  actor_loss: -3.7703  cost_loss: 1.3480  nu_loss: 10.5945
Step:   800000  |  score: 106.76 ± 1.23  |  actor_loss: -4.2468  cost_loss: 1.3626  nu_loss: 10.8019
Step:   810000  |  score: 106.68 ± 0.85  |  actor_loss: -4.1916  cost_loss: 1.3746  nu_loss: 10.7781
Step:   820000  |  score: 88.41 ± 35.68  |  actor_loss: -4.4706  cost_loss: 1.3692  nu_loss: 10.5659
Step:   830000  |  score: 107.69 ± 0.57  |  actor_loss: -3.7908  cost_loss: 1.3651  nu_loss: 10.8326
Step:   840000  |  score: 88.11 ± 35.68  |  actor_loss: -4.3056  cost_loss: 1.3623  nu_loss: 10.6937
Step:   850000  |  score: 107.23 ± 0.82  |  actor_loss: -4.2977  cost_loss: 1.3592  nu_loss: 11.0474
Step:   860000  |  score: 83.13 ± 41.73  |  actor_loss: -3.4495  cost_loss: 1.3643  nu_loss: 10.8273
Step:   870000  |  score: 107.05 ± 0.36  |  actor_loss: -4.1107  cost_loss: 1.3603  nu_loss: 10.4377
Step:   880000  |  score: 107.09 ± 1.06  |  actor_loss: -3.8685  cost_loss: 1.3623  nu_loss: 11.0495
Step:   890000  |  score: 81.01 ± 43.10  |  actor_loss: -3.7499  cost_loss: 1.3694  nu_loss: 10.8933
Step:   900000  |  score: 106.88 ± 0.51  |  actor_loss: -4.1572  cost_loss: 1.3559  nu_loss: 10.7522
Step:   910000  |  score: 106.84 ± 1.26  |  actor_loss: -4.1622  cost_loss: 1.3606  nu_loss: 10.6569
Step:   920000  |  score: 106.88 ± 0.79  |  actor_loss: -4.1095  cost_loss: 1.3549  nu_loss: 10.7819
Step:   930000  |  score: 102.19 ± 13.83  |  actor_loss: -3.8858  cost_loss: 1.3592  nu_loss: 10.5470
Step:   940000  |  score: 95.82 ± 29.76  |  actor_loss: -4.4241  cost_loss: 1.3589  nu_loss: 10.9570
Step:   950000  |  score: 107.10 ± 0.55  |  actor_loss: -4.1082  cost_loss: 1.3601  nu_loss: 10.8450
Step:   960000  |  score: 106.66 ± 0.74  |  actor_loss: -4.0540  cost_loss: 1.3540  nu_loss: 10.8952
Step:   970000  |  score: 106.22 ± 0.69  |  actor_loss: -4.0687  cost_loss: 1.3628  nu_loss: 10.7857
Step:   980000  |  score: 107.07 ± 0.66  |  actor_loss: -3.5676  cost_loss: 1.3558  nu_loss: 10.9443
Step:   990000  |  score: 101.78 ± 10.58  |  actor_loss: -4.7743  cost_loss: 1.3618  nu_loss: 10.7891
Step:  1000000  |  score: 106.38 ± 1.79  |  actor_loss: -3.8252  cost_loss: 1.3598  nu_loss: 10.6769
Step:  1010000  |  score: 105.85 ± 3.05  |  actor_loss: -4.1961  cost_loss: 1.3703  nu_loss: 10.8007
Step:  1020000  |  score: 107.21 ± 0.59  |  actor_loss: -4.2409  cost_loss: 1.3577  nu_loss: 11.1432
Step:  1030000  |  score: 85.22 ± 38.16  |  actor_loss: -4.3600  cost_loss: 1.3648  nu_loss: 10.8366
Step:  1040000  |  score: 106.63 ± 0.62  |  actor_loss: -4.2983  cost_loss: 1.3665  nu_loss: 10.8422
Step:  1050000  |  score: 93.77 ± 35.37  |  actor_loss: -4.5130  cost_loss: 1.3637  nu_loss: 10.5643
Step:  1060000  |  score: 101.89 ± 14.13  |  actor_loss: -3.6993  cost_loss: 1.3635  nu_loss: 10.7738
Step:  1070000  |  score: 106.86 ± 0.98  |  actor_loss: -3.9916  cost_loss: 1.3624  nu_loss: 10.8864
Step:  1080000  |  score: 106.79 ± 0.85  |  actor_loss: -4.3362  cost_loss: 1.3480  nu_loss: 10.8830
Step:  1090000  |  score: 107.06 ± 0.90  |  actor_loss: -4.0535  cost_loss: 1.3603  nu_loss: 10.7737
Step:  1100000  |  score: 106.98 ± 1.16  |  actor_loss: -4.8610  cost_loss: 1.3650  nu_loss: 11.0908
Step:  1110000  |  score: 107.74 ± 1.01  |  actor_loss: -4.1763  cost_loss: 1.3622  nu_loss: 10.6085
Step:  1120000  |  score: 93.38 ± 35.32  |  actor_loss: -4.1625  cost_loss: 1.3599  nu_loss: 11.0288
Step:  1130000  |  score: 106.91 ± 0.51  |  actor_loss: -3.5336  cost_loss: 1.3694  nu_loss: 11.0934
Step:  1140000  |  score: 107.31 ± 1.59  |  actor_loss: -4.0526  cost_loss: 1.3626  nu_loss: 11.0194
Step:  1150000  |  score: 96.33 ± 29.34  |  actor_loss: -4.0982  cost_loss: 1.3659  nu_loss: 10.8455
Step:  1160000  |  score: 107.26 ± 0.61  |  actor_loss: -4.0832  cost_loss: 1.3577  nu_loss: 10.7480
Step:  1170000  |  score: 106.73 ± 1.26  |  actor_loss: -3.7284  cost_loss: 1.3498  nu_loss: 10.6573
Step:  1180000  |  score: 97.05 ± 27.62  |  actor_loss: -3.8866  cost_loss: 1.3574  nu_loss: 11.3013
Step:  1190000  |  score: 105.45 ± 3.53  |  actor_loss: -3.9721  cost_loss: 1.3516  nu_loss: 10.9535
Step:  1200000  |  score: 106.14 ± 1.14  |  actor_loss: -4.0522  cost_loss: 1.3595  nu_loss: 10.6776
Step:  1210000  |  score: 92.61 ± 35.01  |  actor_loss: -3.8661  cost_loss: 1.3507  nu_loss: 10.9382
Step:  1220000  |  score: 100.68 ± 16.75  |  actor_loss: -3.7130  cost_loss: 1.3605  nu_loss: 11.0949
Step:  1230000  |  score: 107.02 ± 0.59  |  actor_loss: -4.1405  cost_loss: 1.3609  nu_loss: 10.7976
Step:  1240000  |  score: 106.72 ± 0.70  |  actor_loss: -4.3147  cost_loss: 1.3506  nu_loss: 10.8276
Step:  1250000  |  score: 106.82 ± 0.97  |  actor_loss: -3.8038  cost_loss: 1.3526  nu_loss: 11.0030
Step:  1260000  |  score: 104.25 ± 8.59  |  actor_loss: -3.9976  cost_loss: 1.3565  nu_loss: 10.5868
Step:  1270000  |  score: 107.55 ± 0.54  |  actor_loss: -4.3486  cost_loss: 1.3675  nu_loss: 11.0078
Step:  1280000  |  score: 96.23 ± 30.37  |  actor_loss: -4.4085  cost_loss: 1.3542  nu_loss: 10.8418
Step:  1290000  |  score: 106.06 ± 0.90  |  actor_loss: -4.0415  cost_loss: 1.3643  nu_loss: 10.9553
Step:  1300000  |  score: 107.01 ± 0.88  |  actor_loss: -3.9467  cost_loss: 1.3574  nu_loss: 10.7525
Step:  1310000  |  score: 96.64 ± 28.98  |  actor_loss: -4.6143  cost_loss: 1.3561  nu_loss: 11.0078
Step:  1320000  |  score: 107.15 ± 0.77  |  actor_loss: -3.3046  cost_loss: 1.3608  nu_loss: 11.1146
Step:  1330000  |  score: 107.57 ± 0.68  |  actor_loss: -3.8611  cost_loss: 1.3566  nu_loss: 10.9071
Step:  1340000  |  score: 106.55 ± 1.89  |  actor_loss: -4.4000  cost_loss: 1.3611  nu_loss: 11.0554
Step:  1350000  |  score: 105.99 ± 1.21  |  actor_loss: -4.5960  cost_loss: 1.3642  nu_loss: 10.4252
Step:  1360000  |  score: 107.60 ± 0.72  |  actor_loss: -4.6215  cost_loss: 1.3681  nu_loss: 10.9005
Step:  1370000  |  score: 94.01 ± 31.06  |  actor_loss: -4.6559  cost_loss: 1.3600  nu_loss: 10.8660
Step:  1380000  |  score: 107.15 ± 0.47  |  actor_loss: -3.9615  cost_loss: 1.3582  nu_loss: 10.8490
Step:  1390000  |  score: 107.26 ± 0.89  |  actor_loss: -4.0482  cost_loss: 1.3646  nu_loss: 10.7817
Step:  1400000  |  score: 105.19 ± 4.96  |  actor_loss: -4.2615  cost_loss: 1.3564  nu_loss: 11.0185
Step:  1410000  |  score: 106.79 ± 0.97  |  actor_loss: -4.6125  cost_loss: 1.3720  nu_loss: 10.7847
Step:  1420000  |  score: 107.30 ± 0.78  |  actor_loss: -4.6095  cost_loss: 1.3618  nu_loss: 10.6593
Step:  1430000  |  score: 106.43 ± 1.37  |  actor_loss: -4.5560  cost_loss: 1.3590  nu_loss: 10.7470
Step:  1440000  |  score: 94.14 ± 35.41  |  actor_loss: -3.7043  cost_loss: 1.3634  nu_loss: 10.7842
Step:  1450000  |  score: 107.14 ± 0.95  |  actor_loss: -4.6684  cost_loss: 1.3604  nu_loss: 11.1385
Step:  1460000  |  score: 107.28 ± 0.61  |  actor_loss: -4.0539  cost_loss: 1.3682  nu_loss: 10.9258
Step:  1470000  |  score: 88.56 ± 36.17  |  actor_loss: -4.2347  cost_loss: 1.3665  nu_loss: 10.8476
Step:  1480000  |  score: 86.07 ± 37.40  |  actor_loss: -3.9415  cost_loss: 1.3598  nu_loss: 11.0662
Step:  1490000  |  score: 106.54 ± 1.22  |  actor_loss: -4.3955  cost_loss: 1.3525  nu_loss: 10.7055
Step:  1500000  |  score: 93.38 ± 35.16  |  actor_loss: -4.2739  cost_loss: 1.3639  nu_loss: 10.6431
Step:  1510000  |  score: 106.55 ± 1.24  |  actor_loss: -4.5635  cost_loss: 1.3454  nu_loss: 10.7138
Step:  1520000  |  score: 93.71 ± 35.47  |  actor_loss: -4.4880  cost_loss: 1.3618  nu_loss: 11.0345
Step:  1530000  |  score: 107.54 ± 0.87  |  actor_loss: -3.8323  cost_loss: 1.3550  nu_loss: 10.6269
Step:  1540000  |  score: 107.68 ± 0.34  |  actor_loss: -4.2716  cost_loss: 1.3643  nu_loss: 10.7354
Step:  1550000  |  score: 107.71 ± 1.03  |  actor_loss: -3.6228  cost_loss: 1.3596  nu_loss: 10.9589
Step:  1560000  |  score: 107.41 ± 0.99  |  actor_loss: -4.2987  cost_loss: 1.3645  nu_loss: 10.7892
Step:  1570000  |  score: 97.01 ± 26.33  |  actor_loss: -4.1426  cost_loss: 1.3613  nu_loss: 10.6298
Step:  1580000  |  score: 96.21 ± 28.11  |  actor_loss: -3.8338  cost_loss: 1.3668  nu_loss: 10.7385
Step:  1590000  |  score: 107.47 ± 0.50  |  actor_loss: -4.8159  cost_loss: 1.3546  nu_loss: 10.5128
Step:  1600000  |  score: 106.96 ± 0.73  |  actor_loss: -4.4951  cost_loss: 1.3647  nu_loss: 10.6643
Step:  1610000  |  score: 106.47 ± 1.06  |  actor_loss: -4.4163  cost_loss: 1.3577  nu_loss: 10.9527
Step:  1620000  |  score: 107.22 ± 0.66  |  actor_loss: -4.5873  cost_loss: 1.3672  nu_loss: 10.8433
Step:  1630000  |  score: 106.91 ± 0.39  |  actor_loss: -4.1391  cost_loss: 1.3611  nu_loss: 10.6161
Step:  1640000  |  score: 107.71 ± 0.72  |  actor_loss: -4.0490  cost_loss: 1.3639  nu_loss: 10.8506
Step:  1650000  |  score: 93.48 ± 35.38  |  actor_loss: -4.1707  cost_loss: 1.3547  nu_loss: 11.0663
Step:  1660000  |  score: 107.57 ± 0.49  |  actor_loss: -4.2068  cost_loss: 1.3589  nu_loss: 10.5218
Step:  1670000  |  score: 100.54 ± 16.94  |  actor_loss: -4.1551  cost_loss: 1.3526  nu_loss: 10.9062
Step:  1680000  |  score: 107.23 ± 0.72  |  actor_loss: -4.0751  cost_loss: 1.3625  nu_loss: 10.8780
Step:  1690000  |  score: 99.64 ± 19.76  |  actor_loss: -4.5469  cost_loss: 1.3627  nu_loss: 10.7719
Step:  1700000  |  score: 106.73 ± 0.49  |  actor_loss: -4.2222  cost_loss: 1.3526  nu_loss: 10.7772
Step:  1710000  |  score: 107.79 ± 0.26  |  actor_loss: -3.6789  cost_loss: 1.3576  nu_loss: 10.9976
Step:  1720000  |  score: 97.06 ± 26.66  |  actor_loss: -4.0309  cost_loss: 1.3585  nu_loss: 10.8587
Step:  1730000  |  score: 106.55 ± 0.59  |  actor_loss: -4.2455  cost_loss: 1.3605  nu_loss: 10.8024
Step:  1740000  |  score: 107.45 ± 0.58  |  actor_loss: -4.0046  cost_loss: 1.3593  nu_loss: 10.9435
Step:  1750000  |  score: 96.46 ± 27.91  |  actor_loss: -4.2636  cost_loss: 1.3587  nu_loss: 11.0973
Step:  1760000  |  score: 107.10 ± 0.77  |  actor_loss: -3.9274  cost_loss: 1.3672  nu_loss: 10.7412
Step:  1770000  |  score: 106.62 ± 0.72  |  actor_loss: -4.1535  cost_loss: 1.3620  nu_loss: 10.7376
Step:  1780000  |  score: 107.27 ± 0.69  |  actor_loss: -3.9607  cost_loss: 1.3689  nu_loss: 10.7179
Step:  1790000  |  score: 107.44 ± 1.12  |  actor_loss: -4.0451  cost_loss: 1.3649  nu_loss: 10.7815
Step:  1800000  |  score: 93.69 ± 35.35  |  actor_loss: -3.9629  cost_loss: 1.3693  nu_loss: 11.0178
Step:  1810000  |  score: 106.92 ± 0.57  |  actor_loss: -4.0922  cost_loss: 1.3602  nu_loss: 11.0286
Step:  1820000  |  score: 107.38 ± 0.75  |  actor_loss: -4.0749  cost_loss: 1.3634  nu_loss: 10.6784
Step:  1830000  |  score: 96.40 ± 27.28  |  actor_loss: -3.9517  cost_loss: 1.3656  nu_loss: 10.9808
Step:  1840000  |  score: 88.64 ± 35.93  |  actor_loss: -3.9741  cost_loss: 1.3503  nu_loss: 11.0184
Step:  1850000  |  score: 106.86 ± 1.24  |  actor_loss: -4.0927  cost_loss: 1.3565  nu_loss: 10.6107
Step:  1860000  |  score: 100.24 ± 19.31  |  actor_loss: -4.2671  cost_loss: 1.3651  nu_loss: 10.7433
Step:  1870000  |  score: 106.80 ± 0.90  |  actor_loss: -4.3944  cost_loss: 1.3562  nu_loss: 10.4122
Step:  1880000  |  score: 106.70 ± 1.23  |  actor_loss: -4.4099  cost_loss: 1.3683  nu_loss: 10.8150
Step:  1890000  |  score: 107.33 ± 0.86  |  actor_loss: -4.5739  cost_loss: 1.3662  nu_loss: 10.6934
Step:  1900000  |  score: 107.18 ± 0.80  |  actor_loss: -3.7300  cost_loss: 1.3582  nu_loss: 10.7449
Step:  1910000  |  score: 107.05 ± 0.76  |  actor_loss: -3.9686  cost_loss: 1.3626  nu_loss: 10.8304
Step:  1920000  |  score: 107.07 ± 0.32  |  actor_loss: -4.0717  cost_loss: 1.3573  nu_loss: 10.8445
Step:  1930000  |  score: 97.42 ± 24.87  |  actor_loss: -4.0083  cost_loss: 1.3600  nu_loss: 10.7736
Step:  1940000  |  score: 93.47 ± 35.33  |  actor_loss: -4.2730  cost_loss: 1.3643  nu_loss: 10.7388
Step:  1950000  |  score: 106.53 ± 0.73  |  actor_loss: -3.7086  cost_loss: 1.3599  nu_loss: 10.7997
Step:  1960000  |  score: 107.13 ± 0.94  |  actor_loss: -4.6960  cost_loss: 1.3597  nu_loss: 10.9322
Step:  1970000  |  score: 107.18 ± 0.93  |  actor_loss: -4.2620  cost_loss: 1.3642  nu_loss: 10.7488
Step:  1980000  |  score: 106.98 ± 0.54  |  actor_loss: -4.2279  cost_loss: 1.3581  nu_loss: 10.5136
Step:  1990000  |  score: 106.51 ± 1.00  |  actor_loss: -4.3749  cost_loss: 1.3656  nu_loss: 10.8855
Step:  2000000  |  score: 107.31 ± 0.63  |  actor_loss: -4.1598  cost_loss: 1.3624  nu_loss: 10.6265
Final evaluation (13 iterations)...
Final score: 100.39 ± 24.47
wandb: WARNING Symlinked 1 file into the W&B run directory; call wandb.save again to sync new files.
wandb: uploading data; updating run metadata
wandb: uploading data
wandb: uploading data; uploading final_returns/demodice_walker2d-expert-v2_2026-03-18_16-03-29.npz; uploading output.log; uploading wandb-summary.json; uploading config.yaml
wandb: uploading data; uploading final_returns/demodice_walker2d-expert-v2_2026-03-18_16-03-29.npz; uploading output.log
wandb: uploading data
wandb: uploading summary, console lines 214-215
wandb: 
wandb: Run history:
wandb:  actor_loss ▇▅▆█▆▆▅█▅▆▅▆▄▇▅▄▃▁▃█▃▄▃▂▆▄▄▅▆▄▁▁▃▁▃▇▃▅▅▄
wandb:   cost_loss ▇▄▇▃▇▄▄█▆▃▃▄▅▄▆▆▅▆▁▅▁▃▃▄▃▃▅▇▇▁▅▂▆▆▄▇█▆▃▅
wandb:     nu_loss █▅▆▆▄▅▄▄▅▃▆▃▄▅▅▁▆▅▂▃▂▁▃▃▅▃▄▅▄▃▃▃▁▄▄▄▃▅▃▁
wandb: num_updates ▁▁▂▂▂▂▂▂▂▃▃▃▃▄▄▄▄▄▄▄▅▅▅▅▅▅▅▆▆▆▆▆▇▇▇▇████
wandb:      return ▁▁▃▄▃▇▇█▇▇▇█▇▇▇█▇█▇▇█▆█████▇█▇███████▇▇█
wandb:       score ▁▂▇▇▆██▇███▇███▇▇█▇▇█▇██████████▇▇▇▇██▇█
wandb:   score_std ▂▂▃▇▆▇▃▁▇▁▁▁▇▆▁▁▆▁▁▇▇▁█▁▁▁▆▆▁▆▁▁▁▆▁▇▁▁▁▁
wandb: 
wandb: Run summary:
wandb:  actor_loss -4.15981
wandb:   cost_loss 1.36245
wandb:     nu_loss 10.62654
wandb: num_updates 2000000
wandb:      return 4927.89982
wandb:       score 107.31047
wandb:   score_std 0.62574
wandb: 
wandb: 🚀 View run demodice_walker2d_M3_s3 at: https://wandb.ai/wsk208/DemoDICE/runs/lv1ilw8x
wandb: ⭐️ View project at: https://wandb.ai/wsk208/DemoDICE
wandb: Synced 5 W&B file(s), 0 media file(s), 0 artifact file(s) and 1 other file(s)
wandb: Find logs at: ./wandb/run-20260318_153549-lv1ilw8x/logs
