Warning: All of online environments libraries in D4RL have been moved ]8;;https://github.com/Farama-Foundation/Gymnasium\Gymnasium]8;;\, ]8;;https://github.com/Farama-Foundation/MiniGrid\MiniGrid]8;;\ and ]8;;https://github.com/Farama-Foundation/Gymnasium-Robotics\Gymnasium-Robotics]8;;\, and all offline datasets in D4RL have been moved to ]8;;https://github.com/Farama-Foundation/Minari\Minari]8;;\.
These new versions include large bug fixes, new versions of Python, and are where all new development will continue. Please upgrade these libraries as soon as you're able to do so.
If you'd like to read more about the story behind this switch, please check out ]8;;https://farama.org/Announcing-Minari\this blog post]8;;\.
Gym has been unmaintained since 2022 and does not support NumPy 2.0 amongst other critical functionality.
Please upgrade to Gymnasium, the maintained drop-in replacement of Gym, or contact the authors of your software and request that they upgrade.
See the migration guide at https://gymnasium.farama.org/introduction/migration_guide/ for additional information.
/opt/venv/lib/python3.10/site-packages/Cython/Distutils/old_build_ext.py:15: DeprecationWarning: dep_util is Deprecated. Use functions from setuptools instead.
  from distutils.dep_util import newer, newer_group
<frozen importlib._bootstrap>:283: DeprecationWarning: the load_module() method is deprecated and slated for removal in Python 3.12; use exec_module() instead
pybullet build time: Jan 29 2025 23:16:28
wandb: [wandb.login()] Loaded credentials for https://api.wandb.ai from /root/.netrc.
wandb: Currently logged in as: wsk208 to https://api.wandb.ai. Use `wandb login --relogin` to force relogin
/opt/venv/lib/python3.10/site-packages/wandb/analytics/sentry.py:268: DeprecationWarning: Read the `app_url` setting from the appropriate Settings object.
  app_url = wandb.util.app_url(tags["base_url"])  # type: ignore[index]
/opt/venv/lib/python3.10/site-packages/wandb/analytics/sentry.py:279: DeprecationWarning: The `Scope.user` setter is deprecated in favor of `Scope.set_user()`.
  self.scope.user = {"email": email}
wandb: setting up run 6imte4rp
/opt/venv/lib/python3.10/site-packages/wandb/analytics/sentry.py:268: DeprecationWarning: Read the `app_url` setting from the appropriate Settings object.
  app_url = wandb.util.app_url(tags["base_url"])  # type: ignore[index]
/opt/venv/lib/python3.10/site-packages/wandb/analytics/sentry.py:279: DeprecationWarning: The `Scope.user` setter is deprecated in favor of `Scope.set_user()`.
  self.scope.user = {"email": email}
wandb: Tracking run with wandb version 0.25.1
wandb: Run data is saved locally in /app/wandb/run-20260318_144847-6imte4rp
wandb: Run `wandb offline` to turn off syncing.
wandb: Syncing run demodice_walker2d_M2_s1
wandb: ⭐️ View project at https://wandb.ai/wsk208/DemoDICE
wandb: 🚀 View run at https://wandb.ai/wsk208/DemoDICE/runs/6imte4rp
/opt/venv/lib/python3.10/site-packages/gym/spaces/box.py:84: UserWarning: [33mWARN: Box bound precision lowered by casting to float32[0m
  logger.warn(f"Box bound precision lowered by casting to {self.dtype}")
load datafile:   0%|          | 0/21 [00:00<?, ?it/s]load datafile:   5%|▍         | 1/21 [00:00<00:03,  5.81it/s]load datafile:  14%|█▍        | 3/21 [00:00<00:03,  5.23it/s]load datafile:  19%|█▉        | 4/21 [00:00<00:04,  4.00it/s]load datafile:  81%|████████  | 17/21 [00:01<00:00, 15.55it/s]load datafile:  90%|█████████ | 19/21 [00:01<00:00, 10.87it/s]load datafile: 100%|██████████| 21/21 [00:01<00:00, 11.22it/s]
Expert  :  999000 transitions  (walker2d-expert-v2, 400 traj)
load datafile:   0%|          | 0/9 [00:00<?, ?it/s]load datafile:  11%|█         | 1/9 [00:00<00:01,  6.54it/s]load datafile:  33%|███▎      | 3/9 [00:00<00:01,  5.53it/s]load datafile:  44%|████▍     | 4/9 [00:00<00:01,  4.13it/s]load datafile:  56%|█████▌    | 5/9 [00:01<00:01,  3.23it/s]load datafile:  67%|██████▋   | 6/9 [00:01<00:01,  2.82it/s]load datafile: 100%|██████████| 9/9 [00:01<00:00,  4.96it/s]
Imperfect:    8083 transitions  (walker2d-random-v2, 400 traj)
Union   : 1007083 transitions total
/root/.local/share/uv/python/cpython-3.10-linux-x86_64-gnu/lib/python3.10/multiprocessing/popen_fork.py:66: RuntimeWarning: os.fork() was called. os.fork() is incompatible with multithreaded code, and JAX is multithreaded, so this will likely lead to a deadlock.
  self.pid = os.fork()
/opt/venv/lib/python3.10/site-packages/tensorflow_probability/python/internal/backend/jax/ops.py:681: DeprecationWarning: jax.interpreters.xla.pytype_aval_mappings is deprecated.
  jax.interpreters.xla.pytype_aval_mappings[onp.ndarray])
/opt/venv/lib/python3.10/site-packages/gym/spaces/box.py:84: UserWarning: [33mWARN: Box bound precision lowered by casting to float32[0m
  logger.warn(f"Box bound precision lowered by casting to {self.dtype}")
Step:    10000  |  score: 10.61 ± 4.81  |  actor_loss: -3.4094  cost_loss: 1.3766  nu_loss: 11.7172
Step:    20000  |  score: 18.07 ± 8.39  |  actor_loss: -3.8477  cost_loss: 1.3791  nu_loss: 11.2367
Step:    30000  |  score: 20.40 ± 9.03  |  actor_loss: -3.6015  cost_loss: 1.3800  nu_loss: 11.3126
Step:    40000  |  score: 25.73 ± 14.20  |  actor_loss: -4.1383  cost_loss: 1.3790  nu_loss: 11.1303
Step:    50000  |  score: 53.61 ± 24.35  |  actor_loss: -4.2306  cost_loss: 1.3817  nu_loss: 11.0080
Step:    60000  |  score: 52.78 ± 14.78  |  actor_loss: -3.7810  cost_loss: 1.3765  nu_loss: 10.8708
Step:    70000  |  score: 60.47 ± 30.03  |  actor_loss: -3.6730  cost_loss: 1.3790  nu_loss: 11.0579
Step:    80000  |  score: 52.49 ± 13.40  |  actor_loss: -4.0928  cost_loss: 1.3740  nu_loss: 11.0103
Step:    90000  |  score: 53.21 ± 36.42  |  actor_loss: -3.9502  cost_loss: 1.3779  nu_loss: 11.0793
Step:   100000  |  score: 93.67 ± 18.96  |  actor_loss: -3.6545  cost_loss: 1.3782  nu_loss: 11.1983
Step:   110000  |  score: 74.23 ± 32.07  |  actor_loss: -3.8664  cost_loss: 1.3789  nu_loss: 11.1145
Step:   120000  |  score: 70.05 ± 39.15  |  actor_loss: -4.0293  cost_loss: 1.3813  nu_loss: 10.9924
Step:   130000  |  score: 87.60 ± 28.65  |  actor_loss: -4.5799  cost_loss: 1.3758  nu_loss: 10.8509
Step:   140000  |  score: 87.83 ± 33.43  |  actor_loss: -3.6453  cost_loss: 1.3809  nu_loss: 11.0282
Step:   150000  |  score: 75.58 ± 32.40  |  actor_loss: -4.2667  cost_loss: 1.3761  nu_loss: 11.0432
Step:   160000  |  score: 81.12 ± 35.09  |  actor_loss: -4.1584  cost_loss: 1.3812  nu_loss: 10.9906
Step:   170000  |  score: 101.40 ± 10.38  |  actor_loss: -3.4640  cost_loss: 1.3747  nu_loss: 11.0729
Step:   180000  |  score: 88.19 ± 33.56  |  actor_loss: -3.9099  cost_loss: 1.3781  nu_loss: 10.5150
Step:   190000  |  score: 102.66 ± 8.42  |  actor_loss: -4.2450  cost_loss: 1.3740  nu_loss: 10.9533
Step:   200000  |  score: 107.60 ± 1.19  |  actor_loss: -3.8819  cost_loss: 1.3804  nu_loss: 10.9911
Step:   210000  |  score: 91.03 ± 23.02  |  actor_loss: -3.8284  cost_loss: 1.3739  nu_loss: 10.9944
Step:   220000  |  score: 90.80 ± 35.09  |  actor_loss: -4.4910  cost_loss: 1.3745  nu_loss: 11.0424
Step:   230000  |  score: 96.36 ± 18.52  |  actor_loss: -4.6659  cost_loss: 1.3770  nu_loss: 10.6733
Step:   240000  |  score: 91.51 ± 31.20  |  actor_loss: -4.1380  cost_loss: 1.3799  nu_loss: 10.9524
Step:   250000  |  score: 106.79 ± 0.71  |  actor_loss: -4.0104  cost_loss: 1.3776  nu_loss: 11.2608
Step:   260000  |  score: 103.31 ± 10.11  |  actor_loss: -4.2021  cost_loss: 1.3751  nu_loss: 11.0044
Step:   270000  |  score: 100.15 ± 17.62  |  actor_loss: -3.9759  cost_loss: 1.3779  nu_loss: 10.9093
Step:   280000  |  score: 104.24 ± 7.88  |  actor_loss: -4.0748  cost_loss: 1.3762  nu_loss: 11.0064
Step:   290000  |  score: 94.78 ± 30.09  |  actor_loss: -4.0682  cost_loss: 1.3778  nu_loss: 10.9223
Step:   300000  |  score: 96.17 ± 15.43  |  actor_loss: -3.8372  cost_loss: 1.3756  nu_loss: 11.0467
Step:   310000  |  score: 106.51 ± 1.32  |  actor_loss: -4.4091  cost_loss: 1.3801  nu_loss: 10.8953
Step:   320000  |  score: 101.23 ± 16.63  |  actor_loss: -4.1335  cost_loss: 1.3771  nu_loss: 10.6932
Step:   330000  |  score: 104.17 ± 7.34  |  actor_loss: -4.3241  cost_loss: 1.3782  nu_loss: 10.7347
Step:   340000  |  score: 104.18 ± 7.29  |  actor_loss: -4.1717  cost_loss: 1.3787  nu_loss: 11.0132
Step:   350000  |  score: 106.95 ± 0.88  |  actor_loss: -4.4933  cost_loss: 1.3814  nu_loss: 10.4942
Step:   360000  |  score: 66.35 ± 37.82  |  actor_loss: -4.4708  cost_loss: 1.3759  nu_loss: 10.8763
Step:   370000  |  score: 96.78 ± 17.97  |  actor_loss: -3.7633  cost_loss: 1.3768  nu_loss: 10.8139
Step:   380000  |  score: 99.61 ± 18.89  |  actor_loss: -3.9883  cost_loss: 1.3743  nu_loss: 10.6753
Step:   390000  |  score: 106.65 ± 0.71  |  actor_loss: -4.7447  cost_loss: 1.3781  nu_loss: 10.6729
Step:   400000  |  score: 106.52 ± 1.02  |  actor_loss: -3.8219  cost_loss: 1.3734  nu_loss: 10.9051
Step:   410000  |  score: 102.61 ± 13.71  |  actor_loss: -4.6993  cost_loss: 1.3770  nu_loss: 10.9857
Step:   420000  |  score: 104.93 ± 4.80  |  actor_loss: -4.0161  cost_loss: 1.3715  nu_loss: 10.7494
Step:   430000  |  score: 86.92 ± 35.51  |  actor_loss: -3.9597  cost_loss: 1.3731  nu_loss: 10.8018
Step:   440000  |  score: 100.82 ± 16.99  |  actor_loss: -4.2569  cost_loss: 1.3788  nu_loss: 10.4690
Step:   450000  |  score: 104.56 ± 7.45  |  actor_loss: -3.6420  cost_loss: 1.3794  nu_loss: 10.8507
Step:   460000  |  score: 104.25 ± 7.49  |  actor_loss: -3.8863  cost_loss: 1.3764  nu_loss: 10.7503
Step:   470000  |  score: 97.45 ± 26.26  |  actor_loss: -4.1983  cost_loss: 1.3773  nu_loss: 10.7150
Step:   480000  |  score: 96.20 ± 28.57  |  actor_loss: -4.1220  cost_loss: 1.3722  nu_loss: 10.7970
Step:   490000  |  score: 75.18 ± 36.24  |  actor_loss: -4.6805  cost_loss: 1.3731  nu_loss: 10.7875
Step:   500000  |  score: 89.73 ± 30.57  |  actor_loss: -3.9980  cost_loss: 1.3775  nu_loss: 11.1207
Step:   510000  |  score: 107.64 ± 0.38  |  actor_loss: -4.6115  cost_loss: 1.3795  nu_loss: 10.6412
Step:   520000  |  score: 106.58 ± 0.85  |  actor_loss: -3.9929  cost_loss: 1.3761  nu_loss: 10.8306
Step:   530000  |  score: 106.62 ± 0.99  |  actor_loss: -3.7533  cost_loss: 1.3755  nu_loss: 10.9241
Step:   540000  |  score: 95.35 ± 30.85  |  actor_loss: -3.7687  cost_loss: 1.3780  nu_loss: 10.7353
Step:   550000  |  score: 97.77 ± 25.15  |  actor_loss: -3.6146  cost_loss: 1.3801  nu_loss: 11.0468
Step:   560000  |  score: 82.62 ± 29.14  |  actor_loss: -4.2440  cost_loss: 1.3745  nu_loss: 10.8049
Step:   570000  |  score: 105.04 ± 6.75  |  actor_loss: -3.8917  cost_loss: 1.3775  nu_loss: 10.7156
Step:   580000  |  score: 107.07 ± 0.82  |  actor_loss: -4.0250  cost_loss: 1.3811  nu_loss: 10.9691
Step:   590000  |  score: 107.00 ± 0.69  |  actor_loss: -4.5955  cost_loss: 1.3808  nu_loss: 10.7050
Step:   600000  |  score: 100.86 ± 16.71  |  actor_loss: -4.5094  cost_loss: 1.3796  nu_loss: 10.5510
Step:   610000  |  score: 95.10 ± 27.89  |  actor_loss: -4.1281  cost_loss: 1.3741  nu_loss: 11.0571
Step:   620000  |  score: 105.10 ± 5.06  |  actor_loss: -3.8461  cost_loss: 1.3808  nu_loss: 10.7545
Step:   630000  |  score: 85.07 ± 37.38  |  actor_loss: -4.0575  cost_loss: 1.3744  nu_loss: 10.8106
Step:   640000  |  score: 94.61 ± 33.32  |  actor_loss: -4.3362  cost_loss: 1.3764  nu_loss: 10.7852
Step:   650000  |  score: 105.99 ± 0.82  |  actor_loss: -4.2072  cost_loss: 1.3787  nu_loss: 10.7948
Step:   660000  |  score: 106.45 ± 0.97  |  actor_loss: -3.9284  cost_loss: 1.3730  nu_loss: 10.9177
Step:   670000  |  score: 95.71 ± 29.48  |  actor_loss: -3.8903  cost_loss: 1.3758  nu_loss: 10.8806
Step:   680000  |  score: 107.36 ± 0.85  |  actor_loss: -3.7229  cost_loss: 1.3793  nu_loss: 11.0169
Step:   690000  |  score: 107.10 ± 1.15  |  actor_loss: -4.4193  cost_loss: 1.3779  nu_loss: 10.8535
Step:   700000  |  score: 107.56 ± 1.12  |  actor_loss: -4.0376  cost_loss: 1.3737  nu_loss: 10.7354
Step:   710000  |  score: 106.84 ± 0.56  |  actor_loss: -3.9951  cost_loss: 1.3766  nu_loss: 10.8253
Step:   720000  |  score: 100.47 ± 16.49  |  actor_loss: -4.4374  cost_loss: 1.3795  nu_loss: 10.7900
Step:   730000  |  score: 107.03 ± 0.91  |  actor_loss: -4.2968  cost_loss: 1.3712  nu_loss: 10.6275
Step:   740000  |  score: 107.38 ± 0.80  |  actor_loss: -4.1265  cost_loss: 1.3767  nu_loss: 10.7752
Step:   750000  |  score: 107.13 ± 0.93  |  actor_loss: -4.1242  cost_loss: 1.3769  nu_loss: 10.8133
Step:   760000  |  score: 102.31 ± 12.59  |  actor_loss: -4.1933  cost_loss: 1.3774  nu_loss: 10.6438
Step:   770000  |  score: 94.79 ± 31.76  |  actor_loss: -4.1675  cost_loss: 1.3752  nu_loss: 10.7798
Step:   780000  |  score: 106.98 ± 0.71  |  actor_loss: -4.2631  cost_loss: 1.3796  nu_loss: 10.7394
Step:   790000  |  score: 107.62 ± 0.97  |  actor_loss: -3.8209  cost_loss: 1.3776  nu_loss: 10.7644
Step:   800000  |  score: 105.14 ± 3.89  |  actor_loss: -3.9705  cost_loss: 1.3698  nu_loss: 10.7798
Step:   810000  |  score: 107.06 ± 0.64  |  actor_loss: -3.5487  cost_loss: 1.3785  nu_loss: 11.0629
Step:   820000  |  score: 107.70 ± 0.66  |  actor_loss: -3.9699  cost_loss: 1.3745  nu_loss: 10.7264
Step:   830000  |  score: 107.53 ± 0.70  |  actor_loss: -4.3452  cost_loss: 1.3787  nu_loss: 10.7086
Step:   840000  |  score: 106.58 ± 1.20  |  actor_loss: -3.9049  cost_loss: 1.3795  nu_loss: 10.6929
Step:   850000  |  score: 106.28 ± 1.59  |  actor_loss: -4.2244  cost_loss: 1.3779  nu_loss: 10.9314
Step:   860000  |  score: 106.66 ± 0.75  |  actor_loss: -4.7951  cost_loss: 1.3782  nu_loss: 10.6855
Step:   870000  |  score: 106.80 ± 0.74  |  actor_loss: -4.2859  cost_loss: 1.3734  nu_loss: 10.7772
Step:   880000  |  score: 96.76 ± 28.64  |  actor_loss: -4.3566  cost_loss: 1.3745  nu_loss: 10.7235
Step:   890000  |  score: 107.15 ± 0.86  |  actor_loss: -3.7610  cost_loss: 1.3787  nu_loss: 10.7153
Step:   900000  |  score: 104.20 ± 6.28  |  actor_loss: -4.3608  cost_loss: 1.3766  nu_loss: 10.9133
Step:   910000  |  score: 98.64 ± 24.21  |  actor_loss: -4.2393  cost_loss: 1.3781  nu_loss: 10.7811
Step:   920000  |  score: 107.49 ± 0.72  |  actor_loss: -3.6516  cost_loss: 1.3807  nu_loss: 10.9602
Step:   930000  |  score: 96.78 ± 27.15  |  actor_loss: -4.1337  cost_loss: 1.3769  nu_loss: 10.9778
Step:   940000  |  score: 106.85 ± 1.22  |  actor_loss: -4.2822  cost_loss: 1.3753  nu_loss: 10.8403
Step:   950000  |  score: 107.34 ± 0.99  |  actor_loss: -3.9130  cost_loss: 1.3792  nu_loss: 11.0217
Step:   960000  |  score: 108.06 ± 1.18  |  actor_loss: -4.5108  cost_loss: 1.3735  nu_loss: 10.8638
Step:   970000  |  score: 96.58 ± 28.40  |  actor_loss: -4.2959  cost_loss: 1.3769  nu_loss: 10.9617
Step:   980000  |  score: 106.60 ± 0.75  |  actor_loss: -4.2129  cost_loss: 1.3751  nu_loss: 10.8689
Step:   990000  |  score: 106.02 ± 2.07  |  actor_loss: -3.9210  cost_loss: 1.3776  nu_loss: 10.8292
Step:  1000000  |  score: 106.65 ± 0.59  |  actor_loss: -5.0860  cost_loss: 1.3788  nu_loss: 10.4290
Step:  1010000  |  score: 107.06 ± 0.60  |  actor_loss: -4.2395  cost_loss: 1.3771  nu_loss: 10.7675
Step:  1020000  |  score: 106.59 ± 0.79  |  actor_loss: -5.1093  cost_loss: 1.3789  nu_loss: 10.7287
Step:  1030000  |  score: 107.46 ± 0.75  |  actor_loss: -4.3559  cost_loss: 1.3803  nu_loss: 10.9199
Step:  1040000  |  score: 107.73 ± 1.06  |  actor_loss: -4.3276  cost_loss: 1.3800  nu_loss: 10.7996
Step:  1050000  |  score: 106.67 ± 1.41  |  actor_loss: -4.5597  cost_loss: 1.3741  nu_loss: 10.8351
Step:  1060000  |  score: 107.06 ± 0.56  |  actor_loss: -4.1122  cost_loss: 1.3740  nu_loss: 11.1061
Step:  1070000  |  score: 106.62 ± 1.08  |  actor_loss: -4.6096  cost_loss: 1.3738  nu_loss: 10.9967
Step:  1080000  |  score: 95.36 ± 28.97  |  actor_loss: -4.1473  cost_loss: 1.3755  nu_loss: 11.0234
Step:  1090000  |  score: 95.05 ± 32.18  |  actor_loss: -3.9984  cost_loss: 1.3810  nu_loss: 10.7668
Step:  1100000  |  score: 107.02 ± 1.08  |  actor_loss: -3.6084  cost_loss: 1.3805  nu_loss: 10.8412
Step:  1110000  |  score: 104.97 ± 5.15  |  actor_loss: -3.7195  cost_loss: 1.3753  nu_loss: 10.6664
Step:  1120000  |  score: 107.18 ± 0.57  |  actor_loss: -4.3880  cost_loss: 1.3765  nu_loss: 10.6932
Step:  1130000  |  score: 106.83 ± 1.25  |  actor_loss: -3.9247  cost_loss: 1.3740  nu_loss: 10.7219
Step:  1140000  |  score: 102.88 ± 10.75  |  actor_loss: -4.0873  cost_loss: 1.3782  nu_loss: 10.7324
Step:  1150000  |  score: 99.84 ± 18.61  |  actor_loss: -4.1776  cost_loss: 1.3744  nu_loss: 10.6882
Step:  1160000  |  score: 107.12 ± 1.09  |  actor_loss: -4.1646  cost_loss: 1.3779  nu_loss: 10.8109
Step:  1170000  |  score: 107.68 ± 0.53  |  actor_loss: -3.9830  cost_loss: 1.3781  nu_loss: 10.6893
Step:  1180000  |  score: 106.61 ± 0.99  |  actor_loss: -3.9755  cost_loss: 1.3782  nu_loss: 10.9346
Step:  1190000  |  score: 106.77 ± 1.22  |  actor_loss: -4.2153  cost_loss: 1.3794  nu_loss: 10.7674
Step:  1200000  |  score: 107.12 ± 0.94  |  actor_loss: -4.3336  cost_loss: 1.3736  nu_loss: 10.7090
Step:  1210000  |  score: 95.82 ± 31.05  |  actor_loss: -4.3613  cost_loss: 1.3800  nu_loss: 10.7059
Step:  1220000  |  score: 83.85 ± 40.59  |  actor_loss: -4.0733  cost_loss: 1.3766  nu_loss: 10.8660
Step:  1230000  |  score: 94.93 ± 30.32  |  actor_loss: -4.0101  cost_loss: 1.3787  nu_loss: 10.8856
Step:  1240000  |  score: 106.14 ± 1.37  |  actor_loss: -4.5734  cost_loss: 1.3759  nu_loss: 10.7209
Step:  1250000  |  score: 95.97 ± 27.18  |  actor_loss: -3.9192  cost_loss: 1.3714  nu_loss: 10.9357
Step:  1260000  |  score: 97.76 ± 25.21  |  actor_loss: -3.7019  cost_loss: 1.3752  nu_loss: 10.8455
Step:  1270000  |  score: 107.41 ± 1.00  |  actor_loss: -4.5403  cost_loss: 1.3762  nu_loss: 10.7823
Step:  1280000  |  score: 107.13 ± 1.08  |  actor_loss: -4.3816  cost_loss: 1.3796  nu_loss: 11.0709
Step:  1290000  |  score: 106.97 ± 0.76  |  actor_loss: -3.9900  cost_loss: 1.3775  nu_loss: 10.8635
Step:  1300000  |  score: 107.26 ± 0.98  |  actor_loss: -4.4206  cost_loss: 1.3791  nu_loss: 10.8639
Step:  1310000  |  score: 107.24 ± 1.14  |  actor_loss: -4.6647  cost_loss: 1.3761  nu_loss: 10.5790
Step:  1320000  |  score: 107.24 ± 0.83  |  actor_loss: -4.0754  cost_loss: 1.3745  nu_loss: 10.8824
Step:  1330000  |  score: 107.24 ± 1.16  |  actor_loss: -4.2774  cost_loss: 1.3773  nu_loss: 10.6736
Step:  1340000  |  score: 106.53 ± 1.28  |  actor_loss: -4.0886  cost_loss: 1.3796  nu_loss: 10.8241
Step:  1350000  |  score: 107.01 ± 1.01  |  actor_loss: -4.0189  cost_loss: 1.3777  nu_loss: 11.0148
Step:  1360000  |  score: 96.92 ± 27.89  |  actor_loss: -3.8817  cost_loss: 1.3742  nu_loss: 10.8688
Step:  1370000  |  score: 107.52 ± 0.57  |  actor_loss: -4.2517  cost_loss: 1.3784  nu_loss: 11.1263
Step:  1380000  |  score: 107.02 ± 0.77  |  actor_loss: -3.9738  cost_loss: 1.3752  nu_loss: 10.6744
Step:  1390000  |  score: 107.03 ± 1.12  |  actor_loss: -4.2724  cost_loss: 1.3759  nu_loss: 10.9142
Step:  1400000  |  score: 106.72 ± 1.05  |  actor_loss: -4.3089  cost_loss: 1.3799  nu_loss: 10.6293
Step:  1410000  |  score: 107.46 ± 0.52  |  actor_loss: -4.3064  cost_loss: 1.3753  nu_loss: 10.7917
Step:  1420000  |  score: 107.16 ± 0.66  |  actor_loss: -4.1402  cost_loss: 1.3802  nu_loss: 11.0621
Step:  1430000  |  score: 107.65 ± 1.06  |  actor_loss: -5.5086  cost_loss: 1.3729  nu_loss: 10.8076
Step:  1440000  |  score: 106.83 ± 0.98  |  actor_loss: -4.1206  cost_loss: 1.3787  nu_loss: 10.8428
Step:  1450000  |  score: 106.95 ± 0.61  |  actor_loss: -3.7597  cost_loss: 1.3784  nu_loss: 11.0378
Step:  1460000  |  score: 106.94 ± 0.65  |  actor_loss: -4.5999  cost_loss: 1.3796  nu_loss: 10.9131
Step:  1470000  |  score: 106.85 ± 0.83  |  actor_loss: -4.5122  cost_loss: 1.3796  nu_loss: 10.5340
Step:  1480000  |  score: 107.64 ± 0.89  |  actor_loss: -3.8673  cost_loss: 1.3765  nu_loss: 11.1493
Step:  1490000  |  score: 96.81 ± 28.95  |  actor_loss: -4.5008  cost_loss: 1.3799  nu_loss: 10.6080
Step:  1500000  |  score: 107.48 ± 0.66  |  actor_loss: -4.2717  cost_loss: 1.3732  nu_loss: 10.9780
Step:  1510000  |  score: 106.85 ± 1.46  |  actor_loss: -4.3022  cost_loss: 1.3801  nu_loss: 10.9981
Step:  1520000  |  score: 107.46 ± 0.67  |  actor_loss: -3.3934  cost_loss: 1.3775  nu_loss: 10.7754
Step:  1530000  |  score: 107.16 ± 0.91  |  actor_loss: -4.2047  cost_loss: 1.3818  nu_loss: 10.6826
Step:  1540000  |  score: 107.04 ± 1.10  |  actor_loss: -3.9687  cost_loss: 1.3740  nu_loss: 10.8379
Step:  1550000  |  score: 98.23 ± 22.58  |  actor_loss: -4.5633  cost_loss: 1.3727  nu_loss: 11.1158
Step:  1560000  |  score: 106.57 ± 0.96  |  actor_loss: -4.1047  cost_loss: 1.3733  nu_loss: 10.8454
Step:  1570000  |  score: 107.21 ± 0.80  |  actor_loss: -4.2081  cost_loss: 1.3782  nu_loss: 11.1577
Step:  1580000  |  score: 99.11 ± 20.92  |  actor_loss: -4.4176  cost_loss: 1.3763  nu_loss: 11.0280
Step:  1590000  |  score: 107.58 ± 0.49  |  actor_loss: -4.5917  cost_loss: 1.3789  nu_loss: 10.6043
Step:  1600000  |  score: 106.70 ± 0.68  |  actor_loss: -4.5937  cost_loss: 1.3729  nu_loss: 10.7610
Step:  1610000  |  score: 107.12 ± 0.57  |  actor_loss: -4.5279  cost_loss: 1.3798  nu_loss: 10.5162
Step:  1620000  |  score: 86.43 ± 36.69  |  actor_loss: -4.3730  cost_loss: 1.3804  nu_loss: 10.7767
Step:  1630000  |  score: 106.74 ± 1.02  |  actor_loss: -3.5865  cost_loss: 1.3750  nu_loss: 10.7200
Step:  1640000  |  score: 98.39 ± 23.86  |  actor_loss: -5.0930  cost_loss: 1.3764  nu_loss: 10.7926
Step:  1650000  |  score: 107.10 ± 0.65  |  actor_loss: -3.8872  cost_loss: 1.3809  nu_loss: 11.0292
Step:  1660000  |  score: 106.83 ± 1.01  |  actor_loss: -4.4758  cost_loss: 1.3780  nu_loss: 10.8790
Step:  1670000  |  score: 101.37 ± 15.34  |  actor_loss: -4.3806  cost_loss: 1.3768  nu_loss: 10.8184
Step:  1680000  |  score: 107.86 ± 0.54  |  actor_loss: -4.0222  cost_loss: 1.3765  nu_loss: 10.8806
Step:  1690000  |  score: 86.29 ± 34.35  |  actor_loss: -5.8191  cost_loss: 1.3782  nu_loss: 10.8039
Step:  1700000  |  score: 107.55 ± 0.53  |  actor_loss: -4.5265  cost_loss: 1.3794  nu_loss: 10.9837
Step:  1710000  |  score: 107.11 ± 0.53  |  actor_loss: -4.1853  cost_loss: 1.3765  nu_loss: 10.8812
Step:  1720000  |  score: 107.45 ± 0.88  |  actor_loss: -4.3951  cost_loss: 1.3779  nu_loss: 10.7250
Step:  1730000  |  score: 106.60 ± 0.58  |  actor_loss: -4.1360  cost_loss: 1.3772  nu_loss: 10.9034
Step:  1740000  |  score: 107.32 ± 1.16  |  actor_loss: -4.3472  cost_loss: 1.3816  nu_loss: 10.7736
Step:  1750000  |  score: 108.20 ± 0.53  |  actor_loss: -4.6401  cost_loss: 1.3760  nu_loss: 11.0347
Step:  1760000  |  score: 107.13 ± 0.99  |  actor_loss: -4.3724  cost_loss: 1.3771  nu_loss: 10.8767
Step:  1770000  |  score: 94.50 ± 31.71  |  actor_loss: -4.4402  cost_loss: 1.3767  nu_loss: 11.0993
Step:  1780000  |  score: 107.16 ± 0.93  |  actor_loss: -4.0637  cost_loss: 1.3787  nu_loss: 10.7124
Step:  1790000  |  score: 107.07 ± 1.27  |  actor_loss: -4.2230  cost_loss: 1.3750  nu_loss: 10.8264
Step:  1800000  |  score: 107.24 ± 0.65  |  actor_loss: -3.9253  cost_loss: 1.3762  nu_loss: 10.8601
Step:  1810000  |  score: 97.47 ± 25.75  |  actor_loss: -4.3089  cost_loss: 1.3801  nu_loss: 10.6623
Step:  1820000  |  score: 107.10 ± 0.69  |  actor_loss: -4.1097  cost_loss: 1.3815  nu_loss: 10.9513
Step:  1830000  |  score: 96.13 ± 28.10  |  actor_loss: -4.0540  cost_loss: 1.3738  nu_loss: 10.7842
Step:  1840000  |  score: 107.09 ± 0.82  |  actor_loss: -3.9391  cost_loss: 1.3766  nu_loss: 10.6428
Step:  1850000  |  score: 107.49 ± 0.55  |  actor_loss: -4.0356  cost_loss: 1.3761  nu_loss: 11.0472
Step:  1860000  |  score: 107.39 ± 0.92  |  actor_loss: -4.2592  cost_loss: 1.3814  nu_loss: 11.0094
Step:  1870000  |  score: 98.66 ± 22.09  |  actor_loss: -4.3255  cost_loss: 1.3764  nu_loss: 10.8863
Step:  1880000  |  score: 106.95 ± 0.66  |  actor_loss: -4.2456  cost_loss: 1.3800  nu_loss: 10.9856
Step:  1890000  |  score: 107.52 ± 0.84  |  actor_loss: -4.2921  cost_loss: 1.3807  nu_loss: 10.7388
Step:  1900000  |  score: 85.68 ± 36.35  |  actor_loss: -4.1716  cost_loss: 1.3814  nu_loss: 10.8827
Step:  1910000  |  score: 106.52 ± 1.78  |  actor_loss: -4.3850  cost_loss: 1.3787  nu_loss: 10.9798
Step:  1920000  |  score: 96.22 ± 28.16  |  actor_loss: -4.1981  cost_loss: 1.3762  nu_loss: 10.8954
Step:  1930000  |  score: 107.08 ± 1.11  |  actor_loss: -4.4102  cost_loss: 1.3783  nu_loss: 10.7682
Step:  1940000  |  score: 107.61 ± 0.87  |  actor_loss: -4.1403  cost_loss: 1.3787  nu_loss: 10.7768
Step:  1950000  |  score: 107.13 ± 0.54  |  actor_loss: -4.6171  cost_loss: 1.3771  nu_loss: 11.0304
Step:  1960000  |  score: 107.20 ± 0.80  |  actor_loss: -4.1965  cost_loss: 1.3794  nu_loss: 10.9322
Step:  1970000  |  score: 107.05 ± 1.24  |  actor_loss: -4.1753  cost_loss: 1.3819  nu_loss: 11.1436
Step:  1980000  |  score: 96.18 ± 27.33  |  actor_loss: -3.8072  cost_loss: 1.3768  nu_loss: 10.8633
Step:  1990000  |  score: 107.58 ± 0.52  |  actor_loss: -5.1043  cost_loss: 1.3744  nu_loss: 10.9016
Step:  2000000  |  score: 96.02 ± 27.88  |  actor_loss: -4.1437  cost_loss: 1.3807  nu_loss: 10.8808
Final evaluation (13 iterations)...
Final score: 101.03 ± 21.56
wandb: WARNING Symlinked 1 file into the W&B run directory; call wandb.save again to sync new files.
wandb: uploading data; updating run metadata
wandb: uploading data
wandb: uploading data; uploading final_returns/demodice_walker2d-expert-v2_2026-03-18_15-16-28.npz; uploading output.log; uploading wandb-summary.json; uploading config.yaml
wandb: uploading data
wandb: uploading summary, console lines 214-215
wandb: 
wandb: Run history:
wandb:  actor_loss ▅▇█▅▅▅▄▆▇▅█▇▆▇▄▆▅▁▁▅▇▆▅▆▇▄▆▇▅▄▅▄▆▅▆▆▅▄▅▆
wandb:   cost_loss █▄▇▅▅▅▂▆▇▃▆▆▆▂▁▇▇▅▇▃▇▂▇▅▄▅▆▅▇▆▆▆▅▆▅▅▅▇▅▇
wandb:     nu_loss █▄▃▄▄▄▄▂▄▃▃▁▃▂▄▃▃▄▃▃▃▂▂▂▄▄▅▂▃▄▄▃▃▃▃▃▄▃▃▅
wandb: num_updates ▁▁▁▁▂▂▂▃▃▃▃▃▃▃▄▄▄▄▄▄▅▅▅▅▅▅▆▆▆▆▇▇▇▇▇▇████
wandb:      return ▁▁▄▄▇▆█▇█▇██▆▇█▇▇██████▇████████▆█▇▇▇███
wandb:       score ▁▄▄▄▆▆█▇█▇▇██████▇███▇▆▇██████████████▇█
wandb:   score_std ▃▃▄█▇▃▄▁▄▂▁▄▂▇▆▆▆▁▁▁▆▁▁▁▄█▁▁▁▁▁▁▇▁▁▆▁▅▁▁
wandb: 
wandb: Run summary:
wandb:  actor_loss -4.14367
wandb:   cost_loss 1.3807
wandb:     nu_loss 10.88078
wandb: num_updates 2000000
wandb:      return 4409.68697
wandb:       score 96.02208
wandb:   score_std 27.88087
wandb: 
wandb: 🚀 View run demodice_walker2d_M2_s1 at: https://wandb.ai/wsk208/DemoDICE/runs/6imte4rp
wandb: ⭐️ View project at: https://wandb.ai/wsk208/DemoDICE
wandb: Synced 5 W&B file(s), 0 media file(s), 0 artifact file(s) and 1 other file(s)
wandb: Find logs at: ./wandb/run-20260318_144847-6imte4rp/logs
