Warning: All of online environments libraries in D4RL have been moved ]8;;https://github.com/Farama-Foundation/Gymnasium\Gymnasium]8;;\, ]8;;https://github.com/Farama-Foundation/MiniGrid\MiniGrid]8;;\ and ]8;;https://github.com/Farama-Foundation/Gymnasium-Robotics\Gymnasium-Robotics]8;;\, and all offline datasets in D4RL have been moved to ]8;;https://github.com/Farama-Foundation/Minari\Minari]8;;\.
These new versions include large bug fixes, new versions of Python, and are where all new development will continue. Please upgrade these libraries as soon as you're able to do so.
If you'd like to read more about the story behind this switch, please check out ]8;;https://farama.org/Announcing-Minari\this blog post]8;;\.
Gym has been unmaintained since 2022 and does not support NumPy 2.0 amongst other critical functionality.
Please upgrade to Gymnasium, the maintained drop-in replacement of Gym, or contact the authors of your software and request that they upgrade.
See the migration guide at https://gymnasium.farama.org/introduction/migration_guide/ for additional information.
/opt/venv/lib/python3.10/site-packages/Cython/Distutils/old_build_ext.py:15: DeprecationWarning: dep_util is Deprecated. Use functions from setuptools instead.
  from distutils.dep_util import newer, newer_group
<frozen importlib._bootstrap>:283: DeprecationWarning: the load_module() method is deprecated and slated for removal in Python 3.12; use exec_module() instead
pybullet build time: Jan 29 2025 23:16:28
wandb: [wandb.login()] Loaded credentials for https://api.wandb.ai from /root/.netrc.
wandb: Currently logged in as: wsk208 (roidice) to https://api.wandb.ai. Use `wandb login --relogin` to force relogin
/opt/venv/lib/python3.10/site-packages/wandb/analytics/sentry.py:268: DeprecationWarning: Read the `app_url` setting from the appropriate Settings object.
  app_url = wandb.util.app_url(tags["base_url"])  # type: ignore[index]
/opt/venv/lib/python3.10/site-packages/wandb/analytics/sentry.py:279: DeprecationWarning: The `Scope.user` setter is deprecated in favor of `Scope.set_user()`.
  self.scope.user = {"email": email}
wandb: setting up run 4v30fzmd
/opt/venv/lib/python3.10/site-packages/wandb/analytics/sentry.py:268: DeprecationWarning: Read the `app_url` setting from the appropriate Settings object.
  app_url = wandb.util.app_url(tags["base_url"])  # type: ignore[index]
/opt/venv/lib/python3.10/site-packages/wandb/analytics/sentry.py:279: DeprecationWarning: The `Scope.user` setter is deprecated in favor of `Scope.set_user()`.
  self.scope.user = {"email": email}
wandb: Tracking run with wandb version 0.25.1
wandb: Run data is saved locally in /app/wandb/run-20260318_074523-4v30fzmd
wandb: Run `wandb offline` to turn off syncing.
wandb: Syncing run demodice_hopper_M2_s1
wandb: ⭐️ View project at https://wandb.ai/wsk208/DemoDICE
wandb: 🚀 View run at https://wandb.ai/wsk208/DemoDICE/runs/4v30fzmd
/opt/venv/lib/python3.10/site-packages/gym/spaces/box.py:84: UserWarning: [33mWARN: Box bound precision lowered by casting to float32[0m
  logger.warn(f"Box bound precision lowered by casting to {self.dtype}")
load datafile:   0%|          | 0/21 [00:00<?, ?it/s]load datafile:  10%|▉         | 2/21 [00:00<00:01, 17.54it/s]load datafile:  19%|█▉        | 4/21 [00:00<00:02,  6.01it/s]load datafile:  81%|████████  | 17/21 [00:00<00:00, 22.00it/s]load datafile:  95%|█████████▌| 20/21 [00:01<00:00, 16.87it/s]load datafile: 100%|██████████| 21/21 [00:01<00:00, 17.02it/s]
Expert  :  999061 transitions  (hopper-expert-v2, 400 traj)
load datafile:   0%|          | 0/9 [00:00<?, ?it/s]load datafile:  33%|███▎      | 3/9 [00:00<00:00,  8.97it/s]load datafile:  44%|████▍     | 4/9 [00:00<00:00,  6.51it/s]load datafile:  56%|█████▌    | 5/9 [00:00<00:00,  4.98it/s]load datafile:  67%|██████▋   | 6/9 [00:01<00:00,  4.30it/s]load datafile: 100%|██████████| 9/9 [00:01<00:00,  7.44it/s]
Imperfect:    8684 transitions  (hopper-random-v2, 400 traj)
Union   : 1007745 transitions total
/root/.local/share/uv/python/cpython-3.10-linux-x86_64-gnu/lib/python3.10/multiprocessing/popen_fork.py:66: RuntimeWarning: os.fork() was called. os.fork() is incompatible with multithreaded code, and JAX is multithreaded, so this will likely lead to a deadlock.
  self.pid = os.fork()
/opt/venv/lib/python3.10/site-packages/tensorflow_probability/python/internal/backend/jax/ops.py:681: DeprecationWarning: jax.interpreters.xla.pytype_aval_mappings is deprecated.
  jax.interpreters.xla.pytype_aval_mappings[onp.ndarray])
/opt/venv/lib/python3.10/site-packages/gym/spaces/box.py:84: UserWarning: [33mWARN: Box bound precision lowered by casting to float32[0m
  logger.warn(f"Box bound precision lowered by casting to {self.dtype}")
Step:    10000  |  score: 8.20 ± 6.62  |  actor_loss: -0.5252  cost_loss: 1.3870  nu_loss: 11.7629
Step:    20000  |  score: 12.62 ± 7.18  |  actor_loss: -0.8246  cost_loss: 1.3853  nu_loss: 11.7181
Step:    30000  |  score: 13.78 ± 13.13  |  actor_loss: -1.0720  cost_loss: 1.3799  nu_loss: 11.5118
Step:    40000  |  score: 21.17 ± 11.15  |  actor_loss: -1.1298  cost_loss: 1.3836  nu_loss: 11.6741
Step:    50000  |  score: 21.89 ± 17.59  |  actor_loss: -1.2748  cost_loss: 1.3784  nu_loss: 11.6369
Step:    60000  |  score: 22.41 ± 6.74  |  actor_loss: -1.3989  cost_loss: 1.3777  nu_loss: 11.6004
Step:    70000  |  score: 35.57 ± 23.48  |  actor_loss: -1.2825  cost_loss: 1.3800  nu_loss: 11.4055
Step:    80000  |  score: 30.37 ± 22.88  |  actor_loss: -1.2684  cost_loss: 1.3817  nu_loss: 11.4019
Step:    90000  |  score: 28.13 ± 17.01  |  actor_loss: -1.4148  cost_loss: 1.3828  nu_loss: 11.4909
Step:   100000  |  score: 17.00 ± 20.07  |  actor_loss: -1.2343  cost_loss: 1.3781  nu_loss: 11.2504
Step:   110000  |  score: 24.88 ± 20.77  |  actor_loss: -1.4638  cost_loss: 1.3790  nu_loss: 11.2996
Step:   120000  |  score: 21.77 ± 15.32  |  actor_loss: -1.5348  cost_loss: 1.3810  nu_loss: 11.3206
Step:   130000  |  score: 32.55 ± 23.71  |  actor_loss: -1.3649  cost_loss: 1.3784  nu_loss: 11.4128
Step:   140000  |  score: 25.58 ± 18.27  |  actor_loss: -1.3487  cost_loss: 1.3790  nu_loss: 11.4054
Step:   150000  |  score: 29.50 ± 16.45  |  actor_loss: -1.3211  cost_loss: 1.3797  nu_loss: 11.2291
Step:   160000  |  score: 32.83 ± 24.53  |  actor_loss: -1.4126  cost_loss: 1.3811  nu_loss: 11.0280
Step:   170000  |  score: 23.38 ± 15.70  |  actor_loss: -1.5387  cost_loss: 1.3761  nu_loss: 11.2348
Step:   180000  |  score: 47.68 ± 28.88  |  actor_loss: -1.3928  cost_loss: 1.3825  nu_loss: 11.2787
Step:   190000  |  score: 26.20 ± 18.96  |  actor_loss: -1.0800  cost_loss: 1.3796  nu_loss: 11.0607
Step:   200000  |  score: 31.57 ± 25.47  |  actor_loss: -1.5175  cost_loss: 1.3804  nu_loss: 11.3708
Step:   210000  |  score: 47.86 ± 30.88  |  actor_loss: -0.9898  cost_loss: 1.3750  nu_loss: 11.0407
Step:   220000  |  score: 44.38 ± 27.04  |  actor_loss: -1.4243  cost_loss: 1.3771  nu_loss: 11.0907
Step:   230000  |  score: 28.75 ± 11.23  |  actor_loss: -1.5995  cost_loss: 1.3787  nu_loss: 11.2057
Step:   240000  |  score: 43.36 ± 23.39  |  actor_loss: -1.6189  cost_loss: 1.3797  nu_loss: 11.1961
Step:   250000  |  score: 36.15 ± 16.32  |  actor_loss: -1.4442  cost_loss: 1.3729  nu_loss: 11.2295
Step:   260000  |  score: 32.74 ± 26.01  |  actor_loss: -1.5331  cost_loss: 1.3758  nu_loss: 11.1288
Step:   270000  |  score: 44.25 ± 17.37  |  actor_loss: -1.4258  cost_loss: 1.3804  nu_loss: 11.4448
Step:   280000  |  score: 27.05 ± 15.51  |  actor_loss: -1.3972  cost_loss: 1.3774  nu_loss: 11.3680
Step:   290000  |  score: 48.24 ± 16.82  |  actor_loss: -1.4049  cost_loss: 1.3737  nu_loss: 11.1212
Step:   300000  |  score: 43.10 ± 29.28  |  actor_loss: -1.2236  cost_loss: 1.3773  nu_loss: 11.0399
Step:   310000  |  score: 48.57 ± 7.41  |  actor_loss: -1.6741  cost_loss: 1.3773  nu_loss: 11.1195
Step:   320000  |  score: 55.11 ± 22.37  |  actor_loss: -1.5652  cost_loss: 1.3765  nu_loss: 11.0659
Step:   330000  |  score: 42.65 ± 34.29  |  actor_loss: -1.5567  cost_loss: 1.3790  nu_loss: 11.2918
Step:   340000  |  score: 50.68 ± 25.85  |  actor_loss: -1.3861  cost_loss: 1.3754  nu_loss: 11.4202
Step:   350000  |  score: 45.40 ± 26.75  |  actor_loss: -1.3230  cost_loss: 1.3773  nu_loss: 11.1767
Step:   360000  |  score: 46.79 ± 28.74  |  actor_loss: -1.3367  cost_loss: 1.3789  nu_loss: 11.2311
Step:   370000  |  score: 31.20 ± 12.41  |  actor_loss: -1.1971  cost_loss: 1.3806  nu_loss: 11.1994
Step:   380000  |  score: 43.02 ± 23.97  |  actor_loss: -1.3700  cost_loss: 1.3742  nu_loss: 11.1201
Step:   390000  |  score: 39.73 ± 26.15  |  actor_loss: -1.6421  cost_loss: 1.3815  nu_loss: 11.3707
Step:   400000  |  score: 78.74 ± 33.59  |  actor_loss: -1.6935  cost_loss: 1.3738  nu_loss: 10.9976
Step:   410000  |  score: 24.95 ± 16.72  |  actor_loss: -1.5790  cost_loss: 1.3824  nu_loss: 11.0970
Step:   420000  |  score: 54.50 ± 28.32  |  actor_loss: -1.3276  cost_loss: 1.3763  nu_loss: 11.1478
Step:   430000  |  score: 22.16 ± 15.23  |  actor_loss: -1.7813  cost_loss: 1.3812  nu_loss: 11.0815
Step:   440000  |  score: 36.72 ± 24.77  |  actor_loss: -1.4020  cost_loss: 1.3787  nu_loss: 11.3781
Step:   450000  |  score: 41.66 ± 23.79  |  actor_loss: -1.3819  cost_loss: 1.3716  nu_loss: 11.0443
Step:   460000  |  score: 75.73 ± 37.66  |  actor_loss: -1.4122  cost_loss: 1.3741  nu_loss: 11.0699
Step:   470000  |  score: 37.13 ± 25.23  |  actor_loss: -1.5481  cost_loss: 1.3732  nu_loss: 11.3360
Step:   480000  |  score: 34.96 ± 22.68  |  actor_loss: -1.3742  cost_loss: 1.3781  nu_loss: 11.2208
Step:   490000  |  score: 20.41 ± 20.40  |  actor_loss: -1.6117  cost_loss: 1.3789  nu_loss: 11.1840
Step:   500000  |  score: 39.09 ± 8.88  |  actor_loss: -1.5184  cost_loss: 1.3767  nu_loss: 11.1819
Step:   510000  |  score: 26.81 ± 11.34  |  actor_loss: -1.4954  cost_loss: 1.3776  nu_loss: 11.3854
Step:   520000  |  score: 52.58 ± 27.08  |  actor_loss: -1.1900  cost_loss: 1.3768  nu_loss: 11.1713
Step:   530000  |  score: 55.93 ± 39.27  |  actor_loss: -1.4442  cost_loss: 1.3811  nu_loss: 11.0197
Step:   540000  |  score: 43.88 ± 25.54  |  actor_loss: -1.4465  cost_loss: 1.3732  nu_loss: 11.1875
Step:   550000  |  score: 37.22 ± 25.57  |  actor_loss: -1.5791  cost_loss: 1.3785  nu_loss: 11.0340
Step:   560000  |  score: 54.45 ± 34.07  |  actor_loss: -1.4697  cost_loss: 1.3783  nu_loss: 11.1840
Step:   570000  |  score: 42.89 ± 20.41  |  actor_loss: -1.5000  cost_loss: 1.3758  nu_loss: 11.1373
Step:   580000  |  score: 63.29 ± 30.73  |  actor_loss: -1.7380  cost_loss: 1.3795  nu_loss: 11.0622
Step:   590000  |  score: 44.57 ± 22.64  |  actor_loss: -1.4480  cost_loss: 1.3788  nu_loss: 11.1658
Step:   600000  |  score: 79.03 ± 31.44  |  actor_loss: -1.7090  cost_loss: 1.3778  nu_loss: 11.0704
Step:   610000  |  score: 72.46 ± 30.19  |  actor_loss: -1.1392  cost_loss: 1.3738  nu_loss: 11.1522
Step:   620000  |  score: 54.35 ± 42.04  |  actor_loss: -1.5039  cost_loss: 1.3810  nu_loss: 11.2404
Step:   630000  |  score: 43.07 ± 13.75  |  actor_loss: -1.6765  cost_loss: 1.3800  nu_loss: 11.1489
Step:   640000  |  score: 58.33 ± 28.92  |  actor_loss: -1.5556  cost_loss: 1.3769  nu_loss: 11.1968
Step:   650000  |  score: 74.54 ± 17.78  |  actor_loss: -1.6556  cost_loss: 1.3839  nu_loss: 11.1970
Step:   660000  |  score: 28.86 ± 21.30  |  actor_loss: -1.5630  cost_loss: 1.3745  nu_loss: 11.1632
Step:   670000  |  score: 44.53 ± 27.32  |  actor_loss: -1.3529  cost_loss: 1.3798  nu_loss: 11.2288
Step:   680000  |  score: 47.13 ± 33.22  |  actor_loss: -1.3813  cost_loss: 1.3796  nu_loss: 11.3392
Step:   690000  |  score: 47.73 ± 29.92  |  actor_loss: -1.6122  cost_loss: 1.3768  nu_loss: 11.1946
Step:   700000  |  score: 50.01 ± 43.70  |  actor_loss: -1.4692  cost_loss: 1.3822  nu_loss: 11.4553
Step:   710000  |  score: 29.30 ± 23.94  |  actor_loss: -1.3585  cost_loss: 1.3734  nu_loss: 11.0807
Step:   720000  |  score: 54.18 ± 41.48  |  actor_loss: -1.5388  cost_loss: 1.3782  nu_loss: 10.9267
Step:   730000  |  score: 45.68 ± 31.87  |  actor_loss: -1.5395  cost_loss: 1.3787  nu_loss: 11.2609
Step:   740000  |  score: 50.45 ± 35.16  |  actor_loss: -1.7962  cost_loss: 1.3774  nu_loss: 11.3282
Step:   750000  |  score: 51.79 ± 26.75  |  actor_loss: -1.8662  cost_loss: 1.3797  nu_loss: 10.9666
Step:   760000  |  score: 31.36 ± 32.10  |  actor_loss: -1.4917  cost_loss: 1.3773  nu_loss: 11.0283
Step:   770000  |  score: 52.35 ± 30.39  |  actor_loss: -1.6305  cost_loss: 1.3821  nu_loss: 11.1231
Step:   780000  |  score: 47.10 ± 25.08  |  actor_loss: -1.5320  cost_loss: 1.3798  nu_loss: 11.2368
Step:   790000  |  score: 38.79 ± 27.93  |  actor_loss: -1.4526  cost_loss: 1.3804  nu_loss: 11.2722
Step:   800000  |  score: 56.45 ± 34.91  |  actor_loss: -1.5126  cost_loss: 1.3754  nu_loss: 11.3737
Step:   810000  |  score: 51.49 ± 40.12  |  actor_loss: -1.3106  cost_loss: 1.3772  nu_loss: 11.1162
Step:   820000  |  score: 35.14 ± 29.09  |  actor_loss: -1.7190  cost_loss: 1.3786  nu_loss: 11.1617
Step:   830000  |  score: 35.00 ± 21.84  |  actor_loss: -1.9070  cost_loss: 1.3792  nu_loss: 11.2738
Step:   840000  |  score: 50.83 ± 13.94  |  actor_loss: -1.2993  cost_loss: 1.3789  nu_loss: 11.1013
Step:   850000  |  score: 53.55 ± 29.00  |  actor_loss: -1.8746  cost_loss: 1.3771  nu_loss: 11.0971
Step:   860000  |  score: 55.63 ± 33.00  |  actor_loss: -1.7682  cost_loss: 1.3809  nu_loss: 11.0230
Step:   870000  |  score: 70.48 ± 30.03  |  actor_loss: -1.5853  cost_loss: 1.3784  nu_loss: 11.0699
Step:   880000  |  score: 49.00 ± 28.74  |  actor_loss: -1.7351  cost_loss: 1.3804  nu_loss: 11.0913
Step:   890000  |  score: 48.98 ± 29.94  |  actor_loss: -1.3550  cost_loss: 1.3784  nu_loss: 11.2726
Step:   900000  |  score: 61.16 ± 38.52  |  actor_loss: -1.6418  cost_loss: 1.3738  nu_loss: 11.2774
Step:   910000  |  score: 52.60 ± 27.93  |  actor_loss: -1.2029  cost_loss: 1.3757  nu_loss: 11.1133
Step:   920000  |  score: 69.46 ± 30.32  |  actor_loss: -1.5223  cost_loss: 1.3821  nu_loss: 11.0330
Step:   930000  |  score: 44.57 ± 19.56  |  actor_loss: -1.5895  cost_loss: 1.3791  nu_loss: 11.0238
Step:   940000  |  score: 61.73 ± 39.16  |  actor_loss: -1.4583  cost_loss: 1.3800  nu_loss: 11.0472
Step:   950000  |  score: 46.15 ± 36.00  |  actor_loss: -1.4155  cost_loss: 1.3790  nu_loss: 11.1770
Step:   960000  |  score: 55.63 ± 36.50  |  actor_loss: -1.4738  cost_loss: 1.3774  nu_loss: 11.0729
Step:   970000  |  score: 50.94 ± 25.36  |  actor_loss: -1.5291  cost_loss: 1.3769  nu_loss: 10.9435
Step:   980000  |  score: 41.48 ± 32.85  |  actor_loss: -1.6555  cost_loss: 1.3788  nu_loss: 10.9983
Step:   990000  |  score: 47.74 ± 29.05  |  actor_loss: -1.4891  cost_loss: 1.3739  nu_loss: 11.0810
Step:  1000000  |  score: 66.25 ± 34.08  |  actor_loss: -1.6576  cost_loss: 1.3763  nu_loss: 11.2741
Step:  1010000  |  score: 45.68 ± 17.19  |  actor_loss: -1.4550  cost_loss: 1.3740  nu_loss: 11.2711
Step:  1020000  |  score: 75.32 ± 43.82  |  actor_loss: -1.7414  cost_loss: 1.3815  nu_loss: 11.0034
Step:  1030000  |  score: 41.49 ± 34.30  |  actor_loss: -1.4131  cost_loss: 1.3812  nu_loss: 11.1025
Step:  1040000  |  score: 72.84 ± 30.20  |  actor_loss: -1.4580  cost_loss: 1.3792  nu_loss: 11.2402
Step:  1050000  |  score: 62.39 ± 32.82  |  actor_loss: -1.4016  cost_loss: 1.3733  nu_loss: 11.0825
Step:  1060000  |  score: 29.80 ± 23.41  |  actor_loss: -1.8876  cost_loss: 1.3804  nu_loss: 11.2979
Step:  1070000  |  score: 74.63 ± 34.78  |  actor_loss: -1.4409  cost_loss: 1.3770  nu_loss: 10.9217
Step:  1080000  |  score: 45.74 ± 24.82  |  actor_loss: -1.7305  cost_loss: 1.3790  nu_loss: 10.9651
Step:  1090000  |  score: 38.83 ± 32.16  |  actor_loss: -1.5784  cost_loss: 1.3773  nu_loss: 10.9964
Step:  1100000  |  score: 65.89 ± 24.88  |  actor_loss: -1.5137  cost_loss: 1.3790  nu_loss: 11.2824
Step:  1110000  |  score: 51.47 ± 39.20  |  actor_loss: -1.5526  cost_loss: 1.3787  nu_loss: 11.1036
Step:  1120000  |  score: 56.75 ± 31.66  |  actor_loss: -1.6639  cost_loss: 1.3743  nu_loss: 11.0855
Step:  1130000  |  score: 40.82 ± 28.27  |  actor_loss: -1.6062  cost_loss: 1.3780  nu_loss: 11.0751
Step:  1140000  |  score: 64.77 ± 33.46  |  actor_loss: -1.6026  cost_loss: 1.3811  nu_loss: 11.1148
Step:  1150000  |  score: 63.60 ± 34.22  |  actor_loss: -1.6812  cost_loss: 1.3743  nu_loss: 10.8546
Step:  1160000  |  score: 63.19 ± 32.68  |  actor_loss: -1.4987  cost_loss: 1.3776  nu_loss: 11.0497
Step:  1170000  |  score: 47.46 ± 34.32  |  actor_loss: -1.2581  cost_loss: 1.3762  nu_loss: 11.0921
Step:  1180000  |  score: 42.02 ± 33.57  |  actor_loss: -1.7835  cost_loss: 1.3769  nu_loss: 11.0189
Step:  1190000  |  score: 56.29 ± 25.70  |  actor_loss: -1.5698  cost_loss: 1.3755  nu_loss: 10.9039
Step:  1200000  |  score: 55.87 ± 31.08  |  actor_loss: -1.8143  cost_loss: 1.3798  nu_loss: 11.0464
Step:  1210000  |  score: 62.34 ± 33.24  |  actor_loss: -1.5412  cost_loss: 1.3764  nu_loss: 10.8221
Step:  1220000  |  score: 39.07 ± 26.02  |  actor_loss: -1.6031  cost_loss: 1.3745  nu_loss: 11.1738
Step:  1230000  |  score: 51.87 ± 36.89  |  actor_loss: -1.5569  cost_loss: 1.3779  nu_loss: 11.1182
Step:  1240000  |  score: 73.58 ± 35.10  |  actor_loss: -1.7785  cost_loss: 1.3778  nu_loss: 11.1308
Step:  1250000  |  score: 59.67 ± 29.76  |  actor_loss: -1.6057  cost_loss: 1.3810  nu_loss: 10.9540
Step:  1260000  |  score: 49.30 ± 25.22  |  actor_loss: -1.4729  cost_loss: 1.3799  nu_loss: 11.1653
Step:  1270000  |  score: 60.13 ± 29.81  |  actor_loss: -1.6762  cost_loss: 1.3759  nu_loss: 11.1156
Step:  1280000  |  score: 55.77 ± 31.91  |  actor_loss: -1.5580  cost_loss: 1.3780  nu_loss: 10.9306
Step:  1290000  |  score: 40.21 ± 24.53  |  actor_loss: -1.0857  cost_loss: 1.3774  nu_loss: 11.0822
Step:  1300000  |  score: 58.66 ± 45.33  |  actor_loss: -1.6666  cost_loss: 1.3800  nu_loss: 11.0802
Step:  1310000  |  score: 54.41 ± 34.08  |  actor_loss: -1.6720  cost_loss: 1.3744  nu_loss: 11.1906
Step:  1320000  |  score: 36.64 ± 30.15  |  actor_loss: -1.5302  cost_loss: 1.3777  nu_loss: 11.1340
Step:  1330000  |  score: 60.84 ± 36.76  |  actor_loss: -1.6882  cost_loss: 1.3747  nu_loss: 11.4825
Step:  1340000  |  score: 39.25 ± 24.91  |  actor_loss: -1.4608  cost_loss: 1.3773  nu_loss: 11.4043
Step:  1350000  |  score: 54.67 ± 38.68  |  actor_loss: -1.6124  cost_loss: 1.3752  nu_loss: 11.1121
Step:  1360000  |  score: 35.43 ± 27.41  |  actor_loss: -1.8253  cost_loss: 1.3783  nu_loss: 11.0013
Step:  1370000  |  score: 64.96 ± 36.18  |  actor_loss: -1.4482  cost_loss: 1.3752  nu_loss: 11.1264
Step:  1380000  |  score: 49.68 ± 28.90  |  actor_loss: -1.5526  cost_loss: 1.3772  nu_loss: 11.0097
Step:  1390000  |  score: 54.50 ± 32.65  |  actor_loss: -1.4760  cost_loss: 1.3819  nu_loss: 11.1473
Step:  1400000  |  score: 32.96 ± 36.71  |  actor_loss: -1.5575  cost_loss: 1.3722  nu_loss: 10.9568
Step:  1410000  |  score: 51.15 ± 38.78  |  actor_loss: -1.7298  cost_loss: 1.3786  nu_loss: 11.4268
Step:  1420000  |  score: 59.20 ± 42.28  |  actor_loss: -1.6631  cost_loss: 1.3755  nu_loss: 11.0860
Step:  1430000  |  score: 33.42 ± 37.07  |  actor_loss: -1.6500  cost_loss: 1.3808  nu_loss: 11.0685
Step:  1440000  |  score: 50.10 ± 25.50  |  actor_loss: -1.5490  cost_loss: 1.3806  nu_loss: 10.8242
Step:  1450000  |  score: 70.70 ± 41.67  |  actor_loss: -1.4629  cost_loss: 1.3774  nu_loss: 11.2401
Step:  1460000  |  score: 52.06 ± 34.57  |  actor_loss: -1.4711  cost_loss: 1.3756  nu_loss: 11.1030
Step:  1470000  |  score: 73.37 ± 27.87  |  actor_loss: -1.5198  cost_loss: 1.3786  nu_loss: 11.1786
Step:  1480000  |  score: 58.67 ± 32.00  |  actor_loss: -1.5873  cost_loss: 1.3754  nu_loss: 11.1910
Step:  1490000  |  score: 45.52 ± 30.82  |  actor_loss: -1.7764  cost_loss: 1.3819  nu_loss: 11.2075
Step:  1500000  |  score: 62.03 ± 35.31  |  actor_loss: -1.5115  cost_loss: 1.3773  nu_loss: 10.9072
Step:  1510000  |  score: 44.08 ± 33.23  |  actor_loss: -1.3515  cost_loss: 1.3770  nu_loss: 10.8457
Step:  1520000  |  score: 54.01 ± 18.86  |  actor_loss: -1.4410  cost_loss: 1.3771  nu_loss: 10.9567
Step:  1530000  |  score: 62.55 ± 25.94  |  actor_loss: -1.5688  cost_loss: 1.3758  nu_loss: 11.1748
Step:  1540000  |  score: 39.51 ± 34.29  |  actor_loss: -1.6323  cost_loss: 1.3822  nu_loss: 11.1054
Step:  1550000  |  score: 33.62 ± 22.46  |  actor_loss: -1.5916  cost_loss: 1.3805  nu_loss: 11.1619
Step:  1560000  |  score: 56.12 ± 32.24  |  actor_loss: -1.8687  cost_loss: 1.3811  nu_loss: 11.0736
Step:  1570000  |  score: 65.31 ± 44.74  |  actor_loss: -1.4361  cost_loss: 1.3794  nu_loss: 11.2820
Step:  1580000  |  score: 59.81 ± 32.34  |  actor_loss: -1.4184  cost_loss: 1.3776  nu_loss: 11.1949
Step:  1590000  |  score: 68.61 ± 24.96  |  actor_loss: -1.4967  cost_loss: 1.3796  nu_loss: 10.9096
Step:  1600000  |  score: 33.34 ± 26.04  |  actor_loss: -1.5863  cost_loss: 1.3787  nu_loss: 11.3345
Step:  1610000  |  score: 77.01 ± 20.44  |  actor_loss: -1.4335  cost_loss: 1.3754  nu_loss: 11.0846
Step:  1620000  |  score: 64.03 ± 29.00  |  actor_loss: -1.5059  cost_loss: 1.3757  nu_loss: 11.2406
Step:  1630000  |  score: 57.11 ± 36.27  |  actor_loss: -1.6591  cost_loss: 1.3793  nu_loss: 11.0427
Step:  1640000  |  score: 77.72 ± 23.94  |  actor_loss: -1.7574  cost_loss: 1.3776  nu_loss: 10.9307
Step:  1650000  |  score: 53.52 ± 26.83  |  actor_loss: -1.5931  cost_loss: 1.3800  nu_loss: 10.9717
Step:  1660000  |  score: 56.71 ± 29.89  |  actor_loss: -1.6529  cost_loss: 1.3811  nu_loss: 11.3285
Step:  1670000  |  score: 65.50 ± 34.85  |  actor_loss: -1.7367  cost_loss: 1.3811  nu_loss: 11.1338
Step:  1680000  |  score: 71.10 ± 35.25  |  actor_loss: -1.6451  cost_loss: 1.3783  nu_loss: 11.0557
Step:  1690000  |  score: 47.78 ± 33.83  |  actor_loss: -1.6054  cost_loss: 1.3804  nu_loss: 10.9767
Step:  1700000  |  score: 61.73 ± 45.89  |  actor_loss: -1.5196  cost_loss: 1.3778  nu_loss: 11.0492
Step:  1710000  |  score: 42.23 ± 16.63  |  actor_loss: -1.6373  cost_loss: 1.3774  nu_loss: 11.1234
Step:  1720000  |  score: 56.87 ± 34.65  |  actor_loss: -1.6264  cost_loss: 1.3791  nu_loss: 10.9862
Step:  1730000  |  score: 60.84 ± 36.61  |  actor_loss: -1.5631  cost_loss: 1.3816  nu_loss: 11.1551
Step:  1740000  |  score: 43.15 ± 38.70  |  actor_loss: -1.5512  cost_loss: 1.3777  nu_loss: 10.9183
Step:  1750000  |  score: 64.03 ± 36.50  |  actor_loss: -1.8208  cost_loss: 1.3781  nu_loss: 10.9611
Step:  1760000  |  score: 57.31 ± 36.20  |  actor_loss: -1.7393  cost_loss: 1.3784  nu_loss: 10.9792
Step:  1770000  |  score: 72.67 ± 27.06  |  actor_loss: -1.8720  cost_loss: 1.3775  nu_loss: 11.0520
Step:  1780000  |  score: 74.94 ± 30.95  |  actor_loss: -1.7712  cost_loss: 1.3768  nu_loss: 11.0062
Step:  1790000  |  score: 63.28 ± 34.64  |  actor_loss: -1.6902  cost_loss: 1.3752  nu_loss: 11.1017
Step:  1800000  |  score: 62.54 ± 33.84  |  actor_loss: -1.4567  cost_loss: 1.3721  nu_loss: 11.2950
Step:  1810000  |  score: 69.66 ± 26.44  |  actor_loss: -1.5303  cost_loss: 1.3757  nu_loss: 11.0421
Step:  1820000  |  score: 46.34 ± 41.38  |  actor_loss: -1.6993  cost_loss: 1.3769  nu_loss: 10.9463
Step:  1830000  |  score: 53.61 ± 23.42  |  actor_loss: -1.6847  cost_loss: 1.3752  nu_loss: 10.9303
Step:  1840000  |  score: 73.60 ± 44.26  |  actor_loss: -1.2970  cost_loss: 1.3756  nu_loss: 11.4658
Step:  1850000  |  score: 48.19 ± 31.39  |  actor_loss: -1.3899  cost_loss: 1.3781  nu_loss: 11.0936
Step:  1860000  |  score: 81.36 ± 42.54  |  actor_loss: -1.5631  cost_loss: 1.3783  nu_loss: 11.0161
Step:  1870000  |  score: 73.38 ± 38.68  |  actor_loss: -1.6968  cost_loss: 1.3786  nu_loss: 10.9250
Step:  1880000  |  score: 41.60 ± 28.53  |  actor_loss: -1.3250  cost_loss: 1.3771  nu_loss: 10.8690
Step:  1890000  |  score: 43.13 ± 23.33  |  actor_loss: -1.5700  cost_loss: 1.3771  nu_loss: 11.1314
Step:  1900000  |  score: 85.00 ± 24.83  |  actor_loss: -1.7599  cost_loss: 1.3765  nu_loss: 11.1159
Step:  1910000  |  score: 62.20 ± 26.36  |  actor_loss: -1.3829  cost_loss: 1.3829  nu_loss: 11.2024
Step:  1920000  |  score: 63.98 ± 37.93  |  actor_loss: -1.6137  cost_loss: 1.3795  nu_loss: 10.9663
Step:  1930000  |  score: 50.58 ± 33.22  |  actor_loss: -1.3279  cost_loss: 1.3771  nu_loss: 11.3701
Step:  1940000  |  score: 54.99 ± 37.74  |  actor_loss: -1.8025  cost_loss: 1.3805  nu_loss: 10.9960
Step:  1950000  |  score: 55.08 ± 32.99  |  actor_loss: -1.6420  cost_loss: 1.3756  nu_loss: 11.1136
Step:  1960000  |  score: 57.41 ± 46.92  |  actor_loss: -1.4780  cost_loss: 1.3752  nu_loss: 10.9741
Step:  1970000  |  score: 47.26 ± 43.35  |  actor_loss: -1.7339  cost_loss: 1.3780  nu_loss: 11.1851
Step:  1980000  |  score: 80.48 ± 25.34  |  actor_loss: -1.6551  cost_loss: 1.3797  nu_loss: 11.1340
Step:  1990000  |  score: 81.48 ± 40.46  |  actor_loss: -1.4332  cost_loss: 1.3796  nu_loss: 11.3702
Step:  2000000  |  score: 61.71 ± 36.98  |  actor_loss: -1.6377  cost_loss: 1.3789  nu_loss: 11.0087
Final evaluation (13 iterations)...
Final score: 52.19 ± 36.33
wandb: WARNING Symlinked 1 file into the W&B run directory; call wandb.save again to sync new files.
wandb: updating run metadata
wandb: uploading config.yaml; uploading final_returns/demodice_hopper-expert-v2_2026-03-18_08-10-49.npz; uploading output.log; uploading wandb-summary.json
wandb: uploading summary, console lines 214-215
wandb: 
wandb: Run history:
wandb:  actor_loss █▅▆▆█▅▃▅▃▄▆▅▃▄▅▁▂▄▃▆▂▄▂▃▅▅▃▅▄▃▄▂▂▃▅▃▆▄▅▃
wandb:   cost_loss █▄▃▄▄▁▂▁▃▂▃▂▃▃▁▃▄▅▃▂▃▃▅▄▄▂▄▂▅▃▄▄▅▃▃▂▂▄▃▄
wandb:     nu_loss ██▅▄▄▅▄▅▃▃▃▂▃▃▄▄▃▄▂▁▄▂▃▃▄▁▂▃▃▃▄▃▃▃▄▂▁▁▃▂
wandb: num_updates ▁▁▁▁▁▂▂▂▂▂▂▂▃▃▃▃▄▄▄▄▄▄▅▅▅▅▅▆▆▆▆▆▆▆▇▇▇███
wandb:      return ▁▂▁▂▂▄▂▄▄▃▃▂▂▅▅▃▅▃▇▄▄▆▅▆▅▅▆▄▃▆▄▆▇▆▇██▆▅▆
wandb:       score ▁▂▂▄▄▄▄▇▃▇▅▄▇▄▄▄▅▅▃▅▅▄▇▄▅▅▆▆▄▆▃▆▅▆▇▄▄█▆▄
wandb:   score_std ▄▃▄▂▅▄▁▂▄▇▄▅▄▅▆█▂▆▇▇▆▅▇▅▅▆▆▃▅▇▅▃▅▅▂▇▅█▇▄
wandb: 
wandb: Run summary:
wandb:  actor_loss -1.63769
wandb:   cost_loss 1.37888
wandb:     nu_loss 11.00871
wandb: num_updates 2000000
wandb:      return 1988.06834
wandb:       score 61.70828
wandb:   score_std 36.98163
wandb: 
wandb: 🚀 View run demodice_hopper_M2_s1 at: https://wandb.ai/wsk208/DemoDICE/runs/4v30fzmd
wandb: ⭐️ View project at: https://wandb.ai/wsk208/DemoDICE
wandb: Synced 5 W&B file(s), 0 media file(s), 0 artifact file(s) and 1 other file(s)
wandb: Find logs at: ./wandb/run-20260318_074523-4v30fzmd/logs
