Warning: All of online environments libraries in D4RL have been moved ]8;;https://github.com/Farama-Foundation/Gymnasium\Gymnasium]8;;\, ]8;;https://github.com/Farama-Foundation/MiniGrid\MiniGrid]8;;\ and ]8;;https://github.com/Farama-Foundation/Gymnasium-Robotics\Gymnasium-Robotics]8;;\, and all offline datasets in D4RL have been moved to ]8;;https://github.com/Farama-Foundation/Minari\Minari]8;;\.
These new versions include large bug fixes, new versions of Python, and are where all new development will continue. Please upgrade these libraries as soon as you're able to do so.
If you'd like to read more about the story behind this switch, please check out ]8;;https://farama.org/Announcing-Minari\this blog post]8;;\.
Gym has been unmaintained since 2022 and does not support NumPy 2.0 amongst other critical functionality.
Please upgrade to Gymnasium, the maintained drop-in replacement of Gym, or contact the authors of your software and request that they upgrade.
See the migration guide at https://gymnasium.farama.org/introduction/migration_guide/ for additional information.
/opt/venv/lib/python3.10/site-packages/Cython/Distutils/old_build_ext.py:15: DeprecationWarning: dep_util is Deprecated. Use functions from setuptools instead.
  from distutils.dep_util import newer, newer_group
<frozen importlib._bootstrap>:283: DeprecationWarning: the load_module() method is deprecated and slated for removal in Python 3.12; use exec_module() instead
pybullet build time: Jan 29 2025 23:16:28
wandb: [wandb.login()] Loaded credentials for https://api.wandb.ai from /root/.netrc.
wandb: Currently logged in as: wsk208 to https://api.wandb.ai. Use `wandb login --relogin` to force relogin
/opt/venv/lib/python3.10/site-packages/wandb/analytics/sentry.py:268: DeprecationWarning: Read the `app_url` setting from the appropriate Settings object.
  app_url = wandb.util.app_url(tags["base_url"])  # type: ignore[index]
/opt/venv/lib/python3.10/site-packages/wandb/analytics/sentry.py:279: DeprecationWarning: The `Scope.user` setter is deprecated in favor of `Scope.set_user()`.
  self.scope.user = {"email": email}
wandb: setting up run kan88zos
/opt/venv/lib/python3.10/site-packages/wandb/analytics/sentry.py:268: DeprecationWarning: Read the `app_url` setting from the appropriate Settings object.
  app_url = wandb.util.app_url(tags["base_url"])  # type: ignore[index]
/opt/venv/lib/python3.10/site-packages/wandb/analytics/sentry.py:279: DeprecationWarning: The `Scope.user` setter is deprecated in favor of `Scope.set_user()`.
  self.scope.user = {"email": email}
wandb: Tracking run with wandb version 0.25.1
wandb: Run data is saved locally in /app/wandb/run-20260319_050236-kan88zos
wandb: Run `wandb offline` to turn off syncing.
wandb: Syncing run demodice_ant_M2_s0
wandb: ⭐️ View project at https://wandb.ai/wsk208/DemoDICE
wandb: 🚀 View run at https://wandb.ai/wsk208/DemoDICE/runs/kan88zos
/opt/venv/lib/python3.10/site-packages/gym/spaces/box.py:84: UserWarning: [33mWARN: Box bound precision lowered by casting to float32[0m
  logger.warn(f"Box bound precision lowered by casting to {self.dtype}")
load datafile:   0%|          | 0/21 [00:00<?, ?it/s]load datafile:   5%|▍         | 1/21 [00:00<00:04,  4.41it/s]load datafile:  14%|█▍        | 3/21 [00:00<00:05,  3.21it/s]load datafile:  19%|█▉        | 4/21 [00:01<00:06,  2.49it/s]load datafile:  81%|████████  | 17/21 [00:03<00:00,  5.41it/s]load datafile:  86%|████████▌ | 18/21 [00:05<00:01,  2.95it/s]load datafile: 100%|██████████| 21/21 [00:05<00:00,  3.87it/s]
Expert  :  999036 transitions  (ant-expert-v2, 400 traj)
load datafile:   0%|          | 0/9 [00:00<?, ?it/s]load datafile:  11%|█         | 1/9 [00:00<00:01,  4.92it/s]load datafile:  33%|███▎      | 3/9 [00:00<00:01,  3.41it/s]load datafile:  44%|████▍     | 4/9 [00:01<00:01,  2.58it/s]load datafile:  56%|█████▌    | 5/9 [00:03<00:03,  1.12it/s]load datafile:  67%|██████▋   | 6/9 [00:05<00:03,  1.24s/it]load datafile: 100%|██████████| 9/9 [00:05<00:00,  1.69it/s]
Imperfect:   82434 transitions  (ant-random-v2, 400 traj)
Union   : 1081470 transitions total
/root/.local/share/uv/python/cpython-3.10-linux-x86_64-gnu/lib/python3.10/multiprocessing/popen_fork.py:66: RuntimeWarning: os.fork() was called. os.fork() is incompatible with multithreaded code, and JAX is multithreaded, so this will likely lead to a deadlock.
  self.pid = os.fork()
/opt/venv/lib/python3.10/site-packages/tensorflow_probability/python/internal/backend/jax/ops.py:681: DeprecationWarning: jax.interpreters.xla.pytype_aval_mappings is deprecated.
  jax.interpreters.xla.pytype_aval_mappings[onp.ndarray])
/opt/venv/lib/python3.10/site-packages/gym/spaces/box.py:84: UserWarning: [33mWARN: Box bound precision lowered by casting to float32[0m
  logger.warn(f"Box bound precision lowered by casting to {self.dtype}")
Step:    10000  |  score: -1.14 ± 14.12  |  actor_loss: -2.8832  cost_loss: 3.4664  nu_loss: 12.4114
Step:    20000  |  score: 14.98 ± 28.89  |  actor_loss: -2.6669  cost_loss: 1.3813  nu_loss: 12.4096
Step:    30000  |  score: 7.56 ± 24.49  |  actor_loss: -3.2577  cost_loss: 1.3729  nu_loss: 12.3052
Step:    40000  |  score: 43.78 ± 44.85  |  actor_loss: -4.1250  cost_loss: 1.3726  nu_loss: 12.2579
Step:    50000  |  score: 20.37 ± 29.26  |  actor_loss: -4.5569  cost_loss: 1.3585  nu_loss: 12.2283
Step:    60000  |  score: 19.98 ± 32.18  |  actor_loss: -3.7337  cost_loss: 1.3456  nu_loss: 12.2120
Step:    70000  |  score: 37.33 ± 21.66  |  actor_loss: -4.3372  cost_loss: 1.3543  nu_loss: 12.1704
Step:    80000  |  score: 44.76 ± 31.38  |  actor_loss: -4.3873  cost_loss: 1.3344  nu_loss: 12.0789
Step:    90000  |  score: 64.42 ± 39.53  |  actor_loss: -4.7054  cost_loss: 1.3349  nu_loss: 12.0651
Step:   100000  |  score: 74.34 ± 40.42  |  actor_loss: -4.6369  cost_loss: 1.3399  nu_loss: 12.1221
Step:   110000  |  score: 46.85 ± 46.17  |  actor_loss: -4.9770  cost_loss: 1.3348  nu_loss: 12.3175
Step:   120000  |  score: 66.51 ± 40.65  |  actor_loss: -4.5786  cost_loss: 1.3330  nu_loss: 12.2072
Step:   130000  |  score: 74.19 ± 40.59  |  actor_loss: -5.0415  cost_loss: 1.3265  nu_loss: 12.0754
Step:   140000  |  score: 62.19 ± 44.01  |  actor_loss: -4.9289  cost_loss: 1.3264  nu_loss: 12.0795
Step:   150000  |  score: 54.59 ± 46.07  |  actor_loss: -5.6771  cost_loss: 1.3375  nu_loss: 12.1886
Step:   160000  |  score: 87.15 ± 29.28  |  actor_loss: -5.2191  cost_loss: 1.3394  nu_loss: 12.2034
Step:   170000  |  score: 47.46 ± 49.33  |  actor_loss: -4.9811  cost_loss: 1.3343  nu_loss: 12.0908
Step:   180000  |  score: 75.87 ± 34.52  |  actor_loss: -4.9725  cost_loss: 1.3285  nu_loss: 12.1597
Step:   190000  |  score: 61.62 ± 41.51  |  actor_loss: -5.0852  cost_loss: 1.3342  nu_loss: 12.1881
Step:   200000  |  score: 83.92 ± 35.39  |  actor_loss: -5.5189  cost_loss: 1.3357  nu_loss: 12.1475
Step:   210000  |  score: 53.10 ± 39.82  |  actor_loss: -5.3121  cost_loss: 1.3295  nu_loss: 12.2089
Step:   220000  |  score: 73.66 ± 54.81  |  actor_loss: -5.4907  cost_loss: 1.3420  nu_loss: 12.0975
Step:   230000  |  score: 77.69 ± 34.28  |  actor_loss: -5.3964  cost_loss: 1.3439  nu_loss: 12.0906
Step:   240000  |  score: 91.54 ± 34.37  |  actor_loss: -5.5790  cost_loss: 1.3411  nu_loss: 12.0890
Step:   250000  |  score: 80.32 ± 38.67  |  actor_loss: -5.3439  cost_loss: 1.3293  nu_loss: 12.0032
Step:   260000  |  score: 71.52 ± 37.33  |  actor_loss: -5.4295  cost_loss: 1.3366  nu_loss: 12.0261
Step:   270000  |  score: 73.14 ± 44.02  |  actor_loss: -5.3517  cost_loss: 1.3288  nu_loss: 12.0227
Step:   280000  |  score: 67.84 ± 40.57  |  actor_loss: -5.5252  cost_loss: 1.3374  nu_loss: 12.0680
Step:   290000  |  score: 80.08 ± 30.24  |  actor_loss: -5.1685  cost_loss: 1.3355  nu_loss: 12.1664
Step:   300000  |  score: 64.27 ± 40.11  |  actor_loss: -5.8027  cost_loss: 1.3432  nu_loss: 12.1338
Step:   310000  |  score: 73.12 ± 60.93  |  actor_loss: -6.0078  cost_loss: 1.3343  nu_loss: 12.1262
Step:   320000  |  score: 58.71 ± 50.12  |  actor_loss: -5.8004  cost_loss: 1.3207  nu_loss: 12.1322
Step:   330000  |  score: 95.98 ± 46.99  |  actor_loss: -5.5113  cost_loss: 1.3316  nu_loss: 12.0855
Step:   340000  |  score: 84.82 ± 32.76  |  actor_loss: -5.6132  cost_loss: 1.3309  nu_loss: 12.1058
Step:   350000  |  score: 85.35 ± 41.18  |  actor_loss: -5.6354  cost_loss: 1.3581  nu_loss: 12.1063
Step:   360000  |  score: 105.77 ± 19.46  |  actor_loss: -5.1133  cost_loss: 1.3368  nu_loss: 12.0559
Step:   370000  |  score: 73.85 ± 56.89  |  actor_loss: -5.5499  cost_loss: 1.3425  nu_loss: 12.0519
Step:   380000  |  score: 93.09 ± 33.01  |  actor_loss: -5.2914  cost_loss: 1.3458  nu_loss: 12.1697
Step:   390000  |  score: 92.28 ± 33.55  |  actor_loss: -5.4990  cost_loss: 1.3399  nu_loss: 12.0586
Step:   400000  |  score: 70.86 ± 46.22  |  actor_loss: -5.6437  cost_loss: 1.3329  nu_loss: 12.1359
Step:   410000  |  score: 86.85 ± 37.60  |  actor_loss: -5.9073  cost_loss: 1.3299  nu_loss: 12.0072
Step:   420000  |  score: 107.74 ± 21.95  |  actor_loss: -6.1934  cost_loss: 1.3212  nu_loss: 12.1894
Step:   430000  |  score: 78.52 ± 44.39  |  actor_loss: -5.2908  cost_loss: 1.3236  nu_loss: 12.0525
Step:   440000  |  score: 89.34 ± 44.50  |  actor_loss: -5.6980  cost_loss: 1.3280  nu_loss: 12.0281
Step:   450000  |  score: 94.72 ± 45.76  |  actor_loss: -5.2240  cost_loss: 1.3413  nu_loss: 12.2164
Step:   460000  |  score: 105.05 ± 31.16  |  actor_loss: -6.0036  cost_loss: 1.3457  nu_loss: 12.1810
Step:   470000  |  score: 84.66 ± 37.17  |  actor_loss: -5.1657  cost_loss: 1.3168  nu_loss: 12.0583
Step:   480000  |  score: 82.27 ± 31.80  |  actor_loss: -5.4547  cost_loss: 1.3431  nu_loss: 12.1200
Step:   490000  |  score: 79.08 ± 30.74  |  actor_loss: -5.2105  cost_loss: 1.3153  nu_loss: 12.1970
Step:   500000  |  score: 76.35 ± 47.55  |  actor_loss: -5.4918  cost_loss: 1.3405  nu_loss: 12.0702
Step:   510000  |  score: 103.39 ± 35.45  |  actor_loss: -5.8893  cost_loss: 1.3217  nu_loss: 12.1615
Step:   520000  |  score: 118.99 ± 6.84  |  actor_loss: -5.6987  cost_loss: 1.3288  nu_loss: 12.0261
Step:   530000  |  score: 88.29 ± 46.13  |  actor_loss: -6.0505  cost_loss: 1.3424  nu_loss: 12.0552
Step:   540000  |  score: 79.01 ± 56.06  |  actor_loss: -5.4155  cost_loss: 1.3255  nu_loss: 12.1830
Step:   550000  |  score: 80.22 ± 56.35  |  actor_loss: -6.0575  cost_loss: 1.3403  nu_loss: 12.0900
Step:   560000  |  score: 85.29 ± 51.30  |  actor_loss: -5.5900  cost_loss: 1.3434  nu_loss: 12.0789
Step:   570000  |  score: 98.24 ± 46.95  |  actor_loss: -5.5267  cost_loss: 1.3241  nu_loss: 12.0129
Step:   580000  |  score: 114.62 ± 17.51  |  actor_loss: -5.6662  cost_loss: 1.3339  nu_loss: 12.1754
Step:   590000  |  score: 86.84 ± 35.12  |  actor_loss: -5.6162  cost_loss: 1.3248  nu_loss: 12.0084
Step:   600000  |  score: 64.76 ± 60.93  |  actor_loss: -5.4176  cost_loss: 1.3295  nu_loss: 12.1319
Step:   610000  |  score: 73.24 ± 41.42  |  actor_loss: -6.0773  cost_loss: 1.3301  nu_loss: 12.1218
Step:   620000  |  score: 88.81 ± 39.33  |  actor_loss: -5.9159  cost_loss: 1.3448  nu_loss: 12.0103
Step:   630000  |  score: 84.48 ± 37.19  |  actor_loss: -5.7259  cost_loss: 1.3407  nu_loss: 12.2640
Step:   640000  |  score: 87.60 ± 42.30  |  actor_loss: -5.8412  cost_loss: 1.3332  nu_loss: 12.1425
Step:   650000  |  score: 93.58 ± 47.45  |  actor_loss: -5.9585  cost_loss: 1.3366  nu_loss: 12.0794
Step:   660000  |  score: 108.19 ± 32.59  |  actor_loss: -6.2090  cost_loss: 1.3351  nu_loss: 12.1864
Step:   670000  |  score: 109.48 ± 14.59  |  actor_loss: -5.8482  cost_loss: 1.3519  nu_loss: 12.0787
Step:   680000  |  score: 118.41 ± 20.31  |  actor_loss: -5.4839  cost_loss: 1.3173  nu_loss: 12.2309
Step:   690000  |  score: 107.19 ± 36.85  |  actor_loss: -6.1627  cost_loss: 1.3408  nu_loss: 11.9842
Step:   700000  |  score: 113.85 ± 15.45  |  actor_loss: -5.5540  cost_loss: 1.3411  nu_loss: 12.0242
Step:   710000  |  score: 94.20 ± 49.76  |  actor_loss: -5.7867  cost_loss: 1.3231  nu_loss: 12.1022
Step:   720000  |  score: 94.23 ± 45.31  |  actor_loss: -6.4577  cost_loss: 1.3231  nu_loss: 12.1925
Step:   730000  |  score: 121.15 ± 8.77  |  actor_loss: -5.7811  cost_loss: 1.3288  nu_loss: 11.9605
Step:   740000  |  score: 98.22 ± 29.26  |  actor_loss: -5.9516  cost_loss: 1.3429  nu_loss: 12.0961
Step:   750000  |  score: 102.54 ± 36.09  |  actor_loss: -5.6381  cost_loss: 1.3304  nu_loss: 12.0251
Step:   760000  |  score: 108.57 ± 30.77  |  actor_loss: -5.6840  cost_loss: 1.3309  nu_loss: 12.1058
Step:   770000  |  score: 99.53 ± 40.51  |  actor_loss: -5.7957  cost_loss: 1.3314  nu_loss: 12.1383
Step:   780000  |  score: 85.70 ± 41.63  |  actor_loss: -5.5724  cost_loss: 1.3314  nu_loss: 11.9731
Step:   790000  |  score: 90.30 ± 50.86  |  actor_loss: -5.2886  cost_loss: 1.3397  nu_loss: 11.9395
Step:   800000  |  score: 91.20 ± 37.54  |  actor_loss: -5.7395  cost_loss: 1.3420  nu_loss: 12.2190
Step:   810000  |  score: 111.28 ± 34.69  |  actor_loss: -5.7605  cost_loss: 1.3362  nu_loss: 12.0210
Step:   820000  |  score: 109.44 ± 34.11  |  actor_loss: -6.4300  cost_loss: 1.3411  nu_loss: 12.1742
Step:   830000  |  score: 61.97 ± 54.94  |  actor_loss: -5.6598  cost_loss: 1.3311  nu_loss: 12.0547
Step:   840000  |  score: 58.28 ± 45.55  |  actor_loss: -5.8764  cost_loss: 1.3165  nu_loss: 11.9934
Step:   850000  |  score: 72.46 ± 51.52  |  actor_loss: -5.6995  cost_loss: 1.3397  nu_loss: 12.0576
Step:   860000  |  score: 114.47 ± 25.18  |  actor_loss: -5.6212  cost_loss: 1.3337  nu_loss: 12.0509
Step:   870000  |  score: 100.24 ± 42.60  |  actor_loss: -5.6141  cost_loss: 1.3284  nu_loss: 12.0325
Step:   880000  |  score: 103.85 ± 32.08  |  actor_loss: -5.8064  cost_loss: 1.3291  nu_loss: 12.0317
Step:   890000  |  score: 107.50 ± 25.05  |  actor_loss: -5.8305  cost_loss: 1.3352  nu_loss: 12.2168
Step:   900000  |  score: 97.52 ± 33.52  |  actor_loss: -5.3430  cost_loss: 1.3330  nu_loss: 11.9816
Step:   910000  |  score: 88.49 ± 44.62  |  actor_loss: -5.8741  cost_loss: 1.3290  nu_loss: 12.1309
Step:   920000  |  score: 103.99 ± 35.90  |  actor_loss: -6.1553  cost_loss: 1.3281  nu_loss: 12.1012
Step:   930000  |  score: 105.77 ± 36.44  |  actor_loss: -5.4453  cost_loss: 1.3462  nu_loss: 12.1474
Step:   940000  |  score: 97.45 ± 36.04  |  actor_loss: -5.8272  cost_loss: 1.3253  nu_loss: 12.1421
Step:   950000  |  score: 71.12 ± 40.04  |  actor_loss: -5.7872  cost_loss: 1.3270  nu_loss: 12.1473
Step:   960000  |  score: 101.39 ± 28.27  |  actor_loss: -6.0096  cost_loss: 1.3322  nu_loss: 12.0126
Step:   970000  |  score: 103.83 ± 45.17  |  actor_loss: -5.5657  cost_loss: 1.3315  nu_loss: 12.0114
Step:   980000  |  score: 97.01 ± 54.04  |  actor_loss: -5.5272  cost_loss: 1.3276  nu_loss: 12.0798
Step:   990000  |  score: 100.95 ± 32.32  |  actor_loss: -5.6700  cost_loss: 1.3359  nu_loss: 12.0078
Step:  1000000  |  score: 87.31 ± 42.67  |  actor_loss: -5.5976  cost_loss: 1.3243  nu_loss: 12.0754
Step:  1010000  |  score: 105.63 ± 30.06  |  actor_loss: -6.0703  cost_loss: 1.3370  nu_loss: 12.0587
Step:  1020000  |  score: 100.91 ± 40.11  |  actor_loss: -6.1590  cost_loss: 1.3374  nu_loss: 12.0654
Step:  1030000  |  score: 100.72 ± 33.99  |  actor_loss: -6.2055  cost_loss: 1.3343  nu_loss: 12.0396
Step:  1040000  |  score: 90.18 ± 47.96  |  actor_loss: -6.0311  cost_loss: 1.3334  nu_loss: 11.9722
Step:  1050000  |  score: 80.59 ± 54.58  |  actor_loss: -6.1332  cost_loss: 1.3458  nu_loss: 11.9171
Step:  1060000  |  score: 73.75 ± 54.84  |  actor_loss: -6.1859  cost_loss: 1.3236  nu_loss: 12.0572
Step:  1070000  |  score: 80.10 ± 45.60  |  actor_loss: -5.6995  cost_loss: 1.3413  nu_loss: 11.9403
Step:  1080000  |  score: 87.28 ± 58.36  |  actor_loss: -5.9272  cost_loss: 1.3370  nu_loss: 12.1424
Step:  1090000  |  score: 85.28 ± 58.06  |  actor_loss: -6.0200  cost_loss: 1.3194  nu_loss: 11.8698
Step:  1100000  |  score: 104.82 ± 28.37  |  actor_loss: -6.0531  cost_loss: 1.3463  nu_loss: 12.0548
Step:  1110000  |  score: 88.29 ± 41.36  |  actor_loss: -6.2250  cost_loss: 1.3357  nu_loss: 12.0070
Step:  1120000  |  score: 113.30 ± 24.47  |  actor_loss: -6.0443  cost_loss: 1.3325  nu_loss: 11.9903
Step:  1130000  |  score: 121.14 ± 14.93  |  actor_loss: -6.5018  cost_loss: 1.3104  nu_loss: 12.3114
Step:  1140000  |  score: 96.29 ± 43.56  |  actor_loss: -6.1764  cost_loss: 1.3203  nu_loss: 12.0782
Step:  1150000  |  score: 98.68 ± 41.58  |  actor_loss: -5.7169  cost_loss: 1.3226  nu_loss: 12.0567
Step:  1160000  |  score: 112.03 ± 34.85  |  actor_loss: -5.6981  cost_loss: 1.3264  nu_loss: 11.9788
Step:  1170000  |  score: 94.23 ± 35.95  |  actor_loss: -5.9650  cost_loss: 1.3170  nu_loss: 12.0112
Step:  1180000  |  score: 89.59 ± 39.55  |  actor_loss: -6.2967  cost_loss: 1.3197  nu_loss: 11.8594
Step:  1190000  |  score: 105.93 ± 34.79  |  actor_loss: -5.7371  cost_loss: 1.3405  nu_loss: 12.0614
Step:  1200000  |  score: 74.46 ± 46.15  |  actor_loss: -5.7287  cost_loss: 1.3314  nu_loss: 12.0554
Step:  1210000  |  score: 107.27 ± 36.10  |  actor_loss: -5.9004  cost_loss: 1.3384  nu_loss: 12.1674
Step:  1220000  |  score: 71.45 ± 53.92  |  actor_loss: -5.8529  cost_loss: 1.3335  nu_loss: 11.9900
Step:  1230000  |  score: 115.44 ± 27.64  |  actor_loss: -5.5587  cost_loss: 1.3206  nu_loss: 11.9615
Step:  1240000  |  score: 93.75 ± 40.77  |  actor_loss: -5.8906  cost_loss: 1.3463  nu_loss: 12.0775
Step:  1250000  |  score: 74.80 ± 36.08  |  actor_loss: -5.5946  cost_loss: 1.3193  nu_loss: 11.9847
Step:  1260000  |  score: 96.91 ± 40.68  |  actor_loss: -6.2965  cost_loss: 1.3360  nu_loss: 12.1160
Step:  1270000  |  score: 107.90 ± 29.01  |  actor_loss: -5.8215  cost_loss: 1.3274  nu_loss: 12.3126
Step:  1280000  |  score: 83.46 ± 50.14  |  actor_loss: -5.7712  cost_loss: 1.3239  nu_loss: 12.0995
Step:  1290000  |  score: 65.65 ± 58.71  |  actor_loss: -6.1736  cost_loss: 1.3320  nu_loss: 11.9642
Step:  1300000  |  score: 105.74 ± 27.00  |  actor_loss: -5.4614  cost_loss: 1.3430  nu_loss: 11.9894
Step:  1310000  |  score: 88.45 ± 52.65  |  actor_loss: -5.6785  cost_loss: 1.3189  nu_loss: 12.0451
Step:  1320000  |  score: 89.63 ± 48.86  |  actor_loss: -5.7564  cost_loss: 1.3231  nu_loss: 12.1087
Step:  1330000  |  score: 95.64 ± 48.66  |  actor_loss: -5.9704  cost_loss: 1.3346  nu_loss: 11.9635
Step:  1340000  |  score: 116.29 ± 16.23  |  actor_loss: -5.8633  cost_loss: 1.3452  nu_loss: 12.1041
Step:  1350000  |  score: 105.82 ± 35.21  |  actor_loss: -6.3664  cost_loss: 1.3304  nu_loss: 12.1403
Step:  1360000  |  score: 104.85 ± 35.66  |  actor_loss: -5.9111  cost_loss: 1.3304  nu_loss: 12.0281
Step:  1370000  |  score: 79.90 ± 50.31  |  actor_loss: -6.2258  cost_loss: 1.3232  nu_loss: 12.1495
Step:  1380000  |  score: 104.70 ± 36.96  |  actor_loss: -6.1502  cost_loss: 1.3273  nu_loss: 12.1293
Step:  1390000  |  score: 114.03 ± 40.65  |  actor_loss: -6.3432  cost_loss: 1.3249  nu_loss: 12.1485
Step:  1400000  |  score: 113.63 ± 34.25  |  actor_loss: -6.2759  cost_loss: 1.3463  nu_loss: 12.1942
Step:  1410000  |  score: 47.19 ± 35.20  |  actor_loss: -5.5721  cost_loss: 1.3280  nu_loss: 11.8421
Step:  1420000  |  score: 74.14 ± 50.85  |  actor_loss: -6.1518  cost_loss: 1.3248  nu_loss: 12.0704
Step:  1430000  |  score: 93.25 ± 36.55  |  actor_loss: -6.1371  cost_loss: 1.3379  nu_loss: 12.1840
Step:  1440000  |  score: 107.22 ± 38.38  |  actor_loss: -5.8741  cost_loss: 1.3187  nu_loss: 12.0679
Step:  1450000  |  score: 93.55 ± 38.49  |  actor_loss: -5.9637  cost_loss: 1.3231  nu_loss: 12.0194
Step:  1460000  |  score: 90.95 ± 40.42  |  actor_loss: -5.9450  cost_loss: 1.3337  nu_loss: 12.0423
Step:  1470000  |  score: 88.18 ± 47.06  |  actor_loss: -5.6902  cost_loss: 1.3352  nu_loss: 12.0005
Step:  1480000  |  score: 112.93 ± 20.64  |  actor_loss: -5.6964  cost_loss: 1.3381  nu_loss: 11.9820
Step:  1490000  |  score: 99.55 ± 38.86  |  actor_loss: -6.0721  cost_loss: 1.3328  nu_loss: 11.9678
Step:  1500000  |  score: 91.60 ± 48.26  |  actor_loss: -6.3277  cost_loss: 1.3350  nu_loss: 11.8542
Step:  1510000  |  score: 104.11 ± 27.46  |  actor_loss: -6.0640  cost_loss: 1.3369  nu_loss: 12.0480
Step:  1520000  |  score: 97.60 ± 29.22  |  actor_loss: -5.9414  cost_loss: 1.3374  nu_loss: 12.2310
Step:  1530000  |  score: 115.17 ± 26.03  |  actor_loss: -6.2767  cost_loss: 1.3225  nu_loss: 12.2129
Step:  1540000  |  score: 92.39 ± 46.67  |  actor_loss: -5.8151  cost_loss: 1.3366  nu_loss: 11.9668
Step:  1550000  |  score: 92.24 ± 46.96  |  actor_loss: -5.8434  cost_loss: 1.3346  nu_loss: 12.1028
Step:  1560000  |  score: 108.96 ± 24.28  |  actor_loss: -5.9089  cost_loss: 1.3177  nu_loss: 12.0016
Step:  1570000  |  score: 88.60 ± 42.82  |  actor_loss: -6.4831  cost_loss: 1.3385  nu_loss: 12.1198
Step:  1580000  |  score: 100.73 ± 47.64  |  actor_loss: -5.8864  cost_loss: 1.3356  nu_loss: 12.0556
Step:  1590000  |  score: 113.22 ± 21.16  |  actor_loss: -6.3037  cost_loss: 1.3431  nu_loss: 12.1189
Step:  1600000  |  score: 116.49 ± 18.98  |  actor_loss: -6.4973  cost_loss: 1.3360  nu_loss: 12.0739
Step:  1610000  |  score: 129.49 ± 3.78  |  actor_loss: -5.7856  cost_loss: 1.3204  nu_loss: 11.9567
Step:  1620000  |  score: 99.31 ± 39.45  |  actor_loss: -5.9674  cost_loss: 1.3241  nu_loss: 12.1297
Step:  1630000  |  score: 105.92 ± 32.35  |  actor_loss: -5.7453  cost_loss: 1.3226  nu_loss: 11.9540
Step:  1640000  |  score: 101.03 ± 25.80  |  actor_loss: -5.9048  cost_loss: 1.3419  nu_loss: 12.2128
Step:  1650000  |  score: 90.23 ± 45.24  |  actor_loss: -5.7248  cost_loss: 1.3224  nu_loss: 11.9936
Step:  1660000  |  score: 85.50 ± 50.86  |  actor_loss: -6.2902  cost_loss: 1.3359  nu_loss: 12.0434
Step:  1670000  |  score: 97.79 ± 45.83  |  actor_loss: -6.3690  cost_loss: 1.3328  nu_loss: 12.0543
Step:  1680000  |  score: 107.99 ± 34.67  |  actor_loss: -5.6923  cost_loss: 1.3317  nu_loss: 12.0712
Step:  1690000  |  score: 81.47 ± 43.18  |  actor_loss: -6.4115  cost_loss: 1.3297  nu_loss: 12.0105
Step:  1700000  |  score: 112.44 ± 31.99  |  actor_loss: -6.1546  cost_loss: 1.3375  nu_loss: 12.0249
Step:  1710000  |  score: 85.73 ± 52.43  |  actor_loss: -6.1428  cost_loss: 1.3291  nu_loss: 12.0040
Step:  1720000  |  score: 94.68 ± 55.97  |  actor_loss: -6.2795  cost_loss: 1.3313  nu_loss: 12.0300
Step:  1730000  |  score: 109.31 ± 53.43  |  actor_loss: -5.9171  cost_loss: 1.3241  nu_loss: 12.0473
Step:  1740000  |  score: 115.65 ± 27.86  |  actor_loss: -5.8460  cost_loss: 1.3321  nu_loss: 11.9222
Step:  1750000  |  score: 109.54 ± 33.49  |  actor_loss: -6.0875  cost_loss: 1.3304  nu_loss: 12.0393
Step:  1760000  |  score: 128.62 ± 6.75  |  actor_loss: -6.4174  cost_loss: 1.3151  nu_loss: 12.0580
Step:  1770000  |  score: 102.42 ± 40.80  |  actor_loss: -6.2373  cost_loss: 1.3418  nu_loss: 12.0181
Step:  1780000  |  score: 94.63 ± 42.06  |  actor_loss: -6.3015  cost_loss: 1.3342  nu_loss: 12.0459
Step:  1790000  |  score: 100.11 ± 49.93  |  actor_loss: -6.4267  cost_loss: 1.3358  nu_loss: 12.0479
Step:  1800000  |  score: 118.01 ± 14.25  |  actor_loss: -5.8831  cost_loss: 1.3186  nu_loss: 12.0397
Step:  1810000  |  score: 122.81 ± 10.85  |  actor_loss: -6.0451  cost_loss: 1.3262  nu_loss: 11.9744
Step:  1820000  |  score: 115.69 ± 37.28  |  actor_loss: -6.5165  cost_loss: 1.3429  nu_loss: 12.1473
Step:  1830000  |  score: 84.55 ± 48.07  |  actor_loss: -5.8910  cost_loss: 1.3373  nu_loss: 11.9809
Step:  1840000  |  score: 98.85 ± 40.26  |  actor_loss: -6.3448  cost_loss: 1.3211  nu_loss: 12.2524
Step:  1850000  |  score: 94.66 ± 39.73  |  actor_loss: -6.0115  cost_loss: 1.3333  nu_loss: 12.0406
Step:  1860000  |  score: 106.85 ± 30.95  |  actor_loss: -6.2903  cost_loss: 1.3218  nu_loss: 12.0126
Step:  1870000  |  score: 90.32 ± 50.88  |  actor_loss: -6.5414  cost_loss: 1.3283  nu_loss: 12.1768
Step:  1880000  |  score: 94.24 ± 50.26  |  actor_loss: -6.1703  cost_loss: 1.3397  nu_loss: 12.0918
Step:  1890000  |  score: 93.36 ± 53.32  |  actor_loss: -6.1598  cost_loss: 1.3227  nu_loss: 11.9274
Step:  1900000  |  score: 103.79 ± 34.01  |  actor_loss: -6.3078  cost_loss: 1.3354  nu_loss: 12.0541
Step:  1910000  |  score: 85.27 ± 58.66  |  actor_loss: -5.8646  cost_loss: 1.3291  nu_loss: 12.0550
Step:  1920000  |  score: 115.83 ± 17.14  |  actor_loss: -6.2878  cost_loss: 1.3277  nu_loss: 12.0763
Step:  1930000  |  score: 103.21 ± 49.66  |  actor_loss: -6.2938  cost_loss: 1.3449  nu_loss: 12.0894
Step:  1940000  |  score: 95.57 ± 40.68  |  actor_loss: -5.9205  cost_loss: 1.3239  nu_loss: 12.1456
Step:  1950000  |  score: 90.11 ± 44.08  |  actor_loss: -6.1871  cost_loss: 1.3420  nu_loss: 12.0213
Step:  1960000  |  score: 118.43 ± 20.14  |  actor_loss: -6.1424  cost_loss: 1.3216  nu_loss: 12.1436
Step:  1970000  |  score: 115.74 ± 17.42  |  actor_loss: -5.8549  cost_loss: 1.3344  nu_loss: 12.0023
Step:  1980000  |  score: 104.27 ± 41.34  |  actor_loss: -5.6891  cost_loss: 1.3368  nu_loss: 12.0990
Step:  1990000  |  score: 111.88 ± 43.76  |  actor_loss: -6.3203  cost_loss: 1.3431  nu_loss: 12.0537
Step:  2000000  |  score: 102.29 ± 49.25  |  actor_loss: -6.0575  cost_loss: 1.3200  nu_loss: 11.9632
Final evaluation (13 iterations)...
Final score: 107.22 ± 39.03
wandb: WARNING Symlinked 1 file into the W&B run directory; call wandb.save again to sync new files.
wandb: updating run metadata
wandb: uploading wandb-summary.json; uploading config.yaml; uploading final_returns/demodice_ant-expert-v2_2026-03-19_05-35-41.npz; uploading output.log
wandb: uploading summary, console lines 214-215
wandb: 
wandb: Run history:
wandb:  actor_loss █▆▆▄▄▂▄▂▄▄▂▂▃▃▃▂▂▃▃▃▂▂▂▃▂▃▃▂▁▂▂▂▂▁▁▃▃▁▁▂
wandb:   cost_loss █▁▁▁▁▁▁▁▁▁▁▁▁▁▁▁▁▁▁▁▁▁▁▁▁▁▁▁▁▁▁▁▁▁▁▁▁▁▁▁
wandb:     nu_loss ▅█▇▆▄▄█▅▅▄▃▄▅▆▇▂▄▅▄▄▄▇█▁▅▅▅▃█▅▅▂▄▅▅▄▃▅▆▄
wandb: num_updates ▁▁▁▁▂▂▂▂▂▃▃▃▃▄▄▄▄▄▄▅▅▅▅▅▅▅▆▆▆▆▆▇▇▇▇▇████
wandb:      return ▂▁▂▄▄▃▅▅▇▄▇█▅█▇▇▆▃▇▅▇▄▇█▂▆▆▇▇▅▆▅█▇▆█▆▇█▇
wandb:       score ▁▃▄▅▃▅▆▅▆▇▇▆▇▄▇▅▆▆▅▇▄▅▆▆▇▆▆▅▆▆█▆▅▅▇█▇▆▆▆
wandb:   score_std ▆▇▇▄▆▆▇▇▅▃▅▇▅▆▆▅▇▇▆▅▅▆█▃▅▅▇▆▇▄▇▄▃▁▆█▁▆▇▇
wandb: 
wandb: Run summary:
wandb:  actor_loss -6.05748
wandb:   cost_loss 1.32
wandb:     nu_loss 11.96322
wandb: num_updates 2000000
wandb:      return 3976.07233
wandb:       score 102.29169
wandb:   score_std 49.2512
wandb: 
wandb: 🚀 View run demodice_ant_M2_s0 at: https://wandb.ai/wsk208/DemoDICE/runs/kan88zos
wandb: ⭐️ View project at: https://wandb.ai/wsk208/DemoDICE
wandb: Synced 5 W&B file(s), 0 media file(s), 0 artifact file(s) and 1 other file(s)
wandb: Find logs at: ./wandb/run-20260319_050236-kan88zos/logs
