Warning: All of online environments libraries in D4RL have been moved ]8;;https://github.com/Farama-Foundation/Gymnasium\Gymnasium]8;;\, ]8;;https://github.com/Farama-Foundation/MiniGrid\MiniGrid]8;;\ and ]8;;https://github.com/Farama-Foundation/Gymnasium-Robotics\Gymnasium-Robotics]8;;\, and all offline datasets in D4RL have been moved to ]8;;https://github.com/Farama-Foundation/Minari\Minari]8;;\.
These new versions include large bug fixes, new versions of Python, and are where all new development will continue. Please upgrade these libraries as soon as you're able to do so.
If you'd like to read more about the story behind this switch, please check out ]8;;https://farama.org/Announcing-Minari\this blog post]8;;\.
Gym has been unmaintained since 2022 and does not support NumPy 2.0 amongst other critical functionality.
Please upgrade to Gymnasium, the maintained drop-in replacement of Gym, or contact the authors of your software and request that they upgrade.
See the migration guide at https://gymnasium.farama.org/introduction/migration_guide/ for additional information.
/opt/venv/lib/python3.10/site-packages/Cython/Distutils/old_build_ext.py:15: DeprecationWarning: dep_util is Deprecated. Use functions from setuptools instead.
  from distutils.dep_util import newer, newer_group
<frozen importlib._bootstrap>:283: DeprecationWarning: the load_module() method is deprecated and slated for removal in Python 3.12; use exec_module() instead
pybullet build time: Jan 29 2025 23:16:28
wandb: [wandb.login()] Loaded credentials for https://api.wandb.ai from /root/.netrc.
wandb: Currently logged in as: wsk208 to https://api.wandb.ai. Use `wandb login --relogin` to force relogin
/opt/venv/lib/python3.10/site-packages/wandb/analytics/sentry.py:268: DeprecationWarning: Read the `app_url` setting from the appropriate Settings object.
  app_url = wandb.util.app_url(tags["base_url"])  # type: ignore[index]
/opt/venv/lib/python3.10/site-packages/wandb/analytics/sentry.py:279: DeprecationWarning: The `Scope.user` setter is deprecated in favor of `Scope.set_user()`.
  self.scope.user = {"email": email}
wandb: setting up run cfe5kbms
/opt/venv/lib/python3.10/site-packages/wandb/analytics/sentry.py:268: DeprecationWarning: Read the `app_url` setting from the appropriate Settings object.
  app_url = wandb.util.app_url(tags["base_url"])  # type: ignore[index]
/opt/venv/lib/python3.10/site-packages/wandb/analytics/sentry.py:279: DeprecationWarning: The `Scope.user` setter is deprecated in favor of `Scope.set_user()`.
  self.scope.user = {"email": email}
wandb: Tracking run with wandb version 0.25.1
wandb: Run data is saved locally in /app/wandb/run-20260318_150618-cfe5kbms
wandb: Run `wandb offline` to turn off syncing.
wandb: Syncing run demodice_walker2d_M2_s4
wandb: ⭐️ View project at https://wandb.ai/wsk208/DemoDICE
wandb: 🚀 View run at https://wandb.ai/wsk208/DemoDICE/runs/cfe5kbms
/opt/venv/lib/python3.10/site-packages/gym/spaces/box.py:84: UserWarning: [33mWARN: Box bound precision lowered by casting to float32[0m
  logger.warn(f"Box bound precision lowered by casting to {self.dtype}")
load datafile:   0%|          | 0/21 [00:00<?, ?it/s]load datafile:   5%|▍         | 1/21 [00:00<00:03,  5.84it/s]load datafile:  14%|█▍        | 3/21 [00:00<00:03,  5.27it/s]load datafile:  19%|█▉        | 4/21 [00:00<00:04,  4.03it/s]load datafile:  81%|████████  | 17/21 [00:01<00:00, 15.76it/s]load datafile:  90%|█████████ | 19/21 [00:01<00:00, 10.99it/s]load datafile: 100%|██████████| 21/21 [00:01<00:00, 11.34it/s]
Expert  :  999000 transitions  (walker2d-expert-v2, 400 traj)
load datafile:   0%|          | 0/9 [00:00<?, ?it/s]load datafile:  11%|█         | 1/9 [00:00<00:01,  6.27it/s]load datafile:  33%|███▎      | 3/9 [00:00<00:01,  5.43it/s]load datafile:  44%|████▍     | 4/9 [00:00<00:01,  4.10it/s]load datafile:  56%|█████▌    | 5/9 [00:01<00:01,  3.23it/s]load datafile:  67%|██████▋   | 6/9 [00:01<00:01,  2.83it/s]load datafile: 100%|██████████| 9/9 [00:01<00:00,  4.95it/s]
Imperfect:    8083 transitions  (walker2d-random-v2, 400 traj)
Union   : 1007083 transitions total
/root/.local/share/uv/python/cpython-3.10-linux-x86_64-gnu/lib/python3.10/multiprocessing/popen_fork.py:66: RuntimeWarning: os.fork() was called. os.fork() is incompatible with multithreaded code, and JAX is multithreaded, so this will likely lead to a deadlock.
  self.pid = os.fork()
/opt/venv/lib/python3.10/site-packages/tensorflow_probability/python/internal/backend/jax/ops.py:681: DeprecationWarning: jax.interpreters.xla.pytype_aval_mappings is deprecated.
  jax.interpreters.xla.pytype_aval_mappings[onp.ndarray])
/opt/venv/lib/python3.10/site-packages/gym/spaces/box.py:84: UserWarning: [33mWARN: Box bound precision lowered by casting to float32[0m
  logger.warn(f"Box bound precision lowered by casting to {self.dtype}")
Step:    10000  |  score: 10.87 ± 6.38  |  actor_loss: -3.3314  cost_loss: 1.3790  nu_loss: 11.6316
Step:    20000  |  score: 11.95 ± 6.14  |  actor_loss: -3.9712  cost_loss: 1.3795  nu_loss: 11.3699
Step:    30000  |  score: 34.26 ± 15.60  |  actor_loss: -3.9597  cost_loss: 1.3767  nu_loss: 11.0988
Step:    40000  |  score: 34.11 ± 27.76  |  actor_loss: -3.6552  cost_loss: 1.3768  nu_loss: 11.1964
Step:    50000  |  score: 29.77 ± 11.41  |  actor_loss: -4.0354  cost_loss: 1.3811  nu_loss: 10.9992
Step:    60000  |  score: 26.07 ± 21.34  |  actor_loss: -4.0261  cost_loss: 1.3755  nu_loss: 11.1414
Step:    70000  |  score: 25.62 ± 17.98  |  actor_loss: -4.3499  cost_loss: 1.3821  nu_loss: 10.9917
Step:    80000  |  score: 67.45 ± 30.40  |  actor_loss: -3.9492  cost_loss: 1.3796  nu_loss: 11.2310
Step:    90000  |  score: 65.65 ± 32.97  |  actor_loss: -4.1677  cost_loss: 1.3805  nu_loss: 10.9684
Step:   100000  |  score: 54.40 ± 32.72  |  actor_loss: -3.8885  cost_loss: 1.3764  nu_loss: 11.2054
Step:   110000  |  score: 60.79 ± 41.84  |  actor_loss: -3.8884  cost_loss: 1.3714  nu_loss: 11.2235
Step:   120000  |  score: 86.44 ± 24.37  |  actor_loss: -4.5595  cost_loss: 1.3820  nu_loss: 11.0763
Step:   130000  |  score: 71.11 ± 16.58  |  actor_loss: -3.6674  cost_loss: 1.3781  nu_loss: 10.9934
Step:   140000  |  score: 61.56 ± 32.56  |  actor_loss: -3.4396  cost_loss: 1.3767  nu_loss: 11.3187
Step:   150000  |  score: 75.01 ± 24.59  |  actor_loss: -3.9404  cost_loss: 1.3739  nu_loss: 10.9803
Step:   160000  |  score: 84.96 ± 34.68  |  actor_loss: -3.4508  cost_loss: 1.3772  nu_loss: 11.2193
Step:   170000  |  score: 79.05 ± 26.60  |  actor_loss: -3.8102  cost_loss: 1.3802  nu_loss: 10.8594
Step:   180000  |  score: 59.89 ± 22.56  |  actor_loss: -4.1944  cost_loss: 1.3784  nu_loss: 10.9048
Step:   190000  |  score: 93.85 ± 23.15  |  actor_loss: -4.2180  cost_loss: 1.3744  nu_loss: 11.1302
Step:   200000  |  score: 87.32 ± 36.10  |  actor_loss: -3.6420  cost_loss: 1.3761  nu_loss: 10.9621
Step:   210000  |  score: 60.51 ± 40.31  |  actor_loss: -3.8811  cost_loss: 1.3779  nu_loss: 11.0949
Step:   220000  |  score: 100.56 ± 13.13  |  actor_loss: -3.4727  cost_loss: 1.3728  nu_loss: 11.1264
Step:   230000  |  score: 107.03 ± 0.70  |  actor_loss: -4.4820  cost_loss: 1.3818  nu_loss: 10.7971
Step:   240000  |  score: 79.20 ± 40.13  |  actor_loss: -4.1849  cost_loss: 1.3799  nu_loss: 10.5959
Step:   250000  |  score: 97.11 ± 14.09  |  actor_loss: -3.9635  cost_loss: 1.3814  nu_loss: 10.9463
Step:   260000  |  score: 103.92 ± 6.52  |  actor_loss: -3.4644  cost_loss: 1.3774  nu_loss: 11.0521
Step:   270000  |  score: 105.92 ± 1.25  |  actor_loss: -4.3522  cost_loss: 1.3819  nu_loss: 11.0943
Step:   280000  |  score: 79.11 ± 38.51  |  actor_loss: -4.0327  cost_loss: 1.3786  nu_loss: 10.9383
Step:   290000  |  score: 85.86 ± 34.95  |  actor_loss: -3.9001  cost_loss: 1.3754  nu_loss: 10.8815
Step:   300000  |  score: 89.79 ± 31.26  |  actor_loss: -3.7488  cost_loss: 1.3769  nu_loss: 10.7343
Step:   310000  |  score: 95.04 ± 30.30  |  actor_loss: -4.0586  cost_loss: 1.3766  nu_loss: 10.7439
Step:   320000  |  score: 84.07 ± 39.46  |  actor_loss: -4.2780  cost_loss: 1.3781  nu_loss: 10.7394
Step:   330000  |  score: 99.09 ± 14.61  |  actor_loss: -4.1770  cost_loss: 1.3795  nu_loss: 10.7239
Step:   340000  |  score: 93.43 ± 21.05  |  actor_loss: -3.7143  cost_loss: 1.3767  nu_loss: 10.7294
Step:   350000  |  score: 76.57 ± 34.56  |  actor_loss: -3.8845  cost_loss: 1.3788  nu_loss: 10.8189
Step:   360000  |  score: 94.91 ± 31.58  |  actor_loss: -4.2860  cost_loss: 1.3835  nu_loss: 10.5853
Step:   370000  |  score: 106.67 ± 2.63  |  actor_loss: -4.2734  cost_loss: 1.3742  nu_loss: 10.8258
Step:   380000  |  score: 95.56 ± 28.11  |  actor_loss: -3.5108  cost_loss: 1.3769  nu_loss: 10.7478
Step:   390000  |  score: 106.65 ± 1.13  |  actor_loss: -3.9833  cost_loss: 1.3749  nu_loss: 10.6567
Step:   400000  |  score: 103.36 ± 8.60  |  actor_loss: -4.4810  cost_loss: 1.3799  nu_loss: 10.5723
Step:   410000  |  score: 94.33 ± 31.29  |  actor_loss: -3.5326  cost_loss: 1.3787  nu_loss: 10.7835
Step:   420000  |  score: 106.71 ± 1.20  |  actor_loss: -3.9833  cost_loss: 1.3766  nu_loss: 10.7758
Step:   430000  |  score: 107.08 ± 0.74  |  actor_loss: -3.9558  cost_loss: 1.3805  nu_loss: 10.7773
Step:   440000  |  score: 95.59 ± 29.90  |  actor_loss: -3.6451  cost_loss: 1.3773  nu_loss: 10.6721
Step:   450000  |  score: 105.25 ± 5.21  |  actor_loss: -3.4178  cost_loss: 1.3738  nu_loss: 10.7718
Step:   460000  |  score: 96.20 ± 27.54  |  actor_loss: -4.0443  cost_loss: 1.3745  nu_loss: 10.7359
Step:   470000  |  score: 107.29 ± 0.80  |  actor_loss: -4.5096  cost_loss: 1.3747  nu_loss: 10.9514
Step:   480000  |  score: 107.07 ± 1.11  |  actor_loss: -4.0691  cost_loss: 1.3746  nu_loss: 10.9292
Step:   490000  |  score: 95.46 ± 20.43  |  actor_loss: -4.1128  cost_loss: 1.3786  nu_loss: 10.9659
Step:   500000  |  score: 106.78 ± 1.34  |  actor_loss: -4.1376  cost_loss: 1.3795  nu_loss: 10.6451
Step:   510000  |  score: 88.69 ± 29.48  |  actor_loss: -4.5970  cost_loss: 1.3782  nu_loss: 10.8794
Step:   520000  |  score: 106.90 ± 0.50  |  actor_loss: -3.9117  cost_loss: 1.3768  nu_loss: 10.9004
Step:   530000  |  score: 102.01 ± 13.89  |  actor_loss: -4.7273  cost_loss: 1.3774  nu_loss: 10.8100
Step:   540000  |  score: 86.28 ± 36.46  |  actor_loss: -4.1832  cost_loss: 1.3755  nu_loss: 10.7729
Step:   550000  |  score: 97.00 ± 28.11  |  actor_loss: -3.9202  cost_loss: 1.3760  nu_loss: 10.6474
Step:   560000  |  score: 104.12 ± 7.64  |  actor_loss: -3.7196  cost_loss: 1.3751  nu_loss: 11.0142
Step:   570000  |  score: 106.86 ± 1.26  |  actor_loss: -4.5162  cost_loss: 1.3735  nu_loss: 10.9343
Step:   580000  |  score: 89.57 ± 30.55  |  actor_loss: -4.2598  cost_loss: 1.3760  nu_loss: 10.9242
Step:   590000  |  score: 105.60 ± 3.77  |  actor_loss: -3.8727  cost_loss: 1.3790  nu_loss: 10.7155
Step:   600000  |  score: 96.83 ± 28.63  |  actor_loss: -3.9601  cost_loss: 1.3726  nu_loss: 10.7869
Step:   610000  |  score: 97.28 ± 26.30  |  actor_loss: -4.2260  cost_loss: 1.3798  nu_loss: 10.7462
Step:   620000  |  score: 97.00 ± 27.67  |  actor_loss: -3.9952  cost_loss: 1.3724  nu_loss: 10.8249
Step:   630000  |  score: 107.38 ± 1.06  |  actor_loss: -4.1536  cost_loss: 1.3787  nu_loss: 11.0832
Step:   640000  |  score: 106.56 ± 1.03  |  actor_loss: -4.1488  cost_loss: 1.3810  nu_loss: 10.6342
Step:   650000  |  score: 106.83 ± 1.00  |  actor_loss: -4.3442  cost_loss: 1.3796  nu_loss: 10.9942
Step:   660000  |  score: 99.93 ± 19.62  |  actor_loss: -3.7762  cost_loss: 1.3782  nu_loss: 10.9057
Step:   670000  |  score: 85.97 ± 37.28  |  actor_loss: -4.2448  cost_loss: 1.3762  nu_loss: 10.7464
Step:   680000  |  score: 106.51 ± 1.87  |  actor_loss: -4.5594  cost_loss: 1.3804  nu_loss: 10.6449
Step:   690000  |  score: 102.34 ± 12.31  |  actor_loss: -4.0996  cost_loss: 1.3771  nu_loss: 11.0866
Step:   700000  |  score: 107.40 ± 0.68  |  actor_loss: -4.2688  cost_loss: 1.3780  nu_loss: 10.9307
Step:   710000  |  score: 106.53 ± 0.72  |  actor_loss: -4.1120  cost_loss: 1.3776  nu_loss: 11.1371
Step:   720000  |  score: 95.28 ± 28.16  |  actor_loss: -4.0022  cost_loss: 1.3776  nu_loss: 10.9704
Step:   730000  |  score: 107.05 ± 1.15  |  actor_loss: -3.7165  cost_loss: 1.3795  nu_loss: 10.8152
Step:   740000  |  score: 99.66 ± 16.97  |  actor_loss: -4.1969  cost_loss: 1.3757  nu_loss: 10.9893
Step:   750000  |  score: 105.68 ± 4.60  |  actor_loss: -4.1786  cost_loss: 1.3792  nu_loss: 10.7752
Step:   760000  |  score: 107.17 ± 0.74  |  actor_loss: -4.5290  cost_loss: 1.3767  nu_loss: 10.6644
Step:   770000  |  score: 107.13 ± 0.39  |  actor_loss: -3.7851  cost_loss: 1.3760  nu_loss: 10.9869
Step:   780000  |  score: 85.62 ± 36.45  |  actor_loss: -4.5789  cost_loss: 1.3722  nu_loss: 11.0563
Step:   790000  |  score: 92.13 ± 28.56  |  actor_loss: -4.0191  cost_loss: 1.3798  nu_loss: 11.2781
Step:   800000  |  score: 106.38 ± 0.87  |  actor_loss: -4.6233  cost_loss: 1.3782  nu_loss: 10.8525
Step:   810000  |  score: 99.12 ± 21.59  |  actor_loss: -4.3158  cost_loss: 1.3787  nu_loss: 10.9744
Step:   820000  |  score: 96.06 ± 28.57  |  actor_loss: -4.0742  cost_loss: 1.3745  nu_loss: 10.8721
Step:   830000  |  score: 96.56 ± 28.44  |  actor_loss: -3.8450  cost_loss: 1.3774  nu_loss: 10.8890
Step:   840000  |  score: 106.17 ± 1.25  |  actor_loss: -4.2261  cost_loss: 1.3789  nu_loss: 10.7166
Step:   850000  |  score: 107.35 ± 0.58  |  actor_loss: -4.3890  cost_loss: 1.3795  nu_loss: 10.9037
Step:   860000  |  score: 107.20 ± 0.75  |  actor_loss: -4.1619  cost_loss: 1.3814  nu_loss: 10.6343
Step:   870000  |  score: 106.90 ± 0.62  |  actor_loss: -4.6001  cost_loss: 1.3736  nu_loss: 10.9686
Step:   880000  |  score: 100.48 ± 17.46  |  actor_loss: -4.2292  cost_loss: 1.3790  nu_loss: 10.7813
Step:   890000  |  score: 100.96 ± 15.94  |  actor_loss: -4.1294  cost_loss: 1.3768  nu_loss: 10.9396
Step:   900000  |  score: 89.29 ± 32.25  |  actor_loss: -4.1755  cost_loss: 1.3760  nu_loss: 10.8690
Step:   910000  |  score: 106.03 ± 0.91  |  actor_loss: -4.1938  cost_loss: 1.3782  nu_loss: 10.8314
Step:   920000  |  score: 102.79 ± 12.55  |  actor_loss: -3.9625  cost_loss: 1.3753  nu_loss: 10.7543
Step:   930000  |  score: 106.68 ± 0.76  |  actor_loss: -4.1562  cost_loss: 1.3790  nu_loss: 11.1116
Step:   940000  |  score: 107.51 ± 0.67  |  actor_loss: -4.7315  cost_loss: 1.3769  nu_loss: 10.6584
Step:   950000  |  score: 107.19 ± 1.08  |  actor_loss: -4.4465  cost_loss: 1.3819  nu_loss: 10.8749
Step:   960000  |  score: 106.92 ± 1.20  |  actor_loss: -4.0710  cost_loss: 1.3789  nu_loss: 10.8261
Step:   970000  |  score: 107.12 ± 0.85  |  actor_loss: -4.6097  cost_loss: 1.3775  nu_loss: 10.7590
Step:   980000  |  score: 105.64 ± 0.57  |  actor_loss: -3.9949  cost_loss: 1.3811  nu_loss: 11.1322
Step:   990000  |  score: 107.18 ± 1.07  |  actor_loss: -3.7045  cost_loss: 1.3779  nu_loss: 10.9043
Step:  1000000  |  score: 106.93 ± 0.98  |  actor_loss: -3.9875  cost_loss: 1.3774  nu_loss: 11.0029
Step:  1010000  |  score: 107.05 ± 0.54  |  actor_loss: -4.2314  cost_loss: 1.3763  nu_loss: 10.9919
Step:  1020000  |  score: 107.34 ± 0.74  |  actor_loss: -4.0198  cost_loss: 1.3757  nu_loss: 10.6033
Step:  1030000  |  score: 107.11 ± 1.04  |  actor_loss: -4.3399  cost_loss: 1.3785  nu_loss: 10.8049
Step:  1040000  |  score: 107.64 ± 1.08  |  actor_loss: -3.9965  cost_loss: 1.3730  nu_loss: 10.7580
Step:  1050000  |  score: 104.30 ± 7.96  |  actor_loss: -4.5649  cost_loss: 1.3806  nu_loss: 10.9930
Step:  1060000  |  score: 96.16 ± 27.87  |  actor_loss: -4.1217  cost_loss: 1.3795  nu_loss: 10.7842
Step:  1070000  |  score: 107.15 ± 0.69  |  actor_loss: -4.4153  cost_loss: 1.3776  nu_loss: 10.8032
Step:  1080000  |  score: 107.20 ± 0.42  |  actor_loss: -4.3153  cost_loss: 1.3717  nu_loss: 10.6985
Step:  1090000  |  score: 97.77 ± 24.81  |  actor_loss: -4.2737  cost_loss: 1.3788  nu_loss: 10.8612
Step:  1100000  |  score: 98.66 ± 21.03  |  actor_loss: -3.9623  cost_loss: 1.3796  nu_loss: 10.9191
Step:  1110000  |  score: 96.06 ± 29.97  |  actor_loss: -3.9402  cost_loss: 1.3774  nu_loss: 10.9473
Step:  1120000  |  score: 106.25 ± 2.70  |  actor_loss: -4.6427  cost_loss: 1.3774  nu_loss: 10.8024
Step:  1130000  |  score: 106.33 ± 0.95  |  actor_loss: -4.2840  cost_loss: 1.3778  nu_loss: 10.8376
Step:  1140000  |  score: 96.33 ± 28.75  |  actor_loss: -4.3918  cost_loss: 1.3731  nu_loss: 10.9870
Step:  1150000  |  score: 106.92 ± 0.84  |  actor_loss: -4.1942  cost_loss: 1.3806  nu_loss: 10.8934
Step:  1160000  |  score: 99.12 ± 18.73  |  actor_loss: -4.2808  cost_loss: 1.3785  nu_loss: 10.9854
Step:  1170000  |  score: 95.63 ± 29.11  |  actor_loss: -4.2045  cost_loss: 1.3773  nu_loss: 10.8212
Step:  1180000  |  score: 93.74 ± 24.41  |  actor_loss: -4.1583  cost_loss: 1.3767  nu_loss: 10.8069
Step:  1190000  |  score: 96.58 ± 26.83  |  actor_loss: -4.2361  cost_loss: 1.3710  nu_loss: 10.8298
Step:  1200000  |  score: 101.42 ± 14.14  |  actor_loss: -4.1373  cost_loss: 1.3808  nu_loss: 10.9780
Step:  1210000  |  score: 106.93 ± 0.95  |  actor_loss: -4.3329  cost_loss: 1.3750  nu_loss: 10.8642
Step:  1220000  |  score: 106.51 ± 0.67  |  actor_loss: -3.9497  cost_loss: 1.3794  nu_loss: 11.0478
Step:  1230000  |  score: 106.65 ± 0.93  |  actor_loss: -4.3429  cost_loss: 1.3770  nu_loss: 10.5342
Step:  1240000  |  score: 107.11 ± 0.50  |  actor_loss: -4.1231  cost_loss: 1.3792  nu_loss: 10.6995
Step:  1250000  |  score: 107.65 ± 1.36  |  actor_loss: -4.5555  cost_loss: 1.3764  nu_loss: 10.8315
Step:  1260000  |  score: 107.26 ± 0.88  |  actor_loss: -4.4247  cost_loss: 1.3772  nu_loss: 11.1060
Step:  1270000  |  score: 107.43 ± 0.69  |  actor_loss: -4.5648  cost_loss: 1.3783  nu_loss: 10.6361
Step:  1280000  |  score: 96.04 ± 28.53  |  actor_loss: -3.9836  cost_loss: 1.3746  nu_loss: 11.1236
Step:  1290000  |  score: 106.39 ± 0.91  |  actor_loss: -4.3125  cost_loss: 1.3771  nu_loss: 10.8739
Step:  1300000  |  score: 106.98 ± 1.22  |  actor_loss: -4.1504  cost_loss: 1.3790  nu_loss: 10.7777
Step:  1310000  |  score: 106.66 ± 0.33  |  actor_loss: -4.5499  cost_loss: 1.3752  nu_loss: 10.7826
Step:  1320000  |  score: 101.72 ± 9.47  |  actor_loss: -4.3457  cost_loss: 1.3778  nu_loss: 10.7633
Step:  1330000  |  score: 73.38 ± 42.99  |  actor_loss: -4.1849  cost_loss: 1.3786  nu_loss: 10.9154
Step:  1340000  |  score: 107.41 ± 0.91  |  actor_loss: -3.8146  cost_loss: 1.3722  nu_loss: 11.2261
Step:  1350000  |  score: 86.88 ± 36.72  |  actor_loss: -4.1496  cost_loss: 1.3796  nu_loss: 10.7495
Step:  1360000  |  score: 95.96 ± 28.26  |  actor_loss: -3.4645  cost_loss: 1.3786  nu_loss: 10.9017
Step:  1370000  |  score: 107.12 ± 1.50  |  actor_loss: -4.2105  cost_loss: 1.3770  nu_loss: 10.8204
Step:  1380000  |  score: 106.74 ± 1.48  |  actor_loss: -4.2525  cost_loss: 1.3795  nu_loss: 10.7602
Step:  1390000  |  score: 106.33 ± 2.34  |  actor_loss: -4.0063  cost_loss: 1.3790  nu_loss: 11.0198
Step:  1400000  |  score: 106.96 ± 0.90  |  actor_loss: -4.1116  cost_loss: 1.3753  nu_loss: 10.6987
Step:  1410000  |  score: 106.28 ± 0.87  |  actor_loss: -4.2677  cost_loss: 1.3803  nu_loss: 10.7101
Step:  1420000  |  score: 103.93 ± 7.70  |  actor_loss: -4.1611  cost_loss: 1.3780  nu_loss: 10.7476
Step:  1430000  |  score: 106.69 ± 0.81  |  actor_loss: -4.1810  cost_loss: 1.3795  nu_loss: 10.5624
Step:  1440000  |  score: 106.92 ± 0.68  |  actor_loss: -3.7835  cost_loss: 1.3782  nu_loss: 11.1829
Step:  1450000  |  score: 106.45 ± 1.25  |  actor_loss: -4.2666  cost_loss: 1.3784  nu_loss: 10.8769
Step:  1460000  |  score: 106.87 ± 0.56  |  actor_loss: -3.7597  cost_loss: 1.3739  nu_loss: 11.2142
Step:  1470000  |  score: 97.20 ± 27.23  |  actor_loss: -4.4535  cost_loss: 1.3764  nu_loss: 10.8341
Step:  1480000  |  score: 107.19 ± 1.42  |  actor_loss: -4.2910  cost_loss: 1.3813  nu_loss: 10.9813
Step:  1490000  |  score: 107.37 ± 0.68  |  actor_loss: -3.8421  cost_loss: 1.3757  nu_loss: 10.9334
Step:  1500000  |  score: 107.18 ± 0.95  |  actor_loss: -3.9240  cost_loss: 1.3813  nu_loss: 11.0026
Step:  1510000  |  score: 107.32 ± 0.49  |  actor_loss: -4.3178  cost_loss: 1.3781  nu_loss: 10.7841
Step:  1520000  |  score: 97.10 ± 27.73  |  actor_loss: -4.2356  cost_loss: 1.3718  nu_loss: 10.9775
Step:  1530000  |  score: 101.86 ± 11.73  |  actor_loss: -3.9569  cost_loss: 1.3767  nu_loss: 10.7962
Step:  1540000  |  score: 107.12 ± 0.64  |  actor_loss: -3.7550  cost_loss: 1.3787  nu_loss: 11.0711
Step:  1550000  |  score: 107.91 ± 1.02  |  actor_loss: -3.8949  cost_loss: 1.3798  nu_loss: 10.9272
Step:  1560000  |  score: 98.70 ± 16.18  |  actor_loss: -4.1943  cost_loss: 1.3750  nu_loss: 10.8002
Step:  1570000  |  score: 107.49 ± 0.67  |  actor_loss: -4.9488  cost_loss: 1.3775  nu_loss: 10.6615
Step:  1580000  |  score: 108.18 ± 0.41  |  actor_loss: -3.9699  cost_loss: 1.3755  nu_loss: 10.9017
Step:  1590000  |  score: 107.14 ± 0.61  |  actor_loss: -4.1305  cost_loss: 1.3810  nu_loss: 10.8408
Step:  1600000  |  score: 105.45 ± 5.30  |  actor_loss: -4.4481  cost_loss: 1.3769  nu_loss: 10.5155
Step:  1610000  |  score: 105.87 ± 2.18  |  actor_loss: -4.1620  cost_loss: 1.3787  nu_loss: 10.8706
Step:  1620000  |  score: 106.80 ± 0.87  |  actor_loss: -4.3787  cost_loss: 1.3733  nu_loss: 10.8996
Step:  1630000  |  score: 96.36 ± 28.31  |  actor_loss: -4.6096  cost_loss: 1.3788  nu_loss: 11.0161
Step:  1640000  |  score: 107.66 ± 0.75  |  actor_loss: -4.5551  cost_loss: 1.3794  nu_loss: 10.4281
Step:  1650000  |  score: 107.39 ± 0.98  |  actor_loss: -4.6087  cost_loss: 1.3810  nu_loss: 10.6660
Step:  1660000  |  score: 106.85 ± 0.38  |  actor_loss: -4.3724  cost_loss: 1.3716  nu_loss: 10.6193
Step:  1670000  |  score: 106.91 ± 1.15  |  actor_loss: -4.3107  cost_loss: 1.3759  nu_loss: 10.9630
Step:  1680000  |  score: 107.53 ± 0.61  |  actor_loss: -3.8496  cost_loss: 1.3804  nu_loss: 10.7869
Step:  1690000  |  score: 107.40 ± 0.78  |  actor_loss: -4.2617  cost_loss: 1.3791  nu_loss: 10.6240
Step:  1700000  |  score: 107.54 ± 1.31  |  actor_loss: -3.8250  cost_loss: 1.3769  nu_loss: 10.7249
Step:  1710000  |  score: 107.32 ± 0.89  |  actor_loss: -4.9173  cost_loss: 1.3812  nu_loss: 10.5701
Step:  1720000  |  score: 107.52 ± 0.51  |  actor_loss: -4.0784  cost_loss: 1.3778  nu_loss: 10.9571
Step:  1730000  |  score: 96.78 ± 28.60  |  actor_loss: -4.2676  cost_loss: 1.3755  nu_loss: 10.9600
Step:  1740000  |  score: 93.80 ± 35.39  |  actor_loss: -4.2104  cost_loss: 1.3731  nu_loss: 10.7875
Step:  1750000  |  score: 95.18 ± 31.21  |  actor_loss: -3.7400  cost_loss: 1.3786  nu_loss: 10.6868
Step:  1760000  |  score: 96.25 ± 29.07  |  actor_loss: -4.3499  cost_loss: 1.3774  nu_loss: 10.4228
Step:  1770000  |  score: 107.88 ± 0.40  |  actor_loss: -3.7951  cost_loss: 1.3793  nu_loss: 10.9785
Step:  1780000  |  score: 105.32 ± 3.56  |  actor_loss: -4.4762  cost_loss: 1.3802  nu_loss: 10.7917
Step:  1790000  |  score: 107.38 ± 0.53  |  actor_loss: -4.0815  cost_loss: 1.3787  nu_loss: 11.0001
Step:  1800000  |  score: 96.90 ± 26.10  |  actor_loss: -4.1835  cost_loss: 1.3723  nu_loss: 10.8619
Step:  1810000  |  score: 97.58 ± 24.89  |  actor_loss: -4.4207  cost_loss: 1.3759  nu_loss: 10.6710
Step:  1820000  |  score: 106.91 ± 0.98  |  actor_loss: -4.3272  cost_loss: 1.3715  nu_loss: 10.8349
Step:  1830000  |  score: 98.98 ± 21.62  |  actor_loss: -4.3964  cost_loss: 1.3794  nu_loss: 10.8280
Step:  1840000  |  score: 100.57 ± 12.10  |  actor_loss: -4.3590  cost_loss: 1.3771  nu_loss: 10.6987
Step:  1850000  |  score: 107.13 ± 1.25  |  actor_loss: -3.8436  cost_loss: 1.3717  nu_loss: 10.6881
Step:  1860000  |  score: 106.68 ± 1.03  |  actor_loss: -4.5530  cost_loss: 1.3811  nu_loss: 10.8406
Step:  1870000  |  score: 99.23 ± 19.11  |  actor_loss: -4.0971  cost_loss: 1.3718  nu_loss: 10.8586
Step:  1880000  |  score: 107.51 ± 1.02  |  actor_loss: -4.1263  cost_loss: 1.3717  nu_loss: 10.4223
Step:  1890000  |  score: 96.61 ± 27.94  |  actor_loss: -3.9587  cost_loss: 1.3747  nu_loss: 10.8855
Step:  1900000  |  score: 107.36 ± 0.86  |  actor_loss: -4.1291  cost_loss: 1.3792  nu_loss: 10.8166
Step:  1910000  |  score: 107.10 ± 0.81  |  actor_loss: -4.4891  cost_loss: 1.3800  nu_loss: 10.8834
Step:  1920000  |  score: 106.87 ± 0.87  |  actor_loss: -4.3621  cost_loss: 1.3759  nu_loss: 11.1867
Step:  1930000  |  score: 106.95 ± 1.15  |  actor_loss: -4.0133  cost_loss: 1.3744  nu_loss: 10.8774
Step:  1940000  |  score: 107.31 ± 0.60  |  actor_loss: -3.7071  cost_loss: 1.3783  nu_loss: 11.0574
Step:  1950000  |  score: 100.79 ± 16.25  |  actor_loss: -4.1864  cost_loss: 1.3760  nu_loss: 10.7944
Step:  1960000  |  score: 99.45 ± 15.53  |  actor_loss: -4.2594  cost_loss: 1.3740  nu_loss: 11.0084
Step:  1970000  |  score: 106.98 ± 0.52  |  actor_loss: -4.4079  cost_loss: 1.3777  nu_loss: 10.8161
Step:  1980000  |  score: 106.73 ± 1.45  |  actor_loss: -4.1110  cost_loss: 1.3801  nu_loss: 10.7776
Step:  1990000  |  score: 106.75 ± 0.80  |  actor_loss: -4.3836  cost_loss: 1.3724  nu_loss: 10.8296
Step:  2000000  |  score: 96.05 ± 30.83  |  actor_loss: -4.5306  cost_loss: 1.3773  nu_loss: 10.8419
Final evaluation (13 iterations)...
Final score: 101.61 ± 21.58
wandb: WARNING Symlinked 1 file into the W&B run directory; call wandb.save again to sync new files.
wandb: uploading data; updating run metadata
wandb: uploading data
wandb: uploading data; uploading final_returns/demodice_walker2d-expert-v2_2026-03-18_15-34-20.npz; uploading output.log; uploading wandb-summary.json; uploading config.yaml
wandb: uploading data; uploading final_returns/demodice_walker2d-expert-v2_2026-03-18_15-34-20.npz; uploading output.log; uploading wandb-summary.json
wandb: uploading data
wandb: uploading history steps 199-199, summary, console lines 212-213
wandb: uploading summary, console lines 214-215
wandb: 
wandb: Run history:
wandb:  actor_loss ▅▇▆▇█▆▅▄▄▂▅▁▇▂▄▄▄▅▂▄▃▄▄▃▄▃▅▅▄▄▄▄▇▆▃▆▅▅▃▂
wandb:   cost_loss ▅█▄▆▆▇▇▃▇▄▂▇▄▆██▅▄▁▆▅█▅▄▁▇▆▆▄▆▄▆▁▇▆▄▁▅▆▅
wandb:     nu_loss █▇▇▅▇▄▄▂▃▄▄▃▆▅▆▄▆▅▄▄▄▄▄▄▆▄▇▅▄▃▁▅▂▅▄▄▃▄▄▅
wandb: num_updates ▁▁▁▁▁▂▂▂▂▃▃▃▃▃▃▄▄▄▄▅▅▅▅▅▅▆▆▆▆▆▆▆▇▇▇▇████
wandb:      return ▁▆▅▄▆█▆▆▇▇█▇██████▇█████▇████████▇▇██▇▇█
wandb:       score ▁▅▆▁▇▆▅▆▆▆▆█▆█▇█▇███▆▇█▇▆███████▆██▇█▇▇▆
wandb:   score_std ▄▆▅█▆▅▇▇▂▁█▂▆▆▁█▁▁▇▃▁▁▁▁▆▁▁▂▁▁▁▁▁▁▁▆▃▁▁▁
wandb: 
wandb: Run summary:
wandb:  actor_loss -4.53061
wandb:   cost_loss 1.37727
wandb:     nu_loss 10.84188
wandb: num_updates 2000000
wandb:      return 4411.01979
wandb:       score 96.05112
wandb:   score_std 30.83491
wandb: 
wandb: 🚀 View run demodice_walker2d_M2_s4 at: https://wandb.ai/wsk208/DemoDICE/runs/cfe5kbms
wandb: ⭐️ View project at: https://wandb.ai/wsk208/DemoDICE
wandb: Synced 5 W&B file(s), 0 media file(s), 0 artifact file(s) and 1 other file(s)
wandb: Find logs at: ./wandb/run-20260318_150618-cfe5kbms/logs
