Warning: All of online environments libraries in D4RL have been moved ]8;;https://github.com/Farama-Foundation/Gymnasium\Gymnasium]8;;\, ]8;;https://github.com/Farama-Foundation/MiniGrid\MiniGrid]8;;\ and ]8;;https://github.com/Farama-Foundation/Gymnasium-Robotics\Gymnasium-Robotics]8;;\, and all offline datasets in D4RL have been moved to ]8;;https://github.com/Farama-Foundation/Minari\Minari]8;;\.
These new versions include large bug fixes, new versions of Python, and are where all new development will continue. Please upgrade these libraries as soon as you're able to do so.
If you'd like to read more about the story behind this switch, please check out ]8;;https://farama.org/Announcing-Minari\this blog post]8;;\.
Gym has been unmaintained since 2022 and does not support NumPy 2.0 amongst other critical functionality.
Please upgrade to Gymnasium, the maintained drop-in replacement of Gym, or contact the authors of your software and request that they upgrade.
See the migration guide at https://gymnasium.farama.org/introduction/migration_guide/ for additional information.
/opt/venv/lib/python3.10/site-packages/Cython/Distutils/old_build_ext.py:15: DeprecationWarning: dep_util is Deprecated. Use functions from setuptools instead.
  from distutils.dep_util import newer, newer_group
<frozen importlib._bootstrap>:283: DeprecationWarning: the load_module() method is deprecated and slated for removal in Python 3.12; use exec_module() instead
pybullet build time: Jan 29 2025 23:16:28
wandb: [wandb.login()] Loaded credentials for https://api.wandb.ai from /root/.netrc.
wandb: Currently logged in as: wsk208 to https://api.wandb.ai. Use `wandb login --relogin` to force relogin
/opt/venv/lib/python3.10/site-packages/wandb/analytics/sentry.py:268: DeprecationWarning: Read the `app_url` setting from the appropriate Settings object.
  app_url = wandb.util.app_url(tags["base_url"])  # type: ignore[index]
/opt/venv/lib/python3.10/site-packages/wandb/analytics/sentry.py:279: DeprecationWarning: The `Scope.user` setter is deprecated in favor of `Scope.set_user()`.
  self.scope.user = {"email": email}
wandb: setting up run unyomm48
/opt/venv/lib/python3.10/site-packages/wandb/analytics/sentry.py:268: DeprecationWarning: Read the `app_url` setting from the appropriate Settings object.
  app_url = wandb.util.app_url(tags["base_url"])  # type: ignore[index]
/opt/venv/lib/python3.10/site-packages/wandb/analytics/sentry.py:279: DeprecationWarning: The `Scope.user` setter is deprecated in favor of `Scope.set_user()`.
  self.scope.user = {"email": email}
wandb: Tracking run with wandb version 0.25.1
wandb: Run data is saved locally in /app/wandb/run-20260319_060910-unyomm48
wandb: Run `wandb offline` to turn off syncing.
wandb: Syncing run demodice_ant_M3_s2
wandb: ⭐️ View project at https://wandb.ai/wsk208/DemoDICE
wandb: 🚀 View run at https://wandb.ai/wsk208/DemoDICE/runs/unyomm48
/opt/venv/lib/python3.10/site-packages/gym/spaces/box.py:84: UserWarning: [33mWARN: Box bound precision lowered by casting to float32[0m
  logger.warn(f"Box bound precision lowered by casting to {self.dtype}")
load datafile:   0%|          | 0/21 [00:00<?, ?it/s]load datafile:   5%|▍         | 1/21 [00:00<00:04,  4.54it/s]load datafile:  14%|█▍        | 3/21 [00:00<00:05,  3.24it/s]load datafile:  19%|█▉        | 4/21 [00:01<00:06,  2.50it/s]load datafile:  81%|████████  | 17/21 [00:03<00:00,  5.40it/s]load datafile:  86%|████████▌ | 18/21 [00:05<00:01,  2.96it/s]load datafile: 100%|██████████| 21/21 [00:05<00:00,  3.87it/s]
Expert  :  999036 transitions  (ant-expert-v2, 400 traj)
load datafile:   0%|          | 0/9 [00:00<?, ?it/s]load datafile:  11%|█         | 1/9 [00:00<00:01,  4.99it/s]load datafile:  33%|███▎      | 3/9 [00:00<00:01,  3.40it/s]load datafile:  44%|████▍     | 4/9 [00:01<00:01,  2.57it/s]load datafile:  56%|█████▌    | 5/9 [00:03<00:03,  1.11it/s]load datafile:  67%|██████▋   | 6/9 [00:05<00:03,  1.25s/it]load datafile: 100%|██████████| 9/9 [00:05<00:00,  1.67it/s]
Imperfect:  304551 transitions  (ant-random-v2, 1600 traj)
Union   : 1303587 transitions total
/root/.local/share/uv/python/cpython-3.10-linux-x86_64-gnu/lib/python3.10/multiprocessing/popen_fork.py:66: RuntimeWarning: os.fork() was called. os.fork() is incompatible with multithreaded code, and JAX is multithreaded, so this will likely lead to a deadlock.
  self.pid = os.fork()
/opt/venv/lib/python3.10/site-packages/tensorflow_probability/python/internal/backend/jax/ops.py:681: DeprecationWarning: jax.interpreters.xla.pytype_aval_mappings is deprecated.
  jax.interpreters.xla.pytype_aval_mappings[onp.ndarray])
/opt/venv/lib/python3.10/site-packages/gym/spaces/box.py:84: UserWarning: [33mWARN: Box bound precision lowered by casting to float32[0m
  logger.warn(f"Box bound precision lowered by casting to {self.dtype}")
Step:    10000  |  score: 5.36 ± 4.05  |  actor_loss: -0.7961  cost_loss: 2.6468  nu_loss: 12.4356
Step:    20000  |  score: 4.33 ± 6.40  |  actor_loss: -1.6168  cost_loss: 1.3549  nu_loss: 12.4639
Step:    30000  |  score: 5.32 ± 5.54  |  actor_loss: -1.8613  cost_loss: 1.3027  nu_loss: 12.3001
Step:    40000  |  score: 11.40 ± 5.85  |  actor_loss: -3.0755  cost_loss: 1.2242  nu_loss: 12.0444
Step:    50000  |  score: 33.79 ± 31.62  |  actor_loss: -3.4464  cost_loss: 1.2066  nu_loss: 12.0413
Step:    60000  |  score: 31.18 ± 22.46  |  actor_loss: -4.4159  cost_loss: 1.2265  nu_loss: 11.9974
Step:    70000  |  score: 32.75 ± 19.94  |  actor_loss: -4.0863  cost_loss: 1.2224  nu_loss: 12.0073
Step:    80000  |  score: 46.52 ± 45.67  |  actor_loss: -4.6183  cost_loss: 1.2178  nu_loss: 12.0290
Step:    90000  |  score: 61.99 ± 37.68  |  actor_loss: -4.4084  cost_loss: 1.2109  nu_loss: 12.0359
Step:   100000  |  score: 55.54 ± 42.08  |  actor_loss: -4.4438  cost_loss: 1.2420  nu_loss: 12.0391
Step:   110000  |  score: 46.45 ± 45.08  |  actor_loss: -4.3983  cost_loss: 1.2190  nu_loss: 11.9111
Step:   120000  |  score: 50.60 ± 42.20  |  actor_loss: -4.8216  cost_loss: 1.2211  nu_loss: 12.0049
Step:   130000  |  score: 63.04 ± 36.59  |  actor_loss: -4.8027  cost_loss: 1.2215  nu_loss: 11.9350
Step:   140000  |  score: 55.38 ± 41.59  |  actor_loss: -4.5249  cost_loss: 1.1983  nu_loss: 12.0981
Step:   150000  |  score: 58.87 ± 48.87  |  actor_loss: -5.2361  cost_loss: 1.2165  nu_loss: 12.0489
Step:   160000  |  score: 82.95 ± 45.09  |  actor_loss: -4.4044  cost_loss: 1.2067  nu_loss: 11.8953
Step:   170000  |  score: 57.74 ± 47.12  |  actor_loss: -5.2578  cost_loss: 1.2463  nu_loss: 11.9868
Step:   180000  |  score: 50.14 ± 45.98  |  actor_loss: -4.8400  cost_loss: 1.2101  nu_loss: 12.0069
Step:   190000  |  score: 59.67 ± 40.42  |  actor_loss: -4.5881  cost_loss: 1.2034  nu_loss: 11.8484
Step:   200000  |  score: 76.68 ± 45.38  |  actor_loss: -5.0240  cost_loss: 1.2379  nu_loss: 11.9444
Step:   210000  |  score: 100.47 ± 42.50  |  actor_loss: -4.5754  cost_loss: 1.2056  nu_loss: 11.9075
Step:   220000  |  score: 65.90 ± 45.96  |  actor_loss: -4.8352  cost_loss: 1.2134  nu_loss: 11.8912
Step:   230000  |  score: 57.33 ± 44.24  |  actor_loss: -4.7460  cost_loss: 1.1989  nu_loss: 11.9164
Step:   240000  |  score: 61.48 ± 57.77  |  actor_loss: -4.8294  cost_loss: 1.2042  nu_loss: 11.9876
Step:   250000  |  score: 102.73 ± 36.93  |  actor_loss: -5.4730  cost_loss: 1.2238  nu_loss: 11.9388
Step:   260000  |  score: 100.59 ± 34.17  |  actor_loss: -5.0481  cost_loss: 1.2269  nu_loss: 11.9370
Step:   270000  |  score: 107.15 ± 38.15  |  actor_loss: -5.4701  cost_loss: 1.2465  nu_loss: 11.9763
Step:   280000  |  score: 109.68 ± 23.54  |  actor_loss: -4.7885  cost_loss: 1.2212  nu_loss: 11.9814
Step:   290000  |  score: 69.06 ± 52.24  |  actor_loss: -5.2468  cost_loss: 1.1983  nu_loss: 11.9105
Step:   300000  |  score: 43.22 ± 42.66  |  actor_loss: -4.8240  cost_loss: 1.2415  nu_loss: 11.9095
Step:   310000  |  score: 89.41 ± 51.14  |  actor_loss: -5.1798  cost_loss: 1.1988  nu_loss: 11.8471
Step:   320000  |  score: 96.00 ± 42.72  |  actor_loss: -5.0107  cost_loss: 1.2388  nu_loss: 12.0656
Step:   330000  |  score: 82.79 ± 42.74  |  actor_loss: -5.3923  cost_loss: 1.2215  nu_loss: 11.9378
Step:   340000  |  score: 79.53 ± 52.52  |  actor_loss: -5.8695  cost_loss: 1.2265  nu_loss: 11.9639
Step:   350000  |  score: 79.01 ± 42.62  |  actor_loss: -5.4398  cost_loss: 1.2331  nu_loss: 11.9401
Step:   360000  |  score: 69.48 ± 52.73  |  actor_loss: -4.5565  cost_loss: 1.2192  nu_loss: 11.9810
Step:   370000  |  score: 67.58 ± 55.28  |  actor_loss: -4.9753  cost_loss: 1.2079  nu_loss: 12.0020
Step:   380000  |  score: 66.79 ± 48.03  |  actor_loss: -5.4181  cost_loss: 1.2413  nu_loss: 11.9280
Step:   390000  |  score: 83.47 ± 45.55  |  actor_loss: -5.0990  cost_loss: 1.2313  nu_loss: 12.1687
Step:   400000  |  score: 60.58 ± 44.20  |  actor_loss: -5.6059  cost_loss: 1.2458  nu_loss: 11.9633
Step:   410000  |  score: 74.10 ± 64.24  |  actor_loss: -5.1739  cost_loss: 1.2417  nu_loss: 11.8754
Step:   420000  |  score: 58.90 ± 42.60  |  actor_loss: -5.3525  cost_loss: 1.2206  nu_loss: 12.0076
Step:   430000  |  score: 51.53 ± 54.91  |  actor_loss: -5.2113  cost_loss: 1.2404  nu_loss: 12.0564
Step:   440000  |  score: 72.93 ± 50.23  |  actor_loss: -5.5103  cost_loss: 1.2151  nu_loss: 12.1657
Step:   450000  |  score: 72.73 ± 56.04  |  actor_loss: -5.0199  cost_loss: 1.2260  nu_loss: 12.0411
Step:   460000  |  score: 73.39 ± 48.69  |  actor_loss: -5.6937  cost_loss: 1.2151  nu_loss: 11.9527
Step:   470000  |  score: 76.32 ± 50.32  |  actor_loss: -5.6536  cost_loss: 1.2154  nu_loss: 12.0090
Step:   480000  |  score: 102.55 ± 28.05  |  actor_loss: -5.3068  cost_loss: 1.2115  nu_loss: 11.9534
Step:   490000  |  score: 93.52 ± 37.55  |  actor_loss: -5.0983  cost_loss: 1.2328  nu_loss: 11.9332
Step:   500000  |  score: 93.96 ± 50.29  |  actor_loss: -5.4073  cost_loss: 1.2440  nu_loss: 12.1294
Step:   510000  |  score: 56.42 ± 53.63  |  actor_loss: -5.1751  cost_loss: 1.1889  nu_loss: 11.8164
Step:   520000  |  score: 70.95 ± 50.26  |  actor_loss: -5.2978  cost_loss: 1.2145  nu_loss: 11.8755
Step:   530000  |  score: 100.50 ± 26.83  |  actor_loss: -5.5943  cost_loss: 1.2252  nu_loss: 12.0843
Step:   540000  |  score: 81.28 ± 63.70  |  actor_loss: -5.4263  cost_loss: 1.2282  nu_loss: 12.0142
Step:   550000  |  score: 102.45 ± 47.42  |  actor_loss: -5.8366  cost_loss: 1.2328  nu_loss: 11.9741
Step:   560000  |  score: 84.33 ± 53.48  |  actor_loss: -5.2075  cost_loss: 1.1921  nu_loss: 11.8646
Step:   570000  |  score: 77.03 ± 40.94  |  actor_loss: -5.3594  cost_loss: 1.2219  nu_loss: 12.0776
Step:   580000  |  score: 91.23 ± 48.23  |  actor_loss: -4.9487  cost_loss: 1.2139  nu_loss: 11.8534
Step:   590000  |  score: 82.80 ± 50.06  |  actor_loss: -5.7195  cost_loss: 1.2084  nu_loss: 11.8467
Step:   600000  |  score: 54.42 ± 50.79  |  actor_loss: -5.4600  cost_loss: 1.1881  nu_loss: 11.8684
Step:   610000  |  score: 98.57 ± 41.71  |  actor_loss: -5.9594  cost_loss: 1.2296  nu_loss: 12.0311
Step:   620000  |  score: 80.41 ± 57.47  |  actor_loss: -5.5111  cost_loss: 1.2428  nu_loss: 12.0026
Step:   630000  |  score: 103.82 ± 28.84  |  actor_loss: -5.7040  cost_loss: 1.2265  nu_loss: 12.0867
Step:   640000  |  score: 76.92 ± 56.45  |  actor_loss: -5.2031  cost_loss: 1.1918  nu_loss: 11.9179
Step:   650000  |  score: 80.15 ± 57.20  |  actor_loss: -5.4016  cost_loss: 1.2022  nu_loss: 11.8582
Step:   660000  |  score: 85.96 ± 50.37  |  actor_loss: -5.3657  cost_loss: 1.2147  nu_loss: 12.1365
Step:   670000  |  score: 58.40 ± 49.85  |  actor_loss: -5.4478  cost_loss: 1.2082  nu_loss: 11.9397
Step:   680000  |  score: 101.83 ± 32.56  |  actor_loss: -5.9660  cost_loss: 1.2100  nu_loss: 12.0030
Step:   690000  |  score: 89.23 ± 50.00  |  actor_loss: -5.9554  cost_loss: 1.2167  nu_loss: 11.9867
Step:   700000  |  score: 90.76 ± 49.80  |  actor_loss: -5.7307  cost_loss: 1.2148  nu_loss: 11.9263
Step:   710000  |  score: 82.57 ± 54.69  |  actor_loss: -5.1844  cost_loss: 1.2215  nu_loss: 11.9096
Step:   720000  |  score: 70.65 ± 51.20  |  actor_loss: -5.8639  cost_loss: 1.2313  nu_loss: 11.9083
Step:   730000  |  score: 94.71 ± 42.48  |  actor_loss: -5.6006  cost_loss: 1.2573  nu_loss: 11.9388
Step:   740000  |  score: 90.06 ± 59.63  |  actor_loss: -5.7240  cost_loss: 1.2027  nu_loss: 11.8571
Step:   750000  |  score: 90.23 ± 37.35  |  actor_loss: -5.8927  cost_loss: 1.2305  nu_loss: 12.0466
Step:   760000  |  score: 73.71 ± 56.98  |  actor_loss: -5.8424  cost_loss: 1.2131  nu_loss: 12.0473
Step:   770000  |  score: 52.48 ± 38.74  |  actor_loss: -5.5699  cost_loss: 1.2088  nu_loss: 12.0040
Step:   780000  |  score: 58.33 ± 46.76  |  actor_loss: -5.6355  cost_loss: 1.2091  nu_loss: 11.8505
Step:   790000  |  score: 94.74 ± 42.75  |  actor_loss: -5.6366  cost_loss: 1.2012  nu_loss: 11.8104
Step:   800000  |  score: 67.14 ± 44.87  |  actor_loss: -5.6515  cost_loss: 1.2324  nu_loss: 11.8369
Step:   810000  |  score: 54.52 ± 44.44  |  actor_loss: -6.0880  cost_loss: 1.2150  nu_loss: 11.8607
Step:   820000  |  score: 50.32 ± 51.39  |  actor_loss: -5.4328  cost_loss: 1.2113  nu_loss: 11.9511
Step:   830000  |  score: 95.43 ± 46.75  |  actor_loss: -5.8135  cost_loss: 1.2116  nu_loss: 11.9863
Step:   840000  |  score: 79.16 ± 50.33  |  actor_loss: -6.2546  cost_loss: 1.1691  nu_loss: 11.9968
Step:   850000  |  score: 47.19 ± 51.70  |  actor_loss: -5.9351  cost_loss: 1.2210  nu_loss: 11.8394
Step:   860000  |  score: 89.00 ± 51.35  |  actor_loss: -5.2800  cost_loss: 1.2063  nu_loss: 11.8318
Step:   870000  |  score: 84.59 ± 44.42  |  actor_loss: -5.9339  cost_loss: 1.2331  nu_loss: 11.9006
Step:   880000  |  score: 86.61 ± 54.29  |  actor_loss: -5.8086  cost_loss: 1.2189  nu_loss: 11.9252
Step:   890000  |  score: 93.98 ± 39.94  |  actor_loss: -5.8803  cost_loss: 1.2111  nu_loss: 11.9018
Step:   900000  |  score: 93.40 ± 45.89  |  actor_loss: -6.3285  cost_loss: 1.2208  nu_loss: 11.9563
Step:   910000  |  score: 71.33 ± 44.67  |  actor_loss: -5.1324  cost_loss: 1.2215  nu_loss: 11.9661
Step:   920000  |  score: 46.21 ± 56.83  |  actor_loss: -5.2632  cost_loss: 1.2001  nu_loss: 11.9887
Step:   930000  |  score: 80.50 ± 49.73  |  actor_loss: -5.6394  cost_loss: 1.2289  nu_loss: 12.0279
