Warning: All of online environments libraries in D4RL have been moved ]8;;https://github.com/Farama-Foundation/Gymnasium\Gymnasium]8;;\, ]8;;https://github.com/Farama-Foundation/MiniGrid\MiniGrid]8;;\ and ]8;;https://github.com/Farama-Foundation/Gymnasium-Robotics\Gymnasium-Robotics]8;;\, and all offline datasets in D4RL have been moved to ]8;;https://github.com/Farama-Foundation/Minari\Minari]8;;\.
These new versions include large bug fixes, new versions of Python, and are where all new development will continue. Please upgrade these libraries as soon as you're able to do so.
If you'd like to read more about the story behind this switch, please check out ]8;;https://farama.org/Announcing-Minari\this blog post]8;;\.
Gym has been unmaintained since 2022 and does not support NumPy 2.0 amongst other critical functionality.
Please upgrade to Gymnasium, the maintained drop-in replacement of Gym, or contact the authors of your software and request that they upgrade.
See the migration guide at https://gymnasium.farama.org/introduction/migration_guide/ for additional information.
/opt/venv/lib/python3.10/site-packages/Cython/Distutils/old_build_ext.py:15: DeprecationWarning: dep_util is Deprecated. Use functions from setuptools instead.
  from distutils.dep_util import newer, newer_group
<frozen importlib._bootstrap>:283: DeprecationWarning: the load_module() method is deprecated and slated for removal in Python 3.12; use exec_module() instead
pybullet build time: Jan 29 2025 23:16:28
wandb: [wandb.login()] Loaded credentials for https://api.wandb.ai from /root/.netrc.
wandb: Currently logged in as: wsk208 to https://api.wandb.ai. Use `wandb login --relogin` to force relogin
/opt/venv/lib/python3.10/site-packages/wandb/analytics/sentry.py:268: DeprecationWarning: Read the `app_url` setting from the appropriate Settings object.
  app_url = wandb.util.app_url(tags["base_url"])  # type: ignore[index]
/opt/venv/lib/python3.10/site-packages/wandb/analytics/sentry.py:279: DeprecationWarning: The `Scope.user` setter is deprecated in favor of `Scope.set_user()`.
  self.scope.user = {"email": email}
wandb: setting up run 1y3p0xdp
/opt/venv/lib/python3.10/site-packages/wandb/analytics/sentry.py:268: DeprecationWarning: Read the `app_url` setting from the appropriate Settings object.
  app_url = wandb.util.app_url(tags["base_url"])  # type: ignore[index]
/opt/venv/lib/python3.10/site-packages/wandb/analytics/sentry.py:279: DeprecationWarning: The `Scope.user` setter is deprecated in favor of `Scope.set_user()`.
  self.scope.user = {"email": email}
wandb: Tracking run with wandb version 0.25.1
wandb: Run data is saved locally in /app/wandb/run-20260318_160121-1y3p0xdp
wandb: Run `wandb offline` to turn off syncing.
wandb: Syncing run demodice_walker2d_M4_s1
wandb: ⭐️ View project at https://wandb.ai/wsk208/DemoDICE
wandb: 🚀 View run at https://wandb.ai/wsk208/DemoDICE/runs/1y3p0xdp
/opt/venv/lib/python3.10/site-packages/gym/spaces/box.py:84: UserWarning: [33mWARN: Box bound precision lowered by casting to float32[0m
  logger.warn(f"Box bound precision lowered by casting to {self.dtype}")
load datafile:   0%|          | 0/21 [00:00<?, ?it/s]load datafile:   5%|▍         | 1/21 [00:00<00:03,  5.88it/s]load datafile:  14%|█▍        | 3/21 [00:00<00:03,  5.22it/s]load datafile:  19%|█▉        | 4/21 [00:00<00:04,  3.98it/s]load datafile:  81%|████████  | 17/21 [00:01<00:00, 15.57it/s]load datafile:  90%|█████████ | 19/21 [00:01<00:00, 10.88it/s]load datafile: 100%|██████████| 21/21 [00:01<00:00, 11.22it/s]
Expert  :  999000 transitions  (walker2d-expert-v2, 100 traj)
load datafile:   0%|          | 0/9 [00:00<?, ?it/s]load datafile:  11%|█         | 1/9 [00:00<00:01,  6.59it/s]load datafile:  33%|███▎      | 3/9 [00:00<00:01,  5.56it/s]load datafile:  44%|████▍     | 4/9 [00:00<00:01,  4.15it/s]load datafile:  56%|█████▌    | 5/9 [00:01<00:01,  3.23it/s]load datafile:  67%|██████▋   | 6/9 [00:01<00:01,  2.82it/s]load datafile: 100%|██████████| 9/9 [00:01<00:00,  4.96it/s]
Imperfect:   31801 transitions  (walker2d-random-v2, 1600 traj)
Union   : 1030801 transitions total
/root/.local/share/uv/python/cpython-3.10-linux-x86_64-gnu/lib/python3.10/multiprocessing/popen_fork.py:66: RuntimeWarning: os.fork() was called. os.fork() is incompatible with multithreaded code, and JAX is multithreaded, so this will likely lead to a deadlock.
  self.pid = os.fork()
/opt/venv/lib/python3.10/site-packages/tensorflow_probability/python/internal/backend/jax/ops.py:681: DeprecationWarning: jax.interpreters.xla.pytype_aval_mappings is deprecated.
  jax.interpreters.xla.pytype_aval_mappings[onp.ndarray])
/opt/venv/lib/python3.10/site-packages/gym/spaces/box.py:84: UserWarning: [33mWARN: Box bound precision lowered by casting to float32[0m
  logger.warn(f"Box bound precision lowered by casting to {self.dtype}")
Step:    10000  |  score: 7.48 ± 4.92  |  actor_loss: -3.0809  cost_loss: 1.3663  nu_loss: 11.6302
Step:    20000  |  score: 20.50 ± 13.13  |  actor_loss: -3.7786  cost_loss: 1.3612  nu_loss: 11.2776
Step:    30000  |  score: 27.51 ± 20.74  |  actor_loss: -4.0895  cost_loss: 1.3660  nu_loss: 11.2137
Step:    40000  |  score: 29.62 ± 22.49  |  actor_loss: -3.9533  cost_loss: 1.3584  nu_loss: 11.1001
Step:    50000  |  score: 45.59 ± 37.85  |  actor_loss: -3.0255  cost_loss: 1.3493  nu_loss: 11.2487
Step:    60000  |  score: 62.19 ± 23.22  |  actor_loss: -3.7245  cost_loss: 1.3682  nu_loss: 11.2655
Step:    70000  |  score: 58.64 ± 34.40  |  actor_loss: -3.9870  cost_loss: 1.3567  nu_loss: 11.2471
Step:    80000  |  score: 57.42 ± 37.10  |  actor_loss: -3.5359  cost_loss: 1.3602  nu_loss: 11.2705
Step:    90000  |  score: 46.03 ± 32.89  |  actor_loss: -4.0280  cost_loss: 1.3605  nu_loss: 11.0415
Step:   100000  |  score: 67.85 ± 42.51  |  actor_loss: -3.6947  cost_loss: 1.3647  nu_loss: 11.0729
Step:   110000  |  score: 73.29 ± 32.77  |  actor_loss: -3.8526  cost_loss: 1.3598  nu_loss: 10.9830
Step:   120000  |  score: 78.97 ± 45.62  |  actor_loss: -4.0712  cost_loss: 1.3630  nu_loss: 11.0970
Step:   130000  |  score: 68.03 ± 44.03  |  actor_loss: -3.8953  cost_loss: 1.3641  nu_loss: 10.9494
Step:   140000  |  score: 77.11 ± 32.45  |  actor_loss: -4.3841  cost_loss: 1.3749  nu_loss: 10.8346
Step:   150000  |  score: 104.37 ± 6.17  |  actor_loss: -3.6538  cost_loss: 1.3605  nu_loss: 11.0760
Step:   160000  |  score: 89.41 ± 35.28  |  actor_loss: -3.9399  cost_loss: 1.3616  nu_loss: 10.9011
Step:   170000  |  score: 86.67 ± 34.06  |  actor_loss: -3.7656  cost_loss: 1.3579  nu_loss: 10.8067
Step:   180000  |  score: 95.29 ± 16.98  |  actor_loss: -4.1890  cost_loss: 1.3579  nu_loss: 11.0549
Step:   190000  |  score: 99.08 ± 10.84  |  actor_loss: -4.2426  cost_loss: 1.3615  nu_loss: 10.8779
Step:   200000  |  score: 92.91 ± 18.67  |  actor_loss: -4.3240  cost_loss: 1.3618  nu_loss: 10.8749
Step:   210000  |  score: 95.91 ± 30.38  |  actor_loss: -3.8088  cost_loss: 1.3552  nu_loss: 10.8443
Step:   220000  |  score: 93.28 ± 35.20  |  actor_loss: -3.6586  cost_loss: 1.3621  nu_loss: 11.2480
Step:   230000  |  score: 93.71 ± 35.42  |  actor_loss: -3.9615  cost_loss: 1.3569  nu_loss: 10.8350
Step:   240000  |  score: 104.58 ± 6.37  |  actor_loss: -3.8958  cost_loss: 1.3671  nu_loss: 11.0868
Step:   250000  |  score: 96.12 ± 29.43  |  actor_loss: -3.5733  cost_loss: 1.3583  nu_loss: 10.9821
Step:   260000  |  score: 93.47 ± 35.27  |  actor_loss: -3.2936  cost_loss: 1.3592  nu_loss: 11.0736
Step:   270000  |  score: 86.19 ± 30.04  |  actor_loss: -3.9935  cost_loss: 1.3588  nu_loss: 11.1750
Step:   280000  |  score: 106.90 ± 1.31  |  actor_loss: -3.7326  cost_loss: 1.3604  nu_loss: 10.8977
Step:   290000  |  score: 92.85 ± 35.02  |  actor_loss: -3.8031  cost_loss: 1.3632  nu_loss: 11.3163
Step:   300000  |  score: 99.20 ± 20.24  |  actor_loss: -4.3656  cost_loss: 1.3660  nu_loss: 10.8751
Step:   310000  |  score: 95.05 ± 31.81  |  actor_loss: -3.9221  cost_loss: 1.3582  nu_loss: 11.0075
Step:   320000  |  score: 90.86 ± 23.40  |  actor_loss: -3.8171  cost_loss: 1.3593  nu_loss: 10.7163
Step:   330000  |  score: 107.30 ± 0.83  |  actor_loss: -4.1784  cost_loss: 1.3652  nu_loss: 10.8494
Step:   340000  |  score: 95.72 ± 24.51  |  actor_loss: -3.8026  cost_loss: 1.3615  nu_loss: 10.7486
Step:   350000  |  score: 106.85 ± 0.88  |  actor_loss: -4.2544  cost_loss: 1.3631  nu_loss: 10.8136
Step:   360000  |  score: 94.58 ± 32.19  |  actor_loss: -3.6091  cost_loss: 1.3605  nu_loss: 10.8850
Step:   370000  |  score: 105.59 ± 1.43  |  actor_loss: -4.2559  cost_loss: 1.3552  nu_loss: 10.3990
Step:   380000  |  score: 96.75 ± 17.50  |  actor_loss: -4.5233  cost_loss: 1.3555  nu_loss: 11.0045
Step:   390000  |  score: 106.78 ± 0.99  |  actor_loss: -4.0098  cost_loss: 1.3647  nu_loss: 11.1657
Step:   400000  |  score: 106.75 ± 0.76  |  actor_loss: -3.8456  cost_loss: 1.3623  nu_loss: 10.7095
Step:   410000  |  score: 106.59 ± 0.91  |  actor_loss: -4.0154  cost_loss: 1.3648  nu_loss: 10.9088
Step:   420000  |  score: 95.49 ± 32.33  |  actor_loss: -4.4748  cost_loss: 1.3573  nu_loss: 10.6480
Step:   430000  |  score: 95.42 ± 30.72  |  actor_loss: -4.0713  cost_loss: 1.3621  nu_loss: 10.5595
Step:   440000  |  score: 95.74 ± 29.53  |  actor_loss: -4.1398  cost_loss: 1.3727  nu_loss: 11.0449
Step:   450000  |  score: 106.20 ± 0.83  |  actor_loss: -3.9764  cost_loss: 1.3627  nu_loss: 11.0595
Step:   460000  |  score: 97.19 ± 26.42  |  actor_loss: -3.5794  cost_loss: 1.3546  nu_loss: 11.0210
Step:   470000  |  score: 106.45 ± 1.13  |  actor_loss: -4.0374  cost_loss: 1.3736  nu_loss: 10.8219
Step:   480000  |  score: 106.90 ± 0.76  |  actor_loss: -3.8077  cost_loss: 1.3571  nu_loss: 10.8430
Step:   490000  |  score: 86.57 ± 35.44  |  actor_loss: -3.6829  cost_loss: 1.3570  nu_loss: 11.1457
Step:   500000  |  score: 84.70 ± 38.18  |  actor_loss: -3.6239  cost_loss: 1.3632  nu_loss: 10.8037
Step:   510000  |  score: 103.46 ± 11.25  |  actor_loss: -4.0603  cost_loss: 1.3702  nu_loss: 10.9454
Step:   520000  |  score: 82.89 ± 41.76  |  actor_loss: -4.1488  cost_loss: 1.3686  nu_loss: 10.9556
Step:   530000  |  score: 107.01 ± 1.00  |  actor_loss: -3.5617  cost_loss: 1.3625  nu_loss: 10.8689
Step:   540000  |  score: 81.03 ± 33.62  |  actor_loss: -4.5276  cost_loss: 1.3604  nu_loss: 10.9150
Step:   550000  |  score: 99.85 ± 19.05  |  actor_loss: -4.2309  cost_loss: 1.3579  nu_loss: 10.9846
Step:   560000  |  score: 96.60 ± 27.94  |  actor_loss: -3.9590  cost_loss: 1.3581  nu_loss: 10.9649
Step:   570000  |  score: 86.23 ± 37.18  |  actor_loss: -4.1738  cost_loss: 1.3746  nu_loss: 10.8504
Step:   580000  |  score: 107.05 ± 0.91  |  actor_loss: -3.9335  cost_loss: 1.3574  nu_loss: 10.6892
Step:   590000  |  score: 91.73 ± 30.45  |  actor_loss: -4.0576  cost_loss: 1.3585  nu_loss: 10.6840
Step:   600000  |  score: 106.59 ± 1.30  |  actor_loss: -3.9983  cost_loss: 1.3631  nu_loss: 10.9827
Step:   610000  |  score: 84.08 ± 39.64  |  actor_loss: -4.5986  cost_loss: 1.3558  nu_loss: 10.6654
Step:   620000  |  score: 106.79 ± 1.26  |  actor_loss: -3.9548  cost_loss: 1.3702  nu_loss: 10.8089
Step:   630000  |  score: 96.55 ± 27.81  |  actor_loss: -3.8951  cost_loss: 1.3675  nu_loss: 11.0201
Step:   640000  |  score: 92.69 ± 31.11  |  actor_loss: -4.2870  cost_loss: 1.3692  nu_loss: 10.8548
Step:   650000  |  score: 93.22 ± 34.49  |  actor_loss: -4.1914  cost_loss: 1.3627  nu_loss: 11.0631
Step:   660000  |  score: 96.61 ± 27.25  |  actor_loss: -4.2883  cost_loss: 1.3612  nu_loss: 10.7424
Step:   670000  |  score: 95.16 ± 30.39  |  actor_loss: -4.2689  cost_loss: 1.3608  nu_loss: 10.8899
Step:   680000  |  score: 107.14 ± 0.68  |  actor_loss: -4.1972  cost_loss: 1.3541  nu_loss: 10.9192
Step:   690000  |  score: 87.04 ± 36.06  |  actor_loss: -4.1414  cost_loss: 1.3636  nu_loss: 10.8781
Step:   700000  |  score: 85.35 ± 38.30  |  actor_loss: -3.9842  cost_loss: 1.3647  nu_loss: 10.7803
Step:   710000  |  score: 94.87 ± 32.12  |  actor_loss: -4.1953  cost_loss: 1.3595  nu_loss: 10.6891
Step:   720000  |  score: 93.71 ± 35.44  |  actor_loss: -4.2337  cost_loss: 1.3695  nu_loss: 10.6091
Step:   730000  |  score: 107.27 ± 0.55  |  actor_loss: -3.9263  cost_loss: 1.3697  nu_loss: 10.8034
Step:   740000  |  score: 83.77 ± 40.18  |  actor_loss: -4.0892  cost_loss: 1.3602  nu_loss: 11.0793
Step:   750000  |  score: 104.38 ± 8.06  |  actor_loss: -3.8432  cost_loss: 1.3591  nu_loss: 10.9561
Step:   760000  |  score: 104.37 ± 6.56  |  actor_loss: -3.8542  cost_loss: 1.3637  nu_loss: 10.6843
Step:   770000  |  score: 108.02 ± 0.66  |  actor_loss: -4.1471  cost_loss: 1.3473  nu_loss: 10.8429
Step:   780000  |  score: 95.10 ± 30.02  |  actor_loss: -4.0828  cost_loss: 1.3616  nu_loss: 10.6938
Step:   790000  |  score: 84.27 ± 38.97  |  actor_loss: -3.6768  cost_loss: 1.3554  nu_loss: 10.8908
Step:   800000  |  score: 106.05 ± 3.99  |  actor_loss: -4.1725  cost_loss: 1.3575  nu_loss: 10.9489
Step:   810000  |  score: 107.62 ± 0.68  |  actor_loss: -4.4330  cost_loss: 1.3695  nu_loss: 10.8024
Step:   820000  |  score: 103.21 ± 9.96  |  actor_loss: -4.4121  cost_loss: 1.3650  nu_loss: 10.9059
Step:   830000  |  score: 96.23 ± 29.20  |  actor_loss: -4.1923  cost_loss: 1.3566  nu_loss: 10.6508
Step:   840000  |  score: 106.74 ± 1.07  |  actor_loss: -4.4616  cost_loss: 1.3579  nu_loss: 10.9875
Step:   850000  |  score: 106.89 ± 0.43  |  actor_loss: -4.0773  cost_loss: 1.3629  nu_loss: 10.5646
Step:   860000  |  score: 96.45 ± 28.57  |  actor_loss: -3.7763  cost_loss: 1.3635  nu_loss: 10.9872
Step:   870000  |  score: 96.17 ± 29.58  |  actor_loss: -3.8914  cost_loss: 1.3632  nu_loss: 10.8747
Step:   880000  |  score: 74.69 ± 42.10  |  actor_loss: -3.9312  cost_loss: 1.3604  nu_loss: 10.5492
Step:   890000  |  score: 99.14 ± 16.75  |  actor_loss: -4.2313  cost_loss: 1.3595  nu_loss: 11.0751
Step:   900000  |  score: 95.39 ± 31.59  |  actor_loss: -4.3364  cost_loss: 1.3525  nu_loss: 10.5658
Step:   910000  |  score: 96.70 ± 26.74  |  actor_loss: -4.4240  cost_loss: 1.3668  nu_loss: 10.8507
Step:   920000  |  score: 96.63 ± 27.84  |  actor_loss: -3.9058  cost_loss: 1.3586  nu_loss: 10.6619
Step:   930000  |  score: 97.29 ± 27.36  |  actor_loss: -3.9588  cost_loss: 1.3661  nu_loss: 10.4815
Step:   940000  |  score: 107.58 ± 0.78  |  actor_loss: -4.0453  cost_loss: 1.3620  nu_loss: 11.0151
Step:   950000  |  score: 93.83 ± 35.46  |  actor_loss: -4.3092  cost_loss: 1.3626  nu_loss: 10.9621
Step:   960000  |  score: 106.27 ± 1.22  |  actor_loss: -4.2330  cost_loss: 1.3584  nu_loss: 10.7734
Step:   970000  |  score: 94.70 ± 31.04  |  actor_loss: -4.1603  cost_loss: 1.3642  nu_loss: 10.6524
Step:   980000  |  score: 84.99 ± 37.05  |  actor_loss: -4.6444  cost_loss: 1.3698  nu_loss: 10.8604
Step:   990000  |  score: 107.07 ± 0.45  |  actor_loss: -4.1704  cost_loss: 1.3529  nu_loss: 10.5871
Step:  1000000  |  score: 101.51 ± 15.94  |  actor_loss: -4.2379  cost_loss: 1.3631  nu_loss: 11.1315
Step:  1010000  |  score: 96.49 ± 28.74  |  actor_loss: -3.8479  cost_loss: 1.3608  nu_loss: 10.6459
Step:  1020000  |  score: 93.98 ± 35.28  |  actor_loss: -4.4170  cost_loss: 1.3600  nu_loss: 10.8515
Step:  1030000  |  score: 96.32 ± 29.60  |  actor_loss: -4.1326  cost_loss: 1.3695  nu_loss: 10.7920
Step:  1040000  |  score: 95.00 ± 31.98  |  actor_loss: -3.9222  cost_loss: 1.3635  nu_loss: 10.8912
Step:  1050000  |  score: 68.35 ± 39.51  |  actor_loss: -4.1117  cost_loss: 1.3635  nu_loss: 10.7396
Step:  1060000  |  score: 107.07 ± 1.03  |  actor_loss: -4.0565  cost_loss: 1.3569  nu_loss: 10.7596
Step:  1070000  |  score: 107.03 ± 0.90  |  actor_loss: -4.3038  cost_loss: 1.3569  nu_loss: 11.0067
Step:  1080000  |  score: 96.43 ± 26.80  |  actor_loss: -4.0893  cost_loss: 1.3633  nu_loss: 11.0241
Step:  1090000  |  score: 106.96 ± 0.87  |  actor_loss: -3.8181  cost_loss: 1.3618  nu_loss: 11.0000
Step:  1100000  |  score: 107.18 ± 0.91  |  actor_loss: -4.1681  cost_loss: 1.3601  nu_loss: 10.7061
Step:  1110000  |  score: 97.67 ± 24.30  |  actor_loss: -4.3800  cost_loss: 1.3571  nu_loss: 10.7584
Step:  1120000  |  score: 107.13 ± 0.61  |  actor_loss: -4.0459  cost_loss: 1.3618  nu_loss: 10.9605
Step:  1130000  |  score: 106.98 ± 1.38  |  actor_loss: -4.1872  cost_loss: 1.3507  nu_loss: 10.6818
Step:  1140000  |  score: 97.61 ± 25.79  |  actor_loss: -4.0896  cost_loss: 1.3542  nu_loss: 10.5990
Step:  1150000  |  score: 106.96 ± 0.84  |  actor_loss: -4.1640  cost_loss: 1.3529  nu_loss: 10.7877
Step:  1160000  |  score: 82.87 ± 40.94  |  actor_loss: -4.3773  cost_loss: 1.3629  nu_loss: 10.9652
Step:  1170000  |  score: 96.75 ± 25.82  |  actor_loss: -3.8298  cost_loss: 1.3650  nu_loss: 10.7185
Step:  1180000  |  score: 82.80 ± 41.87  |  actor_loss: -4.3470  cost_loss: 1.3520  nu_loss: 10.9930
Step:  1190000  |  score: 94.01 ± 34.89  |  actor_loss: -3.9763  cost_loss: 1.3647  nu_loss: 10.8814
Step:  1200000  |  score: 106.71 ± 0.91  |  actor_loss: -3.9111  cost_loss: 1.3596  nu_loss: 10.9014
Step:  1210000  |  score: 106.26 ± 1.65  |  actor_loss: -4.0088  cost_loss: 1.3512  nu_loss: 10.8883
Step:  1220000  |  score: 107.57 ± 0.70  |  actor_loss: -3.8941  cost_loss: 1.3553  nu_loss: 10.9306
Step:  1230000  |  score: 106.66 ± 0.99  |  actor_loss: -3.9892  cost_loss: 1.3607  nu_loss: 11.1060
Step:  1240000  |  score: 91.20 ± 31.51  |  actor_loss: -4.1068  cost_loss: 1.3689  nu_loss: 10.7811
Step:  1250000  |  score: 107.36 ± 0.98  |  actor_loss: -4.5499  cost_loss: 1.3632  nu_loss: 10.8164
Step:  1260000  |  score: 94.10 ± 35.45  |  actor_loss: -4.1641  cost_loss: 1.3609  nu_loss: 10.9235
Step:  1270000  |  score: 106.51 ± 0.71  |  actor_loss: -4.4014  cost_loss: 1.3622  nu_loss: 10.8615
Step:  1280000  |  score: 107.24 ± 0.80  |  actor_loss: -3.9553  cost_loss: 1.3571  nu_loss: 10.8928
Step:  1290000  |  score: 96.96 ± 26.45  |  actor_loss: -4.2670  cost_loss: 1.3491  nu_loss: 10.6731
Step:  1300000  |  score: 94.06 ± 31.90  |  actor_loss: -3.3861  cost_loss: 1.3604  nu_loss: 10.9728
Step:  1310000  |  score: 105.68 ± 1.68  |  actor_loss: -4.2722  cost_loss: 1.3567  nu_loss: 10.7989
Step:  1320000  |  score: 105.10 ± 3.99  |  actor_loss: -3.8885  cost_loss: 1.3574  nu_loss: 10.7786
Step:  1330000  |  score: 106.89 ± 0.78  |  actor_loss: -4.7182  cost_loss: 1.3688  nu_loss: 10.6172
Step:  1340000  |  score: 95.37 ± 29.83  |  actor_loss: -3.7506  cost_loss: 1.3580  nu_loss: 10.9378
Step:  1350000  |  score: 107.02 ± 1.18  |  actor_loss: -4.2963  cost_loss: 1.3536  nu_loss: 10.7452
Step:  1360000  |  score: 94.52 ± 31.96  |  actor_loss: -4.2436  cost_loss: 1.3732  nu_loss: 10.9711
Step:  1370000  |  score: 102.84 ± 9.34  |  actor_loss: -4.0494  cost_loss: 1.3703  nu_loss: 10.6621
Step:  1380000  |  score: 106.92 ± 0.79  |  actor_loss: -4.2473  cost_loss: 1.3617  nu_loss: 10.8343
Step:  1390000  |  score: 103.77 ± 8.88  |  actor_loss: -4.1127  cost_loss: 1.3632  nu_loss: 10.8505
Step:  1400000  |  score: 106.85 ± 0.95  |  actor_loss: -3.8667  cost_loss: 1.3706  nu_loss: 10.8248
Step:  1410000  |  score: 96.39 ± 28.41  |  actor_loss: -4.5021  cost_loss: 1.3690  nu_loss: 10.8757
Step:  1420000  |  score: 93.54 ± 34.90  |  actor_loss: -3.9269  cost_loss: 1.3627  nu_loss: 10.9643
Step:  1430000  |  score: 106.48 ± 1.03  |  actor_loss: -3.8518  cost_loss: 1.3594  nu_loss: 10.9863
Step:  1440000  |  score: 107.33 ± 0.35  |  actor_loss: -4.4844  cost_loss: 1.3594  nu_loss: 10.7418
Step:  1450000  |  score: 95.54 ± 27.39  |  actor_loss: -3.8079  cost_loss: 1.3658  nu_loss: 10.7221
Step:  1460000  |  score: 107.08 ± 0.56  |  actor_loss: -4.0812  cost_loss: 1.3618  nu_loss: 10.7038
Step:  1470000  |  score: 89.96 ± 31.68  |  actor_loss: -4.0000  cost_loss: 1.3646  nu_loss: 10.9116
Step:  1480000  |  score: 97.46 ± 26.74  |  actor_loss: -3.7398  cost_loss: 1.3653  nu_loss: 10.9816
Step:  1490000  |  score: 97.96 ± 22.86  |  actor_loss: -4.6267  cost_loss: 1.3496  nu_loss: 10.6185
Step:  1500000  |  score: 79.61 ± 41.00  |  actor_loss: -4.3445  cost_loss: 1.3625  nu_loss: 10.4913
Step:  1510000  |  score: 96.09 ± 28.07  |  actor_loss: -4.2640  cost_loss: 1.3532  nu_loss: 10.5443
Step:  1520000  |  score: 97.18 ± 27.12  |  actor_loss: -3.9321  cost_loss: 1.3673  nu_loss: 11.0216
Step:  1530000  |  score: 106.88 ± 0.65  |  actor_loss: -4.3192  cost_loss: 1.3621  nu_loss: 10.7548
Step:  1540000  |  score: 107.32 ± 0.76  |  actor_loss: -4.0427  cost_loss: 1.3633  nu_loss: 10.7638
Step:  1550000  |  score: 107.01 ± 0.90  |  actor_loss: -4.2748  cost_loss: 1.3685  nu_loss: 10.7703
Step:  1560000  |  score: 106.81 ± 0.59  |  actor_loss: -3.9879  cost_loss: 1.3613  nu_loss: 11.1656
Step:  1570000  |  score: 80.67 ± 45.27  |  actor_loss: -4.2014  cost_loss: 1.3589  nu_loss: 10.6017
Step:  1580000  |  score: 93.96 ± 26.20  |  actor_loss: -3.8977  cost_loss: 1.3600  nu_loss: 10.7460
Step:  1590000  |  score: 106.88 ± 0.51  |  actor_loss: -4.2106  cost_loss: 1.3614  nu_loss: 10.8623
Step:  1600000  |  score: 98.78 ± 21.18  |  actor_loss: -4.4373  cost_loss: 1.3654  nu_loss: 11.0542
Step:  1610000  |  score: 106.97 ± 0.59  |  actor_loss: -4.3133  cost_loss: 1.3622  nu_loss: 10.9347
Step:  1620000  |  score: 107.28 ± 0.57  |  actor_loss: -4.8667  cost_loss: 1.3606  nu_loss: 10.9066
Step:  1630000  |  score: 107.50 ± 0.72  |  actor_loss: -3.9628  cost_loss: 1.3636  nu_loss: 10.8158
Step:  1640000  |  score: 81.41 ± 44.13  |  actor_loss: -4.2696  cost_loss: 1.3561  nu_loss: 10.9061
Step:  1650000  |  score: 107.10 ± 0.84  |  actor_loss: -3.8187  cost_loss: 1.3629  nu_loss: 10.8375
Step:  1660000  |  score: 106.94 ± 0.84  |  actor_loss: -4.2215  cost_loss: 1.3565  nu_loss: 10.6419
Step:  1670000  |  score: 93.71 ± 34.88  |  actor_loss: -4.1621  cost_loss: 1.3658  nu_loss: 10.7088
Step:  1680000  |  score: 107.54 ± 0.70  |  actor_loss: -4.1856  cost_loss: 1.3604  nu_loss: 10.7505
Step:  1690000  |  score: 99.61 ± 19.31  |  actor_loss: -3.9745  cost_loss: 1.3610  nu_loss: 11.0036
Step:  1700000  |  score: 95.74 ± 29.45  |  actor_loss: -3.6877  cost_loss: 1.3579  nu_loss: 10.9057
Step:  1710000  |  score: 95.15 ± 31.89  |  actor_loss: -3.9452  cost_loss: 1.3609  nu_loss: 10.7493
Step:  1720000  |  score: 106.61 ± 1.03  |  actor_loss: -3.9646  cost_loss: 1.3651  nu_loss: 10.8378
Step:  1730000  |  score: 93.92 ± 35.37  |  actor_loss: -4.1192  cost_loss: 1.3622  nu_loss: 10.8216
Step:  1740000  |  score: 106.70 ± 0.73  |  actor_loss: -4.6844  cost_loss: 1.3611  nu_loss: 10.7767
Step:  1750000  |  score: 75.38 ± 42.55  |  actor_loss: -3.7684  cost_loss: 1.3630  nu_loss: 10.8820
Step:  1760000  |  score: 94.12 ± 35.22  |  actor_loss: -3.5646  cost_loss: 1.3484  nu_loss: 10.4805
Step:  1770000  |  score: 106.64 ± 0.73  |  actor_loss: -4.4719  cost_loss: 1.3639  nu_loss: 10.6762
Step:  1780000  |  score: 107.48 ± 0.99  |  actor_loss: -3.8376  cost_loss: 1.3560  nu_loss: 10.9784
Step:  1790000  |  score: 106.98 ± 1.53  |  actor_loss: -3.9703  cost_loss: 1.3592  nu_loss: 10.7713
Step:  1800000  |  score: 106.83 ± 1.07  |  actor_loss: -4.5800  cost_loss: 1.3559  nu_loss: 10.9397
Step:  1810000  |  score: 106.78 ± 0.62  |  actor_loss: -4.7373  cost_loss: 1.3698  nu_loss: 10.8064
Step:  1820000  |  score: 93.76 ± 34.87  |  actor_loss: -4.4957  cost_loss: 1.3617  nu_loss: 11.0112
Step:  1830000  |  score: 93.06 ± 35.05  |  actor_loss: -4.0740  cost_loss: 1.3673  nu_loss: 10.4557
Step:  1840000  |  score: 94.56 ± 32.09  |  actor_loss: -4.6461  cost_loss: 1.3605  nu_loss: 10.7175
Step:  1850000  |  score: 106.83 ± 0.77  |  actor_loss: -4.7917  cost_loss: 1.3639  nu_loss: 10.8215
Step:  1860000  |  score: 107.18 ± 0.90  |  actor_loss: -3.8757  cost_loss: 1.3691  nu_loss: 11.0738
Step:  1870000  |  score: 95.23 ± 32.15  |  actor_loss: -3.9917  cost_loss: 1.3653  nu_loss: 10.9926
Step:  1880000  |  score: 93.42 ± 35.04  |  actor_loss: -4.1857  cost_loss: 1.3702  nu_loss: 10.7328
Step:  1890000  |  score: 106.99 ± 1.02  |  actor_loss: -4.0937  cost_loss: 1.3668  nu_loss: 10.8848
Step:  1900000  |  score: 106.68 ± 0.60  |  actor_loss: -3.4716  cost_loss: 1.3536  nu_loss: 10.9323
Step:  1910000  |  score: 107.24 ± 0.91  |  actor_loss: -3.9748  cost_loss: 1.3607  nu_loss: 10.6614
Step:  1920000  |  score: 103.60 ± 10.64  |  actor_loss: -3.9469  cost_loss: 1.3722  nu_loss: 10.8614
Step:  1930000  |  score: 107.55 ± 0.48  |  actor_loss: -3.6075  cost_loss: 1.3603  nu_loss: 11.2187
Step:  1940000  |  score: 93.83 ± 35.50  |  actor_loss: -4.4451  cost_loss: 1.3705  nu_loss: 10.9033
Step:  1950000  |  score: 96.33 ± 27.49  |  actor_loss: -3.9857  cost_loss: 1.3674  nu_loss: 10.8661
Step:  1960000  |  score: 107.01 ± 1.01  |  actor_loss: -4.3332  cost_loss: 1.3585  nu_loss: 10.7311
Step:  1970000  |  score: 107.68 ± 0.91  |  actor_loss: -4.1560  cost_loss: 1.3543  nu_loss: 10.7856
Step:  1980000  |  score: 97.35 ± 26.35  |  actor_loss: -3.8642  cost_loss: 1.3629  nu_loss: 10.8555
Step:  1990000  |  score: 93.89 ± 34.76  |  actor_loss: -4.2065  cost_loss: 1.3561  nu_loss: 10.9239
Step:  2000000  |  score: 106.81 ± 1.27  |  actor_loss: -4.7325  cost_loss: 1.3664  nu_loss: 10.8873
Final evaluation (13 iterations)...
Final score: 100.38 ± 24.44
wandb: WARNING Symlinked 1 file into the W&B run directory; call wandb.save again to sync new files.
wandb: uploading data; updating run metadata
wandb: uploading data
wandb: uploading data; uploading final_returns/demodice_walker2d-expert-v2_2026-03-18_16-29-07.npz; uploading output.log; uploading wandb-summary.json; uploading config.yaml
wandb: uploading data; uploading final_returns/demodice_walker2d-expert-v2_2026-03-18_16-29-07.npz; uploading output.log
wandb: uploading data
wandb: uploading summary, console lines 214-215
wandb: 
wandb: Run history:
wandb:  actor_loss ▃█▅▅▄▅▅▅▆▄▃▄▆▁▄▃▅▄▄▃▂▄▃▅▃▄▄▄▅▁▃▃▄▅▄▄▁▃▄▂
wandb:   cost_loss ▄▁▅▅▅▅▆▅▃▅▅█▄▆▅▄▅▃▃▅▂▄▄▃▃▅▁▂▂▇▅▅▁▃▄▅▃█▆▆
wandb:     nu_loss ██▅▆▆▅▁▂▆▆▄▅▆▄▅▄▆▃▆▅▆▄▃▆▄▅▅▅▄▃▃▆▄▄▅▄▅▄▃▄
wandb: num_updates ▁▁▁▁▂▂▂▂▂▃▃▃▃▃▃▃▃▃▃▃▄▄▄▄▄▅▅▅▅▅▆▆▆▆▇▇▇███
wandb:      return ▁▅▅▆▇▇▇█▇▇▇▇▆██▇▆▇▇▆█▇▇█▆█▇███▆▇▇▇█████▇
wandb:       score ▁▂▄▆▅▇▇█▇██▆▆█▇▇▇█▇▇▆█▇█▇█▇▆█▇▇▇██▇██▇██
wandb:   score_std ▂▅▇▆▄▇▆▆▅▆▁▇▇▄▇▁▁▄▆▁▆▆▅▁▅▁▂▆▁▇█▆▁▁▁▆█▇▇▅
wandb: 
wandb: Run summary:
wandb:  actor_loss -4.73251
wandb:   cost_loss 1.36637
wandb:     nu_loss 10.88726
wandb: num_updates 2000000
wandb:      return 4905.07553
wandb:       score 106.81329
wandb:   score_std 1.27038
wandb: 
wandb: 🚀 View run demodice_walker2d_M4_s1 at: https://wandb.ai/wsk208/DemoDICE/runs/1y3p0xdp
wandb: ⭐️ View project at: https://wandb.ai/wsk208/DemoDICE
wandb: Synced 5 W&B file(s), 0 media file(s), 0 artifact file(s) and 1 other file(s)
wandb: Find logs at: ./wandb/run-20260318_160121-1y3p0xdp/logs
