Warning: All of online environments libraries in D4RL have been moved ]8;;https://github.com/Farama-Foundation/Gymnasium\Gymnasium]8;;\, ]8;;https://github.com/Farama-Foundation/MiniGrid\MiniGrid]8;;\ and ]8;;https://github.com/Farama-Foundation/Gymnasium-Robotics\Gymnasium-Robotics]8;;\, and all offline datasets in D4RL have been moved to ]8;;https://github.com/Farama-Foundation/Minari\Minari]8;;\.
These new versions include large bug fixes, new versions of Python, and are where all new development will continue. Please upgrade these libraries as soon as you're able to do so.
If you'd like to read more about the story behind this switch, please check out ]8;;https://farama.org/Announcing-Minari\this blog post]8;;\.
Gym has been unmaintained since 2022 and does not support NumPy 2.0 amongst other critical functionality.
Please upgrade to Gymnasium, the maintained drop-in replacement of Gym, or contact the authors of your software and request that they upgrade.
See the migration guide at https://gymnasium.farama.org/introduction/migration_guide/ for additional information.
/opt/venv/lib/python3.10/site-packages/Cython/Distutils/old_build_ext.py:15: DeprecationWarning: dep_util is Deprecated. Use functions from setuptools instead.
  from distutils.dep_util import newer, newer_group
<frozen importlib._bootstrap>:283: DeprecationWarning: the load_module() method is deprecated and slated for removal in Python 3.12; use exec_module() instead
pybullet build time: Jan 29 2025 23:16:28
wandb: [wandb.login()] Loaded credentials for https://api.wandb.ai from /root/.netrc.
wandb: Currently logged in as: wsk208 to https://api.wandb.ai. Use `wandb login --relogin` to force relogin
/opt/venv/lib/python3.10/site-packages/wandb/analytics/sentry.py:268: DeprecationWarning: Read the `app_url` setting from the appropriate Settings object.
  app_url = wandb.util.app_url(tags["base_url"])  # type: ignore[index]
/opt/venv/lib/python3.10/site-packages/wandb/analytics/sentry.py:279: DeprecationWarning: The `Scope.user` setter is deprecated in favor of `Scope.set_user()`.
  self.scope.user = {"email": email}
wandb: setting up run i284055m
/opt/venv/lib/python3.10/site-packages/wandb/analytics/sentry.py:268: DeprecationWarning: Read the `app_url` setting from the appropriate Settings object.
  app_url = wandb.util.app_url(tags["base_url"])  # type: ignore[index]
/opt/venv/lib/python3.10/site-packages/wandb/analytics/sentry.py:279: DeprecationWarning: The `Scope.user` setter is deprecated in favor of `Scope.set_user()`.
  self.scope.user = {"email": email}
wandb: Tracking run with wandb version 0.25.1
wandb: Run data is saved locally in /app/wandb/run-20260318_142015-i284055m
wandb: Run `wandb offline` to turn off syncing.
wandb: Syncing run demodice_walker2d_M1_s2
wandb: ⭐️ View project at https://wandb.ai/wsk208/DemoDICE
wandb: 🚀 View run at https://wandb.ai/wsk208/DemoDICE/runs/i284055m
/opt/venv/lib/python3.10/site-packages/gym/spaces/box.py:84: UserWarning: [33mWARN: Box bound precision lowered by casting to float32[0m
  logger.warn(f"Box bound precision lowered by casting to {self.dtype}")
load datafile:   0%|          | 0/21 [00:00<?, ?it/s]load datafile:   5%|▍         | 1/21 [00:00<00:03,  5.76it/s]load datafile:  14%|█▍        | 3/21 [00:00<00:03,  5.23it/s]load datafile:  19%|█▉        | 4/21 [00:00<00:04,  4.00it/s]load datafile:  81%|████████  | 17/21 [00:01<00:00, 15.53it/s]load datafile:  90%|█████████ | 19/21 [00:01<00:00, 10.82it/s]load datafile: 100%|██████████| 21/21 [00:01<00:00, 11.18it/s]
Expert  :  999000 transitions  (walker2d-expert-v2, 400 traj)
load datafile:   0%|          | 0/9 [00:00<?, ?it/s]load datafile:  11%|█         | 1/9 [00:00<00:01,  6.37it/s]load datafile:  33%|███▎      | 3/9 [00:00<00:01,  5.53it/s]load datafile:  44%|████▍     | 4/9 [00:00<00:01,  4.13it/s]load datafile:  56%|█████▌    | 5/9 [00:01<00:01,  3.23it/s]load datafile:  67%|██████▋   | 6/9 [00:01<00:01,  2.80it/s]load datafile: 100%|██████████| 9/9 [00:01<00:00,  4.93it/s]
Imperfect:    2073 transitions  (walker2d-random-v2, 100 traj)
Union   : 1001073 transitions total
/root/.local/share/uv/python/cpython-3.10-linux-x86_64-gnu/lib/python3.10/multiprocessing/popen_fork.py:66: RuntimeWarning: os.fork() was called. os.fork() is incompatible with multithreaded code, and JAX is multithreaded, so this will likely lead to a deadlock.
  self.pid = os.fork()
/opt/venv/lib/python3.10/site-packages/tensorflow_probability/python/internal/backend/jax/ops.py:681: DeprecationWarning: jax.interpreters.xla.pytype_aval_mappings is deprecated.
  jax.interpreters.xla.pytype_aval_mappings[onp.ndarray])
/opt/venv/lib/python3.10/site-packages/gym/spaces/box.py:84: UserWarning: [33mWARN: Box bound precision lowered by casting to float32[0m
  logger.warn(f"Box bound precision lowered by casting to {self.dtype}")
Step:    10000  |  score: 8.07 ± 0.68  |  actor_loss: -4.0001  cost_loss: 1.3847  nu_loss: 11.4852
Step:    20000  |  score: 19.48 ± 11.81  |  actor_loss: -3.5599  cost_loss: 1.3805  nu_loss: 11.5027
Step:    30000  |  score: 30.61 ± 21.38  |  actor_loss: -3.6287  cost_loss: 1.3799  nu_loss: 11.4639
Step:    40000  |  score: 24.13 ± 16.51  |  actor_loss: -3.9958  cost_loss: 1.3794  nu_loss: 11.4188
Step:    50000  |  score: 39.67 ± 20.54  |  actor_loss: -3.5152  cost_loss: 1.3825  nu_loss: 11.2934
Step:    60000  |  score: 50.00 ± 16.39  |  actor_loss: -4.0354  cost_loss: 1.3836  nu_loss: 11.1465
Step:    70000  |  score: 50.84 ± 27.25  |  actor_loss: -4.0629  cost_loss: 1.3827  nu_loss: 11.1386
Step:    80000  |  score: 72.44 ± 35.22  |  actor_loss: -4.1183  cost_loss: 1.3814  nu_loss: 10.8478
Step:    90000  |  score: 60.13 ± 25.31  |  actor_loss: -3.3441  cost_loss: 1.3814  nu_loss: 11.2645
Step:   100000  |  score: 83.41 ± 19.80  |  actor_loss: -3.7247  cost_loss: 1.3791  nu_loss: 10.9848
Step:   110000  |  score: 85.44 ± 33.12  |  actor_loss: -4.1107  cost_loss: 1.3799  nu_loss: 11.0140
Step:   120000  |  score: 97.52 ± 13.55  |  actor_loss: -4.1175  cost_loss: 1.3822  nu_loss: 11.1102
Step:   130000  |  score: 89.61 ± 23.56  |  actor_loss: -4.3146  cost_loss: 1.3811  nu_loss: 10.8515
Step:   140000  |  score: 101.76 ± 16.10  |  actor_loss: -3.9952  cost_loss: 1.3791  nu_loss: 11.0563
Step:   150000  |  score: 100.94 ± 16.88  |  actor_loss: -4.0444  cost_loss: 1.3808  nu_loss: 10.8703
Step:   160000  |  score: 102.39 ± 13.84  |  actor_loss: -4.3937  cost_loss: 1.3823  nu_loss: 10.9935
Step:   170000  |  score: 97.16 ± 25.62  |  actor_loss: -4.2028  cost_loss: 1.3820  nu_loss: 11.0068
Step:   180000  |  score: 93.20 ± 35.07  |  actor_loss: -4.3046  cost_loss: 1.3822  nu_loss: 10.9082
Step:   190000  |  score: 106.93 ± 0.80  |  actor_loss: -4.2038  cost_loss: 1.3795  nu_loss: 11.1306
Step:   200000  |  score: 95.10 ± 28.98  |  actor_loss: -3.7782  cost_loss: 1.3786  nu_loss: 11.0341
Step:   210000  |  score: 96.93 ± 26.18  |  actor_loss: -4.1070  cost_loss: 1.3823  nu_loss: 11.1213
Step:   220000  |  score: 93.79 ± 22.23  |  actor_loss: -4.4664  cost_loss: 1.3811  nu_loss: 10.7130
Step:   230000  |  score: 106.84 ± 0.95  |  actor_loss: -3.2216  cost_loss: 1.3815  nu_loss: 10.9092
Step:   240000  |  score: 106.23 ± 1.87  |  actor_loss: -4.4353  cost_loss: 1.3817  nu_loss: 10.7705
Step:   250000  |  score: 106.61 ± 1.31  |  actor_loss: -4.1343  cost_loss: 1.3814  nu_loss: 10.7977
Step:   260000  |  score: 107.38 ± 1.53  |  actor_loss: -4.2223  cost_loss: 1.3799  nu_loss: 11.0422
Step:   270000  |  score: 106.12 ± 2.17  |  actor_loss: -4.5804  cost_loss: 1.3822  nu_loss: 11.0204
Step:   280000  |  score: 94.88 ± 31.40  |  actor_loss: -3.8766  cost_loss: 1.3813  nu_loss: 11.1112
Step:   290000  |  score: 91.42 ± 21.03  |  actor_loss: -3.9562  cost_loss: 1.3800  nu_loss: 11.0210
Step:   300000  |  score: 107.10 ± 0.81  |  actor_loss: -4.1749  cost_loss: 1.3805  nu_loss: 10.7905
Step:   310000  |  score: 96.97 ± 26.53  |  actor_loss: -3.9306  cost_loss: 1.3806  nu_loss: 10.8017
Step:   320000  |  score: 107.51 ± 0.71  |  actor_loss: -4.4928  cost_loss: 1.3810  nu_loss: 10.8028
Step:   330000  |  score: 107.19 ± 0.57  |  actor_loss: -3.9833  cost_loss: 1.3818  nu_loss: 11.1664
Step:   340000  |  score: 107.23 ± 0.73  |  actor_loss: -4.1738  cost_loss: 1.3812  nu_loss: 11.1881
Step:   350000  |  score: 107.68 ± 0.75  |  actor_loss: -4.2746  cost_loss: 1.3785  nu_loss: 10.7211
Step:   360000  |  score: 107.28 ± 1.22  |  actor_loss: -3.4671  cost_loss: 1.3799  nu_loss: 10.5613
Step:   370000  |  score: 103.20 ± 10.72  |  actor_loss: -4.0742  cost_loss: 1.3815  nu_loss: 10.7204
Step:   380000  |  score: 105.98 ± 0.67  |  actor_loss: -4.4313  cost_loss: 1.3827  nu_loss: 10.6198
Step:   390000  |  score: 107.40 ± 0.61  |  actor_loss: -4.3763  cost_loss: 1.3829  nu_loss: 10.6664
Step:   400000  |  score: 101.28 ± 14.68  |  actor_loss: -4.4124  cost_loss: 1.3806  nu_loss: 10.8952
Step:   410000  |  score: 107.27 ± 0.96  |  actor_loss: -3.8606  cost_loss: 1.3832  nu_loss: 10.9116
Step:   420000  |  score: 106.64 ± 0.96  |  actor_loss: -3.8235  cost_loss: 1.3801  nu_loss: 10.8650
Step:   430000  |  score: 107.49 ± 0.40  |  actor_loss: -4.0695  cost_loss: 1.3818  nu_loss: 10.6242
Step:   440000  |  score: 107.13 ± 0.95  |  actor_loss: -4.2236  cost_loss: 1.3810  nu_loss: 10.9803
Step:   450000  |  score: 107.16 ± 0.85  |  actor_loss: -4.3375  cost_loss: 1.3824  nu_loss: 10.8971
Step:   460000  |  score: 106.91 ± 0.96  |  actor_loss: -3.9157  cost_loss: 1.3803  nu_loss: 10.9853
Step:   470000  |  score: 99.57 ± 19.36  |  actor_loss: -3.9090  cost_loss: 1.3804  nu_loss: 10.7744
Step:   480000  |  score: 107.14 ± 0.58  |  actor_loss: -4.2662  cost_loss: 1.3804  nu_loss: 11.0811
Step:   490000  |  score: 96.20 ± 29.84  |  actor_loss: -4.0470  cost_loss: 1.3802  nu_loss: 11.0365
Step:   500000  |  score: 95.07 ± 22.27  |  actor_loss: -4.1279  cost_loss: 1.3819  nu_loss: 10.9889
Step:   510000  |  score: 104.10 ± 8.05  |  actor_loss: -4.3922  cost_loss: 1.3768  nu_loss: 10.7628
Step:   520000  |  score: 106.45 ± 1.37  |  actor_loss: -4.2180  cost_loss: 1.3831  nu_loss: 11.0147
Step:   530000  |  score: 107.51 ± 0.49  |  actor_loss: -4.1600  cost_loss: 1.3787  nu_loss: 10.9442
Step:   540000  |  score: 107.15 ± 0.89  |  actor_loss: -4.0885  cost_loss: 1.3807  nu_loss: 10.7029
Step:   550000  |  score: 106.75 ± 0.56  |  actor_loss: -4.6691  cost_loss: 1.3825  nu_loss: 10.9924
Step:   560000  |  score: 106.50 ± 0.97  |  actor_loss: -3.7107  cost_loss: 1.3830  nu_loss: 11.0092
Step:   570000  |  score: 107.53 ± 0.95  |  actor_loss: -4.1690  cost_loss: 1.3827  nu_loss: 11.1053
Step:   580000  |  score: 107.51 ± 0.59  |  actor_loss: -4.4915  cost_loss: 1.3814  nu_loss: 10.6174
Step:   590000  |  score: 102.13 ± 12.44  |  actor_loss: -4.4908  cost_loss: 1.3809  nu_loss: 10.6743
Step:   600000  |  score: 107.34 ± 0.91  |  actor_loss: -4.8333  cost_loss: 1.3798  nu_loss: 10.6621
Step:   610000  |  score: 106.66 ± 0.76  |  actor_loss: -3.7183  cost_loss: 1.3822  nu_loss: 11.0452
Step:   620000  |  score: 106.53 ± 0.68  |  actor_loss: -3.8466  cost_loss: 1.3818  nu_loss: 10.9866
Step:   630000  |  score: 106.27 ± 3.04  |  actor_loss: -4.1731  cost_loss: 1.3816  nu_loss: 10.8728
Step:   640000  |  score: 107.16 ± 0.54  |  actor_loss: -4.3233  cost_loss: 1.3819  nu_loss: 10.7411
Step:   650000  |  score: 97.30 ± 25.93  |  actor_loss: -4.0367  cost_loss: 1.3802  nu_loss: 10.7501
Step:   660000  |  score: 95.22 ± 30.68  |  actor_loss: -3.7454  cost_loss: 1.3814  nu_loss: 10.8701
Step:   670000  |  score: 106.31 ± 1.13  |  actor_loss: -3.8353  cost_loss: 1.3831  nu_loss: 10.5719
Step:   680000  |  score: 107.43 ± 0.68  |  actor_loss: -4.1762  cost_loss: 1.3809  nu_loss: 10.9361
Step:   690000  |  score: 107.16 ± 0.84  |  actor_loss: -3.9858  cost_loss: 1.3816  nu_loss: 10.8888
Step:   700000  |  score: 106.61 ± 0.92  |  actor_loss: -4.4557  cost_loss: 1.3828  nu_loss: 10.9266
Step:   710000  |  score: 107.39 ± 0.81  |  actor_loss: -4.5558  cost_loss: 1.3810  nu_loss: 10.9673
Step:   720000  |  score: 107.26 ± 0.48  |  actor_loss: -4.3421  cost_loss: 1.3794  nu_loss: 10.6664
Step:   730000  |  score: 107.09 ± 0.88  |  actor_loss: -4.4781  cost_loss: 1.3800  nu_loss: 10.9279
Step:   740000  |  score: 107.08 ± 0.84  |  actor_loss: -4.0232  cost_loss: 1.3813  nu_loss: 11.1365
Step:   750000  |  score: 107.40 ± 0.76  |  actor_loss: -3.8503  cost_loss: 1.3790  nu_loss: 10.6657
Step:   760000  |  score: 96.70 ± 26.07  |  actor_loss: -4.6623  cost_loss: 1.3826  nu_loss: 11.1104
Step:   770000  |  score: 107.67 ± 0.51  |  actor_loss: -4.6326  cost_loss: 1.3828  nu_loss: 10.7925
Step:   780000  |  score: 107.00 ± 0.57  |  actor_loss: -4.0983  cost_loss: 1.3821  nu_loss: 11.0738
Step:   790000  |  score: 106.59 ± 1.39  |  actor_loss: -4.1265  cost_loss: 1.3831  nu_loss: 10.7473
Step:   800000  |  score: 105.98 ± 3.70  |  actor_loss: -3.4934  cost_loss: 1.3816  nu_loss: 10.6946
Step:   810000  |  score: 95.73 ± 31.89  |  actor_loss: -4.0791  cost_loss: 1.3808  nu_loss: 11.0614
Step:   820000  |  score: 85.76 ± 37.39  |  actor_loss: -3.9313  cost_loss: 1.3822  nu_loss: 10.6861
Step:   830000  |  score: 107.06 ± 1.01  |  actor_loss: -4.2245  cost_loss: 1.3818  nu_loss: 10.7692
Step:   840000  |  score: 107.06 ± 1.04  |  actor_loss: -4.0318  cost_loss: 1.3800  nu_loss: 10.9146
Step:   850000  |  score: 107.53 ± 0.42  |  actor_loss: -4.3430  cost_loss: 1.3808  nu_loss: 10.6247
Step:   860000  |  score: 107.35 ± 0.75  |  actor_loss: -3.9760  cost_loss: 1.3805  nu_loss: 10.7227
Step:   870000  |  score: 106.65 ± 0.49  |  actor_loss: -3.7494  cost_loss: 1.3804  nu_loss: 10.6634
Step:   880000  |  score: 107.56 ± 0.92  |  actor_loss: -4.6092  cost_loss: 1.3826  nu_loss: 10.8727
Step:   890000  |  score: 107.08 ± 0.48  |  actor_loss: -3.9119  cost_loss: 1.3829  nu_loss: 10.7841
Step:   900000  |  score: 106.91 ± 0.86  |  actor_loss: -4.1662  cost_loss: 1.3805  nu_loss: 10.9359
Step:   910000  |  score: 107.36 ± 1.44  |  actor_loss: -4.4230  cost_loss: 1.3794  nu_loss: 10.6939
Step:   920000  |  score: 106.57 ± 0.84  |  actor_loss: -3.9633  cost_loss: 1.3831  nu_loss: 10.8697
Step:   930000  |  score: 107.62 ± 0.61  |  actor_loss: -3.9181  cost_loss: 1.3818  nu_loss: 11.0320
Step:   940000  |  score: 108.17 ± 0.80  |  actor_loss: -4.2739  cost_loss: 1.3809  nu_loss: 10.5846
Step:   950000  |  score: 95.08 ± 30.75  |  actor_loss: -3.9163  cost_loss: 1.3795  nu_loss: 10.7994
Step:   960000  |  score: 100.64 ± 17.64  |  actor_loss: -4.3555  cost_loss: 1.3822  nu_loss: 10.9790
Step:   970000  |  score: 106.54 ± 0.99  |  actor_loss: -4.2300  cost_loss: 1.3817  nu_loss: 10.7029
Step:   980000  |  score: 106.74 ± 0.67  |  actor_loss: -4.0368  cost_loss: 1.3814  nu_loss: 10.8740
Step:   990000  |  score: 98.03 ± 24.55  |  actor_loss: -3.7193  cost_loss: 1.3822  nu_loss: 10.9573
Step:  1000000  |  score: 107.01 ± 0.57  |  actor_loss: -4.1884  cost_loss: 1.3817  nu_loss: 10.9566
Step:  1010000  |  score: 106.49 ± 0.95  |  actor_loss: -3.8491  cost_loss: 1.3781  nu_loss: 11.1296
Step:  1020000  |  score: 106.50 ± 0.81  |  actor_loss: -4.3900  cost_loss: 1.3830  nu_loss: 10.8727
Step:  1030000  |  score: 107.23 ± 0.88  |  actor_loss: -4.3457  cost_loss: 1.3826  nu_loss: 10.8549
Step:  1040000  |  score: 107.99 ± 0.97  |  actor_loss: -4.0638  cost_loss: 1.3814  nu_loss: 11.3516
Step:  1050000  |  score: 106.48 ± 0.80  |  actor_loss: -4.0917  cost_loss: 1.3807  nu_loss: 10.8593
Step:  1060000  |  score: 106.81 ± 0.93  |  actor_loss: -3.9798  cost_loss: 1.3812  nu_loss: 10.7916
Step:  1070000  |  score: 107.16 ± 0.54  |  actor_loss: -4.2435  cost_loss: 1.3798  nu_loss: 10.7552
Step:  1080000  |  score: 88.35 ± 30.54  |  actor_loss: -4.4925  cost_loss: 1.3818  nu_loss: 10.8584
Step:  1090000  |  score: 106.98 ± 0.97  |  actor_loss: -4.0695  cost_loss: 1.3826  nu_loss: 10.7998
Step:  1100000  |  score: 106.65 ± 1.39  |  actor_loss: -3.8947  cost_loss: 1.3801  nu_loss: 10.9189
Step:  1110000  |  score: 106.63 ± 1.21  |  actor_loss: -4.4712  cost_loss: 1.3822  nu_loss: 10.9527
Step:  1120000  |  score: 106.91 ± 0.76  |  actor_loss: -4.0640  cost_loss: 1.3808  nu_loss: 10.9075
Step:  1130000  |  score: 96.45 ± 25.60  |  actor_loss: -4.5168  cost_loss: 1.3797  nu_loss: 11.1613
Step:  1140000  |  score: 106.32 ± 1.34  |  actor_loss: -4.4685  cost_loss: 1.3828  nu_loss: 10.7355
Step:  1150000  |  score: 106.47 ± 1.06  |  actor_loss: -3.9351  cost_loss: 1.3825  nu_loss: 10.7510
Step:  1160000  |  score: 106.62 ± 1.18  |  actor_loss: -4.0349  cost_loss: 1.3808  nu_loss: 10.8320
Step:  1170000  |  score: 106.62 ± 0.44  |  actor_loss: -4.4593  cost_loss: 1.3813  nu_loss: 10.7135
Step:  1180000  |  score: 107.23 ± 0.92  |  actor_loss: -4.5772  cost_loss: 1.3816  nu_loss: 10.5379
Step:  1190000  |  score: 107.44 ± 0.42  |  actor_loss: -4.1103  cost_loss: 1.3824  nu_loss: 10.7760
Step:  1200000  |  score: 97.22 ± 25.66  |  actor_loss: -4.8218  cost_loss: 1.3809  nu_loss: 10.7689
Step:  1210000  |  score: 95.46 ± 30.47  |  actor_loss: -4.3387  cost_loss: 1.3827  nu_loss: 10.9882
Step:  1220000  |  score: 107.50 ± 0.54  |  actor_loss: -3.9546  cost_loss: 1.3826  nu_loss: 10.9842
Step:  1230000  |  score: 107.15 ± 0.90  |  actor_loss: -3.9386  cost_loss: 1.3825  nu_loss: 10.9225
Step:  1240000  |  score: 106.78 ± 1.10  |  actor_loss: -4.5524  cost_loss: 1.3821  nu_loss: 10.8858
Step:  1250000  |  score: 107.27 ± 0.79  |  actor_loss: -3.7935  cost_loss: 1.3788  nu_loss: 10.9047
Step:  1260000  |  score: 99.24 ± 19.17  |  actor_loss: -4.3725  cost_loss: 1.3824  nu_loss: 10.7756
Step:  1270000  |  score: 106.00 ± 1.15  |  actor_loss: -4.4326  cost_loss: 1.3826  nu_loss: 10.7942
Step:  1280000  |  score: 106.49 ± 1.27  |  actor_loss: -4.0119  cost_loss: 1.3794  nu_loss: 10.3591
Step:  1290000  |  score: 106.28 ± 0.86  |  actor_loss: -3.9055  cost_loss: 1.3767  nu_loss: 10.6571
Step:  1300000  |  score: 96.33 ± 26.21  |  actor_loss: -4.5604  cost_loss: 1.3805  nu_loss: 10.8669
Step:  1310000  |  score: 107.13 ± 0.64  |  actor_loss: -4.4082  cost_loss: 1.3808  nu_loss: 10.7546
Step:  1320000  |  score: 107.44 ± 0.49  |  actor_loss: -4.4859  cost_loss: 1.3826  nu_loss: 10.9304
Step:  1330000  |  score: 106.92 ± 0.63  |  actor_loss: -4.2323  cost_loss: 1.3794  nu_loss: 10.9482
Step:  1340000  |  score: 106.53 ± 1.13  |  actor_loss: -4.4296  cost_loss: 1.3828  nu_loss: 10.8654
Step:  1350000  |  score: 106.52 ± 0.56  |  actor_loss: -4.4718  cost_loss: 1.3825  nu_loss: 11.0561
Step:  1360000  |  score: 106.60 ± 0.86  |  actor_loss: -4.1159  cost_loss: 1.3799  nu_loss: 10.7362
Step:  1370000  |  score: 107.81 ± 0.48  |  actor_loss: -4.2106  cost_loss: 1.3813  nu_loss: 11.1618
Step:  1380000  |  score: 96.04 ± 28.28  |  actor_loss: -4.4474  cost_loss: 1.3807  nu_loss: 10.9310
Step:  1390000  |  score: 106.46 ± 1.55  |  actor_loss: -4.4068  cost_loss: 1.3816  nu_loss: 10.7947
Step:  1400000  |  score: 100.32 ± 16.43  |  actor_loss: -4.0386  cost_loss: 1.3790  nu_loss: 11.2144
Step:  1410000  |  score: 107.10 ± 0.70  |  actor_loss: -3.9449  cost_loss: 1.3790  nu_loss: 10.9562
Step:  1420000  |  score: 107.66 ± 0.74  |  actor_loss: -4.4074  cost_loss: 1.3823  nu_loss: 10.7191
Step:  1430000  |  score: 107.55 ± 0.72  |  actor_loss: -3.9749  cost_loss: 1.3805  nu_loss: 10.8308
Step:  1440000  |  score: 103.95 ± 7.36  |  actor_loss: -4.6663  cost_loss: 1.3829  nu_loss: 10.9202
Step:  1450000  |  score: 107.51 ± 0.72  |  actor_loss: -4.0956  cost_loss: 1.3816  nu_loss: 10.6878
Step:  1460000  |  score: 107.44 ± 0.88  |  actor_loss: -4.5418  cost_loss: 1.3829  nu_loss: 10.5950
Step:  1470000  |  score: 106.42 ± 1.42  |  actor_loss: -4.5230  cost_loss: 1.3814  nu_loss: 10.6728
Step:  1480000  |  score: 107.34 ± 0.95  |  actor_loss: -4.4980  cost_loss: 1.3819  nu_loss: 10.7783
Step:  1490000  |  score: 107.22 ± 0.46  |  actor_loss: -4.5637  cost_loss: 1.3780  nu_loss: 10.5972
Step:  1500000  |  score: 94.42 ± 32.02  |  actor_loss: -4.3943  cost_loss: 1.3802  nu_loss: 10.6995
Step:  1510000  |  score: 95.55 ± 30.33  |  actor_loss: -4.6893  cost_loss: 1.3818  nu_loss: 10.3468
Step:  1520000  |  score: 107.45 ± 0.91  |  actor_loss: -4.0790  cost_loss: 1.3809  nu_loss: 10.9339
Step:  1530000  |  score: 107.24 ± 0.76  |  actor_loss: -4.4577  cost_loss: 1.3819  nu_loss: 10.9897
Step:  1540000  |  score: 106.79 ± 0.86  |  actor_loss: -4.2188  cost_loss: 1.3812  nu_loss: 10.7582
Step:  1550000  |  score: 107.08 ± 0.59  |  actor_loss: -4.4160  cost_loss: 1.3808  nu_loss: 10.7895
Step:  1560000  |  score: 86.98 ± 35.47  |  actor_loss: -4.3652  cost_loss: 1.3770  nu_loss: 10.9520
Step:  1570000  |  score: 106.82 ± 0.99  |  actor_loss: -4.0363  cost_loss: 1.3823  nu_loss: 10.9516
Step:  1580000  |  score: 107.23 ± 0.63  |  actor_loss: -4.1641  cost_loss: 1.3809  nu_loss: 10.6858
Step:  1590000  |  score: 107.07 ± 0.83  |  actor_loss: -4.4093  cost_loss: 1.3782  nu_loss: 10.6217
Step:  1600000  |  score: 107.73 ± 0.68  |  actor_loss: -3.7674  cost_loss: 1.3826  nu_loss: 11.0525
Step:  1610000  |  score: 107.08 ± 1.06  |  actor_loss: -4.7144  cost_loss: 1.3820  nu_loss: 10.9488
Step:  1620000  |  score: 107.16 ± 0.81  |  actor_loss: -3.6332  cost_loss: 1.3781  nu_loss: 10.9881
Step:  1630000  |  score: 107.10 ± 0.49  |  actor_loss: -4.2890  cost_loss: 1.3803  nu_loss: 10.9986
Step:  1640000  |  score: 106.09 ± 0.97  |  actor_loss: -4.5996  cost_loss: 1.3806  nu_loss: 10.6885
Step:  1650000  |  score: 99.39 ± 20.17  |  actor_loss: -4.3309  cost_loss: 1.3812  nu_loss: 11.0559
Step:  1660000  |  score: 106.59 ± 0.77  |  actor_loss: -4.3126  cost_loss: 1.3785  nu_loss: 10.6473
Step:  1670000  |  score: 95.95 ± 28.73  |  actor_loss: -4.2976  cost_loss: 1.3823  nu_loss: 10.9185
Step:  1680000  |  score: 107.73 ± 0.70  |  actor_loss: -4.3076  cost_loss: 1.3807  nu_loss: 10.7792
Step:  1690000  |  score: 106.92 ± 1.10  |  actor_loss: -4.0862  cost_loss: 1.3827  nu_loss: 11.0217
Step:  1700000  |  score: 106.92 ± 1.67  |  actor_loss: -4.0560  cost_loss: 1.3822  nu_loss: 10.5977
Step:  1710000  |  score: 108.12 ± 0.44  |  actor_loss: -4.0135  cost_loss: 1.3810  nu_loss: 10.9574
Step:  1720000  |  score: 101.71 ± 15.03  |  actor_loss: -4.0502  cost_loss: 1.3823  nu_loss: 10.6597
Step:  1730000  |  score: 107.14 ± 0.76  |  actor_loss: -4.1571  cost_loss: 1.3809  nu_loss: 10.7577
Step:  1740000  |  score: 106.70 ± 0.98  |  actor_loss: -4.4070  cost_loss: 1.3829  nu_loss: 10.6448
Step:  1750000  |  score: 107.27 ± 0.81  |  actor_loss: -4.1107  cost_loss: 1.3808  nu_loss: 10.9107
Step:  1760000  |  score: 107.12 ± 1.21  |  actor_loss: -4.6698  cost_loss: 1.3792  nu_loss: 10.9623
Step:  1770000  |  score: 106.73 ± 1.51  |  actor_loss: -3.4254  cost_loss: 1.3819  nu_loss: 11.0646
Step:  1780000  |  score: 104.81 ± 6.55  |  actor_loss: -4.6753  cost_loss: 1.3809  nu_loss: 10.6332
Step:  1790000  |  score: 106.42 ± 0.87  |  actor_loss: -4.4401  cost_loss: 1.3809  nu_loss: 11.0830
Step:  1800000  |  score: 106.97 ± 0.49  |  actor_loss: -3.8627  cost_loss: 1.3803  nu_loss: 10.8452
Step:  1810000  |  score: 106.82 ± 0.86  |  actor_loss: -4.4824  cost_loss: 1.3809  nu_loss: 11.1950
Step:  1820000  |  score: 107.67 ± 0.60  |  actor_loss: -4.6405  cost_loss: 1.3814  nu_loss: 10.6360
Step:  1830000  |  score: 106.87 ± 0.86  |  actor_loss: -4.5192  cost_loss: 1.3794  nu_loss: 10.7717
Step:  1840000  |  score: 106.90 ± 0.84  |  actor_loss: -4.0452  cost_loss: 1.3804  nu_loss: 10.6851
Step:  1850000  |  score: 106.83 ± 0.80  |  actor_loss: -4.3012  cost_loss: 1.3809  nu_loss: 10.5946
Step:  1860000  |  score: 107.27 ± 0.78  |  actor_loss: -4.1540  cost_loss: 1.3811  nu_loss: 10.9025
Step:  1870000  |  score: 107.21 ± 0.40  |  actor_loss: -4.4505  cost_loss: 1.3825  nu_loss: 10.9029
Step:  1880000  |  score: 107.21 ± 0.51  |  actor_loss: -4.0773  cost_loss: 1.3828  nu_loss: 10.6931
Step:  1890000  |  score: 107.31 ± 0.69  |  actor_loss: -4.0098  cost_loss: 1.3819  nu_loss: 10.8519
Step:  1900000  |  score: 106.88 ± 0.83  |  actor_loss: -4.3377  cost_loss: 1.3809  nu_loss: 10.7842
Step:  1910000  |  score: 106.98 ± 0.76  |  actor_loss: -4.7042  cost_loss: 1.3795  nu_loss: 11.0726
Step:  1920000  |  score: 106.98 ± 0.80  |  actor_loss: -4.1737  cost_loss: 1.3822  nu_loss: 10.9233
Step:  1930000  |  score: 81.25 ± 39.09  |  actor_loss: -4.3571  cost_loss: 1.3806  nu_loss: 10.8443
Step:  1940000  |  score: 106.56 ± 0.99  |  actor_loss: -4.1458  cost_loss: 1.3821  nu_loss: 11.2118
Step:  1950000  |  score: 107.44 ± 0.83  |  actor_loss: -4.2821  cost_loss: 1.3809  nu_loss: 11.0772
Step:  1960000  |  score: 106.05 ± 0.74  |  actor_loss: -3.7680  cost_loss: 1.3825  nu_loss: 10.9212
Step:  1970000  |  score: 106.53 ± 0.96  |  actor_loss: -4.4176  cost_loss: 1.3831  nu_loss: 11.1143
Step:  1980000  |  score: 106.27 ± 1.56  |  actor_loss: -4.2493  cost_loss: 1.3798  nu_loss: 10.6833
Step:  1990000  |  score: 106.63 ± 0.78  |  actor_loss: -4.4726  cost_loss: 1.3796  nu_loss: 10.9405
Step:  2000000  |  score: 107.06 ± 0.46  |  actor_loss: -4.0204  cost_loss: 1.3814  nu_loss: 10.7031
Final evaluation (13 iterations)...
Final score: 105.26 ± 10.52
wandb: WARNING Symlinked 1 file into the W&B run directory; call wandb.save again to sync new files.
wandb: updating run metadata
wandb: uploading final_returns/demodice_walker2d-expert-v2_2026-03-18_14-48-13.npz; uploading output.log; uploading wandb-summary.json; uploading config.yaml
wandb: uploading summary, console lines 214-215
wandb: 
wandb: Run history:
wandb:  actor_loss ▅▇█▅▆▄█▆▅▄▄▃▆▄▅▄▅▃▄▂▂▂▄▆▅▃▃▃▄▃▃▄▃▄▂▄▂▁▄▃
wandb:   cost_loss █▇▆▄▂▅▄▁▅▅▆▃▂▅▄▃▆▆▃▃▂▄▅▆▆▄▅▂▆▂▅▄▄▅▅▄▂▄▆▄
wandb:     nu_loss █▅▅▄▅▂▄▃▅▂▄▃▂▃▃▄▃▃▃▄▃▁▃▄▆▂▁▃▃▄▂▁▄▄▂▃▂▄▂▃
wandb: num_updates ▁▁▁▂▂▃▃▃▃▃▄▄▄▄▄▅▅▅▅▅▅▅▅▅▅▆▆▆▆▆▇▇▇▇▇▇▇▇██
wandb:      return ▁▅▆▇█▆▇██████████████▇█████▇█████▇██████
wandb:       score ▁▃▅▄▅▅███▅█▄████████▆███▂▅█▆█▅█▂███▇████
wandb:   score_std ▅▆▆██▅▁▁▃▁▅▅▁▁▃▁▁▁▁▁▁▁▁▁▁▁▁▁▆▁▁▄▁▁▁▁▁▁▇▁
wandb: 
wandb: Run summary:
wandb:  actor_loss -4.02039
wandb:   cost_loss 1.38138
wandb:     nu_loss 10.70309
wandb: num_updates 2000000
wandb:      return 4916.29718
wandb:       score 107.05773
wandb:   score_std 0.46442
wandb: 
wandb: 🚀 View run demodice_walker2d_M1_s2 at: https://wandb.ai/wsk208/DemoDICE/runs/i284055m
wandb: ⭐️ View project at: https://wandb.ai/wsk208/DemoDICE
wandb: Synced 5 W&B file(s), 0 media file(s), 0 artifact file(s) and 1 other file(s)
wandb: Find logs at: ./wandb/run-20260318_142015-i284055m/logs
