Warning: All of online environments libraries in D4RL have been moved ]8;;https://github.com/Farama-Foundation/Gymnasium\Gymnasium]8;;\, ]8;;https://github.com/Farama-Foundation/MiniGrid\MiniGrid]8;;\ and ]8;;https://github.com/Farama-Foundation/Gymnasium-Robotics\Gymnasium-Robotics]8;;\, and all offline datasets in D4RL have been moved to ]8;;https://github.com/Farama-Foundation/Minari\Minari]8;;\.
These new versions include large bug fixes, new versions of Python, and are where all new development will continue. Please upgrade these libraries as soon as you're able to do so.
If you'd like to read more about the story behind this switch, please check out ]8;;https://farama.org/Announcing-Minari\this blog post]8;;\.
Gym has been unmaintained since 2022 and does not support NumPy 2.0 amongst other critical functionality.
Please upgrade to Gymnasium, the maintained drop-in replacement of Gym, or contact the authors of your software and request that they upgrade.
See the migration guide at https://gymnasium.farama.org/introduction/migration_guide/ for additional information.
/opt/venv/lib/python3.10/site-packages/Cython/Distutils/old_build_ext.py:15: DeprecationWarning: dep_util is Deprecated. Use functions from setuptools instead.
  from distutils.dep_util import newer, newer_group
<frozen importlib._bootstrap>:283: DeprecationWarning: the load_module() method is deprecated and slated for removal in Python 3.12; use exec_module() instead
pybullet build time: Jan 29 2025 23:16:28
wandb: [wandb.login()] Loaded credentials for https://api.wandb.ai from /root/.netrc.
wandb: Currently logged in as: wsk208 to https://api.wandb.ai. Use `wandb login --relogin` to force relogin
/opt/venv/lib/python3.10/site-packages/wandb/analytics/sentry.py:268: DeprecationWarning: Read the `app_url` setting from the appropriate Settings object.
  app_url = wandb.util.app_url(tags["base_url"])  # type: ignore[index]
/opt/venv/lib/python3.10/site-packages/wandb/analytics/sentry.py:279: DeprecationWarning: The `Scope.user` setter is deprecated in favor of `Scope.set_user()`.
  self.scope.user = {"email": email}
wandb: setting up run or1dle4m
/opt/venv/lib/python3.10/site-packages/wandb/analytics/sentry.py:268: DeprecationWarning: Read the `app_url` setting from the appropriate Settings object.
  app_url = wandb.util.app_url(tags["base_url"])  # type: ignore[index]
/opt/venv/lib/python3.10/site-packages/wandb/analytics/sentry.py:279: DeprecationWarning: The `Scope.user` setter is deprecated in favor of `Scope.set_user()`.
  self.scope.user = {"email": email}
wandb: Tracking run with wandb version 0.25.1
wandb: Run data is saved locally in /app/wandb/run-20260318_221012-or1dle4m
wandb: Run `wandb offline` to turn off syncing.
wandb: Syncing run demodice_halfcheetah_M2_s1
wandb: ⭐️ View project at https://wandb.ai/wsk208/DemoDICE
wandb: 🚀 View run at https://wandb.ai/wsk208/DemoDICE/runs/or1dle4m
/opt/venv/lib/python3.10/site-packages/gym/spaces/box.py:84: UserWarning: [33mWARN: Box bound precision lowered by casting to float32[0m
  logger.warn(f"Box bound precision lowered by casting to {self.dtype}")
load datafile:   0%|          | 0/21 [00:00<?, ?it/s]load datafile:   5%|▍         | 1/21 [00:00<00:03,  5.67it/s]load datafile:  14%|█▍        | 3/21 [00:00<00:03,  5.22it/s]load datafile:  19%|█▉        | 4/21 [00:00<00:04,  3.97it/s]load datafile:  81%|████████  | 17/21 [00:01<00:00, 15.18it/s]load datafile:  90%|█████████ | 19/21 [00:01<00:00, 10.65it/s]load datafile: 100%|██████████| 21/21 [00:01<00:00, 11.02it/s]
Expert  :  999000 transitions  (halfcheetah-expert-v2, 400 traj)
load datafile:   0%|          | 0/9 [00:00<?, ?it/s]load datafile:  11%|█         | 1/9 [00:00<00:01,  6.00it/s]load datafile:  33%|███▎      | 3/9 [00:00<00:01,  5.47it/s]load datafile:  44%|████▍     | 4/9 [00:00<00:01,  4.06it/s]load datafile:  56%|█████▌    | 5/9 [00:01<00:01,  3.15it/s]load datafile:  67%|██████▋   | 6/9 [00:01<00:01,  2.76it/s]load datafile: 100%|██████████| 9/9 [00:01<00:00,  4.84it/s]
Imperfect:  999000 transitions  (halfcheetah-random-v2, 400 traj)
Union   : 1998000 transitions total
/root/.local/share/uv/python/cpython-3.10-linux-x86_64-gnu/lib/python3.10/multiprocessing/popen_fork.py:66: RuntimeWarning: os.fork() was called. os.fork() is incompatible with multithreaded code, and JAX is multithreaded, so this will likely lead to a deadlock.
  self.pid = os.fork()
/opt/venv/lib/python3.10/site-packages/tensorflow_probability/python/internal/backend/jax/ops.py:681: DeprecationWarning: jax.interpreters.xla.pytype_aval_mappings is deprecated.
  jax.interpreters.xla.pytype_aval_mappings[onp.ndarray])
/opt/venv/lib/python3.10/site-packages/gym/spaces/box.py:84: UserWarning: [33mWARN: Box bound precision lowered by casting to float32[0m
  logger.warn(f"Box bound precision lowered by casting to {self.dtype}")
Step:    10000  |  score: 0.96 ± 0.63  |  actor_loss: -2.5578  cost_loss: 0.9712  nu_loss: 11.4031
Step:    20000  |  score: 0.54 ± 0.65  |  actor_loss: -2.3892  cost_loss: 0.9926  nu_loss: 11.1842
Step:    30000  |  score: 1.96 ± 1.11  |  actor_loss: -2.9587  cost_loss: 0.9847  nu_loss: 11.1437
Step:    40000  |  score: 1.68 ± 1.17  |  actor_loss: -3.2628  cost_loss: 0.9550  nu_loss: 10.8791
Step:    50000  |  score: 1.08 ± 1.09  |  actor_loss: -2.8343  cost_loss: 0.9485  nu_loss: 10.8603
Step:    60000  |  score: 1.43 ± 1.09  |  actor_loss: -2.8181  cost_loss: 0.8918  nu_loss: 10.7501
Step:    70000  |  score: 1.80 ± 1.18  |  actor_loss: -1.8913  cost_loss: 0.9608  nu_loss: 11.3643
Step:    80000  |  score: 1.23 ± 1.08  |  actor_loss: -3.0630  cost_loss: 0.9582  nu_loss: 10.7868
Step:    90000  |  score: 2.85 ± 1.49  |  actor_loss: -3.3437  cost_loss: 0.9658  nu_loss: 11.0361
Step:   100000  |  score: 2.64 ± 3.00  |  actor_loss: -2.2383  cost_loss: 0.9552  nu_loss: 10.9438
Step:   110000  |  score: 2.11 ± 2.71  |  actor_loss: -3.2077  cost_loss: 0.9779  nu_loss: 10.7216
Step:   120000  |  score: 3.02 ± 1.73  |  actor_loss: 1.6123  cost_loss: 0.9555  nu_loss: 12.4922
Step:   130000  |  score: 5.48 ± 3.38  |  actor_loss: -2.7749  cost_loss: 0.9241  nu_loss: 10.7693
Step:   140000  |  score: 3.85 ± 2.15  |  actor_loss: -3.1709  cost_loss: 0.9527  nu_loss: 10.7342
Step:   150000  |  score: 4.32 ± 3.13  |  actor_loss: -3.1559  cost_loss: 0.9740  nu_loss: 10.5966
Step:   160000  |  score: 3.98 ± 1.85  |  actor_loss: -2.5927  cost_loss: 0.9626  nu_loss: 10.5934
Step:   170000  |  score: 3.07 ± 1.57  |  actor_loss: -2.1022  cost_loss: 0.9484  nu_loss: 11.0895
Step:   180000  |  score: 3.76 ± 4.10  |  actor_loss: -1.8211  cost_loss: 0.9931  nu_loss: 11.2474
Step:   190000  |  score: 5.04 ± 5.64  |  actor_loss: -3.6297  cost_loss: 0.9999  nu_loss: 10.4324
Step:   200000  |  score: 3.47 ± 4.37  |  actor_loss: -3.4122  cost_loss: 0.9460  nu_loss: 10.5497
Step:   210000  |  score: 4.77 ± 3.31  |  actor_loss: -2.9470  cost_loss: 0.9550  nu_loss: 10.2059
Step:   220000  |  score: 3.22 ± 2.18  |  actor_loss: -3.6975  cost_loss: 0.9574  nu_loss: 10.7152
Step:   230000  |  score: 2.31 ± 1.05  |  actor_loss: -3.6137  cost_loss: 1.0011  nu_loss: 10.4038
Step:   240000  |  score: 3.76 ± 5.12  |  actor_loss: -3.3103  cost_loss: 0.9702  nu_loss: 10.1821
Step:   250000  |  score: 5.38 ± 4.08  |  actor_loss: -4.0798  cost_loss: 0.9801  nu_loss: 10.3590
Step:   260000  |  score: 7.29 ± 5.72  |  actor_loss: -3.4545  cost_loss: 0.9422  nu_loss: 9.7666
Step:   270000  |  score: 6.43 ± 5.19  |  actor_loss: -3.2968  cost_loss: 0.9955  nu_loss: 10.4158
Step:   280000  |  score: 3.30 ± 2.47  |  actor_loss: -3.6964  cost_loss: 0.9540  nu_loss: 10.2256
Step:   290000  |  score: 3.33 ± 3.33  |  actor_loss: -3.8272  cost_loss: 0.9869  nu_loss: 10.0515
Step:   300000  |  score: 2.32 ± 1.93  |  actor_loss: -3.3311  cost_loss: 0.9273  nu_loss: 9.6722
Step:   310000  |  score: 4.62 ± 2.82  |  actor_loss: -3.8701  cost_loss: 0.9194  nu_loss: 9.5905
Step:   320000  |  score: 7.35 ± 5.62  |  actor_loss: -3.8335  cost_loss: 0.9401  nu_loss: 9.9009
Step:   330000  |  score: 3.55 ± 2.74  |  actor_loss: -3.7227  cost_loss: 0.9572  nu_loss: 9.8105
Step:   340000  |  score: 2.64 ± 3.25  |  actor_loss: -3.4987  cost_loss: 0.9685  nu_loss: 9.8236
Step:   350000  |  score: 4.83 ± 4.24  |  actor_loss: -3.7211  cost_loss: 0.9717  nu_loss: 9.8623
Step:   360000  |  score: 7.78 ± 8.58  |  actor_loss: -3.2292  cost_loss: 0.9369  nu_loss: 9.2894
Step:   370000  |  score: 5.67 ± 6.01  |  actor_loss: -3.6855  cost_loss: 0.9655  nu_loss: 9.2381
Step:   380000  |  score: 7.08 ± 6.99  |  actor_loss: -3.2889  cost_loss: 0.9899  nu_loss: 9.4806
Step:   390000  |  score: 5.00 ± 2.71  |  actor_loss: -3.6938  cost_loss: 0.9602  nu_loss: 9.2947
Step:   400000  |  score: 3.94 ± 5.54  |  actor_loss: -2.9931  cost_loss: 0.9881  nu_loss: 9.2841
Step:   410000  |  score: 8.49 ± 7.47  |  actor_loss: -2.5569  cost_loss: 0.9755  nu_loss: 9.5647
Step:   420000  |  score: 4.17 ± 4.86  |  actor_loss: -3.4314  cost_loss: 0.9767  nu_loss: 9.0886
Step:   430000  |  score: 10.99 ± 6.35  |  actor_loss: -3.1453  cost_loss: 0.9907  nu_loss: 8.7635
Step:   440000  |  score: 5.28 ± 5.34  |  actor_loss: -3.7625  cost_loss: 0.9848  nu_loss: 8.6127
Step:   450000  |  score: 4.64 ± 3.74  |  actor_loss: -3.6180  cost_loss: 0.9755  nu_loss: 8.7083
Step:   460000  |  score: 9.11 ± 8.44  |  actor_loss: -3.9925  cost_loss: 0.9712  nu_loss: 8.3566
Step:   470000  |  score: 7.48 ± 7.14  |  actor_loss: -3.4902  cost_loss: 0.9858  nu_loss: 8.6360
Step:   480000  |  score: 8.17 ± 9.30  |  actor_loss: -3.4466  cost_loss: 0.9666  nu_loss: 8.3452
Step:   490000  |  score: 4.25 ± 4.41  |  actor_loss: -2.8341  cost_loss: 0.9650  nu_loss: 8.1906
Step:   500000  |  score: 7.40 ± 5.89  |  actor_loss: -3.3227  cost_loss: 0.9442  nu_loss: 7.9000
Step:   510000  |  score: 5.28 ± 4.51  |  actor_loss: -3.1816  cost_loss: 0.9787  nu_loss: 7.9397
Step:   520000  |  score: 5.16 ± 3.76  |  actor_loss: -3.2874  cost_loss: 0.9598  nu_loss: 7.2887
Step:   530000  |  score: 8.24 ± 7.70  |  actor_loss: -3.9150  cost_loss: 0.9697  nu_loss: 6.9287
Step:   540000  |  score: 9.37 ± 9.07  |  actor_loss: -4.9865  cost_loss: 0.9430  nu_loss: 7.3730
Step:   550000  |  score: 5.95 ± 5.15  |  actor_loss: -2.9620  cost_loss: 0.9886  nu_loss: 6.8792
Step:   560000  |  score: 7.36 ± 6.52  |  actor_loss: -3.5009  cost_loss: 0.9320  nu_loss: 6.3736
Step:   570000  |  score: 6.19 ± 5.43  |  actor_loss: -3.6638  cost_loss: 0.9895  nu_loss: 5.8162
Step:   580000  |  score: 8.52 ± 6.92  |  actor_loss: -3.7686  cost_loss: 0.9606  nu_loss: 5.7149
Step:   590000  |  score: 14.02 ± 8.39  |  actor_loss: -3.8607  cost_loss: 0.9930  nu_loss: 5.7727
Step:   600000  |  score: 8.65 ± 6.05  |  actor_loss: -3.5104  cost_loss: 0.9558  nu_loss: 5.0140
Step:   610000  |  score: 7.16 ± 7.47  |  actor_loss: -3.7910  cost_loss: 0.9484  nu_loss: 4.7287
Step:   620000  |  score: 7.36 ± 8.46  |  actor_loss: -3.5273  cost_loss: 0.9923  nu_loss: 4.1610
Step:   630000  |  score: 7.68 ± 5.90  |  actor_loss: -4.0133  cost_loss: 0.9656  nu_loss: 3.7185
Step:   640000  |  score: 5.52 ± 6.88  |  actor_loss: -3.4093  cost_loss: 0.9860  nu_loss: 3.1404
Step:   650000  |  score: 8.49 ± 10.13  |  actor_loss: -3.2228  cost_loss: 0.9164  nu_loss: 2.4103
Step:   660000  |  score: 5.83 ± 8.13  |  actor_loss: -3.5751  cost_loss: 0.9907  nu_loss: 2.3196
Step:   670000  |  score: 10.45 ± 9.13  |  actor_loss: -2.9502  cost_loss: 0.9644  nu_loss: 1.6193
Step:   680000  |  score: 7.17 ± 4.65  |  actor_loss: -3.2194  cost_loss: 0.9709  nu_loss: 0.9327
Step:   690000  |  score: 6.50 ± 8.37  |  actor_loss: -4.1931  cost_loss: 0.9614  nu_loss: 0.2313
Step:   700000  |  score: 7.11 ± 5.62  |  actor_loss: -3.5484  cost_loss: 0.9806  nu_loss: -0.2146
Step:   710000  |  score: 7.01 ± 6.31  |  actor_loss: -3.7320  cost_loss: 1.0135  nu_loss: -0.8548
Step:   720000  |  score: 12.67 ± 9.89  |  actor_loss: -3.8338  cost_loss: 0.9597  nu_loss: -1.8232
Step:   730000  |  score: 6.42 ± 8.46  |  actor_loss: -3.8592  cost_loss: 0.9821  nu_loss: -2.6916
Step:   740000  |  score: 13.16 ± 8.70  |  actor_loss: -3.7964  cost_loss: 0.9780  nu_loss: -2.4515
Step:   750000  |  score: 7.09 ± 8.68  |  actor_loss: -3.1086  cost_loss: 0.9379  nu_loss: -1.9634
Step:   760000  |  score: 16.45 ± 16.24  |  actor_loss: -4.0231  cost_loss: 0.9501  nu_loss: -4.7921
Step:   770000  |  score: 12.21 ± 8.94  |  actor_loss: -4.1451  cost_loss: 1.0001  nu_loss: -5.8222
Step:   780000  |  score: 5.13 ± 6.74  |  actor_loss: -4.1210  cost_loss: 0.9705  nu_loss: -5.0253
Step:   790000  |  score: 10.69 ± 13.17  |  actor_loss: -3.4435  cost_loss: 0.9341  nu_loss: -7.0775
Step:   800000  |  score: 12.02 ± 6.06  |  actor_loss: -3.8524  cost_loss: 0.9369  nu_loss: -7.9167
Step:   810000  |  score: 12.21 ± 9.08  |  actor_loss: -3.7302  cost_loss: 0.9336  nu_loss: -9.6658
Step:   820000  |  score: 6.47 ± 5.39  |  actor_loss: -3.6424  cost_loss: 0.9195  nu_loss: -10.6782
Step:   830000  |  score: 13.67 ± 17.65  |  actor_loss: -3.6564  cost_loss: 0.9991  nu_loss: -11.0439
Step:   840000  |  score: 8.86 ± 5.39  |  actor_loss: -3.6375  cost_loss: 0.9249  nu_loss: -12.3833
Step:   850000  |  score: 7.81 ± 7.73  |  actor_loss: -3.6578  cost_loss: 1.0044  nu_loss: -13.5059
Step:   860000  |  score: 9.75 ± 10.08  |  actor_loss: -3.5956  cost_loss: 0.9448  nu_loss: -15.2899
Step:   870000  |  score: 19.34 ± 17.01  |  actor_loss: -3.6903  cost_loss: 1.0290  nu_loss: -15.7919
Step:   880000  |  score: 10.92 ± 8.75  |  actor_loss: -4.1465  cost_loss: 0.9776  nu_loss: -17.3322
Step:   890000  |  score: 5.37 ± 6.86  |  actor_loss: -3.7217  cost_loss: 0.9305  nu_loss: -18.7889
Step:   900000  |  score: 8.96 ± 8.60  |  actor_loss: -3.7566  cost_loss: 0.9726  nu_loss: -20.0107
Step:   910000  |  score: 11.72 ± 9.93  |  actor_loss: -4.4106  cost_loss: 0.9528  nu_loss: -21.5240
Step:   920000  |  score: 7.18 ± 5.59  |  actor_loss: -4.7191  cost_loss: 0.9277  nu_loss: -22.7382
Step:   930000  |  score: 10.69 ± 8.24  |  actor_loss: -3.7888  cost_loss: 0.9644  nu_loss: -24.4335
Step:   940000  |  score: 4.54 ± 3.28  |  actor_loss: -2.9810  cost_loss: 0.9578  nu_loss: -25.9899
Step:   950000  |  score: 12.87 ± 11.61  |  actor_loss: -3.9076  cost_loss: 1.0057  nu_loss: 37.4783
Step:   960000  |  score: 14.31 ± 7.72  |  actor_loss: -4.2377  cost_loss: 0.9639  nu_loss: -29.4352
Step:   970000  |  score: 17.68 ± 9.54  |  actor_loss: -3.6325  cost_loss: 0.9703  nu_loss: -31.3804
Step:   980000  |  score: 15.36 ± 8.53  |  actor_loss: -4.0046  cost_loss: 0.9226  nu_loss: -32.7674
Step:   990000  |  score: 6.01 ± 6.44  |  actor_loss: -4.9316  cost_loss: 1.0064  nu_loss: -34.6270
Step:  1000000  |  score: 9.82 ± 7.01  |  actor_loss: -4.2589  cost_loss: 0.9522  nu_loss: -37.2922
Step:  1010000  |  score: 14.10 ± 12.63  |  actor_loss: -3.8268  cost_loss: 0.9643  nu_loss: -39.1153
Step:  1020000  |  score: 15.27 ± 11.39  |  actor_loss: -4.2347  cost_loss: 0.9880  nu_loss: -41.5208
Step:  1030000  |  score: 13.08 ± 8.86  |  actor_loss: -3.6746  cost_loss: 0.9805  nu_loss: -42.2693
Step:  1040000  |  score: 22.52 ± 18.51  |  actor_loss: -4.0563  cost_loss: 0.9883  nu_loss: -44.6942
Step:  1050000  |  score: 7.57 ± 5.46  |  actor_loss: -3.5211  cost_loss: 0.9573  nu_loss: -46.8991
Step:  1060000  |  score: 9.25 ± 9.23  |  actor_loss: -2.6240  cost_loss: 0.9942  nu_loss: -49.1354
Step:  1070000  |  score: 9.74 ± 8.19  |  actor_loss: -4.1244  cost_loss: 0.9505  nu_loss: -50.2894
Step:  1080000  |  score: 9.14 ± 9.28  |  actor_loss: -3.9374  cost_loss: 0.9664  nu_loss: -51.7530
Step:  1090000  |  score: 9.60 ± 8.51  |  actor_loss: -4.5359  cost_loss: 0.9811  nu_loss: -54.4261
Step:  1100000  |  score: 10.43 ± 10.42  |  actor_loss: -4.2827  cost_loss: 0.9548  nu_loss: -58.5845
Step:  1110000  |  score: 20.67 ± 11.62  |  actor_loss: -3.5680  cost_loss: 0.9512  nu_loss: -57.9811
Step:  1120000  |  score: 5.76 ± 4.91  |  actor_loss: -3.8186  cost_loss: 0.9660  nu_loss: -61.6942
Step:  1130000  |  score: 18.50 ± 16.82  |  actor_loss: -3.6648  cost_loss: 0.9750  nu_loss: -62.8587
Step:  1140000  |  score: 10.33 ± 9.61  |  actor_loss: -3.6632  cost_loss: 0.9494  nu_loss: -66.7564
Step:  1150000  |  score: 9.38 ± 6.47  |  actor_loss: -3.6847  cost_loss: 0.9774  nu_loss: -69.7394
Step:  1160000  |  score: 18.20 ± 14.30  |  actor_loss: -4.6858  cost_loss: 0.9763  nu_loss: -71.8400
Step:  1170000  |  score: 16.83 ± 15.84  |  actor_loss: -4.2007  cost_loss: 0.9598  nu_loss: -74.4732
Step:  1180000  |  score: 11.52 ± 4.72  |  actor_loss: -4.5062  cost_loss: 0.9804  nu_loss: -76.0019
Step:  1190000  |  score: 7.88 ± 7.38  |  actor_loss: -3.5419  cost_loss: 0.9608  nu_loss: -80.0332
Step:  1200000  |  score: 9.62 ± 5.92  |  actor_loss: -4.3650  cost_loss: 0.9939  nu_loss: -81.5940
Step:  1210000  |  score: 9.73 ± 8.04  |  actor_loss: -3.2176  cost_loss: 0.9586  nu_loss: 6.3654
Step:  1220000  |  score: 18.37 ± 15.02  |  actor_loss: -3.5151  cost_loss: 0.9835  nu_loss: -54.8608
Step:  1230000  |  score: 4.18 ± 5.35  |  actor_loss: -3.3361  cost_loss: 0.9732  nu_loss: -88.7536
Step:  1240000  |  score: 10.56 ± 9.26  |  actor_loss: -3.8264  cost_loss: 0.9766  nu_loss: -85.9191
Step:  1250000  |  score: 4.30 ± 4.73  |  actor_loss: -3.7065  cost_loss: 0.9855  nu_loss: -94.0641
Step:  1260000  |  score: 14.31 ± 8.33  |  actor_loss: -4.0122  cost_loss: 0.9719  nu_loss: -96.7997
Step:  1270000  |  score: 8.76 ± 9.44  |  actor_loss: -4.0014  cost_loss: 1.0147  nu_loss: -98.7422
Step:  1280000  |  score: 20.09 ± 17.01  |  actor_loss: -3.9101  cost_loss: 0.9320  nu_loss: -101.9893
Step:  1290000  |  score: 13.79 ± 12.26  |  actor_loss: -3.5604  cost_loss: 1.0046  nu_loss: -16.4997
Step:  1300000  |  score: 7.60 ± 7.73  |  actor_loss: -3.8035  cost_loss: 0.9906  nu_loss: -107.6068
Step:  1310000  |  score: 17.19 ± 14.52  |  actor_loss: -3.1992  cost_loss: 0.9609  nu_loss: -109.1052
Step:  1320000  |  score: 8.81 ± 8.34  |  actor_loss: -3.9871  cost_loss: 1.0052  nu_loss: -114.1716
Step:  1330000  |  score: 4.31 ± 6.44  |  actor_loss: -3.0838  cost_loss: 0.9726  nu_loss: -112.8598
Step:  1340000  |  score: 14.91 ± 15.97  |  actor_loss: -3.5888  cost_loss: 1.0123  nu_loss: -119.0354
Step:  1350000  |  score: 7.49 ± 5.24  |  actor_loss: -3.5820  cost_loss: 0.9955  nu_loss: -123.0599
Step:  1360000  |  score: 10.28 ± 8.24  |  actor_loss: -3.6478  cost_loss: 0.9508  nu_loss: -123.9372
Step:  1370000  |  score: 15.87 ± 11.85  |  actor_loss: -3.9192  cost_loss: 0.9339  nu_loss: -124.4447
Step:  1380000  |  score: 7.89 ± 8.08  |  actor_loss: -3.4655  cost_loss: 0.9968  nu_loss: 76.7417
Step:  1390000  |  score: 18.42 ± 15.47  |  actor_loss: -3.1959  cost_loss: 0.9741  nu_loss: -134.3230
Step:  1400000  |  score: 6.49 ± 6.23  |  actor_loss: -4.2172  cost_loss: 0.9659  nu_loss: -134.1964
Step:  1410000  |  score: 5.53 ± 5.17  |  actor_loss: -3.1487  cost_loss: 0.9740  nu_loss: -139.5496
Step:  1420000  |  score: 13.98 ± 7.14  |  actor_loss: -4.1998  cost_loss: 0.9887  nu_loss: -142.4753
Step:  1430000  |  score: 15.52 ± 9.53  |  actor_loss: -4.0835  cost_loss: 0.9759  nu_loss: -144.8272
Step:  1440000  |  score: 13.54 ± 10.54  |  actor_loss: -3.6713  cost_loss: 0.9553  nu_loss: -74.2200
Step:  1450000  |  score: 21.40 ± 19.54  |  actor_loss: -3.6923  cost_loss: 0.9957  nu_loss: -152.2816
Step:  1460000  |  score: 16.82 ± 18.52  |  actor_loss: -4.2057  cost_loss: 0.9835  nu_loss: -152.7577
Step:  1470000  |  score: 12.43 ± 19.72  |  actor_loss: -3.7005  cost_loss: 0.9205  nu_loss: -157.0265
Step:  1480000  |  score: 5.24 ± 3.57  |  actor_loss: -3.8014  cost_loss: 0.9850  nu_loss: -158.4174
Step:  1490000  |  score: 13.27 ± 7.60  |  actor_loss: -3.5797  cost_loss: 0.9305  nu_loss: -163.4951
Step:  1500000  |  score: 19.36 ± 16.11  |  actor_loss: -4.4648  cost_loss: 0.9755  nu_loss: -164.6371
Step:  1510000  |  score: 11.11 ± 12.45  |  actor_loss: 1.6646  cost_loss: 0.9682  nu_loss: 362.6834
Step:  1520000  |  score: 8.09 ± 8.59  |  actor_loss: -3.5661  cost_loss: 0.9654  nu_loss: -84.6254
Step:  1530000  |  score: 8.11 ± 6.43  |  actor_loss: -3.7658  cost_loss: 0.9572  nu_loss: -170.2622
Step:  1540000  |  score: 10.85 ± 9.37  |  actor_loss: -2.8339  cost_loss: 0.9349  nu_loss: -173.4503
Step:  1550000  |  score: 23.88 ± 21.29  |  actor_loss: -3.9426  cost_loss: 0.9752  nu_loss: -174.8324
Step:  1560000  |  score: 12.83 ± 16.44  |  actor_loss: -3.4798  cost_loss: 0.9515  nu_loss: 117.5977
Step:  1570000  |  score: 4.83 ± 4.39  |  actor_loss: -3.6237  cost_loss: 0.9425  nu_loss: -181.1988
Step:  1580000  |  score: 17.08 ± 18.31  |  actor_loss: -4.2336  cost_loss: 0.9594  nu_loss: -184.5732
Step:  1590000  |  score: 14.08 ± 15.06  |  actor_loss: -3.6895  cost_loss: 0.9529  nu_loss: -184.4841
Step:  1600000  |  score: 15.92 ± 11.18  |  actor_loss: -3.2466  cost_loss: 0.9754  nu_loss: -188.9455
Step:  1610000  |  score: 14.44 ± 5.83  |  actor_loss: -3.7905  cost_loss: 0.9620  nu_loss: -192.0270
Step:  1620000  |  score: 11.60 ± 13.74  |  actor_loss: -4.2154  cost_loss: 0.9897  nu_loss: -195.3616
Step:  1630000  |  score: 14.16 ± 12.93  |  actor_loss: -3.6950  cost_loss: 0.9393  nu_loss: -196.7239
Step:  1640000  |  score: 16.24 ± 14.47  |  actor_loss: -3.7934  cost_loss: 1.0191  nu_loss: -199.6797
Step:  1650000  |  score: 7.17 ± 6.03  |  actor_loss: -3.5812  cost_loss: 0.9888  nu_loss: -199.7676
Step:  1660000  |  score: 12.75 ± 8.47  |  actor_loss: -6.7287  cost_loss: 0.9893  nu_loss: -204.1556
Step:  1670000  |  score: 11.20 ± 13.26  |  actor_loss: -4.1444  cost_loss: 0.9496  nu_loss: -206.4991
Step:  1680000  |  score: 21.56 ± 16.14  |  actor_loss: -4.0287  cost_loss: 0.9468  nu_loss: -208.2800
Step:  1690000  |  score: 9.52 ± 11.61  |  actor_loss: -3.4974  cost_loss: 0.9243  nu_loss: -209.8018
Step:  1700000  |  score: 14.08 ± 14.39  |  actor_loss: -3.8359  cost_loss: 0.9602  nu_loss: 23.6084
Step:  1710000  |  score: 11.79 ± 12.47  |  actor_loss: -4.0447  cost_loss: 0.9379  nu_loss: -216.3248
Step:  1720000  |  score: 13.08 ± 10.15  |  actor_loss: -3.1397  cost_loss: 0.9670  nu_loss: -216.3622
Step:  1730000  |  score: 18.72 ± 15.55  |  actor_loss: -3.1871  cost_loss: 1.0048  nu_loss: 481.0110
Step:  1740000  |  score: 21.76 ± 10.71  |  actor_loss: -3.9936  cost_loss: 0.9536  nu_loss: -219.9770
Step:  1750000  |  score: 12.14 ± 11.01  |  actor_loss: -3.7390  cost_loss: 0.9186  nu_loss: -222.1838
Step:  1760000  |  score: 14.79 ± 18.18  |  actor_loss: -3.6659  cost_loss: 0.9565  nu_loss: -222.6207
Step:  1770000  |  score: 7.43 ± 9.71  |  actor_loss: -4.8923  cost_loss: 1.0380  nu_loss: 324.3503
Step:  1780000  |  score: 9.77 ± 6.62  |  actor_loss: -3.6270  cost_loss: 0.9162  nu_loss: -226.5194
Step:  1790000  |  score: 13.50 ± 18.53  |  actor_loss: -3.9303  cost_loss: 0.9507  nu_loss: -224.4808
Step:  1800000  |  score: 8.87 ± 10.01  |  actor_loss: -3.6024  cost_loss: 1.0127  nu_loss: -228.9563
Step:  1810000  |  score: 12.46 ± 9.35  |  actor_loss: -4.4283  cost_loss: 1.0133  nu_loss: -169.4006
Step:  1820000  |  score: 11.61 ± 10.98  |  actor_loss: -3.6055  cost_loss: 0.9457  nu_loss: -232.2773
Step:  1830000  |  score: 8.37 ± 11.37  |  actor_loss: -3.2896  cost_loss: 0.9673  nu_loss: -227.3973
Step:  1840000  |  score: 23.14 ± 18.43  |  actor_loss: -3.7235  cost_loss: 0.9443  nu_loss: -212.6150
Step:  1850000  |  score: 12.90 ± 7.01  |  actor_loss: -3.8974  cost_loss: 0.9637  nu_loss: -233.5085
Step:  1860000  |  score: 15.67 ± 13.15  |  actor_loss: -3.8114  cost_loss: 1.0039  nu_loss: -237.2565
Step:  1870000  |  score: 25.71 ± 15.20  |  actor_loss: -3.5356  cost_loss: 0.9113  nu_loss: -237.0967
Step:  1880000  |  score: 11.95 ± 7.57  |  actor_loss: -3.5133  cost_loss: 0.9568  nu_loss: -224.4037
Step:  1890000  |  score: 13.00 ± 12.74  |  actor_loss: -3.6812  cost_loss: 0.9439  nu_loss: -194.9525
Step:  1900000  |  score: 19.68 ± 13.09  |  actor_loss: -3.6211  cost_loss: 0.9982  nu_loss: -240.1708
Step:  1910000  |  score: 17.84 ± 20.69  |  actor_loss: -3.5388  cost_loss: 0.9432  nu_loss: -242.3822
Step:  1920000  |  score: 11.11 ± 11.34  |  actor_loss: -3.9150  cost_loss: 0.9556  nu_loss: -241.0298
Step:  1930000  |  score: 25.58 ± 18.29  |  actor_loss: 3.1608  cost_loss: 0.9731  nu_loss: 2862.3462
Step:  1940000  |  score: 20.37 ± 20.99  |  actor_loss: -5.8052  cost_loss: 0.9783  nu_loss: -225.9338
Step:  1950000  |  score: 26.40 ± 13.62  |  actor_loss: -4.1573  cost_loss: 0.9569  nu_loss: -245.7180
Step:  1960000  |  score: 5.20 ± 3.89  |  actor_loss: -3.8141  cost_loss: 0.9691  nu_loss: -181.7401
Step:  1970000  |  score: 10.19 ± 8.72  |  actor_loss: -3.9105  cost_loss: 0.9499  nu_loss: -147.5475
Step:  1980000  |  score: 25.42 ± 7.83  |  actor_loss: -4.7704  cost_loss: 0.9365  nu_loss: 2049.9202
Step:  1990000  |  score: 14.75 ± 11.21  |  actor_loss: -3.2328  cost_loss: 0.9214  nu_loss: -144.5134
Step:  2000000  |  score: 23.36 ± 19.82  |  actor_loss: -4.1459  cost_loss: 0.9470  nu_loss: -169.8353
Final evaluation (13 iterations)...
Final score: 14.69 ± 13.65
wandb: WARNING Symlinked 1 file into the W&B run directory; call wandb.save again to sync new files.
wandb: updating run metadata
wandb: uploading final_returns/demodice_halfcheetah-expert-v2_2026-03-18_22-35-51.npz; uploading output.log; uploading wandb-summary.json; uploading config.yaml
wandb: uploading final_returns/demodice_halfcheetah-expert-v2_2026-03-18_22-35-51.npz; uploading output.log; uploading wandb-summary.json
wandb: 
wandb: Run history:
wandb:  actor_loss ▃▃▃▂▃▂▂▂▂▂▂▂▂▂▂▂▂▂▁▃▂▁▁▂▂▂▃▃▂▂▇▃▂▂▂▃▂▂█▂
wandb:   cost_loss ▃▃▄▃▃▄▃▅▅▄▂▅▄▅▅▂▂▂▇▂▄▁▄▅▃▃▅▆▄▂▂▄▅▅▅█▁▇▃▃
wandb:     nu_loss ▂▂▂▂▂▂▂▂▂▂▂▂▂▂▂▂▂▂▂▁▁▁▁▁▁▁▁▁▁▁▁▁▁▁▁▁▁█▁▁
wandb: num_updates ▁▁▁▁▁▂▂▂▂▂▃▃▃▃▃▃▄▄▄▄▅▅▅▅▅▅▅▆▆▆▆▆▇▇▇▇▇███
wandb:      return ▁▁▂▂▂▃▂▂▂▃▃▃▃▃▅▂▂▃▃▄▄▆▄▃▆▂▂▅▅▄▅▃▇▄▅▅▅▃▄█
wandb:       score ▁▁▁▁▁▂▂▂▂▃▃▂▃▃▂▄▃▄▂▂▇▃▃▇▆▃▃▃▂▄▇▅▅▄▄▄▇█▆▂
wandb:   score_std ▁▁▂▁▂▂▂▅▃▄▂▄▃▅▅▅█▃▅▄▄▆▄▃▃▅▄█▆█▄█▆▅▃▇▄▆▇▇
wandb: 
wandb: Run summary:
wandb:  actor_loss -4.14595
wandb:   cost_loss 0.94697
wandb:     nu_loss -169.83533
wandb: num_updates 2000000
wandb:      return 2620.05949
wandb:       score 23.36042
wandb:   score_std 19.81739
wandb: 
wandb: 🚀 View run demodice_halfcheetah_M2_s1 at: https://wandb.ai/wsk208/DemoDICE/runs/or1dle4m
wandb: ⭐️ View project at: https://wandb.ai/wsk208/DemoDICE
wandb: Synced 5 W&B file(s), 0 media file(s), 0 artifact file(s) and 1 other file(s)
wandb: Find logs at: ./wandb/run-20260318_221012-or1dle4m/logs
