Warning: All of online environments libraries in D4RL have been moved ]8;;https://github.com/Farama-Foundation/Gymnasium\Gymnasium]8;;\, ]8;;https://github.com/Farama-Foundation/MiniGrid\MiniGrid]8;;\ and ]8;;https://github.com/Farama-Foundation/Gymnasium-Robotics\Gymnasium-Robotics]8;;\, and all offline datasets in D4RL have been moved to ]8;;https://github.com/Farama-Foundation/Minari\Minari]8;;\.
These new versions include large bug fixes, new versions of Python, and are where all new development will continue. Please upgrade these libraries as soon as you're able to do so.
If you'd like to read more about the story behind this switch, please check out ]8;;https://farama.org/Announcing-Minari\this blog post]8;;\.
Gym has been unmaintained since 2022 and does not support NumPy 2.0 amongst other critical functionality.
Please upgrade to Gymnasium, the maintained drop-in replacement of Gym, or contact the authors of your software and request that they upgrade.
See the migration guide at https://gymnasium.farama.org/introduction/migration_guide/ for additional information.
/opt/venv/lib/python3.10/site-packages/Cython/Distutils/old_build_ext.py:15: DeprecationWarning: dep_util is Deprecated. Use functions from setuptools instead.
  from distutils.dep_util import newer, newer_group
<frozen importlib._bootstrap>:283: DeprecationWarning: the load_module() method is deprecated and slated for removal in Python 3.12; use exec_module() instead
pybullet build time: Jan 29 2025 23:16:28
wandb: [wandb.login()] Loaded credentials for https://api.wandb.ai from /root/.netrc.
wandb: Currently logged in as: wsk208 (roidice) to https://api.wandb.ai. Use `wandb login --relogin` to force relogin
/opt/venv/lib/python3.10/site-packages/wandb/analytics/sentry.py:268: DeprecationWarning: Read the `app_url` setting from the appropriate Settings object.
  app_url = wandb.util.app_url(tags["base_url"])  # type: ignore[index]
/opt/venv/lib/python3.10/site-packages/wandb/analytics/sentry.py:279: DeprecationWarning: The `Scope.user` setter is deprecated in favor of `Scope.set_user()`.
  self.scope.user = {"email": email}
wandb: setting up run 7x23rlb9
/opt/venv/lib/python3.10/site-packages/wandb/analytics/sentry.py:268: DeprecationWarning: Read the `app_url` setting from the appropriate Settings object.
  app_url = wandb.util.app_url(tags["base_url"])  # type: ignore[index]
/opt/venv/lib/python3.10/site-packages/wandb/analytics/sentry.py:279: DeprecationWarning: The `Scope.user` setter is deprecated in favor of `Scope.set_user()`.
  self.scope.user = {"email": email}
wandb: Tracking run with wandb version 0.25.1
wandb: Run data is saved locally in /app/wandb/run-20260318_090529-7x23rlb9
wandb: Run `wandb offline` to turn off syncing.
wandb: Syncing run demodice_hopper_M4_s4
wandb: ⭐️ View project at https://wandb.ai/wsk208/DemoDICE
wandb: 🚀 View run at https://wandb.ai/wsk208/DemoDICE/runs/7x23rlb9
/opt/venv/lib/python3.10/site-packages/gym/spaces/box.py:84: UserWarning: [33mWARN: Box bound precision lowered by casting to float32[0m
  logger.warn(f"Box bound precision lowered by casting to {self.dtype}")
load datafile:   0%|          | 0/21 [00:00<?, ?it/s]load datafile:  10%|▉         | 2/21 [00:00<00:01, 17.54it/s]load datafile:  19%|█▉        | 4/21 [00:00<00:02,  5.97it/s]load datafile:  81%|████████  | 17/21 [00:00<00:00, 21.73it/s]load datafile:  95%|█████████▌| 20/21 [00:01<00:00, 16.88it/s]load datafile: 100%|██████████| 21/21 [00:01<00:00, 16.98it/s]
Expert  :  999061 transitions  (hopper-expert-v2, 100 traj)
load datafile:   0%|          | 0/9 [00:00<?, ?it/s]load datafile:  33%|███▎      | 3/9 [00:00<00:00,  9.02it/s]load datafile:  44%|████▍     | 4/9 [00:00<00:00,  6.55it/s]load datafile:  56%|█████▌    | 5/9 [00:00<00:00,  5.06it/s]load datafile:  67%|██████▋   | 6/9 [00:01<00:00,  4.34it/s]load datafile: 100%|██████████| 9/9 [00:01<00:00,  7.51it/s]
Imperfect:   35054 transitions  (hopper-random-v2, 1600 traj)
Union   : 1034115 transitions total
/root/.local/share/uv/python/cpython-3.10-linux-x86_64-gnu/lib/python3.10/multiprocessing/popen_fork.py:66: RuntimeWarning: os.fork() was called. os.fork() is incompatible with multithreaded code, and JAX is multithreaded, so this will likely lead to a deadlock.
  self.pid = os.fork()
/opt/venv/lib/python3.10/site-packages/tensorflow_probability/python/internal/backend/jax/ops.py:681: DeprecationWarning: jax.interpreters.xla.pytype_aval_mappings is deprecated.
  jax.interpreters.xla.pytype_aval_mappings[onp.ndarray])
/opt/venv/lib/python3.10/site-packages/gym/spaces/box.py:84: UserWarning: [33mWARN: Box bound precision lowered by casting to float32[0m
  logger.warn(f"Box bound precision lowered by casting to {self.dtype}")
Step:    10000  |  score: 7.06 ± 5.88  |  actor_loss: -0.0107  cost_loss: 1.3713  nu_loss: 11.6770
Step:    20000  |  score: 2.70 ± 3.26  |  actor_loss: -0.6232  cost_loss: 1.3691  nu_loss: 11.5981
Step:    30000  |  score: 17.32 ± 11.64  |  actor_loss: -0.7782  cost_loss: 1.3641  nu_loss: 11.6014
Step:    40000  |  score: 18.65 ± 9.41  |  actor_loss: -0.8389  cost_loss: 1.3714  nu_loss: 11.6038
Step:    50000  |  score: 14.43 ± 13.42  |  actor_loss: -1.0479  cost_loss: 1.3697  nu_loss: 11.6687
Step:    60000  |  score: 15.99 ± 11.97  |  actor_loss: -1.2059  cost_loss: 1.3793  nu_loss: 11.3921
Step:    70000  |  score: 20.34 ± 12.97  |  actor_loss: -1.0354  cost_loss: 1.3628  nu_loss: 11.6729
Step:    80000  |  score: 26.06 ± 24.22  |  actor_loss: -1.2259  cost_loss: 1.3703  nu_loss: 11.5594
Step:    90000  |  score: 23.23 ± 20.04  |  actor_loss: -1.2889  cost_loss: 1.3628  nu_loss: 11.2051
Step:   100000  |  score: 26.01 ± 24.49  |  actor_loss: -1.1667  cost_loss: 1.3662  nu_loss: 11.2702
Step:   110000  |  score: 17.45 ± 14.69  |  actor_loss: -1.3366  cost_loss: 1.3567  nu_loss: 11.3343
Step:   120000  |  score: 20.81 ± 16.34  |  actor_loss: -0.8797  cost_loss: 1.3661  nu_loss: 11.4658
Step:   130000  |  score: 14.72 ± 12.66  |  actor_loss: -1.2223  cost_loss: 1.3679  nu_loss: 11.3232
Step:   140000  |  score: 36.79 ± 22.40  |  actor_loss: -1.2527  cost_loss: 1.3740  nu_loss: 11.2658
Step:   150000  |  score: 44.03 ± 14.52  |  actor_loss: -1.2919  cost_loss: 1.3680  nu_loss: 11.0631
Step:   160000  |  score: 48.45 ± 23.30  |  actor_loss: -0.9417  cost_loss: 1.3654  nu_loss: 11.2000
Step:   170000  |  score: 21.63 ± 16.00  |  actor_loss: -0.9980  cost_loss: 1.3660  nu_loss: 11.1870
Step:   180000  |  score: 28.12 ± 22.85  |  actor_loss: -1.0094  cost_loss: 1.3628  nu_loss: 11.3286
Step:   190000  |  score: 48.30 ± 30.02  |  actor_loss: -1.3068  cost_loss: 1.3570  nu_loss: 11.1644
Step:   200000  |  score: 31.65 ± 19.45  |  actor_loss: -1.4885  cost_loss: 1.3619  nu_loss: 11.2401
Step:   210000  |  score: 39.10 ± 29.61  |  actor_loss: -1.1748  cost_loss: 1.3623  nu_loss: 11.3033
Step:   220000  |  score: 33.01 ± 28.40  |  actor_loss: -0.9254  cost_loss: 1.3541  nu_loss: 11.3255
Step:   230000  |  score: 32.31 ± 23.38  |  actor_loss: -1.3210  cost_loss: 1.3574  nu_loss: 11.2333
Step:   240000  |  score: 34.76 ± 24.53  |  actor_loss: -1.2633  cost_loss: 1.3739  nu_loss: 11.3637
Step:   250000  |  score: 30.23 ± 22.34  |  actor_loss: -1.5129  cost_loss: 1.3530  nu_loss: 11.3559
Step:   260000  |  score: 28.98 ± 19.43  |  actor_loss: -1.3946  cost_loss: 1.3562  nu_loss: 11.0796
Step:   270000  |  score: 34.32 ± 32.46  |  actor_loss: -1.3478  cost_loss: 1.3605  nu_loss: 11.1419
Step:   280000  |  score: 23.17 ± 13.50  |  actor_loss: -1.1087  cost_loss: 1.3576  nu_loss: 11.3726
Step:   290000  |  score: 50.66 ± 21.92  |  actor_loss: -1.2583  cost_loss: 1.3695  nu_loss: 11.3378
Step:   300000  |  score: 34.57 ± 16.90  |  actor_loss: -1.0265  cost_loss: 1.3494  nu_loss: 11.4464
Step:   310000  |  score: 50.80 ± 36.64  |  actor_loss: -1.2169  cost_loss: 1.3622  nu_loss: 11.2527
Step:   320000  |  score: 33.51 ± 21.16  |  actor_loss: -1.3882  cost_loss: 1.3708  nu_loss: 11.0969
Step:   330000  |  score: 53.93 ± 36.29  |  actor_loss: -1.5854  cost_loss: 1.3557  nu_loss: 11.2026
Step:   340000  |  score: 56.39 ± 32.46  |  actor_loss: -1.4910  cost_loss: 1.3660  nu_loss: 11.1623
Step:   350000  |  score: 28.00 ± 24.06  |  actor_loss: -1.3399  cost_loss: 1.3672  nu_loss: 11.1485
Step:   360000  |  score: 49.18 ± 37.63  |  actor_loss: -0.8007  cost_loss: 1.3655  nu_loss: 11.3327
Step:   370000  |  score: 45.60 ± 28.00  |  actor_loss: -1.2921  cost_loss: 1.3675  nu_loss: 11.2835
Step:   380000  |  score: 28.15 ± 22.22  |  actor_loss: -1.1109  cost_loss: 1.3665  nu_loss: 11.3283
Step:   390000  |  score: 42.24 ± 38.27  |  actor_loss: -1.3589  cost_loss: 1.3566  nu_loss: 11.2993
Step:   400000  |  score: 31.52 ± 19.86  |  actor_loss: -1.3636  cost_loss: 1.3668  nu_loss: 11.1903
Step:   410000  |  score: 47.72 ± 35.52  |  actor_loss: -1.2495  cost_loss: 1.3600  nu_loss: 11.1216
Step:   420000  |  score: 51.33 ± 24.74  |  actor_loss: -1.3606  cost_loss: 1.3590  nu_loss: 11.3700
Step:   430000  |  score: 35.70 ± 35.42  |  actor_loss: -1.2785  cost_loss: 1.3632  nu_loss: 11.3763
Step:   440000  |  score: 32.39 ± 27.03  |  actor_loss: -1.1823  cost_loss: 1.3671  nu_loss: 11.3227
Step:   450000  |  score: 45.14 ± 39.69  |  actor_loss: -1.2364  cost_loss: 1.3699  nu_loss: 11.2469
Step:   460000  |  score: 51.63 ± 31.62  |  actor_loss: -1.4326  cost_loss: 1.3540  nu_loss: 11.2742
Step:   470000  |  score: 33.86 ± 38.90  |  actor_loss: -1.4402  cost_loss: 1.3597  nu_loss: 11.3039
Step:   480000  |  score: 37.72 ± 16.04  |  actor_loss: -1.3295  cost_loss: 1.3612  nu_loss: 11.2974
Step:   490000  |  score: 31.84 ± 20.11  |  actor_loss: -1.2174  cost_loss: 1.3614  nu_loss: 11.2832
Step:   500000  |  score: 33.30 ± 24.83  |  actor_loss: -1.3875  cost_loss: 1.3649  nu_loss: 11.1626
Step:   510000  |  score: 48.72 ± 31.26  |  actor_loss: -1.2363  cost_loss: 1.3619  nu_loss: 11.2779
Step:   520000  |  score: 31.61 ± 16.24  |  actor_loss: -1.3165  cost_loss: 1.3579  nu_loss: 11.2304
Step:   530000  |  score: 43.04 ± 36.33  |  actor_loss: -1.2942  cost_loss: 1.3595  nu_loss: 11.1271
Step:   540000  |  score: 59.74 ± 40.38  |  actor_loss: -1.2637  cost_loss: 1.3687  nu_loss: 11.4220
Step:   550000  |  score: 33.05 ± 16.61  |  actor_loss: -1.4556  cost_loss: 1.3642  nu_loss: 11.3630
Step:   560000  |  score: 57.18 ± 34.91  |  actor_loss: -1.2618  cost_loss: 1.3602  nu_loss: 11.2352
Step:   570000  |  score: 46.69 ± 29.28  |  actor_loss: -1.3130  cost_loss: 1.3664  nu_loss: 11.4188
Step:   580000  |  score: 30.91 ± 16.86  |  actor_loss: -1.3706  cost_loss: 1.3623  nu_loss: 11.1894
Step:   590000  |  score: 37.62 ± 24.03  |  actor_loss: -1.7507  cost_loss: 1.3725  nu_loss: 11.3135
Step:   600000  |  score: 38.10 ± 37.51  |  actor_loss: -1.2454  cost_loss: 1.3665  nu_loss: 11.2323
Step:   610000  |  score: 49.57 ± 38.41  |  actor_loss: -1.0817  cost_loss: 1.3652  nu_loss: 11.3910
Step:   620000  |  score: 56.16 ± 25.06  |  actor_loss: -1.4681  cost_loss: 1.3723  nu_loss: 11.3578
Step:   630000  |  score: 45.69 ± 20.97  |  actor_loss: -1.3727  cost_loss: 1.3689  nu_loss: 11.2103
Step:   640000  |  score: 50.57 ± 38.22  |  actor_loss: -1.4975  cost_loss: 1.3649  nu_loss: 11.2133
Step:   650000  |  score: 37.35 ± 33.36  |  actor_loss: -1.2743  cost_loss: 1.3643  nu_loss: 11.2838
Step:   660000  |  score: 62.12 ± 37.50  |  actor_loss: -1.4293  cost_loss: 1.3635  nu_loss: 11.2737
Step:   670000  |  score: 59.06 ± 31.18  |  actor_loss: -1.2181  cost_loss: 1.3647  nu_loss: 11.2030
Step:   680000  |  score: 33.08 ± 30.56  |  actor_loss: -1.2775  cost_loss: 1.3707  nu_loss: 11.3880
Step:   690000  |  score: 40.63 ± 28.93  |  actor_loss: -1.5775  cost_loss: 1.3726  nu_loss: 11.1513
Step:   700000  |  score: 28.10 ± 33.34  |  actor_loss: -1.3634  cost_loss: 1.3723  nu_loss: 11.3058
Step:   710000  |  score: 46.77 ± 41.49  |  actor_loss: -1.6586  cost_loss: 1.3575  nu_loss: 11.1488
Step:   720000  |  score: 62.76 ± 33.30  |  actor_loss: -1.4610  cost_loss: 1.3597  nu_loss: 10.9640
Step:   730000  |  score: 40.60 ± 36.28  |  actor_loss: -1.3383  cost_loss: 1.3707  nu_loss: 10.9111
Step:   740000  |  score: 65.49 ± 28.47  |  actor_loss: -1.3442  cost_loss: 1.3701  nu_loss: 11.1613
Step:   750000  |  score: 30.80 ± 27.52  |  actor_loss: -1.2837  cost_loss: 1.3694  nu_loss: 11.2110
Step:   760000  |  score: 29.76 ± 24.94  |  actor_loss: -1.4927  cost_loss: 1.3635  nu_loss: 11.1589
Step:   770000  |  score: 41.02 ± 30.65  |  actor_loss: -1.2843  cost_loss: 1.3617  nu_loss: 11.2267
Step:   780000  |  score: 43.80 ± 33.69  |  actor_loss: -1.3104  cost_loss: 1.3711  nu_loss: 10.9424
Step:   790000  |  score: 40.69 ± 34.29  |  actor_loss: -1.4892  cost_loss: 1.3673  nu_loss: 11.2805
Step:   800000  |  score: 42.65 ± 30.70  |  actor_loss: -1.3095  cost_loss: 1.3606  nu_loss: 10.9246
Step:   810000  |  score: 48.87 ± 32.50  |  actor_loss: -1.3674  cost_loss: 1.3511  nu_loss: 11.1605
Step:   820000  |  score: 36.49 ± 27.43  |  actor_loss: -1.2547  cost_loss: 1.3659  nu_loss: 10.9231
Step:   830000  |  score: 46.55 ± 33.73  |  actor_loss: -1.6627  cost_loss: 1.3645  nu_loss: 11.0149
Step:   840000  |  score: 35.12 ± 33.65  |  actor_loss: -1.5011  cost_loss: 1.3649  nu_loss: 10.9344
Step:   850000  |  score: 54.92 ± 40.18  |  actor_loss: -1.2404  cost_loss: 1.3560  nu_loss: 11.0652
Step:   860000  |  score: 28.19 ± 20.98  |  actor_loss: -1.4279  cost_loss: 1.3589  nu_loss: 11.1472
Step:   870000  |  score: 30.75 ± 23.95  |  actor_loss: -1.5728  cost_loss: 1.3579  nu_loss: 11.2763
Step:   880000  |  score: 54.95 ± 38.50  |  actor_loss: -1.4287  cost_loss: 1.3633  nu_loss: 11.0627
Step:   890000  |  score: 51.98 ± 41.22  |  actor_loss: -1.3791  cost_loss: 1.3622  nu_loss: 11.1932
Step:   900000  |  score: 38.13 ± 29.49  |  actor_loss: -1.5471  cost_loss: 1.3732  nu_loss: 11.3634
Step:   910000  |  score: 30.27 ± 24.30  |  actor_loss: -1.4255  cost_loss: 1.3644  nu_loss: 11.2210
Step:   920000  |  score: 46.18 ± 31.40  |  actor_loss: -1.4821  cost_loss: 1.3580  nu_loss: 11.2636
Step:   930000  |  score: 55.55 ± 36.66  |  actor_loss: -1.3786  cost_loss: 1.3565  nu_loss: 11.3058
Step:   940000  |  score: 79.25 ± 27.45  |  actor_loss: -1.4801  cost_loss: 1.3687  nu_loss: 11.2508
Step:   950000  |  score: 53.51 ± 35.46  |  actor_loss: -1.4932  cost_loss: 1.3676  nu_loss: 11.2706
Step:   960000  |  score: 58.69 ± 29.69  |  actor_loss: -1.2880  cost_loss: 1.3608  nu_loss: 11.2768
Step:   970000  |  score: 32.65 ± 33.67  |  actor_loss: -1.4924  cost_loss: 1.3649  nu_loss: 11.3437
Step:   980000  |  score: 36.08 ± 34.91  |  actor_loss: -1.5801  cost_loss: 1.3644  nu_loss: 11.2222
Step:   990000  |  score: 65.41 ± 21.81  |  actor_loss: -1.4722  cost_loss: 1.3628  nu_loss: 11.2621
Step:  1000000  |  score: 36.39 ± 25.71  |  actor_loss: -1.4286  cost_loss: 1.3655  nu_loss: 11.2596
Step:  1010000  |  score: 58.03 ± 34.19  |  actor_loss: -1.3263  cost_loss: 1.3674  nu_loss: 11.3561
Step:  1020000  |  score: 34.54 ± 39.92  |  actor_loss: -1.1522  cost_loss: 1.3606  nu_loss: 11.3571
Step:  1030000  |  score: 51.14 ± 39.78  |  actor_loss: -1.3234  cost_loss: 1.3535  nu_loss: 11.2328
Step:  1040000  |  score: 55.82 ± 29.60  |  actor_loss: -1.7151  cost_loss: 1.3649  nu_loss: 11.2791
Step:  1050000  |  score: 34.23 ± 30.29  |  actor_loss: -1.4632  cost_loss: 1.3641  nu_loss: 11.0999
Step:  1060000  |  score: 38.22 ± 20.52  |  actor_loss: -1.4013  cost_loss: 1.3601  nu_loss: 11.2471
Step:  1070000  |  score: 66.79 ± 26.56  |  actor_loss: -1.3863  cost_loss: 1.3616  nu_loss: 11.2395
Step:  1080000  |  score: 49.84 ± 37.96  |  actor_loss: -1.6659  cost_loss: 1.3656  nu_loss: 11.3591
Step:  1090000  |  score: 39.76 ± 36.73  |  actor_loss: -1.3413  cost_loss: 1.3576  nu_loss: 11.1016
Step:  1100000  |  score: 38.65 ± 27.63  |  actor_loss: -1.2694  cost_loss: 1.3645  nu_loss: 11.2434
Step:  1110000  |  score: 49.52 ± 39.03  |  actor_loss: -1.5794  cost_loss: 1.3697  nu_loss: 11.3971
Step:  1120000  |  score: 27.42 ± 19.66  |  actor_loss: -1.3415  cost_loss: 1.3610  nu_loss: 11.3093
Step:  1130000  |  score: 47.69 ± 38.69  |  actor_loss: -1.5365  cost_loss: 1.3762  nu_loss: 11.0377
Step:  1140000  |  score: 40.54 ± 34.80  |  actor_loss: -1.4288  cost_loss: 1.3627  nu_loss: 11.1881
Step:  1150000  |  score: 58.79 ± 31.80  |  actor_loss: -1.5826  cost_loss: 1.3687  nu_loss: 11.0499
Step:  1160000  |  score: 49.81 ± 26.90  |  actor_loss: -1.6804  cost_loss: 1.3568  nu_loss: 10.9570
Step:  1170000  |  score: 57.90 ± 37.32  |  actor_loss: -1.4303  cost_loss: 1.3660  nu_loss: 11.3427
Step:  1180000  |  score: 37.57 ± 39.52  |  actor_loss: -1.8032  cost_loss: 1.3684  nu_loss: 11.0192
Step:  1190000  |  score: 27.35 ± 21.85  |  actor_loss: -1.3647  cost_loss: 1.3645  nu_loss: 11.1711
Step:  1200000  |  score: 54.13 ± 39.29  |  actor_loss: -1.2445  cost_loss: 1.3589  nu_loss: 11.2932
Step:  1210000  |  score: 27.33 ± 14.76  |  actor_loss: -1.6103  cost_loss: 1.3600  nu_loss: 11.1759
Step:  1220000  |  score: 40.37 ± 42.31  |  actor_loss: -1.6256  cost_loss: 1.3648  nu_loss: 11.0674
Step:  1230000  |  score: 82.28 ± 31.40  |  actor_loss: -1.3568  cost_loss: 1.3674  nu_loss: 11.2536
Step:  1240000  |  score: 31.27 ± 28.94  |  actor_loss: -1.3349  cost_loss: 1.3461  nu_loss: 11.1756
Step:  1250000  |  score: 63.75 ± 48.19  |  actor_loss: -1.6683  cost_loss: 1.3667  nu_loss: 11.1874
Step:  1260000  |  score: 53.30 ± 42.23  |  actor_loss: -1.5668  cost_loss: 1.3666  nu_loss: 11.1481
Step:  1270000  |  score: 70.41 ± 37.25  |  actor_loss: -1.5596  cost_loss: 1.3649  nu_loss: 11.3226
Step:  1280000  |  score: 58.89 ± 31.50  |  actor_loss: -1.4523  cost_loss: 1.3715  nu_loss: 11.3740
Step:  1290000  |  score: 24.02 ± 28.15  |  actor_loss: -1.4023  cost_loss: 1.3654  nu_loss: 11.1695
Step:  1300000  |  score: 45.18 ± 35.22  |  actor_loss: -1.3631  cost_loss: 1.3604  nu_loss: 11.3566
Step:  1310000  |  score: 47.89 ± 30.43  |  actor_loss: -1.4349  cost_loss: 1.3711  nu_loss: 11.0118
Step:  1320000  |  score: 37.11 ± 26.97  |  actor_loss: -1.6174  cost_loss: 1.3677  nu_loss: 11.4616
Step:  1330000  |  score: 37.02 ± 33.33  |  actor_loss: -1.2501  cost_loss: 1.3690  nu_loss: 11.1832
Step:  1340000  |  score: 64.88 ± 35.65  |  actor_loss: -1.3123  cost_loss: 1.3479  nu_loss: 11.1370
Step:  1350000  |  score: 57.72 ± 31.36  |  actor_loss: -1.1256  cost_loss: 1.3644  nu_loss: 11.0489
Step:  1360000  |  score: 51.29 ± 31.00  |  actor_loss: -1.4054  cost_loss: 1.3640  nu_loss: 11.2992
Step:  1370000  |  score: 30.76 ± 40.12  |  actor_loss: -1.6604  cost_loss: 1.3721  nu_loss: 11.3752
Step:  1380000  |  score: 48.34 ± 36.82  |  actor_loss: -1.2473  cost_loss: 1.3540  nu_loss: 11.1258
Step:  1390000  |  score: 46.76 ± 36.22  |  actor_loss: -1.6292  cost_loss: 1.3682  nu_loss: 11.0290
Step:  1400000  |  score: 34.17 ± 33.51  |  actor_loss: -1.8496  cost_loss: 1.3676  nu_loss: 10.9550
Step:  1410000  |  score: 32.04 ± 34.03  |  actor_loss: -1.3924  cost_loss: 1.3622  nu_loss: 11.1373
Step:  1420000  |  score: 47.23 ± 35.22  |  actor_loss: -1.5596  cost_loss: 1.3645  nu_loss: 11.2273
Step:  1430000  |  score: 44.21 ± 30.57  |  actor_loss: -1.7774  cost_loss: 1.3707  nu_loss: 11.0425
Step:  1440000  |  score: 32.41 ± 17.75  |  actor_loss: -1.5625  cost_loss: 1.3669  nu_loss: 11.1537
Step:  1450000  |  score: 55.46 ± 37.80  |  actor_loss: -1.3471  cost_loss: 1.3595  nu_loss: 11.3158
Step:  1460000  |  score: 52.88 ± 43.61  |  actor_loss: -1.5847  cost_loss: 1.3618  nu_loss: 11.0102
Step:  1470000  |  score: 63.31 ± 40.00  |  actor_loss: -1.7889  cost_loss: 1.3670  nu_loss: 11.1652
Step:  1480000  |  score: 56.79 ± 35.32  |  actor_loss: -1.6091  cost_loss: 1.3652  nu_loss: 10.9844
Step:  1490000  |  score: 42.43 ± 36.80  |  actor_loss: -1.6513  cost_loss: 1.3639  nu_loss: 11.1760
Step:  1500000  |  score: 43.89 ± 38.55  |  actor_loss: -1.3338  cost_loss: 1.3622  nu_loss: 11.0673
Step:  1510000  |  score: 56.33 ± 39.85  |  actor_loss: -1.5683  cost_loss: 1.3572  nu_loss: 11.3319
Step:  1520000  |  score: 39.57 ± 24.81  |  actor_loss: -1.4111  cost_loss: 1.3608  nu_loss: 11.2886
Step:  1530000  |  score: 29.39 ± 33.38  |  actor_loss: -1.1904  cost_loss: 1.3651  nu_loss: 11.1121
Step:  1540000  |  score: 53.52 ± 25.15  |  actor_loss: -1.4863  cost_loss: 1.3631  nu_loss: 11.2388
Step:  1550000  |  score: 47.40 ± 43.58  |  actor_loss: -1.0995  cost_loss: 1.3608  nu_loss: 11.2093
Step:  1560000  |  score: 33.30 ± 34.45  |  actor_loss: -1.5344  cost_loss: 1.3671  nu_loss: 11.2000
Step:  1570000  |  score: 57.94 ± 34.88  |  actor_loss: -1.7779  cost_loss: 1.3694  nu_loss: 11.1420
Step:  1580000  |  score: 47.12 ± 50.79  |  actor_loss: -1.6817  cost_loss: 1.3639  nu_loss: 11.0104
Step:  1590000  |  score: 56.79 ± 37.54  |  actor_loss: -1.6070  cost_loss: 1.3644  nu_loss: 11.0492
Step:  1600000  |  score: 32.04 ± 22.26  |  actor_loss: -1.3874  cost_loss: 1.3605  nu_loss: 11.2981
Step:  1610000  |  score: 39.11 ± 26.72  |  actor_loss: -1.4228  cost_loss: 1.3664  nu_loss: 10.9870
Step:  1620000  |  score: 69.16 ± 49.66  |  actor_loss: -1.7870  cost_loss: 1.3640  nu_loss: 11.0474
Step:  1630000  |  score: 45.55 ± 48.52  |  actor_loss: -0.8479  cost_loss: 1.3631  nu_loss: 11.3460
Step:  1640000  |  score: 64.21 ± 36.85  |  actor_loss: -1.9465  cost_loss: 1.3681  nu_loss: 10.9553
Step:  1650000  |  score: 53.39 ± 40.31  |  actor_loss: -1.6279  cost_loss: 1.3701  nu_loss: 11.0824
Step:  1660000  |  score: 41.73 ± 36.36  |  actor_loss: -1.5623  cost_loss: 1.3687  nu_loss: 10.8728
Step:  1670000  |  score: 51.66 ± 34.37  |  actor_loss: -1.6374  cost_loss: 1.3668  nu_loss: 10.9784
Step:  1680000  |  score: 52.46 ± 30.59  |  actor_loss: -1.3767  cost_loss: 1.3605  nu_loss: 11.1954
Step:  1690000  |  score: 83.24 ± 37.76  |  actor_loss: -1.6998  cost_loss: 1.3684  nu_loss: 11.1892
Step:  1700000  |  score: 47.62 ± 31.27  |  actor_loss: -1.4892  cost_loss: 1.3528  nu_loss: 11.1188
Step:  1710000  |  score: 41.23 ± 25.91  |  actor_loss: -1.5578  cost_loss: 1.3608  nu_loss: 11.2730
Step:  1720000  |  score: 52.17 ± 19.71  |  actor_loss: -1.4498  cost_loss: 1.3593  nu_loss: 11.1428
Step:  1730000  |  score: 62.17 ± 32.83  |  actor_loss: -1.3798  cost_loss: 1.3603  nu_loss: 11.2437
Step:  1740000  |  score: 50.21 ± 33.60  |  actor_loss: -1.6027  cost_loss: 1.3737  nu_loss: 11.1621
Step:  1750000  |  score: 82.47 ± 41.68  |  actor_loss: -1.6615  cost_loss: 1.3613  nu_loss: 11.1542
Step:  1760000  |  score: 73.48 ± 37.98  |  actor_loss: -1.5488  cost_loss: 1.3609  nu_loss: 11.1234
Step:  1770000  |  score: 63.38 ± 24.50  |  actor_loss: -1.3539  cost_loss: 1.3568  nu_loss: 11.3712
Step:  1780000  |  score: 32.84 ± 38.99  |  actor_loss: -1.3549  cost_loss: 1.3582  nu_loss: 11.4019
Step:  1790000  |  score: 30.85 ± 37.50  |  actor_loss: -1.6089  cost_loss: 1.3610  nu_loss: 11.0738
Step:  1800000  |  score: 45.78 ± 32.34  |  actor_loss: -1.5389  cost_loss: 1.3701  nu_loss: 11.1408
Step:  1810000  |  score: 70.57 ± 33.71  |  actor_loss: -1.3118  cost_loss: 1.3613  nu_loss: 11.1451
Step:  1820000  |  score: 65.19 ± 32.47  |  actor_loss: -1.6544  cost_loss: 1.3636  nu_loss: 10.8672
Step:  1830000  |  score: 60.69 ± 42.25  |  actor_loss: -1.8355  cost_loss: 1.3663  nu_loss: 10.9903
Step:  1840000  |  score: 47.97 ± 34.00  |  actor_loss: -1.4492  cost_loss: 1.3601  nu_loss: 11.0947
Step:  1850000  |  score: 44.16 ± 31.56  |  actor_loss: -1.3876  cost_loss: 1.3621  nu_loss: 11.2648
Step:  1860000  |  score: 53.70 ± 35.60  |  actor_loss: -1.4344  cost_loss: 1.3676  nu_loss: 11.0834
Step:  1870000  |  score: 52.04 ± 45.15  |  actor_loss: -1.3715  cost_loss: 1.3611  nu_loss: 10.9162
Step:  1880000  |  score: 54.84 ± 39.78  |  actor_loss: -1.6900  cost_loss: 1.3687  nu_loss: 11.0907
Step:  1890000  |  score: 57.99 ± 34.10  |  actor_loss: -1.3661  cost_loss: 1.3762  nu_loss: 11.1747
Step:  1900000  |  score: 69.06 ± 46.33  |  actor_loss: -1.4398  cost_loss: 1.3554  nu_loss: 10.9653
Step:  1910000  |  score: 62.99 ± 40.54  |  actor_loss: -1.4288  cost_loss: 1.3657  nu_loss: 11.1503
Step:  1920000  |  score: 69.65 ± 38.14  |  actor_loss: -1.6426  cost_loss: 1.3606  nu_loss: 11.3361
Step:  1930000  |  score: 47.03 ± 46.59  |  actor_loss: -1.4521  cost_loss: 1.3694  nu_loss: 11.3803
Step:  1940000  |  score: 70.74 ± 36.80  |  actor_loss: -1.4167  cost_loss: 1.3612  nu_loss: 10.9399
Step:  1950000  |  score: 67.76 ± 33.17  |  actor_loss: -1.5784  cost_loss: 1.3659  nu_loss: 11.2280
Step:  1960000  |  score: 56.53 ± 38.08  |  actor_loss: -1.6911  cost_loss: 1.3655  nu_loss: 10.9366
Step:  1970000  |  score: 54.67 ± 35.73  |  actor_loss: -1.6901  cost_loss: 1.3601  nu_loss: 11.0338
Step:  1980000  |  score: 44.41 ± 35.80  |  actor_loss: -1.7581  cost_loss: 1.3707  nu_loss: 10.9752
Step:  1990000  |  score: 65.08 ± 32.65  |  actor_loss: -1.4622  cost_loss: 1.3628  nu_loss: 11.0768
Step:  2000000  |  score: 37.27 ± 28.12  |  actor_loss: -1.6324  cost_loss: 1.3641  nu_loss: 11.0848
Final evaluation (13 iterations)...
Final score: 50.99 ± 36.44
wandb: WARNING Symlinked 1 file into the W&B run directory; call wandb.save again to sync new files.
wandb: uploading data; updating run metadata
wandb: uploading data
wandb: uploading data; uploading output.log; uploading wandb-summary.json; uploading config.yaml; uploading final_returns/demodice_hopper-expert-v2_2026-03-18_09-31-13.npz
wandb: uploading data; uploading output.log; uploading wandb-summary.json; uploading config.yaml
wandb: uploading data
wandb: uploading summary, console lines 214-215
wandb: 
wandb: Run history:
wandb:  actor_loss ▇▅█▆▆█▄▅▆▅▅▂▇▄▄▄▅▄▄▃▅▅▃▆▃▃▂▅▃▇▅▁▄▅▃▃▄▄▃▂
wandb:   cost_loss ▆▇▆▅▅▂▆▆▅▅▅▆▅▇▆█▇▇▇▄▅▆▅▆▆▆▄▆▁▆▃▇▅▅▇▅▄▅▆▅
wandb:     nu_loss █▆▅▅▅▆▅▅▅▃▆▄▆▆▄▄▂▁▄▅▅▅▆▅▆▆▆▃▄▅▆▁▂▄▄▄▂▆▂▃
wandb: num_updates ▁▁▁▁▁▂▂▂▂▃▃▃▃▃▃▄▄▄▄▄▄▅▅▅▅▅▅▆▆▆▆▆▇▇▇▇████
wandb:      return ▁▂▃▄▃▄▄▅▅▅▅▅▄▃▆▅▆▄▅▄▃█▇▄▅▅▃▄▅▆▅▅▅█▆▆▅▆▆▄
wandb:       score ▁▂▃▂▃▃▃▂▅▄▆▃▄▄▅▃▅▃▂▄▅█▆▄▄▅▆▄▄▃▅▄▆█▇▇▄▇▆▄
wandb:   score_std ▁▂▂▃▂▃▅▅▃▃▃▆▅▅▆▅▇▆▅▄▇▄▇▅▃▇▃▆▇▆▆▆▆▆▅▅▇▇█▅
wandb: 
wandb: Run summary:
wandb:  actor_loss -1.63242
wandb:   cost_loss 1.36406
wandb:     nu_loss 11.08484
wandb: num_updates 2000000
wandb:      return 1192.83908
wandb:       score 37.27406
wandb:   score_std 28.11514
wandb: 
wandb: 🚀 View run demodice_hopper_M4_s4 at: https://wandb.ai/wsk208/DemoDICE/runs/7x23rlb9
wandb: ⭐️ View project at: https://wandb.ai/wsk208/DemoDICE
wandb: Synced 5 W&B file(s), 0 media file(s), 0 artifact file(s) and 1 other file(s)
wandb: Find logs at: ./wandb/run-20260318_090529-7x23rlb9/logs
