Warning: All of online environments libraries in D4RL have been moved ]8;;https://github.com/Farama-Foundation/Gymnasium\Gymnasium]8;;\, ]8;;https://github.com/Farama-Foundation/MiniGrid\MiniGrid]8;;\ and ]8;;https://github.com/Farama-Foundation/Gymnasium-Robotics\Gymnasium-Robotics]8;;\, and all offline datasets in D4RL have been moved to ]8;;https://github.com/Farama-Foundation/Minari\Minari]8;;\.
These new versions include large bug fixes, new versions of Python, and are where all new development will continue. Please upgrade these libraries as soon as you're able to do so.
If you'd like to read more about the story behind this switch, please check out ]8;;https://farama.org/Announcing-Minari\this blog post]8;;\.
Gym has been unmaintained since 2022 and does not support NumPy 2.0 amongst other critical functionality.
Please upgrade to Gymnasium, the maintained drop-in replacement of Gym, or contact the authors of your software and request that they upgrade.
See the migration guide at https://gymnasium.farama.org/introduction/migration_guide/ for additional information.
/opt/venv/lib/python3.10/site-packages/Cython/Distutils/old_build_ext.py:15: DeprecationWarning: dep_util is Deprecated. Use functions from setuptools instead.
  from distutils.dep_util import newer, newer_group
<frozen importlib._bootstrap>:283: DeprecationWarning: the load_module() method is deprecated and slated for removal in Python 3.12; use exec_module() instead
pybullet build time: Jan 29 2025 23:16:28
wandb: [wandb.login()] Loaded credentials for https://api.wandb.ai from /root/.netrc.
wandb: Currently logged in as: wsk208 to https://api.wandb.ai. Use `wandb login --relogin` to force relogin
/opt/venv/lib/python3.10/site-packages/wandb/analytics/sentry.py:268: DeprecationWarning: Read the `app_url` setting from the appropriate Settings object.
  app_url = wandb.util.app_url(tags["base_url"])  # type: ignore[index]
/opt/venv/lib/python3.10/site-packages/wandb/analytics/sentry.py:279: DeprecationWarning: The `Scope.user` setter is deprecated in favor of `Scope.set_user()`.
  self.scope.user = {"email": email}
wandb: setting up run 7f9u5qee
/opt/venv/lib/python3.10/site-packages/wandb/analytics/sentry.py:268: DeprecationWarning: Read the `app_url` setting from the appropriate Settings object.
  app_url = wandb.util.app_url(tags["base_url"])  # type: ignore[index]
/opt/venv/lib/python3.10/site-packages/wandb/analytics/sentry.py:279: DeprecationWarning: The `Scope.user` setter is deprecated in favor of `Scope.set_user()`.
  self.scope.user = {"email": email}
wandb: Tracking run with wandb version 0.25.1
wandb: Run data is saved locally in /app/wandb/run-20260319_044935-7f9u5qee
wandb: Run `wandb offline` to turn off syncing.
wandb: Syncing run demodice_ant_M1_s3
wandb: ⭐️ View project at https://wandb.ai/wsk208/DemoDICE
wandb: 🚀 View run at https://wandb.ai/wsk208/DemoDICE/runs/7f9u5qee
/opt/venv/lib/python3.10/site-packages/gym/spaces/box.py:84: UserWarning: [33mWARN: Box bound precision lowered by casting to float32[0m
  logger.warn(f"Box bound precision lowered by casting to {self.dtype}")
load datafile:   0%|          | 0/21 [00:00<?, ?it/s]load datafile:   5%|▍         | 1/21 [00:00<00:04,  4.45it/s]load datafile:  14%|█▍        | 3/21 [00:00<00:05,  3.25it/s]load datafile:  19%|█▉        | 4/21 [00:01<00:06,  2.51it/s]load datafile:  81%|████████  | 17/21 [00:03<00:00,  5.47it/s]load datafile:  86%|████████▌ | 18/21 [00:05<00:01,  2.98it/s]load datafile: 100%|██████████| 21/21 [00:05<00:00,  3.91it/s]
Expert  :  999036 transitions  (ant-expert-v2, 400 traj)
load datafile:   0%|          | 0/9 [00:00<?, ?it/s]load datafile:  11%|█         | 1/9 [00:00<00:01,  4.89it/s]load datafile:  33%|███▎      | 3/9 [00:00<00:01,  3.39it/s]load datafile:  44%|████▍     | 4/9 [00:01<00:01,  2.57it/s]load datafile:  56%|█████▌    | 5/9 [00:03<00:03,  1.11it/s]load datafile:  67%|██████▋   | 6/9 [00:05<00:03,  1.23s/it]load datafile: 100%|██████████| 9/9 [00:05<00:00,  1.70it/s]
Imperfect:   18453 transitions  (ant-random-v2, 100 traj)
Union   : 1017489 transitions total
/root/.local/share/uv/python/cpython-3.10-linux-x86_64-gnu/lib/python3.10/multiprocessing/popen_fork.py:66: RuntimeWarning: os.fork() was called. os.fork() is incompatible with multithreaded code, and JAX is multithreaded, so this will likely lead to a deadlock.
  self.pid = os.fork()
/opt/venv/lib/python3.10/site-packages/tensorflow_probability/python/internal/backend/jax/ops.py:681: DeprecationWarning: jax.interpreters.xla.pytype_aval_mappings is deprecated.
  jax.interpreters.xla.pytype_aval_mappings[onp.ndarray])
/opt/venv/lib/python3.10/site-packages/gym/spaces/box.py:84: UserWarning: [33mWARN: Box bound precision lowered by casting to float32[0m
  logger.warn(f"Box bound precision lowered by casting to {self.dtype}")
Step:    10000  |  score: -11.31 ± 13.91  |  actor_loss: -3.2716  cost_loss: 4.1768  nu_loss: 12.3504
Step:    20000  |  score: 4.97 ± 17.58  |  actor_loss: -3.7214  cost_loss: 1.3823  nu_loss: 12.2973
Step:    30000  |  score: 8.76 ± 27.01  |  actor_loss: -3.3480  cost_loss: 1.3817  nu_loss: 12.2725
Step:    40000  |  score: 30.02 ± 24.03  |  actor_loss: -4.0155  cost_loss: 1.3821  nu_loss: 12.2866
Step:    50000  |  score: 44.78 ± 24.87  |  actor_loss: -4.5497  cost_loss: 1.3779  nu_loss: 12.1669
Step:    60000  |  score: 56.68 ± 27.40  |  actor_loss: -4.1745  cost_loss: 1.3787  nu_loss: 12.2086
Step:    70000  |  score: 49.29 ± 31.19  |  actor_loss: -4.7188  cost_loss: 1.3824  nu_loss: 12.1924
Step:    80000  |  score: 60.06 ± 50.31  |  actor_loss: -4.7811  cost_loss: 1.3811  nu_loss: 12.3609
Step:    90000  |  score: 38.95 ± 39.42  |  actor_loss: -4.9958  cost_loss: 1.3800  nu_loss: 12.1742
Step:   100000  |  score: 70.74 ± 22.99  |  actor_loss: -4.7621  cost_loss: 1.3793  nu_loss: 12.1048
Step:   110000  |  score: 60.23 ± 37.89  |  actor_loss: -4.7361  cost_loss: 1.3823  nu_loss: 12.1359
Step:   120000  |  score: 69.47 ± 41.09  |  actor_loss: -4.8168  cost_loss: 1.3784  nu_loss: 12.2564
Step:   130000  |  score: 86.03 ± 28.46  |  actor_loss: -5.0088  cost_loss: 1.3773  nu_loss: 12.1097
Step:   140000  |  score: 63.02 ± 38.10  |  actor_loss: -5.1916  cost_loss: 1.3711  nu_loss: 12.3212
Step:   150000  |  score: 86.24 ± 35.65  |  actor_loss: -4.9142  cost_loss: 1.3725  nu_loss: 12.1668
Step:   160000  |  score: 76.18 ± 36.52  |  actor_loss: -5.2301  cost_loss: 1.3736  nu_loss: 12.0775
Step:   170000  |  score: 60.95 ± 46.04  |  actor_loss: -5.2763  cost_loss: 1.3759  nu_loss: 12.1035
Step:   180000  |  score: 39.95 ± 40.83  |  actor_loss: -4.9893  cost_loss: 1.3714  nu_loss: 12.2160
Step:   190000  |  score: 81.08 ± 27.77  |  actor_loss: -5.5436  cost_loss: 1.3703  nu_loss: 12.1287
Step:   200000  |  score: 55.89 ± 45.40  |  actor_loss: -5.4211  cost_loss: 1.3728  nu_loss: 12.0643
Step:   210000  |  score: 51.13 ± 44.74  |  actor_loss: -5.8344  cost_loss: 1.3729  nu_loss: 12.1304
Step:   220000  |  score: 77.26 ± 52.40  |  actor_loss: -5.4292  cost_loss: 1.3768  nu_loss: 12.1665
Step:   230000  |  score: 85.54 ± 44.28  |  actor_loss: -5.4362  cost_loss: 1.3757  nu_loss: 12.1082
Step:   240000  |  score: 72.54 ± 51.22  |  actor_loss: -5.5294  cost_loss: 1.3707  nu_loss: 12.0120
Step:   250000  |  score: 90.90 ± 40.49  |  actor_loss: -5.6054  cost_loss: 1.3719  nu_loss: 12.1557
Step:   260000  |  score: 69.79 ± 52.10  |  actor_loss: -5.6285  cost_loss: 1.3739  nu_loss: 12.0844
Step:   270000  |  score: 102.44 ± 39.82  |  actor_loss: -5.7391  cost_loss: 1.3770  nu_loss: 12.2309
Step:   280000  |  score: 83.55 ± 35.08  |  actor_loss: -5.4601  cost_loss: 1.3687  nu_loss: 12.0754
Step:   290000  |  score: 93.03 ± 40.33  |  actor_loss: -5.6372  cost_loss: 1.3692  nu_loss: 12.1916
Step:   300000  |  score: 91.94 ± 49.47  |  actor_loss: -5.2585  cost_loss: 1.3723  nu_loss: 12.1993
Step:   310000  |  score: 113.45 ± 21.49  |  actor_loss: -5.5943  cost_loss: 1.3736  nu_loss: 12.1090
Step:   320000  |  score: 109.93 ± 30.14  |  actor_loss: -5.5598  cost_loss: 1.3734  nu_loss: 12.1751
Step:   330000  |  score: 105.32 ± 34.01  |  actor_loss: -5.7579  cost_loss: 1.3684  nu_loss: 12.2024
Step:   340000  |  score: 102.33 ± 39.31  |  actor_loss: -4.6503  cost_loss: 1.3625  nu_loss: 12.2692
Step:   350000  |  score: 81.48 ± 43.03  |  actor_loss: -5.7015  cost_loss: 1.3740  nu_loss: 12.1038
Step:   360000  |  score: 98.61 ± 41.42  |  actor_loss: -6.0052  cost_loss: 1.3698  nu_loss: 11.9862
Step:   370000  |  score: 84.34 ± 32.20  |  actor_loss: -5.6063  cost_loss: 1.3659  nu_loss: 12.1293
Step:   380000  |  score: 87.94 ± 40.58  |  actor_loss: -5.8168  cost_loss: 1.3714  nu_loss: 12.1027
Step:   390000  |  score: 93.46 ± 44.21  |  actor_loss: -5.7305  cost_loss: 1.3736  nu_loss: 12.0748
Step:   400000  |  score: 102.64 ± 40.20  |  actor_loss: -5.7230  cost_loss: 1.3750  nu_loss: 12.0970
Step:   410000  |  score: 111.22 ± 33.84  |  actor_loss: -5.2427  cost_loss: 1.3723  nu_loss: 12.2200
Step:   420000  |  score: 85.76 ± 43.14  |  actor_loss: -5.5515  cost_loss: 1.3671  nu_loss: 12.0286
Step:   430000  |  score: 104.46 ± 45.64  |  actor_loss: -5.5443  cost_loss: 1.3703  nu_loss: 12.1732
Step:   440000  |  score: 126.43 ± 5.08  |  actor_loss: -5.6567  cost_loss: 1.3733  nu_loss: 12.0283
Step:   450000  |  score: 97.66 ± 26.15  |  actor_loss: -5.5292  cost_loss: 1.3727  nu_loss: 12.1433
Step:   460000  |  score: 77.93 ± 49.08  |  actor_loss: -5.4794  cost_loss: 1.3683  nu_loss: 12.1219
Step:   470000  |  score: 93.96 ± 41.90  |  actor_loss: -5.8273  cost_loss: 1.3742  nu_loss: 12.1560
Step:   480000  |  score: 105.61 ± 38.92  |  actor_loss: -5.6400  cost_loss: 1.3710  nu_loss: 12.2108
Step:   490000  |  score: 97.24 ± 40.87  |  actor_loss: -5.7245  cost_loss: 1.3664  nu_loss: 12.1038
Step:   500000  |  score: 109.01 ± 38.34  |  actor_loss: -6.0448  cost_loss: 1.3688  nu_loss: 12.2614
Step:   510000  |  score: 91.71 ± 38.31  |  actor_loss: -5.7648  cost_loss: 1.3675  nu_loss: 12.0901
Step:   520000  |  score: 67.53 ± 48.61  |  actor_loss: -5.8808  cost_loss: 1.3734  nu_loss: 12.0933
Step:   530000  |  score: 96.56 ± 51.18  |  actor_loss: -4.7404  cost_loss: 1.3829  nu_loss: 12.1858
Step:   540000  |  score: 83.88 ± 56.01  |  actor_loss: -6.0380  cost_loss: 1.3729  nu_loss: 12.1599
Step:   550000  |  score: 105.49 ± 29.07  |  actor_loss: -5.7695  cost_loss: 1.3731  nu_loss: 12.0108
Step:   560000  |  score: 95.84 ± 34.16  |  actor_loss: -6.0127  cost_loss: 1.3732  nu_loss: 12.2239
Step:   570000  |  score: 126.25 ± 5.32  |  actor_loss: -6.1494  cost_loss: 1.3756  nu_loss: 12.0678
Step:   580000  |  score: 93.43 ± 41.74  |  actor_loss: -5.7191  cost_loss: 1.3759  nu_loss: 12.0943
Step:   590000  |  score: 80.52 ± 48.34  |  actor_loss: -6.2530  cost_loss: 1.3746  nu_loss: 12.2154
Step:   600000  |  score: 77.63 ± 55.97  |  actor_loss: -5.8985  cost_loss: 1.3731  nu_loss: 12.1544
Step:   610000  |  score: 86.34 ± 45.32  |  actor_loss: -5.8955  cost_loss: 1.3741  nu_loss: 11.9722
Step:   620000  |  score: 89.01 ± 47.05  |  actor_loss: -6.0351  cost_loss: 1.3718  nu_loss: 12.0438
Step:   630000  |  score: 89.18 ± 38.13  |  actor_loss: -6.1029  cost_loss: 1.3735  nu_loss: 12.0841
Step:   640000  |  score: 109.63 ± 28.21  |  actor_loss: -5.6461  cost_loss: 1.3674  nu_loss: 12.0701
Step:   650000  |  score: 88.92 ± 47.16  |  actor_loss: -6.3800  cost_loss: 1.3683  nu_loss: 12.0810
Step:   660000  |  score: 92.09 ± 45.96  |  actor_loss: -6.0850  cost_loss: 1.3710  nu_loss: 12.1506
Step:   670000  |  score: 103.15 ± 26.37  |  actor_loss: -6.2835  cost_loss: 1.3723  nu_loss: 12.0758
Step:   680000  |  score: 104.44 ± 37.86  |  actor_loss: -5.0926  cost_loss: 1.3737  nu_loss: 12.0977
Step:   690000  |  score: 91.55 ± 43.21  |  actor_loss: -5.9059  cost_loss: 1.3715  nu_loss: 12.1253
Step:   700000  |  score: 117.09 ± 15.99  |  actor_loss: -5.7858  cost_loss: 1.3690  nu_loss: 12.0374
Step:   710000  |  score: 103.56 ± 32.70  |  actor_loss: -5.8528  cost_loss: 1.3747  nu_loss: 12.1292
Step:   720000  |  score: 118.91 ± 18.05  |  actor_loss: -5.8970  cost_loss: 1.3734  nu_loss: 12.1971
Step:   730000  |  score: 89.39 ± 53.40  |  actor_loss: -5.6099  cost_loss: 1.3725  nu_loss: 11.9976
Step:   740000  |  score: 101.11 ± 39.31  |  actor_loss: -5.9015  cost_loss: 1.3712  nu_loss: 12.1455
Step:   750000  |  score: 117.29 ± 19.25  |  actor_loss: -5.8514  cost_loss: 1.3688  nu_loss: 12.1080
Step:   760000  |  score: 105.30 ± 33.41  |  actor_loss: -6.1871  cost_loss: 1.3684  nu_loss: 12.2450
Step:   770000  |  score: 85.57 ± 50.61  |  actor_loss: -5.9331  cost_loss: 1.3724  nu_loss: 12.0199
Step:   780000  |  score: 83.45 ± 49.11  |  actor_loss: -5.6654  cost_loss: 1.3711  nu_loss: 12.1684
Step:   790000  |  score: 106.19 ± 35.09  |  actor_loss: -5.4877  cost_loss: 1.3644  nu_loss: 12.0254
Step:   800000  |  score: 88.65 ± 42.02  |  actor_loss: -6.2503  cost_loss: 1.3709  nu_loss: 12.1125
Step:   810000  |  score: 98.06 ± 29.87  |  actor_loss: -6.0084  cost_loss: 1.3730  nu_loss: 12.0315
Step:   820000  |  score: 110.65 ± 19.18  |  actor_loss: -5.8490  cost_loss: 1.3685  nu_loss: 12.1360
Step:   830000  |  score: 105.12 ± 31.51  |  actor_loss: -5.7774  cost_loss: 1.3714  nu_loss: 12.1386
Step:   840000  |  score: 111.62 ± 17.82  |  actor_loss: -6.1231  cost_loss: 1.3697  nu_loss: 12.0195
Step:   850000  |  score: 109.94 ± 23.54  |  actor_loss: -5.9150  cost_loss: 1.3808  nu_loss: 12.0835
Step:   860000  |  score: 74.52 ± 56.23  |  actor_loss: -5.3818  cost_loss: 1.3693  nu_loss: 12.0169
Step:   870000  |  score: 126.48 ± 5.33  |  actor_loss: -6.0834  cost_loss: 1.3680  nu_loss: 12.2096
Step:   880000  |  score: 68.64 ± 62.07  |  actor_loss: -5.9699  cost_loss: 1.3694  nu_loss: 11.9891
Step:   890000  |  score: 95.39 ± 56.65  |  actor_loss: -5.7248  cost_loss: 1.3720  nu_loss: 12.1828
Step:   900000  |  score: 89.20 ± 31.29  |  actor_loss: -6.1266  cost_loss: 1.3779  nu_loss: 12.0698
Step:   910000  |  score: 114.31 ± 11.02  |  actor_loss: -6.2234  cost_loss: 1.3672  nu_loss: 12.1053
Step:   920000  |  score: 89.38 ± 40.17  |  actor_loss: -5.7360  cost_loss: 1.3691  nu_loss: 12.0389
Step:   930000  |  score: 91.73 ± 38.69  |  actor_loss: -5.6272  cost_loss: 1.3724  nu_loss: 12.0311
Step:   940000  |  score: 103.15 ± 45.98  |  actor_loss: -5.6657  cost_loss: 1.3734  nu_loss: 12.0509
Step:   950000  |  score: 103.52 ± 27.26  |  actor_loss: -6.0988  cost_loss: 1.3689  nu_loss: 12.0542
Step:   960000  |  score: 120.99 ± 8.71  |  actor_loss: -5.5239  cost_loss: 1.3670  nu_loss: 12.1277
Step:   970000  |  score: 111.57 ± 38.13  |  actor_loss: -5.8598  cost_loss: 1.3729  nu_loss: 12.1927
Step:   980000  |  score: 119.44 ± 21.55  |  actor_loss: -6.2296  cost_loss: 1.3697  nu_loss: 12.0273
Step:   990000  |  score: 101.66 ± 33.40  |  actor_loss: -5.9536  cost_loss: 1.3734  nu_loss: 12.1088
Step:  1000000  |  score: 87.25 ± 47.21  |  actor_loss: -6.0309  cost_loss: 1.3672  nu_loss: 12.2485
Step:  1010000  |  score: 98.98 ± 46.91  |  actor_loss: -6.6336  cost_loss: 1.3745  nu_loss: 12.1626
Step:  1020000  |  score: 123.40 ± 9.65  |  actor_loss: -6.0023  cost_loss: 1.3732  nu_loss: 11.9978
Step:  1030000  |  score: 120.56 ± 7.06  |  actor_loss: -6.1059  cost_loss: 1.3710  nu_loss: 12.2185
Step:  1040000  |  score: 93.21 ± 44.60  |  actor_loss: -6.1521  cost_loss: 1.3764  nu_loss: 12.0345
Step:  1050000  |  score: 107.63 ± 25.25  |  actor_loss: -5.7102  cost_loss: 1.3744  nu_loss: 12.1659
Step:  1060000  |  score: 57.63 ± 52.46  |  actor_loss: -5.9165  cost_loss: 1.3811  nu_loss: 12.0355
Step:  1070000  |  score: 106.91 ± 41.36  |  actor_loss: -6.3161  cost_loss: 1.3714  nu_loss: 12.0634
Step:  1080000  |  score: 115.47 ± 31.07  |  actor_loss: -6.2010  cost_loss: 1.3709  nu_loss: 12.1488
Step:  1090000  |  score: 122.67 ± 9.78  |  actor_loss: -6.5185  cost_loss: 1.3698  nu_loss: 12.2001
Step:  1100000  |  score: 86.70 ± 36.66  |  actor_loss: -5.9057  cost_loss: 1.3626  nu_loss: 12.0307
Step:  1110000  |  score: 99.72 ± 47.22  |  actor_loss: -5.8630  cost_loss: 1.3740  nu_loss: 12.0878
Step:  1120000  |  score: 128.66 ± 3.47  |  actor_loss: -6.1720  cost_loss: 1.3707  nu_loss: 12.0804
Step:  1130000  |  score: 101.06 ± 38.53  |  actor_loss: -6.0704  cost_loss: 1.3753  nu_loss: 12.0886
Step:  1140000  |  score: 104.50 ± 28.58  |  actor_loss: -6.1290  cost_loss: 1.3728  nu_loss: 11.9872
Step:  1150000  |  score: 106.31 ± 40.93  |  actor_loss: -6.0339  cost_loss: 1.3720  nu_loss: 12.0758
Step:  1160000  |  score: 111.02 ± 37.94  |  actor_loss: -6.0997  cost_loss: 1.3709  nu_loss: 11.9700
Step:  1170000  |  score: 110.54 ± 30.37  |  actor_loss: -6.4350  cost_loss: 1.3683  nu_loss: 12.1610
Step:  1180000  |  score: 101.11 ± 39.71  |  actor_loss: -6.1385  cost_loss: 1.3712  nu_loss: 12.0961
Step:  1190000  |  score: 113.40 ± 34.35  |  actor_loss: -6.2197  cost_loss: 1.3750  nu_loss: 11.8679
Step:  1200000  |  score: 114.41 ± 22.11  |  actor_loss: -5.9693  cost_loss: 1.3684  nu_loss: 12.0171
Step:  1210000  |  score: 110.90 ± 30.44  |  actor_loss: -5.9592  cost_loss: 1.3687  nu_loss: 12.0765
Step:  1220000  |  score: 121.99 ± 10.35  |  actor_loss: -6.2366  cost_loss: 1.3724  nu_loss: 12.0808
Step:  1230000  |  score: 122.13 ± 3.23  |  actor_loss: -6.1341  cost_loss: 1.3675  nu_loss: 12.0653
Step:  1240000  |  score: 69.14 ± 58.08  |  actor_loss: -6.1455  cost_loss: 1.3703  nu_loss: 12.1069
Step:  1250000  |  score: 98.81 ± 42.15  |  actor_loss: -7.1927  cost_loss: 1.3676  nu_loss: 12.4036
Step:  1260000  |  score: 102.00 ± 47.16  |  actor_loss: -6.1976  cost_loss: 1.3677  nu_loss: 12.1229
Step:  1270000  |  score: 85.30 ± 44.94  |  actor_loss: -6.2701  cost_loss: 1.3768  nu_loss: 12.0576
Step:  1280000  |  score: 96.31 ± 33.96  |  actor_loss: -5.9439  cost_loss: 1.3708  nu_loss: 12.1919
Step:  1290000  |  score: 94.55 ± 39.43  |  actor_loss: -6.2523  cost_loss: 1.3713  nu_loss: 12.0908
Step:  1300000  |  score: 62.22 ± 52.74  |  actor_loss: -5.8511  cost_loss: 1.3705  nu_loss: 12.1453
Step:  1310000  |  score: 112.25 ± 34.97  |  actor_loss: -5.7957  cost_loss: 1.3784  nu_loss: 11.9830
Step:  1320000  |  score: 102.72 ± 43.03  |  actor_loss: -5.7837  cost_loss: 1.3688  nu_loss: 12.1580
Step:  1330000  |  score: 105.18 ± 34.51  |  actor_loss: -6.0741  cost_loss: 1.3693  nu_loss: 12.0683
Step:  1340000  |  score: 122.66 ± 9.61  |  actor_loss: -6.2553  cost_loss: 1.3740  nu_loss: 12.0159
Step:  1350000  |  score: 105.50 ± 33.95  |  actor_loss: -6.3302  cost_loss: 1.3703  nu_loss: 12.0741
Step:  1360000  |  score: 55.88 ± 46.24  |  actor_loss: -6.0882  cost_loss: 1.3698  nu_loss: 11.9907
Step:  1370000  |  score: 97.48 ± 43.28  |  actor_loss: -5.9045  cost_loss: 1.3757  nu_loss: 12.0651
Step:  1380000  |  score: 105.44 ± 27.04  |  actor_loss: -6.4496  cost_loss: 1.3786  nu_loss: 12.1185
Step:  1390000  |  score: 114.91 ± 36.57  |  actor_loss: -6.0874  cost_loss: 1.3633  nu_loss: 12.1596
Step:  1400000  |  score: 63.14 ± 63.56  |  actor_loss: -6.0016  cost_loss: 1.3683  nu_loss: 12.1061
Step:  1410000  |  score: 84.15 ± 46.10  |  actor_loss: -5.6474  cost_loss: 1.3645  nu_loss: 12.1378
Step:  1420000  |  score: 103.01 ± 47.86  |  actor_loss: -6.1150  cost_loss: 1.3647  nu_loss: 12.0056
Step:  1430000  |  score: 94.85 ± 32.12  |  actor_loss: -6.2029  cost_loss: 1.3713  nu_loss: 12.0292
Step:  1440000  |  score: 77.47 ± 48.17  |  actor_loss: -5.4187  cost_loss: 1.3711  nu_loss: 12.1427
Step:  1450000  |  score: 115.17 ± 31.99  |  actor_loss: -6.2420  cost_loss: 1.3677  nu_loss: 12.1789
Step:  1460000  |  score: 104.94 ± 49.10  |  actor_loss: -6.1913  cost_loss: 1.3770  nu_loss: 12.1259
Step:  1470000  |  score: 104.12 ± 31.92  |  actor_loss: -6.0821  cost_loss: 1.3733  nu_loss: 12.1339
Step:  1480000  |  score: 84.45 ± 50.84  |  actor_loss: -6.1331  cost_loss: 1.3769  nu_loss: 12.2466
Step:  1490000  |  score: 94.45 ± 41.08  |  actor_loss: -5.8665  cost_loss: 1.3651  nu_loss: 12.0248
Step:  1500000  |  score: 87.90 ± 48.07  |  actor_loss: -5.7614  cost_loss: 1.3712  nu_loss: 12.0051
Step:  1510000  |  score: 108.45 ± 38.27  |  actor_loss: -6.2324  cost_loss: 1.3700  nu_loss: 12.0268
Step:  1520000  |  score: 110.03 ± 24.16  |  actor_loss: -5.8055  cost_loss: 1.3768  nu_loss: 12.1061
Step:  1530000  |  score: 115.62 ± 29.14  |  actor_loss: -5.9091  cost_loss: 1.3692  nu_loss: 12.0550
Step:  1540000  |  score: 100.02 ± 32.91  |  actor_loss: -5.8553  cost_loss: 1.3709  nu_loss: 12.0740
Step:  1550000  |  score: 96.66 ± 44.37  |  actor_loss: -6.3008  cost_loss: 1.3666  nu_loss: 12.3692
Step:  1560000  |  score: 123.45 ± 6.00  |  actor_loss: -6.0881  cost_loss: 1.3799  nu_loss: 12.2411
Step:  1570000  |  score: 103.54 ± 38.30  |  actor_loss: -5.9777  cost_loss: 1.3764  nu_loss: 12.2053
Step:  1580000  |  score: 97.04 ± 39.19  |  actor_loss: -6.1363  cost_loss: 1.3727  nu_loss: 12.0501
Step:  1590000  |  score: 83.21 ± 58.87  |  actor_loss: -5.8115  cost_loss: 1.3590  nu_loss: 11.9216
Step:  1600000  |  score: 110.59 ± 37.18  |  actor_loss: -6.0779  cost_loss: 1.3743  nu_loss: 12.0023
Step:  1610000  |  score: 80.70 ± 48.30  |  actor_loss: -5.9100  cost_loss: 1.3745  nu_loss: 11.9761
Step:  1620000  |  score: 118.47 ± 19.95  |  actor_loss: -6.1909  cost_loss: 1.3685  nu_loss: 12.0817
Step:  1630000  |  score: 84.07 ± 50.80  |  actor_loss: -6.0579  cost_loss: 1.3767  nu_loss: 11.9831
Step:  1640000  |  score: 127.04 ± 4.46  |  actor_loss: -6.3332  cost_loss: 1.3707  nu_loss: 12.1106
Step:  1650000  |  score: 117.36 ± 18.25  |  actor_loss: -6.1189  cost_loss: 1.3742  nu_loss: 12.1361
Step:  1660000  |  score: 98.76 ± 47.33  |  actor_loss: -6.5509  cost_loss: 1.3683  nu_loss: 12.0643
Step:  1670000  |  score: 122.58 ± 9.64  |  actor_loss: -5.5631  cost_loss: 1.3711  nu_loss: 12.1763
Step:  1680000  |  score: 88.64 ± 42.90  |  actor_loss: -5.9305  cost_loss: 1.3695  nu_loss: 12.0890
Step:  1690000  |  score: 91.77 ± 43.73  |  actor_loss: -5.9358  cost_loss: 1.3705  nu_loss: 12.1347
Step:  1700000  |  score: 98.78 ± 44.05  |  actor_loss: -6.2529  cost_loss: 1.3710  nu_loss: 12.2658
Step:  1710000  |  score: 111.96 ± 31.18  |  actor_loss: -6.4332  cost_loss: 1.3748  nu_loss: 12.0561
Step:  1720000  |  score: 91.79 ± 54.74  |  actor_loss: -6.1874  cost_loss: 1.3741  nu_loss: 11.9890
Step:  1730000  |  score: 106.26 ± 35.97  |  actor_loss: -6.5142  cost_loss: 1.3695  nu_loss: 12.1008
Step:  1740000  |  score: 101.26 ± 40.65  |  actor_loss: -6.0569  cost_loss: 1.3661  nu_loss: 12.1526
Step:  1750000  |  score: 113.22 ± 19.30  |  actor_loss: -6.2294  cost_loss: 1.3713  nu_loss: 12.0958
Step:  1760000  |  score: 106.94 ± 44.65  |  actor_loss: -6.4006  cost_loss: 1.3687  nu_loss: 12.0123
Step:  1770000  |  score: 120.92 ± 11.22  |  actor_loss: -6.1213  cost_loss: 1.3724  nu_loss: 12.1045
Step:  1780000  |  score: 75.20 ± 52.23  |  actor_loss: -6.4171  cost_loss: 1.3725  nu_loss: 12.1017
Step:  1790000  |  score: 95.28 ± 39.68  |  actor_loss: -6.4784  cost_loss: 1.3714  nu_loss: 12.0241
Step:  1800000  |  score: 115.48 ± 21.55  |  actor_loss: -6.6117  cost_loss: 1.3772  nu_loss: 12.3222
Step:  1810000  |  score: 115.35 ± 16.68  |  actor_loss: -6.5164  cost_loss: 1.3734  nu_loss: 11.9631
Step:  1820000  |  score: 83.76 ± 43.87  |  actor_loss: -6.2634  cost_loss: 1.3693  nu_loss: 12.2095
Step:  1830000  |  score: 104.12 ± 44.99  |  actor_loss: -6.2853  cost_loss: 1.3706  nu_loss: 12.1554
Step:  1840000  |  score: 115.76 ± 23.60  |  actor_loss: -6.4900  cost_loss: 1.3740  nu_loss: 12.1715
Step:  1850000  |  score: 112.71 ± 27.02  |  actor_loss: -6.0357  cost_loss: 1.3687  nu_loss: 12.1005
Step:  1860000  |  score: 123.88 ± 12.70  |  actor_loss: -5.8421  cost_loss: 1.3678  nu_loss: 11.9786
Step:  1870000  |  score: 103.72 ± 41.46  |  actor_loss: -6.4537  cost_loss: 1.3759  nu_loss: 12.2256
Step:  1880000  |  score: 78.84 ± 51.98  |  actor_loss: -6.2310  cost_loss: 1.3696  nu_loss: 11.9219
Step:  1890000  |  score: 102.24 ± 39.95  |  actor_loss: -5.7666  cost_loss: 1.3719  nu_loss: 12.0940
Step:  1900000  |  score: 116.67 ± 33.05  |  actor_loss: -6.2111  cost_loss: 1.3728  nu_loss: 11.9646
Step:  1910000  |  score: 101.92 ± 46.50  |  actor_loss: -6.6847  cost_loss: 1.3769  nu_loss: 12.0702
Step:  1920000  |  score: 127.28 ± 3.87  |  actor_loss: -6.5059  cost_loss: 1.3764  nu_loss: 12.1682
Step:  1930000  |  score: 84.22 ± 45.46  |  actor_loss: -6.3755  cost_loss: 1.3697  nu_loss: 12.0120
Step:  1940000  |  score: 93.86 ± 36.18  |  actor_loss: -6.2807  cost_loss: 1.3698  nu_loss: 12.0441
Step:  1950000  |  score: 97.85 ± 36.80  |  actor_loss: -6.2055  cost_loss: 1.3728  nu_loss: 11.9289
Step:  1960000  |  score: 119.56 ± 15.01  |  actor_loss: -6.0859  cost_loss: 1.3692  nu_loss: 12.1587
Step:  1970000  |  score: 96.76 ± 52.79  |  actor_loss: -6.1975  cost_loss: 1.3676  nu_loss: 12.0185
Step:  1980000  |  score: 105.93 ± 30.51  |  actor_loss: -6.4477  cost_loss: 1.3739  nu_loss: 12.3650
Step:  1990000  |  score: 110.94 ± 36.37  |  actor_loss: -6.2462  cost_loss: 1.3740  nu_loss: 11.9392
Step:  2000000  |  score: 99.86 ± 39.63  |  actor_loss: -5.8765  cost_loss: 1.3673  nu_loss: 12.0272
Final evaluation (13 iterations)...
Final score: 105.69 ± 40.10
wandb: WARNING Symlinked 1 file into the W&B run directory; call wandb.save again to sync new files.
wandb: updating run metadata
wandb: uploading final_returns/demodice_ant-expert-v2_2026-03-19_05-22-04.npz; uploading output.log; uploading wandb-summary.json; uploading config.yaml
wandb: uploading summary, console lines 214-215
wandb: 
wandb: Run history:
wandb:  actor_loss █▄▄▄▃▄▄▄▃▂▃▃▃▄▄▃▃▅▂▃▂▂▃▂▃▂▃▂▃▁▃▂▄▂▁▁▁▁▂▁
wandb:   cost_loss █▁▁▁▁▁▁▁▁▁▁▁▁▁▁▁▁▁▁▁▁▁▁▁▁▁▁▁▁▁▁▁▁▁▁▁▁▁▁▁
wandb:     nu_loss ▇▇▆▃▆▆▆▄▃▅▅▃▄▄▄▄▃▃▅▃▅▄▁▄▄▄▅▃▅▅▄▄▄▄▄▅▄▃█▃
wandb: num_updates ▁▁▁▂▂▂▂▂▂▃▃▃▃▃▃▄▄▄▄▄▅▅▅▅▅▅▆▆▆▆▆▆▆▆▆▇▇▇▇█
wandb:      return ▁▃▅▆▆▆▆▆▆▇▆▇▇█▆▇▇▇▇▆▅▆▇▆▇▇█▆▄▇▄▆▇▅▇▆▇▆▆▇
wandb:       score ▁▅▄▅▅▆▆▇▆▆▆▅▇▆▆▆▇▇▇▆▇▇▇▇▇▇▇█▇▇▇▅▆▇██▆▆▇█
wandb:   score_std ▄▃▅▄▇▄▅▅▆▁▅▆▆▄▆▇▅▃▆▅▃▂▅▂▅▂▁▄▆▇▆▅█▄▄▅▆▃▆▄
wandb: 
wandb: Run summary:
wandb:  actor_loss -5.87651
wandb:   cost_loss 1.36726
wandb:     nu_loss 12.02723
wandb: num_updates 2000000
wandb:      return 3873.97415
wandb:       score 99.86384
wandb:   score_std 39.63486
wandb: 
wandb: 🚀 View run demodice_ant_M1_s3 at: https://wandb.ai/wsk208/DemoDICE/runs/7f9u5qee
wandb: ⭐️ View project at: https://wandb.ai/wsk208/DemoDICE
wandb: Synced 5 W&B file(s), 0 media file(s), 0 artifact file(s) and 1 other file(s)
wandb: Find logs at: ./wandb/run-20260319_044935-7f9u5qee/logs
