Warning: All of online environments libraries in D4RL have been moved ]8;;https://github.com/Farama-Foundation/Gymnasium\Gymnasium]8;;\, ]8;;https://github.com/Farama-Foundation/MiniGrid\MiniGrid]8;;\ and ]8;;https://github.com/Farama-Foundation/Gymnasium-Robotics\Gymnasium-Robotics]8;;\, and all offline datasets in D4RL have been moved to ]8;;https://github.com/Farama-Foundation/Minari\Minari]8;;\.
These new versions include large bug fixes, new versions of Python, and are where all new development will continue. Please upgrade these libraries as soon as you're able to do so.
If you'd like to read more about the story behind this switch, please check out ]8;;https://farama.org/Announcing-Minari\this blog post]8;;\.
Gym has been unmaintained since 2022 and does not support NumPy 2.0 amongst other critical functionality.
Please upgrade to Gymnasium, the maintained drop-in replacement of Gym, or contact the authors of your software and request that they upgrade.
See the migration guide at https://gymnasium.farama.org/introduction/migration_guide/ for additional information.
/opt/venv/lib/python3.10/site-packages/Cython/Distutils/old_build_ext.py:15: DeprecationWarning: dep_util is Deprecated. Use functions from setuptools instead.
  from distutils.dep_util import newer, newer_group
<frozen importlib._bootstrap>:283: DeprecationWarning: the load_module() method is deprecated and slated for removal in Python 3.12; use exec_module() instead
pybullet build time: Jan 29 2025 23:16:28
wandb: [wandb.login()] Loaded credentials for https://api.wandb.ai from /root/.netrc.
wandb: Currently logged in as: wsk208 to https://api.wandb.ai. Use `wandb login --relogin` to force relogin
/opt/venv/lib/python3.10/site-packages/wandb/analytics/sentry.py:268: DeprecationWarning: Read the `app_url` setting from the appropriate Settings object.
  app_url = wandb.util.app_url(tags["base_url"])  # type: ignore[index]
/opt/venv/lib/python3.10/site-packages/wandb/analytics/sentry.py:279: DeprecationWarning: The `Scope.user` setter is deprecated in favor of `Scope.set_user()`.
  self.scope.user = {"email": email}
wandb: setting up run jcyupoci
/opt/venv/lib/python3.10/site-packages/wandb/analytics/sentry.py:268: DeprecationWarning: Read the `app_url` setting from the appropriate Settings object.
  app_url = wandb.util.app_url(tags["base_url"])  # type: ignore[index]
/opt/venv/lib/python3.10/site-packages/wandb/analytics/sentry.py:279: DeprecationWarning: The `Scope.user` setter is deprecated in favor of `Scope.set_user()`.
  self.scope.user = {"email": email}
wandb: Tracking run with wandb version 0.25.1
wandb: Run data is saved locally in /app/wandb/run-20260318_140915-jcyupoci
wandb: Run `wandb offline` to turn off syncing.
wandb: Syncing run demodice_walker2d_M1_s1
wandb: ⭐️ View project at https://wandb.ai/wsk208/DemoDICE
wandb: 🚀 View run at https://wandb.ai/wsk208/DemoDICE/runs/jcyupoci
/opt/venv/lib/python3.10/site-packages/gym/spaces/box.py:84: UserWarning: [33mWARN: Box bound precision lowered by casting to float32[0m
  logger.warn(f"Box bound precision lowered by casting to {self.dtype}")
load datafile:   0%|          | 0/21 [00:00<?, ?it/s]load datafile:   5%|▍         | 1/21 [00:00<00:03,  5.81it/s]load datafile:  14%|█▍        | 3/21 [00:00<00:03,  5.24it/s]load datafile:  19%|█▉        | 4/21 [00:00<00:04,  4.01it/s]load datafile:  81%|████████  | 17/21 [00:01<00:00, 15.42it/s]load datafile:  90%|█████████ | 19/21 [00:01<00:00, 10.74it/s]load datafile: 100%|██████████| 21/21 [00:01<00:00, 11.13it/s]
Expert  :  999000 transitions  (walker2d-expert-v2, 400 traj)
load datafile:   0%|          | 0/9 [00:00<?, ?it/s]load datafile:  11%|█         | 1/9 [00:00<00:01,  6.48it/s]load datafile:  33%|███▎      | 3/9 [00:00<00:01,  5.51it/s]load datafile:  44%|████▍     | 4/9 [00:00<00:01,  4.11it/s]load datafile:  56%|█████▌    | 5/9 [00:01<00:01,  3.20it/s]load datafile:  67%|██████▋   | 6/9 [00:01<00:01,  2.80it/s]load datafile: 100%|██████████| 9/9 [00:01<00:00,  4.92it/s]
Imperfect:    2073 transitions  (walker2d-random-v2, 100 traj)
Union   : 1001073 transitions total
/root/.local/share/uv/python/cpython-3.10-linux-x86_64-gnu/lib/python3.10/multiprocessing/popen_fork.py:66: RuntimeWarning: os.fork() was called. os.fork() is incompatible with multithreaded code, and JAX is multithreaded, so this will likely lead to a deadlock.
  self.pid = os.fork()
/opt/venv/lib/python3.10/site-packages/tensorflow_probability/python/internal/backend/jax/ops.py:681: DeprecationWarning: jax.interpreters.xla.pytype_aval_mappings is deprecated.
  jax.interpreters.xla.pytype_aval_mappings[onp.ndarray])
/opt/venv/lib/python3.10/site-packages/gym/spaces/box.py:84: UserWarning: [33mWARN: Box bound precision lowered by casting to float32[0m
  logger.warn(f"Box bound precision lowered by casting to {self.dtype}")
Step:    10000  |  score: 19.26 ± 14.14  |  actor_loss: -3.4264  cost_loss: 1.3840  nu_loss: 11.5898
Step:    20000  |  score: 18.28 ± 15.49  |  actor_loss: -3.3764  cost_loss: 1.3805  nu_loss: 11.4164
Step:    30000  |  score: 22.34 ± 9.67  |  actor_loss: -3.6870  cost_loss: 1.3813  nu_loss: 11.1133
Step:    40000  |  score: 37.63 ± 25.40  |  actor_loss: -3.5298  cost_loss: 1.3817  nu_loss: 11.1083
Step:    50000  |  score: 59.49 ± 15.76  |  actor_loss: -3.2917  cost_loss: 1.3787  nu_loss: 11.2620
Step:    60000  |  score: 47.38 ± 27.91  |  actor_loss: -3.9768  cost_loss: 1.3790  nu_loss: 11.0488
Step:    70000  |  score: 63.71 ± 37.49  |  actor_loss: -3.9286  cost_loss: 1.3823  nu_loss: 11.0324
Step:    80000  |  score: 58.48 ± 29.31  |  actor_loss: -4.0239  cost_loss: 1.3805  nu_loss: 11.0968
Step:    90000  |  score: 46.23 ± 26.08  |  actor_loss: -3.9396  cost_loss: 1.3830  nu_loss: 11.0118
Step:   100000  |  score: 62.95 ± 28.48  |  actor_loss: -4.4132  cost_loss: 1.3802  nu_loss: 11.1995
Step:   110000  |  score: 64.25 ± 23.91  |  actor_loss: -3.7869  cost_loss: 1.3828  nu_loss: 11.2509
Step:   120000  |  score: 85.55 ± 21.32  |  actor_loss: -3.8456  cost_loss: 1.3830  nu_loss: 11.1261
Step:   130000  |  score: 66.03 ± 32.91  |  actor_loss: -3.8060  cost_loss: 1.3796  nu_loss: 10.9620
Step:   140000  |  score: 93.78 ± 13.85  |  actor_loss: -4.2083  cost_loss: 1.3830  nu_loss: 10.9436
Step:   150000  |  score: 76.08 ± 24.80  |  actor_loss: -4.1758  cost_loss: 1.3806  nu_loss: 10.9665
Step:   160000  |  score: 94.42 ± 16.88  |  actor_loss: -4.0788  cost_loss: 1.3812  nu_loss: 10.9946
Step:   170000  |  score: 94.93 ± 17.05  |  actor_loss: -4.1593  cost_loss: 1.3800  nu_loss: 10.9161
Step:   180000  |  score: 72.29 ± 28.67  |  actor_loss: -4.2599  cost_loss: 1.3794  nu_loss: 11.2663
Step:   190000  |  score: 76.30 ± 33.21  |  actor_loss: -4.4116  cost_loss: 1.3821  nu_loss: 11.2292
Step:   200000  |  score: 102.18 ± 8.60  |  actor_loss: -4.2436  cost_loss: 1.3822  nu_loss: 10.9172
Step:   210000  |  score: 101.73 ± 14.17  |  actor_loss: -3.9287  cost_loss: 1.3812  nu_loss: 11.1756
Step:   220000  |  score: 97.66 ± 14.18  |  actor_loss: -4.0678  cost_loss: 1.3822  nu_loss: 11.0304
Step:   230000  |  score: 96.54 ± 28.63  |  actor_loss: -4.1366  cost_loss: 1.3814  nu_loss: 10.9322
Step:   240000  |  score: 89.19 ± 31.10  |  actor_loss: -3.8767  cost_loss: 1.3818  nu_loss: 10.7467
Step:   250000  |  score: 81.71 ± 35.74  |  actor_loss: -4.1447  cost_loss: 1.3817  nu_loss: 10.8116
Step:   260000  |  score: 106.05 ± 3.43  |  actor_loss: -3.9324  cost_loss: 1.3812  nu_loss: 10.8899
Step:   270000  |  score: 96.51 ± 28.29  |  actor_loss: -3.8607  cost_loss: 1.3817  nu_loss: 11.0179
Step:   280000  |  score: 94.71 ± 31.65  |  actor_loss: -4.0387  cost_loss: 1.3806  nu_loss: 11.2545
Step:   290000  |  score: 102.76 ± 11.69  |  actor_loss: -3.7675  cost_loss: 1.3800  nu_loss: 10.7192
Step:   300000  |  score: 100.59 ± 14.29  |  actor_loss: -3.5568  cost_loss: 1.3787  nu_loss: 10.7640
Step:   310000  |  score: 107.02 ± 1.00  |  actor_loss: -4.4817  cost_loss: 1.3836  nu_loss: 10.6380
Step:   320000  |  score: 105.94 ± 3.65  |  actor_loss: -4.4393  cost_loss: 1.3817  nu_loss: 10.8709
Step:   330000  |  score: 100.31 ± 16.73  |  actor_loss: -4.0817  cost_loss: 1.3807  nu_loss: 11.0499
Step:   340000  |  score: 99.76 ± 13.34  |  actor_loss: -4.4087  cost_loss: 1.3811  nu_loss: 10.7711
Step:   350000  |  score: 88.71 ± 28.56  |  actor_loss: -3.8460  cost_loss: 1.3827  nu_loss: 10.8691
Step:   360000  |  score: 106.67 ± 1.19  |  actor_loss: -4.1281  cost_loss: 1.3813  nu_loss: 11.0106
Step:   370000  |  score: 106.48 ± 0.75  |  actor_loss: -3.9771  cost_loss: 1.3800  nu_loss: 10.7273
Step:   380000  |  score: 95.89 ± 29.22  |  actor_loss: -4.1365  cost_loss: 1.3802  nu_loss: 10.7918
Step:   390000  |  score: 106.91 ± 0.39  |  actor_loss: -4.0275  cost_loss: 1.3825  nu_loss: 11.0366
Step:   400000  |  score: 107.16 ± 0.81  |  actor_loss: -4.1707  cost_loss: 1.3813  nu_loss: 10.7565
Step:   410000  |  score: 101.24 ± 15.58  |  actor_loss: -4.4342  cost_loss: 1.3805  nu_loss: 11.1511
Step:   420000  |  score: 107.12 ± 0.61  |  actor_loss: -3.7364  cost_loss: 1.3786  nu_loss: 10.8399
Step:   430000  |  score: 107.32 ± 0.88  |  actor_loss: -4.2088  cost_loss: 1.3824  nu_loss: 10.9041
Step:   440000  |  score: 106.73 ± 1.11  |  actor_loss: -4.3519  cost_loss: 1.3823  nu_loss: 10.6552
Step:   450000  |  score: 107.35 ± 1.21  |  actor_loss: -4.3757  cost_loss: 1.3820  nu_loss: 10.7406
Step:   460000  |  score: 96.79 ± 19.70  |  actor_loss: -4.3027  cost_loss: 1.3810  nu_loss: 10.7520
Step:   470000  |  score: 94.72 ± 27.75  |  actor_loss: -4.0640  cost_loss: 1.3816  nu_loss: 11.0621
Step:   480000  |  score: 96.90 ± 26.51  |  actor_loss: -4.2220  cost_loss: 1.3836  nu_loss: 10.8668
Step:   490000  |  score: 107.07 ± 0.81  |  actor_loss: -4.2239  cost_loss: 1.3832  nu_loss: 10.8003
Step:   500000  |  score: 105.41 ± 5.16  |  actor_loss: -4.3765  cost_loss: 1.3808  nu_loss: 10.8689
Step:   510000  |  score: 107.10 ± 0.76  |  actor_loss: -3.8549  cost_loss: 1.3828  nu_loss: 10.5945
Step:   520000  |  score: 107.64 ± 0.46  |  actor_loss: -4.2601  cost_loss: 1.3801  nu_loss: 10.7415
Step:   530000  |  score: 107.26 ± 0.59  |  actor_loss: -4.1325  cost_loss: 1.3825  nu_loss: 10.7402
Step:   540000  |  score: 106.16 ± 1.18  |  actor_loss: -3.7094  cost_loss: 1.3819  nu_loss: 10.5345
Step:   550000  |  score: 106.66 ± 1.20  |  actor_loss: -4.1529  cost_loss: 1.3812  nu_loss: 11.0243
Step:   560000  |  score: 95.21 ± 29.85  |  actor_loss: -3.9698  cost_loss: 1.3806  nu_loss: 10.6137
Step:   570000  |  score: 107.01 ± 0.88  |  actor_loss: -4.3105  cost_loss: 1.3807  nu_loss: 11.1531
Step:   580000  |  score: 107.22 ± 0.98  |  actor_loss: -4.4334  cost_loss: 1.3831  nu_loss: 10.6055
Step:   590000  |  score: 99.18 ± 20.37  |  actor_loss: -3.9872  cost_loss: 1.3796  nu_loss: 10.9740
Step:   600000  |  score: 106.87 ± 0.66  |  actor_loss: -4.1180  cost_loss: 1.3809  nu_loss: 10.8168
Step:   610000  |  score: 96.74 ± 27.21  |  actor_loss: -3.9636  cost_loss: 1.3827  nu_loss: 10.7285
Step:   620000  |  score: 107.22 ± 0.63  |  actor_loss: -3.7437  cost_loss: 1.3825  nu_loss: 10.9735
Step:   630000  |  score: 107.87 ± 0.52  |  actor_loss: -4.0646  cost_loss: 1.3822  nu_loss: 11.1313
Step:   640000  |  score: 106.90 ± 0.57  |  actor_loss: -4.4369  cost_loss: 1.3808  nu_loss: 11.2700
Step:   650000  |  score: 106.45 ± 0.98  |  actor_loss: -4.4118  cost_loss: 1.3788  nu_loss: 10.9366
Step:   660000  |  score: 96.85 ± 27.29  |  actor_loss: -4.5174  cost_loss: 1.3828  nu_loss: 10.9497
Step:   670000  |  score: 85.52 ± 33.66  |  actor_loss: -4.3786  cost_loss: 1.3804  nu_loss: 10.8646
Step:   680000  |  score: 95.40 ± 31.90  |  actor_loss: -4.2322  cost_loss: 1.3825  nu_loss: 10.8496
Step:   690000  |  score: 106.22 ± 1.13  |  actor_loss: -4.3844  cost_loss: 1.3814  nu_loss: 10.9189
Step:   700000  |  score: 99.04 ± 19.98  |  actor_loss: -4.2790  cost_loss: 1.3812  nu_loss: 10.8164
Step:   710000  |  score: 106.50 ± 2.72  |  actor_loss: -4.1357  cost_loss: 1.3813  nu_loss: 10.7574
Step:   720000  |  score: 97.69 ± 23.82  |  actor_loss: -3.8750  cost_loss: 1.3807  nu_loss: 10.9713
Step:   730000  |  score: 78.02 ± 39.88  |  actor_loss: -3.9940  cost_loss: 1.3831  nu_loss: 10.7010
Step:   740000  |  score: 107.09 ± 0.54  |  actor_loss: -4.0837  cost_loss: 1.3815  nu_loss: 11.1431
Step:   750000  |  score: 105.46 ± 6.88  |  actor_loss: -4.0795  cost_loss: 1.3794  nu_loss: 10.6696
Step:   760000  |  score: 108.26 ± 0.71  |  actor_loss: -3.8657  cost_loss: 1.3799  nu_loss: 10.8739
Step:   770000  |  score: 96.60 ± 29.55  |  actor_loss: -3.8668  cost_loss: 1.3810  nu_loss: 11.0041
Step:   780000  |  score: 95.96 ± 27.98  |  actor_loss: -4.2807  cost_loss: 1.3824  nu_loss: 10.5843
Step:   790000  |  score: 96.51 ± 28.06  |  actor_loss: -4.1390  cost_loss: 1.3802  nu_loss: 10.8634
Step:   800000  |  score: 105.77 ± 2.71  |  actor_loss: -4.2350  cost_loss: 1.3827  nu_loss: 11.0505
Step:   810000  |  score: 107.13 ± 0.51  |  actor_loss: -4.1198  cost_loss: 1.3825  nu_loss: 10.9245
Step:   820000  |  score: 106.35 ± 1.92  |  actor_loss: -4.1119  cost_loss: 1.3803  nu_loss: 10.9004
Step:   830000  |  score: 106.65 ± 1.70  |  actor_loss: -4.1732  cost_loss: 1.3821  nu_loss: 10.6847
Step:   840000  |  score: 104.69 ± 6.15  |  actor_loss: -3.4407  cost_loss: 1.3780  nu_loss: 10.8954
Step:   850000  |  score: 107.28 ± 0.80  |  actor_loss: -4.4163  cost_loss: 1.3825  nu_loss: 10.7017
Step:   860000  |  score: 97.00 ± 28.11  |  actor_loss: -4.2507  cost_loss: 1.3815  nu_loss: 10.7015
Step:   870000  |  score: 107.27 ± 0.47  |  actor_loss: -4.4689  cost_loss: 1.3825  nu_loss: 10.8534
Step:   880000  |  score: 96.06 ± 29.25  |  actor_loss: -4.6438  cost_loss: 1.3820  nu_loss: 10.8138
Step:   890000  |  score: 106.38 ± 1.29  |  actor_loss: -3.8425  cost_loss: 1.3807  nu_loss: 10.8207
Step:   900000  |  score: 106.24 ± 1.35  |  actor_loss: -3.5957  cost_loss: 1.3809  nu_loss: 10.9389
Step:   910000  |  score: 100.55 ± 16.24  |  actor_loss: -4.6860  cost_loss: 1.3784  nu_loss: 10.3965
Step:   920000  |  score: 106.54 ± 1.34  |  actor_loss: -4.4052  cost_loss: 1.3822  nu_loss: 10.8367
Step:   930000  |  score: 107.18 ± 0.81  |  actor_loss: -4.0401  cost_loss: 1.3813  nu_loss: 10.8619
Step:   940000  |  score: 106.58 ± 1.26  |  actor_loss: -4.2898  cost_loss: 1.3812  nu_loss: 10.6709
Step:   950000  |  score: 106.54 ± 0.90  |  actor_loss: -3.9733  cost_loss: 1.3822  nu_loss: 10.9658
Step:   960000  |  score: 106.56 ± 1.22  |  actor_loss: -3.9215  cost_loss: 1.3826  nu_loss: 10.7403
Step:   970000  |  score: 85.95 ± 36.60  |  actor_loss: -4.5532  cost_loss: 1.3811  nu_loss: 11.1361
Step:   980000  |  score: 106.20 ± 0.75  |  actor_loss: -4.3229  cost_loss: 1.3799  nu_loss: 11.0283
Step:   990000  |  score: 106.53 ± 0.90  |  actor_loss: -3.9705  cost_loss: 1.3806  nu_loss: 11.0348
Step:  1000000  |  score: 106.97 ± 0.66  |  actor_loss: -4.2561  cost_loss: 1.3824  nu_loss: 11.0559
Step:  1010000  |  score: 106.62 ± 0.49  |  actor_loss: -4.1706  cost_loss: 1.3813  nu_loss: 10.8808
Step:  1020000  |  score: 106.60 ± 0.61  |  actor_loss: -4.2737  cost_loss: 1.3797  nu_loss: 10.9590
Step:  1030000  |  score: 96.96 ± 25.75  |  actor_loss: -4.3357  cost_loss: 1.3810  nu_loss: 10.9937
Step:  1040000  |  score: 108.24 ± 0.50  |  actor_loss: -4.6678  cost_loss: 1.3809  nu_loss: 10.8678
Step:  1050000  |  score: 106.87 ± 0.85  |  actor_loss: -4.1241  cost_loss: 1.3830  nu_loss: 10.8172
Step:  1060000  |  score: 96.40 ± 27.96  |  actor_loss: -4.6534  cost_loss: 1.3804  nu_loss: 10.8484
Step:  1070000  |  score: 85.42 ± 36.91  |  actor_loss: -3.7316  cost_loss: 1.3813  nu_loss: 10.9912
Step:  1080000  |  score: 107.48 ± 0.61  |  actor_loss: -4.4456  cost_loss: 1.3815  nu_loss: 11.0565
Step:  1090000  |  score: 107.49 ± 0.78  |  actor_loss: -4.0617  cost_loss: 1.3824  nu_loss: 10.8392
Step:  1100000  |  score: 103.03 ± 11.03  |  actor_loss: -3.7984  cost_loss: 1.3810  nu_loss: 10.8269
Step:  1110000  |  score: 97.16 ± 26.53  |  actor_loss: -4.0109  cost_loss: 1.3803  nu_loss: 10.9054
Step:  1120000  |  score: 106.43 ± 0.85  |  actor_loss: -4.0913  cost_loss: 1.3804  nu_loss: 10.6394
Step:  1130000  |  score: 106.86 ± 1.18  |  actor_loss: -4.5094  cost_loss: 1.3818  nu_loss: 10.6594
Step:  1140000  |  score: 101.83 ± 14.50  |  actor_loss: -4.5054  cost_loss: 1.3803  nu_loss: 10.4191
Step:  1150000  |  score: 106.75 ± 0.76  |  actor_loss: -3.9653  cost_loss: 1.3826  nu_loss: 11.0614
Step:  1160000  |  score: 106.56 ± 1.23  |  actor_loss: -4.8398  cost_loss: 1.3827  nu_loss: 10.7585
Step:  1170000  |  score: 99.21 ± 19.95  |  actor_loss: -3.8981  cost_loss: 1.3826  nu_loss: 10.9168
Step:  1180000  |  score: 106.30 ± 0.93  |  actor_loss: -4.2245  cost_loss: 1.3793  nu_loss: 10.8131
Step:  1190000  |  score: 107.41 ± 0.87  |  actor_loss: -4.5612  cost_loss: 1.3827  nu_loss: 10.7768
Step:  1200000  |  score: 107.99 ± 0.59  |  actor_loss: -3.9008  cost_loss: 1.3820  nu_loss: 10.7334
Step:  1210000  |  score: 107.20 ± 1.37  |  actor_loss: -4.0834  cost_loss: 1.3802  nu_loss: 10.7201
Step:  1220000  |  score: 107.30 ± 0.48  |  actor_loss: -4.4046  cost_loss: 1.3825  nu_loss: 11.0040
Step:  1230000  |  score: 97.31 ± 25.82  |  actor_loss: -4.3833  cost_loss: 1.3814  nu_loss: 10.7978
Step:  1240000  |  score: 106.79 ± 0.99  |  actor_loss: -3.9769  cost_loss: 1.3811  nu_loss: 11.0460
Step:  1250000  |  score: 106.91 ± 0.57  |  actor_loss: -3.9051  cost_loss: 1.3816  nu_loss: 10.5645
Step:  1260000  |  score: 96.53 ± 29.47  |  actor_loss: -4.2762  cost_loss: 1.3811  nu_loss: 10.8440
Step:  1270000  |  score: 96.49 ± 27.74  |  actor_loss: -4.2206  cost_loss: 1.3750  nu_loss: 10.7558
Step:  1280000  |  score: 100.88 ± 17.30  |  actor_loss: -3.7172  cost_loss: 1.3796  nu_loss: 10.8503
Step:  1290000  |  score: 107.53 ± 0.68  |  actor_loss: -4.3032  cost_loss: 1.3816  nu_loss: 10.5727
Step:  1300000  |  score: 108.10 ± 0.59  |  actor_loss: -4.1861  cost_loss: 1.3825  nu_loss: 10.8421
Step:  1310000  |  score: 97.18 ± 28.62  |  actor_loss: -3.8952  cost_loss: 1.3809  nu_loss: 10.9103
Step:  1320000  |  score: 106.96 ± 0.59  |  actor_loss: -4.2633  cost_loss: 1.3826  nu_loss: 10.9194
Step:  1330000  |  score: 107.47 ± 0.65  |  actor_loss: -3.6099  cost_loss: 1.3784  nu_loss: 10.7836
Step:  1340000  |  score: 106.45 ± 0.42  |  actor_loss: -4.0157  cost_loss: 1.3797  nu_loss: 10.8963
Step:  1350000  |  score: 106.91 ± 0.84  |  actor_loss: -3.6547  cost_loss: 1.3808  nu_loss: 11.0983
Step:  1360000  |  score: 103.53 ± 9.56  |  actor_loss: -4.2159  cost_loss: 1.3812  nu_loss: 10.5970
Step:  1370000  |  score: 95.10 ± 32.06  |  actor_loss: -4.0081  cost_loss: 1.3798  nu_loss: 10.7140
Step:  1380000  |  score: 107.31 ± 0.62  |  actor_loss: -4.0939  cost_loss: 1.3819  nu_loss: 10.7216
Step:  1390000  |  score: 106.57 ± 0.94  |  actor_loss: -3.9769  cost_loss: 1.3823  nu_loss: 10.8893
Step:  1400000  |  score: 105.98 ± 1.15  |  actor_loss: -4.5909  cost_loss: 1.3827  nu_loss: 10.6987
Step:  1410000  |  score: 107.14 ± 0.72  |  actor_loss: -4.4978  cost_loss: 1.3815  nu_loss: 11.0213
Step:  1420000  |  score: 85.30 ± 37.77  |  actor_loss: -3.8684  cost_loss: 1.3774  nu_loss: 10.9297
Step:  1430000  |  score: 102.27 ± 11.29  |  actor_loss: -3.7409  cost_loss: 1.3809  nu_loss: 10.9246
Step:  1440000  |  score: 95.15 ± 26.05  |  actor_loss: -5.0118  cost_loss: 1.3813  nu_loss: 11.2812
Step:  1450000  |  score: 95.82 ± 26.88  |  actor_loss: -4.3208  cost_loss: 1.3813  nu_loss: 10.7406
Step:  1460000  |  score: 107.32 ± 0.77  |  actor_loss: -3.8503  cost_loss: 1.3813  nu_loss: 10.8622
Step:  1470000  |  score: 106.18 ± 0.91  |  actor_loss: -4.2363  cost_loss: 1.3798  nu_loss: 10.8222
Step:  1480000  |  score: 107.25 ± 0.61  |  actor_loss: -4.1343  cost_loss: 1.3824  nu_loss: 10.9275
Step:  1490000  |  score: 106.94 ± 0.96  |  actor_loss: -4.7610  cost_loss: 1.3798  nu_loss: 10.6441
Step:  1500000  |  score: 102.59 ± 14.04  |  actor_loss: -4.2773  cost_loss: 1.3771  nu_loss: 10.7908
Step:  1510000  |  score: 106.20 ± 1.06  |  actor_loss: -4.0826  cost_loss: 1.3809  nu_loss: 10.7332
Step:  1520000  |  score: 106.94 ± 0.62  |  actor_loss: -4.2850  cost_loss: 1.3819  nu_loss: 10.9103
Step:  1530000  |  score: 103.99 ± 7.56  |  actor_loss: -4.7401  cost_loss: 1.3800  nu_loss: 10.7758
Step:  1540000  |  score: 107.23 ± 0.93  |  actor_loss: -4.2755  cost_loss: 1.3796  nu_loss: 10.6608
Step:  1550000  |  score: 107.22 ± 0.80  |  actor_loss: -4.0978  cost_loss: 1.3826  nu_loss: 10.7887
Step:  1560000  |  score: 95.73 ± 30.16  |  actor_loss: -3.6912  cost_loss: 1.3809  nu_loss: 10.9523
Step:  1570000  |  score: 107.46 ± 0.40  |  actor_loss: -3.7107  cost_loss: 1.3828  nu_loss: 10.8852
Step:  1580000  |  score: 107.84 ± 0.51  |  actor_loss: -3.9463  cost_loss: 1.3822  nu_loss: 10.7786
Step:  1590000  |  score: 99.18 ± 20.37  |  actor_loss: -4.1281  cost_loss: 1.3813  nu_loss: 10.8601
Step:  1600000  |  score: 95.99 ± 27.11  |  actor_loss: -4.0920  cost_loss: 1.3826  nu_loss: 11.1586
Step:  1610000  |  score: 107.43 ± 1.23  |  actor_loss: -3.9451  cost_loss: 1.3825  nu_loss: 10.9602
Step:  1620000  |  score: 107.56 ± 0.52  |  actor_loss: -4.1536  cost_loss: 1.3802  nu_loss: 10.6715
Step:  1630000  |  score: 106.33 ± 1.84  |  actor_loss: -4.0465  cost_loss: 1.3808  nu_loss: 10.6659
Step:  1640000  |  score: 106.77 ± 1.61  |  actor_loss: -4.2997  cost_loss: 1.3810  nu_loss: 10.7138
Step:  1650000  |  score: 106.26 ± 0.45  |  actor_loss: -4.4655  cost_loss: 1.3828  nu_loss: 10.9458
Step:  1660000  |  score: 100.51 ± 18.33  |  actor_loss: -4.1650  cost_loss: 1.3818  nu_loss: 10.7930
Step:  1670000  |  score: 95.26 ± 30.16  |  actor_loss: -4.0039  cost_loss: 1.3753  nu_loss: 10.9698
Step:  1680000  |  score: 107.41 ± 0.86  |  actor_loss: -4.3674  cost_loss: 1.3799  nu_loss: 10.5574
Step:  1690000  |  score: 107.17 ± 0.67  |  actor_loss: -3.9888  cost_loss: 1.3821  nu_loss: 10.9342
Step:  1700000  |  score: 101.80 ± 13.83  |  actor_loss: -4.3549  cost_loss: 1.3804  nu_loss: 10.4833
Step:  1710000  |  score: 107.73 ± 0.81  |  actor_loss: -4.5847  cost_loss: 1.3796  nu_loss: 10.7235
Step:  1720000  |  score: 107.29 ± 0.63  |  actor_loss: -3.8368  cost_loss: 1.3774  nu_loss: 10.7697
Step:  1730000  |  score: 107.35 ± 0.60  |  actor_loss: -3.7849  cost_loss: 1.3787  nu_loss: 11.0445
Step:  1740000  |  score: 107.59 ± 0.85  |  actor_loss: -4.0360  cost_loss: 1.3823  nu_loss: 10.9774
Step:  1750000  |  score: 106.93 ± 1.22  |  actor_loss: -4.5384  cost_loss: 1.3826  nu_loss: 10.6469
Step:  1760000  |  score: 96.93 ± 26.03  |  actor_loss: -4.0664  cost_loss: 1.3827  nu_loss: 10.6026
Step:  1770000  |  score: 107.11 ± 0.76  |  actor_loss: -3.9711  cost_loss: 1.3810  nu_loss: 11.0044
Step:  1780000  |  score: 96.57 ± 29.13  |  actor_loss: -3.9029  cost_loss: 1.3828  nu_loss: 10.7204
Step:  1790000  |  score: 107.46 ± 0.53  |  actor_loss: -3.7657  cost_loss: 1.3814  nu_loss: 10.8179
Step:  1800000  |  score: 105.44 ± 5.06  |  actor_loss: -4.4749  cost_loss: 1.3808  nu_loss: 10.8197
Step:  1810000  |  score: 107.24 ± 0.54  |  actor_loss: -4.1859  cost_loss: 1.3816  nu_loss: 10.8213
Step:  1820000  |  score: 107.68 ± 0.73  |  actor_loss: -4.3477  cost_loss: 1.3822  nu_loss: 10.9742
Step:  1830000  |  score: 96.51 ± 27.96  |  actor_loss: -3.9910  cost_loss: 1.3823  nu_loss: 11.0659
Step:  1840000  |  score: 108.27 ± 0.77  |  actor_loss: -3.8448  cost_loss: 1.3800  nu_loss: 10.6591
Step:  1850000  |  score: 107.09 ± 0.41  |  actor_loss: -4.1619  cost_loss: 1.3816  nu_loss: 10.8477
Step:  1860000  |  score: 107.11 ± 0.79  |  actor_loss: -4.0779  cost_loss: 1.3817  nu_loss: 10.9135
Step:  1870000  |  score: 107.23 ± 0.83  |  actor_loss: -3.6378  cost_loss: 1.3826  nu_loss: 11.0294
Step:  1880000  |  score: 106.85 ± 0.61  |  actor_loss: -4.2399  cost_loss: 1.3831  nu_loss: 10.7991
Step:  1890000  |  score: 107.34 ± 0.65  |  actor_loss: -4.2755  cost_loss: 1.3801  nu_loss: 10.8776
Step:  1900000  |  score: 107.12 ± 0.75  |  actor_loss: -4.1901  cost_loss: 1.3802  nu_loss: 10.8888
Step:  1910000  |  score: 106.83 ± 0.99  |  actor_loss: -4.5395  cost_loss: 1.3802  nu_loss: 11.2316
Step:  1920000  |  score: 107.45 ± 0.63  |  actor_loss: -4.0032  cost_loss: 1.3796  nu_loss: 10.9865
Step:  1930000  |  score: 102.89 ± 12.42  |  actor_loss: -4.4309  cost_loss: 1.3795  nu_loss: 10.6798
Step:  1940000  |  score: 106.84 ± 0.96  |  actor_loss: -4.6702  cost_loss: 1.3814  nu_loss: 10.7517
Step:  1950000  |  score: 105.92 ± 0.73  |  actor_loss: -3.8956  cost_loss: 1.3821  nu_loss: 10.7133
Step:  1960000  |  score: 88.31 ± 33.05  |  actor_loss: -4.6625  cost_loss: 1.3805  nu_loss: 10.5122
Step:  1970000  |  score: 106.35 ± 1.12  |  actor_loss: -3.8906  cost_loss: 1.3801  nu_loss: 10.8982
Step:  1980000  |  score: 107.34 ± 0.72  |  actor_loss: -4.5664  cost_loss: 1.3816  nu_loss: 10.6442
Step:  1990000  |  score: 107.52 ± 0.95  |  actor_loss: -4.3247  cost_loss: 1.3825  nu_loss: 10.7939
Step:  2000000  |  score: 97.91 ± 16.98  |  actor_loss: -4.4082  cost_loss: 1.3827  nu_loss: 10.8949
Final evaluation (13 iterations)...
Final score: 105.15 ± 12.50
wandb: WARNING Symlinked 1 file into the W&B run directory; call wandb.save again to sync new files.
wandb: uploading data; updating run metadata
wandb: uploading data
wandb: uploading data; uploading final_returns/demodice_walker2d-expert-v2_2026-03-18_14-37-04.npz; uploading output.log; uploading wandb-summary.json; uploading config.yaml
wandb: uploading final_returns/demodice_walker2d-expert-v2_2026-03-18_14-37-04.npz; uploading output.log; uploading wandb-summary.json; uploading summary, console lines 214-215
wandb: uploading summary, console lines 214-215
wandb: uploading data
wandb: 
wandb: Run history:
wandb:  actor_loss █▅▅▆▅▃▄▂▄▄▇▂▄▄▅▅▄▅▂▄▄▃▂▁▂▃▃▁▅▃▆▅▅▄▆▄▄▅▅▂
wandb:   cost_loss ▅█▅▄▇▆▅▄▇▄▇▅█▇▅▇▄▇▂▄▄▆▄▅▆▇▄▇▇▁▆▅▄▇▅▇▄█▄▇
wandb:     nu_loss █▆▆▇▆▅▅█▃▆▄▄▆▆▄▅▄▅▂▅▅▃▅▁▅▆▅▅█▄▄▅▅▅▃▄▆█▃▂
wandb: num_updates ▁▁▁▁▁▂▂▂▂▂▃▃▃▃▃▃▄▄▄▄▄▄▅▅▅▅▆▆▆▆▆▆▇▇▇▇▇▇██
wandb:      return ▁▃▇▇▇▇▇███▇█▇▇█▆█▇████████████▇█▇███▇██▇
wandb:       score ▁▃▆▅▆█▆████▆█▅██▆██▆███▆▇████▇██▇███████
wandb:   score_std ▄▆▆▇▄▃▄▄█▁▁▁▁▁▅▇▁▇▆▁▁▁▁▇▁▃▆▂▁▁▁▁▅▁▁▁▁▁▁▄
wandb: 
wandb: Run summary:
wandb:  actor_loss -4.40824
wandb:   cost_loss 1.38268
wandb:     nu_loss 10.89491
wandb: num_updates 2000000
wandb:      return 4496.52342
wandb:       score 97.91367
wandb:   score_std 16.98134
wandb: 
wandb: 🚀 View run demodice_walker2d_M1_s1 at: https://wandb.ai/wsk208/DemoDICE/runs/jcyupoci
wandb: ⭐️ View project at: https://wandb.ai/wsk208/DemoDICE
wandb: Synced 5 W&B file(s), 0 media file(s), 0 artifact file(s) and 1 other file(s)
wandb: Find logs at: ./wandb/run-20260318_140915-jcyupoci/logs
