Warning: All of online environments libraries in D4RL have been moved ]8;;https://github.com/Farama-Foundation/Gymnasium\Gymnasium]8;;\, ]8;;https://github.com/Farama-Foundation/MiniGrid\MiniGrid]8;;\ and ]8;;https://github.com/Farama-Foundation/Gymnasium-Robotics\Gymnasium-Robotics]8;;\, and all offline datasets in D4RL have been moved to ]8;;https://github.com/Farama-Foundation/Minari\Minari]8;;\.
These new versions include large bug fixes, new versions of Python, and are where all new development will continue. Please upgrade these libraries as soon as you're able to do so.
If you'd like to read more about the story behind this switch, please check out ]8;;https://farama.org/Announcing-Minari\this blog post]8;;\.
Gym has been unmaintained since 2022 and does not support NumPy 2.0 amongst other critical functionality.
Please upgrade to Gymnasium, the maintained drop-in replacement of Gym, or contact the authors of your software and request that they upgrade.
See the migration guide at https://gymnasium.farama.org/introduction/migration_guide/ for additional information.
/opt/venv/lib/python3.10/site-packages/Cython/Distutils/old_build_ext.py:15: DeprecationWarning: dep_util is Deprecated. Use functions from setuptools instead.
  from distutils.dep_util import newer, newer_group
<frozen importlib._bootstrap>:283: DeprecationWarning: the load_module() method is deprecated and slated for removal in Python 3.12; use exec_module() instead
pybullet build time: Jan 29 2025 23:16:28
wandb: [wandb.login()] Loaded credentials for https://api.wandb.ai from /root/.netrc.
wandb: Currently logged in as: wsk208 (roidice) to https://api.wandb.ai. Use `wandb login --relogin` to force relogin
/opt/venv/lib/python3.10/site-packages/wandb/analytics/sentry.py:268: DeprecationWarning: Read the `app_url` setting from the appropriate Settings object.
  app_url = wandb.util.app_url(tags["base_url"])  # type: ignore[index]
/opt/venv/lib/python3.10/site-packages/wandb/analytics/sentry.py:279: DeprecationWarning: The `Scope.user` setter is deprecated in favor of `Scope.set_user()`.
  self.scope.user = {"email": email}
wandb: setting up run ro0cpulb
/opt/venv/lib/python3.10/site-packages/wandb/analytics/sentry.py:268: DeprecationWarning: Read the `app_url` setting from the appropriate Settings object.
  app_url = wandb.util.app_url(tags["base_url"])  # type: ignore[index]
/opt/venv/lib/python3.10/site-packages/wandb/analytics/sentry.py:279: DeprecationWarning: The `Scope.user` setter is deprecated in favor of `Scope.set_user()`.
  self.scope.user = {"email": email}
wandb: Tracking run with wandb version 0.25.1
wandb: Run data is saved locally in /app/wandb/run-20260318_083757-ro0cpulb
wandb: Run `wandb offline` to turn off syncing.
wandb: Syncing run demodice_hopper_M3_s3
wandb: ⭐️ View project at https://wandb.ai/wsk208/DemoDICE
wandb: 🚀 View run at https://wandb.ai/wsk208/DemoDICE/runs/ro0cpulb
/opt/venv/lib/python3.10/site-packages/gym/spaces/box.py:84: UserWarning: [33mWARN: Box bound precision lowered by casting to float32[0m
  logger.warn(f"Box bound precision lowered by casting to {self.dtype}")
load datafile:   0%|          | 0/21 [00:00<?, ?it/s]load datafile:  10%|▉         | 2/21 [00:00<00:01, 18.36it/s]load datafile:  19%|█▉        | 4/21 [00:00<00:02,  6.02it/s]load datafile:  81%|████████  | 17/21 [00:00<00:00, 22.24it/s]load datafile:  95%|█████████▌| 20/21 [00:01<00:00, 16.98it/s]load datafile: 100%|██████████| 21/21 [00:01<00:00, 17.15it/s]
Expert  :  999061 transitions  (hopper-expert-v2, 400 traj)
load datafile:   0%|          | 0/9 [00:00<?, ?it/s]load datafile:  33%|███▎      | 3/9 [00:00<00:00,  8.99it/s]load datafile:  44%|████▍     | 4/9 [00:00<00:00,  6.50it/s]load datafile:  56%|█████▌    | 5/9 [00:00<00:00,  4.99it/s]load datafile:  67%|██████▋   | 6/9 [00:01<00:00,  4.28it/s]load datafile: 100%|██████████| 9/9 [00:01<00:00,  7.42it/s]
Imperfect:   35054 transitions  (hopper-random-v2, 1600 traj)
Union   : 1034115 transitions total
/root/.local/share/uv/python/cpython-3.10-linux-x86_64-gnu/lib/python3.10/multiprocessing/popen_fork.py:66: RuntimeWarning: os.fork() was called. os.fork() is incompatible with multithreaded code, and JAX is multithreaded, so this will likely lead to a deadlock.
  self.pid = os.fork()
/opt/venv/lib/python3.10/site-packages/tensorflow_probability/python/internal/backend/jax/ops.py:681: DeprecationWarning: jax.interpreters.xla.pytype_aval_mappings is deprecated.
  jax.interpreters.xla.pytype_aval_mappings[onp.ndarray])
/opt/venv/lib/python3.10/site-packages/gym/spaces/box.py:84: UserWarning: [33mWARN: Box bound precision lowered by casting to float32[0m
  logger.warn(f"Box bound precision lowered by casting to {self.dtype}")
Step:    10000  |  score: 6.29 ± 7.27  |  actor_loss: -0.4064  cost_loss: 1.3693  nu_loss: 11.8916
Step:    20000  |  score: 17.59 ± 13.19  |  actor_loss: -0.8659  cost_loss: 1.3644  nu_loss: 11.6800
Step:    30000  |  score: 14.08 ± 12.49  |  actor_loss: -0.9728  cost_loss: 1.3696  nu_loss: 11.6762
Step:    40000  |  score: 16.45 ± 9.65  |  actor_loss: -1.1209  cost_loss: 1.3711  nu_loss: 11.6200
Step:    50000  |  score: 30.71 ± 18.35  |  actor_loss: -1.1103  cost_loss: 1.3638  nu_loss: 11.5483
Step:    60000  |  score: 15.97 ± 16.00  |  actor_loss: -1.2721  cost_loss: 1.3700  nu_loss: 11.7215
Step:    70000  |  score: 15.81 ± 13.67  |  actor_loss: -0.9327  cost_loss: 1.3626  nu_loss: 11.5627
Step:    80000  |  score: 18.51 ± 22.83  |  actor_loss: -1.1343  cost_loss: 1.3740  nu_loss: 11.5504
Step:    90000  |  score: 37.14 ± 24.13  |  actor_loss: -1.0968  cost_loss: 1.3684  nu_loss: 11.4385
Step:   100000  |  score: 19.21 ± 28.55  |  actor_loss: -0.7928  cost_loss: 1.3716  nu_loss: 11.3867
Step:   110000  |  score: 8.26 ± 9.36  |  actor_loss: -1.0764  cost_loss: 1.3645  nu_loss: 11.4208
Step:   120000  |  score: 32.69 ± 15.82  |  actor_loss: -1.2077  cost_loss: 1.3664  nu_loss: 11.2669
Step:   130000  |  score: 29.45 ± 24.70  |  actor_loss: -1.1037  cost_loss: 1.3604  nu_loss: 11.2915
Step:   140000  |  score: 36.39 ± 17.27  |  actor_loss: -1.2799  cost_loss: 1.3699  nu_loss: 11.3847
Step:   150000  |  score: 27.49 ± 17.52  |  actor_loss: -1.0606  cost_loss: 1.3625  nu_loss: 11.2227
Step:   160000  |  score: 33.36 ± 22.85  |  actor_loss: -1.1833  cost_loss: 1.3617  nu_loss: 11.1520
Step:   170000  |  score: 42.84 ± 25.71  |  actor_loss: -1.3564  cost_loss: 1.3626  nu_loss: 11.2866
Step:   180000  |  score: 29.50 ± 22.76  |  actor_loss: -1.3416  cost_loss: 1.3535  nu_loss: 11.1968
Step:   190000  |  score: 27.22 ± 32.39  |  actor_loss: -1.2089  cost_loss: 1.3580  nu_loss: 11.1502
Step:   200000  |  score: 56.75 ± 22.31  |  actor_loss: -1.2363  cost_loss: 1.3652  nu_loss: 11.3301
Step:   210000  |  score: 28.15 ± 31.93  |  actor_loss: -1.3818  cost_loss: 1.3671  nu_loss: 11.3929
Step:   220000  |  score: 29.61 ± 20.44  |  actor_loss: -1.1163  cost_loss: 1.3705  nu_loss: 11.3168
Step:   230000  |  score: 28.36 ± 25.45  |  actor_loss: -1.3713  cost_loss: 1.3647  nu_loss: 11.1527
Step:   240000  |  score: 23.60 ± 8.87  |  actor_loss: -1.5164  cost_loss: 1.3571  nu_loss: 11.2301
Step:   250000  |  score: 47.29 ± 35.51  |  actor_loss: -1.4597  cost_loss: 1.3687  nu_loss: 11.1976
Step:   260000  |  score: 33.35 ± 32.05  |  actor_loss: -1.2629  cost_loss: 1.3586  nu_loss: 11.2411
Step:   270000  |  score: 36.79 ± 37.44  |  actor_loss: -1.3456  cost_loss: 1.3619  nu_loss: 11.1432
Step:   280000  |  score: 39.38 ± 30.77  |  actor_loss: -1.3628  cost_loss: 1.3672  nu_loss: 11.2052
Step:   290000  |  score: 52.87 ± 38.72  |  actor_loss: -1.3832  cost_loss: 1.3670  nu_loss: 11.2561
Step:   300000  |  score: 46.55 ± 32.55  |  actor_loss: -1.3218  cost_loss: 1.3664  nu_loss: 11.2609
Step:   310000  |  score: 29.87 ± 26.84  |  actor_loss: -1.1642  cost_loss: 1.3557  nu_loss: 11.2589
Step:   320000  |  score: 32.51 ± 21.41  |  actor_loss: -1.3579  cost_loss: 1.3678  nu_loss: 11.2752
Step:   330000  |  score: 33.81 ± 16.72  |  actor_loss: -1.2262  cost_loss: 1.3628  nu_loss: 11.2691
Step:   340000  |  score: 52.07 ± 39.99  |  actor_loss: -1.4410  cost_loss: 1.3708  nu_loss: 11.0496
Step:   350000  |  score: 39.43 ± 34.06  |  actor_loss: -1.4262  cost_loss: 1.3641  nu_loss: 11.0451
Step:   360000  |  score: 54.08 ± 29.20  |  actor_loss: -1.4737  cost_loss: 1.3652  nu_loss: 11.0453
Step:   370000  |  score: 39.54 ± 21.46  |  actor_loss: -1.2514  cost_loss: 1.3600  nu_loss: 11.2014
Step:   380000  |  score: 46.65 ± 31.67  |  actor_loss: -1.3962  cost_loss: 1.3652  nu_loss: 11.4105
Step:   390000  |  score: 55.19 ± 26.64  |  actor_loss: -1.6217  cost_loss: 1.3666  nu_loss: 11.1423
Step:   400000  |  score: 34.80 ± 22.29  |  actor_loss: -1.3425  cost_loss: 1.3731  nu_loss: 11.1257
Step:   410000  |  score: 30.64 ± 33.00  |  actor_loss: -1.2157  cost_loss: 1.3658  nu_loss: 11.3573
Step:   420000  |  score: 57.00 ± 33.25  |  actor_loss: -1.5936  cost_loss: 1.3700  nu_loss: 11.1324
Step:   430000  |  score: 34.21 ± 33.88  |  actor_loss: -1.4765  cost_loss: 1.3644  nu_loss: 11.1941
Step:   440000  |  score: 31.77 ± 33.82  |  actor_loss: -1.2237  cost_loss: 1.3665  nu_loss: 11.1232
Step:   450000  |  score: 39.12 ± 35.55  |  actor_loss: -1.2438  cost_loss: 1.3688  nu_loss: 11.2128
Step:   460000  |  score: 71.68 ± 34.11  |  actor_loss: -1.5114  cost_loss: 1.3704  nu_loss: 11.0406
Step:   470000  |  score: 52.64 ± 13.90  |  actor_loss: -1.3190  cost_loss: 1.3653  nu_loss: 11.1319
Step:   480000  |  score: 40.01 ± 25.09  |  actor_loss: -1.3760  cost_loss: 1.3690  nu_loss: 11.2410
Step:   490000  |  score: 33.38 ± 15.57  |  actor_loss: -1.3130  cost_loss: 1.3611  nu_loss: 11.2505
Step:   500000  |  score: 57.47 ± 36.35  |  actor_loss: -1.3708  cost_loss: 1.3672  nu_loss: 11.2477
Step:   510000  |  score: 34.30 ± 33.52  |  actor_loss: -1.5784  cost_loss: 1.3715  nu_loss: 11.2847
Step:   520000  |  score: 41.68 ± 37.99  |  actor_loss: -1.5717  cost_loss: 1.3696  nu_loss: 11.0928
Step:   530000  |  score: 26.06 ± 25.56  |  actor_loss: -1.4455  cost_loss: 1.3649  nu_loss: 11.2868
Step:   540000  |  score: 55.39 ± 27.83  |  actor_loss: -1.5911  cost_loss: 1.3648  nu_loss: 11.2338
Step:   550000  |  score: 63.60 ± 19.77  |  actor_loss: -1.4851  cost_loss: 1.3667  nu_loss: 10.9855
Step:   560000  |  score: 61.90 ± 34.17  |  actor_loss: -1.0186  cost_loss: 1.3630  nu_loss: 11.1399
Step:   570000  |  score: 18.67 ± 15.37  |  actor_loss: -1.2623  cost_loss: 1.3687  nu_loss: 11.0372
Step:   580000  |  score: 29.53 ± 35.87  |  actor_loss: -1.4178  cost_loss: 1.3543  nu_loss: 11.3149
Step:   590000  |  score: 49.28 ± 34.18  |  actor_loss: -1.3506  cost_loss: 1.3722  nu_loss: 11.2463
Step:   600000  |  score: 52.43 ± 28.85  |  actor_loss: -1.7455  cost_loss: 1.3668  nu_loss: 11.3280
Step:   610000  |  score: 57.78 ± 30.66  |  actor_loss: -1.3827  cost_loss: 1.3693  nu_loss: 11.3215
Step:   620000  |  score: 50.41 ± 21.36  |  actor_loss: -1.5515  cost_loss: 1.3600  nu_loss: 11.0790
Step:   630000  |  score: 64.81 ± 32.02  |  actor_loss: -1.0328  cost_loss: 1.3621  nu_loss: 11.2367
Step:   640000  |  score: 31.43 ± 15.39  |  actor_loss: -1.3803  cost_loss: 1.3603  nu_loss: 11.1739
Step:   650000  |  score: 46.04 ± 30.46  |  actor_loss: -1.3039  cost_loss: 1.3598  nu_loss: 11.1682
Step:   660000  |  score: 45.55 ± 36.65  |  actor_loss: -0.9012  cost_loss: 1.3641  nu_loss: 11.0514
Step:   670000  |  score: 30.37 ± 26.11  |  actor_loss: -1.2942  cost_loss: 1.3753  nu_loss: 11.1498
Step:   680000  |  score: 52.14 ± 35.55  |  actor_loss: -1.4790  cost_loss: 1.3551  nu_loss: 11.4661
Step:   690000  |  score: 43.88 ± 35.66  |  actor_loss: -1.3619  cost_loss: 1.3708  nu_loss: 11.1205
Step:   700000  |  score: 47.46 ± 30.06  |  actor_loss: -1.3740  cost_loss: 1.3546  nu_loss: 11.2876
Step:   710000  |  score: 33.31 ± 41.05  |  actor_loss: -1.2423  cost_loss: 1.3610  nu_loss: 11.1477
Step:   720000  |  score: 43.74 ± 38.26  |  actor_loss: -1.4236  cost_loss: 1.3720  nu_loss: 11.4177
Step:   730000  |  score: 58.13 ± 36.07  |  actor_loss: -1.4212  cost_loss: 1.3570  nu_loss: 11.2741
Step:   740000  |  score: 74.17 ± 34.14  |  actor_loss: -1.2129  cost_loss: 1.3612  nu_loss: 11.2456
Step:   750000  |  score: 41.61 ± 42.75  |  actor_loss: -1.5472  cost_loss: 1.3617  nu_loss: 10.9419
Step:   760000  |  score: 48.34 ± 35.63  |  actor_loss: -1.4667  cost_loss: 1.3654  nu_loss: 11.1917
Step:   770000  |  score: 44.24 ± 39.61  |  actor_loss: -1.4923  cost_loss: 1.3602  nu_loss: 11.1897
Step:   780000  |  score: 60.31 ± 34.32  |  actor_loss: -1.1594  cost_loss: 1.3545  nu_loss: 11.2261
Step:   790000  |  score: 56.69 ± 41.25  |  actor_loss: -1.4142  cost_loss: 1.3596  nu_loss: 11.0064
Step:   800000  |  score: 55.13 ± 36.93  |  actor_loss: -1.5173  cost_loss: 1.3650  nu_loss: 11.2974
Step:   810000  |  score: 52.43 ± 39.88  |  actor_loss: -1.4315  cost_loss: 1.3644  nu_loss: 11.1820
Step:   820000  |  score: 31.54 ± 35.91  |  actor_loss: -1.7997  cost_loss: 1.3672  nu_loss: 11.1628
Step:   830000  |  score: 64.72 ± 44.04  |  actor_loss: -1.2718  cost_loss: 1.3672  nu_loss: 11.2241
Step:   840000  |  score: 63.23 ± 43.52  |  actor_loss: -1.3573  cost_loss: 1.3695  nu_loss: 11.0412
Step:   850000  |  score: 42.42 ± 29.57  |  actor_loss: -1.5086  cost_loss: 1.3586  nu_loss: 11.1450
Step:   860000  |  score: 34.08 ± 16.47  |  actor_loss: -1.3887  cost_loss: 1.3678  nu_loss: 11.1952
Step:   870000  |  score: 79.93 ± 32.39  |  actor_loss: -1.2337  cost_loss: 1.3581  nu_loss: 11.3036
Step:   880000  |  score: 44.92 ± 46.67  |  actor_loss: -1.0812  cost_loss: 1.3496  nu_loss: 11.3001
Step:   890000  |  score: 41.61 ± 23.82  |  actor_loss: -1.4516  cost_loss: 1.3648  nu_loss: 11.2605
Step:   900000  |  score: 37.44 ± 30.27  |  actor_loss: -1.5791  cost_loss: 1.3693  nu_loss: 11.2369
Step:   910000  |  score: 58.14 ± 40.31  |  actor_loss: -1.4266  cost_loss: 1.3639  nu_loss: 11.1335
Step:   920000  |  score: 46.44 ± 33.87  |  actor_loss: -1.3653  cost_loss: 1.3684  nu_loss: 11.0271
Step:   930000  |  score: 53.02 ± 30.58  |  actor_loss: -1.4683  cost_loss: 1.3615  nu_loss: 11.3248
Step:   940000  |  score: 56.62 ± 41.42  |  actor_loss: -1.5480  cost_loss: 1.3705  nu_loss: 11.2487
Step:   950000  |  score: 42.68 ± 36.34  |  actor_loss: -1.2681  cost_loss: 1.3670  nu_loss: 11.3865
Step:   960000  |  score: 44.19 ± 35.42  |  actor_loss: -1.6775  cost_loss: 1.3607  nu_loss: 10.9911
Step:   970000  |  score: 39.51 ± 29.32  |  actor_loss: -1.4939  cost_loss: 1.3603  nu_loss: 11.1907
Step:   980000  |  score: 43.34 ± 35.35  |  actor_loss: -1.4612  cost_loss: 1.3643  nu_loss: 11.3313
Step:   990000  |  score: 47.24 ± 41.88  |  actor_loss: -1.5793  cost_loss: 1.3639  nu_loss: 11.2801
Step:  1000000  |  score: 38.44 ± 30.57  |  actor_loss: -1.4841  cost_loss: 1.3579  nu_loss: 11.3773
Step:  1010000  |  score: 38.30 ± 35.01  |  actor_loss: -1.4512  cost_loss: 1.3600  nu_loss: 11.4000
Step:  1020000  |  score: 38.46 ± 38.45  |  actor_loss: -1.2699  cost_loss: 1.3552  nu_loss: 10.9695
Step:  1030000  |  score: 35.92 ± 34.99  |  actor_loss: -1.5661  cost_loss: 1.3677  nu_loss: 11.3882
Step:  1040000  |  score: 55.14 ± 49.27  |  actor_loss: -1.6529  cost_loss: 1.3646  nu_loss: 11.3596
Step:  1050000  |  score: 49.66 ± 24.62  |  actor_loss: -1.5574  cost_loss: 1.3683  nu_loss: 11.1355
Step:  1060000  |  score: 45.58 ± 33.12  |  actor_loss: -1.4215  cost_loss: 1.3612  nu_loss: 11.1585
Step:  1070000  |  score: 77.81 ± 28.92  |  actor_loss: -1.6623  cost_loss: 1.3523  nu_loss: 11.1758
Step:  1080000  |  score: 56.50 ± 37.25  |  actor_loss: -1.3683  cost_loss: 1.3598  nu_loss: 11.0537
Step:  1090000  |  score: 32.15 ± 25.60  |  actor_loss: -1.6612  cost_loss: 1.3661  nu_loss: 11.1401
Step:  1100000  |  score: 49.97 ± 43.78  |  actor_loss: -1.5891  cost_loss: 1.3685  nu_loss: 10.8426
Step:  1110000  |  score: 33.87 ± 27.32  |  actor_loss: -1.3664  cost_loss: 1.3671  nu_loss: 11.2803
Step:  1120000  |  score: 63.88 ± 29.80  |  actor_loss: -1.6053  cost_loss: 1.3631  nu_loss: 11.1358
Step:  1130000  |  score: 52.22 ± 28.93  |  actor_loss: -1.5899  cost_loss: 1.3638  nu_loss: 11.2730
Step:  1140000  |  score: 44.15 ± 39.38  |  actor_loss: -1.5812  cost_loss: 1.3554  nu_loss: 11.2022
Step:  1150000  |  score: 59.42 ± 33.84  |  actor_loss: -1.4061  cost_loss: 1.3642  nu_loss: 11.3371
Step:  1160000  |  score: 49.67 ± 38.52  |  actor_loss: -1.2755  cost_loss: 1.3625  nu_loss: 11.2328
Step:  1170000  |  score: 60.23 ± 31.74  |  actor_loss: -1.4579  cost_loss: 1.3620  nu_loss: 11.0445
Step:  1180000  |  score: 84.11 ± 22.71  |  actor_loss: -1.2432  cost_loss: 1.3710  nu_loss: 11.2806
Step:  1190000  |  score: 60.15 ± 34.06  |  actor_loss: -1.5418  cost_loss: 1.3700  nu_loss: 11.1482
Step:  1200000  |  score: 71.77 ± 36.52  |  actor_loss: -1.4066  cost_loss: 1.3646  nu_loss: 11.0605
Step:  1210000  |  score: 47.30 ± 43.58  |  actor_loss: -1.6540  cost_loss: 1.3695  nu_loss: 11.4369
Step:  1220000  |  score: 46.52 ± 37.11  |  actor_loss: -1.3551  cost_loss: 1.3546  nu_loss: 11.1622
Step:  1230000  |  score: 44.67 ± 40.34  |  actor_loss: -1.4248  cost_loss: 1.3659  nu_loss: 10.9301
Step:  1240000  |  score: 68.68 ± 45.29  |  actor_loss: -1.4263  cost_loss: 1.3688  nu_loss: 11.0881
Step:  1250000  |  score: 48.09 ± 28.10  |  actor_loss: -1.4009  cost_loss: 1.3586  nu_loss: 11.3731
Step:  1260000  |  score: 47.88 ± 39.79  |  actor_loss: -1.4384  cost_loss: 1.3674  nu_loss: 11.2707
Step:  1270000  |  score: 56.69 ± 37.58  |  actor_loss: -1.3489  cost_loss: 1.3678  nu_loss: 11.4229
Step:  1280000  |  score: 37.66 ± 40.86  |  actor_loss: -1.7685  cost_loss: 1.3598  nu_loss: 11.3934
Step:  1290000  |  score: 36.82 ± 29.29  |  actor_loss: -1.4187  cost_loss: 1.3600  nu_loss: 11.3781
Step:  1300000  |  score: 57.72 ± 47.74  |  actor_loss: -1.7516  cost_loss: 1.3668  nu_loss: 11.2586
Step:  1310000  |  score: 58.52 ± 35.19  |  actor_loss: -1.5895  cost_loss: 1.3657  nu_loss: 11.4173
Step:  1320000  |  score: 41.83 ± 45.45  |  actor_loss: -1.4297  cost_loss: 1.3532  nu_loss: 11.1963
Step:  1330000  |  score: 70.42 ± 34.98  |  actor_loss: -1.4826  cost_loss: 1.3652  nu_loss: 11.1904
Step:  1340000  |  score: 51.58 ± 34.88  |  actor_loss: -1.5532  cost_loss: 1.3605  nu_loss: 11.2809
Step:  1350000  |  score: 61.71 ± 33.92  |  actor_loss: -1.4138  cost_loss: 1.3572  nu_loss: 11.0338
Step:  1360000  |  score: 54.79 ± 39.49  |  actor_loss: -1.6891  cost_loss: 1.3616  nu_loss: 11.2687
Step:  1370000  |  score: 74.98 ± 30.40  |  actor_loss: -1.5802  cost_loss: 1.3685  nu_loss: 11.3328
Step:  1380000  |  score: 53.37 ± 39.19  |  actor_loss: -1.4654  cost_loss: 1.3656  nu_loss: 11.3321
Step:  1390000  |  score: 77.80 ± 38.71  |  actor_loss: -1.5199  cost_loss: 1.3683  nu_loss: 11.2012
Step:  1400000  |  score: 46.07 ± 40.27  |  actor_loss: -1.5880  cost_loss: 1.3641  nu_loss: 11.3829
Step:  1410000  |  score: 46.60 ± 39.58  |  actor_loss: -1.6348  cost_loss: 1.3547  nu_loss: 11.5771
Step:  1420000  |  score: 42.50 ± 36.81  |  actor_loss: -1.6943  cost_loss: 1.3570  nu_loss: 11.2184
Step:  1430000  |  score: 66.44 ± 33.39  |  actor_loss: -1.4556  cost_loss: 1.3709  nu_loss: 11.0642
Step:  1440000  |  score: 53.78 ± 43.82  |  actor_loss: -1.8536  cost_loss: 1.3670  nu_loss: 11.0124
Step:  1450000  |  score: 37.48 ± 31.64  |  actor_loss: -1.2828  cost_loss: 1.3665  nu_loss: 11.1830
Step:  1460000  |  score: 49.00 ± 34.16  |  actor_loss: -1.3224  cost_loss: 1.3597  nu_loss: 10.9497
Step:  1470000  |  score: 43.48 ± 21.99  |  actor_loss: -1.5185  cost_loss: 1.3574  nu_loss: 11.2163
Step:  1480000  |  score: 47.67 ± 33.41  |  actor_loss: -1.2748  cost_loss: 1.3532  nu_loss: 11.1576
Step:  1490000  |  score: 21.61 ± 19.06  |  actor_loss: -1.8093  cost_loss: 1.3652  nu_loss: 11.1072
Step:  1500000  |  score: 65.92 ± 32.54  |  actor_loss: -1.6124  cost_loss: 1.3743  nu_loss: 11.0487
Step:  1510000  |  score: 47.51 ± 35.46  |  actor_loss: -1.3355  cost_loss: 1.3658  nu_loss: 11.2070
Step:  1520000  |  score: 76.59 ± 46.11  |  actor_loss: -1.1731  cost_loss: 1.3628  nu_loss: 10.9899
Step:  1530000  |  score: 38.12 ± 28.21  |  actor_loss: -1.4380  cost_loss: 1.3610  nu_loss: 11.5133
Step:  1540000  |  score: 69.36 ± 37.29  |  actor_loss: -1.1847  cost_loss: 1.3571  nu_loss: 11.3479
Step:  1550000  |  score: 31.61 ± 27.00  |  actor_loss: -1.4519  cost_loss: 1.3586  nu_loss: 11.1760
Step:  1560000  |  score: 42.20 ± 36.19  |  actor_loss: -1.3150  cost_loss: 1.3632  nu_loss: 11.4860
Step:  1570000  |  score: 61.70 ± 35.07  |  actor_loss: -1.2997  cost_loss: 1.3653  nu_loss: 11.0779
Step:  1580000  |  score: 42.41 ± 38.86  |  actor_loss: -1.0193  cost_loss: 1.3641  nu_loss: 11.1188
Step:  1590000  |  score: 52.96 ± 43.38  |  actor_loss: -1.5629  cost_loss: 1.3603  nu_loss: 11.0304
Step:  1600000  |  score: 42.78 ± 33.40  |  actor_loss: -1.4533  cost_loss: 1.3676  nu_loss: 11.1041
Step:  1610000  |  score: 37.11 ± 29.75  |  actor_loss: -1.2428  cost_loss: 1.3645  nu_loss: 11.3460
Step:  1620000  |  score: 63.47 ± 45.79  |  actor_loss: -1.5136  cost_loss: 1.3518  nu_loss: 11.3424
Step:  1630000  |  score: 47.94 ± 45.69  |  actor_loss: -1.2809  cost_loss: 1.3587  nu_loss: 11.1028
Step:  1640000  |  score: 70.20 ± 39.05  |  actor_loss: -1.2085  cost_loss: 1.3598  nu_loss: 10.9197
Step:  1650000  |  score: 50.40 ± 27.68  |  actor_loss: -1.5067  cost_loss: 1.3544  nu_loss: 11.1153
Step:  1660000  |  score: 53.17 ± 45.77  |  actor_loss: -1.3194  cost_loss: 1.3561  nu_loss: 11.0930
Step:  1670000  |  score: 53.63 ± 42.33  |  actor_loss: -1.3091  cost_loss: 1.3637  nu_loss: 11.0335
Step:  1680000  |  score: 17.26 ± 26.11  |  actor_loss: -1.6693  cost_loss: 1.3700  nu_loss: 11.1627
Step:  1690000  |  score: 54.81 ± 42.78  |  actor_loss: -1.7516  cost_loss: 1.3639  nu_loss: 11.0293
Step:  1700000  |  score: 62.57 ± 45.88  |  actor_loss: -1.6461  cost_loss: 1.3641  nu_loss: 11.1524
Step:  1710000  |  score: 44.78 ± 32.12  |  actor_loss: -1.5780  cost_loss: 1.3534  nu_loss: 11.1112
Step:  1720000  |  score: 92.82 ± 25.02  |  actor_loss: -1.6449  cost_loss: 1.3561  nu_loss: 11.0427
Step:  1730000  |  score: 56.58 ± 45.21  |  actor_loss: -1.1914  cost_loss: 1.3502  nu_loss: 11.3070
Step:  1740000  |  score: 50.54 ± 44.99  |  actor_loss: -1.5480  cost_loss: 1.3664  nu_loss: 11.0767
Step:  1750000  |  score: 66.18 ± 37.21  |  actor_loss: -1.6383  cost_loss: 1.3732  nu_loss: 11.0049
Step:  1760000  |  score: 61.49 ± 43.42  |  actor_loss: -1.4751  cost_loss: 1.3625  nu_loss: 11.0648
Step:  1770000  |  score: 70.66 ± 33.02  |  actor_loss: -1.3510  cost_loss: 1.3698  nu_loss: 10.9948
Step:  1780000  |  score: 46.86 ± 42.81  |  actor_loss: -1.5341  cost_loss: 1.3582  nu_loss: 11.1690
Step:  1790000  |  score: 34.61 ± 34.59  |  actor_loss: -1.3826  cost_loss: 1.3577  nu_loss: 11.2505
Step:  1800000  |  score: 46.80 ± 30.39  |  actor_loss: -1.5921  cost_loss: 1.3646  nu_loss: 11.2981
Step:  1810000  |  score: 52.77 ± 40.73  |  actor_loss: -1.5593  cost_loss: 1.3692  nu_loss: 11.3403
Step:  1820000  |  score: 59.10 ± 42.21  |  actor_loss: -1.6070  cost_loss: 1.3600  nu_loss: 11.2074
Step:  1830000  |  score: 66.70 ± 34.64  |  actor_loss: -1.6597  cost_loss: 1.3661  nu_loss: 11.1690
Step:  1840000  |  score: 61.38 ± 38.98  |  actor_loss: -1.6171  cost_loss: 1.3665  nu_loss: 10.9395
Step:  1850000  |  score: 80.20 ± 39.51  |  actor_loss: -1.3195  cost_loss: 1.3608  nu_loss: 11.0718
Step:  1860000  |  score: 80.56 ± 26.72  |  actor_loss: -1.2050  cost_loss: 1.3589  nu_loss: 11.2600
Step:  1870000  |  score: 52.88 ± 37.59  |  actor_loss: -1.4106  cost_loss: 1.3619  nu_loss: 11.2621
Step:  1880000  |  score: 74.36 ± 40.87  |  actor_loss: -1.0482  cost_loss: 1.3600  nu_loss: 11.1961
Step:  1890000  |  score: 30.22 ± 23.26  |  actor_loss: -1.4666  cost_loss: 1.3586  nu_loss: 11.3240
Step:  1900000  |  score: 63.91 ± 41.11  |  actor_loss: -1.7774  cost_loss: 1.3607  nu_loss: 11.1175
Step:  1910000  |  score: 73.40 ± 31.85  |  actor_loss: -1.3818  cost_loss: 1.3607  nu_loss: 11.3103
Step:  1920000  |  score: 46.87 ± 34.87  |  actor_loss: -1.2656  cost_loss: 1.3653  nu_loss: 11.3725
Step:  1930000  |  score: 69.88 ± 29.25  |  actor_loss: -1.7124  cost_loss: 1.3573  nu_loss: 11.2010
Step:  1940000  |  score: 51.39 ± 47.21  |  actor_loss: -1.6664  cost_loss: 1.3600  nu_loss: 11.3166
Step:  1950000  |  score: 54.32 ± 38.70  |  actor_loss: -1.9493  cost_loss: 1.3724  nu_loss: 10.9788
Step:  1960000  |  score: 44.29 ± 43.73  |  actor_loss: -1.7810  cost_loss: 1.3621  nu_loss: 11.0296
Step:  1970000  |  score: 65.96 ± 42.83  |  actor_loss: -1.6926  cost_loss: 1.3663  nu_loss: 11.1382
Step:  1980000  |  score: 38.36 ± 38.94  |  actor_loss: -1.5459  cost_loss: 1.3563  nu_loss: 11.1735
Step:  1990000  |  score: 51.77 ± 51.79  |  actor_loss: -1.5560  cost_loss: 1.3681  nu_loss: 11.0342
Step:  2000000  |  score: 50.65 ± 40.82  |  actor_loss: -1.6220  cost_loss: 1.3588  nu_loss: 11.3219
Final evaluation (13 iterations)...
Final score: 47.82 ± 37.36
wandb: WARNING Symlinked 1 file into the W&B run directory; call wandb.save again to sync new files.
wandb: updating run metadata
wandb: uploading final_returns/demodice_hopper-expert-v2_2026-03-18_09-03-40.npz; uploading output.log; uploading wandb-summary.json; uploading config.yaml
wandb: uploading final_returns/demodice_hopper-expert-v2_2026-03-18_09-03-40.npz; uploading output.log; uploading wandb-summary.json
wandb: uploading summary, console lines 214-215
wandb: 
wandb: Run history:
wandb:  actor_loss ▇▅▆▃▅▄▃▆▃▆▅▄▃▅▄█▅▅▆▃▅▇▃▄▅▃▅▄▃▃▁▅▁▃▅▃▆▃▅▂
wandb:   cost_loss ▇█▅▇▆▅▃▆▂▇▆▆▇▄▄▅▂▃▇▆▅▇▄▆▅█▇▄▁▅▅▄▁▅▅▇▃▃▃▃
wandb:     nu_loss ▇█▇▅▄▅▃▄▂▃▄▃▄▃▂▃▃▃▄▅▃▄▅▄▃▃▃▂▃▃▃▆▃▂▃▅▁▄▄▃
wandb: num_updates ▁▁▂▂▃▃▃▃▃▃▃▄▄▄▄▄▄▄▅▅▆▆▆▆▆▆▆▇▇▇▇▇▇▇▇█████
wandb:      return ▁▁▁▁▂▂▂▄▃▃▃▆▃▅▅▃▂▃▄▄▅▅▄▄▃▄▅▄▄▄▆▅▄▅▄▅▄█▅▄
wandb:       score ▁▂▂▃▄▅▄▄▃▆▅▃▅▅▇▅▃▆▆▄▅▆▅▆▇▆▅▄▅▅▄▅▄▇▅▆▇█▃▆
wandb:   score_std ▁▂▂▂▄▃▁▆▆▄▅▂▆▄▆▆▆▇▆▇▇▅▅▅▆▆▇▆▇▃▅█▆██▄▆▄█▆
wandb: 
wandb: Run summary:
wandb:  actor_loss -1.62198
wandb:   cost_loss 1.35879
wandb:     nu_loss 11.32187
wandb: num_updates 2000000
wandb:      return 1628.17521
wandb:       score 50.6502
wandb:   score_std 40.82167
wandb: 
wandb: 🚀 View run demodice_hopper_M3_s3 at: https://wandb.ai/wsk208/DemoDICE/runs/ro0cpulb
wandb: ⭐️ View project at: https://wandb.ai/wsk208/DemoDICE
wandb: Synced 5 W&B file(s), 0 media file(s), 0 artifact file(s) and 1 other file(s)
wandb: Find logs at: ./wandb/run-20260318_083757-ro0cpulb/logs
