Warning: All of online environments libraries in D4RL have been moved ]8;;https://github.com/Farama-Foundation/Gymnasium\Gymnasium]8;;\, ]8;;https://github.com/Farama-Foundation/MiniGrid\MiniGrid]8;;\ and ]8;;https://github.com/Farama-Foundation/Gymnasium-Robotics\Gymnasium-Robotics]8;;\, and all offline datasets in D4RL have been moved to ]8;;https://github.com/Farama-Foundation/Minari\Minari]8;;\.
These new versions include large bug fixes, new versions of Python, and are where all new development will continue. Please upgrade these libraries as soon as you're able to do so.
If you'd like to read more about the story behind this switch, please check out ]8;;https://farama.org/Announcing-Minari\this blog post]8;;\.
Gym has been unmaintained since 2022 and does not support NumPy 2.0 amongst other critical functionality.
Please upgrade to Gymnasium, the maintained drop-in replacement of Gym, or contact the authors of your software and request that they upgrade.
See the migration guide at https://gymnasium.farama.org/introduction/migration_guide/ for additional information.
/opt/venv/lib/python3.10/site-packages/Cython/Distutils/old_build_ext.py:15: DeprecationWarning: dep_util is Deprecated. Use functions from setuptools instead.
  from distutils.dep_util import newer, newer_group
<frozen importlib._bootstrap>:283: DeprecationWarning: the load_module() method is deprecated and slated for removal in Python 3.12; use exec_module() instead
pybullet build time: Jan 29 2025 23:16:28
wandb: [wandb.login()] Loaded credentials for https://api.wandb.ai from /root/.netrc.
wandb: Currently logged in as: wsk208 to https://api.wandb.ai. Use `wandb login --relogin` to force relogin
/opt/venv/lib/python3.10/site-packages/wandb/analytics/sentry.py:268: DeprecationWarning: Read the `app_url` setting from the appropriate Settings object.
  app_url = wandb.util.app_url(tags["base_url"])  # type: ignore[index]
/opt/venv/lib/python3.10/site-packages/wandb/analytics/sentry.py:279: DeprecationWarning: The `Scope.user` setter is deprecated in favor of `Scope.set_user()`.
  self.scope.user = {"email": email}
wandb: setting up run q971tqmc
/opt/venv/lib/python3.10/site-packages/wandb/analytics/sentry.py:268: DeprecationWarning: Read the `app_url` setting from the appropriate Settings object.
  app_url = wandb.util.app_url(tags["base_url"])  # type: ignore[index]
/opt/venv/lib/python3.10/site-packages/wandb/analytics/sentry.py:279: DeprecationWarning: The `Scope.user` setter is deprecated in favor of `Scope.set_user()`.
  self.scope.user = {"email": email}
wandb: Tracking run with wandb version 0.25.1
wandb: Run data is saved locally in /app/wandb/run-20260318_231646-q971tqmc
wandb: Run `wandb offline` to turn off syncing.
wandb: Syncing run demodice_halfcheetah_M4_s1
wandb: ⭐️ View project at https://wandb.ai/wsk208/DemoDICE
wandb: 🚀 View run at https://wandb.ai/wsk208/DemoDICE/runs/q971tqmc
/opt/venv/lib/python3.10/site-packages/gym/spaces/box.py:84: UserWarning: [33mWARN: Box bound precision lowered by casting to float32[0m
  logger.warn(f"Box bound precision lowered by casting to {self.dtype}")
load datafile:   0%|          | 0/21 [00:00<?, ?it/s]load datafile:   5%|▍         | 1/21 [00:00<00:03,  5.95it/s]load datafile:  14%|█▍        | 3/21 [00:00<00:03,  5.22it/s]load datafile:  19%|█▉        | 4/21 [00:00<00:04,  3.96it/s]load datafile:  81%|████████  | 17/21 [00:01<00:00, 15.44it/s]load datafile:  90%|█████████ | 19/21 [00:01<00:00, 10.72it/s]load datafile: 100%|██████████| 21/21 [00:01<00:00, 11.10it/s]
Expert  :  999000 transitions  (halfcheetah-expert-v2, 100 traj)
load datafile:   0%|          | 0/9 [00:00<?, ?it/s]load datafile:  11%|█         | 1/9 [00:00<00:01,  6.28it/s]load datafile:  33%|███▎      | 3/9 [00:00<00:01,  5.54it/s]load datafile:  44%|████▍     | 4/9 [00:00<00:01,  4.11it/s]load datafile:  56%|█████▌    | 5/9 [00:01<00:01,  3.22it/s]load datafile:  67%|██████▋   | 6/9 [00:01<00:01,  2.82it/s]load datafile: 100%|██████████| 9/9 [00:01<00:00,  4.94it/s]
Imperfect:  999000 transitions  (halfcheetah-random-v2, 1600 traj)
Union   : 1998000 transitions total
/root/.local/share/uv/python/cpython-3.10-linux-x86_64-gnu/lib/python3.10/multiprocessing/popen_fork.py:66: RuntimeWarning: os.fork() was called. os.fork() is incompatible with multithreaded code, and JAX is multithreaded, so this will likely lead to a deadlock.
  self.pid = os.fork()
/opt/venv/lib/python3.10/site-packages/tensorflow_probability/python/internal/backend/jax/ops.py:681: DeprecationWarning: jax.interpreters.xla.pytype_aval_mappings is deprecated.
  jax.interpreters.xla.pytype_aval_mappings[onp.ndarray])
/opt/venv/lib/python3.10/site-packages/gym/spaces/box.py:84: UserWarning: [33mWARN: Box bound precision lowered by casting to float32[0m
  logger.warn(f"Box bound precision lowered by casting to {self.dtype}")
Step:    10000  |  score: 1.19 ± 1.08  |  actor_loss: -2.5576  cost_loss: 0.9713  nu_loss: 11.4019
Step:    20000  |  score: 1.06 ± 0.81  |  actor_loss: -2.3864  cost_loss: 0.9928  nu_loss: 11.1797
Step:    30000  |  score: 1.27 ± 1.27  |  actor_loss: -2.9763  cost_loss: 0.9852  nu_loss: 11.1384
Step:    40000  |  score: 1.32 ± 0.89  |  actor_loss: -3.2631  cost_loss: 0.9547  nu_loss: 10.8795
Step:    50000  |  score: 2.11 ± 1.23  |  actor_loss: -2.8502  cost_loss: 0.9490  nu_loss: 10.8632
Step:    60000  |  score: 1.70 ± 1.77  |  actor_loss: -2.8192  cost_loss: 0.8920  nu_loss: 10.7410
Step:    70000  |  score: 1.70 ± 1.57  |  actor_loss: -1.8958  cost_loss: 0.9608  nu_loss: 11.3615
Step:    80000  |  score: 2.23 ± 2.67  |  actor_loss: -3.0648  cost_loss: 0.9579  nu_loss: 10.7725
Step:    90000  |  score: 2.78 ± 2.28  |  actor_loss: -3.3478  cost_loss: 0.9658  nu_loss: 11.0352
Step:   100000  |  score: 3.03 ± 2.55  |  actor_loss: -2.2195  cost_loss: 0.9557  nu_loss: 10.9333
Step:   110000  |  score: 2.81 ± 2.37  |  actor_loss: -3.1946  cost_loss: 0.9780  nu_loss: 10.7455
Step:   120000  |  score: 2.43 ± 1.68  |  actor_loss: 1.6072  cost_loss: 0.9556  nu_loss: 12.4640
Step:   130000  |  score: 3.68 ± 2.48  |  actor_loss: -2.7736  cost_loss: 0.9240  nu_loss: 10.7609
Step:   140000  |  score: 4.73 ± 3.54  |  actor_loss: -3.2152  cost_loss: 0.9524  nu_loss: 10.7273
Step:   150000  |  score: 1.66 ± 1.69  |  actor_loss: -3.1380  cost_loss: 0.9746  nu_loss: 10.5857
Step:   160000  |  score: 2.35 ± 2.24  |  actor_loss: -2.5290  cost_loss: 0.9628  nu_loss: 10.5566
Step:   170000  |  score: 2.62 ± 1.90  |  actor_loss: -2.1375  cost_loss: 0.9484  nu_loss: 11.0459
Step:   180000  |  score: 2.50 ± 2.09  |  actor_loss: -1.7401  cost_loss: 0.9931  nu_loss: 11.2499
Step:   190000  |  score: 2.54 ± 2.62  |  actor_loss: -3.6586  cost_loss: 1.0002  nu_loss: 10.4631
Step:   200000  |  score: 3.32 ± 2.89  |  actor_loss: -3.4224  cost_loss: 0.9467  nu_loss: 10.5083
Step:   210000  |  score: 2.94 ± 3.42  |  actor_loss: -2.9195  cost_loss: 0.9561  nu_loss: 10.2123
Step:   220000  |  score: 2.94 ± 3.32  |  actor_loss: -3.7225  cost_loss: 0.9563  nu_loss: 10.7192
Step:   230000  |  score: 4.26 ± 3.70  |  actor_loss: -3.6287  cost_loss: 1.0011  nu_loss: 10.4029
Step:   240000  |  score: 2.74 ± 2.72  |  actor_loss: -3.2765  cost_loss: 0.9704  nu_loss: 10.1725
Step:   250000  |  score: 4.16 ± 2.71  |  actor_loss: -4.0861  cost_loss: 0.9794  nu_loss: 10.3901
Step:   260000  |  score: 3.82 ± 2.52  |  actor_loss: -3.3626  cost_loss: 0.9423  nu_loss: 9.7478
Step:   270000  |  score: 8.26 ± 8.98  |  actor_loss: -3.3671  cost_loss: 0.9952  nu_loss: 10.3601
Step:   280000  |  score: 4.55 ± 2.83  |  actor_loss: -3.6790  cost_loss: 0.9532  nu_loss: 10.2603
Step:   290000  |  score: 4.61 ± 2.79  |  actor_loss: -3.8476  cost_loss: 0.9869  nu_loss: 10.0479
Step:   300000  |  score: 5.16 ± 3.48  |  actor_loss: -3.3276  cost_loss: 0.9269  nu_loss: 9.7071
Step:   310000  |  score: 3.81 ± 6.28  |  actor_loss: -3.8774  cost_loss: 0.9197  nu_loss: 9.5622
Step:   320000  |  score: 3.67 ± 4.85  |  actor_loss: -3.9081  cost_loss: 0.9407  nu_loss: 9.9376
Step:   330000  |  score: 7.75 ± 5.91  |  actor_loss: -3.6430  cost_loss: 0.9571  nu_loss: 9.8055
Step:   340000  |  score: 8.05 ± 6.12  |  actor_loss: -3.5217  cost_loss: 0.9684  nu_loss: 9.7667
Step:   350000  |  score: 7.69 ± 7.87  |  actor_loss: -3.6900  cost_loss: 0.9713  nu_loss: 9.8099
Step:   360000  |  score: 3.82 ± 4.45  |  actor_loss: -3.2126  cost_loss: 0.9369  nu_loss: 9.2821
Step:   370000  |  score: 2.45 ± 5.22  |  actor_loss: -3.6315  cost_loss: 0.9640  nu_loss: 9.2485
Step:   380000  |  score: 6.13 ± 4.22  |  actor_loss: -3.2234  cost_loss: 0.9897  nu_loss: 9.4208
Step:   390000  |  score: 9.76 ± 4.77  |  actor_loss: -3.6138  cost_loss: 0.9596  nu_loss: 9.2883
Step:   400000  |  score: 9.97 ± 10.06  |  actor_loss: -3.1358  cost_loss: 0.9885  nu_loss: 9.3527
Step:   410000  |  score: 2.51 ± 1.86  |  actor_loss: -2.8010  cost_loss: 0.9757  nu_loss: 9.5024
Step:   420000  |  score: 9.61 ± 6.36  |  actor_loss: -3.4661  cost_loss: 0.9773  nu_loss: 9.0688
Step:   430000  |  score: 4.48 ± 2.40  |  actor_loss: -3.3793  cost_loss: 0.9921  nu_loss: 8.6779
Step:   440000  |  score: 6.49 ± 6.80  |  actor_loss: -3.7498  cost_loss: 0.9851  nu_loss: 8.5717
Step:   450000  |  score: 2.78 ± 2.88  |  actor_loss: -3.6008  cost_loss: 0.9752  nu_loss: 8.7387
Step:   460000  |  score: 4.65 ± 4.24  |  actor_loss: -4.0120  cost_loss: 0.9711  nu_loss: 8.4580
Step:   470000  |  score: 6.33 ± 4.01  |  actor_loss: -3.3729  cost_loss: 0.9860  nu_loss: 8.6018
Step:   480000  |  score: 5.48 ± 7.34  |  actor_loss: -3.5250  cost_loss: 0.9667  nu_loss: 8.3564
Step:   490000  |  score: 8.35 ± 6.36  |  actor_loss: -2.9739  cost_loss: 0.9646  nu_loss: 8.1456
Step:   500000  |  score: 5.05 ± 3.66  |  actor_loss: -3.2571  cost_loss: 0.9434  nu_loss: 7.9087
Step:   510000  |  score: 8.74 ± 9.34  |  actor_loss: -3.2274  cost_loss: 0.9795  nu_loss: 8.0288
Step:   520000  |  score: 7.24 ± 5.26  |  actor_loss: -3.2442  cost_loss: 0.9602  nu_loss: 7.3664
Step:   530000  |  score: 7.01 ± 6.55  |  actor_loss: -3.8132  cost_loss: 0.9686  nu_loss: 6.9906
Step:   540000  |  score: 6.53 ± 5.73  |  actor_loss: -5.5751  cost_loss: 0.9437  nu_loss: 7.5490
Step:   550000  |  score: 6.90 ± 5.14  |  actor_loss: -2.9935  cost_loss: 0.9875  nu_loss: 6.9099
Step:   560000  |  score: 8.87 ± 7.96  |  actor_loss: -3.4696  cost_loss: 0.9322  nu_loss: 6.3270
Step:   570000  |  score: 6.36 ± 3.94  |  actor_loss: -3.5941  cost_loss: 0.9893  nu_loss: 5.9145
Step:   580000  |  score: 9.29 ± 6.93  |  actor_loss: -3.8008  cost_loss: 0.9605  nu_loss: 5.8041
Step:   590000  |  score: 11.44 ± 8.99  |  actor_loss: -3.6267  cost_loss: 0.9933  nu_loss: 5.7855
Step:   600000  |  score: 13.48 ± 13.05  |  actor_loss: -3.5888  cost_loss: 0.9558  nu_loss: 5.1419
Step:   610000  |  score: 9.44 ± 10.65  |  actor_loss: -3.8884  cost_loss: 0.9475  nu_loss: 4.8900
Step:   620000  |  score: 10.29 ± 12.34  |  actor_loss: -3.5757  cost_loss: 0.9940  nu_loss: 4.2340
Step:   630000  |  score: 8.93 ± 7.64  |  actor_loss: -4.1452  cost_loss: 0.9648  nu_loss: 3.8324
Step:   640000  |  score: 11.78 ± 10.78  |  actor_loss: -3.7429  cost_loss: 0.9860  nu_loss: 3.3038
Step:   650000  |  score: 7.41 ± 5.01  |  actor_loss: -3.4166  cost_loss: 0.9169  nu_loss: 2.4200
Step:   660000  |  score: 12.20 ± 9.62  |  actor_loss: -3.6054  cost_loss: 0.9905  nu_loss: 2.4415
Step:   670000  |  score: 11.43 ± 6.90  |  actor_loss: -2.5831  cost_loss: 0.9632  nu_loss: 1.7310
Step:   680000  |  score: 9.62 ± 7.24  |  actor_loss: -3.2237  cost_loss: 0.9720  nu_loss: 1.0788
Step:   690000  |  score: 9.98 ± 6.73  |  actor_loss: -4.1190  cost_loss: 0.9614  nu_loss: 0.2598
Step:   700000  |  score: 9.69 ± 8.55  |  actor_loss: -3.4354  cost_loss: 0.9807  nu_loss: -0.0803
Step:   710000  |  score: 11.31 ± 8.63  |  actor_loss: -3.7634  cost_loss: 1.0144  nu_loss: -0.8087
Step:   720000  |  score: 8.42 ± 7.84  |  actor_loss: -3.8513  cost_loss: 0.9601  nu_loss: -1.6288
Step:   730000  |  score: 6.42 ± 4.97  |  actor_loss: -3.7197  cost_loss: 0.9822  nu_loss: -2.5480
Step:   740000  |  score: 8.50 ± 6.74  |  actor_loss: -3.7499  cost_loss: 0.9777  nu_loss: -2.2286
Step:   750000  |  score: 4.23 ± 8.04  |  actor_loss: -2.9187  cost_loss: 0.9389  nu_loss: -2.0071
Step:   760000  |  score: 8.15 ± 9.28  |  actor_loss: -4.0335  cost_loss: 0.9508  nu_loss: -4.6617
Step:   770000  |  score: 9.68 ± 4.32  |  actor_loss: -4.0262  cost_loss: 0.9983  nu_loss: -5.6890
Step:   780000  |  score: 5.20 ± 4.92  |  actor_loss: -4.3060  cost_loss: 0.9688  nu_loss: -4.6641
Step:   790000  |  score: 8.70 ± 5.23  |  actor_loss: -3.3360  cost_loss: 0.9329  nu_loss: -6.9133
Step:   800000  |  score: 7.74 ± 6.51  |  actor_loss: -3.8683  cost_loss: 0.9361  nu_loss: -7.7530
Step:   810000  |  score: 6.31 ± 5.85  |  actor_loss: -3.6252  cost_loss: 0.9344  nu_loss: -9.5257
Step:   820000  |  score: 8.61 ± 6.92  |  actor_loss: -3.5331  cost_loss: 0.9185  nu_loss: -10.5107
Step:   830000  |  score: 11.36 ± 12.82  |  actor_loss: -3.6417  cost_loss: 0.9971  nu_loss: -10.9563
Step:   840000  |  score: 9.48 ± 8.04  |  actor_loss: -3.4698  cost_loss: 0.9255  nu_loss: -12.3575
Step:   850000  |  score: 8.29 ± 10.46  |  actor_loss: -3.6937  cost_loss: 1.0033  nu_loss: -13.3458
Step:   860000  |  score: 7.83 ± 7.12  |  actor_loss: -3.7520  cost_loss: 0.9453  nu_loss: -15.2958
Step:   870000  |  score: 7.03 ± 3.59  |  actor_loss: -3.4114  cost_loss: 1.0296  nu_loss: -15.5559
Step:   880000  |  score: 10.32 ± 13.33  |  actor_loss: -4.2096  cost_loss: 0.9791  nu_loss: -17.2139
Step:   890000  |  score: 5.31 ± 4.00  |  actor_loss: -3.5529  cost_loss: 0.9303  nu_loss: -18.7992
Step:   900000  |  score: 7.75 ± 4.68  |  actor_loss: -3.6367  cost_loss: 0.9727  nu_loss: -19.8962
Step:   910000  |  score: 7.70 ± 4.34  |  actor_loss: -4.4142  cost_loss: 0.9531  nu_loss: -21.4142
Step:   920000  |  score: 19.36 ± 14.70  |  actor_loss: -4.5077  cost_loss: 0.9283  nu_loss: -22.7785
Step:   930000  |  score: 16.09 ± 13.47  |  actor_loss: -3.8831  cost_loss: 0.9636  nu_loss: -24.2901
Step:   940000  |  score: 8.11 ± 8.55  |  actor_loss: -2.3113  cost_loss: 0.9584  nu_loss: -25.2995
Step:   950000  |  score: 21.18 ± 22.21  |  actor_loss: -4.1610  cost_loss: 1.0051  nu_loss: 37.2949
Step:   960000  |  score: 21.23 ± 13.56  |  actor_loss: -4.2538  cost_loss: 0.9645  nu_loss: -29.3740
Step:   970000  |  score: 12.07 ± 13.49  |  actor_loss: -3.4632  cost_loss: 0.9699  nu_loss: -31.3993
Step:   980000  |  score: 11.50 ± 7.59  |  actor_loss: -3.9453  cost_loss: 0.9232  nu_loss: -32.7679
Step:   990000  |  score: 20.97 ± 11.17  |  actor_loss: -4.5286  cost_loss: 1.0058  nu_loss: -34.5788
Step:  1000000  |  score: 16.55 ± 8.82  |  actor_loss: -4.4287  cost_loss: 0.9533  nu_loss: -37.5091
Step:  1010000  |  score: 8.45 ± 12.26  |  actor_loss: -3.8186  cost_loss: 0.9635  nu_loss: -39.3626
Step:  1020000  |  score: 8.45 ± 12.36  |  actor_loss: -3.9775  cost_loss: 0.9876  nu_loss: -41.6154
Step:  1030000  |  score: 9.87 ± 5.33  |  actor_loss: -3.7710  cost_loss: 0.9805  nu_loss: -42.5677
Step:  1040000  |  score: 17.14 ± 19.19  |  actor_loss: -3.7491  cost_loss: 0.9883  nu_loss: -45.2727
Step:  1050000  |  score: 7.78 ± 6.71  |  actor_loss: -3.8578  cost_loss: 0.9575  nu_loss: -47.0221
Step:  1060000  |  score: 8.27 ± 6.61  |  actor_loss: -2.2541  cost_loss: 0.9925  nu_loss: -49.2831
Step:  1070000  |  score: 16.60 ± 14.07  |  actor_loss: -4.3586  cost_loss: 0.9493  nu_loss: -50.6094
Step:  1080000  |  score: 8.89 ± 5.29  |  actor_loss: -3.8196  cost_loss: 0.9644  nu_loss: -52.2095
Step:  1090000  |  score: 5.84 ± 4.88  |  actor_loss: -4.5826  cost_loss: 0.9804  nu_loss: -54.5469
Step:  1100000  |  score: 11.30 ± 6.28  |  actor_loss: -4.2293  cost_loss: 0.9535  nu_loss: -58.9238
Step:  1110000  |  score: 14.58 ± 14.41  |  actor_loss: -2.9477  cost_loss: 0.9513  nu_loss: -59.2576
Step:  1120000  |  score: 10.86 ± 6.29  |  actor_loss: -3.8512  cost_loss: 0.9676  nu_loss: -62.2601
Step:  1130000  |  score: 4.53 ± 6.19  |  actor_loss: -3.8915  cost_loss: 0.9746  nu_loss: -63.3530
Step:  1140000  |  score: 12.26 ± 6.02  |  actor_loss: -3.6095  cost_loss: 0.9488  nu_loss: -67.2435
Step:  1150000  |  score: 16.88 ± 13.59  |  actor_loss: -3.7637  cost_loss: 0.9763  nu_loss: -70.4470
Step:  1160000  |  score: 7.72 ± 7.80  |  actor_loss: -4.7168  cost_loss: 0.9773  nu_loss: -72.1812
Step:  1170000  |  score: 17.08 ± 6.93  |  actor_loss: -4.3895  cost_loss: 0.9603  nu_loss: -75.1325
Step:  1180000  |  score: 13.68 ± 6.13  |  actor_loss: -4.3156  cost_loss: 0.9817  nu_loss: -76.7697
Step:  1190000  |  score: 11.73 ± 7.40  |  actor_loss: -3.3288  cost_loss: 0.9583  nu_loss: -80.8386
Step:  1200000  |  score: 11.81 ± 10.09  |  actor_loss: -4.4845  cost_loss: 0.9938  nu_loss: -82.3280
Step:  1210000  |  score: 7.58 ± 5.81  |  actor_loss: -3.3443  cost_loss: 0.9590  nu_loss: -3.7203
Step:  1220000  |  score: 10.21 ± 10.48  |  actor_loss: -3.5567  cost_loss: 0.9825  nu_loss: -66.3611
Step:  1230000  |  score: 20.45 ± 10.60  |  actor_loss: -3.5431  cost_loss: 0.9740  nu_loss: -89.6653
Step:  1240000  |  score: 11.24 ± 9.97  |  actor_loss: -3.6830  cost_loss: 0.9774  nu_loss: -49.2446
Step:  1250000  |  score: 9.95 ± 9.85  |  actor_loss: -3.7332  cost_loss: 0.9851  nu_loss: -95.0323
Step:  1260000  |  score: 5.01 ± 5.57  |  actor_loss: -3.6219  cost_loss: 0.9709  nu_loss: -97.8212
Step:  1270000  |  score: 14.57 ± 12.59  |  actor_loss: -3.6465  cost_loss: 1.0162  nu_loss: -99.6705
Step:  1280000  |  score: 8.46 ± 7.77  |  actor_loss: -3.9432  cost_loss: 0.9313  nu_loss: -102.9161
Step:  1290000  |  score: 17.42 ± 10.72  |  actor_loss: -3.4058  cost_loss: 1.0050  nu_loss: -21.4689
Step:  1300000  |  score: 3.68 ± 4.01  |  actor_loss: -3.7708  cost_loss: 0.9893  nu_loss: -108.7458
Step:  1310000  |  score: 9.27 ± 7.94  |  actor_loss: -3.4952  cost_loss: 0.9608  nu_loss: -110.1715
Step:  1320000  |  score: 15.41 ± 21.27  |  actor_loss: -4.1530  cost_loss: 1.0067  nu_loss: -115.5191
Step:  1330000  |  score: 9.16 ± 8.07  |  actor_loss: -3.5357  cost_loss: 0.9743  nu_loss: -98.9940
Step:  1340000  |  score: 13.12 ± 11.73  |  actor_loss: -3.9141  cost_loss: 1.0133  nu_loss: -119.9809
Step:  1350000  |  score: 14.20 ± 10.22  |  actor_loss: -3.6637  cost_loss: 0.9962  nu_loss: -124.5806
Step:  1360000  |  score: 13.50 ± 8.69  |  actor_loss: -3.5865  cost_loss: 0.9513  nu_loss: -125.0560
Step:  1370000  |  score: 14.57 ± 10.79  |  actor_loss: -4.3677  cost_loss: 0.9342  nu_loss: -125.9194
Step:  1380000  |  score: 7.23 ± 7.92  |  actor_loss: -3.5232  cost_loss: 0.9994  nu_loss: 66.0979
Step:  1390000  |  score: 21.67 ± 12.45  |  actor_loss: -3.3184  cost_loss: 0.9741  nu_loss: -136.0052
Step:  1400000  |  score: 11.24 ± 6.66  |  actor_loss: -4.2630  cost_loss: 0.9658  nu_loss: -136.2377
Step:  1410000  |  score: 9.14 ± 9.35  |  actor_loss: -3.4621  cost_loss: 0.9746  nu_loss: -141.3919
Step:  1420000  |  score: 11.22 ± 12.88  |  actor_loss: -3.8716  cost_loss: 0.9888  nu_loss: -144.4090
Step:  1430000  |  score: 18.29 ± 15.47  |  actor_loss: -3.8233  cost_loss: 0.9756  nu_loss: -146.7376
Step:  1440000  |  score: 11.12 ± 8.04  |  actor_loss: -3.7158  cost_loss: 0.9554  nu_loss: -35.4082
Step:  1450000  |  score: 15.26 ± 10.02  |  actor_loss: -3.7574  cost_loss: 0.9946  nu_loss: -153.9572
Step:  1460000  |  score: 20.30 ± 13.60  |  actor_loss: -4.3183  cost_loss: 0.9839  nu_loss: -154.6313
Step:  1470000  |  score: 17.20 ± 15.27  |  actor_loss: -4.0542  cost_loss: 0.9208  nu_loss: -159.1149
Step:  1480000  |  score: 5.74 ± 3.23  |  actor_loss: -3.7983  cost_loss: 0.9864  nu_loss: -160.5270
Step:  1490000  |  score: 11.50 ± 12.40  |  actor_loss: -3.5068  cost_loss: 0.9309  nu_loss: -137.9328
Step:  1500000  |  score: 14.38 ± 6.28  |  actor_loss: -4.3792  cost_loss: 0.9747  nu_loss: -166.9303
Step:  1510000  |  score: 12.53 ± 8.38  |  actor_loss: 2.3887  cost_loss: 0.9676  nu_loss: 401.8800
Step:  1520000  |  score: 8.62 ± 11.85  |  actor_loss: -3.9970  cost_loss: 0.9662  nu_loss: -97.6746
Step:  1530000  |  score: 20.35 ± 20.07  |  actor_loss: -3.4640  cost_loss: 0.9572  nu_loss: -172.2528
Step:  1540000  |  score: 14.20 ± 17.81  |  actor_loss: -3.1915  cost_loss: 0.9354  nu_loss: -175.4515
Step:  1550000  |  score: 30.40 ± 19.50  |  actor_loss: -3.2848  cost_loss: 0.9756  nu_loss: -177.0405
Step:  1560000  |  score: 11.15 ± 10.24  |  actor_loss: -3.8300  cost_loss: 0.9525  nu_loss: 95.8651
Step:  1570000  |  score: 10.10 ± 7.34  |  actor_loss: -3.8176  cost_loss: 0.9435  nu_loss: -183.2559
Step:  1580000  |  score: 15.80 ± 12.22  |  actor_loss: -4.2922  cost_loss: 0.9587  nu_loss: -186.1901
Step:  1590000  |  score: 15.57 ± 20.13  |  actor_loss: -3.6769  cost_loss: 0.9525  nu_loss: -186.5506
Step:  1600000  |  score: 15.76 ± 19.15  |  actor_loss: -3.2019  cost_loss: 0.9752  nu_loss: -190.5808
Step:  1610000  |  score: 12.42 ± 10.11  |  actor_loss: -3.6021  cost_loss: 0.9615  nu_loss: -193.7236
Step:  1620000  |  score: 13.71 ± 8.73  |  actor_loss: -4.2772  cost_loss: 0.9906  nu_loss: -197.0984
Step:  1630000  |  score: 22.66 ± 16.65  |  actor_loss: -3.6399  cost_loss: 0.9383  nu_loss: -198.5305
Step:  1640000  |  score: 8.08 ± 8.83  |  actor_loss: -3.3623  cost_loss: 1.0196  nu_loss: -201.4775
Step:  1650000  |  score: 7.92 ± 10.71  |  actor_loss: -4.0761  cost_loss: 0.9899  nu_loss: -201.5985
Step:  1660000  |  score: 15.81 ± 13.30  |  actor_loss: -4.9825  cost_loss: 0.9896  nu_loss: -206.0484
Step:  1670000  |  score: 9.99 ± 13.09  |  actor_loss: -4.1765  cost_loss: 0.9503  nu_loss: -208.2848
Step:  1680000  |  score: 23.18 ± 18.40  |  actor_loss: -4.1514  cost_loss: 0.9450  nu_loss: -210.0781
Step:  1690000  |  score: 23.50 ± 15.91  |  actor_loss: -3.6022  cost_loss: 0.9238  nu_loss: -211.6452
Step:  1700000  |  score: 18.88 ± 14.77  |  actor_loss: -3.1384  cost_loss: 0.9610  nu_loss: 40.1934
Step:  1710000  |  score: 21.98 ± 17.30  |  actor_loss: -3.9587  cost_loss: 0.9392  nu_loss: -217.7306
Step:  1720000  |  score: 14.01 ± 11.20  |  actor_loss: -3.0536  cost_loss: 0.9683  nu_loss: -217.9677
Step:  1730000  |  score: 13.00 ± 8.20  |  actor_loss: -3.7058  cost_loss: 1.0041  nu_loss: 505.4377
Step:  1740000  |  score: 17.00 ± 12.89  |  actor_loss: -3.9498  cost_loss: 0.9540  nu_loss: -221.4128
Step:  1750000  |  score: 18.55 ± 12.60  |  actor_loss: -3.5471  cost_loss: 0.9187  nu_loss: -223.7498
Step:  1760000  |  score: 23.11 ± 20.27  |  actor_loss: -3.8389  cost_loss: 0.9570  nu_loss: -223.3117
Step:  1770000  |  score: 22.57 ± 15.54  |  actor_loss: -4.7481  cost_loss: 1.0391  nu_loss: 243.4357
Step:  1780000  |  score: 14.98 ± 10.73  |  actor_loss: -3.5185  cost_loss: 0.9187  nu_loss: -224.6686
Step:  1790000  |  score: 21.97 ± 20.06  |  actor_loss: -4.0019  cost_loss: 0.9509  nu_loss: -224.4300
Step:  1800000  |  score: 13.22 ± 9.98  |  actor_loss: -3.3281  cost_loss: 1.0132  nu_loss: -228.4562
Step:  1810000  |  score: 17.64 ± 14.16  |  actor_loss: -4.3014  cost_loss: 1.0159  nu_loss: -171.2418
Step:  1820000  |  score: 16.64 ± 19.38  |  actor_loss: -3.4056  cost_loss: 0.9470  nu_loss: -231.6250
Step:  1830000  |  score: 7.82 ± 7.15  |  actor_loss: -3.7290  cost_loss: 0.9669  nu_loss: -208.0021
Step:  1840000  |  score: 19.03 ± 10.78  |  actor_loss: -3.0824  cost_loss: 0.9442  nu_loss: -61.9391
Step:  1850000  |  score: 14.27 ± 9.75  |  actor_loss: 1.2945  cost_loss: 0.9654  nu_loss: -224.8887
Step:  1860000  |  score: 16.34 ± 14.20  |  actor_loss: -3.6071  cost_loss: 1.0031  nu_loss: -235.6697
Step:  1870000  |  score: 21.84 ± 16.10  |  actor_loss: -3.6274  cost_loss: 0.9108  nu_loss: -235.0491
Step:  1880000  |  score: 13.97 ± 9.98  |  actor_loss: -3.5990  cost_loss: 0.9567  nu_loss: -224.9265
Step:  1890000  |  score: 12.10 ± 9.17  |  actor_loss: -2.3575  cost_loss: 0.9465  nu_loss: -196.0528
Step:  1900000  |  score: 10.89 ± 12.08  |  actor_loss: -3.8045  cost_loss: 0.9972  nu_loss: -236.2520
Step:  1910000  |  score: 22.31 ± 14.28  |  actor_loss: -3.7353  cost_loss: 0.9436  nu_loss: -240.4518
Step:  1920000  |  score: 14.64 ± 15.91  |  actor_loss: -3.9801  cost_loss: 0.9560  nu_loss: -239.0610
Step:  1930000  |  score: 19.02 ± 15.92  |  actor_loss: 1.6503  cost_loss: 0.9737  nu_loss: 3094.7253
Step:  1940000  |  score: 15.07 ± 18.85  |  actor_loss: -5.2884  cost_loss: 0.9798  nu_loss: -217.6890
Step:  1950000  |  score: 15.81 ± 18.23  |  actor_loss: -3.8646  cost_loss: 0.9557  nu_loss: -244.4734
Step:  1960000  |  score: 10.08 ± 8.62  |  actor_loss: -3.8539  cost_loss: 0.9689  nu_loss: -191.5487
Step:  1970000  |  score: 24.04 ± 15.65  |  actor_loss: -3.7683  cost_loss: 0.9489  nu_loss: -205.7660
Step:  1980000  |  score: 15.19 ± 12.78  |  actor_loss: -6.7861  cost_loss: 0.9364  nu_loss: 2365.0278
Step:  1990000  |  score: 7.10 ± 6.24  |  actor_loss: -3.5823  cost_loss: 0.9226  nu_loss: -156.5882
Step:  2000000  |  score: 22.37 ± 14.75  |  actor_loss: -3.7218  cost_loss: 0.9458  nu_loss: -242.4582
Final evaluation (13 iterations)...
Final score: 14.13 ± 14.59
wandb: WARNING Symlinked 1 file into the W&B run directory; call wandb.save again to sync new files.
wandb: updating run metadata
wandb: uploading final_returns/demodice_halfcheetah-expert-v2_2026-03-18_23-42-42.npz; uploading output.log; uploading wandb-summary.json; uploading config.yaml
wandb: uploading final_returns/demodice_halfcheetah-expert-v2_2026-03-18_23-42-42.npz; uploading output.log; uploading config.yaml
wandb: 
wandb: Run history:
wandb:  actor_loss ▆█▆▄▆▇▆▆▁▅▅▅▅▄▅▅▄█▆▆▅▅▄▅▅▅▄▅▅▃▅▄▅▆▄▄▅▅▄▅
wandb:   cost_loss ▆▁▆▄▄▅▅▅▅▇▅▃▅▂▆▅▅▇▄▆▇▆▆▆▆▄▃▇▅▃▄▄▄▇▄▃▄█▅▅
wandb:     nu_loss ███████████████▇▇▇▇▇▆▆▆▅▅▅▅▄▃▃▅▃▂▂▂▃▆▁▁▂
wandb: num_updates ▁▁▁▁▁▂▂▂▂▂▂▂▃▃▃▃▃▃▃▃▄▄▄▄▄▅▅▅▅▆▆▆▆▆▆▇▇▇▇█
wandb:      return ▁▁▁▂▁▁▂▁▂▂▃▂▂▃▂▅▅▃▅▂▄▄▂▃▄▃▃▅▃▄▆█▄▆▆▅▆▅▂▂
wandb:       score ▁▁▂▂▁▂▂▁▄▃▄▄▇▇▃▃▂▅▄▃▄▃▅▅▃▆▂▅▅▃▆█▃███▆▅█▄
wandb:   score_std ▁▁▁▁▁▃▁▂▂▂▃▅▂▂▆▄▅▂▃▆▂▃▃▄▄▂▃▄▃▅▆▁▅█▄▅▇▅█▆
wandb: 
wandb: Run summary:
wandb:  actor_loss -3.72182
wandb:   cost_loss 0.9458
wandb:     nu_loss -242.45819
wandb: num_updates 2000000
wandb:      return 2497.06134
wandb:       score 22.36972
wandb:   score_std 14.74998
wandb: 
wandb: 🚀 View run demodice_halfcheetah_M4_s1 at: https://wandb.ai/wsk208/DemoDICE/runs/q971tqmc
wandb: ⭐️ View project at: https://wandb.ai/wsk208/DemoDICE
wandb: Synced 5 W&B file(s), 0 media file(s), 0 artifact file(s) and 1 other file(s)
wandb: Find logs at: ./wandb/run-20260318_231646-q971tqmc/logs
