Warning: All of online environments libraries in D4RL have been moved ]8;;https://github.com/Farama-Foundation/Gymnasium\Gymnasium]8;;\, ]8;;https://github.com/Farama-Foundation/MiniGrid\MiniGrid]8;;\ and ]8;;https://github.com/Farama-Foundation/Gymnasium-Robotics\Gymnasium-Robotics]8;;\, and all offline datasets in D4RL have been moved to ]8;;https://github.com/Farama-Foundation/Minari\Minari]8;;\.
These new versions include large bug fixes, new versions of Python, and are where all new development will continue. Please upgrade these libraries as soon as you're able to do so.
If you'd like to read more about the story behind this switch, please check out ]8;;https://farama.org/Announcing-Minari\this blog post]8;;\.
Gym has been unmaintained since 2022 and does not support NumPy 2.0 amongst other critical functionality.
Please upgrade to Gymnasium, the maintained drop-in replacement of Gym, or contact the authors of your software and request that they upgrade.
See the migration guide at https://gymnasium.farama.org/introduction/migration_guide/ for additional information.
/opt/venv/lib/python3.10/site-packages/Cython/Distutils/old_build_ext.py:15: DeprecationWarning: dep_util is Deprecated. Use functions from setuptools instead.
  from distutils.dep_util import newer, newer_group
<frozen importlib._bootstrap>:283: DeprecationWarning: the load_module() method is deprecated and slated for removal in Python 3.12; use exec_module() instead
pybullet build time: Jan 29 2025 23:16:28
wandb: [wandb.login()] Loaded credentials for https://api.wandb.ai from /root/.netrc.
wandb: Currently logged in as: wsk208 to https://api.wandb.ai. Use `wandb login --relogin` to force relogin
/opt/venv/lib/python3.10/site-packages/wandb/analytics/sentry.py:268: DeprecationWarning: Read the `app_url` setting from the appropriate Settings object.
  app_url = wandb.util.app_url(tags["base_url"])  # type: ignore[index]
/opt/venv/lib/python3.10/site-packages/wandb/analytics/sentry.py:279: DeprecationWarning: The `Scope.user` setter is deprecated in favor of `Scope.set_user()`.
  self.scope.user = {"email": email}
wandb: setting up run g9t7g5gr
/opt/venv/lib/python3.10/site-packages/wandb/analytics/sentry.py:268: DeprecationWarning: Read the `app_url` setting from the appropriate Settings object.
  app_url = wandb.util.app_url(tags["base_url"])  # type: ignore[index]
/opt/venv/lib/python3.10/site-packages/wandb/analytics/sentry.py:279: DeprecationWarning: The `Scope.user` setter is deprecated in favor of `Scope.set_user()`.
  self.scope.user = {"email": email}
wandb: Tracking run with wandb version 0.25.1
wandb: Run data is saved locally in /app/wandb/run-20260319_061010-g9t7g5gr
wandb: Run `wandb offline` to turn off syncing.
wandb: Syncing run demodice_ant_M3_s3
wandb: ⭐️ View project at https://wandb.ai/wsk208/DemoDICE
wandb: 🚀 View run at https://wandb.ai/wsk208/DemoDICE/runs/g9t7g5gr
/opt/venv/lib/python3.10/site-packages/gym/spaces/box.py:84: UserWarning: [33mWARN: Box bound precision lowered by casting to float32[0m
  logger.warn(f"Box bound precision lowered by casting to {self.dtype}")
load datafile:   0%|          | 0/21 [00:00<?, ?it/s]load datafile:   5%|▍         | 1/21 [00:00<00:04,  4.48it/s]load datafile:  14%|█▍        | 3/21 [00:00<00:05,  3.26it/s]load datafile:  19%|█▉        | 4/21 [00:01<00:06,  2.52it/s]load datafile:  81%|████████  | 17/21 [00:03<00:00,  5.48it/s]load datafile:  86%|████████▌ | 18/21 [00:05<00:01,  2.95it/s]load datafile: 100%|██████████| 21/21 [00:05<00:00,  3.88it/s]
Expert  :  999036 transitions  (ant-expert-v2, 400 traj)
load datafile:   0%|          | 0/9 [00:00<?, ?it/s]load datafile:  11%|█         | 1/9 [00:00<00:01,  4.77it/s]load datafile:  33%|███▎      | 3/9 [00:00<00:01,  3.37it/s]load datafile:  44%|████▍     | 4/9 [00:01<00:01,  2.57it/s]load datafile:  56%|█████▌    | 5/9 [00:03<00:03,  1.11it/s]load datafile:  67%|██████▋   | 6/9 [00:05<00:03,  1.22s/it]load datafile: 100%|██████████| 9/9 [00:05<00:00,  1.70it/s]
Imperfect:  304551 transitions  (ant-random-v2, 1600 traj)
Union   : 1303587 transitions total
/root/.local/share/uv/python/cpython-3.10-linux-x86_64-gnu/lib/python3.10/multiprocessing/popen_fork.py:66: RuntimeWarning: os.fork() was called. os.fork() is incompatible with multithreaded code, and JAX is multithreaded, so this will likely lead to a deadlock.
  self.pid = os.fork()
/opt/venv/lib/python3.10/site-packages/tensorflow_probability/python/internal/backend/jax/ops.py:681: DeprecationWarning: jax.interpreters.xla.pytype_aval_mappings is deprecated.
  jax.interpreters.xla.pytype_aval_mappings[onp.ndarray])
/opt/venv/lib/python3.10/site-packages/gym/spaces/box.py:84: UserWarning: [33mWARN: Box bound precision lowered by casting to float32[0m
  logger.warn(f"Box bound precision lowered by casting to {self.dtype}")
Step:    10000  |  score: 2.00 ± 13.42  |  actor_loss: -0.6711  cost_loss: 3.9258  nu_loss: 12.4260
Step:    20000  |  score: 4.90 ± 6.23  |  actor_loss: -1.7388  cost_loss: 1.3674  nu_loss: 12.3736
Step:    30000  |  score: 4.36 ± 6.06  |  actor_loss: -1.8913  cost_loss: 1.3240  nu_loss: 12.3992
Step:    40000  |  score: 13.57 ± 13.96  |  actor_loss: -3.8131  cost_loss: 1.2716  nu_loss: 12.1224
Step:    50000  |  score: 17.10 ± 11.73  |  actor_loss: -4.4507  cost_loss: 1.2415  nu_loss: 12.1582
Step:    60000  |  score: 8.96 ± 17.23  |  actor_loss: -4.0210  cost_loss: 1.2055  nu_loss: 11.9567
Step:    70000  |  score: 42.70 ± 35.63  |  actor_loss: -4.2357  cost_loss: 1.2217  nu_loss: 11.9755
Step:    80000  |  score: 44.45 ± 52.46  |  actor_loss: -4.8244  cost_loss: 1.2360  nu_loss: 12.1394
Step:    90000  |  score: 30.92 ± 35.33  |  actor_loss: -4.3292  cost_loss: 1.2418  nu_loss: 12.0538
Step:   100000  |  score: 41.49 ± 35.23  |  actor_loss: -4.8464  cost_loss: 1.2253  nu_loss: 12.0546
Step:   110000  |  score: 20.53 ± 39.09  |  actor_loss: -4.9403  cost_loss: 1.2454  nu_loss: 11.9369
Step:   120000  |  score: 78.99 ± 34.37  |  actor_loss: -4.5604  cost_loss: 1.2245  nu_loss: 11.9815
Step:   130000  |  score: 54.22 ± 38.63  |  actor_loss: -4.8404  cost_loss: 1.2168  nu_loss: 12.0510
Step:   140000  |  score: 51.72 ± 59.17  |  actor_loss: -4.8647  cost_loss: 1.2136  nu_loss: 11.9628
Step:   150000  |  score: 54.26 ± 44.54  |  actor_loss: -4.6284  cost_loss: 1.2242  nu_loss: 11.9075
Step:   160000  |  score: 60.37 ± 44.15  |  actor_loss: -4.7044  cost_loss: 1.2144  nu_loss: 12.0535
Step:   170000  |  score: 51.91 ± 40.21  |  actor_loss: -5.0035  cost_loss: 1.2112  nu_loss: 12.0656
Step:   180000  |  score: 54.18 ± 38.64  |  actor_loss: -4.4837  cost_loss: 1.2202  nu_loss: 12.0185
Step:   190000  |  score: 48.60 ± 51.00  |  actor_loss: -5.2652  cost_loss: 1.2176  nu_loss: 12.0334
Step:   200000  |  score: 42.29 ± 38.78  |  actor_loss: -4.1911  cost_loss: 1.2509  nu_loss: 12.1849
Step:   210000  |  score: 51.80 ± 56.82  |  actor_loss: -5.1554  cost_loss: 1.2285  nu_loss: 12.0849
Step:   220000  |  score: 61.52 ± 48.19  |  actor_loss: -5.0436  cost_loss: 1.1949  nu_loss: 11.9764
Step:   230000  |  score: 49.20 ± 50.62  |  actor_loss: -5.3610  cost_loss: 1.2125  nu_loss: 11.9926
Step:   240000  |  score: 88.35 ± 37.23  |  actor_loss: -5.2210  cost_loss: 1.2282  nu_loss: 11.9772
Step:   250000  |  score: 58.55 ± 47.54  |  actor_loss: -4.8410  cost_loss: 1.1946  nu_loss: 12.0689
Step:   260000  |  score: 62.69 ± 53.32  |  actor_loss: -5.0398  cost_loss: 1.2039  nu_loss: 11.9143
Step:   270000  |  score: 67.30 ± 54.46  |  actor_loss: -5.1719  cost_loss: 1.2086  nu_loss: 11.8798
Step:   280000  |  score: 74.03 ± 49.19  |  actor_loss: -5.1668  cost_loss: 1.2144  nu_loss: 12.0161
Step:   290000  |  score: 63.91 ± 44.83  |  actor_loss: -5.3045  cost_loss: 1.2266  nu_loss: 12.0037
Step:   300000  |  score: 39.99 ± 42.75  |  actor_loss: -4.7305  cost_loss: 1.1950  nu_loss: 12.0971
Step:   310000  |  score: 64.77 ± 47.27  |  actor_loss: -4.9283  cost_loss: 1.2386  nu_loss: 12.0381
Step:   320000  |  score: 95.05 ± 30.75  |  actor_loss: -5.3874  cost_loss: 1.2093  nu_loss: 11.9630
Step:   330000  |  score: 68.11 ± 55.38  |  actor_loss: -5.3336  cost_loss: 1.1916  nu_loss: 11.9002
Step:   340000  |  score: 42.25 ± 45.86  |  actor_loss: -4.9511  cost_loss: 1.2317  nu_loss: 12.1491
Step:   350000  |  score: 50.06 ± 41.47  |  actor_loss: -5.0321  cost_loss: 1.1915  nu_loss: 11.8522
Step:   360000  |  score: 72.48 ± 49.96  |  actor_loss: -5.0914  cost_loss: 1.2314  nu_loss: 12.0433
Step:   370000  |  score: 79.34 ± 52.66  |  actor_loss: -4.9735  cost_loss: 1.2157  nu_loss: 11.8796
Step:   380000  |  score: 103.39 ± 39.04  |  actor_loss: -5.3394  cost_loss: 1.1976  nu_loss: 11.9966
Step:   390000  |  score: 82.84 ± 51.25  |  actor_loss: -5.3743  cost_loss: 1.2187  nu_loss: 11.9441
Step:   400000  |  score: 63.07 ± 42.49  |  actor_loss: -5.4827  cost_loss: 1.2279  nu_loss: 11.9123
Step:   410000  |  score: 80.83 ± 43.10  |  actor_loss: -5.3658  cost_loss: 1.2027  nu_loss: 12.0172
Step:   420000  |  score: 38.06 ± 55.35  |  actor_loss: -5.4688  cost_loss: 1.2316  nu_loss: 12.0058
Step:   430000  |  score: 80.12 ± 54.67  |  actor_loss: -5.0944  cost_loss: 1.2162  nu_loss: 11.9726
Step:   440000  |  score: 94.11 ± 39.89  |  actor_loss: -5.5609  cost_loss: 1.1944  nu_loss: 11.7526
Step:   450000  |  score: 72.58 ± 49.22  |  actor_loss: -5.9628  cost_loss: 1.2305  nu_loss: 12.0384
Step:   460000  |  score: 64.85 ± 49.25  |  actor_loss: -5.2088  cost_loss: 1.1952  nu_loss: 12.0350
Step:   470000  |  score: 74.55 ± 44.79  |  actor_loss: -5.3672  cost_loss: 1.1922  nu_loss: 11.8606
Step:   480000  |  score: 69.69 ± 52.75  |  actor_loss: -5.1515  cost_loss: 1.2275  nu_loss: 11.9312
Step:   490000  |  score: 119.96 ± 7.23  |  actor_loss: -5.6319  cost_loss: 1.2150  nu_loss: 11.9566
Step:   500000  |  score: 45.42 ± 59.61  |  actor_loss: -5.1277  cost_loss: 1.2074  nu_loss: 11.8179
Step:   510000  |  score: 119.71 ± 15.75  |  actor_loss: -5.6147  cost_loss: 1.2099  nu_loss: 12.0011
Step:   520000  |  score: 72.02 ± 51.69  |  actor_loss: -5.6820  cost_loss: 1.2296  nu_loss: 11.9201
Step:   530000  |  score: 87.23 ± 44.10  |  actor_loss: -5.4027  cost_loss: 1.2511  nu_loss: 12.0829
Step:   540000  |  score: 44.76 ± 46.64  |  actor_loss: -5.4585  cost_loss: 1.2163  nu_loss: 11.9496
Step:   550000  |  score: 98.25 ± 43.22  |  actor_loss: -5.2705  cost_loss: 1.2077  nu_loss: 12.0000
Step:   560000  |  score: 79.12 ± 49.62  |  actor_loss: -5.2679  cost_loss: 1.2094  nu_loss: 11.9699
Step:   570000  |  score: 73.06 ± 50.80  |  actor_loss: -5.4650  cost_loss: 1.2108  nu_loss: 11.9267
Step:   580000  |  score: 42.78 ± 35.38  |  actor_loss: -5.2997  cost_loss: 1.2404  nu_loss: 11.9406
Step:   590000  |  score: 89.38 ± 48.88  |  actor_loss: -4.9603  cost_loss: 1.2181  nu_loss: 12.0375
Step:   600000  |  score: 79.70 ± 54.34  |  actor_loss: -6.1692  cost_loss: 1.2305  nu_loss: 12.1142
Step:   610000  |  score: 40.99 ± 49.52  |  actor_loss: -6.1060  cost_loss: 1.2321  nu_loss: 12.1257
Step:   620000  |  score: 83.83 ± 49.01  |  actor_loss: -5.5977  cost_loss: 1.2516  nu_loss: 12.1239
Step:   630000  |  score: 88.95 ± 51.71  |  actor_loss: -5.9566  cost_loss: 1.2356  nu_loss: 12.0426
Step:   640000  |  score: 64.98 ± 40.82  |  actor_loss: -5.5961  cost_loss: 1.2292  nu_loss: 11.8636
Step:   650000  |  score: 85.28 ± 42.72  |  actor_loss: -5.3928  cost_loss: 1.1941  nu_loss: 11.8091
Step:   660000  |  score: 80.26 ± 38.73  |  actor_loss: -5.7264  cost_loss: 1.2081  nu_loss: 11.9335
Step:   670000  |  score: 113.09 ± 30.22  |  actor_loss: -5.2910  cost_loss: 1.2254  nu_loss: 12.0359
Step:   680000  |  score: 65.79 ± 46.29  |  actor_loss: -5.6893  cost_loss: 1.2147  nu_loss: 11.7898
Step:   690000  |  score: 54.11 ± 50.99  |  actor_loss: -5.6169  cost_loss: 1.2235  nu_loss: 11.9656
Step:   700000  |  score: 72.03 ± 52.43  |  actor_loss: -5.8277  cost_loss: 1.2202  nu_loss: 11.9482
Step:   710000  |  score: 101.27 ± 40.26  |  actor_loss: -5.4400  cost_loss: 1.2177  nu_loss: 11.8968
Step:   720000  |  score: 70.17 ± 46.58  |  actor_loss: -5.3039  cost_loss: 1.2092  nu_loss: 11.8962
Step:   730000  |  score: 79.50 ± 43.74  |  actor_loss: -5.5069  cost_loss: 1.2518  nu_loss: 12.0219
Step:   740000  |  score: 86.32 ± 60.31  |  actor_loss: -5.7094  cost_loss: 1.2131  nu_loss: 12.0251
Step:   750000  |  score: 63.32 ± 46.10  |  actor_loss: -5.7241  cost_loss: 1.2168  nu_loss: 11.9776
Step:   760000  |  score: 82.85 ± 53.46  |  actor_loss: -5.8978  cost_loss: 1.1969  nu_loss: 11.8036
Step:   770000  |  score: 78.66 ± 55.31  |  actor_loss: -5.5619  cost_loss: 1.2181  nu_loss: 11.9411
Step:   780000  |  score: 93.34 ± 37.77  |  actor_loss: -5.1807  cost_loss: 1.2065  nu_loss: 11.8267
Step:   790000  |  score: 84.36 ± 55.63  |  actor_loss: -5.4020  cost_loss: 1.2123  nu_loss: 11.9669
Step:   800000  |  score: 66.29 ± 51.37  |  actor_loss: -5.6488  cost_loss: 1.1909  nu_loss: 11.8564
Step:   810000  |  score: 41.72 ± 50.57  |  actor_loss: -5.8431  cost_loss: 1.2127  nu_loss: 11.9600
Step:   820000  |  score: 70.46 ± 52.21  |  actor_loss: -5.9478  cost_loss: 1.2182  nu_loss: 12.0064
Step:   830000  |  score: 79.66 ± 45.80  |  actor_loss: -5.4946  cost_loss: 1.2077  nu_loss: 11.9403
Step:   840000  |  score: 38.15 ± 47.18  |  actor_loss: -5.4701  cost_loss: 1.2054  nu_loss: 11.8057
Step:   850000  |  score: 80.59 ± 49.02  |  actor_loss: -5.7045  cost_loss: 1.2275  nu_loss: 12.0042
Step:   860000  |  score: 109.60 ± 38.17  |  actor_loss: -5.4214  cost_loss: 1.2372  nu_loss: 12.0538
Step:   870000  |  score: 69.78 ± 46.04  |  actor_loss: -6.0312  cost_loss: 1.2206  nu_loss: 11.9186
Step:   880000  |  score: 111.59 ± 16.79  |  actor_loss: -5.4566  cost_loss: 1.2193  nu_loss: 11.9143
Step:   890000  |  score: 90.93 ± 51.59  |  actor_loss: -5.6204  cost_loss: 1.2003  nu_loss: 11.8762
Step:   900000  |  score: 62.69 ± 51.72  |  actor_loss: -5.6137  cost_loss: 1.2075  nu_loss: 11.9927
Step:   910000  |  score: 87.56 ± 33.95  |  actor_loss: -5.0090  cost_loss: 1.2154  nu_loss: 11.9830
Step:   920000  |  score: 91.75 ± 47.66  |  actor_loss: -5.9478  cost_loss: 1.2192  nu_loss: 11.8514
Step:   930000  |  score: 79.56 ± 49.29  |  actor_loss: -5.7739  cost_loss: 1.2214  nu_loss: 11.8816
Step:   940000  |  score: 87.93 ± 38.76  |  actor_loss: -5.8094  cost_loss: 1.2184  nu_loss: 11.7902
Step:   950000  |  score: 59.97 ± 47.67  |  actor_loss: -5.5846  cost_loss: 1.2166  nu_loss: 11.8544
Step:   960000  |  score: 79.54 ± 56.08  |  actor_loss: -5.9397  cost_loss: 1.1988  nu_loss: 11.9224
Step:   970000  |  score: 77.61 ± 58.84  |  actor_loss: -5.6792  cost_loss: 1.1888  nu_loss: 11.7889
Step:   980000  |  score: 61.59 ± 52.36  |  actor_loss: -5.4621  cost_loss: 1.2059  nu_loss: 11.9984
Step:   990000  |  score: 93.79 ± 42.29  |  actor_loss: -5.7163  cost_loss: 1.2206  nu_loss: 11.8906
Step:  1000000  |  score: 84.62 ± 54.81  |  actor_loss: -5.1893  cost_loss: 1.2143  nu_loss: 11.9732
Step:  1010000  |  score: 95.29 ± 43.47  |  actor_loss: -5.6921  cost_loss: 1.2038  nu_loss: 11.8393
