Warning: All of online environments libraries in D4RL have been moved ]8;;https://github.com/Farama-Foundation/Gymnasium\Gymnasium]8;;\, ]8;;https://github.com/Farama-Foundation/MiniGrid\MiniGrid]8;;\ and ]8;;https://github.com/Farama-Foundation/Gymnasium-Robotics\Gymnasium-Robotics]8;;\, and all offline datasets in D4RL have been moved to ]8;;https://github.com/Farama-Foundation/Minari\Minari]8;;\.
These new versions include large bug fixes, new versions of Python, and are where all new development will continue. Please upgrade these libraries as soon as you're able to do so.
If you'd like to read more about the story behind this switch, please check out ]8;;https://farama.org/Announcing-Minari\this blog post]8;;\.
Gym has been unmaintained since 2022 and does not support NumPy 2.0 amongst other critical functionality.
Please upgrade to Gymnasium, the maintained drop-in replacement of Gym, or contact the authors of your software and request that they upgrade.
See the migration guide at https://gymnasium.farama.org/introduction/migration_guide/ for additional information.
/opt/venv/lib/python3.10/site-packages/Cython/Distutils/old_build_ext.py:15: DeprecationWarning: dep_util is Deprecated. Use functions from setuptools instead.
  from distutils.dep_util import newer, newer_group
<frozen importlib._bootstrap>:283: DeprecationWarning: the load_module() method is deprecated and slated for removal in Python 3.12; use exec_module() instead
pybullet build time: Jan 29 2025 23:16:28
wandb: [wandb.login()] Loaded credentials for https://api.wandb.ai from /root/.netrc.
wandb: Currently logged in as: wsk208 to https://api.wandb.ai. Use `wandb login --relogin` to force relogin
/opt/venv/lib/python3.10/site-packages/wandb/analytics/sentry.py:268: DeprecationWarning: Read the `app_url` setting from the appropriate Settings object.
  app_url = wandb.util.app_url(tags["base_url"])  # type: ignore[index]
/opt/venv/lib/python3.10/site-packages/wandb/analytics/sentry.py:279: DeprecationWarning: The `Scope.user` setter is deprecated in favor of `Scope.set_user()`.
  self.scope.user = {"email": email}
wandb: setting up run 01yo50xv
/opt/venv/lib/python3.10/site-packages/wandb/analytics/sentry.py:268: DeprecationWarning: Read the `app_url` setting from the appropriate Settings object.
  app_url = wandb.util.app_url(tags["base_url"])  # type: ignore[index]
/opt/venv/lib/python3.10/site-packages/wandb/analytics/sentry.py:279: DeprecationWarning: The `Scope.user` setter is deprecated in favor of `Scope.set_user()`.
  self.scope.user = {"email": email}
wandb: Tracking run with wandb version 0.25.1
wandb: Run data is saved locally in /app/wandb/run-20260319_042734-01yo50xv
wandb: Run `wandb offline` to turn off syncing.
wandb: Syncing run demodice_ant_M1_s0
wandb: ⭐️ View project at https://wandb.ai/wsk208/DemoDICE
wandb: 🚀 View run at https://wandb.ai/wsk208/DemoDICE/runs/01yo50xv
/opt/venv/lib/python3.10/site-packages/gym/spaces/box.py:84: UserWarning: [33mWARN: Box bound precision lowered by casting to float32[0m
  logger.warn(f"Box bound precision lowered by casting to {self.dtype}")
Downloading dataset: http://rail.eecs.berkeley.edu/datasets/offline_rl/gym_mujoco_v2/ant_expert-v2.hdf5 to /root/.d4rl/datasets/ant_expert-v2.hdf5
load datafile:   0%|          | 0/21 [00:00<?, ?it/s]load datafile:   5%|▍         | 1/21 [00:00<00:05,  3.87it/s]load datafile:  14%|█▍        | 3/21 [00:00<00:05,  3.07it/s]load datafile:  19%|█▉        | 4/21 [00:01<00:06,  2.44it/s]load datafile:  81%|████████  | 17/21 [00:03<00:00,  5.43it/s]load datafile:  86%|████████▌ | 18/21 [00:05<00:01,  2.98it/s]load datafile: 100%|██████████| 21/21 [00:05<00:00,  3.87it/s]
Expert  :  999036 transitions  (ant-expert-v2, 400 traj)
Downloading dataset: http://rail.eecs.berkeley.edu/datasets/offline_rl/gym_mujoco_v2/ant_random-v2.hdf5 to /root/.d4rl/datasets/ant_random-v2.hdf5
load datafile:   0%|          | 0/9 [00:00<?, ?it/s]load datafile:  11%|█         | 1/9 [00:00<00:01,  4.04it/s]load datafile:  33%|███▎      | 3/9 [00:00<00:01,  3.27it/s]load datafile:  44%|████▍     | 4/9 [00:01<00:01,  2.53it/s]load datafile:  56%|█████▌    | 5/9 [00:03<00:03,  1.11it/s]load datafile:  67%|██████▋   | 6/9 [00:05<00:03,  1.24s/it]load datafile: 100%|██████████| 9/9 [00:05<00:00,  1.67it/s]
Imperfect:   18453 transitions  (ant-random-v2, 100 traj)
Union   : 1017489 transitions total
/root/.local/share/uv/python/cpython-3.10-linux-x86_64-gnu/lib/python3.10/multiprocessing/popen_fork.py:66: RuntimeWarning: os.fork() was called. os.fork() is incompatible with multithreaded code, and JAX is multithreaded, so this will likely lead to a deadlock.
  self.pid = os.fork()
/opt/venv/lib/python3.10/site-packages/tensorflow_probability/python/internal/backend/jax/ops.py:681: DeprecationWarning: jax.interpreters.xla.pytype_aval_mappings is deprecated.
  jax.interpreters.xla.pytype_aval_mappings[onp.ndarray])
/opt/venv/lib/python3.10/site-packages/gym/spaces/box.py:84: UserWarning: [33mWARN: Box bound precision lowered by casting to float32[0m
  logger.warn(f"Box bound precision lowered by casting to {self.dtype}")
Step:    10000  |  score: -11.60 ± 16.39  |  actor_loss: -3.3110  cost_loss: 3.4290  nu_loss: 12.3590
Step:    20000  |  score: 8.21 ± 27.90  |  actor_loss: -3.4231  cost_loss: 1.3824  nu_loss: 12.4064
Step:    30000  |  score: 16.35 ± 22.96  |  actor_loss: -4.1943  cost_loss: 1.3822  nu_loss: 12.2803
Step:    40000  |  score: 17.07 ± 26.18  |  actor_loss: -3.7093  cost_loss: 1.3819  nu_loss: 12.3410
Step:    50000  |  score: 34.81 ± 45.34  |  actor_loss: -4.2552  cost_loss: 1.3799  nu_loss: 12.2558
Step:    60000  |  score: 58.07 ± 33.77  |  actor_loss: -3.9945  cost_loss: 1.3799  nu_loss: 12.1606
Step:    70000  |  score: 57.09 ± 48.47  |  actor_loss: -4.7964  cost_loss: 1.3790  nu_loss: 12.2078
Step:    80000  |  score: 44.65 ± 38.79  |  actor_loss: -4.5144  cost_loss: 1.3799  nu_loss: 12.1600
Step:    90000  |  score: 31.03 ± 41.47  |  actor_loss: -4.0178  cost_loss: 1.3798  nu_loss: 12.2136
Step:   100000  |  score: 59.50 ± 39.51  |  actor_loss: -4.7183  cost_loss: 1.3762  nu_loss: 12.1369
Step:   110000  |  score: 53.71 ± 48.47  |  actor_loss: -4.8430  cost_loss: 1.3802  nu_loss: 12.1430
Step:   120000  |  score: 88.71 ± 32.82  |  actor_loss: -5.1492  cost_loss: 1.3801  nu_loss: 12.1077
Step:   130000  |  score: 80.63 ± 27.40  |  actor_loss: -5.1660  cost_loss: 1.3798  nu_loss: 12.2155
Step:   140000  |  score: 86.88 ± 43.93  |  actor_loss: -5.3055  cost_loss: 1.3756  nu_loss: 12.2356
Step:   150000  |  score: 70.13 ± 41.41  |  actor_loss: -5.0152  cost_loss: 1.3712  nu_loss: 12.3270
Step:   160000  |  score: 38.79 ± 36.01  |  actor_loss: -5.2803  cost_loss: 1.3765  nu_loss: 12.1049
Step:   170000  |  score: 51.51 ± 41.87  |  actor_loss: -5.5721  cost_loss: 1.3731  nu_loss: 12.1922
Step:   180000  |  score: 69.28 ± 36.78  |  actor_loss: -5.2203  cost_loss: 1.3692  nu_loss: 12.0510
Step:   190000  |  score: 67.02 ± 37.44  |  actor_loss: -5.3281  cost_loss: 1.3742  nu_loss: 12.0500
Step:   200000  |  score: 87.76 ± 31.08  |  actor_loss: -5.4518  cost_loss: 1.3787  nu_loss: 12.1635
Step:   210000  |  score: 69.46 ± 42.33  |  actor_loss: -5.3459  cost_loss: 1.3752  nu_loss: 12.1169
Step:   220000  |  score: 90.84 ± 28.57  |  actor_loss: -5.2481  cost_loss: 1.3761  nu_loss: 12.1664
Step:   230000  |  score: 81.60 ± 44.24  |  actor_loss: -5.6116  cost_loss: 1.3771  nu_loss: 12.1185
Step:   240000  |  score: 51.39 ± 42.46  |  actor_loss: -5.1910  cost_loss: 1.3704  nu_loss: 12.0755
Step:   250000  |  score: 47.69 ± 32.73  |  actor_loss: -5.2310  cost_loss: 1.3751  nu_loss: 12.2651
Step:   260000  |  score: 84.29 ± 33.88  |  actor_loss: -5.4496  cost_loss: 1.3781  nu_loss: 12.2301
Step:   270000  |  score: 78.76 ± 47.08  |  actor_loss: -5.3303  cost_loss: 1.3744  nu_loss: 12.2313
Step:   280000  |  score: 83.52 ± 37.75  |  actor_loss: -5.8941  cost_loss: 1.3777  nu_loss: 12.2140
Step:   290000  |  score: 97.57 ± 46.37  |  actor_loss: -5.7313  cost_loss: 1.3737  nu_loss: 12.2316
Step:   300000  |  score: 70.20 ± 46.56  |  actor_loss: -5.8876  cost_loss: 1.3745  nu_loss: 12.0554
Step:   310000  |  score: 40.98 ± 36.48  |  actor_loss: -5.7739  cost_loss: 1.3765  nu_loss: 12.2171
Step:   320000  |  score: 82.46 ± 41.38  |  actor_loss: -5.2823  cost_loss: 1.3691  nu_loss: 12.1305
Step:   330000  |  score: 91.72 ± 36.19  |  actor_loss: -5.8204  cost_loss: 1.3727  nu_loss: 12.0272
Step:   340000  |  score: 61.47 ± 39.91  |  actor_loss: -5.7878  cost_loss: 1.3692  nu_loss: 12.1482
Step:   350000  |  score: 76.63 ± 51.01  |  actor_loss: -5.7079  cost_loss: 1.3775  nu_loss: 12.3214
Step:   360000  |  score: 86.39 ± 39.49  |  actor_loss: -5.8647  cost_loss: 1.3777  nu_loss: 12.0873
Step:   370000  |  score: 81.34 ± 47.49  |  actor_loss: -5.4357  cost_loss: 1.3779  nu_loss: 12.0939
Step:   380000  |  score: 93.55 ± 37.90  |  actor_loss: -5.8692  cost_loss: 1.3789  nu_loss: 12.2408
Step:   390000  |  score: 80.81 ± 51.92  |  actor_loss: -5.3611  cost_loss: 1.3683  nu_loss: 12.2037
Step:   400000  |  score: 82.26 ± 33.65  |  actor_loss: -5.6816  cost_loss: 1.3718  nu_loss: 12.1863
Step:   410000  |  score: 102.51 ± 38.33  |  actor_loss: -5.3614  cost_loss: 1.3755  nu_loss: 12.0362
Step:   420000  |  score: 104.30 ± 40.94  |  actor_loss: -5.7220  cost_loss: 1.3749  nu_loss: 12.2184
Step:   430000  |  score: 97.67 ± 35.57  |  actor_loss: -5.7053  cost_loss: 1.3754  nu_loss: 12.1050
Step:   440000  |  score: 99.24 ± 30.25  |  actor_loss: -5.9151  cost_loss: 1.3724  nu_loss: 12.0984
Step:   450000  |  score: 89.08 ± 39.84  |  actor_loss: -5.8364  cost_loss: 1.3729  nu_loss: 12.1663
Step:   460000  |  score: 74.93 ± 51.60  |  actor_loss: -5.7799  cost_loss: 1.3645  nu_loss: 12.0913
Step:   470000  |  score: 101.51 ± 32.12  |  actor_loss: -5.5452  cost_loss: 1.3758  nu_loss: 12.1968
Step:   480000  |  score: 101.20 ± 25.84  |  actor_loss: -5.6701  cost_loss: 1.3815  nu_loss: 12.2087
Step:   490000  |  score: 84.41 ± 49.73  |  actor_loss: -6.0177  cost_loss: 1.3702  nu_loss: 12.1468
Step:   500000  |  score: 119.64 ± 9.49  |  actor_loss: -5.6471  cost_loss: 1.3675  nu_loss: 12.0693
Step:   510000  |  score: 96.79 ± 31.17  |  actor_loss: -5.5171  cost_loss: 1.3676  nu_loss: 11.9950
Step:   520000  |  score: 113.72 ± 11.41  |  actor_loss: -5.7641  cost_loss: 1.3659  nu_loss: 12.0769
Step:   530000  |  score: 90.77 ± 36.88  |  actor_loss: -5.9631  cost_loss: 1.3734  nu_loss: 12.1020
Step:   540000  |  score: 76.92 ± 51.18  |  actor_loss: -5.7878  cost_loss: 1.3712  nu_loss: 12.1980
Step:   550000  |  score: 85.95 ± 44.98  |  actor_loss: -5.8355  cost_loss: 1.3733  nu_loss: 12.1984
Step:   560000  |  score: 107.89 ± 18.21  |  actor_loss: -6.0747  cost_loss: 1.3766  nu_loss: 12.0939
Step:   570000  |  score: 84.87 ± 44.39  |  actor_loss: -5.5635  cost_loss: 1.3742  nu_loss: 12.0587
Step:   580000  |  score: 54.77 ± 51.94  |  actor_loss: -5.7488  cost_loss: 1.3743  nu_loss: 12.1573
Step:   590000  |  score: 92.02 ± 28.10  |  actor_loss: -5.7826  cost_loss: 1.3727  nu_loss: 12.1635
Step:   600000  |  score: 79.90 ± 40.86  |  actor_loss: -6.1582  cost_loss: 1.3778  nu_loss: 12.1719
Step:   610000  |  score: 121.19 ± 7.55  |  actor_loss: -5.6458  cost_loss: 1.3701  nu_loss: 12.1661
Step:   620000  |  score: 114.29 ± 22.30  |  actor_loss: -5.7589  cost_loss: 1.3739  nu_loss: 12.1256
Step:   630000  |  score: 80.56 ± 42.44  |  actor_loss: -6.1539  cost_loss: 1.3648  nu_loss: 12.0532
Step:   640000  |  score: 106.23 ± 19.75  |  actor_loss: -5.9707  cost_loss: 1.3714  nu_loss: 11.9907
Step:   650000  |  score: 94.87 ± 37.46  |  actor_loss: -5.0080  cost_loss: 1.3768  nu_loss: 12.1080
Step:   660000  |  score: 112.56 ± 36.86  |  actor_loss: -5.9334  cost_loss: 1.3741  nu_loss: 12.0231
Step:   670000  |  score: 108.32 ± 47.33  |  actor_loss: -5.8884  cost_loss: 1.3671  nu_loss: 12.1152
Step:   680000  |  score: 84.63 ± 37.82  |  actor_loss: -5.8718  cost_loss: 1.3780  nu_loss: 12.1583
Step:   690000  |  score: 90.45 ± 36.85  |  actor_loss: -5.4547  cost_loss: 1.3740  nu_loss: 12.1312
Step:   700000  |  score: 95.19 ± 48.99  |  actor_loss: -5.8857  cost_loss: 1.3792  nu_loss: 12.0020
Step:   710000  |  score: 105.95 ± 35.34  |  actor_loss: -5.6021  cost_loss: 1.3706  nu_loss: 12.1294
Step:   720000  |  score: 94.04 ± 37.20  |  actor_loss: -6.1814  cost_loss: 1.3745  nu_loss: 12.1452
Step:   730000  |  score: 82.00 ± 42.48  |  actor_loss: -5.9972  cost_loss: 1.3761  nu_loss: 12.1018
Step:   740000  |  score: 77.40 ± 51.95  |  actor_loss: -5.8710  cost_loss: 1.3733  nu_loss: 12.0978
Step:   750000  |  score: 85.88 ± 50.27  |  actor_loss: -5.6085  cost_loss: 1.3802  nu_loss: 12.2672
Step:   760000  |  score: 77.62 ± 50.34  |  actor_loss: -6.0017  cost_loss: 1.3698  nu_loss: 12.0107
Step:   770000  |  score: 71.44 ± 45.13  |  actor_loss: -5.9795  cost_loss: 1.3732  nu_loss: 12.1602
Step:   780000  |  score: 86.96 ± 56.63  |  actor_loss: -6.5757  cost_loss: 1.3680  nu_loss: 12.2485
Step:   790000  |  score: 110.98 ± 30.60  |  actor_loss: -6.1114  cost_loss: 1.3731  nu_loss: 12.2570
Step:   800000  |  score: 80.59 ± 48.09  |  actor_loss: -6.0993  cost_loss: 1.3787  nu_loss: 12.1914
Step:   810000  |  score: 94.25 ± 45.43  |  actor_loss: -5.9395  cost_loss: 1.3730  nu_loss: 12.0447
Step:   820000  |  score: 103.88 ± 31.00  |  actor_loss: -5.6744  cost_loss: 1.3675  nu_loss: 12.0551
Step:   830000  |  score: 96.90 ± 43.03  |  actor_loss: -5.9030  cost_loss: 1.3764  nu_loss: 12.1867
Step:   840000  |  score: 74.21 ± 46.86  |  actor_loss: -6.2045  cost_loss: 1.3740  nu_loss: 12.2165
Step:   850000  |  score: 55.29 ± 43.04  |  actor_loss: -5.9852  cost_loss: 1.3736  nu_loss: 12.1664
Step:   860000  |  score: 71.05 ± 70.85  |  actor_loss: -6.4073  cost_loss: 1.3695  nu_loss: 12.1397
Step:   870000  |  score: 119.89 ± 12.42  |  actor_loss: -5.8266  cost_loss: 1.3726  nu_loss: 12.0743
Step:   880000  |  score: 89.15 ± 31.18  |  actor_loss: -5.7210  cost_loss: 1.3704  nu_loss: 11.9845
Step:   890000  |  score: 90.22 ± 51.24  |  actor_loss: -6.0794  cost_loss: 1.3781  nu_loss: 12.1726
Step:   900000  |  score: 95.32 ± 52.07  |  actor_loss: -5.9877  cost_loss: 1.3696  nu_loss: 12.0404
Step:   910000  |  score: 113.41 ± 19.30  |  actor_loss: -6.3942  cost_loss: 1.3739  nu_loss: 12.1369
Step:   920000  |  score: 123.86 ± 7.30  |  actor_loss: -6.0913  cost_loss: 1.3734  nu_loss: 12.0723
Step:   930000  |  score: 87.75 ± 36.64  |  actor_loss: -5.8065  cost_loss: 1.3688  nu_loss: 11.9894
Step:   940000  |  score: 104.75 ± 33.86  |  actor_loss: -6.0513  cost_loss: 1.3657  nu_loss: 12.2296
Step:   950000  |  score: 108.24 ± 38.23  |  actor_loss: -5.9604  cost_loss: 1.3696  nu_loss: 12.0170
Step:   960000  |  score: 111.42 ± 26.18  |  actor_loss: -5.9984  cost_loss: 1.3768  nu_loss: 12.0277
Step:   970000  |  score: 113.24 ± 38.28  |  actor_loss: -5.8780  cost_loss: 1.3688  nu_loss: 12.1099
Step:   980000  |  score: 125.83 ± 4.55  |  actor_loss: -6.3190  cost_loss: 1.3714  nu_loss: 12.1773
Step:   990000  |  score: 80.33 ± 43.76  |  actor_loss: -5.9867  cost_loss: 1.3660  nu_loss: 12.0036
Step:  1000000  |  score: 92.75 ± 37.88  |  actor_loss: -6.0724  cost_loss: 1.3686  nu_loss: 12.1468
Step:  1010000  |  score: 86.07 ± 48.21  |  actor_loss: -5.9042  cost_loss: 1.3749  nu_loss: 12.0975
Step:  1020000  |  score: 86.91 ± 45.02  |  actor_loss: -5.7701  cost_loss: 1.3734  nu_loss: 12.2852
Step:  1030000  |  score: 116.03 ± 24.22  |  actor_loss: -5.8171  cost_loss: 1.3684  nu_loss: 12.2594
Step:  1040000  |  score: 101.92 ± 28.68  |  actor_loss: -6.3599  cost_loss: 1.3750  nu_loss: 12.0968
Step:  1050000  |  score: 89.62 ± 36.67  |  actor_loss: -5.9857  cost_loss: 1.3695  nu_loss: 12.1779
Step:  1060000  |  score: 50.16 ± 51.11  |  actor_loss: -5.5168  cost_loss: 1.3790  nu_loss: 12.0981
Step:  1070000  |  score: 104.54 ± 32.66  |  actor_loss: -6.2453  cost_loss: 1.3683  nu_loss: 12.2523
Step:  1080000  |  score: 120.84 ± 13.18  |  actor_loss: -6.1887  cost_loss: 1.3787  nu_loss: 12.0614
Step:  1090000  |  score: 112.33 ± 23.48  |  actor_loss: -5.9474  cost_loss: 1.3660  nu_loss: 12.1356
Step:  1100000  |  score: 115.13 ± 14.25  |  actor_loss: -6.0370  cost_loss: 1.3718  nu_loss: 12.2008
Step:  1110000  |  score: 105.50 ± 38.27  |  actor_loss: -5.9199  cost_loss: 1.3752  nu_loss: 11.9921
Step:  1120000  |  score: 101.70 ± 33.15  |  actor_loss: -6.2007  cost_loss: 1.3662  nu_loss: 12.0331
Step:  1130000  |  score: 104.38 ± 29.38  |  actor_loss: -6.3989  cost_loss: 1.3641  nu_loss: 12.0573
Step:  1140000  |  score: 106.98 ± 28.15  |  actor_loss: -6.1796  cost_loss: 1.3757  nu_loss: 12.0689
Step:  1150000  |  score: 110.22 ± 23.68  |  actor_loss: -5.8842  cost_loss: 1.3668  nu_loss: 12.0034
Step:  1160000  |  score: 112.01 ± 33.21  |  actor_loss: -6.0677  cost_loss: 1.3698  nu_loss: 12.1513
Step:  1170000  |  score: 115.92 ± 17.33  |  actor_loss: -6.3012  cost_loss: 1.3696  nu_loss: 12.0315
Step:  1180000  |  score: 101.65 ± 45.41  |  actor_loss: -6.1782  cost_loss: 1.3702  nu_loss: 12.0135
Step:  1190000  |  score: 103.86 ± 34.83  |  actor_loss: -6.8825  cost_loss: 1.3775  nu_loss: 12.0694
Step:  1200000  |  score: 113.67 ± 20.43  |  actor_loss: -6.2551  cost_loss: 1.3706  nu_loss: 12.0993
Step:  1210000  |  score: 103.76 ± 36.44  |  actor_loss: -5.8356  cost_loss: 1.3674  nu_loss: 12.0156
Step:  1220000  |  score: 113.28 ± 18.99  |  actor_loss: -5.9521  cost_loss: 1.3731  nu_loss: 12.0855
Step:  1230000  |  score: 98.43 ± 53.24  |  actor_loss: -6.0433  cost_loss: 1.3700  nu_loss: 12.0516
Step:  1240000  |  score: 95.58 ± 43.33  |  actor_loss: -6.2802  cost_loss: 1.3709  nu_loss: 12.0763
Step:  1250000  |  score: 112.29 ± 26.96  |  actor_loss: -5.2516  cost_loss: 1.3735  nu_loss: 12.1015
Step:  1260000  |  score: 106.10 ± 35.45  |  actor_loss: -5.6829  cost_loss: 1.3683  nu_loss: 12.0721
Step:  1270000  |  score: 86.17 ± 38.77  |  actor_loss: -6.0778  cost_loss: 1.3742  nu_loss: 12.0349
Step:  1280000  |  score: 100.54 ± 43.80  |  actor_loss: -6.2016  cost_loss: 1.3700  nu_loss: 12.0590
Step:  1290000  |  score: 93.82 ± 37.61  |  actor_loss: -6.1833  cost_loss: 1.3716  nu_loss: 12.0227
Step:  1300000  |  score: 113.25 ± 26.60  |  actor_loss: -5.9005  cost_loss: 1.3751  nu_loss: 12.1065
Step:  1310000  |  score: 110.27 ± 25.44  |  actor_loss: -5.9775  cost_loss: 1.3750  nu_loss: 12.2121
Step:  1320000  |  score: 98.49 ± 38.34  |  actor_loss: -6.1888  cost_loss: 1.3682  nu_loss: 12.2419
Step:  1330000  |  score: 110.20 ± 24.65  |  actor_loss: -6.1573  cost_loss: 1.3677  nu_loss: 12.0744
Step:  1340000  |  score: 89.48 ± 40.19  |  actor_loss: -5.9107  cost_loss: 1.3726  nu_loss: 12.1494
Step:  1350000  |  score: 101.48 ± 31.26  |  actor_loss: -6.0699  cost_loss: 1.3719  nu_loss: 12.0856
Step:  1360000  |  score: 108.01 ± 53.93  |  actor_loss: -6.1204  cost_loss: 1.3722  nu_loss: 12.1114
Step:  1370000  |  score: 108.31 ± 26.96  |  actor_loss: -6.5107  cost_loss: 1.3665  nu_loss: 12.0535
Step:  1380000  |  score: 89.05 ± 49.43  |  actor_loss: -6.1919  cost_loss: 1.3675  nu_loss: 12.0815
Step:  1390000  |  score: 107.30 ± 27.66  |  actor_loss: -6.2490  cost_loss: 1.3684  nu_loss: 12.1456
Step:  1400000  |  score: 67.79 ± 55.58  |  actor_loss: -6.2717  cost_loss: 1.3650  nu_loss: 12.0619
Step:  1410000  |  score: 88.93 ± 48.19  |  actor_loss: -6.3463  cost_loss: 1.3660  nu_loss: 11.9743
Step:  1420000  |  score: 106.79 ± 46.50  |  actor_loss: -4.9559  cost_loss: 1.3654  nu_loss: 12.2815
Step:  1430000  |  score: 107.13 ± 32.12  |  actor_loss: -6.2032  cost_loss: 1.3641  nu_loss: 12.0574
Step:  1440000  |  score: 109.36 ± 29.97  |  actor_loss: -5.9916  cost_loss: 1.3711  nu_loss: 11.9979
Step:  1450000  |  score: 103.58 ± 34.87  |  actor_loss: -5.9991  cost_loss: 1.3721  nu_loss: 12.0148
Step:  1460000  |  score: 80.35 ± 53.22  |  actor_loss: -6.6610  cost_loss: 1.3713  nu_loss: 12.0808
Step:  1470000  |  score: 110.11 ± 32.18  |  actor_loss: -6.0999  cost_loss: 1.3722  nu_loss: 12.0822
Step:  1480000  |  score: 90.41 ± 48.34  |  actor_loss: -6.3514  cost_loss: 1.3738  nu_loss: 11.9796
Step:  1490000  |  score: 88.63 ± 52.07  |  actor_loss: -5.7950  cost_loss: 1.3661  nu_loss: 12.0345
Step:  1500000  |  score: 127.31 ± 6.07  |  actor_loss: -6.1383  cost_loss: 1.3733  nu_loss: 11.9608
Step:  1510000  |  score: 78.09 ± 57.68  |  actor_loss: -6.3708  cost_loss: 1.3745  nu_loss: 12.2253
Step:  1520000  |  score: 103.88 ± 32.94  |  actor_loss: -6.1735  cost_loss: 1.3767  nu_loss: 12.0586
Step:  1530000  |  score: 111.70 ± 43.33  |  actor_loss: -6.1177  cost_loss: 1.3771  nu_loss: 11.9594
Step:  1540000  |  score: 103.45 ± 42.41  |  actor_loss: -5.9987  cost_loss: 1.3720  nu_loss: 12.1305
Step:  1550000  |  score: 96.22 ± 34.49  |  actor_loss: -5.8590  cost_loss: 1.3737  nu_loss: 12.0764
Step:  1560000  |  score: 115.08 ± 22.23  |  actor_loss: -6.1494  cost_loss: 1.3703  nu_loss: 12.0988
Step:  1570000  |  score: 111.50 ± 23.58  |  actor_loss: -5.9398  cost_loss: 1.3738  nu_loss: 11.9622
Step:  1580000  |  score: 104.64 ± 28.27  |  actor_loss: -6.1531  cost_loss: 1.3742  nu_loss: 12.0782
Step:  1590000  |  score: 114.28 ± 30.47  |  actor_loss: -6.5599  cost_loss: 1.3673  nu_loss: 11.9248
Step:  1600000  |  score: 116.34 ± 11.21  |  actor_loss: -5.9843  cost_loss: 1.3699  nu_loss: 11.9144
Step:  1610000  |  score: 82.26 ± 40.51  |  actor_loss: -6.0724  cost_loss: 1.3731  nu_loss: 12.0495
Step:  1620000  |  score: 97.91 ± 55.42  |  actor_loss: -6.2386  cost_loss: 1.3703  nu_loss: 11.9882
Step:  1630000  |  score: 100.25 ± 27.86  |  actor_loss: -6.2477  cost_loss: 1.3678  nu_loss: 12.0805
Step:  1640000  |  score: 118.50 ± 10.63  |  actor_loss: -5.8072  cost_loss: 1.3695  nu_loss: 12.0858
Step:  1650000  |  score: 94.60 ± 34.75  |  actor_loss: -6.0169  cost_loss: 1.3748  nu_loss: 12.0018
Step:  1660000  |  score: 89.49 ± 56.22  |  actor_loss: -6.3052  cost_loss: 1.3748  nu_loss: 12.0874
Step:  1670000  |  score: 101.76 ± 54.47  |  actor_loss: -5.9569  cost_loss: 1.3688  nu_loss: 12.0649
Step:  1680000  |  score: 120.97 ± 15.98  |  actor_loss: -5.9930  cost_loss: 1.3712  nu_loss: 11.9922
Step:  1690000  |  score: 120.06 ± 22.07  |  actor_loss: -5.7998  cost_loss: 1.3740  nu_loss: 12.0745
Step:  1700000  |  score: 107.84 ± 38.88  |  actor_loss: -6.2179  cost_loss: 1.3798  nu_loss: 12.0138
Step:  1710000  |  score: 124.16 ± 13.88  |  actor_loss: -6.0178  cost_loss: 1.3653  nu_loss: 11.9641
Step:  1720000  |  score: 97.36 ± 45.82  |  actor_loss: -6.4410  cost_loss: 1.3711  nu_loss: 12.2605
Step:  1730000  |  score: 89.46 ± 46.48  |  actor_loss: -6.4550  cost_loss: 1.3791  nu_loss: 12.0140
Step:  1740000  |  score: 91.50 ± 41.78  |  actor_loss: -5.9698  cost_loss: 1.3713  nu_loss: 12.0435
Step:  1750000  |  score: 106.38 ± 43.91  |  actor_loss: -5.7084  cost_loss: 1.3712  nu_loss: 12.1479
Step:  1760000  |  score: 81.34 ± 45.97  |  actor_loss: -6.3962  cost_loss: 1.3722  nu_loss: 11.9888
Step:  1770000  |  score: 79.14 ± 49.67  |  actor_loss: -6.6032  cost_loss: 1.3751  nu_loss: 12.0644
Step:  1780000  |  score: 113.56 ± 26.42  |  actor_loss: -6.0685  cost_loss: 1.3680  nu_loss: 11.9736
Step:  1790000  |  score: 106.24 ± 36.87  |  actor_loss: -6.1888  cost_loss: 1.3716  nu_loss: 12.0903
Step:  1800000  |  score: 83.83 ± 44.06  |  actor_loss: -6.1648  cost_loss: 1.3759  nu_loss: 12.0084
Step:  1810000  |  score: 121.10 ± 11.59  |  actor_loss: -6.0802  cost_loss: 1.3652  nu_loss: 12.1279
Step:  1820000  |  score: 92.06 ± 49.00  |  actor_loss: -6.1146  cost_loss: 1.3729  nu_loss: 11.9143
Step:  1830000  |  score: 90.16 ± 52.88  |  actor_loss: -6.3649  cost_loss: 1.3722  nu_loss: 12.0104
Step:  1840000  |  score: 76.36 ± 45.33  |  actor_loss: -6.0514  cost_loss: 1.3740  nu_loss: 12.1633
Step:  1850000  |  score: 112.23 ± 32.50  |  actor_loss: -6.1061  cost_loss: 1.3740  nu_loss: 12.1074
Step:  1860000  |  score: 93.77 ± 51.06  |  actor_loss: -6.7408  cost_loss: 1.3685  nu_loss: 12.2374
Step:  1870000  |  score: 96.53 ± 41.52  |  actor_loss: -5.9731  cost_loss: 1.3721  nu_loss: 12.1390
Step:  1880000  |  score: 125.17 ± 4.92  |  actor_loss: -6.0386  cost_loss: 1.3719  nu_loss: 12.1070
Step:  1890000  |  score: 100.06 ± 38.50  |  actor_loss: -5.8057  cost_loss: 1.3707  nu_loss: 12.1065
Step:  1900000  |  score: 106.32 ± 38.28  |  actor_loss: -6.2333  cost_loss: 1.3742  nu_loss: 12.2514
Step:  1910000  |  score: 119.43 ± 16.77  |  actor_loss: -6.3708  cost_loss: 1.3733  nu_loss: 12.0488
Step:  1920000  |  score: 32.78 ± 39.92  |  actor_loss: -6.1583  cost_loss: 1.3781  nu_loss: 12.1511
Step:  1930000  |  score: 113.74 ± 29.67  |  actor_loss: -6.0429  cost_loss: 1.3769  nu_loss: 11.9049
Step:  1940000  |  score: 114.57 ± 26.91  |  actor_loss: -6.3754  cost_loss: 1.3772  nu_loss: 12.1911
Step:  1950000  |  score: 125.10 ± 3.27  |  actor_loss: -6.2202  cost_loss: 1.3702  nu_loss: 12.2231
Step:  1960000  |  score: 109.20 ± 38.09  |  actor_loss: -6.0978  cost_loss: 1.3709  nu_loss: 11.8653
Step:  1970000  |  score: 85.94 ± 46.74  |  actor_loss: -6.1304  cost_loss: 1.3641  nu_loss: 11.9583
Step:  1980000  |  score: 101.24 ± 40.45  |  actor_loss: -6.1296  cost_loss: 1.3744  nu_loss: 12.1211
Step:  1990000  |  score: 110.06 ± 24.03  |  actor_loss: -6.2313  cost_loss: 1.3689  nu_loss: 11.9781
Step:  2000000  |  score: 83.27 ± 39.03  |  actor_loss: -5.9794  cost_loss: 1.3687  nu_loss: 12.2775
Final evaluation (13 iterations)...
Final score: 104.16 ± 39.34
wandb: WARNING Symlinked 1 file into the W&B run directory; call wandb.save again to sync new files.
wandb: updating run metadata
wandb: uploading final_returns/demodice_ant-expert-v2_2026-03-19_05-01-40.npz; uploading output.log; uploading wandb-summary.json; uploading config.yaml
wandb: uploading summary, console lines 216-217
wandb: 
wandb: Run history:
wandb:  actor_loss ██▅▅▄▃▄▃▃▂▂▃▃▁▂▁▂▂▂▂▁▂▂▁▂▂▂▁▁▂▂▂▂▂▃▂▂▁▂▂
wandb:   cost_loss ▆▇▃▆▇▃▇▆▆▆▁▄▇▅▇▇▃▂▃▂▄▃▂▅▆▅▂▁▄▅▄▂█▄▄▄▄▅▇▃
wandb:     nu_loss █▆▅▄▆▄▂▃▅▂▆▆▄▄▂▄▇▄▅▃▂▄▃▄▆▇▂▃▆▃▂▂▂▄▂▃▄▅▄▁
wandb: num_updates ▁▁▁▁▂▂▂▂▂▂▃▃▃▃▃▃▃▄▄▄▄▅▅▅▅▆▆▆▆▆▇▇▇▇▇▇████
wandb:      return ▁▄▃▆▄▄▃▅▇▆▆▇▃▅█▆▅▇▅▃▅▇▆▅▆▇▇▇▆▇▇▆▇▆█▆█▇▆▅
wandb:       score ▁▃▄▂▄▆▃▅▅▅▄▇▆▅▅▅▇█▇▆▇▆▇▆▇▇▅▆▇▅▇▅▇█▅▅▇▅▅▇
wandb:   score_std ▆▆▆▅▇▇▅▆▄▆▅▄▃▆▅▆▇▄▅▁▅▅▄▃▄▅█▄▇▇█▅▄▂▃▂▆▆▆▄
wandb: 
wandb: Run summary:
wandb:  actor_loss -5.9794
wandb:   cost_loss 1.36875
wandb:     nu_loss 12.27746
wandb: num_updates 2000000
wandb:      return 3176.29181
wandb:       score 83.27329
wandb:   score_std 39.03279
wandb: 
wandb: 🚀 View run demodice_ant_M1_s0 at: https://wandb.ai/wsk208/DemoDICE/runs/01yo50xv
wandb: ⭐️ View project at: https://wandb.ai/wsk208/DemoDICE
wandb: Synced 5 W&B file(s), 0 media file(s), 0 artifact file(s) and 1 other file(s)
wandb: Find logs at: ./wandb/run-20260319_042734-01yo50xv/logs
