Warning: All of online environments libraries in D4RL have been moved ]8;;https://github.com/Farama-Foundation/Gymnasium\Gymnasium]8;;\, ]8;;https://github.com/Farama-Foundation/MiniGrid\MiniGrid]8;;\ and ]8;;https://github.com/Farama-Foundation/Gymnasium-Robotics\Gymnasium-Robotics]8;;\, and all offline datasets in D4RL have been moved to ]8;;https://github.com/Farama-Foundation/Minari\Minari]8;;\.
These new versions include large bug fixes, new versions of Python, and are where all new development will continue. Please upgrade these libraries as soon as you're able to do so.
If you'd like to read more about the story behind this switch, please check out ]8;;https://farama.org/Announcing-Minari\this blog post]8;;\.
Gym has been unmaintained since 2022 and does not support NumPy 2.0 amongst other critical functionality.
Please upgrade to Gymnasium, the maintained drop-in replacement of Gym, or contact the authors of your software and request that they upgrade.
See the migration guide at https://gymnasium.farama.org/introduction/migration_guide/ for additional information.
/opt/venv/lib/python3.10/site-packages/Cython/Distutils/old_build_ext.py:15: DeprecationWarning: dep_util is Deprecated. Use functions from setuptools instead.
  from distutils.dep_util import newer, newer_group
<frozen importlib._bootstrap>:283: DeprecationWarning: the load_module() method is deprecated and slated for removal in Python 3.12; use exec_module() instead
pybullet build time: Jan 29 2025 23:16:28
wandb: [wandb.login()] Loaded credentials for https://api.wandb.ai from /root/.netrc.
wandb: Currently logged in as: wsk208 to https://api.wandb.ai. Use `wandb login --relogin` to force relogin
/opt/venv/lib/python3.10/site-packages/wandb/analytics/sentry.py:268: DeprecationWarning: Read the `app_url` setting from the appropriate Settings object.
  app_url = wandb.util.app_url(tags["base_url"])  # type: ignore[index]
/opt/venv/lib/python3.10/site-packages/wandb/analytics/sentry.py:279: DeprecationWarning: The `Scope.user` setter is deprecated in favor of `Scope.set_user()`.
  self.scope.user = {"email": email}
wandb: setting up run h49qc7km
/opt/venv/lib/python3.10/site-packages/wandb/analytics/sentry.py:268: DeprecationWarning: Read the `app_url` setting from the appropriate Settings object.
  app_url = wandb.util.app_url(tags["base_url"])  # type: ignore[index]
/opt/venv/lib/python3.10/site-packages/wandb/analytics/sentry.py:279: DeprecationWarning: The `Scope.user` setter is deprecated in favor of `Scope.set_user()`.
  self.scope.user = {"email": email}
wandb: Tracking run with wandb version 0.25.1
wandb: Run data is saved locally in /app/wandb/run-20260318_233317-h49qc7km
wandb: Run `wandb offline` to turn off syncing.
wandb: Syncing run demodice_halfcheetah_M4_s4
wandb: ⭐️ View project at https://wandb.ai/wsk208/DemoDICE
wandb: 🚀 View run at https://wandb.ai/wsk208/DemoDICE/runs/h49qc7km
/opt/venv/lib/python3.10/site-packages/gym/spaces/box.py:84: UserWarning: [33mWARN: Box bound precision lowered by casting to float32[0m
  logger.warn(f"Box bound precision lowered by casting to {self.dtype}")
load datafile:   0%|          | 0/21 [00:00<?, ?it/s]load datafile:   5%|▍         | 1/21 [00:00<00:03,  5.91it/s]load datafile:  14%|█▍        | 3/21 [00:00<00:03,  5.26it/s]load datafile:  19%|█▉        | 4/21 [00:00<00:04,  3.98it/s]load datafile:  81%|████████  | 17/21 [00:01<00:00, 15.46it/s]load datafile:  90%|█████████ | 19/21 [00:01<00:00, 10.76it/s]load datafile: 100%|██████████| 21/21 [00:01<00:00, 11.15it/s]
Expert  :  999000 transitions  (halfcheetah-expert-v2, 100 traj)
load datafile:   0%|          | 0/9 [00:00<?, ?it/s]load datafile:  11%|█         | 1/9 [00:00<00:01,  6.21it/s]load datafile:  33%|███▎      | 3/9 [00:00<00:01,  5.56it/s]load datafile:  44%|████▍     | 4/9 [00:00<00:01,  4.13it/s]load datafile:  56%|█████▌    | 5/9 [00:01<00:01,  3.19it/s]load datafile:  67%|██████▋   | 6/9 [00:01<00:01,  2.79it/s]load datafile: 100%|██████████| 9/9 [00:01<00:00,  4.91it/s]
Imperfect:  999000 transitions  (halfcheetah-random-v2, 1600 traj)
Union   : 1998000 transitions total
/root/.local/share/uv/python/cpython-3.10-linux-x86_64-gnu/lib/python3.10/multiprocessing/popen_fork.py:66: RuntimeWarning: os.fork() was called. os.fork() is incompatible with multithreaded code, and JAX is multithreaded, so this will likely lead to a deadlock.
  self.pid = os.fork()
/opt/venv/lib/python3.10/site-packages/tensorflow_probability/python/internal/backend/jax/ops.py:681: DeprecationWarning: jax.interpreters.xla.pytype_aval_mappings is deprecated.
  jax.interpreters.xla.pytype_aval_mappings[onp.ndarray])
/opt/venv/lib/python3.10/site-packages/gym/spaces/box.py:84: UserWarning: [33mWARN: Box bound precision lowered by casting to float32[0m
  logger.warn(f"Box bound precision lowered by casting to {self.dtype}")
Step:    10000  |  score: 0.71 ± 0.78  |  actor_loss: -2.1742  cost_loss: 1.0049  nu_loss: 11.4034
Step:    20000  |  score: 1.64 ± 1.04  |  actor_loss: -2.8939  cost_loss: 0.9763  nu_loss: 11.2822
Step:    30000  |  score: 1.19 ± 0.76  |  actor_loss: -3.2971  cost_loss: 0.9964  nu_loss: 11.0631
Step:    40000  |  score: 1.04 ± 0.54  |  actor_loss: -3.1259  cost_loss: 0.9638  nu_loss: 11.0693
Step:    50000  |  score: 1.23 ± 1.24  |  actor_loss: -3.2535  cost_loss: 0.9407  nu_loss: 10.7030
Step:    60000  |  score: 2.47 ± 1.34  |  actor_loss: -3.2793  cost_loss: 0.9475  nu_loss: 10.7425
Step:    70000  |  score: 1.90 ± 2.93  |  actor_loss: -2.8137  cost_loss: 0.9594  nu_loss: 10.8965
Step:    80000  |  score: 1.81 ± 1.89  |  actor_loss: -2.7351  cost_loss: 0.9356  nu_loss: 10.7712
Step:    90000  |  score: 3.38 ± 2.08  |  actor_loss: -3.4232  cost_loss: 1.0009  nu_loss: 10.6241
Step:   100000  |  score: 3.77 ± 3.03  |  actor_loss: -3.4257  cost_loss: 1.0016  nu_loss: 10.4318
Step:   110000  |  score: 2.32 ± 2.50  |  actor_loss: -3.5892  cost_loss: 0.9929  nu_loss: 10.5673
Step:   120000  |  score: 2.39 ± 2.39  |  actor_loss: -3.4434  cost_loss: 0.9986  nu_loss: 10.7808
Step:   130000  |  score: 1.47 ± 1.95  |  actor_loss: -3.1438  cost_loss: 0.9644  nu_loss: 10.4222
Step:   140000  |  score: 2.56 ± 2.62  |  actor_loss: -2.9860  cost_loss: 0.9559  nu_loss: 10.3985
Step:   150000  |  score: 2.23 ± 1.73  |  actor_loss: -3.8182  cost_loss: 0.9699  nu_loss: 10.5490
Step:   160000  |  score: 4.32 ± 2.98  |  actor_loss: -3.1788  cost_loss: 0.9949  nu_loss: 10.4907
Step:   170000  |  score: 2.79 ± 3.92  |  actor_loss: -3.3463  cost_loss: 0.9796  nu_loss: 10.4389
Step:   180000  |  score: 4.44 ± 3.56  |  actor_loss: -3.7166  cost_loss: 0.9678  nu_loss: 10.4056
Step:   190000  |  score: 5.14 ± 3.56  |  actor_loss: -3.2662  cost_loss: 0.9742  nu_loss: 10.3885
Step:   200000  |  score: 4.67 ± 4.61  |  actor_loss: -3.9857  cost_loss: 0.9560  nu_loss: 10.2049
Step:   210000  |  score: 4.84 ± 4.15  |  actor_loss: -3.3783  cost_loss: 0.9892  nu_loss: 10.1266
Step:   220000  |  score: 4.39 ± 4.86  |  actor_loss: -3.0896  cost_loss: 0.9769  nu_loss: 10.1311
Step:   230000  |  score: 2.30 ± 3.17  |  actor_loss: -3.7958  cost_loss: 0.9658  nu_loss: 9.9216
Step:   240000  |  score: 3.27 ± 3.15  |  actor_loss: -3.8395  cost_loss: 0.9797  nu_loss: 10.3246
Step:   250000  |  score: 3.82 ± 1.89  |  actor_loss: -3.6331  cost_loss: 1.0268  nu_loss: 10.0969
Step:   260000  |  score: 5.53 ± 5.17  |  actor_loss: -3.4251  cost_loss: 0.9647  nu_loss: 10.2631
Step:   270000  |  score: 1.69 ± 1.96  |  actor_loss: -3.3426  cost_loss: 0.9508  nu_loss: 9.6479
Step:   280000  |  score: 3.93 ± 2.86  |  actor_loss: -3.3997  cost_loss: 1.0008  nu_loss: 9.6534
Step:   290000  |  score: 2.95 ± 3.16  |  actor_loss: -2.5935  cost_loss: 0.9451  nu_loss: 9.8765
Step:   300000  |  score: 5.64 ± 5.29  |  actor_loss: -3.6788  cost_loss: 0.9629  nu_loss: 9.5828
Step:   310000  |  score: 3.68 ± 2.19  |  actor_loss: -3.9823  cost_loss: 0.9951  nu_loss: 9.6771
Step:   320000  |  score: 4.65 ± 4.61  |  actor_loss: -3.6117  cost_loss: 0.9753  nu_loss: 9.6255
Step:   330000  |  score: 7.93 ± 6.32  |  actor_loss: -3.7025  cost_loss: 0.9566  nu_loss: 9.4601
Step:   340000  |  score: 5.72 ± 4.29  |  actor_loss: -2.9902  cost_loss: 0.9453  nu_loss: 9.0656
Step:   350000  |  score: 6.87 ± 4.53  |  actor_loss: -3.8154  cost_loss: 0.9650  nu_loss: 9.2221
Step:   360000  |  score: 2.81 ± 3.10  |  actor_loss: -3.3882  cost_loss: 0.9470  nu_loss: 8.8821
Step:   370000  |  score: 4.97 ± 5.42  |  actor_loss: -3.3322  cost_loss: 0.9997  nu_loss: 8.8754
Step:   380000  |  score: 12.24 ± 6.51  |  actor_loss: -3.8261  cost_loss: 0.9869  nu_loss: 8.6368
Step:   390000  |  score: 8.94 ± 7.58  |  actor_loss: -3.4687  cost_loss: 0.9626  nu_loss: 8.5353
Step:   400000  |  score: 3.09 ± 3.80  |  actor_loss: -3.7448  cost_loss: 0.9752  nu_loss: 8.5596
Step:   410000  |  score: 12.04 ± 11.68  |  actor_loss: -2.1905  cost_loss: 0.9355  nu_loss: 8.3615
Step:   420000  |  score: 4.90 ± 5.48  |  actor_loss: -3.5064  cost_loss: 0.9647  nu_loss: 7.7979
Step:   430000  |  score: 5.60 ± 3.23  |  actor_loss: -3.9690  cost_loss: 0.9344  nu_loss: 7.6512
Step:   440000  |  score: 4.74 ± 5.99  |  actor_loss: -2.9020  cost_loss: 0.9560  nu_loss: 7.7572
Step:   450000  |  score: 8.20 ± 8.55  |  actor_loss: -3.3940  cost_loss: 0.9864  nu_loss: 7.2111
Step:   460000  |  score: 8.94 ± 9.97  |  actor_loss: -3.2476  cost_loss: 0.9725  nu_loss: 6.7731
Step:   470000  |  score: 10.66 ± 8.85  |  actor_loss: -3.2471  cost_loss: 0.9374  nu_loss: 6.1034
Step:   480000  |  score: 3.58 ± 3.92  |  actor_loss: -3.6510  cost_loss: 0.9270  nu_loss: 5.6932
Step:   490000  |  score: 5.11 ± 4.96  |  actor_loss: -3.6798  cost_loss: 0.9400  nu_loss: 5.7098
Step:   500000  |  score: 10.08 ± 9.80  |  actor_loss: -3.9248  cost_loss: 0.9829  nu_loss: 5.4656
Step:   510000  |  score: 8.63 ± 6.62  |  actor_loss: -3.8182  cost_loss: 0.9367  nu_loss: 4.8709
Step:   520000  |  score: 5.97 ± 4.55  |  actor_loss: -3.1205  cost_loss: 0.9822  nu_loss: 4.7972
Step:   530000  |  score: 5.81 ± 4.23  |  actor_loss: -3.6606  cost_loss: 0.9945  nu_loss: 3.8610
Step:   540000  |  score: 6.24 ± 7.21  |  actor_loss: -3.0840  cost_loss: 0.9361  nu_loss: 3.4705
Step:   550000  |  score: 3.74 ± 3.12  |  actor_loss: -3.7971  cost_loss: 0.9875  nu_loss: 2.9001
Step:   560000  |  score: 5.87 ± 4.40  |  actor_loss: -3.5821  cost_loss: 0.9804  nu_loss: 2.2843
Step:   570000  |  score: 9.66 ± 4.64  |  actor_loss: -3.5204  cost_loss: 0.9630  nu_loss: 1.3807
Step:   580000  |  score: 8.32 ± 10.19  |  actor_loss: -2.8636  cost_loss: 0.9875  nu_loss: 1.3148
Step:   590000  |  score: 3.67 ± 4.05  |  actor_loss: -3.9965  cost_loss: 0.9798  nu_loss: 0.3655
Step:   600000  |  score: 12.58 ± 16.23  |  actor_loss: -3.9923  cost_loss: 0.9434  nu_loss: -0.2096
Step:   610000  |  score: 9.04 ± 10.66  |  actor_loss: -4.0729  cost_loss: 0.9808  nu_loss: -1.3624
Step:   620000  |  score: 9.75 ± 6.48  |  actor_loss: -3.8061  cost_loss: 0.9452  nu_loss: -1.7882
Step:   630000  |  score: 13.97 ± 15.28  |  actor_loss: -3.0447  cost_loss: 0.9642  nu_loss: -2.2804
Step:   640000  |  score: 13.12 ± 9.28  |  actor_loss: -3.7380  cost_loss: 0.9273  nu_loss: -1.1384
Step:   650000  |  score: 6.83 ± 6.75  |  actor_loss: -3.6547  cost_loss: 0.9479  nu_loss: -4.0541
Step:   660000  |  score: 4.80 ± 4.09  |  actor_loss: -3.7997  cost_loss: 0.9938  nu_loss: -5.0711
Step:   670000  |  score: 8.71 ± 8.90  |  actor_loss: -4.3450  cost_loss: 0.9745  nu_loss: -5.7591
Step:   680000  |  score: 15.16 ± 11.55  |  actor_loss: -3.0558  cost_loss: 0.9900  nu_loss: -7.1753
Step:   690000  |  score: 5.93 ± 5.36  |  actor_loss: -3.6497  cost_loss: 0.9373  nu_loss: -8.2194
Step:   700000  |  score: 12.26 ± 16.52  |  actor_loss: -3.1259  cost_loss: 0.9277  nu_loss: -8.9188
Step:   710000  |  score: 4.98 ± 4.48  |  actor_loss: 3.4046  cost_loss: 0.9767  nu_loss: 150.5042
Step:   720000  |  score: 9.01 ± 8.08  |  actor_loss: -3.9722  cost_loss: 0.9557  nu_loss: -11.2805
Step:   730000  |  score: 7.39 ± 4.03  |  actor_loss: -2.9793  cost_loss: 0.9628  nu_loss: -12.0245
Step:   740000  |  score: 9.64 ± 9.01  |  actor_loss: -3.9427  cost_loss: 0.9640  nu_loss: -13.7824
Step:   750000  |  score: 11.78 ± 13.28  |  actor_loss: -3.1573  cost_loss: 0.9474  nu_loss: -15.2398
Step:   760000  |  score: 7.05 ± 5.35  |  actor_loss: -3.4711  cost_loss: 0.9367  nu_loss: -16.3008
Step:   770000  |  score: 9.20 ± 9.92  |  actor_loss: -2.8619  cost_loss: 0.9041  nu_loss: -17.4796
Step:   780000  |  score: 11.72 ± 11.09  |  actor_loss: -3.7513  cost_loss: 1.0056  nu_loss: -18.7005
Step:   790000  |  score: 14.39 ± 11.20  |  actor_loss: -3.9788  cost_loss: 0.9763  nu_loss: -21.2783
Step:   800000  |  score: 6.55 ± 8.17  |  actor_loss: -3.5651  cost_loss: 0.9277  nu_loss: -22.3733
Step:   810000  |  score: 11.70 ± 11.04  |  actor_loss: -4.4995  cost_loss: 0.9664  nu_loss: -23.7709
Step:   820000  |  score: 5.10 ± 6.15  |  actor_loss: -3.8980  cost_loss: 0.9530  nu_loss: -25.3488
Step:   830000  |  score: 10.77 ± 10.98  |  actor_loss: -3.2663  cost_loss: 0.9450  nu_loss: -26.6855
Step:   840000  |  score: 7.77 ± 6.87  |  actor_loss: -3.4735  cost_loss: 0.9814  nu_loss: -28.0491
Step:   850000  |  score: 8.86 ± 8.43  |  actor_loss: -4.9669  cost_loss: 0.9697  nu_loss: 15.9614
Step:   860000  |  score: 12.32 ± 15.01  |  actor_loss: -4.0600  cost_loss: 0.9584  nu_loss: -32.1702
Step:   870000  |  score: 11.96 ± 16.04  |  actor_loss: -3.4780  cost_loss: 0.9438  nu_loss: -34.3323
Step:   880000  |  score: 14.25 ± 8.92  |  actor_loss: -3.2365  cost_loss: 0.9724  nu_loss: -35.8588
Step:   890000  |  score: 14.47 ± 10.16  |  actor_loss: -3.3342  cost_loss: 0.9775  nu_loss: -36.7834
Step:   900000  |  score: 4.74 ± 4.87  |  actor_loss: -3.2884  cost_loss: 0.9584  nu_loss: -39.0910
Step:   910000  |  score: 13.21 ± 6.31  |  actor_loss: -4.4074  cost_loss: 0.9712  nu_loss: -40.7520
Step:   920000  |  score: 13.62 ± 10.06  |  actor_loss: -3.7250  cost_loss: 0.9303  nu_loss: -43.7483
Step:   930000  |  score: 5.73 ± 3.86  |  actor_loss: -3.6750  cost_loss: 0.9537  nu_loss: -45.2192
Step:   940000  |  score: 9.30 ± 7.09  |  actor_loss: -3.3373  cost_loss: 0.9656  nu_loss: -46.4247
Step:   950000  |  score: 7.65 ± 5.64  |  actor_loss: -3.5501  cost_loss: 0.9644  nu_loss: -48.9686
Step:   960000  |  score: 11.93 ± 11.62  |  actor_loss: -4.3391  cost_loss: 0.9836  nu_loss: -51.6687
Step:   970000  |  score: 12.50 ± 13.78  |  actor_loss: -3.7417  cost_loss: 0.9633  nu_loss: -52.4184
Step:   980000  |  score: 9.59 ± 9.31  |  actor_loss: -3.2692  cost_loss: 0.9651  nu_loss: -55.6485
Step:   990000  |  score: 7.33 ± 8.47  |  actor_loss: -3.8928  cost_loss: 0.9888  nu_loss: -58.5026
Step:  1000000  |  score: 4.42 ± 5.83  |  actor_loss: -3.5124  cost_loss: 1.0034  nu_loss: -59.0312
Step:  1010000  |  score: 9.49 ± 5.77  |  actor_loss: -3.9662  cost_loss: 0.9411  nu_loss: -62.4508
Step:  1020000  |  score: 7.65 ± 5.31  |  actor_loss: -3.7541  cost_loss: 0.9710  nu_loss: -66.6074
Step:  1030000  |  score: 6.67 ± 5.89  |  actor_loss: -4.2004  cost_loss: 0.9882  nu_loss: -67.6967
Step:  1040000  |  score: 17.52 ± 17.48  |  actor_loss: -3.4079  cost_loss: 0.9330  nu_loss: -71.1337
Step:  1050000  |  score: 18.31 ± 19.12  |  actor_loss: -3.9102  cost_loss: 1.0115  nu_loss: -73.7132
Step:  1060000  |  score: 8.65 ± 7.94  |  actor_loss: -3.6512  cost_loss: 0.9885  nu_loss: -76.7315
Step:  1070000  |  score: 7.65 ± 9.24  |  actor_loss: -3.4735  cost_loss: 0.9695  nu_loss: -79.0398
Step:  1080000  |  score: 6.84 ± 7.77  |  actor_loss: -3.9180  cost_loss: 0.9708  nu_loss: -81.7628
Step:  1090000  |  score: 18.87 ± 14.11  |  actor_loss: -3.9660  cost_loss: 0.9459  nu_loss: -84.3254
Step:  1100000  |  score: 14.52 ± 14.93  |  actor_loss: -4.7342  cost_loss: 0.9842  nu_loss: -88.0032
Step:  1110000  |  score: 16.24 ± 12.62  |  actor_loss: -3.6847  cost_loss: 0.9533  nu_loss: -89.9153
Step:  1120000  |  score: 6.71 ± 5.90  |  actor_loss: -3.4548  cost_loss: 0.9694  nu_loss: -92.2309
Step:  1130000  |  score: 7.12 ± 4.33  |  actor_loss: -3.5384  cost_loss: 0.9944  nu_loss: -96.3414
Step:  1140000  |  score: 15.44 ± 11.66  |  actor_loss: -3.6348  cost_loss: 0.9717  nu_loss: -97.3864
Step:  1150000  |  score: 7.37 ± 5.56  |  actor_loss: -2.9691  cost_loss: 0.9623  nu_loss: -100.7828
Step:  1160000  |  score: 6.80 ± 8.33  |  actor_loss: -3.9974  cost_loss: 0.9332  nu_loss: -103.5383
Step:  1170000  |  score: 11.10 ± 14.48  |  actor_loss: -3.8332  cost_loss: 0.9261  nu_loss: -105.5529
Step:  1180000  |  score: 14.58 ± 12.38  |  actor_loss: -3.6021  cost_loss: 0.9642  nu_loss: -108.8805
Step:  1190000  |  score: 17.34 ± 10.08  |  actor_loss: -2.8472  cost_loss: 0.9578  nu_loss: -110.4538
Step:  1200000  |  score: 8.49 ± 13.36  |  actor_loss: -3.6988  cost_loss: 0.9373  nu_loss: -114.2580
Step:  1210000  |  score: 5.78 ± 4.23  |  actor_loss: -3.2708  cost_loss: 0.9590  nu_loss: -119.2523
Step:  1220000  |  score: 15.33 ± 15.20  |  actor_loss: -4.0243  cost_loss: 0.9894  nu_loss: -120.6106
Step:  1230000  |  score: 10.55 ± 10.33  |  actor_loss: -3.9172  cost_loss: 0.9446  nu_loss: 12.8163
Step:  1240000  |  score: 9.88 ± 6.95  |  actor_loss: -3.8999  cost_loss: 1.0020  nu_loss: -126.8458
Step:  1250000  |  score: 6.58 ± 6.98  |  actor_loss: -4.4843  cost_loss: 0.9847  nu_loss: -127.6204
Step:  1260000  |  score: 12.86 ± 12.83  |  actor_loss: -3.9079  cost_loss: 0.9992  nu_loss: -129.5112
Step:  1270000  |  score: 9.58 ± 12.68  |  actor_loss: -3.9454  cost_loss: 0.9342  nu_loss: -134.9107
Step:  1280000  |  score: 12.79 ± 14.84  |  actor_loss: -3.5135  cost_loss: 0.9925  nu_loss: -137.0722
Step:  1290000  |  score: 10.69 ± 8.39  |  actor_loss: -3.2698  cost_loss: 0.9581  nu_loss: -138.5755
Step:  1300000  |  score: 19.94 ± 19.35  |  actor_loss: -4.0240  cost_loss: 0.9233  nu_loss: -142.4513
Step:  1310000  |  score: 20.18 ± 15.65  |  actor_loss: -3.9037  cost_loss: 0.9687  nu_loss: -144.5208
Step:  1320000  |  score: 8.26 ± 7.17  |  actor_loss: -3.9361  cost_loss: 0.9409  nu_loss: -147.5446
Step:  1330000  |  score: 15.81 ± 13.22  |  actor_loss: -4.0195  cost_loss: 0.9368  nu_loss: -150.5487
Step:  1340000  |  score: 12.30 ± 13.68  |  actor_loss: -3.1944  cost_loss: 0.9386  nu_loss: -152.3039
Step:  1350000  |  score: 9.55 ± 9.70  |  actor_loss: -3.7861  cost_loss: 1.0061  nu_loss: -156.9656
Step:  1360000  |  score: 19.39 ± 14.69  |  actor_loss: -4.1330  cost_loss: 1.0198  nu_loss: -159.9352
Step:  1370000  |  score: 19.40 ± 21.53  |  actor_loss: -3.3519  cost_loss: 0.9774  nu_loss: -162.0418
Step:  1380000  |  score: 12.22 ± 13.83  |  actor_loss: -4.1911  cost_loss: 0.9885  nu_loss: -164.8990
Step:  1390000  |  score: 17.47 ± 15.72  |  actor_loss: -3.9029  cost_loss: 0.9453  nu_loss: -165.8154
Step:  1400000  |  score: 8.95 ± 7.11  |  actor_loss: -3.6635  cost_loss: 0.9330  nu_loss: -73.4328
Step:  1410000  |  score: 14.24 ± 14.96  |  actor_loss: -4.5381  cost_loss: 0.9386  nu_loss: -85.7819
Step:  1420000  |  score: 16.51 ± 17.03  |  actor_loss: -4.1603  cost_loss: 0.9814  nu_loss: -174.1861
Step:  1430000  |  score: 14.16 ± 14.77  |  actor_loss: -3.8764  cost_loss: 0.9738  nu_loss: -176.6081
Step:  1440000  |  score: 11.47 ± 16.45  |  actor_loss: -3.5888  cost_loss: 0.9709  nu_loss: 73.5951
Step:  1450000  |  score: 11.16 ± 8.25  |  actor_loss: -3.6438  cost_loss: 0.9471  nu_loss: -181.1236
Step:  1460000  |  score: 12.34 ± 9.17  |  actor_loss: -3.7013  cost_loss: 0.9509  nu_loss: -183.8862
Step:  1470000  |  score: 18.10 ± 23.81  |  actor_loss: -3.5662  cost_loss: 0.9682  nu_loss: -100.3194
Step:  1480000  |  score: 13.32 ± 10.97  |  actor_loss: -2.6794  cost_loss: 0.9323  nu_loss: -38.5253
Step:  1490000  |  score: 16.74 ± 16.41  |  actor_loss: -4.0065  cost_loss: 0.9711  nu_loss: -192.1495
Step:  1500000  |  score: 12.63 ± 11.66  |  actor_loss: -3.9621  cost_loss: 0.9693  nu_loss: -186.7063
Step:  1510000  |  score: 13.80 ± 8.29  |  actor_loss: -4.0321  cost_loss: 0.9376  nu_loss: 10.1003
Step:  1520000  |  score: 13.67 ± 9.27  |  actor_loss: -4.1167  cost_loss: 0.9833  nu_loss: -196.7874
Step:  1530000  |  score: 18.74 ± 21.13  |  actor_loss: -3.8893  cost_loss: 0.9854  nu_loss: -195.8491
Step:  1540000  |  score: 10.24 ± 13.09  |  actor_loss: -3.6081  cost_loss: 0.9663  nu_loss: -129.6928
Step:  1550000  |  score: 15.61 ± 13.70  |  actor_loss: -3.0700  cost_loss: 0.9046  nu_loss: -198.1924
Step:  1560000  |  score: 7.22 ± 13.63  |  actor_loss: -3.8630  cost_loss: 0.9751  nu_loss: -200.3559
Step:  1570000  |  score: 12.55 ± 12.61  |  actor_loss: -2.8219  cost_loss: 0.9096  nu_loss: -202.8427
Step:  1580000  |  score: 19.64 ± 20.22  |  actor_loss: -3.0594  cost_loss: 0.9146  nu_loss: -164.0527
Step:  1590000  |  score: 23.13 ± 16.45  |  actor_loss: -3.6326  cost_loss: 0.9549  nu_loss: -206.9616
Step:  1600000  |  score: 5.33 ± 5.15  |  actor_loss: -3.7013  cost_loss: 0.9523  nu_loss: -75.9104
Step:  1610000  |  score: 9.15 ± 14.42  |  actor_loss: -3.4555  cost_loss: 0.9607  nu_loss: -177.0032
Step:  1620000  |  score: 7.07 ± 10.46  |  actor_loss: -3.5233  cost_loss: 0.9757  nu_loss: -209.6809
Step:  1630000  |  score: 17.60 ± 13.15  |  actor_loss: -3.0668  cost_loss: 0.9380  nu_loss: -204.0192
Step:  1640000  |  score: 11.18 ± 9.58  |  actor_loss: -4.1197  cost_loss: 0.9542  nu_loss: -202.6921
Step:  1650000  |  score: 16.29 ± 9.64  |  actor_loss: -3.9209  cost_loss: 0.9788  nu_loss: -152.9183
Step:  1660000  |  score: 16.23 ± 16.19  |  actor_loss: -3.8179  cost_loss: 0.9577  nu_loss: -181.2507
Step:  1670000  |  score: 8.75 ± 11.05  |  actor_loss: -3.9829  cost_loss: 0.9944  nu_loss: -213.1050
Step:  1680000  |  score: 5.66 ± 6.74  |  actor_loss: -4.6675  cost_loss: 0.9817  nu_loss: -156.5187
Step:  1690000  |  score: 12.05 ± 14.50  |  actor_loss: -4.2790  cost_loss: 0.9383  nu_loss: -217.6151
Step:  1700000  |  score: 14.58 ± 10.47  |  actor_loss: -3.9612  cost_loss: 0.9944  nu_loss: -15.1312
Step:  1710000  |  score: 14.48 ± 11.82  |  actor_loss: -4.0607  cost_loss: 0.9997  nu_loss: -81.1167
Step:  1720000  |  score: 20.18 ± 16.55  |  actor_loss: -3.9979  cost_loss: 0.9489  nu_loss: -210.5768
Step:  1730000  |  score: 25.30 ± 21.69  |  actor_loss: -3.9496  cost_loss: 0.9604  nu_loss: -71.4645
Step:  1740000  |  score: 7.28 ± 10.83  |  actor_loss: -3.6548  cost_loss: 0.9332  nu_loss: -164.5343
Step:  1750000  |  score: 21.91 ± 19.69  |  actor_loss: -3.5105  cost_loss: 0.9793  nu_loss: -222.0244
Step:  1760000  |  score: 10.10 ± 10.61  |  actor_loss: -3.9738  cost_loss: 0.9998  nu_loss: -50.6157
Step:  1770000  |  score: 15.57 ± 11.09  |  actor_loss: -4.2305  cost_loss: 1.0029  nu_loss: -191.5443
Step:  1780000  |  score: 15.63 ± 12.97  |  actor_loss: -3.6691  cost_loss: 0.9522  nu_loss: -190.9355
Step:  1790000  |  score: 21.64 ± 18.27  |  actor_loss: -3.6635  cost_loss: 0.9468  nu_loss: -213.6249
Step:  1800000  |  score: 7.70 ± 7.69  |  actor_loss: -3.6400  cost_loss: 0.9545  nu_loss: -223.4353
Step:  1810000  |  score: 17.66 ± 13.71  |  actor_loss: -3.8325  cost_loss: 0.9523  nu_loss: -228.4108
Step:  1820000  |  score: 13.98 ± 14.39  |  actor_loss: -2.8106  cost_loss: 0.9291  nu_loss: -227.3394
Step:  1830000  |  score: 19.86 ± 22.80  |  actor_loss: -3.4694  cost_loss: 1.0000  nu_loss: -186.0765
Step:  1840000  |  score: 15.84 ± 16.44  |  actor_loss: -3.7301  cost_loss: 0.9806  nu_loss: -226.0849
Step:  1850000  |  score: 36.36 ± 23.46  |  actor_loss: -3.8213  cost_loss: 0.9819  nu_loss: -221.8783
Step:  1860000  |  score: 13.32 ± 8.87  |  actor_loss: -3.6687  cost_loss: 0.9705  nu_loss: -229.0492
Step:  1870000  |  score: 5.41 ± 8.42  |  actor_loss: -4.0818  cost_loss: 0.9699  nu_loss: -233.4807
Step:  1880000  |  score: 14.18 ± 15.45  |  actor_loss: -4.1991  cost_loss: 0.9734  nu_loss: -203.0177
Step:  1890000  |  score: 25.87 ± 21.70  |  actor_loss: -4.3598  cost_loss: 0.9781  nu_loss: -140.5792
Step:  1900000  |  score: 16.68 ± 15.57  |  actor_loss: -4.2020  cost_loss: 0.9581  nu_loss: -217.9966
Step:  1910000  |  score: 11.56 ± 11.80  |  actor_loss: -3.7134  cost_loss: 0.9459  nu_loss: -142.4249
Step:  1920000  |  score: 10.95 ± 12.85  |  actor_loss: -4.1796  cost_loss: 0.9749  nu_loss: 1736.3783
Step:  1930000  |  score: 36.98 ± 19.65  |  actor_loss: -3.5943  cost_loss: 0.9901  nu_loss: -79.7935
Step:  1940000  |  score: 10.82 ± 9.63  |  actor_loss: -4.2228  cost_loss: 0.9566  nu_loss: -239.3474
Step:  1950000  |  score: 20.81 ± 21.51  |  actor_loss: -4.4822  cost_loss: 0.9776  nu_loss: -160.4135
Step:  1960000  |  score: 21.60 ± 20.22  |  actor_loss: -3.5249  cost_loss: 0.9577  nu_loss: -182.3292
Step:  1970000  |  score: 19.13 ± 25.77  |  actor_loss: -4.3712  cost_loss: 0.9127  nu_loss: -237.3318
Step:  1980000  |  score: 13.27 ± 11.74  |  actor_loss: -4.0440  cost_loss: 0.9687  nu_loss: -223.8262
Step:  1990000  |  score: 14.45 ± 11.77  |  actor_loss: -3.1823  cost_loss: 1.0011  nu_loss: -240.9222
Step:  2000000  |  score: 13.14 ± 13.02  |  actor_loss: -3.7729  cost_loss: 0.9576  nu_loss: -244.9586
Final evaluation (13 iterations)...
Final score: 18.34 ± 18.41
wandb: WARNING Symlinked 1 file into the W&B run directory; call wandb.save again to sync new files.
wandb: updating run metadata
wandb: uploading final_returns/demodice_halfcheetah-expert-v2_2026-03-19_00-00-59.npz; uploading output.log; uploading wandb-summary.json; uploading config.yaml
wandb: uploading summary, console lines 214-215
wandb: 
wandb: Run history:
wandb:  actor_loss ▂▂▃▂▂▂▂▂▂▂▂▂▁▂█▂▂▁▂▂▂▂▂▁▂▂▂▁▂▂▂▂▂▂▂▃▂▁▁▁
wandb:   cost_loss ▆█▅▆▅▄▅▆▅▇▆▃▁▆▃▇▅▃▇▆▅▅▇█▇▄▆▃▆▇▂▅▅▅▅█▄█▆█
wandb:     nu_loss ███████████████▇▇▇▆▆▅▅▄▄▄▃▃▃▃█▂▃▂▃▇▁▂▁▃▂
wandb: num_updates ▁▁▁▁▁▂▂▂▂▂▂▂▃▃▃▃▃▃▄▄▅▅▅▅▅▅▆▆▆▆▇▇▇▇▇▇▇███
wandb:      return ▁▂▂▂▂▃▂▂▂▂▄▆▄▅▂▆▅▃▃▃▃▆▆▆▃▄▇▅▅▇▅▃▇▂▃▃▆█▅▇
wandb:       score ▁▁▂▁▁▂▂▂▃▂▂▂▃▃▃▂▂▄▃▃▄▂▂▃▃▅▄▃▃▄▂▃▄▄▅▄▃█▅▃
wandb:   score_std ▁▂▁▂▂▁▂▃▃▂▃▃▂▂▄▄▄▆▃▂▅▂▅▄█▆▃▆▄▅▄▄▄▅▄▆▄▅█▅
wandb: 
wandb: Run summary:
wandb:  actor_loss -3.77291
wandb:   cost_loss 0.95764
wandb:     nu_loss -244.95857
wandb: num_updates 2000000
wandb:      return 1351.25692
wandb:       score 13.14066
wandb:   score_std 13.01932
wandb: 
wandb: 🚀 View run demodice_halfcheetah_M4_s4 at: https://wandb.ai/wsk208/DemoDICE/runs/h49qc7km
wandb: ⭐️ View project at: https://wandb.ai/wsk208/DemoDICE
wandb: Synced 5 W&B file(s), 0 media file(s), 0 artifact file(s) and 1 other file(s)
wandb: Find logs at: ./wandb/run-20260318_233317-h49qc7km/logs
