Warning: All of online environments libraries in D4RL have been moved ]8;;https://github.com/Farama-Foundation/Gymnasium\Gymnasium]8;;\, ]8;;https://github.com/Farama-Foundation/MiniGrid\MiniGrid]8;;\ and ]8;;https://github.com/Farama-Foundation/Gymnasium-Robotics\Gymnasium-Robotics]8;;\, and all offline datasets in D4RL have been moved to ]8;;https://github.com/Farama-Foundation/Minari\Minari]8;;\.
These new versions include large bug fixes, new versions of Python, and are where all new development will continue. Please upgrade these libraries as soon as you're able to do so.
If you'd like to read more about the story behind this switch, please check out ]8;;https://farama.org/Announcing-Minari\this blog post]8;;\.
Gym has been unmaintained since 2022 and does not support NumPy 2.0 amongst other critical functionality.
Please upgrade to Gymnasium, the maintained drop-in replacement of Gym, or contact the authors of your software and request that they upgrade.
See the migration guide at https://gymnasium.farama.org/introduction/migration_guide/ for additional information.
/opt/venv/lib/python3.10/site-packages/Cython/Distutils/old_build_ext.py:15: DeprecationWarning: dep_util is Deprecated. Use functions from setuptools instead.
  from distutils.dep_util import newer, newer_group
<frozen importlib._bootstrap>:283: DeprecationWarning: the load_module() method is deprecated and slated for removal in Python 3.12; use exec_module() instead
pybullet build time: Jan 29 2025 23:16:28
wandb: [wandb.login()] Loaded credentials for https://api.wandb.ai from /root/.netrc.
wandb: Currently logged in as: wsk208 (roidice) to https://api.wandb.ai. Use `wandb login --relogin` to force relogin
/opt/venv/lib/python3.10/site-packages/wandb/analytics/sentry.py:268: DeprecationWarning: Read the `app_url` setting from the appropriate Settings object.
  app_url = wandb.util.app_url(tags["base_url"])  # type: ignore[index]
/opt/venv/lib/python3.10/site-packages/wandb/analytics/sentry.py:279: DeprecationWarning: The `Scope.user` setter is deprecated in favor of `Scope.set_user()`.
  self.scope.user = {"email": email}
wandb: setting up run vr90masq
/opt/venv/lib/python3.10/site-packages/wandb/analytics/sentry.py:268: DeprecationWarning: Read the `app_url` setting from the appropriate Settings object.
  app_url = wandb.util.app_url(tags["base_url"])  # type: ignore[index]
/opt/venv/lib/python3.10/site-packages/wandb/analytics/sentry.py:279: DeprecationWarning: The `Scope.user` setter is deprecated in favor of `Scope.set_user()`.
  self.scope.user = {"email": email}
wandb: Tracking run with wandb version 0.25.1
wandb: Run data is saved locally in /app/wandb/run-20260318_083857-vr90masq
wandb: Run `wandb offline` to turn off syncing.
wandb: Syncing run demodice_hopper_M4_s0
wandb: ⭐️ View project at https://wandb.ai/wsk208/DemoDICE
wandb: 🚀 View run at https://wandb.ai/wsk208/DemoDICE/runs/vr90masq
/opt/venv/lib/python3.10/site-packages/gym/spaces/box.py:84: UserWarning: [33mWARN: Box bound precision lowered by casting to float32[0m
  logger.warn(f"Box bound precision lowered by casting to {self.dtype}")
load datafile:   0%|          | 0/21 [00:00<?, ?it/s]load datafile:  10%|▉         | 2/21 [00:00<00:01, 18.29it/s]load datafile:  19%|█▉        | 4/21 [00:00<00:02,  6.05it/s]load datafile:  81%|████████  | 17/21 [00:00<00:00, 21.98it/s]load datafile:  95%|█████████▌| 20/21 [00:01<00:00, 16.85it/s]load datafile: 100%|██████████| 21/21 [00:01<00:00, 17.05it/s]
Expert  :  999061 transitions  (hopper-expert-v2, 100 traj)
load datafile:   0%|          | 0/9 [00:00<?, ?it/s]load datafile:  33%|███▎      | 3/9 [00:00<00:00,  8.97it/s]load datafile:  44%|████▍     | 4/9 [00:00<00:00,  6.48it/s]load datafile:  56%|█████▌    | 5/9 [00:00<00:00,  5.06it/s]load datafile:  67%|██████▋   | 6/9 [00:01<00:00,  4.42it/s]load datafile: 100%|██████████| 9/9 [00:01<00:00,  7.58it/s]
Imperfect:   35054 transitions  (hopper-random-v2, 1600 traj)
Union   : 1034115 transitions total
/root/.local/share/uv/python/cpython-3.10-linux-x86_64-gnu/lib/python3.10/multiprocessing/popen_fork.py:66: RuntimeWarning: os.fork() was called. os.fork() is incompatible with multithreaded code, and JAX is multithreaded, so this will likely lead to a deadlock.
  self.pid = os.fork()
/opt/venv/lib/python3.10/site-packages/tensorflow_probability/python/internal/backend/jax/ops.py:681: DeprecationWarning: jax.interpreters.xla.pytype_aval_mappings is deprecated.
  jax.interpreters.xla.pytype_aval_mappings[onp.ndarray])
/opt/venv/lib/python3.10/site-packages/gym/spaces/box.py:84: UserWarning: [33mWARN: Box bound precision lowered by casting to float32[0m
  logger.warn(f"Box bound precision lowered by casting to {self.dtype}")
Step:    10000  |  score: 4.97 ± 4.70  |  actor_loss: -0.2926  cost_loss: 1.3721  nu_loss: 11.7053
Step:    20000  |  score: 11.89 ± 11.61  |  actor_loss: -0.7316  cost_loss: 1.3635  nu_loss: 11.7184
Step:    30000  |  score: 13.11 ± 9.08  |  actor_loss: -1.0855  cost_loss: 1.3675  nu_loss: 11.5797
Step:    40000  |  score: 23.21 ± 12.04  |  actor_loss: -0.9752  cost_loss: 1.3650  nu_loss: 11.6694
Step:    50000  |  score: 25.65 ± 33.80  |  actor_loss: -1.0653  cost_loss: 1.3630  nu_loss: 11.5498
Step:    60000  |  score: 27.80 ± 17.26  |  actor_loss: -1.2092  cost_loss: 1.3719  nu_loss: 11.5497
Step:    70000  |  score: 26.89 ± 19.16  |  actor_loss: -1.0258  cost_loss: 1.3600  nu_loss: 11.6043
Step:    80000  |  score: 17.19 ± 19.16  |  actor_loss: -1.1800  cost_loss: 1.3753  nu_loss: 11.3780
Step:    90000  |  score: 29.50 ± 23.77  |  actor_loss: -1.1160  cost_loss: 1.3698  nu_loss: 11.5250
Step:   100000  |  score: 21.68 ± 19.59  |  actor_loss: -1.0613  cost_loss: 1.3615  nu_loss: 11.3704
Step:   110000  |  score: 27.29 ± 29.16  |  actor_loss: -1.2274  cost_loss: 1.3702  nu_loss: 11.2885
Step:   120000  |  score: 40.99 ± 25.94  |  actor_loss: -0.9672  cost_loss: 1.3588  nu_loss: 11.3627
Step:   130000  |  score: 38.01 ± 30.11  |  actor_loss: -1.0344  cost_loss: 1.3597  nu_loss: 11.2478
Step:   140000  |  score: 38.22 ± 21.38  |  actor_loss: -1.1308  cost_loss: 1.3577  nu_loss: 11.3632
Step:   150000  |  score: 37.65 ± 24.12  |  actor_loss: -1.2623  cost_loss: 1.3673  nu_loss: 11.1323
Step:   160000  |  score: 32.86 ± 15.96  |  actor_loss: -1.0852  cost_loss: 1.3528  nu_loss: 11.2342
Step:   170000  |  score: 49.35 ± 24.04  |  actor_loss: -1.3449  cost_loss: 1.3676  nu_loss: 11.1561
Step:   180000  |  score: 25.95 ± 20.60  |  actor_loss: -1.2262  cost_loss: 1.3660  nu_loss: 11.4601
Step:   190000  |  score: 47.40 ± 17.47  |  actor_loss: -1.6067  cost_loss: 1.3705  nu_loss: 11.3612
Step:   200000  |  score: 36.23 ± 32.82  |  actor_loss: -1.0504  cost_loss: 1.3660  nu_loss: 11.4087
Step:   210000  |  score: 43.05 ± 27.65  |  actor_loss: -1.1733  cost_loss: 1.3572  nu_loss: 11.1809
Step:   220000  |  score: 26.80 ± 25.39  |  actor_loss: -1.3104  cost_loss: 1.3619  nu_loss: 11.2452
Step:   230000  |  score: 35.59 ± 10.01  |  actor_loss: -1.2032  cost_loss: 1.3663  nu_loss: 11.2627
Step:   240000  |  score: 42.70 ± 31.15  |  actor_loss: -1.2714  cost_loss: 1.3687  nu_loss: 11.4110
Step:   250000  |  score: 41.92 ± 30.43  |  actor_loss: -1.0331  cost_loss: 1.3659  nu_loss: 11.3465
Step:   260000  |  score: 32.13 ± 21.14  |  actor_loss: -1.2380  cost_loss: 1.3602  nu_loss: 11.1395
Step:   270000  |  score: 29.85 ± 24.59  |  actor_loss: -0.8999  cost_loss: 1.3638  nu_loss: 10.9270
Step:   280000  |  score: 20.19 ± 19.96  |  actor_loss: -1.4281  cost_loss: 1.3688  nu_loss: 11.1487
Step:   290000  |  score: 26.14 ± 22.50  |  actor_loss: -1.5518  cost_loss: 1.3660  nu_loss: 11.2206
Step:   300000  |  score: 53.02 ± 31.25  |  actor_loss: -1.3513  cost_loss: 1.3567  nu_loss: 11.4179
Step:   310000  |  score: 37.68 ± 22.83  |  actor_loss: -1.4492  cost_loss: 1.3592  nu_loss: 11.2433
Step:   320000  |  score: 36.28 ± 44.90  |  actor_loss: -1.2280  cost_loss: 1.3559  nu_loss: 11.2585
Step:   330000  |  score: 36.56 ± 34.76  |  actor_loss: -1.2990  cost_loss: 1.3643  nu_loss: 11.0511
Step:   340000  |  score: 26.71 ± 27.42  |  actor_loss: -1.4201  cost_loss: 1.3669  nu_loss: 11.1291
Step:   350000  |  score: 13.08 ± 9.81  |  actor_loss: -1.4229  cost_loss: 1.3631  nu_loss: 11.1561
Step:   360000  |  score: 43.30 ± 31.13  |  actor_loss: -1.5299  cost_loss: 1.3591  nu_loss: 11.0337
Step:   370000  |  score: 25.69 ± 21.74  |  actor_loss: -1.3665  cost_loss: 1.3654  nu_loss: 10.8681
Step:   380000  |  score: 46.71 ± 36.52  |  actor_loss: -1.3179  cost_loss: 1.3643  nu_loss: 11.2114
Step:   390000  |  score: 42.14 ± 28.24  |  actor_loss: -1.1775  cost_loss: 1.3619  nu_loss: 11.3073
Step:   400000  |  score: 45.39 ± 29.89  |  actor_loss: -1.4163  cost_loss: 1.3648  nu_loss: 11.1528
Step:   410000  |  score: 29.91 ± 28.93  |  actor_loss: -1.1508  cost_loss: 1.3711  nu_loss: 11.0373
Step:   420000  |  score: 46.76 ± 26.62  |  actor_loss: -1.2879  cost_loss: 1.3640  nu_loss: 11.2417
Step:   430000  |  score: 49.09 ± 14.32  |  actor_loss: -1.1492  cost_loss: 1.3606  nu_loss: 11.1204
Step:   440000  |  score: 27.05 ± 20.68  |  actor_loss: -1.3894  cost_loss: 1.3715  nu_loss: 11.0931
Step:   450000  |  score: 49.66 ± 39.00  |  actor_loss: -1.3217  cost_loss: 1.3575  nu_loss: 11.3405
Step:   460000  |  score: 42.54 ± 38.50  |  actor_loss: -1.5153  cost_loss: 1.3657  nu_loss: 11.1750
Step:   470000  |  score: 27.43 ± 12.18  |  actor_loss: -1.4103  cost_loss: 1.3662  nu_loss: 11.3725
Step:   480000  |  score: 42.75 ± 39.22  |  actor_loss: -1.1870  cost_loss: 1.3608  nu_loss: 11.0450
Step:   490000  |  score: 27.05 ± 33.44  |  actor_loss: -1.3735  cost_loss: 1.3623  nu_loss: 11.2144
Step:   500000  |  score: 23.44 ± 28.95  |  actor_loss: -1.4820  cost_loss: 1.3582  nu_loss: 10.9089
Step:   510000  |  score: 28.94 ± 34.08  |  actor_loss: -1.1687  cost_loss: 1.3584  nu_loss: 11.1645
Step:   520000  |  score: 37.68 ± 12.03  |  actor_loss: -1.7199  cost_loss: 1.3624  nu_loss: 11.1366
Step:   530000  |  score: 37.18 ± 31.57  |  actor_loss: -1.5473  cost_loss: 1.3642  nu_loss: 11.2766
Step:   540000  |  score: 37.86 ± 19.39  |  actor_loss: -1.4492  cost_loss: 1.3609  nu_loss: 11.4217
Step:   550000  |  score: 28.99 ± 35.13  |  actor_loss: -1.4399  cost_loss: 1.3594  nu_loss: 11.3118
Step:   560000  |  score: 47.24 ± 40.21  |  actor_loss: -1.4325  cost_loss: 1.3618  nu_loss: 11.3542
Step:   570000  |  score: 27.42 ± 25.72  |  actor_loss: -1.4576  cost_loss: 1.3673  nu_loss: 11.2817
Step:   580000  |  score: 34.18 ± 25.57  |  actor_loss: -1.3408  cost_loss: 1.3687  nu_loss: 11.2751
Step:   590000  |  score: 35.25 ± 24.39  |  actor_loss: -1.4614  cost_loss: 1.3661  nu_loss: 11.1582
Step:   600000  |  score: 17.25 ± 18.85  |  actor_loss: -1.5464  cost_loss: 1.3726  nu_loss: 11.0161
Step:   610000  |  score: 52.93 ± 27.19  |  actor_loss: -1.6632  cost_loss: 1.3657  nu_loss: 11.3119
Step:   620000  |  score: 43.66 ± 38.17  |  actor_loss: -1.5585  cost_loss: 1.3634  nu_loss: 11.1708
Step:   630000  |  score: 57.25 ± 34.44  |  actor_loss: -1.3214  cost_loss: 1.3548  nu_loss: 11.3132
Step:   640000  |  score: 33.62 ± 37.50  |  actor_loss: -1.5875  cost_loss: 1.3663  nu_loss: 11.0713
Step:   650000  |  score: 28.10 ± 26.50  |  actor_loss: -1.3332  cost_loss: 1.3627  nu_loss: 11.1304
Step:   660000  |  score: 57.00 ± 39.07  |  actor_loss: -1.3758  cost_loss: 1.3719  nu_loss: 11.0617
Step:   670000  |  score: 48.67 ± 37.38  |  actor_loss: -1.3399  cost_loss: 1.3608  nu_loss: 11.3557
Step:   680000  |  score: 34.41 ± 26.55  |  actor_loss: -1.5211  cost_loss: 1.3632  nu_loss: 11.1992
Step:   690000  |  score: 38.90 ± 33.31  |  actor_loss: -1.4110  cost_loss: 1.3538  nu_loss: 11.3273
Step:   700000  |  score: 57.97 ± 23.64  |  actor_loss: -1.3254  cost_loss: 1.3543  nu_loss: 11.4350
Step:   710000  |  score: 66.58 ± 26.53  |  actor_loss: -1.4859  cost_loss: 1.3669  nu_loss: 11.3206
Step:   720000  |  score: 31.28 ± 34.43  |  actor_loss: -1.4193  cost_loss: 1.3589  nu_loss: 11.3624
Step:   730000  |  score: 40.77 ± 38.46  |  actor_loss: -1.3394  cost_loss: 1.3653  nu_loss: 11.3444
Step:   740000  |  score: 57.93 ± 31.29  |  actor_loss: -1.5680  cost_loss: 1.3675  nu_loss: 11.2389
Step:   750000  |  score: 29.85 ± 36.87  |  actor_loss: -1.4634  cost_loss: 1.3552  nu_loss: 11.1723
Step:   760000  |  score: 36.12 ± 36.00  |  actor_loss: -1.4035  cost_loss: 1.3645  nu_loss: 10.9413
Step:   770000  |  score: 26.14 ± 19.98  |  actor_loss: -1.3341  cost_loss: 1.3608  nu_loss: 11.2685
Step:   780000  |  score: 19.22 ± 23.80  |  actor_loss: -1.4809  cost_loss: 1.3658  nu_loss: 11.2839
Step:   790000  |  score: 39.94 ± 28.87  |  actor_loss: -1.4462  cost_loss: 1.3607  nu_loss: 11.1730
Step:   800000  |  score: 43.19 ± 37.74  |  actor_loss: -1.3358  cost_loss: 1.3625  nu_loss: 11.1086
Step:   810000  |  score: 29.88 ± 37.75  |  actor_loss: -1.5923  cost_loss: 1.3715  nu_loss: 11.2277
Step:   820000  |  score: 59.09 ± 46.44  |  actor_loss: -1.5432  cost_loss: 1.3602  nu_loss: 11.1878
Step:   830000  |  score: 38.07 ± 36.90  |  actor_loss: -1.4292  cost_loss: 1.3681  nu_loss: 11.1513
Step:   840000  |  score: 32.27 ± 35.59  |  actor_loss: -1.3072  cost_loss: 1.3709  nu_loss: 11.0599
Step:   850000  |  score: 28.51 ± 21.18  |  actor_loss: -1.4619  cost_loss: 1.3684  nu_loss: 11.3507
Step:   860000  |  score: 24.67 ± 23.73  |  actor_loss: -1.3526  cost_loss: 1.3605  nu_loss: 11.2606
Step:   870000  |  score: 40.18 ± 38.31  |  actor_loss: -1.4915  cost_loss: 1.3610  nu_loss: 11.2103
Step:   880000  |  score: 46.80 ± 34.14  |  actor_loss: -1.6583  cost_loss: 1.3628  nu_loss: 11.4260
Step:   890000  |  score: 34.52 ± 30.85  |  actor_loss: -1.4932  cost_loss: 1.3628  nu_loss: 11.1613
Step:   900000  |  score: 26.44 ± 34.89  |  actor_loss: -1.5601  cost_loss: 1.3621  nu_loss: 11.2037
Step:   910000  |  score: 60.24 ± 29.79  |  actor_loss: -1.2089  cost_loss: 1.3533  nu_loss: 11.3068
Step:   920000  |  score: 44.46 ± 32.29  |  actor_loss: -1.4567  cost_loss: 1.3725  nu_loss: 11.0867
Step:   930000  |  score: 18.37 ± 12.77  |  actor_loss: -1.6011  cost_loss: 1.3641  nu_loss: 11.0650
Step:   940000  |  score: 21.23 ± 20.94  |  actor_loss: -1.3117  cost_loss: 1.3625  nu_loss: 11.2627
Step:   950000  |  score: 41.81 ± 49.90  |  actor_loss: -1.5017  cost_loss: 1.3653  nu_loss: 11.3054
Step:   960000  |  score: 59.40 ± 37.10  |  actor_loss: -1.3024  cost_loss: 1.3624  nu_loss: 11.1696
Step:   970000  |  score: 46.96 ± 40.48  |  actor_loss: -1.4942  cost_loss: 1.3659  nu_loss: 11.2819
Step:   980000  |  score: 56.97 ± 41.27  |  actor_loss: -1.2994  cost_loss: 1.3694  nu_loss: 11.1136
Step:   990000  |  score: 54.52 ± 45.00  |  actor_loss: -1.4197  cost_loss: 1.3623  nu_loss: 11.2222
Step:  1000000  |  score: 50.17 ± 31.69  |  actor_loss: -1.6441  cost_loss: 1.3678  nu_loss: 11.2542
Step:  1010000  |  score: 28.50 ± 11.63  |  actor_loss: -1.5177  cost_loss: 1.3689  nu_loss: 11.2020
Step:  1020000  |  score: 44.63 ± 26.66  |  actor_loss: -1.6047  cost_loss: 1.3636  nu_loss: 11.0757
Step:  1030000  |  score: 41.36 ± 21.53  |  actor_loss: -1.5102  cost_loss: 1.3583  nu_loss: 11.2253
Step:  1040000  |  score: 32.05 ± 36.04  |  actor_loss: -1.5378  cost_loss: 1.3624  nu_loss: 11.1216
Step:  1050000  |  score: 46.05 ± 36.28  |  actor_loss: -1.1616  cost_loss: 1.3620  nu_loss: 11.3356
Step:  1060000  |  score: 58.03 ± 45.64  |  actor_loss: -1.6394  cost_loss: 1.3692  nu_loss: 11.2986
Step:  1070000  |  score: 54.47 ± 26.08  |  actor_loss: -1.5842  cost_loss: 1.3668  nu_loss: 11.2266
Step:  1080000  |  score: 55.76 ± 31.09  |  actor_loss: -1.4237  cost_loss: 1.3638  nu_loss: 11.0926
Step:  1090000  |  score: 47.96 ± 40.30  |  actor_loss: -1.5460  cost_loss: 1.3613  nu_loss: 11.1831
Step:  1100000  |  score: 61.17 ± 39.66  |  actor_loss: -1.4110  cost_loss: 1.3651  nu_loss: 11.1451
Step:  1110000  |  score: 40.22 ± 39.25  |  actor_loss: -1.3751  cost_loss: 1.3669  nu_loss: 11.0509
Step:  1120000  |  score: 47.02 ± 34.61  |  actor_loss: -1.1914  cost_loss: 1.3566  nu_loss: 11.3271
Step:  1130000  |  score: 40.10 ± 37.19  |  actor_loss: -1.5190  cost_loss: 1.3760  nu_loss: 11.1817
Step:  1140000  |  score: 53.30 ± 40.53  |  actor_loss: -1.1132  cost_loss: 1.3477  nu_loss: 10.9912
Step:  1150000  |  score: 32.08 ± 26.39  |  actor_loss: -1.6432  cost_loss: 1.3597  nu_loss: 11.1735
Step:  1160000  |  score: 36.15 ± 24.07  |  actor_loss: -1.6170  cost_loss: 1.3576  nu_loss: 11.2015
Step:  1170000  |  score: 55.35 ± 34.17  |  actor_loss: -1.7391  cost_loss: 1.3689  nu_loss: 11.2503
Step:  1180000  |  score: 43.30 ± 39.81  |  actor_loss: -1.3850  cost_loss: 1.3552  nu_loss: 11.3508
Step:  1190000  |  score: 31.25 ± 26.46  |  actor_loss: -1.2162  cost_loss: 1.3567  nu_loss: 11.2514
Step:  1200000  |  score: 33.11 ± 35.13  |  actor_loss: -1.5251  cost_loss: 1.3721  nu_loss: 11.2466
Step:  1210000  |  score: 29.13 ± 23.40  |  actor_loss: -1.1990  cost_loss: 1.3555  nu_loss: 11.1257
Step:  1220000  |  score: 49.81 ± 36.80  |  actor_loss: -1.4653  cost_loss: 1.3736  nu_loss: 11.0373
Step:  1230000  |  score: 58.76 ± 46.15  |  actor_loss: -1.7113  cost_loss: 1.3597  nu_loss: 11.1988
Step:  1240000  |  score: 51.47 ± 47.18  |  actor_loss: -1.8080  cost_loss: 1.3657  nu_loss: 11.2848
Step:  1250000  |  score: 41.73 ± 23.43  |  actor_loss: -1.6541  cost_loss: 1.3669  nu_loss: 11.1475
Step:  1260000  |  score: 65.23 ± 42.74  |  actor_loss: -1.6001  cost_loss: 1.3630  nu_loss: 11.2809
Step:  1270000  |  score: 55.12 ± 44.67  |  actor_loss: -1.3913  cost_loss: 1.3623  nu_loss: 11.2719
Step:  1280000  |  score: 36.18 ± 27.15  |  actor_loss: -1.5336  cost_loss: 1.3682  nu_loss: 11.2541
Step:  1290000  |  score: 60.72 ± 30.67  |  actor_loss: -1.3571  cost_loss: 1.3558  nu_loss: 11.3990
Step:  1300000  |  score: 61.47 ± 37.40  |  actor_loss: -1.6078  cost_loss: 1.3647  nu_loss: 11.3464
Step:  1310000  |  score: 36.16 ± 39.93  |  actor_loss: -1.3698  cost_loss: 1.3630  nu_loss: 11.1156
Step:  1320000  |  score: 23.39 ± 26.79  |  actor_loss: -1.8069  cost_loss: 1.3702  nu_loss: 11.1875
Step:  1330000  |  score: 32.93 ± 37.02  |  actor_loss: -1.5562  cost_loss: 1.3702  nu_loss: 11.3938
Step:  1340000  |  score: 39.27 ± 41.15  |  actor_loss: -1.6504  cost_loss: 1.3679  nu_loss: 11.0966
Step:  1350000  |  score: 69.96 ± 25.20  |  actor_loss: -1.4509  cost_loss: 1.3584  nu_loss: 11.3034
Step:  1360000  |  score: 39.82 ± 28.78  |  actor_loss: -1.3116  cost_loss: 1.3598  nu_loss: 11.0968
Step:  1370000  |  score: 43.00 ± 42.36  |  actor_loss: -1.6221  cost_loss: 1.3667  nu_loss: 11.4791
Step:  1380000  |  score: 39.87 ± 37.25  |  actor_loss: -1.8974  cost_loss: 1.3636  nu_loss: 10.9108
Step:  1390000  |  score: 49.89 ± 31.97  |  actor_loss: -1.5012  cost_loss: 1.3655  nu_loss: 11.2877
Step:  1400000  |  score: 15.06 ± 14.84  |  actor_loss: -1.4931  cost_loss: 1.3666  nu_loss: 11.0699
Step:  1410000  |  score: 50.71 ± 40.28  |  actor_loss: -1.4703  cost_loss: 1.3618  nu_loss: 11.1090
Step:  1420000  |  score: 37.82 ± 46.90  |  actor_loss: -1.2922  cost_loss: 1.3625  nu_loss: 11.1073
Step:  1430000  |  score: 12.81 ± 16.62  |  actor_loss: -1.2796  cost_loss: 1.3591  nu_loss: 11.2945
Step:  1440000  |  score: 36.31 ± 32.31  |  actor_loss: -1.6500  cost_loss: 1.3639  nu_loss: 11.0458
Step:  1450000  |  score: 36.72 ± 36.20  |  actor_loss: -1.6224  cost_loss: 1.3689  nu_loss: 11.3907
Step:  1460000  |  score: 60.20 ± 31.56  |  actor_loss: -1.3888  cost_loss: 1.3620  nu_loss: 11.1444
Step:  1470000  |  score: 46.90 ± 36.33  |  actor_loss: -1.3388  cost_loss: 1.3621  nu_loss: 11.1051
Step:  1480000  |  score: 29.56 ± 22.15  |  actor_loss: -1.5827  cost_loss: 1.3659  nu_loss: 11.2694
Step:  1490000  |  score: 42.15 ± 44.76  |  actor_loss: -1.5758  cost_loss: 1.3619  nu_loss: 11.1907
Step:  1500000  |  score: 39.67 ± 25.01  |  actor_loss: -1.6861  cost_loss: 1.3686  nu_loss: 11.1641
Step:  1510000  |  score: 51.65 ± 27.64  |  actor_loss: -1.5774  cost_loss: 1.3653  nu_loss: 11.0273
Step:  1520000  |  score: 50.24 ± 41.85  |  actor_loss: -1.3785  cost_loss: 1.3494  nu_loss: 11.4676
Step:  1530000  |  score: 35.20 ± 35.43  |  actor_loss: -1.6086  cost_loss: 1.3688  nu_loss: 11.2785
Step:  1540000  |  score: 31.47 ± 23.31  |  actor_loss: -1.8261  cost_loss: 1.3597  nu_loss: 11.2865
Step:  1550000  |  score: 58.57 ± 45.10  |  actor_loss: -1.4669  cost_loss: 1.3625  nu_loss: 11.5007
Step:  1560000  |  score: 54.23 ± 34.36  |  actor_loss: -1.5077  cost_loss: 1.3579  nu_loss: 11.4194
Step:  1570000  |  score: 38.84 ± 37.57  |  actor_loss: -1.7245  cost_loss: 1.3683  nu_loss: 11.2137
Step:  1580000  |  score: 44.87 ± 46.14  |  actor_loss: -1.5100  cost_loss: 1.3643  nu_loss: 11.2720
Step:  1590000  |  score: 76.52 ± 36.96  |  actor_loss: -1.5107  cost_loss: 1.3634  nu_loss: 11.2219
Step:  1600000  |  score: 29.17 ± 35.60  |  actor_loss: -1.5755  cost_loss: 1.3666  nu_loss: 11.2657
Step:  1610000  |  score: 52.35 ± 45.42  |  actor_loss: -1.5654  cost_loss: 1.3659  nu_loss: 11.1700
Step:  1620000  |  score: 44.28 ± 37.36  |  actor_loss: -1.5015  cost_loss: 1.3628  nu_loss: 11.0845
Step:  1630000  |  score: 49.22 ± 36.19  |  actor_loss: -1.8011  cost_loss: 1.3727  nu_loss: 11.3558
Step:  1640000  |  score: 30.59 ± 37.73  |  actor_loss: -1.6696  cost_loss: 1.3671  nu_loss: 11.5034
Step:  1650000  |  score: 62.59 ± 40.52  |  actor_loss: -1.6819  cost_loss: 1.3639  nu_loss: 11.4407
Step:  1660000  |  score: 66.46 ± 47.81  |  actor_loss: -1.4438  cost_loss: 1.3603  nu_loss: 11.3279
Step:  1670000  |  score: 52.77 ± 34.82  |  actor_loss: -1.5750  cost_loss: 1.3619  nu_loss: 11.3588
Step:  1680000  |  score: 33.46 ± 41.89  |  actor_loss: -1.8143  cost_loss: 1.3583  nu_loss: 11.2788
Step:  1690000  |  score: 35.31 ± 23.70  |  actor_loss: -1.6118  cost_loss: 1.3632  nu_loss: 11.1241
Step:  1700000  |  score: 33.15 ± 14.03  |  actor_loss: -1.5929  cost_loss: 1.3679  nu_loss: 11.1152
Step:  1710000  |  score: 41.15 ± 30.69  |  actor_loss: -1.7162  cost_loss: 1.3635  nu_loss: 11.1171
Step:  1720000  |  score: 25.06 ± 23.74  |  actor_loss: -1.1797  cost_loss: 1.3649  nu_loss: 11.0265
Step:  1730000  |  score: 64.64 ± 42.58  |  actor_loss: -1.3180  cost_loss: 1.3588  nu_loss: 11.0099
Step:  1740000  |  score: 29.76 ± 34.13  |  actor_loss: -1.3416  cost_loss: 1.3712  nu_loss: 10.8718
Step:  1750000  |  score: 46.74 ± 19.92  |  actor_loss: -1.3879  cost_loss: 1.3676  nu_loss: 11.1726
Step:  1760000  |  score: 8.37 ± 14.19  |  actor_loss: -1.7720  cost_loss: 1.3720  nu_loss: 11.0886
Step:  1770000  |  score: 23.09 ± 28.06  |  actor_loss: -1.6166  cost_loss: 1.3616  nu_loss: 11.1283
Step:  1780000  |  score: 64.13 ± 38.33  |  actor_loss: -1.9354  cost_loss: 1.3670  nu_loss: 11.1270
Step:  1790000  |  score: 40.19 ± 35.92  |  actor_loss: -1.5922  cost_loss: 1.3725  nu_loss: 11.4757
Step:  1800000  |  score: 62.62 ± 42.46  |  actor_loss: -1.7341  cost_loss: 1.3670  nu_loss: 11.1706
Step:  1810000  |  score: 59.22 ± 42.92  |  actor_loss: -1.6144  cost_loss: 1.3576  nu_loss: 11.2730
Step:  1820000  |  score: 61.63 ± 43.78  |  actor_loss: -1.5775  cost_loss: 1.3636  nu_loss: 11.4834
Step:  1830000  |  score: 36.70 ± 18.77  |  actor_loss: -1.6541  cost_loss: 1.3589  nu_loss: 11.2975
Step:  1840000  |  score: 35.29 ± 39.30  |  actor_loss: -1.5294  cost_loss: 1.3681  nu_loss: 11.1655
Step:  1850000  |  score: 39.53 ± 39.40  |  actor_loss: -1.3755  cost_loss: 1.3626  nu_loss: 11.3418
Step:  1860000  |  score: 52.91 ± 36.40  |  actor_loss: -1.5832  cost_loss: 1.3655  nu_loss: 11.3659
Step:  1870000  |  score: 63.17 ± 34.23  |  actor_loss: -1.7730  cost_loss: 1.3738  nu_loss: 11.1592
Step:  1880000  |  score: 47.43 ± 32.37  |  actor_loss: -1.5315  cost_loss: 1.3666  nu_loss: 11.2793
Step:  1890000  |  score: 40.75 ± 37.53  |  actor_loss: -1.6947  cost_loss: 1.3611  nu_loss: 10.8527
Step:  1900000  |  score: 17.12 ± 24.43  |  actor_loss: -1.6335  cost_loss: 1.3620  nu_loss: 11.4103
Step:  1910000  |  score: 43.96 ± 42.59  |  actor_loss: -1.5450  cost_loss: 1.3621  nu_loss: 11.4054
Step:  1920000  |  score: 46.83 ± 48.71  |  actor_loss: -1.5907  cost_loss: 1.3668  nu_loss: 11.4262
Step:  1930000  |  score: 49.20 ± 38.18  |  actor_loss: -1.6743  cost_loss: 1.3583  nu_loss: 11.2513
Step:  1940000  |  score: 60.86 ± 25.96  |  actor_loss: -1.7178  cost_loss: 1.3633  nu_loss: 11.2094
Step:  1950000  |  score: 47.76 ± 26.20  |  actor_loss: -1.6138  cost_loss: 1.3600  nu_loss: 11.4636
Step:  1960000  |  score: 42.60 ± 44.95  |  actor_loss: -1.4102  cost_loss: 1.3682  nu_loss: 11.4623
Step:  1970000  |  score: 52.05 ± 45.03  |  actor_loss: -1.6269  cost_loss: 1.3610  nu_loss: 11.1716
Step:  1980000  |  score: 51.50 ± 38.91  |  actor_loss: -1.6058  cost_loss: 1.3585  nu_loss: 11.2877
Step:  1990000  |  score: 57.54 ± 19.84  |  actor_loss: -1.3574  cost_loss: 1.3653  nu_loss: 11.1544
Step:  2000000  |  score: 41.81 ± 45.14  |  actor_loss: -1.7284  cost_loss: 1.3598  nu_loss: 11.2918
Final evaluation (13 iterations)...
Final score: 42.54 ± 37.25
wandb: WARNING Symlinked 1 file into the W&B run directory; call wandb.save again to sync new files.
wandb: uploading data; updating run metadata
wandb: uploading data
wandb: uploading data; uploading final_returns/demodice_hopper-expert-v2_2026-03-18_09-04-23.npz; uploading output.log; uploading wandb-summary.json; uploading config.yaml
wandb: uploading data; uploading final_returns/demodice_hopper-expert-v2_2026-03-18_09-04-23.npz; uploading output.log; uploading wandb-summary.json
wandb: uploading data
wandb: uploading summary, console lines 214-215
wandb: 
wandb: Run history:
wandb:  actor_loss ██▃▆▇▅▅▆▅▆▆▇▆▄▅▄▅▅▃▄▆▅▂▃▃▂▃▄▆▃▂▃▄▃▇▁▃▂▅▁
wandb:   cost_loss ▇█▆▃▅▆▆▃▅▄▄▃▄▄▆▄▁▅▃▁▇▃▇▄▄▆▃▂▁▇▃▅▆▃▅▆▇▄▄▃
wandb:     nu_loss █▆▄▂▅▄▃▅▆▄▅▆▅▅▄▃▅▄▄▄▆▅▄▆▆▂▅▃▅▄▇▅▅▆▄▅▁▆▆▇
wandb: num_updates ▁▁▁▁▂▂▂▂▂▃▃▃▃▄▄▄▄▄▄▄▅▅▅▅▅▅▆▆▆▆▇▇▇▇▇▇▇▇▇█
wandb:      return ▁▄▄▃▂▄▃▅▃▅▄▂▆▄▅▃▄▅▂▅▅▆▆▆▅▇▇▄▄█▄▆▇▄▇▆▅▄▅▇
wandb:       score ▁▂▂▃▂▄▄▂▃▅▅▅▄▄▄▆▃▄▅▃▃▅▆▅▆▅▅▆▄▆▅▄▅█▄▃▇▇▅▆
wandb:   score_std ▁▂▃▄▁▃▃▄▆▁▄▅▃▆▅▃▄▆▆▃█▆▇▁▇▄▆▃▇▆▆▂▅▆▆▇▅▂▄▇
wandb: 
wandb: Run summary:
wandb:  actor_loss -1.72842
wandb:   cost_loss 1.35984
wandb:     nu_loss 11.29176
wandb: num_updates 2000000
wandb:      return 1340.60016
wandb:       score 41.81417
wandb:   score_std 45.13647
wandb: 
wandb: 🚀 View run demodice_hopper_M4_s0 at: https://wandb.ai/wsk208/DemoDICE/runs/vr90masq
wandb: ⭐️ View project at: https://wandb.ai/wsk208/DemoDICE
wandb: Synced 5 W&B file(s), 0 media file(s), 0 artifact file(s) and 1 other file(s)
wandb: Find logs at: ./wandb/run-20260318_083857-vr90masq/logs
