Warning: All of online environments libraries in D4RL have been moved ]8;;https://github.com/Farama-Foundation/Gymnasium\Gymnasium]8;;\, ]8;;https://github.com/Farama-Foundation/MiniGrid\MiniGrid]8;;\ and ]8;;https://github.com/Farama-Foundation/Gymnasium-Robotics\Gymnasium-Robotics]8;;\, and all offline datasets in D4RL have been moved to ]8;;https://github.com/Farama-Foundation/Minari\Minari]8;;\.
These new versions include large bug fixes, new versions of Python, and are where all new development will continue. Please upgrade these libraries as soon as you're able to do so.
If you'd like to read more about the story behind this switch, please check out ]8;;https://farama.org/Announcing-Minari\this blog post]8;;\.
Gym has been unmaintained since 2022 and does not support NumPy 2.0 amongst other critical functionality.
Please upgrade to Gymnasium, the maintained drop-in replacement of Gym, or contact the authors of your software and request that they upgrade.
See the migration guide at https://gymnasium.farama.org/introduction/migration_guide/ for additional information.
/opt/venv/lib/python3.10/site-packages/Cython/Distutils/old_build_ext.py:15: DeprecationWarning: dep_util is Deprecated. Use functions from setuptools instead.
  from distutils.dep_util import newer, newer_group
<frozen importlib._bootstrap>:283: DeprecationWarning: the load_module() method is deprecated and slated for removal in Python 3.12; use exec_module() instead
pybullet build time: Jan 29 2025 23:16:28
wandb: [wandb.login()] Loaded credentials for https://api.wandb.ai from /root/.netrc.
wandb: Currently logged in as: wsk208 to https://api.wandb.ai. Use `wandb login --relogin` to force relogin
/opt/venv/lib/python3.10/site-packages/wandb/analytics/sentry.py:268: DeprecationWarning: Read the `app_url` setting from the appropriate Settings object.
  app_url = wandb.util.app_url(tags["base_url"])  # type: ignore[index]
/opt/venv/lib/python3.10/site-packages/wandb/analytics/sentry.py:279: DeprecationWarning: The `Scope.user` setter is deprecated in favor of `Scope.set_user()`.
  self.scope.user = {"email": email}
wandb: setting up run b2xw0nyl
/opt/venv/lib/python3.10/site-packages/wandb/analytics/sentry.py:268: DeprecationWarning: Read the `app_url` setting from the appropriate Settings object.
  app_url = wandb.util.app_url(tags["base_url"])  # type: ignore[index]
/opt/venv/lib/python3.10/site-packages/wandb/analytics/sentry.py:279: DeprecationWarning: The `Scope.user` setter is deprecated in favor of `Scope.set_user()`.
  self.scope.user = {"email": email}
wandb: Tracking run with wandb version 0.25.1
wandb: Run data is saved locally in /app/wandb/run-20260318_144847-b2xw0nyl
wandb: Run `wandb offline` to turn off syncing.
wandb: Syncing run demodice_walker2d_M2_s2
wandb: ⭐️ View project at https://wandb.ai/wsk208/DemoDICE
wandb: 🚀 View run at https://wandb.ai/wsk208/DemoDICE/runs/b2xw0nyl
/opt/venv/lib/python3.10/site-packages/gym/spaces/box.py:84: UserWarning: [33mWARN: Box bound precision lowered by casting to float32[0m
  logger.warn(f"Box bound precision lowered by casting to {self.dtype}")
load datafile:   0%|          | 0/21 [00:00<?, ?it/s]load datafile:   5%|▍         | 1/21 [00:00<00:03,  5.71it/s]load datafile:  14%|█▍        | 3/21 [00:00<00:03,  5.22it/s]load datafile:  19%|█▉        | 4/21 [00:00<00:04,  4.00it/s]load datafile:  81%|████████  | 17/21 [00:01<00:00, 15.56it/s]load datafile:  90%|█████████ | 19/21 [00:01<00:00, 10.75it/s]load datafile: 100%|██████████| 21/21 [00:01<00:00, 11.14it/s]
Expert  :  999000 transitions  (walker2d-expert-v2, 400 traj)
load datafile:   0%|          | 0/9 [00:00<?, ?it/s]load datafile:  11%|█         | 1/9 [00:00<00:01,  6.37it/s]load datafile:  33%|███▎      | 3/9 [00:00<00:01,  5.53it/s]load datafile:  44%|████▍     | 4/9 [00:00<00:01,  4.14it/s]load datafile:  56%|█████▌    | 5/9 [00:01<00:01,  3.21it/s]load datafile:  67%|██████▋   | 6/9 [00:01<00:01,  2.79it/s]load datafile: 100%|██████████| 9/9 [00:01<00:00,  4.92it/s]
Imperfect:    8083 transitions  (walker2d-random-v2, 400 traj)
Union   : 1007083 transitions total
/root/.local/share/uv/python/cpython-3.10-linux-x86_64-gnu/lib/python3.10/multiprocessing/popen_fork.py:66: RuntimeWarning: os.fork() was called. os.fork() is incompatible with multithreaded code, and JAX is multithreaded, so this will likely lead to a deadlock.
  self.pid = os.fork()
/opt/venv/lib/python3.10/site-packages/tensorflow_probability/python/internal/backend/jax/ops.py:681: DeprecationWarning: jax.interpreters.xla.pytype_aval_mappings is deprecated.
  jax.interpreters.xla.pytype_aval_mappings[onp.ndarray])
/opt/venv/lib/python3.10/site-packages/gym/spaces/box.py:84: UserWarning: [33mWARN: Box bound precision lowered by casting to float32[0m
  logger.warn(f"Box bound precision lowered by casting to {self.dtype}")
Step:    10000  |  score: 9.66 ± 3.08  |  actor_loss: -1.5864  cost_loss: 1.3765  nu_loss: 12.2320
Step:    20000  |  score: 11.41 ± 5.44  |  actor_loss: -3.6871  cost_loss: 1.3802  nu_loss: 11.4484
Step:    30000  |  score: 25.54 ± 18.60  |  actor_loss: -3.3913  cost_loss: 1.3773  nu_loss: 11.3632
Step:    40000  |  score: 32.24 ± 16.58  |  actor_loss: -3.8184  cost_loss: 1.3762  nu_loss: 11.2044
Step:    50000  |  score: 46.30 ± 21.01  |  actor_loss: -4.8740  cost_loss: 1.3799  nu_loss: 11.9564
Step:    60000  |  score: 54.37 ± 27.76  |  actor_loss: -4.7348  cost_loss: 1.3805  nu_loss: 11.3881
Step:    70000  |  score: 44.17 ± 24.01  |  actor_loss: -3.9123  cost_loss: 1.3811  nu_loss: 11.1581
Step:    80000  |  score: 62.75 ± 36.18  |  actor_loss: -3.7981  cost_loss: 1.3803  nu_loss: 11.0068
Step:    90000  |  score: 69.41 ± 28.37  |  actor_loss: -3.9935  cost_loss: 1.3767  nu_loss: 11.3548
Step:   100000  |  score: 90.79 ± 21.59  |  actor_loss: -3.7268  cost_loss: 1.3801  nu_loss: 11.1132
Step:   110000  |  score: 72.01 ± 39.64  |  actor_loss: -4.1184  cost_loss: 1.3808  nu_loss: 10.8533
Step:   120000  |  score: 92.58 ± 20.71  |  actor_loss: -3.6932  cost_loss: 1.3742  nu_loss: 11.0871
Step:   130000  |  score: 83.80 ± 28.76  |  actor_loss: -3.8780  cost_loss: 1.3749  nu_loss: 11.0344
Step:   140000  |  score: 92.26 ± 31.82  |  actor_loss: -4.4542  cost_loss: 1.3791  nu_loss: 11.2783
Step:   150000  |  score: 79.76 ± 39.35  |  actor_loss: -3.8199  cost_loss: 1.3797  nu_loss: 11.0483
Step:   160000  |  score: 100.68 ± 14.40  |  actor_loss: -4.3883  cost_loss: 1.3770  nu_loss: 10.6605
Step:   170000  |  score: 74.80 ± 36.18  |  actor_loss: -3.8294  cost_loss: 1.3720  nu_loss: 11.3014
Step:   180000  |  score: 100.62 ± 14.17  |  actor_loss: -4.1897  cost_loss: 1.3724  nu_loss: 10.9082
Step:   190000  |  score: 102.80 ± 8.61  |  actor_loss: -3.7920  cost_loss: 1.3785  nu_loss: 11.1161
Step:   200000  |  score: 103.24 ± 8.42  |  actor_loss: -3.8587  cost_loss: 1.3780  nu_loss: 10.8734
Step:   210000  |  score: 106.59 ± 1.39  |  actor_loss: -4.0369  cost_loss: 1.3765  nu_loss: 11.1012
Step:   220000  |  score: 106.31 ± 1.06  |  actor_loss: -3.4235  cost_loss: 1.3756  nu_loss: 11.1698
Step:   230000  |  score: 106.66 ± 0.94  |  actor_loss: -4.0710  cost_loss: 1.3791  nu_loss: 10.9238
Step:   240000  |  score: 106.26 ± 1.43  |  actor_loss: -3.7398  cost_loss: 1.3795  nu_loss: 10.9203
Step:   250000  |  score: 106.89 ± 0.85  |  actor_loss: -3.8102  cost_loss: 1.3746  nu_loss: 10.9384
Step:   260000  |  score: 97.57 ± 27.33  |  actor_loss: -4.0056  cost_loss: 1.3817  nu_loss: 10.8985
Step:   270000  |  score: 94.85 ± 32.20  |  actor_loss: -4.3949  cost_loss: 1.3733  nu_loss: 10.6750
Step:   280000  |  score: 95.43 ± 31.21  |  actor_loss: -3.8217  cost_loss: 1.3750  nu_loss: 10.9582
Step:   290000  |  score: 102.22 ± 11.33  |  actor_loss: -4.1193  cost_loss: 1.3771  nu_loss: 10.8489
Step:   300000  |  score: 107.15 ± 0.68  |  actor_loss: -4.1892  cost_loss: 1.3735  nu_loss: 10.6164
Step:   310000  |  score: 97.16 ± 25.86  |  actor_loss: -3.8202  cost_loss: 1.3752  nu_loss: 11.0707
Step:   320000  |  score: 107.37 ± 1.79  |  actor_loss: -3.4976  cost_loss: 1.3798  nu_loss: 11.0024
Step:   330000  |  score: 101.45 ± 15.76  |  actor_loss: -4.1819  cost_loss: 1.3764  nu_loss: 10.8189
Step:   340000  |  score: 107.37 ± 0.70  |  actor_loss: -3.8789  cost_loss: 1.3812  nu_loss: 10.6770
Step:   350000  |  score: 97.89 ± 24.07  |  actor_loss: -4.3356  cost_loss: 1.3778  nu_loss: 10.7566
Step:   360000  |  score: 106.55 ± 0.55  |  actor_loss: -4.5824  cost_loss: 1.3763  nu_loss: 10.9584
Step:   370000  |  score: 103.72 ± 7.74  |  actor_loss: -4.1378  cost_loss: 1.3721  nu_loss: 10.7389
Step:   380000  |  score: 106.55 ± 0.64  |  actor_loss: -4.1094  cost_loss: 1.3783  nu_loss: 10.8306
Step:   390000  |  score: 107.44 ± 0.75  |  actor_loss: -3.5925  cost_loss: 1.3721  nu_loss: 11.1933
Step:   400000  |  score: 103.13 ± 11.16  |  actor_loss: -4.2385  cost_loss: 1.3811  nu_loss: 10.9899
Step:   410000  |  score: 107.11 ± 0.46  |  actor_loss: -4.5066  cost_loss: 1.3780  nu_loss: 10.9082
Step:   420000  |  score: 107.08 ± 1.13  |  actor_loss: -3.8642  cost_loss: 1.3783  nu_loss: 10.8514
Step:   430000  |  score: 106.96 ± 0.75  |  actor_loss: -4.0841  cost_loss: 1.3684  nu_loss: 10.8106
Step:   440000  |  score: 106.47 ± 0.66  |  actor_loss: -4.1500  cost_loss: 1.3738  nu_loss: 10.7068
Step:   450000  |  score: 107.18 ± 0.27  |  actor_loss: -3.5385  cost_loss: 1.3777  nu_loss: 11.0674
Step:   460000  |  score: 94.91 ± 30.28  |  actor_loss: -3.9771  cost_loss: 1.3709  nu_loss: 10.7679
Step:   470000  |  score: 91.39 ± 23.29  |  actor_loss: -3.9182  cost_loss: 1.3741  nu_loss: 10.7105
Step:   480000  |  score: 108.06 ± 0.54  |  actor_loss: -4.2194  cost_loss: 1.3786  nu_loss: 10.7709
Step:   490000  |  score: 106.05 ± 1.24  |  actor_loss: -4.4718  cost_loss: 1.3760  nu_loss: 10.3066
Step:   500000  |  score: 107.44 ± 0.60  |  actor_loss: -4.3478  cost_loss: 1.3763  nu_loss: 10.9628
Step:   510000  |  score: 98.21 ± 23.34  |  actor_loss: -3.8949  cost_loss: 1.3773  nu_loss: 10.8151
Step:   520000  |  score: 98.94 ± 22.70  |  actor_loss: -3.6149  cost_loss: 1.3784  nu_loss: 10.8891
Step:   530000  |  score: 108.00 ± 0.74  |  actor_loss: -4.0928  cost_loss: 1.3772  nu_loss: 10.9515
Step:   540000  |  score: 106.55 ± 1.16  |  actor_loss: -4.4179  cost_loss: 1.3790  nu_loss: 10.8678
Step:   550000  |  score: 107.57 ± 0.81  |  actor_loss: -4.1175  cost_loss: 1.3787  nu_loss: 10.8038
Step:   560000  |  score: 106.87 ± 0.86  |  actor_loss: -4.1827  cost_loss: 1.3733  nu_loss: 10.9169
Step:   570000  |  score: 95.99 ± 28.70  |  actor_loss: -4.0436  cost_loss: 1.3737  nu_loss: 10.9352
Step:   580000  |  score: 106.27 ± 0.84  |  actor_loss: -3.6653  cost_loss: 1.3757  nu_loss: 11.1938
Step:   590000  |  score: 107.19 ± 1.02  |  actor_loss: -4.5757  cost_loss: 1.3761  nu_loss: 10.7889
Step:   600000  |  score: 96.73 ± 25.66  |  actor_loss: -4.2902  cost_loss: 1.3801  nu_loss: 10.8348
Step:   610000  |  score: 106.62 ± 1.09  |  actor_loss: -4.0078  cost_loss: 1.3789  nu_loss: 10.9015
Step:   620000  |  score: 102.21 ± 9.93  |  actor_loss: -3.7991  cost_loss: 1.3763  nu_loss: 10.8137
Step:   630000  |  score: 106.64 ± 0.71  |  actor_loss: -3.7940  cost_loss: 1.3756  nu_loss: 10.9349
Step:   640000  |  score: 107.02 ± 0.84  |  actor_loss: -4.0799  cost_loss: 1.3805  nu_loss: 10.9130
Step:   650000  |  score: 103.21 ± 7.93  |  actor_loss: -4.2734  cost_loss: 1.3750  nu_loss: 10.6793
Step:   660000  |  score: 106.82 ± 1.07  |  actor_loss: -4.2054  cost_loss: 1.3733  nu_loss: 10.6860
Step:   670000  |  score: 96.59 ± 27.28  |  actor_loss: -4.3299  cost_loss: 1.3747  nu_loss: 10.8883
Step:   680000  |  score: 107.00 ± 0.70  |  actor_loss: -3.9787  cost_loss: 1.3804  nu_loss: 10.8187
Step:   690000  |  score: 107.22 ± 0.80  |  actor_loss: -4.0745  cost_loss: 1.3774  nu_loss: 10.6697
Step:   700000  |  score: 87.80 ± 33.81  |  actor_loss: -4.4664  cost_loss: 1.3773  nu_loss: 10.6550
Step:   710000  |  score: 106.85 ± 1.04  |  actor_loss: -4.1972  cost_loss: 1.3798  nu_loss: 10.7972
Step:   720000  |  score: 106.93 ± 0.58  |  actor_loss: -4.2681  cost_loss: 1.3812  nu_loss: 10.7205
Step:   730000  |  score: 106.78 ± 1.06  |  actor_loss: -3.8912  cost_loss: 1.3759  nu_loss: 10.8991
Step:   740000  |  score: 96.58 ± 28.33  |  actor_loss: -4.0640  cost_loss: 1.3759  nu_loss: 11.1677
Step:   750000  |  score: 96.89 ± 27.69  |  actor_loss: -4.0531  cost_loss: 1.3805  nu_loss: 10.8799
Step:   760000  |  score: 106.68 ± 1.01  |  actor_loss: -4.2984  cost_loss: 1.3773  nu_loss: 10.7073
Step:   770000  |  score: 107.37 ± 1.21  |  actor_loss: -4.3222  cost_loss: 1.3795  nu_loss: 10.9183
Step:   780000  |  score: 106.92 ± 0.80  |  actor_loss: -4.2904  cost_loss: 1.3808  nu_loss: 10.7116
Step:   790000  |  score: 104.96 ± 5.79  |  actor_loss: -4.4452  cost_loss: 1.3747  nu_loss: 10.8789
Step:   800000  |  score: 96.98 ± 17.27  |  actor_loss: -4.3265  cost_loss: 1.3789  nu_loss: 11.1151
Step:   810000  |  score: 100.36 ± 17.53  |  actor_loss: -4.0238  cost_loss: 1.3755  nu_loss: 10.6443
Step:   820000  |  score: 105.40 ± 4.36  |  actor_loss: -4.2285  cost_loss: 1.3770  nu_loss: 10.7431
Step:   830000  |  score: 103.54 ± 9.76  |  actor_loss: -3.7915  cost_loss: 1.3783  nu_loss: 10.9860
Step:   840000  |  score: 106.85 ± 0.76  |  actor_loss: -4.1085  cost_loss: 1.3770  nu_loss: 11.0412
Step:   850000  |  score: 96.20 ± 26.93  |  actor_loss: -3.9375  cost_loss: 1.3778  nu_loss: 10.7308
Step:   860000  |  score: 107.42 ± 0.37  |  actor_loss: -4.0080  cost_loss: 1.3781  nu_loss: 10.6689
Step:   870000  |  score: 107.36 ± 0.67  |  actor_loss: -4.2515  cost_loss: 1.3804  nu_loss: 10.8335
Step:   880000  |  score: 107.19 ± 0.90  |  actor_loss: -4.4446  cost_loss: 1.3788  nu_loss: 10.9674
Step:   890000  |  score: 107.20 ± 0.78  |  actor_loss: -3.9864  cost_loss: 1.3755  nu_loss: 10.7915
Step:   900000  |  score: 107.72 ± 0.40  |  actor_loss: -4.4878  cost_loss: 1.3757  nu_loss: 10.8062
Step:   910000  |  score: 105.75 ± 0.95  |  actor_loss: -3.9239  cost_loss: 1.3781  nu_loss: 11.1231
Step:   920000  |  score: 106.58 ± 1.25  |  actor_loss: -4.1434  cost_loss: 1.3793  nu_loss: 10.9292
Step:   930000  |  score: 107.68 ± 0.62  |  actor_loss: -3.9036  cost_loss: 1.3737  nu_loss: 10.9188
Step:   940000  |  score: 96.50 ± 28.28  |  actor_loss: -3.9478  cost_loss: 1.3731  nu_loss: 10.7996
Step:   950000  |  score: 107.03 ± 0.62  |  actor_loss: -4.9578  cost_loss: 1.3777  nu_loss: 10.8791
Step:   960000  |  score: 107.13 ± 1.12  |  actor_loss: -3.9880  cost_loss: 1.3786  nu_loss: 10.9328
Step:   970000  |  score: 95.05 ± 31.30  |  actor_loss: -4.5286  cost_loss: 1.3776  nu_loss: 10.6353
Step:   980000  |  score: 106.73 ± 0.79  |  actor_loss: -4.3827  cost_loss: 1.3768  nu_loss: 10.9863
Step:   990000  |  score: 107.20 ± 0.62  |  actor_loss: -3.7836  cost_loss: 1.3722  nu_loss: 10.7509
Step:  1000000  |  score: 106.80 ± 0.88  |  actor_loss: -4.1079  cost_loss: 1.3750  nu_loss: 10.9113
Step:  1010000  |  score: 107.39 ± 0.47  |  actor_loss: -4.0236  cost_loss: 1.3728  nu_loss: 10.8201
Step:  1020000  |  score: 107.01 ± 0.95  |  actor_loss: -4.0770  cost_loss: 1.3754  nu_loss: 10.7811
Step:  1030000  |  score: 106.75 ± 0.78  |  actor_loss: -4.5055  cost_loss: 1.3806  nu_loss: 10.9893
Step:  1040000  |  score: 105.19 ± 5.11  |  actor_loss: -4.4659  cost_loss: 1.3784  nu_loss: 10.7515
Step:  1050000  |  score: 106.97 ± 0.91  |  actor_loss: -4.3815  cost_loss: 1.3775  nu_loss: 10.9998
Step:  1060000  |  score: 107.48 ± 0.64  |  actor_loss: -4.6571  cost_loss: 1.3781  nu_loss: 10.8871
Step:  1070000  |  score: 107.12 ± 0.61  |  actor_loss: -4.2762  cost_loss: 1.3775  nu_loss: 10.8675
Step:  1080000  |  score: 103.57 ± 6.60  |  actor_loss: -4.3297  cost_loss: 1.3779  nu_loss: 10.6518
Step:  1090000  |  score: 106.47 ± 0.91  |  actor_loss: -4.3292  cost_loss: 1.3777  nu_loss: 10.7699
Step:  1100000  |  score: 107.64 ± 0.55  |  actor_loss: -4.3911  cost_loss: 1.3782  nu_loss: 10.5553
Step:  1110000  |  score: 107.08 ± 1.16  |  actor_loss: -3.8506  cost_loss: 1.3727  nu_loss: 10.9010
Step:  1120000  |  score: 106.49 ± 1.53  |  actor_loss: -4.5595  cost_loss: 1.3782  nu_loss: 10.8639
Step:  1130000  |  score: 106.54 ± 0.58  |  actor_loss: -3.8405  cost_loss: 1.3714  nu_loss: 10.8923
Step:  1140000  |  score: 102.23 ± 9.81  |  actor_loss: -4.3801  cost_loss: 1.3817  nu_loss: 10.8530
Step:  1150000  |  score: 107.45 ± 0.86  |  actor_loss: -4.1083  cost_loss: 1.3771  nu_loss: 10.7068
Step:  1160000  |  score: 98.93 ± 19.89  |  actor_loss: -4.6076  cost_loss: 1.3751  nu_loss: 10.5827
Step:  1170000  |  score: 106.86 ± 0.71  |  actor_loss: -3.7657  cost_loss: 1.3811  nu_loss: 11.1511
Step:  1180000  |  score: 107.07 ± 0.94  |  actor_loss: -4.2198  cost_loss: 1.3769  nu_loss: 10.5450
Step:  1190000  |  score: 107.34 ± 0.81  |  actor_loss: -4.5826  cost_loss: 1.3772  nu_loss: 10.9030
Step:  1200000  |  score: 106.89 ± 0.74  |  actor_loss: -4.5719  cost_loss: 1.3770  nu_loss: 10.7660
Step:  1210000  |  score: 106.68 ± 0.92  |  actor_loss: -4.4777  cost_loss: 1.3803  nu_loss: 10.9638
Step:  1220000  |  score: 106.88 ± 1.14  |  actor_loss: -4.1796  cost_loss: 1.3798  nu_loss: 10.8891
Step:  1230000  |  score: 100.29 ± 16.89  |  actor_loss: -4.2529  cost_loss: 1.3764  nu_loss: 10.8240
Step:  1240000  |  score: 106.92 ± 1.27  |  actor_loss: -4.1801  cost_loss: 1.3779  nu_loss: 10.9510
Step:  1250000  |  score: 106.81 ± 1.12  |  actor_loss: -4.2781  cost_loss: 1.3783  nu_loss: 11.0221
Step:  1260000  |  score: 107.14 ± 0.54  |  actor_loss: -4.2190  cost_loss: 1.3738  nu_loss: 10.6837
Step:  1270000  |  score: 107.77 ± 0.73  |  actor_loss: -4.1317  cost_loss: 1.3786  nu_loss: 10.7055
Step:  1280000  |  score: 83.32 ± 42.12  |  actor_loss: -3.9700  cost_loss: 1.3770  nu_loss: 11.1740
Step:  1290000  |  score: 107.09 ± 0.53  |  actor_loss: -4.0221  cost_loss: 1.3771  nu_loss: 10.9635
Step:  1300000  |  score: 106.31 ± 1.50  |  actor_loss: -3.9398  cost_loss: 1.3730  nu_loss: 10.9296
Step:  1310000  |  score: 106.72 ± 1.21  |  actor_loss: -4.0522  cost_loss: 1.3802  nu_loss: 11.0386
Step:  1320000  |  score: 107.02 ± 0.87  |  actor_loss: -3.8150  cost_loss: 1.3754  nu_loss: 11.0589
Step:  1330000  |  score: 106.86 ± 0.58  |  actor_loss: -4.4252  cost_loss: 1.3741  nu_loss: 11.2487
Step:  1340000  |  score: 107.00 ± 1.04  |  actor_loss: -4.0315  cost_loss: 1.3772  nu_loss: 10.7902
Step:  1350000  |  score: 95.92 ± 29.11  |  actor_loss: -4.0957  cost_loss: 1.3825  nu_loss: 10.7547
Step:  1360000  |  score: 96.47 ± 28.04  |  actor_loss: -4.2013  cost_loss: 1.3724  nu_loss: 10.6717
Step:  1370000  |  score: 102.20 ± 14.36  |  actor_loss: -3.9765  cost_loss: 1.3770  nu_loss: 11.0187
Step:  1380000  |  score: 107.33 ± 0.72  |  actor_loss: -3.9010  cost_loss: 1.3744  nu_loss: 11.0066
Step:  1390000  |  score: 87.05 ± 34.49  |  actor_loss: -4.4385  cost_loss: 1.3771  nu_loss: 10.7620
Step:  1400000  |  score: 95.54 ± 30.61  |  actor_loss: -4.4817  cost_loss: 1.3802  nu_loss: 10.8785
Step:  1410000  |  score: 86.01 ± 35.84  |  actor_loss: -3.9835  cost_loss: 1.3776  nu_loss: 10.9611
Step:  1420000  |  score: 85.56 ± 36.74  |  actor_loss: -4.0853  cost_loss: 1.3748  nu_loss: 10.8077
Step:  1430000  |  score: 97.97 ± 24.36  |  actor_loss: -4.1999  cost_loss: 1.3771  nu_loss: 10.8431
Step:  1440000  |  score: 96.07 ± 28.16  |  actor_loss: -3.7059  cost_loss: 1.3777  nu_loss: 11.0252
Step:  1450000  |  score: 105.74 ± 2.98  |  actor_loss: -4.4882  cost_loss: 1.3797  nu_loss: 10.3847
Step:  1460000  |  score: 106.47 ± 0.60  |  actor_loss: -4.0209  cost_loss: 1.3818  nu_loss: 10.6350
Step:  1470000  |  score: 107.19 ± 0.65  |  actor_loss: -4.1442  cost_loss: 1.3742  nu_loss: 10.5801
Step:  1480000  |  score: 96.65 ± 26.68  |  actor_loss: -4.2503  cost_loss: 1.3790  nu_loss: 11.1437
Step:  1490000  |  score: 97.81 ± 24.82  |  actor_loss: -4.4443  cost_loss: 1.3747  nu_loss: 11.1587
Step:  1500000  |  score: 96.56 ± 28.52  |  actor_loss: -4.7383  cost_loss: 1.3757  nu_loss: 10.2805
Step:  1510000  |  score: 106.09 ± 1.50  |  actor_loss: -3.8874  cost_loss: 1.3788  nu_loss: 10.8226
Step:  1520000  |  score: 97.25 ± 27.76  |  actor_loss: -4.2412  cost_loss: 1.3780  nu_loss: 10.8021
Step:  1530000  |  score: 107.69 ± 0.66  |  actor_loss: -4.3847  cost_loss: 1.3771  nu_loss: 11.1099
Step:  1540000  |  score: 107.19 ± 0.79  |  actor_loss: -4.3727  cost_loss: 1.3778  nu_loss: 10.9531
Step:  1550000  |  score: 101.67 ± 15.35  |  actor_loss: -4.2756  cost_loss: 1.3784  nu_loss: 10.8463
Step:  1560000  |  score: 98.31 ± 22.67  |  actor_loss: -4.4110  cost_loss: 1.3771  nu_loss: 10.7761
Step:  1570000  |  score: 107.59 ± 0.49  |  actor_loss: -4.6641  cost_loss: 1.3769  nu_loss: 10.8975
Step:  1580000  |  score: 106.57 ± 1.47  |  actor_loss: -4.3497  cost_loss: 1.3776  nu_loss: 10.7842
Step:  1590000  |  score: 96.51 ± 27.41  |  actor_loss: -4.5044  cost_loss: 1.3749  nu_loss: 10.7907
Step:  1600000  |  score: 104.31 ± 6.91  |  actor_loss: -4.6175  cost_loss: 1.3756  nu_loss: 10.7849
Step:  1610000  |  score: 106.69 ± 0.95  |  actor_loss: -4.0323  cost_loss: 1.3784  nu_loss: 11.0071
Step:  1620000  |  score: 107.68 ± 0.75  |  actor_loss: -4.2032  cost_loss: 1.3729  nu_loss: 10.7223
Step:  1630000  |  score: 95.57 ± 29.69  |  actor_loss: -4.3137  cost_loss: 1.3692  nu_loss: 10.7651
Step:  1640000  |  score: 107.27 ± 1.14  |  actor_loss: -4.9908  cost_loss: 1.3722  nu_loss: 10.8776
Step:  1650000  |  score: 106.64 ± 0.75  |  actor_loss: -4.5085  cost_loss: 1.3784  nu_loss: 10.6863
Step:  1660000  |  score: 106.53 ± 0.86  |  actor_loss: -4.2414  cost_loss: 1.3770  nu_loss: 10.8239
Step:  1670000  |  score: 107.57 ± 0.59  |  actor_loss: -4.4376  cost_loss: 1.3767  nu_loss: 11.0018
Step:  1680000  |  score: 102.02 ± 16.18  |  actor_loss: -4.0134  cost_loss: 1.3728  nu_loss: 10.7992
Step:  1690000  |  score: 97.30 ± 26.26  |  actor_loss: -4.1698  cost_loss: 1.3756  nu_loss: 10.7257
Step:  1700000  |  score: 106.30 ± 1.15  |  actor_loss: -4.2903  cost_loss: 1.3818  nu_loss: 10.7828
Step:  1710000  |  score: 99.43 ± 19.76  |  actor_loss: -4.3071  cost_loss: 1.3769  nu_loss: 10.7371
Step:  1720000  |  score: 107.57 ± 0.80  |  actor_loss: -4.6714  cost_loss: 1.3802  nu_loss: 10.9967
Step:  1730000  |  score: 106.61 ± 0.39  |  actor_loss: -3.9128  cost_loss: 1.3736  nu_loss: 10.8848
Step:  1740000  |  score: 107.16 ± 0.68  |  actor_loss: -4.5431  cost_loss: 1.3814  nu_loss: 10.9547
Step:  1750000  |  score: 106.59 ± 0.76  |  actor_loss: -4.2995  cost_loss: 1.3747  nu_loss: 10.8409
Step:  1760000  |  score: 106.60 ± 1.14  |  actor_loss: -4.3467  cost_loss: 1.3788  nu_loss: 10.8064
Step:  1770000  |  score: 96.53 ± 28.11  |  actor_loss: -4.0241  cost_loss: 1.3753  nu_loss: 10.9531
Step:  1780000  |  score: 95.38 ± 29.86  |  actor_loss: -4.4165  cost_loss: 1.3760  nu_loss: 10.6397
Step:  1790000  |  score: 106.30 ± 1.03  |  actor_loss: -4.1551  cost_loss: 1.3785  nu_loss: 11.3517
Step:  1800000  |  score: 106.58 ± 0.65  |  actor_loss: -3.5001  cost_loss: 1.3747  nu_loss: 11.0992
Step:  1810000  |  score: 100.48 ± 9.81  |  actor_loss: -4.3826  cost_loss: 1.3822  nu_loss: 10.7888
Step:  1820000  |  score: 107.04 ± 0.59  |  actor_loss: -4.6904  cost_loss: 1.3747  nu_loss: 10.7501
Step:  1830000  |  score: 106.55 ± 0.95  |  actor_loss: -4.1653  cost_loss: 1.3709  nu_loss: 10.8581
Step:  1840000  |  score: 96.12 ± 27.39  |  actor_loss: -4.3921  cost_loss: 1.3744  nu_loss: 10.7073
Step:  1850000  |  score: 107.49 ± 0.63  |  actor_loss: -4.2340  cost_loss: 1.3792  nu_loss: 10.4923
Step:  1860000  |  score: 107.81 ± 0.59  |  actor_loss: -4.3161  cost_loss: 1.3758  nu_loss: 10.6933
Step:  1870000  |  score: 95.16 ± 28.38  |  actor_loss: -3.9140  cost_loss: 1.3756  nu_loss: 10.6537
Step:  1880000  |  score: 107.75 ± 0.68  |  actor_loss: -4.4044  cost_loss: 1.3781  nu_loss: 11.0544
Step:  1890000  |  score: 106.68 ± 1.51  |  actor_loss: -4.1101  cost_loss: 1.3818  nu_loss: 10.9336
Step:  1900000  |  score: 106.40 ± 1.64  |  actor_loss: -4.3936  cost_loss: 1.3829  nu_loss: 10.7478
Step:  1910000  |  score: 107.19 ± 0.74  |  actor_loss: -4.1845  cost_loss: 1.3769  nu_loss: 11.3385
Step:  1920000  |  score: 107.29 ± 1.19  |  actor_loss: -4.2037  cost_loss: 1.3793  nu_loss: 10.9958
Step:  1930000  |  score: 106.94 ± 0.80  |  actor_loss: -4.0304  cost_loss: 1.3796  nu_loss: 11.0160
Step:  1940000  |  score: 105.47 ± 5.21  |  actor_loss: -3.9668  cost_loss: 1.3799  nu_loss: 10.9840
Step:  1950000  |  score: 106.72 ± 0.47  |  actor_loss: -4.2931  cost_loss: 1.3778  nu_loss: 11.0439
Step:  1960000  |  score: 107.12 ± 0.80  |  actor_loss: -4.0313  cost_loss: 1.3775  nu_loss: 11.1812
Step:  1970000  |  score: 104.24 ± 6.35  |  actor_loss: -4.0842  cost_loss: 1.3776  nu_loss: 10.8861
Step:  1980000  |  score: 107.13 ± 0.87  |  actor_loss: -4.4914  cost_loss: 1.3801  nu_loss: 10.7906
Step:  1990000  |  score: 106.60 ± 0.95  |  actor_loss: -4.0645  cost_loss: 1.3754  nu_loss: 10.7686
Step:  2000000  |  score: 106.56 ± 0.91  |  actor_loss: -4.0066  cost_loss: 1.3788  nu_loss: 10.7136
Final evaluation (13 iterations)...
Final score: 104.75 ± 11.14
wandb: WARNING Symlinked 1 file into the W&B run directory; call wandb.save again to sync new files.
wandb: uploading data; updating run metadata
wandb: uploading data
wandb: uploading data; uploading final_returns/demodice_walker2d-expert-v2_2026-03-18_15-16-02.npz; uploading output.log; uploading wandb-summary.json; uploading config.yaml
wandb: uploading data; uploading final_returns/demodice_walker2d-expert-v2_2026-03-18_15-16-02.npz; uploading output.log; uploading wandb-summary.json
wandb: uploading summary, console lines 214-215
wandb: 
wandb: Run history:
wandb:  actor_loss ▅▂▆▅█▄▄▇▄▇▃▄▃▅▄▄▅▅▂▂▃▃▁▂▂▄▄▅▆▂▃▃▅▃▅▁▃▅▅▅
wandb:   cost_loss ▇▅▄▇▅█▅█▅▄▆▄▇▆▇▆▃▆▅▇▄▆▇▅█▂▇▅▆▃▄▃▁▁▃▄▅▆▅▆
wandb:     nu_loss █▅▆▆▆▇▆▄▆▄▄▅▅▅▃▄▃▅▃▆▃▄▄▄▂▅▄▅▆▄▄▁▂▄▅▄█▃▄▄
wandb: num_updates ▁▁▁▁▁▂▂▂▂▂▃▃▃▃▃▄▄▄▄▄▅▅▅▅▆▆▆▆▆▇▇▇▇▇██████
wandb:      return ▁▃▇█▅███▆█▇▇██▆████████▆▄███▆█▆███▆█▆███
wandb:       score ▁▅▇▆▇▇█████▇████▇▇██▇███████▇▇▇▇▇██████▇
wandb:   score_std ▄█▇▁▁▆▁▁▁▅▁▁▂▆▁▁▁▁▁▁▁▁▁▁▁▆▄▆▇▁▅▆▆▁▄▁▆▆▁▁
wandb: 
wandb: Run summary:
wandb:  actor_loss -4.00661
wandb:   cost_loss 1.37879
wandb:     nu_loss 10.71362
wandb: num_updates 2000000
wandb:      return 4893.35698
wandb:       score 106.55802
wandb:   score_std 0.91162
wandb: 
wandb: 🚀 View run demodice_walker2d_M2_s2 at: https://wandb.ai/wsk208/DemoDICE/runs/b2xw0nyl
wandb: ⭐️ View project at: https://wandb.ai/wsk208/DemoDICE
wandb: Synced 5 W&B file(s), 0 media file(s), 0 artifact file(s) and 1 other file(s)
wandb: Find logs at: ./wandb/run-20260318_144847-b2xw0nyl/logs
