Warning: All of online environments libraries in D4RL have been moved ]8;;https://github.com/Farama-Foundation/Gymnasium\Gymnasium]8;;\, ]8;;https://github.com/Farama-Foundation/MiniGrid\MiniGrid]8;;\ and ]8;;https://github.com/Farama-Foundation/Gymnasium-Robotics\Gymnasium-Robotics]8;;\, and all offline datasets in D4RL have been moved to ]8;;https://github.com/Farama-Foundation/Minari\Minari]8;;\.
These new versions include large bug fixes, new versions of Python, and are where all new development will continue. Please upgrade these libraries as soon as you're able to do so.
If you'd like to read more about the story behind this switch, please check out ]8;;https://farama.org/Announcing-Minari\this blog post]8;;\.
Gym has been unmaintained since 2022 and does not support NumPy 2.0 amongst other critical functionality.
Please upgrade to Gymnasium, the maintained drop-in replacement of Gym, or contact the authors of your software and request that they upgrade.
See the migration guide at https://gymnasium.farama.org/introduction/migration_guide/ for additional information.
/opt/venv/lib/python3.10/site-packages/Cython/Distutils/old_build_ext.py:15: DeprecationWarning: dep_util is Deprecated. Use functions from setuptools instead.
  from distutils.dep_util import newer, newer_group
<frozen importlib._bootstrap>:283: DeprecationWarning: the load_module() method is deprecated and slated for removal in Python 3.12; use exec_module() instead
pybullet build time: Jan 29 2025 23:16:28
wandb: [wandb.login()] Loaded credentials for https://api.wandb.ai from /root/.netrc.
wandb: Currently logged in as: wsk208 (roidice) to https://api.wandb.ai. Use `wandb login --relogin` to force relogin
/opt/venv/lib/python3.10/site-packages/wandb/analytics/sentry.py:268: DeprecationWarning: Read the `app_url` setting from the appropriate Settings object.
  app_url = wandb.util.app_url(tags["base_url"])  # type: ignore[index]
/opt/venv/lib/python3.10/site-packages/wandb/analytics/sentry.py:279: DeprecationWarning: The `Scope.user` setter is deprecated in favor of `Scope.set_user()`.
  self.scope.user = {"email": email}
wandb: setting up run qu6kb03e
/opt/venv/lib/python3.10/site-packages/wandb/analytics/sentry.py:268: DeprecationWarning: Read the `app_url` setting from the appropriate Settings object.
  app_url = wandb.util.app_url(tags["base_url"])  # type: ignore[index]
/opt/venv/lib/python3.10/site-packages/wandb/analytics/sentry.py:279: DeprecationWarning: The `Scope.user` setter is deprecated in favor of `Scope.set_user()`.
  self.scope.user = {"email": email}
wandb: Tracking run with wandb version 0.25.1
wandb: Run data is saved locally in /app/wandb/run-20260318_074423-qu6kb03e
wandb: Run `wandb offline` to turn off syncing.
wandb: Syncing run demodice_hopper_M1_s4
wandb: ⭐️ View project at https://wandb.ai/wsk208/DemoDICE
wandb: 🚀 View run at https://wandb.ai/wsk208/DemoDICE/runs/qu6kb03e
/opt/venv/lib/python3.10/site-packages/gym/spaces/box.py:84: UserWarning: [33mWARN: Box bound precision lowered by casting to float32[0m
  logger.warn(f"Box bound precision lowered by casting to {self.dtype}")
load datafile:   0%|          | 0/21 [00:00<?, ?it/s]load datafile:  10%|▉         | 2/21 [00:00<00:01, 17.76it/s]load datafile:  19%|█▉        | 4/21 [00:00<00:02,  5.94it/s]load datafile:  81%|████████  | 17/21 [00:00<00:00, 21.70it/s]load datafile:  95%|█████████▌| 20/21 [00:01<00:00, 16.71it/s]load datafile: 100%|██████████| 21/21 [00:01<00:00, 16.86it/s]
Expert  :  999061 transitions  (hopper-expert-v2, 400 traj)
load datafile:   0%|          | 0/9 [00:00<?, ?it/s]load datafile:  33%|███▎      | 3/9 [00:00<00:00,  8.81it/s]load datafile:  44%|████▍     | 4/9 [00:00<00:00,  6.40it/s]load datafile:  56%|█████▌    | 5/9 [00:00<00:00,  4.88it/s]load datafile:  67%|██████▋   | 6/9 [00:01<00:00,  4.22it/s]load datafile: 100%|██████████| 9/9 [00:01<00:00,  7.30it/s]
Imperfect:    2154 transitions  (hopper-random-v2, 100 traj)
Union   : 1001215 transitions total
/root/.local/share/uv/python/cpython-3.10-linux-x86_64-gnu/lib/python3.10/multiprocessing/popen_fork.py:66: RuntimeWarning: os.fork() was called. os.fork() is incompatible with multithreaded code, and JAX is multithreaded, so this will likely lead to a deadlock.
  self.pid = os.fork()
/opt/venv/lib/python3.10/site-packages/tensorflow_probability/python/internal/backend/jax/ops.py:681: DeprecationWarning: jax.interpreters.xla.pytype_aval_mappings is deprecated.
  jax.interpreters.xla.pytype_aval_mappings[onp.ndarray])
/opt/venv/lib/python3.10/site-packages/gym/spaces/box.py:84: UserWarning: [33mWARN: Box bound precision lowered by casting to float32[0m
  logger.warn(f"Box bound precision lowered by casting to {self.dtype}")
Step:    10000  |  score: 7.30 ± 9.60  |  actor_loss: -0.3610  cost_loss: 1.3858  nu_loss: 11.6336
Step:    20000  |  score: 9.72 ± 10.88  |  actor_loss: -0.6875  cost_loss: 1.3844  nu_loss: 11.6121
Step:    30000  |  score: 33.07 ± 21.44  |  actor_loss: -0.9619  cost_loss: 1.3808  nu_loss: 11.6116
Step:    40000  |  score: 21.86 ± 8.36  |  actor_loss: -1.3482  cost_loss: 1.3825  nu_loss: 11.5250
Step:    50000  |  score: 15.79 ± 7.06  |  actor_loss: -0.9622  cost_loss: 1.3842  nu_loss: 11.4883
Step:    60000  |  score: 25.39 ± 13.34  |  actor_loss: -1.0753  cost_loss: 1.3810  nu_loss: 11.5074
Step:    70000  |  score: 19.94 ± 15.47  |  actor_loss: -1.2321  cost_loss: 1.3813  nu_loss: 11.4479
Step:    80000  |  score: 30.67 ± 13.74  |  actor_loss: -1.2078  cost_loss: 1.3817  nu_loss: 11.3916
Step:    90000  |  score: 27.32 ± 9.20  |  actor_loss: -1.3680  cost_loss: 1.3824  nu_loss: 11.6159
Step:   100000  |  score: 23.64 ± 17.06  |  actor_loss: -1.1650  cost_loss: 1.3821  nu_loss: 11.4994
Step:   110000  |  score: 22.95 ± 14.36  |  actor_loss: -1.3117  cost_loss: 1.3803  nu_loss: 11.4285
Step:   120000  |  score: 20.18 ± 16.24  |  actor_loss: -1.5295  cost_loss: 1.3810  nu_loss: 11.2181
Step:   130000  |  score: 22.54 ± 13.60  |  actor_loss: -1.1589  cost_loss: 1.3824  nu_loss: 11.4748
Step:   140000  |  score: 33.68 ± 20.81  |  actor_loss: -1.6019  cost_loss: 1.3838  nu_loss: 11.0442
Step:   150000  |  score: 14.90 ± 9.17  |  actor_loss: -1.2231  cost_loss: 1.3815  nu_loss: 11.2796
Step:   160000  |  score: 40.37 ± 30.44  |  actor_loss: -1.0088  cost_loss: 1.3808  nu_loss: 11.0727
Step:   170000  |  score: 25.53 ± 9.85  |  actor_loss: -1.5470  cost_loss: 1.3811  nu_loss: 11.2619
Step:   180000  |  score: 32.22 ± 27.05  |  actor_loss: -1.3782  cost_loss: 1.3811  nu_loss: 11.2583
Step:   190000  |  score: 42.86 ± 15.28  |  actor_loss: -1.2140  cost_loss: 1.3812  nu_loss: 11.2402
Step:   200000  |  score: 32.05 ± 18.43  |  actor_loss: -1.6325  cost_loss: 1.3832  nu_loss: 11.0973
Step:   210000  |  score: 24.77 ± 12.55  |  actor_loss: -1.4154  cost_loss: 1.3806  nu_loss: 10.9914
Step:   220000  |  score: 38.87 ± 28.02  |  actor_loss: -1.5333  cost_loss: 1.3802  nu_loss: 11.2551
Step:   230000  |  score: 44.52 ± 21.89  |  actor_loss: -1.3243  cost_loss: 1.3832  nu_loss: 11.2591
Step:   240000  |  score: 39.38 ± 32.22  |  actor_loss: -1.4697  cost_loss: 1.3841  nu_loss: 11.1939
Step:   250000  |  score: 41.24 ± 19.21  |  actor_loss: -1.4576  cost_loss: 1.3807  nu_loss: 11.0589
Step:   260000  |  score: 34.11 ± 19.98  |  actor_loss: -1.5562  cost_loss: 1.3823  nu_loss: 11.4375
Step:   270000  |  score: 48.08 ± 29.59  |  actor_loss: -1.3605  cost_loss: 1.3809  nu_loss: 10.8021
Step:   280000  |  score: 31.79 ± 17.68  |  actor_loss: -1.6819  cost_loss: 1.3828  nu_loss: 11.1528
Step:   290000  |  score: 41.70 ± 24.08  |  actor_loss: -1.3658  cost_loss: 1.3809  nu_loss: 11.3368
Step:   300000  |  score: 55.48 ± 33.17  |  actor_loss: -1.2514  cost_loss: 1.3799  nu_loss: 11.0103
Step:   310000  |  score: 25.03 ± 15.59  |  actor_loss: -1.4842  cost_loss: 1.3808  nu_loss: 11.2406
Step:   320000  |  score: 36.30 ± 11.27  |  actor_loss: -1.1646  cost_loss: 1.3787  nu_loss: 11.1975
Step:   330000  |  score: 44.07 ± 28.72  |  actor_loss: -1.3352  cost_loss: 1.3821  nu_loss: 11.0505
Step:   340000  |  score: 44.95 ± 36.36  |  actor_loss: -1.5368  cost_loss: 1.3823  nu_loss: 11.0325
Step:   350000  |  score: 25.17 ± 8.93  |  actor_loss: -1.5988  cost_loss: 1.3817  nu_loss: 11.2003
Step:   360000  |  score: 35.63 ± 10.82  |  actor_loss: -1.5135  cost_loss: 1.3806  nu_loss: 10.9500
Step:   370000  |  score: 33.63 ± 14.06  |  actor_loss: -1.6495  cost_loss: 1.3810  nu_loss: 10.7804
Step:   380000  |  score: 46.47 ± 28.85  |  actor_loss: -1.4568  cost_loss: 1.3795  nu_loss: 11.0323
Step:   390000  |  score: 40.52 ± 25.15  |  actor_loss: -1.3302  cost_loss: 1.3826  nu_loss: 11.1933
Step:   400000  |  score: 49.12 ± 36.54  |  actor_loss: -1.6270  cost_loss: 1.3826  nu_loss: 11.1092
Step:   410000  |  score: 54.39 ± 27.52  |  actor_loss: -1.4519  cost_loss: 1.3825  nu_loss: 10.9870
Step:   420000  |  score: 52.35 ± 30.88  |  actor_loss: -1.6521  cost_loss: 1.3815  nu_loss: 11.1652
Step:   430000  |  score: 47.28 ± 31.66  |  actor_loss: -1.5546  cost_loss: 1.3815  nu_loss: 11.2131
Step:   440000  |  score: 38.19 ± 32.80  |  actor_loss: -1.5641  cost_loss: 1.3822  nu_loss: 11.2006
Step:   450000  |  score: 46.75 ± 26.28  |  actor_loss: -1.5297  cost_loss: 1.3828  nu_loss: 11.3850
Step:   460000  |  score: 53.94 ± 29.56  |  actor_loss: -1.5699  cost_loss: 1.3804  nu_loss: 11.2972
Step:   470000  |  score: 36.25 ± 21.78  |  actor_loss: -1.3148  cost_loss: 1.3819  nu_loss: 11.1872
Step:   480000  |  score: 48.80 ± 30.09  |  actor_loss: -1.3222  cost_loss: 1.3809  nu_loss: 11.1955
Step:   490000  |  score: 39.04 ± 21.71  |  actor_loss: -1.6071  cost_loss: 1.3814  nu_loss: 11.1685
Step:   500000  |  score: 43.95 ± 23.82  |  actor_loss: -1.4545  cost_loss: 1.3822  nu_loss: 11.2228
Step:   510000  |  score: 54.36 ± 25.89  |  actor_loss: -1.5091  cost_loss: 1.3811  nu_loss: 10.8198
Step:   520000  |  score: 46.38 ± 31.56  |  actor_loss: -1.6877  cost_loss: 1.3830  nu_loss: 10.9810
Step:   530000  |  score: 38.24 ± 18.69  |  actor_loss: -1.7856  cost_loss: 1.3825  nu_loss: 10.9591
Step:   540000  |  score: 37.60 ± 17.65  |  actor_loss: -1.4504  cost_loss: 1.3795  nu_loss: 11.3483
Step:   550000  |  score: 60.12 ± 31.21  |  actor_loss: -1.4236  cost_loss: 1.3804  nu_loss: 11.3118
Step:   560000  |  score: 46.11 ± 33.67  |  actor_loss: -1.5371  cost_loss: 1.3814  nu_loss: 11.1075
Step:   570000  |  score: 35.28 ± 13.87  |  actor_loss: -1.6543  cost_loss: 1.3792  nu_loss: 11.2821
Step:   580000  |  score: 43.73 ± 29.14  |  actor_loss: -1.4507  cost_loss: 1.3820  nu_loss: 11.1607
Step:   590000  |  score: 46.52 ± 21.03  |  actor_loss: -1.4965  cost_loss: 1.3817  nu_loss: 11.0838
Step:   600000  |  score: 45.97 ± 16.53  |  actor_loss: -1.3795  cost_loss: 1.3822  nu_loss: 11.2680
Step:   610000  |  score: 29.19 ± 24.99  |  actor_loss: -1.4134  cost_loss: 1.3828  nu_loss: 11.2059
Step:   620000  |  score: 39.82 ± 23.27  |  actor_loss: -1.4377  cost_loss: 1.3821  nu_loss: 11.1559
Step:   630000  |  score: 40.34 ± 18.15  |  actor_loss: -1.0737  cost_loss: 1.3816  nu_loss: 11.1915
Step:   640000  |  score: 56.78 ± 31.79  |  actor_loss: -1.0712  cost_loss: 1.3804  nu_loss: 11.0682
Step:   650000  |  score: 51.46 ± 31.68  |  actor_loss: -1.4119  cost_loss: 1.3802  nu_loss: 11.1368
Step:   660000  |  score: 48.62 ± 25.88  |  actor_loss: -1.1152  cost_loss: 1.3812  nu_loss: 11.2520
Step:   670000  |  score: 55.48 ± 43.03  |  actor_loss: -1.6446  cost_loss: 1.3824  nu_loss: 11.3413
Step:   680000  |  score: 41.45 ± 23.62  |  actor_loss: -1.5871  cost_loss: 1.3818  nu_loss: 11.1500
Step:   690000  |  score: 51.53 ± 24.42  |  actor_loss: -1.8400  cost_loss: 1.3837  nu_loss: 11.3597
Step:   700000  |  score: 35.87 ± 23.78  |  actor_loss: -1.6176  cost_loss: 1.3831  nu_loss: 11.0071
Step:   710000  |  score: 67.35 ± 39.17  |  actor_loss: -1.7469  cost_loss: 1.3831  nu_loss: 11.2687
Step:   720000  |  score: 49.12 ± 26.81  |  actor_loss: -1.2468  cost_loss: 1.3794  nu_loss: 11.1596
Step:   730000  |  score: 49.89 ± 38.66  |  actor_loss: -1.4891  cost_loss: 1.3807  nu_loss: 11.2462
Step:   740000  |  score: 64.08 ± 32.24  |  actor_loss: -1.3701  cost_loss: 1.3811  nu_loss: 11.2180
Step:   750000  |  score: 45.27 ± 31.73  |  actor_loss: -1.6880  cost_loss: 1.3828  nu_loss: 10.6590
Step:   760000  |  score: 49.10 ± 17.15  |  actor_loss: -1.8952  cost_loss: 1.3811  nu_loss: 11.2415
Step:   770000  |  score: 31.43 ± 30.77  |  actor_loss: -1.5662  cost_loss: 1.3826  nu_loss: 11.2518
Step:   780000  |  score: 37.43 ± 21.73  |  actor_loss: -1.7841  cost_loss: 1.3813  nu_loss: 11.2817
Step:   790000  |  score: 79.30 ± 45.07  |  actor_loss: -1.6294  cost_loss: 1.3816  nu_loss: 10.9840
Step:   800000  |  score: 56.21 ± 30.75  |  actor_loss: -1.4223  cost_loss: 1.3786  nu_loss: 11.1791
Step:   810000  |  score: 28.80 ± 16.12  |  actor_loss: -1.5947  cost_loss: 1.3779  nu_loss: 11.2195
Step:   820000  |  score: 57.74 ± 32.46  |  actor_loss: -1.7149  cost_loss: 1.3817  nu_loss: 11.0478
Step:   830000  |  score: 50.44 ± 34.29  |  actor_loss: -1.4066  cost_loss: 1.3826  nu_loss: 11.1166
Step:   840000  |  score: 35.15 ± 16.66  |  actor_loss: -1.9449  cost_loss: 1.3824  nu_loss: 11.1695
Step:   850000  |  score: 68.49 ± 20.93  |  actor_loss: -1.4791  cost_loss: 1.3809  nu_loss: 11.1978
Step:   860000  |  score: 74.93 ± 39.95  |  actor_loss: -1.5068  cost_loss: 1.3820  nu_loss: 11.0139
Step:   870000  |  score: 68.66 ± 25.67  |  actor_loss: -1.5438  cost_loss: 1.3806  nu_loss: 11.3170
Step:   880000  |  score: 46.09 ± 23.93  |  actor_loss: -1.5136  cost_loss: 1.3812  nu_loss: 11.2233
Step:   890000  |  score: 67.68 ± 36.18  |  actor_loss: -1.6202  cost_loss: 1.3797  nu_loss: 11.0251
Step:   900000  |  score: 36.54 ± 25.34  |  actor_loss: -1.7871  cost_loss: 1.3819  nu_loss: 11.1285
Step:   910000  |  score: 32.62 ± 32.35  |  actor_loss: -1.5935  cost_loss: 1.3797  nu_loss: 10.9233
Step:   920000  |  score: 59.17 ± 25.89  |  actor_loss: -1.5188  cost_loss: 1.3827  nu_loss: 10.8109
Step:   930000  |  score: 65.01 ± 26.59  |  actor_loss: -1.7314  cost_loss: 1.3791  nu_loss: 11.2258
Step:   940000  |  score: 53.63 ± 23.37  |  actor_loss: -1.6912  cost_loss: 1.3807  nu_loss: 11.2354
Step:   950000  |  score: 51.87 ± 25.84  |  actor_loss: -1.7764  cost_loss: 1.3829  nu_loss: 11.1979
Step:   960000  |  score: 31.15 ± 20.40  |  actor_loss: -1.6752  cost_loss: 1.3812  nu_loss: 11.1928
Step:   970000  |  score: 45.75 ± 21.48  |  actor_loss: -1.6178  cost_loss: 1.3817  nu_loss: 11.0530
Step:   980000  |  score: 45.05 ± 28.36  |  actor_loss: -1.5692  cost_loss: 1.3819  nu_loss: 10.9369
Step:   990000  |  score: 55.95 ± 34.74  |  actor_loss: -1.2495  cost_loss: 1.3817  nu_loss: 11.2253
Step:  1000000  |  score: 49.17 ± 40.21  |  actor_loss: -1.9731  cost_loss: 1.3789  nu_loss: 10.9968
Step:  1010000  |  score: 52.29 ± 20.35  |  actor_loss: -1.6035  cost_loss: 1.3820  nu_loss: 11.0915
Step:  1020000  |  score: 68.23 ± 36.74  |  actor_loss: -1.7340  cost_loss: 1.3813  nu_loss: 11.1788
Step:  1030000  |  score: 43.89 ± 21.57  |  actor_loss: -1.6505  cost_loss: 1.3808  nu_loss: 10.8943
Step:  1040000  |  score: 55.28 ± 27.41  |  actor_loss: -1.7353  cost_loss: 1.3799  nu_loss: 11.2313
Step:  1050000  |  score: 47.59 ± 37.18  |  actor_loss: -1.6886  cost_loss: 1.3817  nu_loss: 11.0444
Step:  1060000  |  score: 59.46 ± 28.41  |  actor_loss: -1.5172  cost_loss: 1.3804  nu_loss: 11.2096
Step:  1070000  |  score: 43.46 ± 30.42  |  actor_loss: -1.6108  cost_loss: 1.3818  nu_loss: 11.1235
Step:  1080000  |  score: 52.65 ± 28.68  |  actor_loss: -1.4570  cost_loss: 1.3804  nu_loss: 11.1604
Step:  1090000  |  score: 76.92 ± 32.35  |  actor_loss: -1.4784  cost_loss: 1.3807  nu_loss: 11.2994
Step:  1100000  |  score: 42.66 ± 16.71  |  actor_loss: -1.4311  cost_loss: 1.3799  nu_loss: 11.2421
Step:  1110000  |  score: 76.47 ± 28.06  |  actor_loss: -1.8353  cost_loss: 1.3809  nu_loss: 10.9404
Step:  1120000  |  score: 56.32 ± 20.88  |  actor_loss: -1.7640  cost_loss: 1.3800  nu_loss: 11.3709
Step:  1130000  |  score: 44.73 ± 32.76  |  actor_loss: -1.5323  cost_loss: 1.3812  nu_loss: 11.2388
Step:  1140000  |  score: 55.28 ± 26.73  |  actor_loss: -1.5797  cost_loss: 1.3822  nu_loss: 11.2310
Step:  1150000  |  score: 49.11 ± 19.92  |  actor_loss: -1.8201  cost_loss: 1.3829  nu_loss: 10.9670
Step:  1160000  |  score: 69.77 ± 31.29  |  actor_loss: -1.5857  cost_loss: 1.3831  nu_loss: 11.0574
Step:  1170000  |  score: 89.06 ± 19.82  |  actor_loss: -1.5868  cost_loss: 1.3820  nu_loss: 10.9993
Step:  1180000  |  score: 40.73 ± 26.00  |  actor_loss: -1.5774  cost_loss: 1.3825  nu_loss: 11.3018
Step:  1190000  |  score: 56.45 ± 26.22  |  actor_loss: -1.7336  cost_loss: 1.3824  nu_loss: 11.1024
Step:  1200000  |  score: 39.02 ± 13.46  |  actor_loss: -1.6167  cost_loss: 1.3820  nu_loss: 11.1515
Step:  1210000  |  score: 61.72 ± 31.60  |  actor_loss: -1.5720  cost_loss: 1.3819  nu_loss: 11.2753
Step:  1220000  |  score: 68.59 ± 27.99  |  actor_loss: -1.2005  cost_loss: 1.3807  nu_loss: 11.1843
Step:  1230000  |  score: 48.24 ± 29.50  |  actor_loss: -1.6729  cost_loss: 1.3811  nu_loss: 11.1698
Step:  1240000  |  score: 83.23 ± 25.18  |  actor_loss: -1.6290  cost_loss: 1.3803  nu_loss: 11.2835
Step:  1250000  |  score: 55.68 ± 34.76  |  actor_loss: -1.2155  cost_loss: 1.3815  nu_loss: 11.2645
Step:  1260000  |  score: 68.66 ± 33.94  |  actor_loss: -1.4726  cost_loss: 1.3814  nu_loss: 11.1797
Step:  1270000  |  score: 37.78 ± 24.02  |  actor_loss: -1.9081  cost_loss: 1.3827  nu_loss: 11.2769
Step:  1280000  |  score: 60.06 ± 35.41  |  actor_loss: -1.4726  cost_loss: 1.3816  nu_loss: 10.9155
Step:  1290000  |  score: 36.17 ± 32.72  |  actor_loss: -1.3053  cost_loss: 1.3803  nu_loss: 11.1978
Step:  1300000  |  score: 71.73 ± 33.15  |  actor_loss: -1.7432  cost_loss: 1.3829  nu_loss: 11.3052
Step:  1310000  |  score: 37.59 ± 16.29  |  actor_loss: -1.7834  cost_loss: 1.3817  nu_loss: 11.3076
Step:  1320000  |  score: 40.26 ± 18.82  |  actor_loss: -1.3929  cost_loss: 1.3811  nu_loss: 11.0676
Step:  1330000  |  score: 44.77 ± 29.25  |  actor_loss: -1.5905  cost_loss: 1.3823  nu_loss: 11.0188
Step:  1340000  |  score: 53.29 ± 29.10  |  actor_loss: -1.6267  cost_loss: 1.3796  nu_loss: 11.1661
Step:  1350000  |  score: 49.11 ± 27.93  |  actor_loss: -1.6998  cost_loss: 1.3826  nu_loss: 11.0990
Step:  1360000  |  score: 69.71 ± 37.11  |  actor_loss: -1.4130  cost_loss: 1.3811  nu_loss: 10.9674
Step:  1370000  |  score: 66.79 ± 35.82  |  actor_loss: -1.5605  cost_loss: 1.3806  nu_loss: 11.0169
Step:  1380000  |  score: 47.07 ± 36.86  |  actor_loss: -1.6421  cost_loss: 1.3817  nu_loss: 11.0542
Step:  1390000  |  score: 56.97 ± 34.56  |  actor_loss: -1.7951  cost_loss: 1.3817  nu_loss: 11.0087
Step:  1400000  |  score: 74.82 ± 39.78  |  actor_loss: -1.5201  cost_loss: 1.3801  nu_loss: 11.2071
Step:  1410000  |  score: 72.18 ± 44.60  |  actor_loss: -1.8300  cost_loss: 1.3826  nu_loss: 11.2513
Step:  1420000  |  score: 80.66 ± 36.07  |  actor_loss: -1.6060  cost_loss: 1.3795  nu_loss: 10.8863
Step:  1430000  |  score: 55.36 ± 30.65  |  actor_loss: -1.4904  cost_loss: 1.3830  nu_loss: 11.0348
Step:  1440000  |  score: 62.62 ± 26.94  |  actor_loss: -1.9586  cost_loss: 1.3822  nu_loss: 11.2501
Step:  1450000  |  score: 74.50 ± 32.95  |  actor_loss: -1.8372  cost_loss: 1.3827  nu_loss: 10.9364
Step:  1460000  |  score: 24.44 ± 9.94  |  actor_loss: -1.4924  cost_loss: 1.3806  nu_loss: 11.3543
Step:  1470000  |  score: 67.71 ± 34.92  |  actor_loss: -1.6552  cost_loss: 1.3803  nu_loss: 11.1508
Step:  1480000  |  score: 39.85 ± 28.27  |  actor_loss: -1.6359  cost_loss: 1.3816  nu_loss: 11.0521
Step:  1490000  |  score: 55.90 ± 35.42  |  actor_loss: -1.4036  cost_loss: 1.3830  nu_loss: 11.2372
Step:  1500000  |  score: 41.00 ± 22.08  |  actor_loss: -1.7209  cost_loss: 1.3766  nu_loss: 11.4377
Step:  1510000  |  score: 69.00 ± 36.23  |  actor_loss: -1.6358  cost_loss: 1.3821  nu_loss: 11.0269
Step:  1520000  |  score: 41.07 ± 22.92  |  actor_loss: -1.7942  cost_loss: 1.3818  nu_loss: 11.1342
Step:  1530000  |  score: 43.79 ± 28.27  |  actor_loss: -1.7632  cost_loss: 1.3816  nu_loss: 11.2266
Step:  1540000  |  score: 72.04 ± 32.82  |  actor_loss: -1.3914  cost_loss: 1.3826  nu_loss: 11.0196
Step:  1550000  |  score: 57.50 ± 25.34  |  actor_loss: -1.8509  cost_loss: 1.3832  nu_loss: 11.0134
Step:  1560000  |  score: 48.91 ± 30.60  |  actor_loss: -1.6053  cost_loss: 1.3818  nu_loss: 11.1594
Step:  1570000  |  score: 48.76 ± 34.92  |  actor_loss: -1.9261  cost_loss: 1.3811  nu_loss: 11.0184
Step:  1580000  |  score: 68.03 ± 42.24  |  actor_loss: -1.5199  cost_loss: 1.3822  nu_loss: 11.0735
Step:  1590000  |  score: 63.26 ± 29.51  |  actor_loss: -1.4474  cost_loss: 1.3804  nu_loss: 11.1004
Step:  1600000  |  score: 33.72 ± 22.74  |  actor_loss: -1.7067  cost_loss: 1.3814  nu_loss: 11.1191
Step:  1610000  |  score: 74.91 ± 33.21  |  actor_loss: -1.7049  cost_loss: 1.3828  nu_loss: 11.0890
Step:  1620000  |  score: 64.06 ± 31.49  |  actor_loss: -1.8621  cost_loss: 1.3821  nu_loss: 10.8625
Step:  1630000  |  score: 81.52 ± 31.08  |  actor_loss: -1.6563  cost_loss: 1.3819  nu_loss: 11.3145
Step:  1640000  |  score: 51.93 ± 32.66  |  actor_loss: -1.4364  cost_loss: 1.3788  nu_loss: 11.1202
Step:  1650000  |  score: 69.85 ± 29.47  |  actor_loss: -1.5228  cost_loss: 1.3823  nu_loss: 11.1707
Step:  1660000  |  score: 75.79 ± 20.72  |  actor_loss: -1.8710  cost_loss: 1.3835  nu_loss: 11.2965
Step:  1670000  |  score: 56.77 ± 29.25  |  actor_loss: -1.7747  cost_loss: 1.3821  nu_loss: 11.0776
Step:  1680000  |  score: 55.78 ± 30.00  |  actor_loss: -1.8550  cost_loss: 1.3821  nu_loss: 11.3125
Step:  1690000  |  score: 92.10 ± 26.30  |  actor_loss: -1.7750  cost_loss: 1.3824  nu_loss: 11.0631
Step:  1700000  |  score: 56.15 ± 37.69  |  actor_loss: -1.8348  cost_loss: 1.3812  nu_loss: 11.0847
Step:  1710000  |  score: 47.41 ± 25.10  |  actor_loss: -1.6933  cost_loss: 1.3819  nu_loss: 10.9944
Step:  1720000  |  score: 88.34 ± 25.00  |  actor_loss: -1.7731  cost_loss: 1.3812  nu_loss: 10.9379
Step:  1730000  |  score: 35.69 ± 30.21  |  actor_loss: -1.5077  cost_loss: 1.3813  nu_loss: 11.3533
Step:  1740000  |  score: 67.62 ± 36.27  |  actor_loss: -1.8914  cost_loss: 1.3822  nu_loss: 11.1848
Step:  1750000  |  score: 37.59 ± 23.19  |  actor_loss: -1.6024  cost_loss: 1.3805  nu_loss: 10.9236
Step:  1760000  |  score: 65.49 ± 36.33  |  actor_loss: -1.7889  cost_loss: 1.3817  nu_loss: 11.1001
Step:  1770000  |  score: 68.09 ± 39.28  |  actor_loss: -1.7327  cost_loss: 1.3825  nu_loss: 11.1028
Step:  1780000  |  score: 73.94 ± 37.25  |  actor_loss: -1.7268  cost_loss: 1.3817  nu_loss: 11.1074
Step:  1790000  |  score: 70.80 ± 33.09  |  actor_loss: -2.0233  cost_loss: 1.3798  nu_loss: 10.9479
Step:  1800000  |  score: 38.60 ± 28.30  |  actor_loss: -1.5546  cost_loss: 1.3831  nu_loss: 10.9326
Step:  1810000  |  score: 76.71 ± 33.35  |  actor_loss: -1.4549  cost_loss: 1.3820  nu_loss: 11.1732
Step:  1820000  |  score: 47.16 ± 27.35  |  actor_loss: -1.6218  cost_loss: 1.3831  nu_loss: 10.8579
Step:  1830000  |  score: 63.25 ± 37.46  |  actor_loss: -1.4366  cost_loss: 1.3803  nu_loss: 10.9798
Step:  1840000  |  score: 66.68 ± 36.26  |  actor_loss: -1.7098  cost_loss: 1.3820  nu_loss: 11.1889
Step:  1850000  |  score: 57.44 ± 15.37  |  actor_loss: -1.9043  cost_loss: 1.3822  nu_loss: 10.6706
Step:  1860000  |  score: 50.42 ± 30.33  |  actor_loss: -1.5330  cost_loss: 1.3827  nu_loss: 10.9531
Step:  1870000  |  score: 45.65 ± 24.13  |  actor_loss: -1.9550  cost_loss: 1.3821  nu_loss: 11.0965
Step:  1880000  |  score: 55.92 ± 24.75  |  actor_loss: -1.6716  cost_loss: 1.3831  nu_loss: 11.0394
Step:  1890000  |  score: 65.73 ± 27.32  |  actor_loss: -1.5765  cost_loss: 1.3824  nu_loss: 11.0392
Step:  1900000  |  score: 48.63 ± 28.77  |  actor_loss: -1.3397  cost_loss: 1.3810  nu_loss: 11.1439
Step:  1910000  |  score: 83.07 ± 35.42  |  actor_loss: -1.5049  cost_loss: 1.3759  nu_loss: 10.8657
Step:  1920000  |  score: 70.31 ± 34.82  |  actor_loss: -1.7128  cost_loss: 1.3822  nu_loss: 11.0433
Step:  1930000  |  score: 52.43 ± 29.92  |  actor_loss: -1.7293  cost_loss: 1.3816  nu_loss: 11.1653
Step:  1940000  |  score: 62.99 ± 25.22  |  actor_loss: -1.7342  cost_loss: 1.3807  nu_loss: 11.0925
Step:  1950000  |  score: 50.17 ± 31.41  |  actor_loss: -1.2643  cost_loss: 1.3790  nu_loss: 10.8568
Step:  1960000  |  score: 39.49 ± 15.15  |  actor_loss: -1.6347  cost_loss: 1.3798  nu_loss: 11.0557
Step:  1970000  |  score: 60.75 ± 29.45  |  actor_loss: -1.5379  cost_loss: 1.3818  nu_loss: 11.1553
Step:  1980000  |  score: 67.09 ± 32.05  |  actor_loss: -1.7135  cost_loss: 1.3820  nu_loss: 11.0796
Step:  1990000  |  score: 69.23 ± 35.03  |  actor_loss: -1.5937  cost_loss: 1.3815  nu_loss: 11.1687
Step:  2000000  |  score: 55.60 ± 42.21  |  actor_loss: -1.6564  cost_loss: 1.3819  nu_loss: 11.1551
Final evaluation (13 iterations)...
Final score: 60.50 ± 32.49
wandb: WARNING Symlinked 1 file into the W&B run directory; call wandb.save again to sync new files.
wandb: uploading data; updating run metadata
wandb: uploading data
wandb: uploading data; uploading output.log; uploading wandb-summary.json; uploading config.yaml; uploading final_returns/demodice_hopper-expert-v2_2026-03-18_08-10-11.npz
wandb: uploading data; uploading output.log; uploading wandb-summary.json; uploading config.yaml
wandb: uploading data
wandb: uploading summary, console lines 214-215
wandb: 
wandb: Run history:
wandb:  actor_loss ▆▆█▄▅▅▄▅▃▅▄▆▄▂▄▇▅▃▄▃▄▂▄▄▄▁▃▄▂▃▃▅▃▄▁▅▅▁▅▃
wandb:   cost_loss ▆▄▆▅▇▅▇▆▃▄▇▇▄▄▇▁▇▇▃█▄▄▅▅█▄▆▇▅▆█▄█▆▇▇▇▇▅▆
wandb:     nu_loss █▇▇▃▃▁▅▅▃▄▅▅▄▅▄▄▆▅▅▅▄▅▃▄▃▃▃▅▅▃▄▄▅▄▄▂▃▄▄▄
wandb: num_updates ▁▁▁▁▁▂▂▂▂▂▃▃▃▄▄▄▄▄▄▅▅▅▅▅▅▅▆▆▆▆▆▆▇▇▇▇████
wandb:      return ▃▂▁▁▂▅▃▂▃▄▄▃▃▆█▆▇▃▆▅▃▄▅▄▇▄▅▅▅▄▇▆▇▅▃▇▆▆█▅
wandb:       score ▁▃▂▄▄▃▄▄▃▄▄▄▄▄▃▃▄▅▃▅▅▅▄▅▄▅▄█▄▃▇▆▄▅▇▄▇▄▆▅
wandb:   score_std ▁▁▄▁▂▃▅▄▄▅▆▅▆▆▅▅▆▆▄▄▅▆▆▅▇▅▅▅▄▆█▅▆▆▄▅▇▇▅▅
wandb: 
wandb: Run summary:
wandb:  actor_loss -1.65644
wandb:   cost_loss 1.38189
wandb:     nu_loss 11.1551
wandb: num_updates 2000000
wandb:      return 1789.35899
wandb:       score 55.60274
wandb:   score_std 42.21031
wandb: 
wandb: 🚀 View run demodice_hopper_M1_s4 at: https://wandb.ai/wsk208/DemoDICE/runs/qu6kb03e
wandb: ⭐️ View project at: https://wandb.ai/wsk208/DemoDICE
wandb: Synced 5 W&B file(s), 0 media file(s), 0 artifact file(s) and 1 other file(s)
wandb: Find logs at: ./wandb/run-20260318_074423-qu6kb03e/logs
